
+++++ results for kaze.MUT229.cpp +++++
+++++ STDOUT +++++
[  0%] Built target opencv_highgui_plugins
[  0%] Building C object 3rdparty/openjpeg/openjp2/CMakeFiles/libopenjp2.dir/thread.c.o
[  0%] Building C object 3rdparty/ippiw/CMakeFiles/ippiw.dir/src/iw_image.c.o
[  0%] Building C object 3rdparty/openjpeg/openjp2/CMakeFiles/libopenjp2.dir/bio.c.o
[  0%] Built target opencv_videoio_plugins
[  1%] Building C object 3rdparty/ippiw/CMakeFiles/ippiw.dir/src/iw_image_color_convert_all.c.o
[  1%] Building C object 3rdparty/ippiw/CMakeFiles/ippiw.dir/src/iw_core.c.o
[  1%] Built target opencv_dnn_plugins
[  1%] Building C object 3rdparty/openjpeg/openjp2/CMakeFiles/libopenjp2.dir/cio.c.o
[  1%] Building C object 3rdparty/ippiw/CMakeFiles/ippiw.dir/src/iw_image_color_convert_rgbs.c.o
[  1%] Building C object 3rdparty/ittnotify/CMakeFiles/ittnotify.dir/src/ittnotify/ittnotify_static.c.o
[  1%] Building C object 3rdparty/ippiw/CMakeFiles/ippiw.dir/src/iw_image_filter_bilateral.c.o
[  1%] Building C object 3rdparty/libwebp/CMakeFiles/libwebp.dir/sharpyuv/sharpyuv.c.o
[  1%] Building C object 3rdparty/libwebp/CMakeFiles/libwebp.dir/sharpyuv/sharpyuv_cpu.c.o
[  1%] Building C object 3rdparty/ippiw/CMakeFiles/ippiw.dir/src/iw_image_filter_box.c.o
[  2%] Building C object 3rdparty/openjpeg/openjp2/CMakeFiles/libopenjp2.dir/dwt.c.o
[  2%] Building C object 3rdparty/ippiw/CMakeFiles/ippiw.dir/src/iw_image_filter_canny.c.o
[  2%] Building C object 3rdparty/ippiw/CMakeFiles/ippiw.dir/src/iw_image_filter_gaussian.c.o
[  2%] Building C object 3rdparty/libwebp/CMakeFiles/libwebp.dir/sharpyuv/sharpyuv_csp.c.o
[  2%] Building C object 3rdparty/ippiw/CMakeFiles/ippiw.dir/src/iw_image_filter_general.c.o
[  2%] Building C object 3rdparty/openjpeg/openjp2/CMakeFiles/libopenjp2.dir/event.c.o
[  2%] Building C object 3rdparty/ippiw/CMakeFiles/ippiw.dir/src/iw_image_filter_laplacian.c.o
[  3%] Building C object 3rdparty/ippiw/CMakeFiles/ippiw.dir/src/iw_image_filter_morphology.c.o
[  4%] Building C object 3rdparty/libwebp/CMakeFiles/libwebp.dir/sharpyuv/sharpyuv_dsp.c.o
[  4%] Building C object 3rdparty/ippiw/CMakeFiles/ippiw.dir/src/iw_image_filter_scharr.c.o
[  4%] Building C object 3rdparty/ippiw/CMakeFiles/ippiw.dir/src/iw_image_filter_sobel.c.o
[  4%] Building C object 3rdparty/openjpeg/openjp2/CMakeFiles/libopenjp2.dir/ht_dec.c.o
[  4%] Building C object 3rdparty/ippiw/CMakeFiles/ippiw.dir/src/iw_image_op_copy.c.o
[  4%] Building C object 3rdparty/ippiw/CMakeFiles/ippiw.dir/src/iw_image_op_copy_channel.c.o
[  4%] Building C object 3rdparty/ippiw/CMakeFiles/ippiw.dir/src/iw_image_op_copy_make_border.c.o
[  4%] Building C object 3rdparty/ittnotify/CMakeFiles/ittnotify.dir/src/ittnotify/jitprofiling.c.o
[  4%] Building C object 3rdparty/libwebp/CMakeFiles/libwebp.dir/sharpyuv/sharpyuv_gamma.c.o
[  4%] Building C object 3rdparty/openjpeg/openjp2/CMakeFiles/libopenjp2.dir/image.c.o
[  4%] Building CXX object 3rdparty/openexr/CMakeFiles/IlmImf.dir/Half/half.cpp.o
[  4%] Building C object 3rdparty/ippiw/CMakeFiles/ippiw.dir/src/iw_image_op_copy_merge.c.o
[  4%] Building CXX object 3rdparty/openexr/CMakeFiles/IlmImf.dir/Iex/IexBaseExc.cpp.o
[  4%] Building C object 3rdparty/ippiw/CMakeFiles/ippiw.dir/src/iw_image_op_copy_split.c.o
[  4%] Linking C static library ../lib/libittnotify.a
[  4%] Building C object 3rdparty/libwebp/CMakeFiles/libwebp.dir/sharpyuv/sharpyuv_neon.c.o
[  4%] Building C object 3rdparty/openjpeg/openjp2/CMakeFiles/libopenjp2.dir/invert.c.o
[  4%] Building C object 3rdparty/openjpeg/openjp2/CMakeFiles/libopenjp2.dir/j2k.c.o
[  5%] Building C object 3rdparty/ippiw/CMakeFiles/ippiw.dir/src/iw_image_op_scale.c.o
[  5%] Built target ittnotify
[  5%] Building C object 3rdparty/libwebp/CMakeFiles/libwebp.dir/sharpyuv/sharpyuv_sse2.c.o
[  5%] Building C object 3rdparty/openjpeg/openjp2/CMakeFiles/libopenjp2.dir/jp2.c.o
[  5%] Building C object 3rdparty/openjpeg/openjp2/CMakeFiles/libopenjp2.dir/mct.c.o
[  5%] Building CXX object 3rdparty/openexr/CMakeFiles/IlmImf.dir/Iex/IexThrowErrnoExc.cpp.o
[  5%] Building C object 3rdparty/libwebp/CMakeFiles/libwebp.dir/src/dec/alpha_dec.c.o
[  5%] Building C object 3rdparty/ippiw/CMakeFiles/ippiw.dir/src/iw_image_op_set.c.o
[  5%] Building C object 3rdparty/ippiw/CMakeFiles/ippiw.dir/src/iw_image_op_set_channel.c.o
[  5%] Building CXX object 3rdparty/openexr/CMakeFiles/IlmImf.dir/IlmImf/ImfAcesFile.cpp.o
[  5%] Building C object 3rdparty/ippiw/CMakeFiles/ippiw.dir/src/iw_image_op_swap_channels.c.o
[  5%] Building C object 3rdparty/libwebp/CMakeFiles/libwebp.dir/src/dec/buffer_dec.c.o
[  5%] Building CXX object 3rdparty/openexr/CMakeFiles/IlmImf.dir/IlmImf/ImfAttribute.cpp.o
[  5%] Building C object 3rdparty/ippiw/CMakeFiles/ippiw.dir/src/iw_image_transform_mirror.c.o
[  5%] Building C object 3rdparty/libwebp/CMakeFiles/libwebp.dir/src/dec/frame_dec.c.o
[  5%] Building CXX object 3rdparty/openexr/CMakeFiles/IlmImf.dir/IlmImf/ImfB44Compressor.cpp.o
[  6%] Building C object 3rdparty/openjpeg/openjp2/CMakeFiles/libopenjp2.dir/mqc.c.o
[  6%] Building C object 3rdparty/ippiw/CMakeFiles/ippiw.dir/src/iw_image_transform_resize.c.o
[  6%] Building C object 3rdparty/openjpeg/openjp2/CMakeFiles/libopenjp2.dir/openjpeg.c.o
[  6%] Building C object 3rdparty/openjpeg/openjp2/CMakeFiles/libopenjp2.dir/opj_clock.c.o
[  6%] Building C object 3rdparty/libwebp/CMakeFiles/libwebp.dir/src/dec/idec_dec.c.o
[  6%] Building C object 3rdparty/ippiw/CMakeFiles/ippiw.dir/src/iw_image_transform_rotate.c.o
[  6%] Building CXX object 3rdparty/openexr/CMakeFiles/IlmImf.dir/IlmImf/ImfBoxAttribute.cpp.o
[  6%] Building C object 3rdparty/openjpeg/openjp2/CMakeFiles/libopenjp2.dir/pi.c.o
[  6%] Building CXX object 3rdparty/openexr/CMakeFiles/IlmImf.dir/IlmImf/ImfCRgbaFile.cpp.o
[  6%] Building C object 3rdparty/ippiw/CMakeFiles/ippiw.dir/src/iw_image_transform_warpaffine.c.o
[  7%] Building CXX object 3rdparty/openexr/CMakeFiles/IlmImf.dir/IlmImf/ImfChannelList.cpp.o
[  8%] Building C object 3rdparty/libwebp/CMakeFiles/libwebp.dir/src/dec/io_dec.c.o
[  9%] Building C object 3rdparty/ippiw/CMakeFiles/ippiw.dir/src/iw_own.c.o
[  9%] Building CXX object 3rdparty/openexr/CMakeFiles/IlmImf.dir/IlmImf/ImfChannelListAttribute.cpp.o
[  9%] Building CXX object 3rdparty/openexr/CMakeFiles/IlmImf.dir/IlmImf/ImfChromaticities.cpp.o
[  9%] Building C object 3rdparty/openjpeg/openjp2/CMakeFiles/libopenjp2.dir/t1.c.o
[  9%] Linking C static library ../lib/libippiw.a
[  9%] Building C object 3rdparty/libwebp/CMakeFiles/libwebp.dir/src/dec/quant_dec.c.o
[  9%] Building C object 3rdparty/libwebp/CMakeFiles/libwebp.dir/src/dec/tree_dec.c.o
[  9%] Built target ippiw
[  9%] Processing OpenCL kernels (core)
[  9%] Building CXX object 3rdparty/openexr/CMakeFiles/IlmImf.dir/IlmImf/ImfChromaticitiesAttribute.cpp.o
[  9%] Building CXX object 3rdparty/openexr/CMakeFiles/IlmImf.dir/IlmImf/ImfCompositeDeepScanLine.cpp.o
[  9%] Building CXX object modules/core/CMakeFiles/opencv_core.dir/src/algorithm.cpp.o
[  9%] Building C object 3rdparty/openjpeg/openjp2/CMakeFiles/libopenjp2.dir/t2.c.o
[  9%] Building C object 3rdparty/libwebp/CMakeFiles/libwebp.dir/src/dec/vp8_dec.c.o
[  9%] Building C object 3rdparty/libwebp/CMakeFiles/libwebp.dir/src/dec/vp8l_dec.c.o
[  9%] Building CXX object 3rdparty/openexr/CMakeFiles/IlmImf.dir/IlmImf/ImfCompressionAttribute.cpp.o
[  9%] Building C object 3rdparty/libwebp/CMakeFiles/libwebp.dir/src/dec/webp_dec.c.o
[  9%] Building CXX object 3rdparty/openexr/CMakeFiles/IlmImf.dir/IlmImf/ImfCompressor.cpp.o
[  9%] Building C object 3rdparty/openjpeg/openjp2/CMakeFiles/libopenjp2.dir/tcd.c.o
[  9%] Building C object 3rdparty/openjpeg/openjp2/CMakeFiles/libopenjp2.dir/tgt.c.o
[  9%] Building C object 3rdparty/libwebp/CMakeFiles/libwebp.dir/src/demux/anim_decode.c.o
[ 10%] Building C object 3rdparty/openjpeg/openjp2/CMakeFiles/libopenjp2.dir/function_list.c.o
[ 10%] Building CXX object 3rdparty/openexr/CMakeFiles/IlmImf.dir/IlmImf/ImfConvert.cpp.o
[ 11%] Building CXX object 3rdparty/openexr/CMakeFiles/IlmImf.dir/IlmImf/ImfDeepCompositing.cpp.o
[ 11%] Building C object 3rdparty/libwebp/CMakeFiles/libwebp.dir/src/demux/demux.c.o
[ 11%] Building C object 3rdparty/openjpeg/openjp2/CMakeFiles/libopenjp2.dir/opj_malloc.c.o
[ 12%] Building C object 3rdparty/libwebp/CMakeFiles/libwebp.dir/src/dsp/alpha_processing.c.o
[ 12%] Building C object 3rdparty/openjpeg/openjp2/CMakeFiles/libopenjp2.dir/sparse_array.c.o
[ 12%] Building C object 3rdparty/libwebp/CMakeFiles/libwebp.dir/src/dsp/alpha_processing_mips_dsp_r2.c.o
[ 12%] Building C object 3rdparty/libwebp/CMakeFiles/libwebp.dir/src/dsp/alpha_processing_neon.c.o
[ 12%] Building C object 3rdparty/libwebp/CMakeFiles/libwebp.dir/src/dsp/alpha_processing_sse2.c.o
[ 12%] Building CXX object 3rdparty/openexr/CMakeFiles/IlmImf.dir/IlmImf/ImfDeepFrameBuffer.cpp.o
[ 12%] Building CXX object 3rdparty/openexr/CMakeFiles/IlmImf.dir/IlmImf/ImfDeepImageStateAttribute.cpp.o
[ 12%] Building C object 3rdparty/libwebp/CMakeFiles/libwebp.dir/src/dsp/cost.c.o
[ 12%] Building C object 3rdparty/libwebp/CMakeFiles/libwebp.dir/src/dsp/alpha_processing_sse41.c.o
[ 12%] Building CXX object modules/core/CMakeFiles/opencv_core.dir/src/alloc.cpp.o
[ 12%] Building C object 3rdparty/libwebp/CMakeFiles/libwebp.dir/src/dsp/cost_mips32.c.o
[ 12%] Building C object 3rdparty/libwebp/CMakeFiles/libwebp.dir/src/dsp/cost_mips_dsp_r2.c.o
[ 13%] Building C object 3rdparty/libwebp/CMakeFiles/libwebp.dir/src/dsp/cost_neon.c.o
[ 13%] Building C object 3rdparty/libwebp/CMakeFiles/libwebp.dir/src/dsp/cost_sse2.c.o
[ 13%] Building C object 3rdparty/libwebp/CMakeFiles/libwebp.dir/src/dsp/cpu.c.o
[ 13%] Building CXX object modules/core/CMakeFiles/opencv_core.dir/src/arithm.cpp.o
[ 13%] Building CXX object 3rdparty/openexr/CMakeFiles/IlmImf.dir/IlmImf/ImfDeepScanLineInputFile.cpp.o
[ 13%] Building C object 3rdparty/libwebp/CMakeFiles/libwebp.dir/src/dsp/dec.c.o
[ 13%] Building C object 3rdparty/libwebp/CMakeFiles/libwebp.dir/src/dsp/dec_clip_tables.c.o
[ 13%] Building C object 3rdparty/libwebp/CMakeFiles/libwebp.dir/src/dsp/dec_mips32.c.o
[ 13%] Building CXX object 3rdparty/openexr/CMakeFiles/IlmImf.dir/IlmImf/ImfDeepScanLineInputPart.cpp.o
[ 13%] Building CXX object modules/core/CMakeFiles/opencv_core.dir/src/arithm.dispatch.cpp.o
[ 13%] Building C object 3rdparty/libwebp/CMakeFiles/libwebp.dir/src/dsp/dec_mips_dsp_r2.c.o
[ 13%] Building C object 3rdparty/libwebp/CMakeFiles/libwebp.dir/src/dsp/dec_msa.c.o
[ 13%] Building CXX object 3rdparty/openexr/CMakeFiles/IlmImf.dir/IlmImf/ImfDeepScanLineOutputFile.cpp.o
[ 15%] Building C object 3rdparty/libwebp/CMakeFiles/libwebp.dir/src/dsp/dec_neon.c.o
[ 15%] Building C object 3rdparty/libwebp/CMakeFiles/libwebp.dir/src/dsp/dec_sse2.c.o
[ 15%] Building CXX object 3rdparty/openexr/CMakeFiles/IlmImf.dir/IlmImf/ImfDeepScanLineOutputPart.cpp.o
[ 15%] Building CXX object modules/core/CMakeFiles/opencv_core.dir/src/array.cpp.o
[ 15%] Building C object 3rdparty/libwebp/CMakeFiles/libwebp.dir/src/dsp/dec_sse41.c.o
[ 15%] Building C object 3rdparty/libwebp/CMakeFiles/libwebp.dir/src/dsp/enc.c.o
[ 15%] Building CXX object 3rdparty/openexr/CMakeFiles/IlmImf.dir/IlmImf/ImfDeepTiledInputFile.cpp.o
[ 15%] Building C object 3rdparty/libwebp/CMakeFiles/libwebp.dir/src/dsp/enc_mips32.c.o
[ 15%] Building C object 3rdparty/libwebp/CMakeFiles/libwebp.dir/src/dsp/enc_mips_dsp_r2.c.o
[ 15%] Building C object 3rdparty/libwebp/CMakeFiles/libwebp.dir/src/dsp/enc_msa.c.o
[ 15%] Building C object 3rdparty/libwebp/CMakeFiles/libwebp.dir/src/dsp/enc_neon.c.o
[ 16%] Building CXX object 3rdparty/openexr/CMakeFiles/IlmImf.dir/IlmImf/ImfDeepTiledInputPart.cpp.o
[ 17%] Building C object 3rdparty/libwebp/CMakeFiles/libwebp.dir/src/dsp/enc_sse2.c.o
[ 17%] Building C object 3rdparty/libwebp/CMakeFiles/libwebp.dir/src/dsp/enc_sse41.c.o
[ 17%] Building C object 3rdparty/libwebp/CMakeFiles/libwebp.dir/src/dsp/filters.c.o
[ 18%] Building CXX object modules/core/CMakeFiles/opencv_core.dir/src/async.cpp.o
[ 18%] Building C object 3rdparty/libwebp/CMakeFiles/libwebp.dir/src/dsp/filters_mips_dsp_r2.c.o
[ 18%] Building CXX object modules/core/CMakeFiles/opencv_core.dir/src/batch_distance.cpp.o
[ 18%] Building CXX object 3rdparty/openexr/CMakeFiles/IlmImf.dir/IlmImf/ImfDeepTiledOutputFile.cpp.o
[ 18%] Building CXX object 3rdparty/openexr/CMakeFiles/IlmImf.dir/IlmImf/ImfDeepTiledOutputPart.cpp.o
[ 18%] Building C object 3rdparty/libwebp/CMakeFiles/libwebp.dir/src/dsp/filters_msa.c.o
[ 18%] Building C object 3rdparty/libwebp/CMakeFiles/libwebp.dir/src/dsp/filters_neon.c.o
[ 18%] Building C object 3rdparty/libwebp/CMakeFiles/libwebp.dir/src/dsp/filters_sse2.c.o
[ 18%] Building C object 3rdparty/libwebp/CMakeFiles/libwebp.dir/src/dsp/lossless.c.o
[ 18%] Linking C static library ../../lib/liblibopenjp2.a
[ 18%] Building CXX object 3rdparty/openexr/CMakeFiles/IlmImf.dir/IlmImf/ImfDoubleAttribute.cpp.o
[ 18%] Building CXX object modules/core/CMakeFiles/opencv_core.dir/src/bindings_utils.cpp.o
[ 18%] Built target libopenjp2
[ 18%] Building CXX object modules/core/CMakeFiles/opencv_core.dir/src/buffer_area.cpp.o
[ 18%] Building CXX object 3rdparty/openexr/CMakeFiles/IlmImf.dir/IlmImf/ImfDwaCompressor.cpp.o
[ 19%] Building C object 3rdparty/libwebp/CMakeFiles/libwebp.dir/src/dsp/lossless_enc.c.o
[ 19%] Building CXX object modules/core/CMakeFiles/opencv_core.dir/src/channels.cpp.o
[ 19%] Building C object 3rdparty/libwebp/CMakeFiles/libwebp.dir/src/dsp/lossless_enc_mips32.c.o
[ 19%] Building C object 3rdparty/libwebp/CMakeFiles/libwebp.dir/src/dsp/lossless_enc_mips_dsp_r2.c.o
[ 19%] Building CXX object modules/core/CMakeFiles/opencv_core.dir/src/check.cpp.o
[ 19%] Building CXX object 3rdparty/openexr/CMakeFiles/IlmImf.dir/IlmImf/ImfEnvmap.cpp.o
[ 19%] Building C object 3rdparty/libwebp/CMakeFiles/libwebp.dir/src/dsp/lossless_enc_msa.c.o
[ 19%] Building C object 3rdparty/libwebp/CMakeFiles/libwebp.dir/src/dsp/lossless_enc_neon.c.o
[ 19%] Building C object 3rdparty/libwebp/CMakeFiles/libwebp.dir/src/dsp/lossless_enc_sse2.c.o
[ 19%] Building C object 3rdparty/libwebp/CMakeFiles/libwebp.dir/src/dsp/lossless_enc_sse41.c.o
[ 19%] Building C object 3rdparty/libwebp/CMakeFiles/libwebp.dir/src/dsp/lossless_mips_dsp_r2.c.o
[ 20%] Building C object 3rdparty/libwebp/CMakeFiles/libwebp.dir/src/dsp/lossless_msa.c.o
[ 20%] Building CXX object 3rdparty/openexr/CMakeFiles/IlmImf.dir/IlmImf/ImfEnvmapAttribute.cpp.o
[ 20%] Building CXX object 3rdparty/openexr/CMakeFiles/IlmImf.dir/IlmImf/ImfFastHuf.cpp.o
[ 20%] Building CXX object modules/core/CMakeFiles/opencv_core.dir/src/command_line_parser.cpp.o
[ 20%] Building C object 3rdparty/libwebp/CMakeFiles/libwebp.dir/src/dsp/lossless_neon.c.o
[ 20%] Building C object 3rdparty/libwebp/CMakeFiles/libwebp.dir/src/dsp/lossless_sse2.c.o
[ 20%] Building CXX object modules/core/CMakeFiles/opencv_core.dir/src/conjugate_gradient.cpp.o
[ 21%] Building CXX object 3rdparty/openexr/CMakeFiles/IlmImf.dir/IlmImf/ImfFloatAttribute.cpp.o
[ 21%] Building C object 3rdparty/libwebp/CMakeFiles/libwebp.dir/src/dsp/lossless_sse41.c.o
[ 21%] Building C object 3rdparty/libwebp/CMakeFiles/libwebp.dir/src/dsp/rescaler.c.o
[ 21%] Building C object 3rdparty/libwebp/CMakeFiles/libwebp.dir/src/dsp/rescaler_mips32.c.o
[ 22%] Building CXX object modules/core/CMakeFiles/opencv_core.dir/src/convert.dispatch.cpp.o
[ 22%] Building C object 3rdparty/libwebp/CMakeFiles/libwebp.dir/src/dsp/rescaler_mips_dsp_r2.c.o
[ 22%] Building C object 3rdparty/libwebp/CMakeFiles/libwebp.dir/src/dsp/rescaler_msa.c.o
[ 22%] Building CXX object 3rdparty/openexr/CMakeFiles/IlmImf.dir/IlmImf/ImfFloatVectorAttribute.cpp.o
[ 23%] Building C object 3rdparty/libwebp/CMakeFiles/libwebp.dir/src/dsp/rescaler_neon.c.o
[ 23%] Building CXX object modules/core/CMakeFiles/opencv_core.dir/src/convert_c.cpp.o
[ 23%] Building C object 3rdparty/libwebp/CMakeFiles/libwebp.dir/src/dsp/rescaler_sse2.c.o
[ 23%] Building CXX object 3rdparty/openexr/CMakeFiles/IlmImf.dir/IlmImf/ImfFrameBuffer.cpp.o
[ 23%] Building CXX object modules/core/CMakeFiles/opencv_core.dir/src/convert_scale.dispatch.cpp.o
[ 23%] Building C object 3rdparty/libwebp/CMakeFiles/libwebp.dir/src/dsp/ssim.c.o
[ 23%] Building C object 3rdparty/libwebp/CMakeFiles/libwebp.dir/src/dsp/ssim_sse2.c.o
[ 23%] Building C object 3rdparty/libwebp/CMakeFiles/libwebp.dir/src/dsp/upsampling.c.o
[ 23%] Building CXX object modules/core/CMakeFiles/opencv_core.dir/src/copy.cpp.o
[ 23%] Building CXX object modules/core/CMakeFiles/opencv_core.dir/src/count_non_zero.dispatch.cpp.o
[ 23%] Building C object 3rdparty/libwebp/CMakeFiles/libwebp.dir/src/dsp/upsampling_mips_dsp_r2.c.o
[ 23%] Building C object 3rdparty/libwebp/CMakeFiles/libwebp.dir/src/dsp/upsampling_msa.c.o
[ 23%] Building CXX object modules/core/CMakeFiles/opencv_core.dir/src/cuda_gpu_mat.cpp.o
[ 23%] Building C object 3rdparty/libwebp/CMakeFiles/libwebp.dir/src/dsp/upsampling_neon.c.o
[ 23%] Building CXX object 3rdparty/openexr/CMakeFiles/IlmImf.dir/IlmImf/ImfFramesPerSecond.cpp.o
[ 24%] Building C object 3rdparty/libwebp/CMakeFiles/libwebp.dir/src/dsp/upsampling_sse2.c.o
[ 24%] Building CXX object 3rdparty/openexr/CMakeFiles/IlmImf.dir/IlmImf/ImfGenericInputFile.cpp.o
[ 24%] Building CXX object modules/core/CMakeFiles/opencv_core.dir/src/cuda_gpu_mat_nd.cpp.o
[ 24%] Building C object 3rdparty/libwebp/CMakeFiles/libwebp.dir/src/dsp/upsampling_sse41.c.o
[ 24%] Building CXX object 3rdparty/openexr/CMakeFiles/IlmImf.dir/IlmImf/ImfGenericOutputFile.cpp.o
[ 24%] Building C object 3rdparty/libwebp/CMakeFiles/libwebp.dir/src/dsp/yuv.c.o
[ 24%] Building CXX object modules/core/CMakeFiles/opencv_core.dir/src/cuda_host_mem.cpp.o
[ 24%] Building CXX object 3rdparty/openexr/CMakeFiles/IlmImf.dir/IlmImf/ImfHeader.cpp.o
[ 25%] Building CXX object modules/core/CMakeFiles/opencv_core.dir/src/cuda_info.cpp.o
[ 25%] Building C object 3rdparty/libwebp/CMakeFiles/libwebp.dir/src/dsp/yuv_mips32.c.o
[ 25%] Building C object 3rdparty/libwebp/CMakeFiles/libwebp.dir/src/dsp/yuv_mips_dsp_r2.c.o
[ 25%] Building CXX object modules/core/CMakeFiles/opencv_core.dir/src/cuda_stream.cpp.o
[ 25%] Building C object 3rdparty/libwebp/CMakeFiles/libwebp.dir/src/dsp/yuv_neon.c.o
[ 25%] Building CXX object modules/core/CMakeFiles/opencv_core.dir/src/datastructs.cpp.o
[ 25%] Building C object 3rdparty/libwebp/CMakeFiles/libwebp.dir/src/dsp/yuv_sse2.c.o
[ 25%] Building CXX object modules/core/CMakeFiles/opencv_core.dir/src/directx.cpp.o
[ 25%] Building CXX object modules/core/CMakeFiles/opencv_core.dir/src/downhill_simplex.cpp.o
[ 25%] Building C object 3rdparty/libwebp/CMakeFiles/libwebp.dir/src/dsp/yuv_sse41.c.o
[ 25%] Building CXX object 3rdparty/openexr/CMakeFiles/IlmImf.dir/IlmImf/ImfHuf.cpp.o
[ 25%] Building C object 3rdparty/libwebp/CMakeFiles/libwebp.dir/src/enc/alpha_enc.c.o
[ 25%] Building CXX object modules/core/CMakeFiles/opencv_core.dir/src/dxt.cpp.o
[ 26%] Building C object 3rdparty/libwebp/CMakeFiles/libwebp.dir/src/enc/analysis_enc.c.o
[ 26%] Building C object 3rdparty/libwebp/CMakeFiles/libwebp.dir/src/enc/backward_references_cost_enc.c.o
[ 27%] Building CXX object 3rdparty/openexr/CMakeFiles/IlmImf.dir/IlmImf/ImfIO.cpp.o
[ 27%] Building C object 3rdparty/libwebp/CMakeFiles/libwebp.dir/src/enc/backward_references_enc.c.o
[ 27%] Building CXX object 3rdparty/openexr/CMakeFiles/IlmImf.dir/IlmImf/ImfInputFile.cpp.o
[ 27%] Building CXX object 3rdparty/openexr/CMakeFiles/IlmImf.dir/IlmImf/ImfInputPart.cpp.o
[ 27%] Building CXX object modules/core/CMakeFiles/opencv_core.dir/src/gl_core_3_1.cpp.o
[ 27%] Building CXX object modules/core/CMakeFiles/opencv_core.dir/src/glob.cpp.o
[ 27%] Building C object 3rdparty/libwebp/CMakeFiles/libwebp.dir/src/enc/config_enc.c.o
[ 29%] Building CXX object modules/core/CMakeFiles/opencv_core.dir/src/hal_internal.cpp.o
[ 29%] Building C object 3rdparty/libwebp/CMakeFiles/libwebp.dir/src/enc/cost_enc.c.o
[ 29%] Building CXX object 3rdparty/openexr/CMakeFiles/IlmImf.dir/IlmImf/ImfInputPartData.cpp.o
[ 29%] Building CXX object modules/core/CMakeFiles/opencv_core.dir/src/has_non_zero.dispatch.cpp.o
[ 29%] Building C object 3rdparty/libwebp/CMakeFiles/libwebp.dir/src/enc/filter_enc.c.o
[ 29%] Building C object 3rdparty/libwebp/CMakeFiles/libwebp.dir/src/enc/frame_enc.c.o
[ 29%] Building CXX object modules/core/CMakeFiles/opencv_core.dir/src/kmeans.cpp.o
[ 29%] Building CXX object 3rdparty/openexr/CMakeFiles/IlmImf.dir/IlmImf/ImfIntAttribute.cpp.o
[ 29%] Building CXX object 3rdparty/openexr/CMakeFiles/IlmImf.dir/IlmImf/ImfKeyCode.cpp.o
[ 29%] Building C object 3rdparty/libwebp/CMakeFiles/libwebp.dir/src/enc/histogram_enc.c.o
[ 30%] Building C object 3rdparty/libwebp/CMakeFiles/libwebp.dir/src/enc/iterator_enc.c.o
[ 30%] Building CXX object modules/core/CMakeFiles/opencv_core.dir/src/lapack.cpp.o
[ 30%] Building CXX object 3rdparty/openexr/CMakeFiles/IlmImf.dir/IlmImf/ImfKeyCodeAttribute.cpp.o
[ 30%] Building CXX object modules/core/CMakeFiles/opencv_core.dir/src/lda.cpp.o
[ 30%] Building C object 3rdparty/libwebp/CMakeFiles/libwebp.dir/src/enc/near_lossless_enc.c.o
[ 30%] Building C object 3rdparty/libwebp/CMakeFiles/libwebp.dir/src/enc/picture_csp_enc.c.o
[ 30%] Building CXX object 3rdparty/openexr/CMakeFiles/IlmImf.dir/IlmImf/ImfLineOrderAttribute.cpp.o
[ 30%] Building CXX object modules/core/CMakeFiles/opencv_core.dir/src/logger.cpp.o
[ 30%] Building CXX object modules/core/CMakeFiles/opencv_core.dir/src/lpsolver.cpp.o
[ 31%] Building CXX object 3rdparty/openexr/CMakeFiles/IlmImf.dir/IlmImf/ImfLut.cpp.o
[ 31%] Building C object 3rdparty/libwebp/CMakeFiles/libwebp.dir/src/enc/picture_enc.c.o
[ 31%] Building C object 3rdparty/libwebp/CMakeFiles/libwebp.dir/src/enc/picture_psnr_enc.c.o
[ 31%] Building CXX object 3rdparty/openexr/CMakeFiles/IlmImf.dir/IlmImf/ImfMatrixAttribute.cpp.o
[ 31%] Building CXX object 3rdparty/openexr/CMakeFiles/IlmImf.dir/IlmImf/ImfMisc.cpp.o
[ 31%] Building CXX object modules/core/CMakeFiles/opencv_core.dir/src/lut.cpp.o
[ 31%] Building C object 3rdparty/libwebp/CMakeFiles/libwebp.dir/src/enc/picture_rescale_enc.c.o
[ 31%] Building C object 3rdparty/libwebp/CMakeFiles/libwebp.dir/src/enc/picture_tools_enc.c.o
[ 31%] Building CXX object 3rdparty/openexr/CMakeFiles/IlmImf.dir/IlmImf/ImfMultiPartInputFile.cpp.o
[ 31%] Building CXX object 3rdparty/openexr/CMakeFiles/IlmImf.dir/IlmImf/ImfMultiPartOutputFile.cpp.o
[ 31%] Building C object 3rdparty/libwebp/CMakeFiles/libwebp.dir/src/enc/predictor_enc.c.o
[ 32%] Building C object 3rdparty/libwebp/CMakeFiles/libwebp.dir/src/enc/quant_enc.c.o
[ 32%] Building CXX object 3rdparty/openexr/CMakeFiles/IlmImf.dir/IlmImf/ImfMultiView.cpp.o
[ 33%] Building CXX object modules/core/CMakeFiles/opencv_core.dir/src/mathfuncs.cpp.o
[ 33%] Building CXX object modules/core/CMakeFiles/opencv_core.dir/src/mathfuncs_core.dispatch.cpp.o
[ 33%] Building CXX object 3rdparty/openexr/CMakeFiles/IlmImf.dir/IlmImf/ImfOpaqueAttribute.cpp.o
[ 33%] Building CXX object modules/core/CMakeFiles/opencv_core.dir/src/matmul.dispatch.cpp.o
[ 33%] Building CXX object modules/core/CMakeFiles/opencv_core.dir/src/matrix.cpp.o
[ 33%] Building CXX object 3rdparty/openexr/CMakeFiles/IlmImf.dir/IlmImf/ImfOutputFile.cpp.o
[ 34%] Building CXX object 3rdparty/openexr/CMakeFiles/IlmImf.dir/IlmImf/ImfOutputPart.cpp.o
[ 34%] Building C object 3rdparty/libwebp/CMakeFiles/libwebp.dir/src/enc/syntax_enc.c.o
[ 34%] Building CXX object modules/core/CMakeFiles/opencv_core.dir/src/matrix_c.cpp.o
[ 34%] Building C object 3rdparty/libwebp/CMakeFiles/libwebp.dir/src/enc/token_enc.c.o
[ 34%] Building C object 3rdparty/libwebp/CMakeFiles/libwebp.dir/src/enc/tree_enc.c.o
[ 34%] Building CXX object 3rdparty/openexr/CMakeFiles/IlmImf.dir/IlmImf/ImfOutputPartData.cpp.o
[ 34%] Building C object 3rdparty/libwebp/CMakeFiles/libwebp.dir/src/enc/vp8l_enc.c.o
[ 34%] Building CXX object modules/core/CMakeFiles/opencv_core.dir/src/matrix_decomp.cpp.o
[ 34%] Building C object 3rdparty/libwebp/CMakeFiles/libwebp.dir/src/enc/webp_enc.c.o
[ 34%] Building CXX object 3rdparty/openexr/CMakeFiles/IlmImf.dir/IlmImf/ImfPartType.cpp.o
[ 34%] Building C object 3rdparty/libwebp/CMakeFiles/libwebp.dir/src/mux/anim_encode.c.o
[ 34%] Building C object 3rdparty/libwebp/CMakeFiles/libwebp.dir/src/mux/muxedit.c.o
[ 34%] Building CXX object 3rdparty/openexr/CMakeFiles/IlmImf.dir/IlmImf/ImfPizCompressor.cpp.o
[ 34%] Building CXX object 3rdparty/openexr/CMakeFiles/IlmImf.dir/IlmImf/ImfPreviewImage.cpp.o
[ 35%] Building C object 3rdparty/libwebp/CMakeFiles/libwebp.dir/src/mux/muxinternal.c.o
[ 35%] Building CXX object modules/core/CMakeFiles/opencv_core.dir/src/matrix_expressions.cpp.o
[ 35%] Building CXX object modules/core/CMakeFiles/opencv_core.dir/src/matrix_iterator.cpp.o
[ 35%] Building CXX object 3rdparty/openexr/CMakeFiles/IlmImf.dir/IlmImf/ImfPreviewImageAttribute.cpp.o
[ 35%] Building C object 3rdparty/libwebp/CMakeFiles/libwebp.dir/src/mux/muxread.c.o
[ 36%] Building CXX object modules/core/CMakeFiles/opencv_core.dir/src/matrix_operations.cpp.o
[ 36%] Building CXX object 3rdparty/openexr/CMakeFiles/IlmImf.dir/IlmImf/ImfPxr24Compressor.cpp.o
[ 36%] Building C object 3rdparty/libwebp/CMakeFiles/libwebp.dir/src/utils/bit_reader_utils.c.o
[ 36%] Building C object 3rdparty/libwebp/CMakeFiles/libwebp.dir/src/utils/bit_writer_utils.c.o
[ 36%] Building CXX object 3rdparty/openexr/CMakeFiles/IlmImf.dir/IlmImf/ImfRational.cpp.o
[ 37%] Building CXX object 3rdparty/openexr/CMakeFiles/IlmImf.dir/IlmImf/ImfRationalAttribute.cpp.o
[ 37%] Building C object 3rdparty/libwebp/CMakeFiles/libwebp.dir/src/utils/color_cache_utils.c.o
[ 37%] Building C object 3rdparty/libwebp/CMakeFiles/libwebp.dir/src/utils/filters_utils.c.o
[ 37%] Building C object 3rdparty/libwebp/CMakeFiles/libwebp.dir/src/utils/huffman_encode_utils.c.o
[ 37%] Building C object 3rdparty/libwebp/CMakeFiles/libwebp.dir/src/utils/huffman_utils.c.o
[ 37%] Building CXX object 3rdparty/openexr/CMakeFiles/IlmImf.dir/IlmImf/ImfRgbaFile.cpp.o
[ 37%] Building CXX object 3rdparty/openexr/CMakeFiles/IlmImf.dir/IlmImf/ImfRgbaYca.cpp.o
[ 37%] Building CXX object 3rdparty/openexr/CMakeFiles/IlmImf.dir/IlmImf/ImfRle.cpp.o
[ 38%] Building C object 3rdparty/libwebp/CMakeFiles/libwebp.dir/src/utils/palette.c.o
[ 38%] Building C object 3rdparty/libwebp/CMakeFiles/libwebp.dir/src/utils/quant_levels_dec_utils.c.o
[ 38%] Building CXX object 3rdparty/openexr/CMakeFiles/IlmImf.dir/IlmImf/ImfRleCompressor.cpp.o
[ 38%] Building C object 3rdparty/libwebp/CMakeFiles/libwebp.dir/src/utils/quant_levels_utils.c.o
[ 38%] Building CXX object modules/core/CMakeFiles/opencv_core.dir/src/matrix_sparse.cpp.o
[ 38%] Building C object 3rdparty/libwebp/CMakeFiles/libwebp.dir/src/utils/random_utils.c.o
[ 38%] Building CXX object modules/core/CMakeFiles/opencv_core.dir/src/matrix_transform.cpp.o
[ 38%] Building C object 3rdparty/libwebp/CMakeFiles/libwebp.dir/src/utils/rescaler_utils.c.o
[ 38%] Building CXX object 3rdparty/openexr/CMakeFiles/IlmImf.dir/IlmImf/ImfScanLineInputFile.cpp.o
[ 38%] Building C object 3rdparty/libwebp/CMakeFiles/libwebp.dir/src/utils/thread_utils.c.o
[ 38%] Building CXX object modules/core/CMakeFiles/opencv_core.dir/src/matrix_wrap.cpp.o
[ 38%] Building C object 3rdparty/libwebp/CMakeFiles/libwebp.dir/src/utils/utils.c.o
[ 38%] Linking C static library ../lib/liblibwebp.a
[ 38%] Building CXX object 3rdparty/openexr/CMakeFiles/IlmImf.dir/IlmImf/ImfStandardAttributes.cpp.o
[ 38%] Built target libwebp
[ 38%] Building CXX object 3rdparty/openexr/CMakeFiles/IlmImf.dir/IlmImf/ImfStdIO.cpp.o
[ 39%] Building CXX object 3rdparty/openexr/CMakeFiles/IlmImf.dir/IlmImf/ImfStringAttribute.cpp.o
[ 39%] Building CXX object 3rdparty/openexr/CMakeFiles/IlmImf.dir/IlmImf/ImfStringVectorAttribute.cpp.o
[ 39%] Building CXX object 3rdparty/openexr/CMakeFiles/IlmImf.dir/IlmImf/ImfSystemSpecific.cpp.o
[ 39%] Building CXX object 3rdparty/openexr/CMakeFiles/IlmImf.dir/IlmImf/ImfTestFile.cpp.o
[ 39%] Building CXX object 3rdparty/openexr/CMakeFiles/IlmImf.dir/IlmImf/ImfThreading.cpp.o
[ 39%] Building CXX object 3rdparty/openexr/CMakeFiles/IlmImf.dir/IlmImf/ImfTileDescriptionAttribute.cpp.o
[ 39%] Building CXX object 3rdparty/openexr/CMakeFiles/IlmImf.dir/IlmImf/ImfTileOffsets.cpp.o
[ 39%] Building CXX object modules/core/CMakeFiles/opencv_core.dir/src/mean.dispatch.cpp.o
[ 39%] Building CXX object 3rdparty/openexr/CMakeFiles/IlmImf.dir/IlmImf/ImfTiledInputFile.cpp.o
[ 40%] Building CXX object 3rdparty/openexr/CMakeFiles/IlmImf.dir/IlmImf/ImfTiledInputPart.cpp.o
[ 40%] Building CXX object 3rdparty/openexr/CMakeFiles/IlmImf.dir/IlmImf/ImfTiledMisc.cpp.o
[ 40%] Building CXX object 3rdparty/openexr/CMakeFiles/IlmImf.dir/IlmImf/ImfTiledOutputFile.cpp.o
[ 40%] Building CXX object modules/core/CMakeFiles/opencv_core.dir/src/merge.dispatch.cpp.o
[ 40%] Building CXX object 3rdparty/openexr/CMakeFiles/IlmImf.dir/IlmImf/ImfTiledOutputPart.cpp.o
[ 40%] Building CXX object modules/core/CMakeFiles/opencv_core.dir/src/minmax.cpp.o
[ 40%] Building CXX object 3rdparty/openexr/CMakeFiles/IlmImf.dir/IlmImf/ImfTiledRgbaFile.cpp.o
[ 40%] Building CXX object modules/core/CMakeFiles/opencv_core.dir/src/norm.cpp.o
[ 41%] Building CXX object modules/core/CMakeFiles/opencv_core.dir/src/ocl.cpp.o
[ 41%] Building CXX object 3rdparty/openexr/CMakeFiles/IlmImf.dir/IlmImf/ImfTimeCode.cpp.o
[ 41%] Building CXX object modules/core/CMakeFiles/opencv_core.dir/src/opencl/runtime/opencl_clblas.cpp.o
[ 41%] Building CXX object modules/core/CMakeFiles/opencv_core.dir/src/opencl/runtime/opencl_clfft.cpp.o
[ 41%] Building CXX object 3rdparty/openexr/CMakeFiles/IlmImf.dir/IlmImf/ImfTimeCodeAttribute.cpp.o
[ 41%] Building CXX object 3rdparty/openexr/CMakeFiles/IlmImf.dir/IlmImf/ImfVecAttribute.cpp.o
[ 41%] Building CXX object modules/core/CMakeFiles/opencv_core.dir/src/opencl/runtime/opencl_core.cpp.o
[ 41%] Building CXX object modules/core/CMakeFiles/opencv_core.dir/src/opengl.cpp.o
[ 43%] Building CXX object 3rdparty/openexr/CMakeFiles/IlmImf.dir/IlmImf/ImfVersion.cpp.o
[ 43%] Building CXX object 3rdparty/openexr/CMakeFiles/IlmImf.dir/IlmImf/ImfWav.cpp.o
[ 43%] Building CXX object modules/core/CMakeFiles/opencv_core.dir/src/out.cpp.o
[ 43%] Building CXX object 3rdparty/openexr/CMakeFiles/IlmImf.dir/IlmImf/ImfZip.cpp.o
[ 43%] Building CXX object 3rdparty/openexr/CMakeFiles/IlmImf.dir/IlmImf/ImfZipCompressor.cpp.o
[ 43%] Building CXX object modules/core/CMakeFiles/opencv_core.dir/src/ovx.cpp.o
[ 43%] Building CXX object 3rdparty/openexr/CMakeFiles/IlmImf.dir/IlmImf/dwaLookups.cpp.o
[ 43%] Building CXX object 3rdparty/openexr/CMakeFiles/IlmImf.dir/IlmThread/IlmThread.cpp.o
[ 43%] Building CXX object modules/core/CMakeFiles/opencv_core.dir/src/parallel.cpp.o
[ 43%] Building CXX object modules/core/CMakeFiles/opencv_core.dir/src/parallel/parallel.cpp.o
[ 43%] Building CXX object 3rdparty/openexr/CMakeFiles/IlmImf.dir/IlmThread/IlmThreadMutex.cpp.o
[ 43%] Building CXX object 3rdparty/openexr/CMakeFiles/IlmImf.dir/IlmThread/IlmThreadMutexPosix.cpp.o
[ 44%] Building CXX object 3rdparty/openexr/CMakeFiles/IlmImf.dir/IlmThread/IlmThreadPool.cpp.o
[ 44%] Building CXX object 3rdparty/openexr/CMakeFiles/IlmImf.dir/IlmThread/IlmThreadPosix.cpp.o
[ 44%] Building CXX object 3rdparty/openexr/CMakeFiles/IlmImf.dir/IlmThread/IlmThreadSemaphore.cpp.o
[ 44%] Building CXX object 3rdparty/openexr/CMakeFiles/IlmImf.dir/IlmThread/IlmThreadSemaphorePosix.cpp.o
[ 45%] Building CXX object modules/core/CMakeFiles/opencv_core.dir/src/parallel/parallel_openmp.cpp.o
[ 45%] Building CXX object 3rdparty/openexr/CMakeFiles/IlmImf.dir/IlmThread/IlmThreadSemaphorePosixCompat.cpp.o
[ 45%] Building CXX object modules/core/CMakeFiles/opencv_core.dir/src/parallel/parallel_tbb.cpp.o
[ 45%] Building CXX object 3rdparty/openexr/CMakeFiles/IlmImf.dir/Imath/ImathBox.cpp.o
[ 45%] Building CXX object modules/core/CMakeFiles/opencv_core.dir/src/parallel_impl.cpp.o
[ 45%] Building CXX object 3rdparty/openexr/CMakeFiles/IlmImf.dir/Imath/ImathColorAlgo.cpp.o
[ 45%] Building CXX object 3rdparty/openexr/CMakeFiles/IlmImf.dir/Imath/ImathFun.cpp.o
[ 45%] Building CXX object 3rdparty/openexr/CMakeFiles/IlmImf.dir/Imath/ImathMatrixAlgo.cpp.o
[ 46%] Building CXX object 3rdparty/openexr/CMakeFiles/IlmImf.dir/Imath/ImathRandom.cpp.o
[ 46%] Building CXX object 3rdparty/openexr/CMakeFiles/IlmImf.dir/Imath/ImathShear.cpp.o
[ 46%] Building CXX object modules/core/CMakeFiles/opencv_core.dir/src/pca.cpp.o
[ 46%] Building CXX object 3rdparty/openexr/CMakeFiles/IlmImf.dir/Imath/ImathVec.cpp.o
[ 46%] Building CXX object modules/core/CMakeFiles/opencv_core.dir/src/persistence.cpp.o
[ 46%] Building CXX object modules/core/CMakeFiles/opencv_core.dir/src/persistence_base64_encoding.cpp.o
[ 46%] Building CXX object modules/core/CMakeFiles/opencv_core.dir/src/persistence_json.cpp.o
[ 46%] Building CXX object modules/core/CMakeFiles/opencv_core.dir/src/persistence_types.cpp.o
[ 47%] Building CXX object modules/core/CMakeFiles/opencv_core.dir/src/persistence_xml.cpp.o
[ 47%] Linking CXX static library ../lib/libIlmImf.a
[ 47%] Built target IlmImf
[ 47%] Building CXX object modules/core/CMakeFiles/opencv_core.dir/src/persistence_yml.cpp.o
[ 47%] Building CXX object modules/core/CMakeFiles/opencv_core.dir/src/rand.cpp.o
[ 47%] Building CXX object modules/core/CMakeFiles/opencv_core.dir/src/softfloat.cpp.o
[ 47%] Building CXX object modules/core/CMakeFiles/opencv_core.dir/src/split.dispatch.cpp.o
[ 47%] Building CXX object modules/core/CMakeFiles/opencv_core.dir/src/stat.dispatch.cpp.o
[ 47%] Building CXX object modules/core/CMakeFiles/opencv_core.dir/src/stat_c.cpp.o
[ 47%] Building CXX object modules/core/CMakeFiles/opencv_core.dir/src/stl.cpp.o
[ 48%] Building CXX object modules/core/CMakeFiles/opencv_core.dir/src/sum.dispatch.cpp.o
[ 48%] Building CXX object modules/core/CMakeFiles/opencv_core.dir/src/system.cpp.o
[ 48%] Building CXX object modules/core/CMakeFiles/opencv_core.dir/src/tables.cpp.o
[ 48%] Building CXX object modules/core/CMakeFiles/opencv_core.dir/src/trace.cpp.o
[ 48%] Building CXX object modules/core/CMakeFiles/opencv_core.dir/src/types.cpp.o
[ 48%] Building CXX object modules/core/CMakeFiles/opencv_core.dir/src/umatrix.cpp.o
[ 48%] Building CXX object modules/core/CMakeFiles/opencv_core.dir/src/utils/datafile.cpp.o
[ 48%] Building CXX object modules/core/CMakeFiles/opencv_core.dir/src/utils/filesystem.cpp.o
[ 49%] Building CXX object modules/core/CMakeFiles/opencv_core.dir/src/utils/logtagconfigparser.cpp.o
[ 49%] Building CXX object modules/core/CMakeFiles/opencv_core.dir/src/utils/logtagmanager.cpp.o
[ 49%] Building CXX object modules/core/CMakeFiles/opencv_core.dir/src/utils/samples.cpp.o
[ 49%] Building CXX object modules/core/CMakeFiles/opencv_core.dir/src/va_intel.cpp.o
[ 49%] Building CXX object modules/core/CMakeFiles/opencv_core.dir/opencl_kernels_core.cpp.o
[ 49%] Building CXX object modules/core/CMakeFiles/opencv_core.dir/arithm.sse4_1.cpp.o
[ 49%] Building CXX object modules/core/CMakeFiles/opencv_core.dir/matmul.sse4_1.cpp.o
[ 49%] Building CXX object modules/core/CMakeFiles/opencv_core.dir/stat.sse4_2.cpp.o
[ 50%] Building CXX object modules/core/CMakeFiles/opencv_core.dir/mathfuncs_core.avx.cpp.o
[ 50%] Building CXX object modules/core/CMakeFiles/opencv_core.dir/mathfuncs_core.avx2.cpp.o
[ 50%] Building CXX object modules/core/CMakeFiles/opencv_core.dir/stat.avx2.cpp.o
[ 50%] Building CXX object modules/core/CMakeFiles/opencv_core.dir/arithm.avx2.cpp.o
[ 50%] Building CXX object modules/core/CMakeFiles/opencv_core.dir/convert.avx2.cpp.o
[ 50%] Building CXX object modules/core/CMakeFiles/opencv_core.dir/convert_scale.avx2.cpp.o
[ 50%] Building CXX object modules/core/CMakeFiles/opencv_core.dir/count_non_zero.avx2.cpp.o
[ 50%] Building CXX object modules/core/CMakeFiles/opencv_core.dir/has_non_zero.avx2.cpp.o
[ 51%] Building CXX object modules/core/CMakeFiles/opencv_core.dir/matmul.avx2.cpp.o
[ 51%] Building CXX object modules/core/CMakeFiles/opencv_core.dir/mean.avx2.cpp.o
[ 51%] Building CXX object modules/core/CMakeFiles/opencv_core.dir/merge.avx2.cpp.o
[ 51%] Building CXX object modules/core/CMakeFiles/opencv_core.dir/split.avx2.cpp.o
[ 51%] Building CXX object modules/core/CMakeFiles/opencv_core.dir/sum.avx2.cpp.o
[ 51%] Building CXX object modules/core/CMakeFiles/opencv_core.dir/matmul.avx512_skx.cpp.o
[ 51%] Linking CXX shared library ../../lib/libopencv_core.so
[ 51%] Built target opencv_core
[ 51%] Processing OpenCL kernels (imgproc)
[ 51%] Building CXX object apps/version/CMakeFiles/opencv_version.dir/opencv_version.cpp.o
[ 51%] Building CXX object modules/imgproc/CMakeFiles/opencv_imgproc.dir/src/accum.dispatch.cpp.o
[ 51%] Building CXX object modules/imgproc/CMakeFiles/opencv_imgproc.dir/src/accum.cpp.o
[ 51%] Building CXX object modules/imgproc/CMakeFiles/opencv_imgproc.dir/src/approx.cpp.o
[ 51%] Building CXX object modules/imgproc/CMakeFiles/opencv_imgproc.dir/src/bilateral_filter.dispatch.cpp.o
[ 52%] Building CXX object modules/imgproc/CMakeFiles/opencv_imgproc.dir/src/blend.cpp.o
[ 52%] Building CXX object modules/imgproc/CMakeFiles/opencv_imgproc.dir/src/box_filter.dispatch.cpp.o
[ 52%] Building CXX object modules/imgproc/CMakeFiles/opencv_imgproc.dir/src/canny.cpp.o
[ 52%] Building CXX object modules/imgproc/CMakeFiles/opencv_imgproc.dir/src/clahe.cpp.o
[ 52%] Building CXX object modules/imgproc/CMakeFiles/opencv_imgproc.dir/src/color.cpp.o
[ 52%] Linking CXX executable ../../bin/opencv_version
[ 52%] Built target opencv_version
[ 52%] Building CXX object modules/imgproc/CMakeFiles/opencv_imgproc.dir/src/color_hsv.dispatch.cpp.o
[ 52%] Building CXX object modules/imgproc/CMakeFiles/opencv_imgproc.dir/src/color_lab.cpp.o
[ 52%] Building CXX object modules/imgproc/CMakeFiles/opencv_imgproc.dir/src/color_rgb.dispatch.cpp.o
[ 53%] Building CXX object modules/imgproc/CMakeFiles/opencv_imgproc.dir/src/color_yuv.dispatch.cpp.o
[ 53%] Building CXX object modules/imgproc/CMakeFiles/opencv_imgproc.dir/src/colormap.cpp.o
[ 53%] Building CXX object modules/imgproc/CMakeFiles/opencv_imgproc.dir/src/connectedcomponents.cpp.o
[ 53%] Building CXX object modules/imgproc/CMakeFiles/opencv_imgproc.dir/src/contours.cpp.o
[ 53%] Building CXX object modules/imgproc/CMakeFiles/opencv_imgproc.dir/src/contours_approx.cpp.o
[ 53%] Building CXX object modules/imgproc/CMakeFiles/opencv_imgproc.dir/src/contours_common.cpp.o
[ 53%] Building CXX object modules/imgproc/CMakeFiles/opencv_imgproc.dir/src/contours_link.cpp.o
[ 53%] Building CXX object modules/imgproc/CMakeFiles/opencv_imgproc.dir/src/contours_new.cpp.o
[ 54%] Building CXX object modules/imgproc/CMakeFiles/opencv_imgproc.dir/src/convhull.cpp.o
[ 54%] Building CXX object modules/imgproc/CMakeFiles/opencv_imgproc.dir/src/corner.cpp.o
[ 54%] Building CXX object modules/imgproc/CMakeFiles/opencv_imgproc.dir/src/cornersubpix.cpp.o
[ 54%] Building CXX object modules/imgproc/CMakeFiles/opencv_imgproc.dir/src/demosaicing.cpp.o
[ 54%] Building CXX object modules/imgproc/CMakeFiles/opencv_imgproc.dir/src/deriv.cpp.o
[ 54%] Building CXX object modules/imgproc/CMakeFiles/opencv_imgproc.dir/src/distransform.cpp.o
[ 54%] Building CXX object modules/imgproc/CMakeFiles/opencv_imgproc.dir/src/drawing.cpp.o
[ 54%] Building CXX object modules/imgproc/CMakeFiles/opencv_imgproc.dir/src/emd.cpp.o
[ 55%] Building CXX object modules/imgproc/CMakeFiles/opencv_imgproc.dir/src/emd_new.cpp.o
[ 55%] Building CXX object modules/imgproc/CMakeFiles/opencv_imgproc.dir/src/featureselect.cpp.o
[ 55%] Building CXX object modules/imgproc/CMakeFiles/opencv_imgproc.dir/src/filter.dispatch.cpp.o
[ 55%] Building CXX object modules/imgproc/CMakeFiles/opencv_imgproc.dir/src/floodfill.cpp.o
[ 55%] Building CXX object modules/imgproc/CMakeFiles/opencv_imgproc.dir/src/gabor.cpp.o
[ 55%] Building CXX object modules/imgproc/CMakeFiles/opencv_imgproc.dir/src/generalized_hough.cpp.o
[ 55%] Building CXX object modules/imgproc/CMakeFiles/opencv_imgproc.dir/src/geometry.cpp.o
[ 55%] Building CXX object modules/imgproc/CMakeFiles/opencv_imgproc.dir/src/grabcut.cpp.o
[ 56%] Building CXX object modules/imgproc/CMakeFiles/opencv_imgproc.dir/src/hershey_fonts.cpp.o
[ 56%] Building CXX object modules/imgproc/CMakeFiles/opencv_imgproc.dir/src/histogram.cpp.o
[ 56%] Building CXX object modules/imgproc/CMakeFiles/opencv_imgproc.dir/src/hough.cpp.o
[ 56%] Building CXX object modules/imgproc/CMakeFiles/opencv_imgproc.dir/src/imgwarp.cpp.o
[ 56%] Building CXX object modules/imgproc/CMakeFiles/opencv_imgproc.dir/src/intelligent_scissors.cpp.o
[ 56%] Building CXX object modules/imgproc/CMakeFiles/opencv_imgproc.dir/src/intersection.cpp.o
[ 56%] Building CXX object modules/imgproc/CMakeFiles/opencv_imgproc.dir/src/linefit.cpp.o
[ 56%] Building CXX object modules/imgproc/CMakeFiles/opencv_imgproc.dir/src/lsd.cpp.o
[ 58%] Building CXX object modules/imgproc/CMakeFiles/opencv_imgproc.dir/src/main.cpp.o
[ 58%] Building CXX object modules/imgproc/CMakeFiles/opencv_imgproc.dir/src/matchcontours.cpp.o
[ 58%] Building CXX object modules/imgproc/CMakeFiles/opencv_imgproc.dir/src/median_blur.dispatch.cpp.o
[ 58%] Building CXX object modules/imgproc/CMakeFiles/opencv_imgproc.dir/src/min_enclosing_triangle.cpp.o
[ 58%] Building CXX object modules/imgproc/CMakeFiles/opencv_imgproc.dir/src/moments.cpp.o
[ 58%] Building CXX object modules/imgproc/CMakeFiles/opencv_imgproc.dir/src/morph.dispatch.cpp.o
[ 58%] Building CXX object modules/imgproc/CMakeFiles/opencv_imgproc.dir/src/phasecorr.cpp.o
[ 58%] Building CXX object modules/imgproc/CMakeFiles/opencv_imgproc.dir/src/pyramids.cpp.o
[ 59%] Building CXX object modules/imgproc/CMakeFiles/opencv_imgproc.dir/src/resize.cpp.o
[ 59%] Building CXX object modules/imgproc/CMakeFiles/opencv_imgproc.dir/src/rotcalipers.cpp.o
[ 59%] Building CXX object modules/imgproc/CMakeFiles/opencv_imgproc.dir/src/samplers.cpp.o
[ 59%] Building CXX object modules/imgproc/CMakeFiles/opencv_imgproc.dir/src/segmentation.cpp.o
[ 59%] Building CXX object modules/imgproc/CMakeFiles/opencv_imgproc.dir/src/shapedescr.cpp.o
[ 59%] Building CXX object modules/imgproc/CMakeFiles/opencv_imgproc.dir/src/smooth.dispatch.cpp.o
[ 59%] Building CXX object modules/imgproc/CMakeFiles/opencv_imgproc.dir/src/spatialgradient.cpp.o
[ 59%] Building CXX object modules/imgproc/CMakeFiles/opencv_imgproc.dir/src/stackblur.cpp.o
[ 60%] Building CXX object modules/imgproc/CMakeFiles/opencv_imgproc.dir/src/subdivision2d.cpp.o
[ 60%] Building CXX object modules/imgproc/CMakeFiles/opencv_imgproc.dir/src/sumpixels.dispatch.cpp.o
[ 60%] Building CXX object modules/imgproc/CMakeFiles/opencv_imgproc.dir/src/tables.cpp.o
[ 60%] Building CXX object modules/imgproc/CMakeFiles/opencv_imgproc.dir/src/templmatch.cpp.o
[ 60%] Building CXX object modules/imgproc/CMakeFiles/opencv_imgproc.dir/src/thresh.cpp.o
[ 60%] Building CXX object modules/imgproc/CMakeFiles/opencv_imgproc.dir/src/utils.cpp.o
[ 60%] Building CXX object modules/imgproc/CMakeFiles/opencv_imgproc.dir/opencl_kernels_imgproc.cpp.o
[ 60%] Building CXX object modules/imgproc/CMakeFiles/opencv_imgproc.dir/src/imgwarp.sse4_1.cpp.o
[ 61%] Building CXX object modules/imgproc/CMakeFiles/opencv_imgproc.dir/src/resize.sse4_1.cpp.o
[ 61%] Building CXX object modules/imgproc/CMakeFiles/opencv_imgproc.dir/accum.sse4_1.cpp.o
[ 61%] Building CXX object modules/imgproc/CMakeFiles/opencv_imgproc.dir/box_filter.sse4_1.cpp.o
[ 61%] Building CXX object modules/imgproc/CMakeFiles/opencv_imgproc.dir/filter.sse4_1.cpp.o
[ 61%] Building CXX object modules/imgproc/CMakeFiles/opencv_imgproc.dir/color_hsv.sse4_1.cpp.o
[ 61%] Building CXX object modules/imgproc/CMakeFiles/opencv_imgproc.dir/color_rgb.sse4_1.cpp.o
[ 61%] Building CXX object modules/imgproc/CMakeFiles/opencv_imgproc.dir/color_yuv.sse4_1.cpp.o
[ 61%] Building CXX object modules/imgproc/CMakeFiles/opencv_imgproc.dir/median_blur.sse4_1.cpp.o
[ 62%] Building CXX object modules/imgproc/CMakeFiles/opencv_imgproc.dir/morph.sse4_1.cpp.o
[ 62%] Building CXX object modules/imgproc/CMakeFiles/opencv_imgproc.dir/smooth.sse4_1.cpp.o
[ 62%] Building CXX object modules/imgproc/CMakeFiles/opencv_imgproc.dir/src/corner.avx.cpp.o
[ 62%] Building CXX object modules/imgproc/CMakeFiles/opencv_imgproc.dir/accum.avx.cpp.o
[ 62%] Building CXX object modules/imgproc/CMakeFiles/opencv_imgproc.dir/src/imgwarp.avx2.cpp.o
[ 62%] Building CXX object modules/imgproc/CMakeFiles/opencv_imgproc.dir/src/resize.avx2.cpp.o
[ 62%] Building CXX object modules/imgproc/CMakeFiles/opencv_imgproc.dir/accum.avx2.cpp.o
[ 62%] Building CXX object modules/imgproc/CMakeFiles/opencv_imgproc.dir/bilateral_filter.avx2.cpp.o
[ 63%] Building CXX object modules/imgproc/CMakeFiles/opencv_imgproc.dir/box_filter.avx2.cpp.o
[ 63%] Building CXX object modules/imgproc/CMakeFiles/opencv_imgproc.dir/filter.avx2.cpp.o
[ 63%] Building CXX object modules/imgproc/CMakeFiles/opencv_imgproc.dir/color_hsv.avx2.cpp.o
[ 63%] Building CXX object modules/imgproc/CMakeFiles/opencv_imgproc.dir/color_rgb.avx2.cpp.o
[ 63%] Building CXX object modules/imgproc/CMakeFiles/opencv_imgproc.dir/color_yuv.avx2.cpp.o
[ 63%] Building CXX object modules/imgproc/CMakeFiles/opencv_imgproc.dir/median_blur.avx2.cpp.o
[ 63%] Building CXX object modules/imgproc/CMakeFiles/opencv_imgproc.dir/morph.avx2.cpp.o
[ 63%] Building CXX object modules/imgproc/CMakeFiles/opencv_imgproc.dir/smooth.avx2.cpp.o
[ 63%] Building CXX object modules/imgproc/CMakeFiles/opencv_imgproc.dir/sumpixels.avx2.cpp.o
[ 64%] Building CXX object modules/imgproc/CMakeFiles/opencv_imgproc.dir/sumpixels.avx512_skx.cpp.o
[ 64%] Linking CXX shared library ../../lib/libopencv_imgproc.so
[ 64%] Built target opencv_imgproc
[ 64%] Processing OpenCL kernels (features2d)
[ 64%] Building CXX object modules/imgcodecs/CMakeFiles/opencv_imgcodecs.dir/src/loadsave.cpp.o
[ 64%] Building CXX object modules/imgcodecs/CMakeFiles/opencv_imgcodecs.dir/src/grfmt_avif.cpp.o
[ 64%] Building CXX object modules/imgcodecs/CMakeFiles/opencv_imgcodecs.dir/src/utils.cpp.o
[ 64%] Building CXX object modules/imgcodecs/CMakeFiles/opencv_imgcodecs.dir/src/grfmt_base.cpp.o
[ 65%] Building CXX object modules/imgcodecs/CMakeFiles/opencv_imgcodecs.dir/src/grfmt_bmp.cpp.o
[ 66%] Building CXX object modules/features2d/CMakeFiles/opencv_features2d.dir/src/affine_feature.cpp.o
[ 66%] Building CXX object modules/imgcodecs/CMakeFiles/opencv_imgcodecs.dir/src/grfmt_exr.cpp.o
[ 66%] Building CXX object modules/features2d/CMakeFiles/opencv_features2d.dir/src/agast.cpp.o
[ 66%] Building CXX object modules/features2d/CMakeFiles/opencv_features2d.dir/src/agast_score.cpp.o
[ 66%] Building CXX object modules/imgcodecs/CMakeFiles/opencv_imgcodecs.dir/src/grfmt_gdal.cpp.o
[ 66%] Building CXX object modules/imgcodecs/CMakeFiles/opencv_imgcodecs.dir/src/grfmt_gdcm.cpp.o
[ 66%] Building CXX object modules/imgcodecs/CMakeFiles/opencv_imgcodecs.dir/src/grfmt_hdr.cpp.o
[ 66%] Building CXX object modules/imgcodecs/CMakeFiles/opencv_imgcodecs.dir/src/grfmt_jpeg.cpp.o
[ 66%] Building CXX object modules/imgcodecs/CMakeFiles/opencv_imgcodecs.dir/src/grfmt_jpeg2000.cpp.o
[ 66%] Building CXX object modules/imgcodecs/CMakeFiles/opencv_imgcodecs.dir/src/grfmt_jpeg2000_openjpeg.cpp.o
[ 66%] Building CXX object modules/features2d/CMakeFiles/opencv_features2d.dir/src/akaze.cpp.o
[ 66%] Building CXX object modules/imgcodecs/CMakeFiles/opencv_imgcodecs.dir/src/grfmt_pam.cpp.o
[ 67%] Building CXX object modules/imgcodecs/CMakeFiles/opencv_imgcodecs.dir/src/grfmt_pfm.cpp.o
[ 67%] Building CXX object modules/imgcodecs/CMakeFiles/opencv_imgcodecs.dir/src/grfmt_png.cpp.o
[ 67%] Building CXX object modules/imgcodecs/CMakeFiles/opencv_imgcodecs.dir/src/grfmt_pxm.cpp.o
[ 67%] Building CXX object modules/imgcodecs/CMakeFiles/opencv_imgcodecs.dir/src/grfmt_spng.cpp.o
[ 67%] Building CXX object modules/features2d/CMakeFiles/opencv_features2d.dir/src/bagofwords.cpp.o
[ 67%] Building CXX object modules/features2d/CMakeFiles/opencv_features2d.dir/src/blobdetector.cpp.o
[ 67%] Building CXX object modules/imgcodecs/CMakeFiles/opencv_imgcodecs.dir/src/grfmt_sunras.cpp.o
[ 67%] Building CXX object modules/imgcodecs/CMakeFiles/opencv_imgcodecs.dir/src/grfmt_tiff.cpp.o
[ 67%] Building CXX object modules/features2d/CMakeFiles/opencv_features2d.dir/src/brisk.cpp.o
[ 67%] Building CXX object modules/imgcodecs/CMakeFiles/opencv_imgcodecs.dir/src/grfmt_webp.cpp.o
[ 67%] Building CXX object modules/features2d/CMakeFiles/opencv_features2d.dir/src/draw.cpp.o
[ 67%] Building CXX object modules/imgcodecs/CMakeFiles/opencv_imgcodecs.dir/src/bitstrm.cpp.o
[ 68%] Building CXX object modules/imgcodecs/CMakeFiles/opencv_imgcodecs.dir/src/rgbe.cpp.o
[ 68%] Building CXX object modules/imgcodecs/CMakeFiles/opencv_imgcodecs.dir/src/exif.cpp.o
[ 69%] Building CXX object modules/features2d/CMakeFiles/opencv_features2d.dir/src/dynamic.cpp.o
[ 69%] Building CXX object modules/features2d/CMakeFiles/opencv_features2d.dir/src/evaluation.cpp.o
[ 69%] Building CXX object modules/features2d/CMakeFiles/opencv_features2d.dir/src/fast.cpp.o
[ 69%] Building CXX object modules/features2d/CMakeFiles/opencv_features2d.dir/src/fast_score.cpp.o
[ 69%] Building CXX object modules/features2d/CMakeFiles/opencv_features2d.dir/src/feature2d.cpp.o
[ 69%] Building CXX object modules/features2d/CMakeFiles/opencv_features2d.dir/src/gftt.cpp.o
[ 69%] Building CXX object modules/features2d/CMakeFiles/opencv_features2d.dir/src/kaze.cpp.o
[ 69%] Building CXX object modules/features2d/CMakeFiles/opencv_features2d.dir/src/kaze/AKAZEFeatures.cpp.o
[ 70%] Building CXX object modules/features2d/CMakeFiles/opencv_features2d.dir/src/kaze/KAZEFeatures.cpp.o
[ 70%] Building CXX object modules/features2d/CMakeFiles/opencv_features2d.dir/src/kaze/fed.cpp.o
[ 70%] Building CXX object modules/features2d/CMakeFiles/opencv_features2d.dir/src/kaze/nldiffusion_functions.cpp.o
[ 70%] Building CXX object modules/features2d/CMakeFiles/opencv_features2d.dir/src/keypoint.cpp.o
[ 70%] Building CXX object modules/features2d/CMakeFiles/opencv_features2d.dir/src/main.cpp.o
[ 70%] Building CXX object modules/features2d/CMakeFiles/opencv_features2d.dir/src/matchers.cpp.o
[ 70%] Building CXX object modules/features2d/CMakeFiles/opencv_features2d.dir/src/mser.cpp.o
[ 70%] Building CXX object modules/features2d/CMakeFiles/opencv_features2d.dir/src/orb.cpp.o
[ 70%] Linking CXX shared library ../../lib/libopencv_imgcodecs.so
[ 70%] Built target opencv_imgcodecs
[ 70%] Building CXX object modules/videoio/CMakeFiles/opencv_videoio.dir/src/videoio_registry.cpp.o
[ 72%] Building CXX object modules/features2d/CMakeFiles/opencv_features2d.dir/src/sift.dispatch.cpp.o
[ 72%] Building CXX object modules/features2d/CMakeFiles/opencv_features2d.dir/opencl_kernels_features2d.cpp.o
[ 72%] Building CXX object modules/features2d/CMakeFiles/opencv_features2d.dir/sift.sse4_1.cpp.o
[ 72%] Building CXX object modules/features2d/CMakeFiles/opencv_features2d.dir/src/fast.avx2.cpp.o
[ 72%] Building CXX object modules/features2d/CMakeFiles/opencv_features2d.dir/sift.avx2.cpp.o
[ 72%] Building CXX object modules/features2d/CMakeFiles/opencv_features2d.dir/sift.avx512_skx.cpp.o
[ 73%] Building CXX object modules/videoio/CMakeFiles/opencv_videoio.dir/src/videoio_c.cpp.o
[ 73%] Building CXX object modules/videoio/CMakeFiles/opencv_videoio.dir/src/cap.cpp.o
[ 73%] Building CXX object modules/videoio/CMakeFiles/opencv_videoio.dir/src/cap_images.cpp.o
[ 73%] Building CXX object modules/videoio/CMakeFiles/opencv_videoio.dir/src/cap_mjpeg_encoder.cpp.o
[ 73%] Building CXX object modules/videoio/CMakeFiles/opencv_videoio.dir/src/cap_mjpeg_decoder.cpp.o
[ 73%] Building CXX object modules/videoio/CMakeFiles/opencv_videoio.dir/src/backend_plugin.cpp.o
[ 73%] Building CXX object modules/videoio/CMakeFiles/opencv_videoio.dir/src/backend_static.cpp.o
[ 73%] Building CXX object modules/videoio/CMakeFiles/opencv_videoio.dir/src/container_avi.cpp.o
[ 74%] Building CXX object modules/videoio/CMakeFiles/opencv_videoio.dir/src/cap_gstreamer.cpp.o
[ 74%] Building CXX object modules/videoio/CMakeFiles/opencv_videoio.dir/src/cap_v4l.cpp.o
[ 74%] Building CXX object modules/videoio/CMakeFiles/opencv_videoio.dir/src/cap_ffmpeg.cpp.o
[ 74%] Building CXX object modules/videoio/CMakeFiles/opencv_videoio.dir/src/cap_obsensor_capture.cpp.o
[ 74%] Linking CXX shared library ../../lib/libopencv_features2d.so
[ 74%] Building CXX object modules/videoio/CMakeFiles/opencv_videoio.dir/src/cap_obsensor/obsensor_uvc_stream_channel.cpp.o
[ 74%] Building CXX object modules/videoio/CMakeFiles/opencv_videoio.dir/src/cap_obsensor/obsensor_stream_channel_v4l2.cpp.o
[ 74%] Built target opencv_features2d
[ 74%] Linking CXX shared library ../../lib/libopencv_videoio.so
[ 74%] Built target opencv_videoio
[ 75%] Building CXX object modules/highgui/CMakeFiles/opencv_highgui.dir/src/window.cpp.o
[ 75%] Building CXX object modules/highgui/CMakeFiles/opencv_highgui.dir/src/window_gtk.cpp.o
[ 75%] Building CXX object modules/highgui/CMakeFiles/opencv_highgui.dir/src/roiSelector.cpp.o
[ 75%] Building CXX object modules/highgui/CMakeFiles/opencv_highgui.dir/src/backend.cpp.o
[ 75%] Linking CXX shared library ../../lib/libopencv_highgui.so
[ 75%] Built target opencv_highgui
[ 75%] Building CXX object modules/ts/CMakeFiles/opencv_ts.dir/src/cuda_test.cpp.o
[ 75%] Building CXX object modules/ts/CMakeFiles/opencv_ts.dir/src/ocl_perf.cpp.o
[ 75%] Building CXX object modules/ts/CMakeFiles/opencv_ts.dir/src/cuda_perf.cpp.o
[ 75%] Building CXX object modules/ts/CMakeFiles/opencv_ts.dir/src/ocl_test.cpp.o
[ 76%] Building CXX object modules/ts/CMakeFiles/opencv_ts.dir/src/ts_arrtest.cpp.o
[ 76%] Building CXX object modules/ts/CMakeFiles/opencv_ts.dir/src/ts_func.cpp.o
[ 77%] Building CXX object apps/annotation/CMakeFiles/opencv_annotation.dir/opencv_annotation.cpp.o
[ 77%] Building CXX object modules/ts/CMakeFiles/opencv_ts.dir/src/ts.cpp.o
[ 77%] Building CXX object modules/ts/CMakeFiles/opencv_ts.dir/src/ts_gtest.cpp.o
[ 77%] Building CXX object apps/visualisation/CMakeFiles/opencv_visualisation.dir/opencv_visualisation.cpp.o
[ 77%] Linking CXX executable ../../bin/opencv_annotation
[ 77%] Built target opencv_annotation
[ 77%] Building CXX object modules/ts/CMakeFiles/opencv_ts.dir/src/ts_perf.cpp.o
[ 78%] Linking CXX executable ../../bin/opencv_visualisation
[ 78%] Building CXX object modules/ts/CMakeFiles/opencv_ts.dir/src/ts_tags.cpp.o
[ 78%] Built target opencv_visualisation
[ 78%] Linking CXX static library ../../lib/libopencv_ts.a
[ 78%] Built target opencv_ts
[ 78%] Building CXX object modules/core/CMakeFiles/opencv_test_core.dir/test/ocl/test_arithm.cpp.o
[ 79%] Building CXX object modules/imgproc/CMakeFiles/opencv_test_imgproc.dir/test/ocl/test_accumulate.cpp.o
[ 79%] Building CXX object modules/core/CMakeFiles/opencv_test_core.dir/test/ocl/test_channels.cpp.o
[ 79%] Building CXX object modules/core/CMakeFiles/opencv_test_core.dir/test/ocl/test_dft.cpp.o
[ 79%] Building CXX object modules/imgcodecs/CMakeFiles/opencv_test_imgcodecs.dir/test/test_avif.cpp.o
[ 79%] Building CXX object modules/core/CMakeFiles/opencv_test_core.dir/test/ocl/test_gemm.cpp.o
[ 79%] Building CXX object modules/features2d/CMakeFiles/opencv_test_features2d.dir/test/ocl/test_brute_force_matcher.cpp.o
[ 79%] Building CXX object modules/imgproc/CMakeFiles/opencv_test_imgproc.dir/test/ocl/test_blend.cpp.o
[ 79%] Building CXX object modules/videoio/CMakeFiles/opencv_test_videoio.dir/test/test_audio.cpp.o
[ 79%] Building CXX object modules/highgui/CMakeFiles/opencv_test_highgui.dir/test/test_gui.cpp.o
[ 79%] Building CXX object modules/imgcodecs/CMakeFiles/opencv_test_imgcodecs.dir/test/test_common.cpp.o
[ 79%] Building CXX object modules/features2d/CMakeFiles/opencv_test_features2d.dir/test/ocl/test_feature2d.cpp.o
[ 79%] Building CXX object modules/videoio/CMakeFiles/opencv_test_videoio.dir/test/test_camera.cpp.o
[ 79%] Building CXX object modules/imgproc/CMakeFiles/opencv_test_imgproc.dir/test/ocl/test_boxfilter.cpp.o
[ 79%] Building CXX object modules/highgui/CMakeFiles/opencv_test_highgui.dir/test/test_main.cpp.o
[ 79%] Building CXX object modules/videoio/CMakeFiles/opencv_test_videoio.dir/test/test_container_avi.cpp.o
[ 79%] Building CXX object modules/features2d/CMakeFiles/opencv_test_features2d.dir/test/test_affine_feature.cpp.o
[ 79%] Building CXX object modules/core/CMakeFiles/opencv_test_core.dir/test/ocl/test_image2d.cpp.o
[ 79%] Building CXX object modules/imgproc/CMakeFiles/opencv_test_imgproc.dir/test/ocl/test_canny.cpp.o
[ 80%] Building CXX object modules/features2d/CMakeFiles/opencv_test_features2d.dir/test/test_agast.cpp.o
[ 81%] Building CXX object modules/imgcodecs/CMakeFiles/opencv_test_imgcodecs.dir/test/test_grfmt.cpp.o
[ 81%] Linking CXX executable ../../bin/opencv_test_highgui
[ 81%] Built target opencv_test_highgui
[ 81%] Building CXX object modules/videoio/CMakeFiles/opencv_test_videoio.dir/test/test_dynamic.cpp.o
[ 81%] Building CXX object modules/features2d/CMakeFiles/opencv_test_features2d.dir/test/test_akaze.cpp.o
[ 81%] Building CXX object modules/features2d/CMakeFiles/opencv_test_features2d.dir/test/test_blobdetector.cpp.o
[ 81%] Building CXX object modules/imgproc/CMakeFiles/opencv_test_imgproc.dir/test/ocl/test_color.cpp.o
[ 81%] Building CXX object modules/core/CMakeFiles/opencv_test_core.dir/test/ocl/test_matrix_expr.cpp.o
[ 81%] Building CXX object modules/imgproc/CMakeFiles/opencv_test_imgproc.dir/test/ocl/test_filter2d.cpp.o
[ 81%] Building CXX object modules/imgproc/CMakeFiles/opencv_test_imgproc.dir/test/ocl/test_filters.cpp.o
[ 81%] Building CXX object modules/imgproc/CMakeFiles/opencv_test_imgproc.dir/test/ocl/test_gftt.cpp.o
[ 81%] Building CXX object modules/imgproc/CMakeFiles/opencv_test_imgproc.dir/test/ocl/test_histogram.cpp.o
[ 81%] Building CXX object modules/features2d/CMakeFiles/opencv_test_features2d.dir/test/test_brisk.cpp.o
[ 81%] Building CXX object modules/videoio/CMakeFiles/opencv_test_videoio.dir/test/test_ffmpeg.cpp.o
[ 82%] Building CXX object modules/core/CMakeFiles/opencv_test_core.dir/test/ocl/test_matrix_operation.cpp.o
[ 83%] Building CXX object modules/imgproc/CMakeFiles/opencv_test_imgproc.dir/test/ocl/test_houghlines.cpp.o
[ 83%] Building CXX object modules/imgproc/CMakeFiles/opencv_test_imgproc.dir/test/ocl/test_imgproc.cpp.o
[ 83%] Building CXX object modules/core/CMakeFiles/opencv_test_core.dir/test/ocl/test_opencl.cpp.o
[ 83%] Building CXX object modules/imgproc/CMakeFiles/opencv_test_imgproc.dir/test/ocl/test_match_template.cpp.o
[ 83%] Building CXX object modules/imgproc/CMakeFiles/opencv_test_imgproc.dir/test/ocl/test_medianfilter.cpp.o
[ 84%] Building CXX object modules/videoio/CMakeFiles/opencv_test_videoio.dir/test/test_gstreamer.cpp.o
[ 84%] Building CXX object modules/features2d/CMakeFiles/opencv_test_features2d.dir/test/test_descriptors_invariance.cpp.o
[ 84%] Building CXX object modules/core/CMakeFiles/opencv_test_core.dir/test/test_arithm.cpp.o
[ 84%] Building CXX object modules/imgproc/CMakeFiles/opencv_test_imgproc.dir/test/ocl/test_pyramids.cpp.o
[ 84%] Building CXX object modules/imgcodecs/CMakeFiles/opencv_test_imgcodecs.dir/test/test_jpeg.cpp.o
[ 84%] Building CXX object modules/videoio/CMakeFiles/opencv_test_videoio.dir/test/test_images.cpp.o
[ 84%] Building CXX object modules/features2d/CMakeFiles/opencv_test_features2d.dir/test/test_descriptors_regression.cpp.o
[ 84%] Building CXX object modules/features2d/CMakeFiles/opencv_test_features2d.dir/test/test_detectors_invariance.cpp.o
[ 84%] Building CXX object modules/imgproc/CMakeFiles/opencv_test_imgproc.dir/test/ocl/test_sepfilter2d.cpp.o
[ 84%] Building CXX object modules/features2d/CMakeFiles/opencv_test_features2d.dir/test/test_detectors_regression.cpp.o
[ 84%] Building CXX object modules/core/CMakeFiles/opencv_test_core.dir/test/test_async.cpp.o
[ 86%] Building CXX object modules/features2d/CMakeFiles/opencv_test_features2d.dir/test/test_drawing.cpp.o
[ 86%] Building CXX object modules/features2d/CMakeFiles/opencv_test_features2d.dir/test/test_fast.cpp.o
[ 86%] Building CXX object modules/imgproc/CMakeFiles/opencv_test_imgproc.dir/test/ocl/test_warp.cpp.o
[ 86%] Building CXX object modules/imgcodecs/CMakeFiles/opencv_test_imgcodecs.dir/test/test_main.cpp.o
[ 86%] Building CXX object modules/features2d/CMakeFiles/opencv_test_features2d.dir/test/test_keypoints.cpp.o
[ 86%] Building CXX object modules/features2d/CMakeFiles/opencv_test_features2d.dir/test/test_main.cpp.o
[ 86%] Building CXX object modules/imgproc/CMakeFiles/opencv_test_imgproc.dir/test/test_approxpoly.cpp.o
[ 86%] Building CXX object modules/imgcodecs/CMakeFiles/opencv_test_imgcodecs.dir/test/test_png.cpp.o
[ 87%] Building CXX object modules/imgproc/CMakeFiles/opencv_test_imgproc.dir/test/test_bilateral_filter.cpp.o
[ 87%] Building CXX object modules/imgcodecs/CMakeFiles/opencv_test_imgcodecs.dir/test/test_read_write.cpp.o
[ 87%] Building CXX object modules/imgcodecs/CMakeFiles/opencv_test_imgcodecs.dir/test/test_tiff.cpp.o
[ 87%] Building CXX object modules/features2d/CMakeFiles/opencv_test_features2d.dir/test/test_matchers_algorithmic.cpp.o
[ 87%] Building CXX object modules/features2d/CMakeFiles/opencv_test_features2d.dir/test/test_mser.cpp.o
[ 87%] Building CXX object modules/features2d/CMakeFiles/opencv_test_features2d.dir/test/test_nearestneighbors.cpp.o
[ 87%] Building CXX object modules/imgproc/CMakeFiles/opencv_test_imgproc.dir/test/test_boundingrect.cpp.o
[ 87%] Building CXX object modules/imgproc/CMakeFiles/opencv_test_imgproc.dir/test/test_canny.cpp.o
[ 87%] Building CXX object modules/imgproc/CMakeFiles/opencv_test_imgproc.dir/test/test_color.cpp.o
[ 87%] Building CXX object modules/features2d/CMakeFiles/opencv_test_features2d.dir/test/test_orb.cpp.o
[ 88%] Building CXX object modules/features2d/CMakeFiles/opencv_test_features2d.dir/test/test_sift.cpp.o
[ 88%] Building CXX object modules/features2d/CMakeFiles/opencv_test_features2d.dir/test/test_utils.cpp.o
[ 88%] Building CXX object modules/imgcodecs/CMakeFiles/opencv_test_imgcodecs.dir/test/test_webp.cpp.o
[ 88%] Building CXX object modules/imgproc/CMakeFiles/opencv_test_imgproc.dir/test/test_connectedcomponents.cpp.o
[ 88%] Linking CXX executable ../../bin/opencv_test_features2d
[ 88%] Built target opencv_test_features2d
[ 88%] Building CXX object modules/imgproc/CMakeFiles/opencv_test_imgproc.dir/test/test_contours.cpp.o
[ 88%] Building CXX object modules/videoio/CMakeFiles/opencv_test_videoio.dir/test/test_main.cpp.o
[ 88%] Building CXX object modules/imgproc/CMakeFiles/opencv_test_imgproc.dir/test/test_contours_new.cpp.o
[ 88%] Building CXX object modules/imgproc/CMakeFiles/opencv_test_imgproc.dir/test/test_convhull.cpp.o
[ 88%] Building CXX object modules/videoio/CMakeFiles/opencv_test_videoio.dir/test/test_mfx.cpp.o
[ 89%] Building CXX object modules/imgproc/CMakeFiles/opencv_test_imgproc.dir/test/test_cornersubpix.cpp.o
[ 89%] Building CXX object modules/videoio/CMakeFiles/opencv_test_videoio.dir/test/test_microphone.cpp.o
[ 89%] Building CXX object modules/imgproc/CMakeFiles/opencv_test_imgproc.dir/test/test_cvtyuv.cpp.o
[ 89%] Building CXX object modules/videoio/CMakeFiles/opencv_test_videoio.dir/test/test_orientation.cpp.o
[ 89%] Building CXX object modules/videoio/CMakeFiles/opencv_test_videoio.dir/test/test_plugins.cpp.o
[ 89%] Building CXX object modules/videoio/CMakeFiles/opencv_test_videoio.dir/test/test_v4l2.cpp.o
[ 90%] Building CXX object modules/videoio/CMakeFiles/opencv_test_videoio.dir/test/test_video_io.cpp.o
[ 90%] Linking CXX executable ../../bin/opencv_test_imgcodecs
[ 90%] Building CXX object modules/imgproc/CMakeFiles/opencv_test_imgproc.dir/test/test_distancetransform.cpp.o
[ 90%] Built target opencv_test_imgcodecs
[ 90%] Building CXX object modules/imgproc/CMakeFiles/opencv_test_imgproc.dir/test/test_drawing.cpp.o
[ 90%] Building CXX object modules/imgproc/CMakeFiles/opencv_test_imgproc.dir/test/test_emd.cpp.o
[ 90%] Building CXX object modules/imgproc/CMakeFiles/opencv_test_imgproc.dir/test/test_filter.cpp.o
[ 90%] Building CXX object modules/imgproc/CMakeFiles/opencv_test_imgproc.dir/test/test_fitellipse.cpp.o
[ 90%] Building CXX object modules/imgproc/CMakeFiles/opencv_test_imgproc.dir/test/test_fitellipse_ams.cpp.o
[ 91%] Building CXX object modules/imgproc/CMakeFiles/opencv_test_imgproc.dir/test/test_fitellipse_direct.cpp.o
[ 91%] Building CXX object modules/imgproc/CMakeFiles/opencv_test_imgproc.dir/test/test_floodfill.cpp.o
[ 91%] Building CXX object modules/imgproc/CMakeFiles/opencv_test_imgproc.dir/test/test_goodfeaturetotrack.cpp.o
[ 91%] Building CXX object modules/imgproc/CMakeFiles/opencv_test_imgproc.dir/test/test_grabcut.cpp.o
[ 91%] Building CXX object modules/imgproc/CMakeFiles/opencv_test_imgproc.dir/test/test_histograms.cpp.o
[ 91%] Building CXX object modules/imgproc/CMakeFiles/opencv_test_imgproc.dir/test/test_houghcircles.cpp.o
[ 91%] Building CXX object modules/imgproc/CMakeFiles/opencv_test_imgproc.dir/test/test_houghlines.cpp.o
[ 91%] Building CXX object modules/imgproc/CMakeFiles/opencv_test_imgproc.dir/test/test_imgproc_umat.cpp.o
[ 92%] Building CXX object modules/imgproc/CMakeFiles/opencv_test_imgproc.dir/test/test_imgwarp.cpp.o
[ 92%] Building CXX object modules/imgproc/CMakeFiles/opencv_test_imgproc.dir/test/test_imgwarp_strict.cpp.o
[ 92%] Building CXX object modules/imgproc/CMakeFiles/opencv_test_imgproc.dir/test/test_intelligent_scissors.cpp.o
[ 92%] Building CXX object modules/core/CMakeFiles/opencv_test_core.dir/test/test_concatenation.cpp.o
[ 92%] Building CXX object modules/imgproc/CMakeFiles/opencv_test_imgproc.dir/test/test_intersectconvexconvex.cpp.o
[ 92%] Building CXX object modules/imgproc/CMakeFiles/opencv_test_imgproc.dir/test/test_intersection.cpp.o
[ 92%] Linking CXX executable ../../bin/opencv_test_videoio
[ 92%] Building CXX object modules/imgproc/CMakeFiles/opencv_test_imgproc.dir/test/test_lsd.cpp.o
[ 92%] Built target opencv_test_videoio
[ 92%] Building CXX object modules/core/CMakeFiles/opencv_test_core.dir/test/test_conjugate_gradient.cpp.o
[ 92%] Building CXX object modules/imgproc/CMakeFiles/opencv_test_imgproc.dir/test/test_main.cpp.o
[ 92%] Building CXX object modules/imgproc/CMakeFiles/opencv_test_imgproc.dir/test/test_moments.cpp.o
[ 93%] Building CXX object modules/imgproc/CMakeFiles/opencv_test_imgproc.dir/test/test_pc.cpp.o
[ 93%] Building CXX object modules/core/CMakeFiles/opencv_test_core.dir/test/test_countnonzero.cpp.o
[ 93%] Building CXX object modules/imgproc/CMakeFiles/opencv_test_imgproc.dir/test/test_pyramid.cpp.o
[ 93%] Building CXX object modules/imgproc/CMakeFiles/opencv_test_imgproc.dir/test/test_resize_bitexact.cpp.o
[ 93%] Building CXX object modules/core/CMakeFiles/opencv_test_core.dir/test/test_cuda.cpp.o
[ 94%] Building CXX object modules/core/CMakeFiles/opencv_test_core.dir/test/test_downhill_simplex.cpp.o
[ 94%] Building CXX object modules/imgproc/CMakeFiles/opencv_test_imgproc.dir/test/test_smooth_bitexact.cpp.o
[ 94%] Building CXX object modules/imgproc/CMakeFiles/opencv_test_imgproc.dir/test/test_stackblur.cpp.o
[ 94%] Building CXX object modules/imgproc/CMakeFiles/opencv_test_imgproc.dir/test/test_subdivision2d.cpp.o
[ 94%] Building CXX object modules/imgproc/CMakeFiles/opencv_test_imgproc.dir/test/test_templmatch.cpp.o
[ 94%] Building CXX object modules/imgproc/CMakeFiles/opencv_test_imgproc.dir/test/test_templmatchmask.cpp.o
[ 95%] Building CXX object modules/imgproc/CMakeFiles/opencv_test_imgproc.dir/test/test_thresh.cpp.o
[ 95%] Building CXX object modules/imgproc/CMakeFiles/opencv_test_imgproc.dir/test/test_watershed.cpp.o
[ 95%] Building CXX object modules/core/CMakeFiles/opencv_test_core.dir/test/test_ds.cpp.o
[ 95%] Building CXX object modules/core/CMakeFiles/opencv_test_core.dir/test/test_dxt.cpp.o
[ 95%] Building CXX object modules/core/CMakeFiles/opencv_test_core.dir/test/test_eigen.cpp.o
[ 95%] Building CXX object modules/core/CMakeFiles/opencv_test_core.dir/test/test_hal_core.cpp.o
[ 95%] Building CXX object modules/core/CMakeFiles/opencv_test_core.dir/test/test_hasnonzero.cpp.o
[ 95%] Building CXX object modules/core/CMakeFiles/opencv_test_core.dir/test/test_intrin.cpp.o
[ 95%] Building CXX object modules/core/CMakeFiles/opencv_test_core.dir/test/test_intrin_emulator.cpp.o
[ 96%] Building CXX object modules/core/CMakeFiles/opencv_test_core.dir/test/test_io.cpp.o
[ 96%] Building CXX object modules/core/CMakeFiles/opencv_test_core.dir/test/test_logtagconfigparser.cpp.o
[ 96%] Building CXX object modules/core/CMakeFiles/opencv_test_core.dir/test/test_logtagmanager.cpp.o
[ 96%] Linking CXX executable ../../bin/opencv_test_imgproc
[ 96%] Building CXX object modules/core/CMakeFiles/opencv_test_core.dir/test/test_lpsolver.cpp.o
[ 96%] Building CXX object modules/core/CMakeFiles/opencv_test_core.dir/test/test_main.cpp.o
[ 96%] Building CXX object modules/core/CMakeFiles/opencv_test_core.dir/test/test_mat.cpp.o
[ 96%] Built target opencv_test_imgproc
[ 96%] Building CXX object modules/core/CMakeFiles/opencv_test_core.dir/test/test_math.cpp.o
[ 96%] Building CXX object modules/core/CMakeFiles/opencv_test_core.dir/test/test_misc.cpp.o
[ 97%] Building CXX object modules/core/CMakeFiles/opencv_test_core.dir/test/test_opencl.cpp.o
[ 97%] Building CXX object modules/core/CMakeFiles/opencv_test_core.dir/test/test_operations.cpp.o
[ 97%] Building CXX object modules/core/CMakeFiles/opencv_test_core.dir/test/test_ptr.cpp.o
[ 97%] Building CXX object modules/core/CMakeFiles/opencv_test_core.dir/test/test_quaternion.cpp.o
[ 97%] Building CXX object modules/core/CMakeFiles/opencv_test_core.dir/test/test_rand.cpp.o
[ 97%] Building CXX object modules/core/CMakeFiles/opencv_test_core.dir/test/test_rotatedrect.cpp.o
[ 97%] Building CXX object modules/core/CMakeFiles/opencv_test_core.dir/test/test_umat.cpp.o
[ 97%] Building CXX object modules/core/CMakeFiles/opencv_test_core.dir/test/test_utils.cpp.o
[ 98%] Building CXX object modules/core/CMakeFiles/opencv_test_core.dir/test/test_intrin128.sse2.cpp.o
[ 98%] Building CXX object modules/core/CMakeFiles/opencv_test_core.dir/test/test_intrin128.sse3.cpp.o
[ 98%] Building CXX object modules/core/CMakeFiles/opencv_test_core.dir/test/test_intrin128.ssse3.cpp.o
[ 98%] Building CXX object modules/core/CMakeFiles/opencv_test_core.dir/test/test_intrin128.sse4_1.cpp.o
[ 98%] Building CXX object modules/core/CMakeFiles/opencv_test_core.dir/test/test_intrin128.sse4_2.cpp.o
[ 98%] Building CXX object modules/core/CMakeFiles/opencv_test_core.dir/test/test_intrin128.fp16.cpp.o
[ 98%] Building CXX object modules/core/CMakeFiles/opencv_test_core.dir/test/test_intrin128.avx.cpp.o
[ 98%] Building CXX object modules/core/CMakeFiles/opencv_test_core.dir/test/test_intrin128.avx2.cpp.o
[100%] Building CXX object modules/core/CMakeFiles/opencv_test_core.dir/test/test_intrin256.avx2.cpp.o
[100%] Building CXX object modules/core/CMakeFiles/opencv_test_core.dir/test/test_intrin128.avx512_skx.cpp.o
[100%] Building CXX object modules/core/CMakeFiles/opencv_test_core.dir/test/test_intrin256.avx512_skx.cpp.o
[100%] Building CXX object modules/core/CMakeFiles/opencv_test_core.dir/test/test_intrin512.avx512_skx.cpp.o
[100%] Linking CXX executable ../../bin/opencv_test_core
[100%] Built target opencv_test_core
[  0%] Built target opencv_dnn_plugins
Consolidate compiler generated dependencies of target ittnotify
Consolidate compiler generated dependencies of target libopenjp2
[  0%] Built target opencv_highgui_plugins
[  0%] Built target opencv_videoio_plugins
Consolidate compiler generated dependencies of target ippiw
[  0%] Built target ittnotify
[  3%] Built target libopenjp2
[  7%] Built target ippiw
Consolidate compiler generated dependencies of target libwebp
[ 23%] Built target libwebp
Consolidate compiler generated dependencies of target IlmImf
[ 37%] Built target IlmImf
Consolidate compiler generated dependencies of target opencv_core
[ 51%] Built target opencv_core
Consolidate compiler generated dependencies of target opencv_version
[ 51%] Built target opencv_version
Consolidate compiler generated dependencies of target opencv_imgproc
[ 64%] Built target opencv_imgproc
Consolidate compiler generated dependencies of target opencv_imgcodecs
Consolidate compiler generated dependencies of target opencv_features2d
[ 67%] Built target opencv_imgcodecs
[ 67%] Building CXX object modules/features2d/CMakeFiles/opencv_features2d.dir/src/kaze.cpp.o
Consolidate compiler generated dependencies of target opencv_videoio
[ 69%] Built target opencv_videoio
Consolidate compiler generated dependencies of target opencv_highgui
[ 70%] Built target opencv_highgui
Consolidate compiler generated dependencies of target opencv_annotation
Consolidate compiler generated dependencies of target opencv_visualisation
Consolidate compiler generated dependencies of target opencv_ts
[ 72%] Built target opencv_annotation
[ 73%] Built target opencv_visualisation
[ 74%] Built target opencv_ts
Consolidate compiler generated dependencies of target opencv_test_highgui
Consolidate compiler generated dependencies of target opencv_test_imgcodecs
[ 74%] Built target opencv_test_highgui
[ 75%] Built target opencv_test_imgcodecs
Consolidate compiler generated dependencies of target opencv_test_videoio
[ 77%] Built target opencv_test_videoio
Consolidate compiler generated dependencies of target opencv_test_core
Consolidate compiler generated dependencies of target opencv_test_imgproc
[ 83%] Built target opencv_test_core
[ 92%] Built target opencv_test_imgproc
Testing mutant kaze.MUT229.cpp on faster24.swtv::core1
>> Configuring opencv_features2d_TF_bot30 without coverage
>> Building opencv_features2d_TF_bot30
>> Applied patch to kaze.cpp with kaze.MUT229.cpp
>> Building opencv_features2d_TF_bot30
Failed to build on kaze.MUT229.cpp
>> Reverted kaze.cpp to original from kaze.MUT229.cpp

+++++ STDERR +++++
/home/yangheechan/FL-dataset-generation-opencv_features2d_TF_bot30/work/opencv_features2d_TF_bot30/working_env/faster24.swtv/core1/opencv_features2d_TF_bot30/modules/features2d/src/kaze.cpp: In member function virtual void cv::KAZE_Impl::write(cv::FileStorage&) const:
/home/yangheechan/FL-dataset-generation-opencv_features2d_TF_bot30/work/opencv_features2d_TF_bot30/working_env/faster24.swtv/core1/opencv_features2d_TF_bot30/modules/features2d/src/kaze.cpp:169:14: error: expected ; before string constant
  169 |             1"threshold" << threshold;
      |              ^~~~~~~~~~~
/home/yangheechan/FL-dataset-generation-opencv_features2d_TF_bot30/work/opencv_features2d_TF_bot30/working_env/faster24.swtv/core1/opencv_features2d_TF_bot30/modules/features2d/src/kaze.cpp:169:13: warning: statement has no effect [-Wunused-value]
  169 |             1"threshold" << threshold;
      |             ^
make[2]: *** [modules/features2d/CMakeFiles/opencv_features2d.dir/build.make:280: modules/features2d/CMakeFiles/opencv_features2d.dir/src/kaze.cpp.o] Error 1
make[1]: *** [CMakeFiles/Makefile2:1473: modules/features2d/CMakeFiles/opencv_features2d.dir/all] Error 2
make: *** [Makefile:166: all] Error 2

+++++ results for kaze.MUT116.cpp +++++
+++++ STDOUT +++++
[  0%] Built target opencv_dnn_plugins
[  3%] Built target libopenjp2
[  3%] Built target opencv_highgui_plugins
[  3%] Built target opencv_videoio_plugins
[  3%] Built target ittnotify
[  7%] Built target ippiw
[ 23%] Built target libwebp
[ 37%] Built target IlmImf
[ 51%] Built target opencv_core
[ 51%] Built target opencv_version
[ 64%] Built target opencv_imgproc
[ 67%] Built target opencv_imgcodecs
Consolidate compiler generated dependencies of target opencv_features2d
[ 69%] Built target opencv_videoio
[ 69%] Building CXX object modules/features2d/CMakeFiles/opencv_features2d.dir/src/kaze.cpp.o
[ 70%] Built target opencv_highgui
[ 72%] Built target opencv_ts
[ 73%] Built target opencv_annotation
[ 74%] Built target opencv_visualisation
[ 75%] Built target opencv_test_imgcodecs
[ 81%] Built target opencv_test_core
[ 90%] Built target opencv_test_imgproc
[ 90%] Built target opencv_test_highgui
[ 92%] Built target opencv_test_videoio
[ 92%] Linking CXX shared library ../../lib/libopencv_features2d.so
[ 96%] Built target opencv_features2d
Consolidate compiler generated dependencies of target opencv_test_features2d
[ 96%] Linking CXX executable ../../bin/opencv_test_features2d
[100%] Built target opencv_test_features2d
[  0%] Built target opencv_dnn_plugins
[  0%] Built target opencv_highgui_plugins
[  0%] Built target opencv_videoio_plugins
[  3%] Built target libopenjp2
[  3%] Built target ittnotify
[  7%] Built target ippiw
[ 23%] Built target libwebp
[ 37%] Built target IlmImf
[ 51%] Built target opencv_core
[ 51%] Built target opencv_version
[ 64%] Built target opencv_imgproc
[ 67%] Built target opencv_imgcodecs
[ 69%] Built target opencv_videoio
Consolidate compiler generated dependencies of target opencv_features2d
[ 69%] Building CXX object modules/features2d/CMakeFiles/opencv_features2d.dir/src/kaze.cpp.o
[ 70%] Built target opencv_highgui
[ 72%] Built target opencv_ts
[ 73%] Built target opencv_visualisation
[ 74%] Built target opencv_annotation
[ 76%] Built target opencv_test_videoio
[ 77%] Built target opencv_test_imgcodecs
[ 77%] Built target opencv_test_highgui
[ 83%] Built target opencv_test_core
[ 92%] Built target opencv_test_imgproc
[ 92%] Linking CXX shared library ../../lib/libopencv_features2d.so
[ 96%] Built target opencv_features2d
[ 96%] Linking CXX executable ../../bin/opencv_test_features2d
[100%] Built target opencv_test_features2d
Testing mutant kaze.MUT116.cpp on faster24.swtv::core1
>> Building opencv_features2d_TF_bot30
>> Applied patch to kaze.cpp with kaze.MUT116.cpp
>> Building opencv_features2d_TF_bot30
Mutant kaze.MUT116.cpp is not killed (all tcs pass)
>> Reverted kaze.cpp to original from kaze.MUT116.cpp

+++++ STDERR +++++

+++++ results for akaze.MUT368.cpp +++++
+++++ STDOUT +++++
[  0%] Built target opencv_dnn_plugins
[  0%] Built target ittnotify
[  3%] Built target libopenjp2
[  3%] Built target opencv_videoio_plugins
[  3%] Built target opencv_highgui_plugins
[  7%] Built target ippiw
[ 23%] Built target libwebp
[ 37%] Built target IlmImf
[ 51%] Built target opencv_core
[ 51%] Built target opencv_version
[ 64%] Built target opencv_imgproc
[ 67%] Built target opencv_imgcodecs
[ 69%] Built target opencv_videoio
Consolidate compiler generated dependencies of target opencv_features2d
[ 69%] Building CXX object modules/features2d/CMakeFiles/opencv_features2d.dir/src/kaze.cpp.o
[ 70%] Built target opencv_highgui
[ 72%] Built target opencv_annotation
[ 73%] Built target opencv_ts
[ 74%] Built target opencv_visualisation
[ 75%] Built target opencv_test_imgcodecs
[ 77%] Built target opencv_test_videoio
[ 77%] Built target opencv_test_highgui
[ 83%] Built target opencv_test_core
[ 92%] Built target opencv_test_imgproc
[ 92%] Linking CXX shared library ../../lib/libopencv_features2d.so
[ 96%] Built target opencv_features2d
[ 96%] Linking CXX executable ../../bin/opencv_test_features2d
[100%] Built target opencv_test_features2d
[  0%] Built target opencv_videoio_plugins
[  0%] Built target opencv_highgui_plugins
[  0%] Built target ittnotify
[  5%] Built target ippiw
[  7%] Built target libopenjp2
[  7%] Built target opencv_dnn_plugins
[ 23%] Built target libwebp
[ 37%] Built target IlmImf
[ 51%] Built target opencv_core
[ 51%] Built target opencv_version
[ 64%] Built target opencv_imgproc
[ 67%] Built target opencv_imgcodecs
Consolidate compiler generated dependencies of target opencv_features2d
[ 69%] Built target opencv_videoio
[ 69%] Building CXX object modules/features2d/CMakeFiles/opencv_features2d.dir/src/akaze.cpp.o
[ 70%] Built target opencv_highgui
[ 72%] Built target opencv_annotation
[ 73%] Built target opencv_visualisation
[ 74%] Built target opencv_ts
[ 75%] Built target opencv_test_imgcodecs
[ 75%] Built target opencv_test_highgui
[ 79%] Built target opencv_test_videoio
[ 83%] Built target opencv_test_core
[ 92%] Built target opencv_test_imgproc
[ 92%] Linking CXX shared library ../../lib/libopencv_features2d.so
[ 96%] Built target opencv_features2d
[ 96%] Linking CXX executable ../../bin/opencv_test_features2d
[100%] Built target opencv_test_features2d
Testing mutant akaze.MUT368.cpp on faster24.swtv::core1
>> Building opencv_features2d_TF_bot30
>> Applied patch to akaze.cpp with akaze.MUT368.cpp
>> Building opencv_features2d_TF_bot30
Mutant akaze.MUT368.cpp is not killed (all tcs pass)
>> Reverted akaze.cpp to original from akaze.MUT368.cpp

+++++ STDERR +++++
/home/yangheechan/FL-dataset-generation-opencv_features2d_TF_bot30/work/opencv_features2d_TF_bot30/working_env/faster24.swtv/core1/opencv_features2d_TF_bot30/modules/features2d/src/akaze.cpp: In member function virtual void cv::AKAZE_Impl::read(const cv::FileNode&):
/home/yangheechan/FL-dataset-generation-opencv_features2d_TF_bot30/work/opencv_features2d_TF_bot30/working_env/faster24.swtv/core1/opencv_features2d_TF_bot30/modules/features2d/src/akaze.cpp:241:60: warning: array subscript 4294967295 is above array bounds of const char [10] [-Warray-bounds]
  241 |                 threshold = (float)(4294967295)["threshold"];
      |                                    ~~~~~~~~~~~~~~~~~~~~~~~~^

+++++ results for gftt.MUT127.cpp +++++
+++++ STDOUT +++++
[  0%] Built target opencv_dnn_plugins
[  0%] Built target opencv_videoio_plugins
[  0%] Built target opencv_highgui_plugins
[  0%] Built target ittnotify
[  3%] Built target libopenjp2
[  7%] Built target ippiw
[ 23%] Built target libwebp
[ 37%] Built target IlmImf
[ 51%] Built target opencv_core
[ 51%] Built target opencv_version
[ 64%] Built target opencv_imgproc
[ 67%] Built target opencv_imgcodecs
[ 69%] Built target opencv_videoio
Consolidate compiler generated dependencies of target opencv_features2d
[ 70%] Built target opencv_highgui
[ 70%] Building CXX object modules/features2d/CMakeFiles/opencv_features2d.dir/src/akaze.cpp.o
[ 73%] Built target opencv_annotation
[ 73%] Built target opencv_visualisation
[ 74%] Built target opencv_ts
[ 74%] Built target opencv_test_highgui
[ 76%] Built target opencv_test_videoio
[ 77%] Built target opencv_test_imgcodecs
[ 83%] Built target opencv_test_core
[ 92%] Built target opencv_test_imgproc
[ 92%] Linking CXX shared library ../../lib/libopencv_features2d.so
[ 96%] Built target opencv_features2d
[ 96%] Linking CXX executable ../../bin/opencv_test_features2d
[100%] Built target opencv_test_features2d
[  0%] Built target opencv_dnn_plugins
[  0%] Built target opencv_videoio_plugins
[  0%] Built target opencv_highgui_plugins
[  3%] Built target libopenjp2
[  7%] Built target ippiw
[  7%] Built target ittnotify
[ 23%] Built target libwebp
[ 37%] Built target IlmImf
[ 51%] Built target opencv_core
[ 51%] Built target opencv_version
[ 64%] Built target opencv_imgproc
[ 67%] Built target opencv_imgcodecs
[ 69%] Built target opencv_videoio
Consolidate compiler generated dependencies of target opencv_features2d
[ 69%] Building CXX object modules/features2d/CMakeFiles/opencv_features2d.dir/src/gftt.cpp.o
[ 70%] Built target opencv_highgui
[ 72%] Built target opencv_annotation
[ 73%] Built target opencv_visualisation
[ 74%] Built target opencv_ts
[ 74%] Built target opencv_test_highgui
[ 75%] Built target opencv_test_imgcodecs
[ 77%] Built target opencv_test_videoio
[ 88%] Built target opencv_test_imgproc
[ 92%] Built target opencv_test_core
[ 92%] Linking CXX shared library ../../lib/libopencv_features2d.so
[ 96%] Built target opencv_features2d
[ 96%] Linking CXX executable ../../bin/opencv_test_features2d
[100%] Built target opencv_test_features2d
Testing mutant gftt.MUT127.cpp on faster24.swtv::core1
>> Building opencv_features2d_TF_bot30
>> Applied patch to gftt.cpp with gftt.MUT127.cpp
>> Building opencv_features2d_TF_bot30
Mutant gftt.MUT127.cpp is not killed (all tcs pass)
>> Reverted gftt.cpp to original from gftt.MUT127.cpp

+++++ STDERR +++++

+++++ results for keypoint.MUT119.cpp +++++
+++++ STDOUT +++++
[  0%] Built target opencv_dnn_plugins
[  0%] Built target opencv_highgui_plugins
[  0%] Built target opencv_videoio_plugins
[  1%] Built target ittnotify
[  3%] Built target libopenjp2
[  7%] Built target ippiw
[ 23%] Built target libwebp
[ 37%] Built target IlmImf
[ 51%] Built target opencv_core
[ 51%] Built target opencv_version
[ 64%] Built target opencv_imgproc
[ 67%] Built target opencv_imgcodecs
[ 69%] Built target opencv_videoio
Consolidate compiler generated dependencies of target opencv_features2d
[ 70%] Built target opencv_highgui
[ 70%] Building CXX object modules/features2d/CMakeFiles/opencv_features2d.dir/src/gftt.cpp.o
[ 72%] Built target opencv_visualisation
[ 73%] Built target opencv_annotation
[ 74%] Built target opencv_ts
[ 74%] Built target opencv_test_highgui
[ 75%] Built target opencv_test_imgcodecs
[ 77%] Built target opencv_test_videoio
[ 83%] Built target opencv_test_core
[ 92%] Built target opencv_test_imgproc
[ 92%] Linking CXX shared library ../../lib/libopencv_features2d.so
[ 96%] Built target opencv_features2d
[ 96%] Linking CXX executable ../../bin/opencv_test_features2d
[100%] Built target opencv_test_features2d
[  0%] Built target opencv_videoio_plugins
[  0%] Built target opencv_dnn_plugins
[  0%] Built target opencv_highgui_plugins
[  1%] Built target ittnotify
[  4%] Built target ippiw
[  7%] Built target libopenjp2
[ 23%] Built target libwebp
[ 37%] Built target IlmImf
[ 51%] Built target opencv_core
[ 51%] Built target opencv_version
[ 64%] Built target opencv_imgproc
[ 67%] Built target opencv_imgcodecs
[ 69%] Built target opencv_videoio
Consolidate compiler generated dependencies of target opencv_features2d
[ 70%] Built target opencv_highgui
[ 70%] Building CXX object modules/features2d/CMakeFiles/opencv_features2d.dir/src/keypoint.cpp.o
[ 73%] Built target opencv_visualisation
[ 73%] Built target opencv_annotation
[ 74%] Built target opencv_ts
[ 74%] Built target opencv_test_highgui
[ 75%] Built target opencv_test_imgcodecs
[ 77%] Built target opencv_test_videoio
[ 83%] Built target opencv_test_core
[ 92%] Built target opencv_test_imgproc
Testing mutant keypoint.MUT119.cpp on faster24.swtv::core1
>> Building opencv_features2d_TF_bot30
>> Applied patch to keypoint.cpp with keypoint.MUT119.cpp
>> Building opencv_features2d_TF_bot30
Failed to build on keypoint.MUT119.cpp
>> Reverted keypoint.cpp to original from keypoint.MUT119.cpp

+++++ STDERR +++++
/home/yangheechan/FL-dataset-generation-opencv_features2d_TF_bot30/work/opencv_features2d_TF_bot30/working_env/faster24.swtv/core1/opencv_features2d_TF_bot30/modules/features2d/src/keypoint.cpp: In static member function static void cv::KeyPointsFilter::runByPixelsMask(std::vector<cv::KeyPoint>&, const cv::Mat&):
/home/yangheechan/FL-dataset-generation-opencv_features2d_TF_bot30/work/opencv_features2d_TF_bot30/working_env/faster24.swtv/core1/opencv_features2d_TF_bot30/modules/features2d/src/keypoint.cpp:166:20: error: no matching function for call to std::vector<cv::KeyPoint>::erase(int, std::vector<cv::KeyPoint>::iterator)
  166 |     keypoints.erase(-1, keypoints.end());
      |     ~~~~~~~~~~~~~~~^~~~~~~~~~~~~~~~~~~~~
In file included from /usr/include/c++/11/vector:67,
                 from /home/yangheechan/FL-dataset-generation-opencv_features2d_TF_bot30/work/opencv_features2d_TF_bot30/working_env/faster24.swtv/core1/opencv_features2d_TF_bot30/modules/core/include/opencv2/core/types.hpp:53,
                 from /home/yangheechan/FL-dataset-generation-opencv_features2d_TF_bot30/work/opencv_features2d_TF_bot30/working_env/faster24.swtv/core1/opencv_features2d_TF_bot30/modules/core/include/opencv2/core.hpp:57,
                 from /home/yangheechan/FL-dataset-generation-opencv_features2d_TF_bot30/work/opencv_features2d_TF_bot30/working_env/faster24.swtv/core1/opencv_features2d_TF_bot30/modules/features2d/include/opencv2/features2d.hpp:47,
                 from /home/yangheechan/FL-dataset-generation-opencv_features2d_TF_bot30/work/opencv_features2d_TF_bot30/working_env/faster24.swtv/core1/opencv_features2d_TF_bot30/modules/features2d/src/precomp.hpp:46,
                 from /home/yangheechan/FL-dataset-generation-opencv_features2d_TF_bot30/work/opencv_features2d_TF_bot30/working_env/faster24.swtv/core1/opencv_features2d_TF_bot30/modules/features2d/src/keypoint.cpp:42:
/usr/include/c++/11/bits/stl_vector.h:1430:7: note: candidate: std::vector<_Tp, _Alloc>::iterator std::vector<_Tp, _Alloc>::erase(std::vector<_Tp, _Alloc>::const_iterator) [with _Tp = cv::KeyPoint; _Alloc = std::allocator<cv::KeyPoint>; std::vector<_Tp, _Alloc>::iterator = std::vector<cv::KeyPoint>::iterator; std::vector<_Tp, _Alloc>::const_iterator = std::vector<cv::KeyPoint>::const_iterator]
 1430 |       erase(const_iterator __position)
      |       ^~~~~
/usr/include/c++/11/bits/stl_vector.h:1430:7: note:   candidate expects 1 argument, 2 provided
/usr/include/c++/11/bits/stl_vector.h:1457:7: note: candidate: std::vector<_Tp, _Alloc>::iterator std::vector<_Tp, _Alloc>::erase(std::vector<_Tp, _Alloc>::const_iterator, std::vector<_Tp, _Alloc>::const_iterator) [with _Tp = cv::KeyPoint; _Alloc = std::allocator<cv::KeyPoint>; std::vector<_Tp, _Alloc>::iterator = std::vector<cv::KeyPoint>::iterator; std::vector<_Tp, _Alloc>::const_iterator = std::vector<cv::KeyPoint>::const_iterator]
 1457 |       erase(const_iterator __first, const_iterator __last)
      |       ^~~~~
/usr/include/c++/11/bits/stl_vector.h:1457:28: note:   no known conversion for argument 1 from int to std::vector<cv::KeyPoint>::const_iterator
 1457 |       erase(const_iterator __first, const_iterator __last)
      |             ~~~~~~~~~~~~~~~^~~~~~~
make[2]: *** [modules/features2d/CMakeFiles/opencv_features2d.dir/build.make:350: modules/features2d/CMakeFiles/opencv_features2d.dir/src/keypoint.cpp.o] Error 1
make[1]: *** [CMakeFiles/Makefile2:1473: modules/features2d/CMakeFiles/opencv_features2d.dir/all] Error 2
make: *** [Makefile:166: all] Error 2

+++++ results for keypoint.MUT50.cpp +++++
+++++ STDOUT +++++
[  0%] Built target opencv_dnn_plugins
[  0%] Built target opencv_highgui_plugins
[  0%] Built target opencv_videoio_plugins
[  0%] Built target ittnotify
[  4%] Built target ippiw
[  7%] Built target libopenjp2
[ 23%] Built target libwebp
[ 37%] Built target IlmImf
[ 51%] Built target opencv_core
[ 51%] Built target opencv_version
[ 64%] Built target opencv_imgproc
[ 67%] Built target opencv_imgcodecs
[ 69%] Built target opencv_videoio
Consolidate compiler generated dependencies of target opencv_features2d
[ 70%] Built target opencv_highgui
[ 70%] Building CXX object modules/features2d/CMakeFiles/opencv_features2d.dir/src/keypoint.cpp.o
[ 73%] Built target opencv_visualisation
[ 73%] Built target opencv_annotation
[ 74%] Built target opencv_ts
[ 75%] Built target opencv_test_highgui
[ 75%] Built target opencv_test_imgcodecs
[ 77%] Built target opencv_test_videoio
[ 83%] Built target opencv_test_core
[ 92%] Built target opencv_test_imgproc
[ 92%] Linking CXX shared library ../../lib/libopencv_features2d.so
[ 96%] Built target opencv_features2d
[ 96%] Linking CXX executable ../../bin/opencv_test_features2d
[100%] Built target opencv_test_features2d
[  0%] Built target opencv_highgui_plugins
[  0%] Built target opencv_dnn_plugins
[  0%] Built target ittnotify
[  0%] Built target opencv_videoio_plugins
[  4%] Built target ippiw
[  7%] Built target libopenjp2
[ 23%] Built target libwebp
[ 37%] Built target IlmImf
[ 51%] Built target opencv_core
[ 51%] Built target opencv_version
[ 64%] Built target opencv_imgproc
[ 67%] Built target opencv_imgcodecs
[ 69%] Built target opencv_videoio
Consolidate compiler generated dependencies of target opencv_features2d
[ 70%] Built target opencv_highgui
[ 70%] Building CXX object modules/features2d/CMakeFiles/opencv_features2d.dir/src/keypoint.cpp.o
[ 73%] Built target opencv_visualisation
[ 73%] Built target opencv_annotation
[ 74%] Built target opencv_ts
[ 74%] Built target opencv_test_highgui
[ 75%] Built target opencv_test_imgcodecs
[ 77%] Built target opencv_test_videoio
[ 84%] Built target opencv_test_core
[ 92%] Built target opencv_test_imgproc
Testing mutant keypoint.MUT50.cpp on faster24.swtv::core1
>> Building opencv_features2d_TF_bot30
>> Applied patch to keypoint.cpp with keypoint.MUT50.cpp
>> Building opencv_features2d_TF_bot30
Failed to build on keypoint.MUT50.cpp
>> Reverted keypoint.cpp to original from keypoint.MUT50.cpp

+++++ STDERR +++++
/home/yangheechan/FL-dataset-generation-opencv_features2d_TF_bot30/work/opencv_features2d_TF_bot30/working_env/faster24.swtv/core1/opencv_features2d_TF_bot30/modules/features2d/src/keypoint.cpp: In static member function static void cv::KeyPointsFilter::retainBest(std::vector<cv::KeyPoint>&, int):
/home/yangheechan/FL-dataset-generation-opencv_features2d_TF_bot30/work/opencv_features2d_TF_bot30/working_env/faster24.swtv/core1/opencv_features2d_TF_bot30/modules/features2d/src/keypoint.cpp:88:29: error: no match for operator- (operand types are int and std::vector<cv::KeyPoint>::iterator)
   88 |         keypoints.resize(-1 - keypoints.begin());
      |                          ~~ ^ ~~~~~~~~~~~~~~~~~
      |                          |                   |
      |                          int                 std::vector<cv::KeyPoint>::iterator
In file included from /home/yangheechan/FL-dataset-generation-opencv_features2d_TF_bot30/work/opencv_features2d_TF_bot30/working_env/faster24.swtv/core1/opencv_features2d_TF_bot30/modules/core/include/opencv2/core/matx.hpp:542,
                 from /home/yangheechan/FL-dataset-generation-opencv_features2d_TF_bot30/work/opencv_features2d_TF_bot30/working_env/faster24.swtv/core1/opencv_features2d_TF_bot30/modules/core/include/opencv2/core.hpp:56,
                 from /home/yangheechan/FL-dataset-generation-opencv_features2d_TF_bot30/work/opencv_features2d_TF_bot30/working_env/faster24.swtv/core1/opencv_features2d_TF_bot30/modules/features2d/include/opencv2/features2d.hpp:47,
                 from /home/yangheechan/FL-dataset-generation-opencv_features2d_TF_bot30/work/opencv_features2d_TF_bot30/working_env/faster24.swtv/core1/opencv_features2d_TF_bot30/modules/features2d/src/precomp.hpp:46,
                 from /home/yangheechan/FL-dataset-generation-opencv_features2d_TF_bot30/work/opencv_features2d_TF_bot30/working_env/faster24.swtv/core1/opencv_features2d_TF_bot30/modules/features2d/src/keypoint.cpp:42:
/home/yangheechan/FL-dataset-generation-opencv_features2d_TF_bot30/work/opencv_features2d_TF_bot30/working_env/faster24.swtv/core1/opencv_features2d_TF_bot30/modules/core/include/opencv2/core/matx.inl.hpp:576:17: note: candidate: template<class _Tp, int m, int n> cv::Matx<_Tp, m, n> cv::operator-(const cv::Matx<_Tp, m, n>&, const cv::Matx<_Tp, m, n>&)
  576 | Matx<_Tp, m, n> operator - (const Matx<_Tp, m, n>& a, const Matx<_Tp, m, n>& b)
      |                 ^~~~~~~~
/home/yangheechan/FL-dataset-generation-opencv_features2d_TF_bot30/work/opencv_features2d_TF_bot30/working_env/faster24.swtv/core1/opencv_features2d_TF_bot30/modules/core/include/opencv2/core/matx.inl.hpp:576:17: note:   template argument deduction/substitution failed:
/home/yangheechan/FL-dataset-generation-opencv_features2d_TF_bot30/work/opencv_features2d_TF_bot30/working_env/faster24.swtv/core1/opencv_features2d_TF_bot30/modules/features2d/src/keypoint.cpp:88:47: note:   mismatched types const cv::Matx<_Tp, m, n> and int
   88 |         keypoints.resize(-1 - keypoints.begin());
      |                                               ^
In file included from /home/yangheechan/FL-dataset-generation-opencv_features2d_TF_bot30/work/opencv_features2d_TF_bot30/working_env/faster24.swtv/core1/opencv_features2d_TF_bot30/modules/core/include/opencv2/core/matx.hpp:542,
                 from /home/yangheechan/FL-dataset-generation-opencv_features2d_TF_bot30/work/opencv_features2d_TF_bot30/working_env/faster24.swtv/core1/opencv_features2d_TF_bot30/modules/core/include/opencv2/core.hpp:56,
                 from /home/yangheechan/FL-dataset-generation-opencv_features2d_TF_bot30/work/opencv_features2d_TF_bot30/working_env/faster24.swtv/core1/opencv_features2d_TF_bot30/modules/features2d/include/opencv2/features2d.hpp:47,
                 from /home/yangheechan/FL-dataset-generation-opencv_features2d_TF_bot30/work/opencv_features2d_TF_bot30/working_env/faster24.swtv/core1/opencv_features2d_TF_bot30/modules/features2d/src/precomp.hpp:46,
                 from /home/yangheechan/FL-dataset-generation-opencv_features2d_TF_bot30/work/opencv_features2d_TF_bot30/working_env/faster24.swtv/core1/opencv_features2d_TF_bot30/modules/features2d/src/keypoint.cpp:42:
/home/yangheechan/FL-dataset-generation-opencv_features2d_TF_bot30/work/opencv_features2d_TF_bot30/working_env/faster24.swtv/core1/opencv_features2d_TF_bot30/modules/core/include/opencv2/core/matx.inl.hpp:670:17: note: candidate: template<class _Tp, int m, int n> cv::Matx<_Tp, m, n> cv::operator-(const cv::Matx<_Tp, m, n>&)
  670 | Matx<_Tp, m, n> operator - (const Matx<_Tp, m, n>& a)
      |                 ^~~~~~~~
/home/yangheechan/FL-dataset-generation-opencv_features2d_TF_bot30/work/opencv_features2d_TF_bot30/working_env/faster24.swtv/core1/opencv_features2d_TF_bot30/modules/core/include/opencv2/core/matx.inl.hpp:670:17: note:   template argument deduction/substitution failed:
/home/yangheechan/FL-dataset-generation-opencv_features2d_TF_bot30/work/opencv_features2d_TF_bot30/working_env/faster24.swtv/core1/opencv_features2d_TF_bot30/modules/features2d/src/keypoint.cpp:88:47: note:   mismatched types const cv::Matx<_Tp, m, n> and int
   88 |         keypoints.resize(-1 - keypoints.begin());
      |                                               ^
In file included from /home/yangheechan/FL-dataset-generation-opencv_features2d_TF_bot30/work/opencv_features2d_TF_bot30/working_env/faster24.swtv/core1/opencv_features2d_TF_bot30/modules/core/include/opencv2/core/matx.hpp:542,
                 from /home/yangheechan/FL-dataset-generation-opencv_features2d_TF_bot30/work/opencv_features2d_TF_bot30/working_env/faster24.swtv/core1/opencv_features2d_TF_bot30/modules/core/include/opencv2/core.hpp:56,
                 from /home/yangheechan/FL-dataset-generation-opencv_features2d_TF_bot30/work/opencv_features2d_TF_bot30/working_env/faster24.swtv/core1/opencv_features2d_TF_bot30/modules/features2d/include/opencv2/features2d.hpp:47,
                 from /home/yangheechan/FL-dataset-generation-opencv_features2d_TF_bot30/work/opencv_features2d_TF_bot30/working_env/faster24.swtv/core1/opencv_features2d_TF_bot30/modules/features2d/src/precomp.hpp:46,
                 from /home/yangheechan/FL-dataset-generation-opencv_features2d_TF_bot30/work/opencv_features2d_TF_bot30/working_env/faster24.swtv/core1/opencv_features2d_TF_bot30/modules/features2d/src/keypoint.cpp:42:
/home/yangheechan/FL-dataset-generation-opencv_features2d_TF_bot30/work/opencv_features2d_TF_bot30/working_env/faster24.swtv/core1/opencv_features2d_TF_bot30/modules/core/include/opencv2/core/matx.inl.hpp:981:14: note: candidate: template<class _Tp, int cn> cv::Vec<_Tp, m> cv::operator-(const cv::Vec<_Tp, m>&, const cv::Vec<_Tp, m>&)
  981 | Vec<_Tp, cn> operator - (const Vec<_Tp, cn>& a, const Vec<_Tp, cn>& b)
      |              ^~~~~~~~
/home/yangheechan/FL-dataset-generation-opencv_features2d_TF_bot30/work/opencv_features2d_TF_bot30/working_env/faster24.swtv/core1/opencv_features2d_TF_bot30/modules/core/include/opencv2/core/matx.inl.hpp:981:14: note:   template argument deduction/substitution failed:
/home/yangheechan/FL-dataset-generation-opencv_features2d_TF_bot30/work/opencv_features2d_TF_bot30/working_env/faster24.swtv/core1/opencv_features2d_TF_bot30/modules/features2d/src/keypoint.cpp:88:47: note:   mismatched types const cv::Vec<_Tp, m> and int
   88 |         keypoints.resize(-1 - keypoints.begin());
      |                                               ^
In file included from /home/yangheechan/FL-dataset-generation-opencv_features2d_TF_bot30/work/opencv_features2d_TF_bot30/working_env/faster24.swtv/core1/opencv_features2d_TF_bot30/modules/core/include/opencv2/core/matx.hpp:542,
                 from /home/yangheechan/FL-dataset-generation-opencv_features2d_TF_bot30/work/opencv_features2d_TF_bot30/working_env/faster24.swtv/core1/opencv_features2d_TF_bot30/modules/core/include/opencv2/core.hpp:56,
                 from /home/yangheechan/FL-dataset-generation-opencv_features2d_TF_bot30/work/opencv_features2d_TF_bot30/working_env/faster24.swtv/core1/opencv_features2d_TF_bot30/modules/features2d/include/opencv2/features2d.hpp:47,
                 from /home/yangheechan/FL-dataset-generation-opencv_features2d_TF_bot30/work/opencv_features2d_TF_bot30/working_env/faster24.swtv/core1/opencv_features2d_TF_bot30/modules/features2d/src/precomp.hpp:46,
                 from /home/yangheechan/FL-dataset-generation-opencv_features2d_TF_bot30/work/opencv_features2d_TF_bot30/working_env/faster24.swtv/core1/opencv_features2d_TF_bot30/modules/features2d/src/keypoint.cpp:42:
/home/yangheechan/FL-dataset-generation-opencv_features2d_TF_bot30/work/opencv_features2d_TF_bot30/working_env/faster24.swtv/core1/opencv_features2d_TF_bot30/modules/core/include/opencv2/core/matx.inl.hpp:1092:14: note: candidate: template<class _Tp, int cn> cv::Vec<_Tp, m> cv::operator-(const cv::Vec<_Tp, m>&)
 1092 | Vec<_Tp, cn> operator - (const Vec<_Tp, cn>& a)
      |              ^~~~~~~~
/home/yangheechan/FL-dataset-generation-opencv_features2d_TF_bot30/work/opencv_features2d_TF_bot30/working_env/faster24.swtv/core1/opencv_features2d_TF_bot30/modules/core/include/opencv2/core/matx.inl.hpp:1092:14: note:   template argument deduction/substitution failed:
/home/yangheechan/FL-dataset-generation-opencv_features2d_TF_bot30/work/opencv_features2d_TF_bot30/working_env/faster24.swtv/core1/opencv_features2d_TF_bot30/modules/features2d/src/keypoint.cpp:88:47: note:   mismatched types const cv::Vec<_Tp, m> and int
   88 |         keypoints.resize(-1 - keypoints.begin());
      |                                               ^
In file included from /home/yangheechan/FL-dataset-generation-opencv_features2d_TF_bot30/work/opencv_features2d_TF_bot30/working_env/faster24.swtv/core1/opencv_features2d_TF_bot30/modules/core/include/opencv2/core.hpp:57,
                 from /home/yangheechan/FL-dataset-generation-opencv_features2d_TF_bot30/work/opencv_features2d_TF_bot30/working_env/faster24.swtv/core1/opencv_features2d_TF_bot30/modules/features2d/include/opencv2/features2d.hpp:47,
                 from /home/yangheechan/FL-dataset-generation-opencv_features2d_TF_bot30/work/opencv_features2d_TF_bot30/working_env/faster24.swtv/core1/opencv_features2d_TF_bot30/modules/features2d/src/precomp.hpp:46,
                 from /home/yangheechan/FL-dataset-generation-opencv_features2d_TF_bot30/work/opencv_features2d_TF_bot30/working_env/faster24.swtv/core1/opencv_features2d_TF_bot30/modules/features2d/src/keypoint.cpp:42:
/home/yangheechan/FL-dataset-generation-opencv_features2d_TF_bot30/work/opencv_features2d_TF_bot30/working_env/faster24.swtv/core1/opencv_features2d_TF_bot30/modules/core/include/opencv2/core/types.hpp:1071:14: note: candidate: template<class _Tp> cv::Complex<_Tp> cv::operator-(const cv::Complex<_Tp>&, const cv::Complex<_Tp>&)
 1071 | Complex<_Tp> operator - (const Complex<_Tp>& a, const Complex<_Tp>& b)
      |              ^~~~~~~~
/home/yangheechan/FL-dataset-generation-opencv_features2d_TF_bot30/work/opencv_features2d_TF_bot30/working_env/faster24.swtv/core1/opencv_features2d_TF_bot30/modules/core/include/opencv2/core/types.hpp:1071:14: note:   template argument deduction/substitution failed:
/home/yangheechan/FL-dataset-generation-opencv_features2d_TF_bot30/work/opencv_features2d_TF_bot30/working_env/faster24.swtv/core1/opencv_features2d_TF_bot30/modules/features2d/src/keypoint.cpp:88:47: note:   mismatched types const cv::Complex<_Tp> and int
   88 |         keypoints.resize(-1 - keypoints.begin());
      |                                               ^
In file included from /home/yangheechan/FL-dataset-generation-opencv_features2d_TF_bot30/work/opencv_features2d_TF_bot30/working_env/faster24.swtv/core1/opencv_features2d_TF_bot30/modules/core/include/opencv2/core.hpp:57,
                 from /home/yangheechan/FL-dataset-generation-opencv_features2d_TF_bot30/work/opencv_features2d_TF_bot30/working_env/faster24.swtv/core1/opencv_features2d_TF_bot30/modules/features2d/include/opencv2/features2d.hpp:47,
                 from /home/yangheechan/FL-dataset-generation-opencv_features2d_TF_bot30/work/opencv_features2d_TF_bot30/working_env/faster24.swtv/core1/opencv_features2d_TF_bot30/modules/features2d/src/precomp.hpp:46,
                 from /home/yangheechan/FL-dataset-generation-opencv_features2d_TF_bot30/work/opencv_features2d_TF_bot30/working_env/faster24.swtv/core1/opencv_features2d_TF_bot30/modules/features2d/src/keypoint.cpp:42:
/home/yangheechan/FL-dataset-generation-opencv_features2d_TF_bot30/work/opencv_features2d_TF_bot30/working_env/faster24.swtv/core1/opencv_features2d_TF_bot30/modules/core/include/opencv2/core/types.hpp:1084:14: note: candidate: template<class _Tp> cv::Complex<_Tp> cv::operator-(const cv::Complex<_Tp>&)
 1084 | Complex<_Tp> operator - (const Complex<_Tp>& a)
      |              ^~~~~~~~
/home/yangheechan/FL-dataset-generation-opencv_features2d_TF_bot30/work/opencv_features2d_TF_bot30/working_env/faster24.swtv/core1/opencv_features2d_TF_bot30/modules/core/include/opencv2/core/types.hpp:1084:14: note:   template argument deduction/substitution failed:
/home/yangheechan/FL-dataset-generation-opencv_features2d_TF_bot30/work/opencv_features2d_TF_bot30/working_env/faster24.swtv/core1/opencv_features2d_TF_bot30/modules/features2d/src/keypoint.cpp:88:47: note:   mismatched types const cv::Complex<_Tp> and int
   88 |         keypoints.resize(-1 - keypoints.begin());
      |                                               ^
In file included from /home/yangheechan/FL-dataset-generation-opencv_features2d_TF_bot30/work/opencv_features2d_TF_bot30/working_env/faster24.swtv/core1/opencv_features2d_TF_bot30/modules/core/include/opencv2/core.hpp:57,
                 from /home/yangheechan/FL-dataset-generation-opencv_features2d_TF_bot30/work/opencv_features2d_TF_bot30/working_env/faster24.swtv/core1/opencv_features2d_TF_bot30/modules/features2d/include/opencv2/features2d.hpp:47,
                 from /home/yangheechan/FL-dataset-generation-opencv_features2d_TF_bot30/work/opencv_features2d_TF_bot30/working_env/faster24.swtv/core1/opencv_features2d_TF_bot30/modules/features2d/src/precomp.hpp:46,
                 from /home/yangheechan/FL-dataset-generation-opencv_features2d_TF_bot30/work/opencv_features2d_TF_bot30/working_env/faster24.swtv/core1/opencv_features2d_TF_bot30/modules/features2d/src/keypoint.cpp:42:
/home/yangheechan/FL-dataset-generation-opencv_features2d_TF_bot30/work/opencv_features2d_TF_bot30/working_env/faster24.swtv/core1/opencv_features2d_TF_bot30/modules/core/include/opencv2/core/types.hpp:1114:14: note: candidate: template<class _Tp> cv::Complex<_Tp> cv::operator-(const cv::Complex<_Tp>&, _Tp)
 1114 | Complex<_Tp> operator - (const Complex<_Tp>& a, _Tp b)
      |              ^~~~~~~~
/home/yangheechan/FL-dataset-generation-opencv_features2d_TF_bot30/work/opencv_features2d_TF_bot30/working_env/faster24.swtv/core1/opencv_features2d_TF_bot30/modules/core/include/opencv2/core/types.hpp:1114:14: note:   template argument deduction/substitution failed:
/home/yangheechan/FL-dataset-generation-opencv_features2d_TF_bot30/work/opencv_features2d_TF_bot30/working_env/faster24.swtv/core1/opencv_features2d_TF_bot30/modules/features2d/src/keypoint.cpp:88:47: note:   mismatched types const cv::Complex<_Tp> and int
   88 |         keypoints.resize(-1 - keypoints.begin());
      |                                               ^
In file included from /home/yangheechan/FL-dataset-generation-opencv_features2d_TF_bot30/work/opencv_features2d_TF_bot30/working_env/faster24.swtv/core1/opencv_features2d_TF_bot30/modules/core/include/opencv2/core.hpp:57,
                 from /home/yangheechan/FL-dataset-generation-opencv_features2d_TF_bot30/work/opencv_features2d_TF_bot30/working_env/faster24.swtv/core1/opencv_features2d_TF_bot30/modules/features2d/include/opencv2/features2d.hpp:47,
                 from /home/yangheechan/FL-dataset-generation-opencv_features2d_TF_bot30/work/opencv_features2d_TF_bot30/working_env/faster24.swtv/core1/opencv_features2d_TF_bot30/modules/features2d/src/precomp.hpp:46,
                 from /home/yangheechan/FL-dataset-generation-opencv_features2d_TF_bot30/work/opencv_features2d_TF_bot30/working_env/faster24.swtv/core1/opencv_features2d_TF_bot30/modules/features2d/src/keypoint.cpp:42:
/home/yangheechan/FL-dataset-generation-opencv_features2d_TF_bot30/work/opencv_features2d_TF_bot30/working_env/faster24.swtv/core1/opencv_features2d_TF_bot30/modules/core/include/opencv2/core/types.hpp:1124:14: note: candidate: template<class _Tp> cv::Complex<_Tp> cv::operator-(_Tp, const cv::Complex<_Tp>&)
 1124 | Complex<_Tp> operator - (_Tp b, const Complex<_Tp>& a)
      |              ^~~~~~~~
/home/yangheechan/FL-dataset-generation-opencv_features2d_TF_bot30/work/opencv_features2d_TF_bot30/working_env/faster24.swtv/core1/opencv_features2d_TF_bot30/modules/core/include/opencv2/core/types.hpp:1124:14: note:   template argument deduction/substitution failed:
/home/yangheechan/FL-dataset-generation-opencv_features2d_TF_bot30/work/opencv_features2d_TF_bot30/working_env/faster24.swtv/core1/opencv_features2d_TF_bot30/modules/features2d/src/keypoint.cpp:88:47: note:   std::vector<cv::KeyPoint>::iterator is not derived from const cv::Complex<_Tp>
   88 |         keypoints.resize(-1 - keypoints.begin());
      |                                               ^
In file included from /home/yangheechan/FL-dataset-generation-opencv_features2d_TF_bot30/work/opencv_features2d_TF_bot30/working_env/faster24.swtv/core1/opencv_features2d_TF_bot30/modules/core/include/opencv2/core.hpp:57,
                 from /home/yangheechan/FL-dataset-generation-opencv_features2d_TF_bot30/work/opencv_features2d_TF_bot30/working_env/faster24.swtv/core1/opencv_features2d_TF_bot30/modules/features2d/include/opencv2/features2d.hpp:47,
                 from /home/yangheechan/FL-dataset-generation-opencv_features2d_TF_bot30/work/opencv_features2d_TF_bot30/working_env/faster24.swtv/core1/opencv_features2d_TF_bot30/modules/features2d/src/precomp.hpp:46,
                 from /home/yangheechan/FL-dataset-generation-opencv_features2d_TF_bot30/work/opencv_features2d_TF_bot30/working_env/faster24.swtv/core1/opencv_features2d_TF_bot30/modules/features2d/src/keypoint.cpp:42:
/home/yangheechan/FL-dataset-generation-opencv_features2d_TF_bot30/work/opencv_features2d_TF_bot30/working_env/faster24.swtv/core1/opencv_features2d_TF_bot30/modules/core/include/opencv2/core/types.hpp:1349:13: note: candidate: template<class _Tp> cv::Point_<_Tp> cv::operator-(const cv::Point_<_Tp>&, const cv::Point_<_Tp>&)
 1349 | Point_<_Tp> operator - (const Point_<_Tp>& a, const Point_<_Tp>& b)
      |             ^~~~~~~~
/home/yangheechan/FL-dataset-generation-opencv_features2d_TF_bot30/work/opencv_features2d_TF_bot30/working_env/faster24.swtv/core1/opencv_features2d_TF_bot30/modules/core/include/opencv2/core/types.hpp:1349:13: note:   template argument deduction/substitution failed:
/home/yangheechan/FL-dataset-generation-opencv_features2d_TF_bot30/work/opencv_features2d_TF_bot30/working_env/faster24.swtv/core1/opencv_features2d_TF_bot30/modules/features2d/src/keypoint.cpp:88:47: note:   mismatched types const cv::Point_<_Tp> and int
   88 |         keypoints.resize(-1 - keypoints.begin());
      |                                               ^
In file included from /home/yangheechan/FL-dataset-generation-opencv_features2d_TF_bot30/work/opencv_features2d_TF_bot30/working_env/faster24.swtv/core1/opencv_features2d_TF_bot30/modules/core/include/opencv2/core.hpp:57,
                 from /home/yangheechan/FL-dataset-generation-opencv_features2d_TF_bot30/work/opencv_features2d_TF_bot30/working_env/faster24.swtv/core1/opencv_features2d_TF_bot30/modules/features2d/include/opencv2/features2d.hpp:47,
                 from /home/yangheechan/FL-dataset-generation-opencv_features2d_TF_bot30/work/opencv_features2d_TF_bot30/working_env/faster24.swtv/core1/opencv_features2d_TF_bot30/modules/features2d/src/precomp.hpp:46,
                 from /home/yangheechan/FL-dataset-generation-opencv_features2d_TF_bot30/work/opencv_features2d_TF_bot30/working_env/faster24.swtv/core1/opencv_features2d_TF_bot30/modules/features2d/src/keypoint.cpp:42:
/home/yangheechan/FL-dataset-generation-opencv_features2d_TF_bot30/work/opencv_features2d_TF_bot30/working_env/faster24.swtv/core1/opencv_features2d_TF_bot30/modules/core/include/opencv2/core/types.hpp:1355:13: note: candidate: template<class _Tp> cv::Point_<_Tp> cv::operator-(const cv::Point_<_Tp>&)
 1355 | Point_<_Tp> operator - (const Point_<_Tp>& a)
      |             ^~~~~~~~
/home/yangheechan/FL-dataset-generation-opencv_features2d_TF_bot30/work/opencv_features2d_TF_bot30/working_env/faster24.swtv/core1/opencv_features2d_TF_bot30/modules/core/include/opencv2/core/types.hpp:1355:13: note:   template argument deduction/substitution failed:
/home/yangheechan/FL-dataset-generation-opencv_features2d_TF_bot30/work/opencv_features2d_TF_bot30/working_env/faster24.swtv/core1/opencv_features2d_TF_bot30/modules/features2d/src/keypoint.cpp:88:47: note:   mismatched types const cv::Point_<_Tp> and int
   88 |         keypoints.resize(-1 - keypoints.begin());
      |                                               ^
In file included from /home/yangheechan/FL-dataset-generation-opencv_features2d_TF_bot30/work/opencv_features2d_TF_bot30/working_env/faster24.swtv/core1/opencv_features2d_TF_bot30/modules/core/include/opencv2/core.hpp:57,
                 from /home/yangheechan/FL-dataset-generation-opencv_features2d_TF_bot30/work/opencv_features2d_TF_bot30/working_env/faster24.swtv/core1/opencv_features2d_TF_bot30/modules/features2d/include/opencv2/features2d.hpp:47,
                 from /home/yangheechan/FL-dataset-generation-opencv_features2d_TF_bot30/work/opencv_features2d_TF_bot30/working_env/faster24.swtv/core1/opencv_features2d_TF_bot30/modules/features2d/src/precomp.hpp:46,
                 from /home/yangheechan/FL-dataset-generation-opencv_features2d_TF_bot30/work/opencv_features2d_TF_bot30/working_env/faster24.swtv/core1/opencv_features2d_TF_bot30/modules/features2d/src/keypoint.cpp:42:
/home/yangheechan/FL-dataset-generation-opencv_features2d_TF_bot30/work/opencv_features2d_TF_bot30/working_env/faster24.swtv/core1/opencv_features2d_TF_bot30/modules/core/include/opencv2/core/types.hpp:1596:14: note: candidate: template<class _Tp> cv::Point3_<_Tp> cv::operator-(const cv::Point3_<_Tp>&, const cv::Point3_<_Tp>&)
 1596 | Point3_<_Tp> operator - (const Point3_<_Tp>& a, const Point3_<_Tp>& b)
      |              ^~~~~~~~
/home/yangheechan/FL-dataset-generation-opencv_features2d_TF_bot30/work/opencv_features2d_TF_bot30/working_env/faster24.swtv/core1/opencv_features2d_TF_bot30/modules/core/include/opencv2/core/types.hpp:1596:14: note:   template argument deduction/substitution failed:
/home/yangheechan/FL-dataset-generation-opencv_features2d_TF_bot30/work/opencv_features2d_TF_bot30/working_env/faster24.swtv/core1/opencv_features2d_TF_bot30/modules/features2d/src/keypoint.cpp:88:47: note:   mismatched types const cv::Point3_<_Tp> and int
   88 |         keypoints.resize(-1 - keypoints.begin());
      |                                               ^
In file included from /home/yangheechan/FL-dataset-generation-opencv_features2d_TF_bot30/work/opencv_features2d_TF_bot30/working_env/faster24.swtv/core1/opencv_features2d_TF_bot30/modules/core/include/opencv2/core.hpp:57,
                 from /home/yangheechan/FL-dataset-generation-opencv_features2d_TF_bot30/work/opencv_features2d_TF_bot30/working_env/faster24.swtv/core1/opencv_features2d_TF_bot30/modules/features2d/include/opencv2/features2d.hpp:47,
                 from /home/yangheechan/FL-dataset-generation-opencv_features2d_TF_bot30/work/opencv_features2d_TF_bot30/working_env/faster24.swtv/core1/opencv_features2d_TF_bot30/modules/features2d/src/precomp.hpp:46,
                 from /home/yangheechan/FL-dataset-generation-opencv_features2d_TF_bot30/work/opencv_features2d_TF_bot30/working_env/faster24.swtv/core1/opencv_features2d_TF_bot30/modules/features2d/src/keypoint.cpp:42:
/home/yangheechan/FL-dataset-generation-opencv_features2d_TF_bot30/work/opencv_features2d_TF_bot30/working_env/faster24.swtv/core1/opencv_features2d_TF_bot30/modules/core/include/opencv2/core/types.hpp:1602:14: note: candidate: template<class _Tp> cv::Point3_<_Tp> cv::operator-(const cv::Point3_<_Tp>&)
 1602 | Point3_<_Tp> operator - (const Point3_<_Tp>& a)
      |              ^~~~~~~~
/home/yangheechan/FL-dataset-generation-opencv_features2d_TF_bot30/work/opencv_features2d_TF_bot30/working_env/faster24.swtv/core1/opencv_features2d_TF_bot30/modules/core/include/opencv2/core/types.hpp:1602:14: note:   template argument deduction/substitution failed:
/home/yangheechan/FL-dataset-generation-opencv_features2d_TF_bot30/work/opencv_features2d_TF_bot30/working_env/faster24.swtv/core1/opencv_features2d_TF_bot30/modules/features2d/src/keypoint.cpp:88:47: note:   mismatched types const cv::Point3_<_Tp> and int
   88 |         keypoints.resize(-1 - keypoints.begin());
      |                                               ^
In file included from /home/yangheechan/FL-dataset-generation-opencv_features2d_TF_bot30/work/opencv_features2d_TF_bot30/working_env/faster24.swtv/core1/opencv_features2d_TF_bot30/modules/core/include/opencv2/core.hpp:57,
                 from /home/yangheechan/FL-dataset-generation-opencv_features2d_TF_bot30/work/opencv_features2d_TF_bot30/working_env/faster24.swtv/core1/opencv_features2d_TF_bot30/modules/features2d/include/opencv2/features2d.hpp:47,
                 from /home/yangheechan/FL-dataset-generation-opencv_features2d_TF_bot30/work/opencv_features2d_TF_bot30/working_env/faster24.swtv/core1/opencv_features2d_TF_bot30/modules/features2d/src/precomp.hpp:46,
                 from /home/yangheechan/FL-dataset-generation-opencv_features2d_TF_bot30/work/opencv_features2d_TF_bot30/working_env/faster24.swtv/core1/opencv_features2d_TF_bot30/modules/features2d/src/keypoint.cpp:42:
/home/yangheechan/FL-dataset-generation-opencv_features2d_TF_bot30/work/opencv_features2d_TF_bot30/working_env/faster24.swtv/core1/opencv_features2d_TF_bot30/modules/core/include/opencv2/core/types.hpp:1781:12: note: candidate: template<class _Tp> cv::Size_<_Tp> cv::operator-(const cv::Size_<_Tp>&, const cv::Size_<_Tp>&)
 1781 | Size_<_Tp> operator - (const Size_<_Tp>& a, const Size_<_Tp>& b)
      |            ^~~~~~~~
/home/yangheechan/FL-dataset-generation-opencv_features2d_TF_bot30/work/opencv_features2d_TF_bot30/working_env/faster24.swtv/core1/opencv_features2d_TF_bot30/modules/core/include/opencv2/core/types.hpp:1781:12: note:   template argument deduction/substitution failed:
/home/yangheechan/FL-dataset-generation-opencv_features2d_TF_bot30/work/opencv_features2d_TF_bot30/working_env/faster24.swtv/core1/opencv_features2d_TF_bot30/modules/features2d/src/keypoint.cpp:88:47: note:   mismatched types const cv::Size_<_Tp> and int
   88 |         keypoints.resize(-1 - keypoints.begin());
      |                                               ^
In file included from /home/yangheechan/FL-dataset-generation-opencv_features2d_TF_bot30/work/opencv_features2d_TF_bot30/working_env/faster24.swtv/core1/opencv_features2d_TF_bot30/modules/core/include/opencv2/core.hpp:57,
                 from /home/yangheechan/FL-dataset-generation-opencv_features2d_TF_bot30/work/opencv_features2d_TF_bot30/working_env/faster24.swtv/core1/opencv_features2d_TF_bot30/modules/features2d/include/opencv2/features2d.hpp:47,
                 from /home/yangheechan/FL-dataset-generation-opencv_features2d_TF_bot30/work/opencv_features2d_TF_bot30/working_env/faster24.swtv/core1/opencv_features2d_TF_bot30/modules/features2d/src/precomp.hpp:46,
                 from /home/yangheechan/FL-dataset-generation-opencv_features2d_TF_bot30/work/opencv_features2d_TF_bot30/working_env/faster24.swtv/core1/opencv_features2d_TF_bot30/modules/features2d/src/keypoint.cpp:42:
/home/yangheechan/FL-dataset-generation-opencv_features2d_TF_bot30/work/opencv_features2d_TF_bot30/working_env/faster24.swtv/core1/opencv_features2d_TF_bot30/modules/core/include/opencv2/core/types.hpp:1976:12: note: candidate: template<class _Tp> cv::Rect_<_Tp> cv::operator-(const cv::Rect_<_Tp>&, const cv::Point_<_Tp>&)
 1976 | Rect_<_Tp> operator - (const Rect_<_Tp>& a, const Point_<_Tp>& b)
      |            ^~~~~~~~
/home/yangheechan/FL-dataset-generation-opencv_features2d_TF_bot30/work/opencv_features2d_TF_bot30/working_env/faster24.swtv/core1/opencv_features2d_TF_bot30/modules/core/include/opencv2/core/types.hpp:1976:12: note:   template argument deduction/substitution failed:
/home/yangheechan/FL-dataset-generation-opencv_features2d_TF_bot30/work/opencv_features2d_TF_bot30/working_env/faster24.swtv/core1/opencv_features2d_TF_bot30/modules/features2d/src/keypoint.cpp:88:47: note:   mismatched types const cv::Rect_<_Tp> and int
   88 |         keypoints.resize(-1 - keypoints.begin());
      |                                               ^
In file included from /home/yangheechan/FL-dataset-generation-opencv_features2d_TF_bot30/work/opencv_features2d_TF_bot30/working_env/faster24.swtv/core1/opencv_features2d_TF_bot30/modules/core/include/opencv2/core.hpp:57,
                 from /home/yangheechan/FL-dataset-generation-opencv_features2d_TF_bot30/work/opencv_features2d_TF_bot30/working_env/faster24.swtv/core1/opencv_features2d_TF_bot30/modules/features2d/include/opencv2/features2d.hpp:47,
                 from /home/yangheechan/FL-dataset-generation-opencv_features2d_TF_bot30/work/opencv_features2d_TF_bot30/working_env/faster24.swtv/core1/opencv_features2d_TF_bot30/modules/features2d/src/precomp.hpp:46,
                 from /home/yangheechan/FL-dataset-generation-opencv_features2d_TF_bot30/work/opencv_features2d_TF_bot30/working_env/faster24.swtv/core1/opencv_features2d_TF_bot30/modules/features2d/src/keypoint.cpp:42:
/home/yangheechan/FL-dataset-generation-opencv_features2d_TF_bot30/work/opencv_features2d_TF_bot30/working_env/faster24.swtv/core1/opencv_features2d_TF_bot30/modules/core/include/opencv2/core/types.hpp:1988:12: note: candidate: template<class _Tp> cv::Rect_<_Tp> cv::operator-(const cv::Rect_<_Tp>&, const cv::Size_<_Tp>&)
 1988 | Rect_<_Tp> operator - (const Rect_<_Tp>& a, const Size_<_Tp>& b)
      |            ^~~~~~~~
/home/yangheechan/FL-dataset-generation-opencv_features2d_TF_bot30/work/opencv_features2d_TF_bot30/working_env/faster24.swtv/core1/opencv_features2d_TF_bot30/modules/core/include/opencv2/core/types.hpp:1988:12: note:   template argument deduction/substitution failed:
/home/yangheechan/FL-dataset-generation-opencv_features2d_TF_bot30/work/opencv_features2d_TF_bot30/working_env/faster24.swtv/core1/opencv_features2d_TF_bot30/modules/features2d/src/keypoint.cpp:88:47: note:   mismatched types const cv::Rect_<_Tp> and int
   88 |         keypoints.resize(-1 - keypoints.begin());
      |                                               ^
In file included from /home/yangheechan/FL-dataset-generation-opencv_features2d_TF_bot30/work/opencv_features2d_TF_bot30/working_env/faster24.swtv/core1/opencv_features2d_TF_bot30/modules/core/include/opencv2/core.hpp:57,
                 from /home/yangheechan/FL-dataset-generation-opencv_features2d_TF_bot30/work/opencv_features2d_TF_bot30/working_env/faster24.swtv/core1/opencv_features2d_TF_bot30/modules/features2d/include/opencv2/features2d.hpp:47,
                 from /home/yangheechan/FL-dataset-generation-opencv_features2d_TF_bot30/work/opencv_features2d_TF_bot30/working_env/faster24.swtv/core1/opencv_features2d_TF_bot30/modules/features2d/src/precomp.hpp:46,
                 from /home/yangheechan/FL-dataset-generation-opencv_features2d_TF_bot30/work/opencv_features2d_TF_bot30/working_env/faster24.swtv/core1/opencv_features2d_TF_bot30/modules/features2d/src/keypoint.cpp:42:
/home/yangheechan/FL-dataset-generation-opencv_features2d_TF_bot30/work/opencv_features2d_TF_bot30/working_env/faster24.swtv/core1/opencv_features2d_TF_bot30/modules/core/include/opencv2/core/types.hpp:2292:14: note: candidate: template<class _Tp> cv::Scalar_<_Tp> cv::operator-(const cv::Scalar_<_Tp>&, const cv::Scalar_<_Tp>&)
 2292 | Scalar_<_Tp> operator - (const Scalar_<_Tp>& a, const Scalar_<_Tp>& b)
      |              ^~~~~~~~
/home/yangheechan/FL-dataset-generation-opencv_features2d_TF_bot30/work/opencv_features2d_TF_bot30/working_env/faster24.swtv/core1/opencv_features2d_TF_bot30/modules/core/include/opencv2/core/types.hpp:2292:14: note:   template argument deduction/substitution failed:
/home/yangheechan/FL-dataset-generation-opencv_features2d_TF_bot30/work/opencv_features2d_TF_bot30/working_env/faster24.swtv/core1/opencv_features2d_TF_bot30/modules/features2d/src/keypoint.cpp:88:47: note:   mismatched types const cv::Scalar_<_Tp> and int
   88 |         keypoints.resize(-1 - keypoints.begin());
      |                                               ^
In file included from /home/yangheechan/FL-dataset-generation-opencv_features2d_TF_bot30/work/opencv_features2d_TF_bot30/working_env/faster24.swtv/core1/opencv_features2d_TF_bot30/modules/core/include/opencv2/core.hpp:57,
                 from /home/yangheechan/FL-dataset-generation-opencv_features2d_TF_bot30/work/opencv_features2d_TF_bot30/working_env/faster24.swtv/core1/opencv_features2d_TF_bot30/modules/features2d/include/opencv2/features2d.hpp:47,
                 from /home/yangheechan/FL-dataset-generation-opencv_features2d_TF_bot30/work/opencv_features2d_TF_bot30/working_env/faster24.swtv/core1/opencv_features2d_TF_bot30/modules/features2d/src/precomp.hpp:46,
                 from /home/yangheechan/FL-dataset-generation-opencv_features2d_TF_bot30/work/opencv_features2d_TF_bot30/working_env/faster24.swtv/core1/opencv_features2d_TF_bot30/modules/features2d/src/keypoint.cpp:42:
/home/yangheechan/FL-dataset-generation-opencv_features2d_TF_bot30/work/opencv_features2d_TF_bot30/working_env/faster24.swtv/core1/opencv_features2d_TF_bot30/modules/core/include/opencv2/core/types.hpp:2316:14: note: candidate: template<class _Tp> cv::Scalar_<_Tp> cv::operator-(const cv::Scalar_<_Tp>&)
 2316 | Scalar_<_Tp> operator - (const Scalar_<_Tp>& a)
      |              ^~~~~~~~
/home/yangheechan/FL-dataset-generation-opencv_features2d_TF_bot30/work/opencv_features2d_TF_bot30/working_env/faster24.swtv/core1/opencv_features2d_TF_bot30/modules/core/include/opencv2/core/types.hpp:2316:14: note:   template argument deduction/substitution failed:
/home/yangheechan/FL-dataset-generation-opencv_features2d_TF_bot30/work/opencv_features2d_TF_bot30/working_env/faster24.swtv/core1/opencv_features2d_TF_bot30/modules/features2d/src/keypoint.cpp:88:47: note:   mismatched types const cv::Scalar_<_Tp> and int
   88 |         keypoints.resize(-1 - keypoints.begin());
      |                                               ^
In file included from /home/yangheechan/FL-dataset-generation-opencv_features2d_TF_bot30/work/opencv_features2d_TF_bot30/working_env/faster24.swtv/core1/opencv_features2d_TF_bot30/modules/core/include/opencv2/core.hpp:58,
                 from /home/yangheechan/FL-dataset-generation-opencv_features2d_TF_bot30/work/opencv_features2d_TF_bot30/working_env/faster24.swtv/core1/opencv_features2d_TF_bot30/modules/features2d/include/opencv2/features2d.hpp:47,
                 from /home/yangheechan/FL-dataset-generation-opencv_features2d_TF_bot30/work/opencv_features2d_TF_bot30/working_env/faster24.swtv/core1/opencv_features2d_TF_bot30/modules/features2d/src/precomp.hpp:46,
                 from /home/yangheechan/FL-dataset-generation-opencv_features2d_TF_bot30/work/opencv_features2d_TF_bot30/working_env/faster24.swtv/core1/opencv_features2d_TF_bot30/modules/features2d/src/keypoint.cpp:42:
/home/yangheechan/FL-dataset-generation-opencv_features2d_TF_bot30/work/opencv_features2d_TF_bot30/working_env/faster24.swtv/core1/opencv_features2d_TF_bot30/modules/core/include/opencv2/core/mat.hpp:3650:9: note: candidate: template<class _Tp, int m, int n> cv::MatExpr cv::operator-(const cv::Mat&, const cv::Matx<_Tp, m, n>&)
 3650 | MatExpr operator - (const Mat& a, const Matx<_Tp, m, n>& b) { return a - Mat(b); }
      |         ^~~~~~~~
/home/yangheechan/FL-dataset-generation-opencv_features2d_TF_bot30/work/opencv_features2d_TF_bot30/working_env/faster24.swtv/core1/opencv_features2d_TF_bot30/modules/core/include/opencv2/core/mat.hpp:3650:9: note:   template argument deduction/substitution failed:
/home/yangheechan/FL-dataset-generation-opencv_features2d_TF_bot30/work/opencv_features2d_TF_bot30/working_env/faster24.swtv/core1/opencv_features2d_TF_bot30/modules/features2d/src/keypoint.cpp:88:47: note:   std::vector<cv::KeyPoint>::iterator is not derived from const cv::Matx<_Tp, m, n>
   88 |         keypoints.resize(-1 - keypoints.begin());
      |                                               ^
In file included from /home/yangheechan/FL-dataset-generation-opencv_features2d_TF_bot30/work/opencv_features2d_TF_bot30/working_env/faster24.swtv/core1/opencv_features2d_TF_bot30/modules/core/include/opencv2/core.hpp:58,
                 from /home/yangheechan/FL-dataset-generation-opencv_features2d_TF_bot30/work/opencv_features2d_TF_bot30/working_env/faster24.swtv/core1/opencv_features2d_TF_bot30/modules/features2d/include/opencv2/features2d.hpp:47,
                 from /home/yangheechan/FL-dataset-generation-opencv_features2d_TF_bot30/work/opencv_features2d_TF_bot30/working_env/faster24.swtv/core1/opencv_features2d_TF_bot30/modules/features2d/src/precomp.hpp:46,
                 from /home/yangheechan/FL-dataset-generation-opencv_features2d_TF_bot30/work/opencv_features2d_TF_bot30/working_env/faster24.swtv/core1/opencv_features2d_TF_bot30/modules/features2d/src/keypoint.cpp:42:
/home/yangheechan/FL-dataset-generation-opencv_features2d_TF_bot30/work/opencv_features2d_TF_bot30/working_env/faster24.swtv/core1/opencv_features2d_TF_bot30/modules/core/include/opencv2/core/mat.hpp:3652:9: note: candidate: template<class _Tp, int m, int n> cv::MatExpr cv::operator-(const cv::Matx<_Tp, m, n>&, const cv::Mat&)
 3652 | MatExpr operator - (const Matx<_Tp, m, n>& a, const Mat& b) { return Mat(a) - b; }
      |         ^~~~~~~~
/home/yangheechan/FL-dataset-generation-opencv_features2d_TF_bot30/work/opencv_features2d_TF_bot30/working_env/faster24.swtv/core1/opencv_features2d_TF_bot30/modules/core/include/opencv2/core/mat.hpp:3652:9: note:   template argument deduction/substitution failed:
/home/yangheechan/FL-dataset-generation-opencv_features2d_TF_bot30/work/opencv_features2d_TF_bot30/working_env/faster24.swtv/core1/opencv_features2d_TF_bot30/modules/features2d/src/keypoint.cpp:88:47: note:   mismatched types const cv::Matx<_Tp, m, n> and int
   88 |         keypoints.resize(-1 - keypoints.begin());
      |                                               ^
In file included from /home/yangheechan/FL-dataset-generation-opencv_features2d_TF_bot30/work/opencv_features2d_TF_bot30/working_env/faster24.swtv/core1/opencv_features2d_TF_bot30/modules/core/include/opencv2/core/mat.hpp:3795,
                 from /home/yangheechan/FL-dataset-generation-opencv_features2d_TF_bot30/work/opencv_features2d_TF_bot30/working_env/faster24.swtv/core1/opencv_features2d_TF_bot30/modules/core/include/opencv2/core.hpp:58,
                 from /home/yangheechan/FL-dataset-generation-opencv_features2d_TF_bot30/work/opencv_features2d_TF_bot30/working_env/faster24.swtv/core1/opencv_features2d_TF_bot30/modules/features2d/include/opencv2/features2d.hpp:47,
                 from /home/yangheechan/FL-dataset-generation-opencv_features2d_TF_bot30/work/opencv_features2d_TF_bot30/working_env/faster24.swtv/core1/opencv_features2d_TF_bot30/modules/features2d/src/precomp.hpp:46,
                 from /home/yangheechan/FL-dataset-generation-opencv_features2d_TF_bot30/work/opencv_features2d_TF_bot30/working_env/faster24.swtv/core1/opencv_features2d_TF_bot30/modules/features2d/src/keypoint.cpp:42:
/home/yangheechan/FL-dataset-generation-opencv_features2d_TF_bot30/work/opencv_features2d_TF_bot30/working_env/faster24.swtv/core1/opencv_features2d_TF_bot30/modules/core/include/opencv2/core/mat.inl.hpp:2601:24: note: candidate: template<class _Tp> cv::MatConstIterator_<_Tp> cv::operator-(const cv::MatConstIterator_<_Tp>&, ptrdiff_t)
 2601 | MatConstIterator_<_Tp> operator - (const MatConstIterator_<_Tp>& a, ptrdiff_t ofs)
      |                        ^~~~~~~~
/home/yangheechan/FL-dataset-generation-opencv_features2d_TF_bot30/work/opencv_features2d_TF_bot30/working_env/faster24.swtv/core1/opencv_features2d_TF_bot30/modules/core/include/opencv2/core/mat.inl.hpp:2601:24: note:   template argument deduction/substitution failed:
/home/yangheechan/FL-dataset-generation-opencv_features2d_TF_bot30/work/opencv_features2d_TF_bot30/working_env/faster24.swtv/core1/opencv_features2d_TF_bot30/modules/features2d/src/keypoint.cpp:88:47: note:   mismatched types const cv::MatConstIterator_<_Tp> and int
   88 |         keypoints.resize(-1 - keypoints.begin());
      |                                               ^
In file included from /home/yangheechan/FL-dataset-generation-opencv_features2d_TF_bot30/work/opencv_features2d_TF_bot30/working_env/faster24.swtv/core1/opencv_features2d_TF_bot30/modules/core/include/opencv2/core/mat.hpp:3795,
                 from /home/yangheechan/FL-dataset-generation-opencv_features2d_TF_bot30/work/opencv_features2d_TF_bot30/working_env/faster24.swtv/core1/opencv_features2d_TF_bot30/modules/core/include/opencv2/core.hpp:58,
                 from /home/yangheechan/FL-dataset-generation-opencv_features2d_TF_bot30/work/opencv_features2d_TF_bot30/working_env/faster24.swtv/core1/opencv_features2d_TF_bot30/modules/features2d/include/opencv2/features2d.hpp:47,
                 from /home/yangheechan/FL-dataset-generation-opencv_features2d_TF_bot30/work/opencv_features2d_TF_bot30/working_env/faster24.swtv/core1/opencv_features2d_TF_bot30/modules/features2d/src/precomp.hpp:46,
                 from /home/yangheechan/FL-dataset-generation-opencv_features2d_TF_bot30/work/opencv_features2d_TF_bot30/working_env/faster24.swtv/core1/opencv_features2d_TF_bot30/modules/features2d/src/keypoint.cpp:42:
/home/yangheechan/FL-dataset-generation-opencv_features2d_TF_bot30/work/opencv_features2d_TF_bot30/working_env/faster24.swtv/core1/opencv_features2d_TF_bot30/modules/core/include/opencv2/core/mat.inl.hpp:2738:19: note: candidate: template<class _Tp> cv::MatIterator_<_Tp> cv::operator-(const cv::MatIterator_<_Tp>&, ptrdiff_t)
 2738 | MatIterator_<_Tp> operator - (const MatIterator_<_Tp>& a, ptrdiff_t ofs)
      |                   ^~~~~~~~
/home/yangheechan/FL-dataset-generation-opencv_features2d_TF_bot30/work/opencv_features2d_TF_bot30/working_env/faster24.swtv/core1/opencv_features2d_TF_bot30/modules/core/include/opencv2/core/mat.inl.hpp:2738:19: note:   template argument deduction/substitution failed:
/home/yangheechan/FL-dataset-generation-opencv_features2d_TF_bot30/work/opencv_features2d_TF_bot30/working_env/faster24.swtv/core1/opencv_features2d_TF_bot30/modules/features2d/src/keypoint.cpp:88:47: note:   mismatched types const cv::MatIterator_<_Tp> and int
   88 |         keypoints.resize(-1 - keypoints.begin());
      |                                               ^
In file included from /usr/include/c++/11/bits/stl_algobase.h:67,
                 from /usr/include/c++/11/algorithm:61,
                 from /home/yangheechan/FL-dataset-generation-opencv_features2d_TF_bot30/work/opencv_features2d_TF_bot30/working_env/faster24.swtv/core1/opencv_features2d_TF_bot30/modules/core/include/opencv2/core/base.hpp:55,
                 from /home/yangheechan/FL-dataset-generation-opencv_features2d_TF_bot30/work/opencv_features2d_TF_bot30/working_env/faster24.swtv/core1/opencv_features2d_TF_bot30/modules/core/include/opencv2/core.hpp:53,
                 from /home/yangheechan/FL-dataset-generation-opencv_features2d_TF_bot30/work/opencv_features2d_TF_bot30/working_env/faster24.swtv/core1/opencv_features2d_TF_bot30/modules/features2d/include/opencv2/features2d.hpp:47,
                 from /home/yangheechan/FL-dataset-generation-opencv_features2d_TF_bot30/work/opencv_features2d_TF_bot30/working_env/faster24.swtv/core1/opencv_features2d_TF_bot30/modules/features2d/src/precomp.hpp:46,
                 from /home/yangheechan/FL-dataset-generation-opencv_features2d_TF_bot30/work/opencv_features2d_TF_bot30/working_env/faster24.swtv/core1/opencv_features2d_TF_bot30/modules/features2d/src/keypoint.cpp:42:
/usr/include/c++/11/bits/stl_iterator.h:577:5: note: candidate: template<class _IteratorL, class _IteratorR> decltype ((__y.base() - __x.base())) std::operator-(const std::reverse_iterator<_Iterator>&, const std::reverse_iterator<_IteratorR>&)
  577 |     operator-(const reverse_iterator<_IteratorL>& __x,
      |     ^~~~~~~~
/usr/include/c++/11/bits/stl_iterator.h:577:5: note:   template argument deduction/substitution failed:
/home/yangheechan/FL-dataset-generation-opencv_features2d_TF_bot30/work/opencv_features2d_TF_bot30/working_env/faster24.swtv/core1/opencv_features2d_TF_bot30/modules/features2d/src/keypoint.cpp:88:47: note:   mismatched types const std::reverse_iterator<_Iterator> and int
   88 |         keypoints.resize(-1 - keypoints.begin());
      |                                               ^
In file included from /usr/include/c++/11/bits/stl_algobase.h:67,
                 from /usr/include/c++/11/algorithm:61,
                 from /home/yangheechan/FL-dataset-generation-opencv_features2d_TF_bot30/work/opencv_features2d_TF_bot30/working_env/faster24.swtv/core1/opencv_features2d_TF_bot30/modules/core/include/opencv2/core/base.hpp:55,
                 from /home/yangheechan/FL-dataset-generation-opencv_features2d_TF_bot30/work/opencv_features2d_TF_bot30/working_env/faster24.swtv/core1/opencv_features2d_TF_bot30/modules/core/include/opencv2/core.hpp:53,
                 from /home/yangheechan/FL-dataset-generation-opencv_features2d_TF_bot30/work/opencv_features2d_TF_bot30/working_env/faster24.swtv/core1/opencv_features2d_TF_bot30/modules/features2d/include/opencv2/features2d.hpp:47,
                 from /home/yangheechan/FL-dataset-generation-opencv_features2d_TF_bot30/work/opencv_features2d_TF_bot30/working_env/faster24.swtv/core1/opencv_features2d_TF_bot30/modules/features2d/src/precomp.hpp:46,
                 from /home/yangheechan/FL-dataset-generation-opencv_features2d_TF_bot30/work/opencv_features2d_TF_bot30/working_env/faster24.swtv/core1/opencv_features2d_TF_bot30/modules/features2d/src/keypoint.cpp:42:
/usr/include/c++/11/bits/stl_iterator.h:1693:5: note: candidate: template<class _IteratorL, class _IteratorR> decltype ((__x.base() - __y.base())) std::operator-(const std::move_iterator<_IteratorL>&, const std::move_iterator<_IteratorR>&)
 1693 |     operator-(const move_iterator<_IteratorL>& __x,
      |     ^~~~~~~~
/usr/include/c++/11/bits/stl_iterator.h:1693:5: note:   template argument deduction/substitution failed:
/home/yangheechan/FL-dataset-generation-opencv_features2d_TF_bot30/work/opencv_features2d_TF_bot30/working_env/faster24.swtv/core1/opencv_features2d_TF_bot30/modules/features2d/src/keypoint.cpp:88:47: note:   mismatched types const std::move_iterator<_IteratorL> and int
   88 |         keypoints.resize(-1 - keypoints.begin());
      |                                               ^
In file included from /home/yangheechan/FL-dataset-generation-opencv_features2d_TF_bot30/work/opencv_features2d_TF_bot30/working_env/faster24.swtv/core1/opencv_features2d_TF_bot30/modules/core/include/opencv2/core/cvstd.inl.hpp:47,
                 from /home/yangheechan/FL-dataset-generation-opencv_features2d_TF_bot30/work/opencv_features2d_TF_bot30/working_env/faster24.swtv/core1/opencv_features2d_TF_bot30/modules/core/include/opencv2/core.hpp:3416,
                 from /home/yangheechan/FL-dataset-generation-opencv_features2d_TF_bot30/work/opencv_features2d_TF_bot30/working_env/faster24.swtv/core1/opencv_features2d_TF_bot30/modules/features2d/include/opencv2/features2d.hpp:47,
                 from /home/yangheechan/FL-dataset-generation-opencv_features2d_TF_bot30/work/opencv_features2d_TF_bot30/working_env/faster24.swtv/core1/opencv_features2d_TF_bot30/modules/features2d/src/precomp.hpp:46,
                 from /home/yangheechan/FL-dataset-generation-opencv_features2d_TF_bot30/work/opencv_features2d_TF_bot30/working_env/faster24.swtv/core1/opencv_features2d_TF_bot30/modules/features2d/src/keypoint.cpp:42:
/usr/include/c++/11/complex:362:5: note: candidate: template<class _Tp> std::complex<_Tp> std::operator-(const std::complex<_Tp>&, const std::complex<_Tp>&)
  362 |     operator-(const complex<_Tp>& __x, const complex<_Tp>& __y)
      |     ^~~~~~~~
/usr/include/c++/11/complex:362:5: note:   template argument deduction/substitution failed:
/home/yangheechan/FL-dataset-generation-opencv_features2d_TF_bot30/work/opencv_features2d_TF_bot30/working_env/faster24.swtv/core1/opencv_features2d_TF_bot30/modules/features2d/src/keypoint.cpp:88:47: note:   mismatched types const std::complex<_Tp> and int
   88 |         keypoints.resize(-1 - keypoints.begin());
      |                                               ^
In file included from /home/yangheechan/FL-dataset-generation-opencv_features2d_TF_bot30/work/opencv_features2d_TF_bot30/working_env/faster24.swtv/core1/opencv_features2d_TF_bot30/modules/core/include/opencv2/core/cvstd.inl.hpp:47,
                 from /home/yangheechan/FL-dataset-generation-opencv_features2d_TF_bot30/work/opencv_features2d_TF_bot30/working_env/faster24.swtv/core1/opencv_features2d_TF_bot30/modules/core/include/opencv2/core.hpp:3416,
                 from /home/yangheechan/FL-dataset-generation-opencv_features2d_TF_bot30/work/opencv_features2d_TF_bot30/working_env/faster24.swtv/core1/opencv_features2d_TF_bot30/modules/features2d/include/opencv2/features2d.hpp:47,
                 from /home/yangheechan/FL-dataset-generation-opencv_features2d_TF_bot30/work/opencv_features2d_TF_bot30/working_env/faster24.swtv/core1/opencv_features2d_TF_bot30/modules/features2d/src/precomp.hpp:46,
                 from /home/yangheechan/FL-dataset-generation-opencv_features2d_TF_bot30/work/opencv_features2d_TF_bot30/working_env/faster24.swtv/core1/opencv_features2d_TF_bot30/modules/features2d/src/keypoint.cpp:42:
/usr/include/c++/11/complex:371:5: note: candidate: template<class _Tp> std::complex<_Tp> std::operator-(const std::complex<_Tp>&, const _Tp&)
  371 |     operator-(const complex<_Tp>& __x, const _Tp& __y)
      |     ^~~~~~~~
/usr/include/c++/11/complex:371:5: note:   template argument deduction/substitution failed:
/home/yangheechan/FL-dataset-generation-opencv_features2d_TF_bot30/work/opencv_features2d_TF_bot30/working_env/faster24.swtv/core1/opencv_features2d_TF_bot30/modules/features2d/src/keypoint.cpp:88:47: note:   mismatched types const std::complex<_Tp> and int
   88 |         keypoints.resize(-1 - keypoints.begin());
      |                                               ^
In file included from /home/yangheechan/FL-dataset-generation-opencv_features2d_TF_bot30/work/opencv_features2d_TF_bot30/working_env/faster24.swtv/core1/opencv_features2d_TF_bot30/modules/core/include/opencv2/core/cvstd.inl.hpp:47,
                 from /home/yangheechan/FL-dataset-generation-opencv_features2d_TF_bot30/work/opencv_features2d_TF_bot30/working_env/faster24.swtv/core1/opencv_features2d_TF_bot30/modules/core/include/opencv2/core.hpp:3416,
                 from /home/yangheechan/FL-dataset-generation-opencv_features2d_TF_bot30/work/opencv_features2d_TF_bot30/working_env/faster24.swtv/core1/opencv_features2d_TF_bot30/modules/features2d/include/opencv2/features2d.hpp:47,
                 from /home/yangheechan/FL-dataset-generation-opencv_features2d_TF_bot30/work/opencv_features2d_TF_bot30/working_env/faster24.swtv/core1/opencv_features2d_TF_bot30/modules/features2d/src/precomp.hpp:46,
                 from /home/yangheechan/FL-dataset-generation-opencv_features2d_TF_bot30/work/opencv_features2d_TF_bot30/working_env/faster24.swtv/core1/opencv_features2d_TF_bot30/modules/features2d/src/keypoint.cpp:42:
/usr/include/c++/11/complex:380:5: note: candidate: template<class _Tp> std::complex<_Tp> std::operator-(const _Tp&, const std::complex<_Tp>&)
  380 |     operator-(const _Tp& __x, const complex<_Tp>& __y)
      |     ^~~~~~~~
/usr/include/c++/11/complex:380:5: note:   template argument deduction/substitution failed:
/home/yangheechan/FL-dataset-generation-opencv_features2d_TF_bot30/work/opencv_features2d_TF_bot30/working_env/faster24.swtv/core1/opencv_features2d_TF_bot30/modules/features2d/src/keypoint.cpp:88:47: note:   std::vector<cv::KeyPoint>::iterator is not derived from const std::complex<_Tp>
   88 |         keypoints.resize(-1 - keypoints.begin());
      |                                               ^
In file included from /home/yangheechan/FL-dataset-generation-opencv_features2d_TF_bot30/work/opencv_features2d_TF_bot30/working_env/faster24.swtv/core1/opencv_features2d_TF_bot30/modules/core/include/opencv2/core/cvstd.inl.hpp:47,
                 from /home/yangheechan/FL-dataset-generation-opencv_features2d_TF_bot30/work/opencv_features2d_TF_bot30/working_env/faster24.swtv/core1/opencv_features2d_TF_bot30/modules/core/include/opencv2/core.hpp:3416,
                 from /home/yangheechan/FL-dataset-generation-opencv_features2d_TF_bot30/work/opencv_features2d_TF_bot30/working_env/faster24.swtv/core1/opencv_features2d_TF_bot30/modules/features2d/include/opencv2/features2d.hpp:47,
                 from /home/yangheechan/FL-dataset-generation-opencv_features2d_TF_bot30/work/opencv_features2d_TF_bot30/working_env/faster24.swtv/core1/opencv_features2d_TF_bot30/modules/features2d/src/precomp.hpp:46,
                 from /home/yangheechan/FL-dataset-generation-opencv_features2d_TF_bot30/work/opencv_features2d_TF_bot30/working_env/faster24.swtv/core1/opencv_features2d_TF_bot30/modules/features2d/src/keypoint.cpp:42:
/usr/include/c++/11/complex:457:5: note: candidate: template<class _Tp> std::complex<_Tp> std::operator-(const std::complex<_Tp>&)
  457 |     operator-(const complex<_Tp>& __x)
      |     ^~~~~~~~
/usr/include/c++/11/complex:457:5: note:   template argument deduction/substitution failed:
/home/yangheechan/FL-dataset-generation-opencv_features2d_TF_bot30/work/opencv_features2d_TF_bot30/working_env/faster24.swtv/core1/opencv_features2d_TF_bot30/modules/features2d/src/keypoint.cpp:88:47: note:   mismatched types const std::complex<_Tp> and int
   88 |         keypoints.resize(-1 - keypoints.begin());
      |                                               ^
In file included from /usr/include/c++/11/bits/stl_algobase.h:67,
                 from /usr/include/c++/11/algorithm:61,
                 from /home/yangheechan/FL-dataset-generation-opencv_features2d_TF_bot30/work/opencv_features2d_TF_bot30/working_env/faster24.swtv/core1/opencv_features2d_TF_bot30/modules/core/include/opencv2/core/base.hpp:55,
                 from /home/yangheechan/FL-dataset-generation-opencv_features2d_TF_bot30/work/opencv_features2d_TF_bot30/working_env/faster24.swtv/core1/opencv_features2d_TF_bot30/modules/core/include/opencv2/core.hpp:53,
                 from /home/yangheechan/FL-dataset-generation-opencv_features2d_TF_bot30/work/opencv_features2d_TF_bot30/working_env/faster24.swtv/core1/opencv_features2d_TF_bot30/modules/features2d/include/opencv2/features2d.hpp:47,
                 from /home/yangheechan/FL-dataset-generation-opencv_features2d_TF_bot30/work/opencv_features2d_TF_bot30/working_env/faster24.swtv/core1/opencv_features2d_TF_bot30/modules/features2d/src/precomp.hpp:46,
                 from /home/yangheechan/FL-dataset-generation-opencv_features2d_TF_bot30/work/opencv_features2d_TF_bot30/working_env/faster24.swtv/core1/opencv_features2d_TF_bot30/modules/features2d/src/keypoint.cpp:42:
/usr/include/c++/11/bits/stl_iterator.h:1255:5: note: candidate: template<class _IteratorL, class _IteratorR, class _Container> decltype ((__lhs.base() - __rhs.base())) __gnu_cxx::operator-(const __gnu_cxx::__normal_iterator<_IteratorL, _Container>&, const __gnu_cxx::__normal_iterator<_IteratorR, _Container>&)
 1255 |     operator-(const __normal_iterator<_IteratorL, _Container>& __lhs,
      |     ^~~~~~~~
/usr/include/c++/11/bits/stl_iterator.h:1255:5: note:   template argument deduction/substitution failed:
/home/yangheechan/FL-dataset-generation-opencv_features2d_TF_bot30/work/opencv_features2d_TF_bot30/working_env/faster24.swtv/core1/opencv_features2d_TF_bot30/modules/features2d/src/keypoint.cpp:88:47: note:   mismatched types const __gnu_cxx::__normal_iterator<_IteratorL, _Container> and int
   88 |         keypoints.resize(-1 - keypoints.begin());
      |                                               ^
In file included from /usr/include/c++/11/bits/stl_algobase.h:67,
                 from /usr/include/c++/11/algorithm:61,
                 from /home/yangheechan/FL-dataset-generation-opencv_features2d_TF_bot30/work/opencv_features2d_TF_bot30/working_env/faster24.swtv/core1/opencv_features2d_TF_bot30/modules/core/include/opencv2/core/base.hpp:55,
                 from /home/yangheechan/FL-dataset-generation-opencv_features2d_TF_bot30/work/opencv_features2d_TF_bot30/working_env/faster24.swtv/core1/opencv_features2d_TF_bot30/modules/core/include/opencv2/core.hpp:53,
                 from /home/yangheechan/FL-dataset-generation-opencv_features2d_TF_bot30/work/opencv_features2d_TF_bot30/working_env/faster24.swtv/core1/opencv_features2d_TF_bot30/modules/features2d/include/opencv2/features2d.hpp:47,
                 from /home/yangheechan/FL-dataset-generation-opencv_features2d_TF_bot30/work/opencv_features2d_TF_bot30/working_env/faster24.swtv/core1/opencv_features2d_TF_bot30/modules/features2d/src/precomp.hpp:46,
                 from /home/yangheechan/FL-dataset-generation-opencv_features2d_TF_bot30/work/opencv_features2d_TF_bot30/working_env/faster24.swtv/core1/opencv_features2d_TF_bot30/modules/features2d/src/keypoint.cpp:42:
/usr/include/c++/11/bits/stl_iterator.h:1268:5: note: candidate: template<class _Iterator, class _Container> typename __gnu_cxx::__normal_iterator<_Iterator, _Container>::difference_type __gnu_cxx::operator-(const __gnu_cxx::__normal_iterator<_Iterator, _Container>&, const __gnu_cxx::__normal_iterator<_Iterator, _Container>&)
 1268 |     operator-(const __normal_iterator<_Iterator, _Container>& __lhs,
      |     ^~~~~~~~
/usr/include/c++/11/bits/stl_iterator.h:1268:5: note:   template argument deduction/substitution failed:
/home/yangheechan/FL-dataset-generation-opencv_features2d_TF_bot30/work/opencv_features2d_TF_bot30/working_env/faster24.swtv/core1/opencv_features2d_TF_bot30/modules/features2d/src/keypoint.cpp:88:47: note:   mismatched types const __gnu_cxx::__normal_iterator<_Iterator, _Container> and int
   88 |         keypoints.resize(-1 - keypoints.begin());
      |                                               ^
In file included from /home/yangheechan/FL-dataset-generation-opencv_features2d_TF_bot30/work/opencv_features2d_TF_bot30/working_env/faster24.swtv/core1/opencv_features2d_TF_bot30/modules/core/include/opencv2/core.hpp:57,
                 from /home/yangheechan/FL-dataset-generation-opencv_features2d_TF_bot30/work/opencv_features2d_TF_bot30/working_env/faster24.swtv/core1/opencv_features2d_TF_bot30/modules/features2d/include/opencv2/features2d.hpp:47,
                 from /home/yangheechan/FL-dataset-generation-opencv_features2d_TF_bot30/work/opencv_features2d_TF_bot30/working_env/faster24.swtv/core1/opencv_features2d_TF_bot30/modules/features2d/src/precomp.hpp:46,
                 from /home/yangheechan/FL-dataset-generation-opencv_features2d_TF_bot30/work/opencv_features2d_TF_bot30/working_env/faster24.swtv/core1/opencv_features2d_TF_bot30/modules/features2d/src/keypoint.cpp:42:
/home/yangheechan/FL-dataset-generation-opencv_features2d_TF_bot30/work/opencv_features2d_TF_bot30/working_env/faster24.swtv/core1/opencv_features2d_TF_bot30/modules/core/include/opencv2/core/types.hpp:2125:7: note: candidate: cv::Range cv::operator-(const cv::Range&, int)
 2125 | Range operator - (const Range& r1, int delta)
      |       ^~~~~~~~
/home/yangheechan/FL-dataset-generation-opencv_features2d_TF_bot30/work/opencv_features2d_TF_bot30/working_env/faster24.swtv/core1/opencv_features2d_TF_bot30/modules/core/include/opencv2/core/types.hpp:2125:32: note:   no known conversion for argument 1 from int to const cv::Range&
 2125 | Range operator - (const Range& r1, int delta)
      |                   ~~~~~~~~~~~~~^~
In file included from /home/yangheechan/FL-dataset-generation-opencv_features2d_TF_bot30/work/opencv_features2d_TF_bot30/working_env/faster24.swtv/core1/opencv_features2d_TF_bot30/modules/core/include/opencv2/core.hpp:58,
                 from /home/yangheechan/FL-dataset-generation-opencv_features2d_TF_bot30/work/opencv_features2d_TF_bot30/working_env/faster24.swtv/core1/opencv_features2d_TF_bot30/modules/features2d/include/opencv2/features2d.hpp:47,
                 from /home/yangheechan/FL-dataset-generation-opencv_features2d_TF_bot30/work/opencv_features2d_TF_bot30/working_env/faster24.swtv/core1/opencv_features2d_TF_bot30/modules/features2d/src/precomp.hpp:46,
                 from /home/yangheechan/FL-dataset-generation-opencv_features2d_TF_bot30/work/opencv_features2d_TF_bot30/working_env/faster24.swtv/core1/opencv_features2d_TF_bot30/modules/features2d/src/keypoint.cpp:42:
/home/yangheechan/FL-dataset-generation-opencv_features2d_TF_bot30/work/opencv_features2d_TF_bot30/working_env/faster24.swtv/core1/opencv_features2d_TF_bot30/modules/core/include/opencv2/core/mat.hpp:3641:20: note: candidate: cv::MatExpr cv::operator-(const cv::Mat&, const cv::Mat&)
 3641 | CV_EXPORTS MatExpr operator - (const Mat& a, const Mat& b);
      |                    ^~~~~~~~
/home/yangheechan/FL-dataset-generation-opencv_features2d_TF_bot30/work/opencv_features2d_TF_bot30/working_env/faster24.swtv/core1/opencv_features2d_TF_bot30/modules/core/include/opencv2/core/mat.hpp:3641:43: note:   no known conversion for argument 1 from int to const cv::Mat&
 3641 | CV_EXPORTS MatExpr operator - (const Mat& a, const Mat& b);
      |                                ~~~~~~~~~~~^
/home/yangheechan/FL-dataset-generation-opencv_features2d_TF_bot30/work/opencv_features2d_TF_bot30/working_env/faster24.swtv/core1/opencv_features2d_TF_bot30/modules/core/include/opencv2/core/mat.hpp:3642:20: note: candidate: cv::MatExpr cv::operator-(const cv::Mat&, const Scalar&)
 3642 | CV_EXPORTS MatExpr operator - (const Mat& a, const Scalar& s);
      |                    ^~~~~~~~
/home/yangheechan/FL-dataset-generation-opencv_features2d_TF_bot30/work/opencv_features2d_TF_bot30/working_env/faster24.swtv/core1/opencv_features2d_TF_bot30/modules/core/include/opencv2/core/mat.hpp:3642:43: note:   no known conversion for argument 1 from int to const cv::Mat&
 3642 | CV_EXPORTS MatExpr operator - (const Mat& a, const Scalar& s);
      |                                ~~~~~~~~~~~^
/home/yangheechan/FL-dataset-generation-opencv_features2d_TF_bot30/work/opencv_features2d_TF_bot30/working_env/faster24.swtv/core1/opencv_features2d_TF_bot30/modules/core/include/opencv2/core/mat.hpp:3643:20: note: candidate: cv::MatExpr cv::operator-(const Scalar&, const cv::Mat&)
 3643 | CV_EXPORTS MatExpr operator - (const Scalar& s, const Mat& a);
      |                    ^~~~~~~~
/home/yangheechan/FL-dataset-generation-opencv_features2d_TF_bot30/work/opencv_features2d_TF_bot30/working_env/faster24.swtv/core1/opencv_features2d_TF_bot30/modules/core/include/opencv2/core/mat.hpp:3643:60: note:   no known conversion for argument 2 from std::vector<cv::KeyPoint>::iterator to const cv::Mat&
 3643 | CV_EXPORTS MatExpr operator - (const Scalar& s, const Mat& a);
      |                                                 ~~~~~~~~~~~^
/home/yangheechan/FL-dataset-generation-opencv_features2d_TF_bot30/work/opencv_features2d_TF_bot30/working_env/faster24.swtv/core1/opencv_features2d_TF_bot30/modules/core/include/opencv2/core/mat.hpp:3644:20: note: candidate: cv::MatExpr cv::operator-(const cv::MatExpr&, const cv::Mat&)
 3644 | CV_EXPORTS MatExpr operator - (const MatExpr& e, const Mat& m);
      |                    ^~~~~~~~
/home/yangheechan/FL-dataset-generation-opencv_features2d_TF_bot30/work/opencv_features2d_TF_bot30/working_env/faster24.swtv/core1/opencv_features2d_TF_bot30/modules/core/include/opencv2/core/mat.hpp:3644:47: note:   no known conversion for argument 1 from int to const cv::MatExpr&
 3644 | CV_EXPORTS MatExpr operator - (const MatExpr& e, const Mat& m);
      |                                ~~~~~~~~~~~~~~~^
/home/yangheechan/FL-dataset-generation-opencv_features2d_TF_bot30/work/opencv_features2d_TF_bot30/working_env/faster24.swtv/core1/opencv_features2d_TF_bot30/modules/core/include/opencv2/core/mat.hpp:3645:20: note: candidate: cv::MatExpr cv::operator-(const cv::Mat&, const cv::MatExpr&)
 3645 | CV_EXPORTS MatExpr operator - (const Mat& m, const MatExpr& e);
      |                    ^~~~~~~~
/home/yangheechan/FL-dataset-generation-opencv_features2d_TF_bot30/work/opencv_features2d_TF_bot30/working_env/faster24.swtv/core1/opencv_features2d_TF_bot30/modules/core/include/opencv2/core/mat.hpp:3645:43: note:   no known conversion for argument 1 from int to const cv::Mat&
 3645 | CV_EXPORTS MatExpr operator - (const Mat& m, const MatExpr& e);
      |                                ~~~~~~~~~~~^
/home/yangheechan/FL-dataset-generation-opencv_features2d_TF_bot30/work/opencv_features2d_TF_bot30/working_env/faster24.swtv/core1/opencv_features2d_TF_bot30/modules/core/include/opencv2/core/mat.hpp:3646:20: note: candidate: cv::MatExpr cv::operator-(const cv::MatExpr&, const Scalar&)
 3646 | CV_EXPORTS MatExpr operator - (const MatExpr& e, const Scalar& s);
      |                    ^~~~~~~~
/home/yangheechan/FL-dataset-generation-opencv_features2d_TF_bot30/work/opencv_features2d_TF_bot30/working_env/faster24.swtv/core1/opencv_features2d_TF_bot30/modules/core/include/opencv2/core/mat.hpp:3646:47: note:   no known conversion for argument 1 from int to const cv::MatExpr&
 3646 | CV_EXPORTS MatExpr operator - (const MatExpr& e, const Scalar& s);
      |                                ~~~~~~~~~~~~~~~^
/home/yangheechan/FL-dataset-generation-opencv_features2d_TF_bot30/work/opencv_features2d_TF_bot30/working_env/faster24.swtv/core1/opencv_features2d_TF_bot30/modules/core/include/opencv2/core/mat.hpp:3647:20: note: candidate: cv::MatExpr cv::operator-(const Scalar&, const cv::MatExpr&)
 3647 | CV_EXPORTS MatExpr operator - (const Scalar& s, const MatExpr& e);
      |                    ^~~~~~~~
/home/yangheechan/FL-dataset-generation-opencv_features2d_TF_bot30/work/opencv_features2d_TF_bot30/working_env/faster24.swtv/core1/opencv_features2d_TF_bot30/modules/core/include/opencv2/core/mat.hpp:3647:64: note:   no known conversion for argument 2 from std::vector<cv::KeyPoint>::iterator to const cv::MatExpr&
 3647 | CV_EXPORTS MatExpr operator - (const Scalar& s, const MatExpr& e);
      |                                                 ~~~~~~~~~~~~~~~^
/home/yangheechan/FL-dataset-generation-opencv_features2d_TF_bot30/work/opencv_features2d_TF_bot30/working_env/faster24.swtv/core1/opencv_features2d_TF_bot30/modules/core/include/opencv2/core/mat.hpp:3648:20: note: candidate: cv::MatExpr cv::operator-(const cv::MatExpr&, const cv::MatExpr&)
 3648 | CV_EXPORTS MatExpr operator - (const MatExpr& e1, const MatExpr& e2);
      |                    ^~~~~~~~
/home/yangheechan/FL-dataset-generation-opencv_features2d_TF_bot30/work/opencv_features2d_TF_bot30/working_env/faster24.swtv/core1/opencv_features2d_TF_bot30/modules/core/include/opencv2/core/mat.hpp:3648:47: note:   no known conversion for argument 1 from int to const cv::MatExpr&
 3648 | CV_EXPORTS MatExpr operator - (const MatExpr& e1, const MatExpr& e2);
      |                                ~~~~~~~~~~~~~~~^~
/home/yangheechan/FL-dataset-generation-opencv_features2d_TF_bot30/work/opencv_features2d_TF_bot30/working_env/faster24.swtv/core1/opencv_features2d_TF_bot30/modules/core/include/opencv2/core/mat.hpp:3654:20: note: candidate: cv::MatExpr cv::operator-(const cv::Mat&)
 3654 | CV_EXPORTS MatExpr operator - (const Mat& m);
      |                    ^~~~~~~~
/home/yangheechan/FL-dataset-generation-opencv_features2d_TF_bot30/work/opencv_features2d_TF_bot30/working_env/faster24.swtv/core1/opencv_features2d_TF_bot30/modules/core/include/opencv2/core/mat.hpp:3654:20: note:   candidate expects 1 argument, 2 provided
/home/yangheechan/FL-dataset-generation-opencv_features2d_TF_bot30/work/opencv_features2d_TF_bot30/working_env/faster24.swtv/core1/opencv_features2d_TF_bot30/modules/core/include/opencv2/core/mat.hpp:3655:20: note: candidate: cv::MatExpr cv::operator-(const cv::MatExpr&)
 3655 | CV_EXPORTS MatExpr operator - (const MatExpr& e);
      |                    ^~~~~~~~
/home/yangheechan/FL-dataset-generation-opencv_features2d_TF_bot30/work/opencv_features2d_TF_bot30/working_env/faster24.swtv/core1/opencv_features2d_TF_bot30/modules/core/include/opencv2/core/mat.hpp:3655:20: note:   candidate expects 1 argument, 2 provided
In file included from /home/yangheechan/FL-dataset-generation-opencv_features2d_TF_bot30/work/opencv_features2d_TF_bot30/working_env/faster24.swtv/core1/opencv_features2d_TF_bot30/modules/core/include/opencv2/core/mat.hpp:3795,
                 from /home/yangheechan/FL-dataset-generation-opencv_features2d_TF_bot30/work/opencv_features2d_TF_bot30/working_env/faster24.swtv/core1/opencv_features2d_TF_bot30/modules/core/include/opencv2/core.hpp:58,
                 from /home/yangheechan/FL-dataset-generation-opencv_features2d_TF_bot30/work/opencv_features2d_TF_bot30/working_env/faster24.swtv/core1/opencv_features2d_TF_bot30/modules/features2d/include/opencv2/features2d.hpp:47,
                 from /home/yangheechan/FL-dataset-generation-opencv_features2d_TF_bot30/work/opencv_features2d_TF_bot30/working_env/faster24.swtv/core1/opencv_features2d_TF_bot30/modules/features2d/src/precomp.hpp:46,
                 from /home/yangheechan/FL-dataset-generation-opencv_features2d_TF_bot30/work/opencv_features2d_TF_bot30/working_env/faster24.swtv/core1/opencv_features2d_TF_bot30/modules/features2d/src/keypoint.cpp:42:
/home/yangheechan/FL-dataset-generation-opencv_features2d_TF_bot30/work/opencv_features2d_TF_bot30/working_env/faster24.swtv/core1/opencv_features2d_TF_bot30/modules/core/include/opencv2/core/mat.inl.hpp:2428:11: note: candidate: ptrdiff_t cv::operator-(const cv::MatConstIterator&, const cv::MatConstIterator&)
 2428 | ptrdiff_t operator - (const MatConstIterator& b, const MatConstIterator& a)
      |           ^~~~~~~~
/home/yangheechan/FL-dataset-generation-opencv_features2d_TF_bot30/work/opencv_features2d_TF_bot30/working_env/faster24.swtv/core1/opencv_features2d_TF_bot30/modules/core/include/opencv2/core/mat.inl.hpp:2428:74: note:   no known conversion for argument 2 from std::vector<cv::KeyPoint>::iterator to const cv::MatConstIterator&
 2428 | ptrdiff_t operator - (const MatConstIterator& b, const MatConstIterator& a)
      |                                                  ~~~~~~~~~~~~~~~~~~~~~~~~^
/home/yangheechan/FL-dataset-generation-opencv_features2d_TF_bot30/work/opencv_features2d_TF_bot30/working_env/faster24.swtv/core1/opencv_features2d_TF_bot30/modules/core/include/opencv2/core/mat.inl.hpp:2453:18: note: candidate: cv::MatConstIterator cv::operator-(const cv::MatConstIterator&, ptrdiff_t)
 2453 | MatConstIterator operator - (const MatConstIterator& a, ptrdiff_t ofs)
      |                  ^~~~~~~~
/home/yangheechan/FL-dataset-generation-opencv_features2d_TF_bot30/work/opencv_features2d_TF_bot30/working_env/faster24.swtv/core1/opencv_features2d_TF_bot30/modules/core/include/opencv2/core/mat.inl.hpp:2453:67: note:   no known conversion for argument 2 from std::vector<cv::KeyPoint>::iterator to ptrdiff_t {aka long int}
 2453 | MatConstIterator operator - (const MatConstIterator& a, ptrdiff_t ofs)
      |                                                         ~~~~~~~~~~^~~
In file included from /home/yangheechan/FL-dataset-generation-opencv_features2d_TF_bot30/work/opencv_features2d_TF_bot30/working_env/faster24.swtv/core1/opencv_features2d_TF_bot30/modules/core/include/opencv2/core.hpp:59,
                 from /home/yangheechan/FL-dataset-generation-opencv_features2d_TF_bot30/work/opencv_features2d_TF_bot30/working_env/faster24.swtv/core1/opencv_features2d_TF_bot30/modules/features2d/include/opencv2/features2d.hpp:47,
                 from /home/yangheechan/FL-dataset-generation-opencv_features2d_TF_bot30/work/opencv_features2d_TF_bot30/working_env/faster24.swtv/core1/opencv_features2d_TF_bot30/modules/features2d/src/precomp.hpp:46,
                 from /home/yangheechan/FL-dataset-generation-opencv_features2d_TF_bot30/work/opencv_features2d_TF_bot30/working_env/faster24.swtv/core1/opencv_features2d_TF_bot30/modules/features2d/src/keypoint.cpp:42:
/home/yangheechan/FL-dataset-generation-opencv_features2d_TF_bot30/work/opencv_features2d_TF_bot30/working_env/faster24.swtv/core1/opencv_features2d_TF_bot30/modules/core/include/opencv2/core/persistence.hpp:1297:11: note: candidate: ptrdiff_t cv::operator-(const cv::FileNodeIterator&, const cv::FileNodeIterator&)
 1297 | ptrdiff_t operator - (const FileNodeIterator& it1, const FileNodeIterator& it2)
      |           ^~~~~~~~
/home/yangheechan/FL-dataset-generation-opencv_features2d_TF_bot30/work/opencv_features2d_TF_bot30/working_env/faster24.swtv/core1/opencv_features2d_TF_bot30/modules/core/include/opencv2/core/persistence.hpp:1297:47: note:   no known conversion for argument 1 from int to const cv::FileNodeIterator&
 1297 | ptrdiff_t operator - (const FileNodeIterator& it1, const FileNodeIterator& it2)
      |                       ~~~~~~~~~~~~~~~~~~~~~~~~^~~
make[2]: *** [modules/features2d/CMakeFiles/opencv_features2d.dir/build.make:350: modules/features2d/CMakeFiles/opencv_features2d.dir/src/keypoint.cpp.o] Error 1
make[1]: *** [CMakeFiles/Makefile2:1473: modules/features2d/CMakeFiles/opencv_features2d.dir/all] Error 2
make: *** [Makefile:166: all] Error 2

+++++ results for feature2d.MUT102.cpp +++++
+++++ STDOUT +++++
[  0%] Built target opencv_highgui_plugins
[  0%] Built target opencv_dnn_plugins
[  0%] Built target ittnotify
[  0%] Built target opencv_videoio_plugins
[  5%] Built target ippiw
[  7%] Built target libopenjp2
[ 23%] Built target libwebp
[ 37%] Built target IlmImf
[ 51%] Built target opencv_core
[ 51%] Built target opencv_version
[ 64%] Built target opencv_imgproc
[ 67%] Built target opencv_imgcodecs
[ 69%] Built target opencv_videoio
Consolidate compiler generated dependencies of target opencv_features2d
[ 69%] Building CXX object modules/features2d/CMakeFiles/opencv_features2d.dir/src/keypoint.cpp.o
[ 70%] Built target opencv_highgui
[ 73%] Built target opencv_visualisation
[ 73%] Built target opencv_annotation
[ 74%] Built target opencv_ts
[ 74%] Built target opencv_test_highgui
[ 75%] Built target opencv_test_imgcodecs
[ 77%] Built target opencv_test_videoio
[ 83%] Built target opencv_test_core
[ 92%] Built target opencv_test_imgproc
[ 92%] Linking CXX shared library ../../lib/libopencv_features2d.so
[ 96%] Built target opencv_features2d
[ 96%] Linking CXX executable ../../bin/opencv_test_features2d
[100%] Built target opencv_test_features2d
[  0%] Built target opencv_highgui_plugins
[  0%] Built target opencv_dnn_plugins
[  3%] Built target libopenjp2
[  3%] Built target ittnotify
[  3%] Built target opencv_videoio_plugins
[  7%] Built target ippiw
[ 23%] Built target libwebp
[ 37%] Built target IlmImf
[ 51%] Built target opencv_core
[ 51%] Built target opencv_version
[ 64%] Built target opencv_imgproc
[ 67%] Built target opencv_imgcodecs
[ 69%] Built target opencv_videoio
Consolidate compiler generated dependencies of target opencv_features2d
[ 70%] Built target opencv_highgui
[ 70%] Building CXX object modules/features2d/CMakeFiles/opencv_features2d.dir/src/feature2d.cpp.o
[ 72%] Built target opencv_annotation
[ 73%] Built target opencv_visualisation
[ 74%] Built target opencv_ts
[ 74%] Built target opencv_test_highgui
[ 75%] Built target opencv_test_imgcodecs
[ 77%] Built target opencv_test_videoio
[ 83%] Built target opencv_test_core
[ 92%] Built target opencv_test_imgproc
[ 92%] Linking CXX shared library ../../lib/libopencv_features2d.so
[ 96%] Built target opencv_features2d
[ 96%] Linking CXX executable ../../bin/opencv_test_features2d
[100%] Built target opencv_test_features2d
Testing mutant feature2d.MUT102.cpp on faster24.swtv::core1
>> Building opencv_features2d_TF_bot30
>> Applied patch to feature2d.cpp with feature2d.MUT102.cpp
>> Building opencv_features2d_TF_bot30
Mutant feature2d.MUT102.cpp is not killed (all tcs pass)
>> Reverted feature2d.cpp to original from feature2d.MUT102.cpp

+++++ STDERR +++++

+++++ results for matchers.MUT338.cpp +++++
+++++ STDOUT +++++
[  0%] Built target opencv_highgui_plugins
[  0%] Built target opencv_dnn_plugins
[  0%] Built target ittnotify
[  0%] Built target opencv_videoio_plugins
[  4%] Built target ippiw
[  7%] Built target libopenjp2
[ 23%] Built target libwebp
[ 37%] Built target IlmImf
[ 51%] Built target opencv_core
[ 51%] Built target opencv_version
[ 64%] Built target opencv_imgproc
[ 67%] Built target opencv_imgcodecs
[ 69%] Built target opencv_videoio
Consolidate compiler generated dependencies of target opencv_features2d
[ 70%] Built target opencv_highgui
[ 70%] Building CXX object modules/features2d/CMakeFiles/opencv_features2d.dir/src/feature2d.cpp.o
[ 72%] Built target opencv_annotation
[ 73%] Built target opencv_visualisation
[ 74%] Built target opencv_ts
[ 75%] Built target opencv_test_imgcodecs
[ 75%] Built target opencv_test_highgui
[ 77%] Built target opencv_test_videoio
[ 83%] Built target opencv_test_core
[ 92%] Built target opencv_test_imgproc
[ 92%] Linking CXX shared library ../../lib/libopencv_features2d.so
[ 96%] Built target opencv_features2d
[ 96%] Linking CXX executable ../../bin/opencv_test_features2d
[100%] Built target opencv_test_features2d
[  0%] Built target opencv_videoio_plugins
[  0%] Built target opencv_dnn_plugins
[  0%] Built target opencv_highgui_plugins
[  4%] Built target ippiw
[  4%] Built target ittnotify
[  7%] Built target libopenjp2
[ 23%] Built target libwebp
[ 37%] Built target IlmImf
[ 51%] Built target opencv_core
[ 51%] Built target opencv_version
[ 64%] Built target opencv_imgproc
[ 67%] Built target opencv_imgcodecs
[ 69%] Built target opencv_videoio
Consolidate compiler generated dependencies of target opencv_features2d
[ 69%] Building CXX object modules/features2d/CMakeFiles/opencv_features2d.dir/src/matchers.cpp.o
[ 70%] Built target opencv_highgui
[ 73%] Built target opencv_annotation
[ 73%] Built target opencv_visualisation
[ 74%] Built target opencv_ts
[ 75%] Built target opencv_test_imgcodecs
[ 75%] Built target opencv_test_highgui
[ 77%] Built target opencv_test_videoio
[ 88%] Built target opencv_test_imgproc
[ 92%] Built target opencv_test_core
Testing mutant matchers.MUT338.cpp on faster24.swtv::core1
>> Building opencv_features2d_TF_bot30
>> Applied patch to matchers.cpp with matchers.MUT338.cpp
>> Building opencv_features2d_TF_bot30
Failed to build on matchers.MUT338.cpp
>> Reverted matchers.cpp to original from matchers.MUT338.cpp

+++++ STDERR +++++
/home/yangheechan/FL-dataset-generation-opencv_features2d_TF_bot30/work/opencv_features2d_TF_bot30/working_env/faster24.swtv/core1/opencv_features2d_TF_bot30/modules/features2d/src/matchers.cpp: In member function void cv::DescriptorMatcher::radiusMatch(cv::InputArray, std::vector<std::vector<cv::DMatch> >&, float, cv::InputArrayOfArrays, bool):
/home/yangheechan/FL-dataset-generation-opencv_features2d_TF_bot30/work/opencv_features2d_TF_bot30/working_env/faster24.swtv/core1/opencv_features2d_TF_bot30/modules/features2d/src/matchers.cpp:674:10: error: request for member checkMasks in (cv::DescriptorMatcher*)this, which is of pointer type cv::DescriptorMatcher* (maybe you meant to use -> ?)
  674 |     this.checkMasks(queryDescriptors.size().height);
      |          ^~~~~~~~~~
make[2]: *** [modules/features2d/CMakeFiles/opencv_features2d.dir/build.make:378: modules/features2d/CMakeFiles/opencv_features2d.dir/src/matchers.cpp.o] Error 1
make[1]: *** [CMakeFiles/Makefile2:1473: modules/features2d/CMakeFiles/opencv_features2d.dir/all] Error 2
make: *** [Makefile:166: all] Error 2

+++++ results for matchers.MUT653.cpp +++++
+++++ STDOUT +++++
[  0%] Built target opencv_videoio_plugins
[  0%] Built target opencv_dnn_plugins
[  0%] Built target ittnotify
[  0%] Built target opencv_highgui_plugins
[  3%] Built target libopenjp2
[  7%] Built target ippiw
[ 23%] Built target libwebp
[ 37%] Built target IlmImf
[ 51%] Built target opencv_core
[ 51%] Built target opencv_version
[ 64%] Built target opencv_imgproc
[ 67%] Built target opencv_imgcodecs
Consolidate compiler generated dependencies of target opencv_features2d
[ 69%] Built target opencv_videoio
[ 69%] Building CXX object modules/features2d/CMakeFiles/opencv_features2d.dir/src/matchers.cpp.o
[ 70%] Built target opencv_highgui
[ 72%] Built target opencv_annotation
[ 73%] Built target opencv_visualisation
[ 74%] Built target opencv_ts
[ 74%] Built target opencv_test_highgui
[ 75%] Built target opencv_test_imgcodecs
[ 77%] Built target opencv_test_videoio
[ 83%] Built target opencv_test_core
[ 92%] Built target opencv_test_imgproc
[ 92%] Linking CXX shared library ../../lib/libopencv_features2d.so
[ 96%] Built target opencv_features2d
[ 96%] Linking CXX executable ../../bin/opencv_test_features2d
[100%] Built target opencv_test_features2d
[  0%] Built target opencv_dnn_plugins
[  0%] Built target opencv_videoio_plugins
[  0%] Built target opencv_highgui_plugins
[  4%] Built target ippiw
[  4%] Built target ittnotify
[  7%] Built target libopenjp2
[ 23%] Built target libwebp
[ 37%] Built target IlmImf
[ 51%] Built target opencv_core
[ 51%] Built target opencv_version
[ 64%] Built target opencv_imgproc
[ 67%] Built target opencv_imgcodecs
[ 69%] Built target opencv_videoio
Consolidate compiler generated dependencies of target opencv_features2d
[ 69%] Building CXX object modules/features2d/CMakeFiles/opencv_features2d.dir/src/matchers.cpp.o
[ 70%] Built target opencv_highgui
[ 72%] Built target opencv_annotation
[ 73%] Built target opencv_ts
[ 74%] Built target opencv_visualisation
[ 75%] Built target opencv_test_imgcodecs
[ 75%] Built target opencv_test_highgui
[ 77%] Built target opencv_test_videoio
[ 83%] Built target opencv_test_core
[ 92%] Built target opencv_test_imgproc
Testing mutant matchers.MUT653.cpp on faster24.swtv::core1
>> Building opencv_features2d_TF_bot30
>> Applied patch to matchers.cpp with matchers.MUT653.cpp
>> Building opencv_features2d_TF_bot30
Failed to build on matchers.MUT653.cpp
>> Reverted matchers.cpp to original from matchers.MUT653.cpp

+++++ STDERR +++++
/home/yangheechan/FL-dataset-generation-opencv_features2d_TF_bot30/work/opencv_features2d_TF_bot30/working_env/faster24.swtv/core1/opencv_features2d_TF_bot30/modules/features2d/src/matchers.cpp: In member function virtual void cv::BFMatcher::radiusMatchImpl(cv::InputArray, std::vector<std::vector<cv::DMatch> >&, float, cv::InputArrayOfArrays, bool):
/home/yangheechan/FL-dataset-generation-opencv_features2d_TF_bot30/work/opencv_features2d_TF_bot30/working_env/faster24.swtv/core1/opencv_features2d_TF_bot30/modules/features2d/src/matchers.cpp:969:42: error: no matching function for call to std::vector<cv::Mat>::push_back(int)
  969 |             trainDescCollection.push_back(1);
      |             ~~~~~~~~~~~~~~~~~~~~~~~~~~~~~^~~
In file included from /usr/include/c++/11/vector:67,
                 from /home/yangheechan/FL-dataset-generation-opencv_features2d_TF_bot30/work/opencv_features2d_TF_bot30/working_env/faster24.swtv/core1/opencv_features2d_TF_bot30/modules/core/include/opencv2/core/types.hpp:53,
                 from /home/yangheechan/FL-dataset-generation-opencv_features2d_TF_bot30/work/opencv_features2d_TF_bot30/working_env/faster24.swtv/core1/opencv_features2d_TF_bot30/modules/core/include/opencv2/core.hpp:57,
                 from /home/yangheechan/FL-dataset-generation-opencv_features2d_TF_bot30/work/opencv_features2d_TF_bot30/working_env/faster24.swtv/core1/opencv_features2d_TF_bot30/modules/features2d/include/opencv2/features2d.hpp:47,
                 from /home/yangheechan/FL-dataset-generation-opencv_features2d_TF_bot30/work/opencv_features2d_TF_bot30/working_env/faster24.swtv/core1/opencv_features2d_TF_bot30/modules/features2d/src/precomp.hpp:46,
                 from /home/yangheechan/FL-dataset-generation-opencv_features2d_TF_bot30/work/opencv_features2d_TF_bot30/working_env/faster24.swtv/core1/opencv_features2d_TF_bot30/modules/features2d/src/matchers.cpp:42:
/usr/include/c++/11/bits/stl_vector.h:1187:7: note: candidate: void std::vector<_Tp, _Alloc>::push_back(const value_type&) [with _Tp = cv::Mat; _Alloc = std::allocator<cv::Mat>; std::vector<_Tp, _Alloc>::value_type = cv::Mat]
 1187 |       push_back(const value_type& __x)
      |       ^~~~~~~~~
/usr/include/c++/11/bits/stl_vector.h:1187:35: note:   no known conversion for argument 1 from int to const value_type& {aka const cv::Mat&}
 1187 |       push_back(const value_type& __x)
      |                 ~~~~~~~~~~~~~~~~~~^~~
/usr/include/c++/11/bits/stl_vector.h:1203:7: note: candidate: void std::vector<_Tp, _Alloc>::push_back(std::vector<_Tp, _Alloc>::value_type&&) [with _Tp = cv::Mat; _Alloc = std::allocator<cv::Mat>; std::vector<_Tp, _Alloc>::value_type = cv::Mat]
 1203 |       push_back(value_type&& __x)
      |       ^~~~~~~~~
/usr/include/c++/11/bits/stl_vector.h:1203:30: note:   no known conversion for argument 1 from int to std::vector<cv::Mat>::value_type&& {aka cv::Mat&&}
 1203 |       push_back(value_type&& __x)
      |                 ~~~~~~~~~~~~~^~~
make[2]: *** [modules/features2d/CMakeFiles/opencv_features2d.dir/build.make:378: modules/features2d/CMakeFiles/opencv_features2d.dir/src/matchers.cpp.o] Error 1
make[1]: *** [CMakeFiles/Makefile2:1473: modules/features2d/CMakeFiles/opencv_features2d.dir/all] Error 2
make: *** [Makefile:166: all] Error 2

+++++ results for matchers.MUT541.cpp +++++
+++++ STDOUT +++++
[  0%] Built target opencv_highgui_plugins
[  0%] Built target opencv_dnn_plugins
[  0%] Built target opencv_videoio_plugins
[  0%] Built target ittnotify
[  3%] Built target libopenjp2
[  7%] Built target ippiw
[ 23%] Built target libwebp
[ 37%] Built target IlmImf
[ 51%] Built target opencv_core
[ 51%] Built target opencv_version
[ 64%] Built target opencv_imgproc
[ 67%] Built target opencv_imgcodecs
[ 69%] Built target opencv_videoio
Consolidate compiler generated dependencies of target opencv_features2d
[ 70%] Built target opencv_highgui
[ 70%] Building CXX object modules/features2d/CMakeFiles/opencv_features2d.dir/src/matchers.cpp.o
[ 72%] Built target opencv_annotation
[ 73%] Built target opencv_visualisation
[ 74%] Built target opencv_ts
[ 74%] Built target opencv_test_highgui
[ 75%] Built target opencv_test_imgcodecs
[ 77%] Built target opencv_test_videoio
[ 83%] Built target opencv_test_core
[ 92%] Built target opencv_test_imgproc
[ 92%] Linking CXX shared library ../../lib/libopencv_features2d.so
[ 96%] Built target opencv_features2d
[ 96%] Linking CXX executable ../../bin/opencv_test_features2d
[100%] Built target opencv_test_features2d
[  0%] Built target opencv_videoio_plugins
[  0%] Built target ittnotify
[  0%] Built target opencv_dnn_plugins
[  4%] Built target ippiw
[  4%] Built target opencv_highgui_plugins
[  7%] Built target libopenjp2
[ 23%] Built target libwebp
[ 37%] Built target IlmImf
[ 51%] Built target opencv_core
[ 51%] Built target opencv_version
[ 64%] Built target opencv_imgproc
[ 67%] Built target opencv_imgcodecs
[ 69%] Built target opencv_videoio
Consolidate compiler generated dependencies of target opencv_features2d
[ 70%] Built target opencv_highgui
[ 70%] Building CXX object modules/features2d/CMakeFiles/opencv_features2d.dir/src/matchers.cpp.o
[ 72%] Built target opencv_visualisation
[ 73%] Built target opencv_annotation
[ 74%] Built target opencv_ts
[ 75%] Built target opencv_test_imgcodecs
[ 75%] Built target opencv_test_highgui
[ 77%] Built target opencv_test_videoio
[ 83%] Built target opencv_test_core
[ 92%] Built target opencv_test_imgproc
[ 92%] Linking CXX shared library ../../lib/libopencv_features2d.so
[ 96%] Built target opencv_features2d
[ 96%] Linking CXX executable ../../bin/opencv_test_features2d
[100%] Built target opencv_test_features2d
Testing mutant matchers.MUT541.cpp on faster24.swtv::core1
>> Building opencv_features2d_TF_bot30
>> Applied patch to matchers.cpp with matchers.MUT541.cpp
>> Building opencv_features2d_TF_bot30
>> Saved buggy mutant matchers.MUT541.cpp
	 - Failing test cases: 1
	 - Passing test cases: 61
	 - Crashing test cases: 0
>> Reverted matchers.cpp to original from matchers.MUT541.cpp
>> Cleaning build for opencv_features2d_TF_bot30

+++++ STDERR +++++
