
+++++ results for kaze.MUT242.cpp +++++
+++++ STDOUT +++++
[  0%] Building C object 3rdparty/openjpeg/openjp2/CMakeFiles/libopenjp2.dir/thread.c.o
[  0%] Building C object 3rdparty/openjpeg/openjp2/CMakeFiles/libopenjp2.dir/bio.c.o
[  0%] Building C object 3rdparty/openjpeg/openjp2/CMakeFiles/libopenjp2.dir/cio.c.o
[  0%] Building C object 3rdparty/ittnotify/CMakeFiles/ittnotify.dir/src/ittnotify/ittnotify_static.c.o
[  0%] Built target opencv_dnn_plugins
[  0%] Building C object 3rdparty/ittnotify/CMakeFiles/ittnotify.dir/src/ittnotify/jitprofiling.c.o
[  0%] Built target opencv_highgui_plugins
[  1%] Building C object 3rdparty/openjpeg/openjp2/CMakeFiles/libopenjp2.dir/dwt.c.o
[  1%] Building C object 3rdparty/ippiw/CMakeFiles/ippiw.dir/src/iw_core.c.o
[  1%] Built target opencv_videoio_plugins
[  1%] Building C object 3rdparty/ippiw/CMakeFiles/ippiw.dir/src/iw_image.c.o
[  1%] Building C object 3rdparty/libwebp/CMakeFiles/libwebp.dir/sharpyuv/sharpyuv.c.o
[  1%] Building CXX object 3rdparty/openexr/CMakeFiles/IlmImf.dir/Half/half.cpp.o
[  1%] Building C object 3rdparty/openjpeg/openjp2/CMakeFiles/libopenjp2.dir/event.c.o
[  1%] Building C object 3rdparty/openjpeg/openjp2/CMakeFiles/libopenjp2.dir/ht_dec.c.o
[  2%] Building C object 3rdparty/ippiw/CMakeFiles/ippiw.dir/src/iw_image_color_convert_all.c.o
[  2%] Building C object 3rdparty/openjpeg/openjp2/CMakeFiles/libopenjp2.dir/image.c.o
[  2%] Building C object 3rdparty/openjpeg/openjp2/CMakeFiles/libopenjp2.dir/invert.c.o
[  2%] Building C object 3rdparty/ippiw/CMakeFiles/ippiw.dir/src/iw_image_color_convert_rgbs.c.o
[  2%] Building C object 3rdparty/ippiw/CMakeFiles/ippiw.dir/src/iw_image_filter_bilateral.c.o
[  2%] Building C object 3rdparty/openjpeg/openjp2/CMakeFiles/libopenjp2.dir/j2k.c.o
[  2%] Building C object 3rdparty/ippiw/CMakeFiles/ippiw.dir/src/iw_image_filter_box.c.o
[  2%] Building C object 3rdparty/ippiw/CMakeFiles/ippiw.dir/src/iw_image_filter_canny.c.o
[  2%] Building C object 3rdparty/libwebp/CMakeFiles/libwebp.dir/sharpyuv/sharpyuv_cpu.c.o
[  2%] Building C object 3rdparty/openjpeg/openjp2/CMakeFiles/libopenjp2.dir/jp2.c.o
[  2%] Building C object 3rdparty/ippiw/CMakeFiles/ippiw.dir/src/iw_image_filter_gaussian.c.o
[  2%] Building C object 3rdparty/libwebp/CMakeFiles/libwebp.dir/sharpyuv/sharpyuv_csp.c.o
[  2%] Building C object 3rdparty/ippiw/CMakeFiles/ippiw.dir/src/iw_image_filter_laplacian.c.o
[  2%] Building C object 3rdparty/ippiw/CMakeFiles/ippiw.dir/src/iw_image_filter_general.c.o
[  3%] Building C object 3rdparty/libwebp/CMakeFiles/libwebp.dir/sharpyuv/sharpyuv_dsp.c.o
[  3%] Building C object 3rdparty/libwebp/CMakeFiles/libwebp.dir/sharpyuv/sharpyuv_gamma.c.o
[  3%] Building CXX object 3rdparty/openexr/CMakeFiles/IlmImf.dir/Iex/IexBaseExc.cpp.o
[  3%] Linking C static library ../lib/libittnotify.a
[  4%] Building C object 3rdparty/ippiw/CMakeFiles/ippiw.dir/src/iw_image_filter_morphology.c.o
[  4%] Building C object 3rdparty/ippiw/CMakeFiles/ippiw.dir/src/iw_image_filter_scharr.c.o
[  4%] Building C object 3rdparty/libwebp/CMakeFiles/libwebp.dir/sharpyuv/sharpyuv_neon.c.o
[  4%] Building C object 3rdparty/ippiw/CMakeFiles/ippiw.dir/src/iw_image_filter_sobel.c.o
[  4%] Building C object 3rdparty/libwebp/CMakeFiles/libwebp.dir/sharpyuv/sharpyuv_sse2.c.o
[  4%] Built target ittnotify
[  4%] Building CXX object 3rdparty/openexr/CMakeFiles/IlmImf.dir/Iex/IexThrowErrnoExc.cpp.o
[  4%] Building C object 3rdparty/ippiw/CMakeFiles/ippiw.dir/src/iw_image_op_copy.c.o
[  4%] Building C object 3rdparty/ippiw/CMakeFiles/ippiw.dir/src/iw_image_op_copy_make_border.c.o
[  4%] Building C object 3rdparty/ippiw/CMakeFiles/ippiw.dir/src/iw_image_op_copy_channel.c.o
[  4%] Building C object 3rdparty/ippiw/CMakeFiles/ippiw.dir/src/iw_image_op_copy_merge.c.o
[  4%] Building C object 3rdparty/libwebp/CMakeFiles/libwebp.dir/src/dec/alpha_dec.c.o
[  4%] Building C object 3rdparty/openjpeg/openjp2/CMakeFiles/libopenjp2.dir/mct.c.o
[  4%] Building CXX object 3rdparty/openexr/CMakeFiles/IlmImf.dir/IlmImf/ImfAcesFile.cpp.o
[  4%] Building C object 3rdparty/libwebp/CMakeFiles/libwebp.dir/src/dec/buffer_dec.c.o
[  4%] Building C object 3rdparty/ippiw/CMakeFiles/ippiw.dir/src/iw_image_op_copy_split.c.o
[  5%] Building C object 3rdparty/ippiw/CMakeFiles/ippiw.dir/src/iw_image_op_scale.c.o
[  6%] Building C object 3rdparty/openjpeg/openjp2/CMakeFiles/libopenjp2.dir/mqc.c.o
[  6%] Building C object 3rdparty/libwebp/CMakeFiles/libwebp.dir/src/dec/frame_dec.c.o
[  6%] Building C object 3rdparty/ippiw/CMakeFiles/ippiw.dir/src/iw_image_op_set.c.o
[  6%] Building C object 3rdparty/ippiw/CMakeFiles/ippiw.dir/src/iw_image_op_set_channel.c.o
[  6%] Building C object 3rdparty/openjpeg/openjp2/CMakeFiles/libopenjp2.dir/openjpeg.c.o
[  6%] Building C object 3rdparty/ippiw/CMakeFiles/ippiw.dir/src/iw_image_op_swap_channels.c.o
[  6%] Building C object 3rdparty/ippiw/CMakeFiles/ippiw.dir/src/iw_image_transform_mirror.c.o
[  6%] Building C object 3rdparty/openjpeg/openjp2/CMakeFiles/libopenjp2.dir/opj_clock.c.o
[  6%] Building C object 3rdparty/openjpeg/openjp2/CMakeFiles/libopenjp2.dir/pi.c.o
[  6%] Building C object 3rdparty/openjpeg/openjp2/CMakeFiles/libopenjp2.dir/t1.c.o
[  6%] Building C object 3rdparty/openjpeg/openjp2/CMakeFiles/libopenjp2.dir/t2.c.o
[  6%] Building C object 3rdparty/libwebp/CMakeFiles/libwebp.dir/src/dec/idec_dec.c.o
[  6%] Building C object 3rdparty/ippiw/CMakeFiles/ippiw.dir/src/iw_image_transform_resize.c.o
[  6%] Building CXX object 3rdparty/openexr/CMakeFiles/IlmImf.dir/IlmImf/ImfAttribute.cpp.o
[  6%] Building C object 3rdparty/ippiw/CMakeFiles/ippiw.dir/src/iw_image_transform_rotate.c.o
[  7%] Building C object 3rdparty/libwebp/CMakeFiles/libwebp.dir/src/dec/io_dec.c.o
[  7%] Building C object 3rdparty/ippiw/CMakeFiles/ippiw.dir/src/iw_image_transform_warpaffine.c.o
[  7%] Building CXX object 3rdparty/openexr/CMakeFiles/IlmImf.dir/IlmImf/ImfB44Compressor.cpp.o
[  7%] Building CXX object 3rdparty/openexr/CMakeFiles/IlmImf.dir/IlmImf/ImfBoxAttribute.cpp.o
[  7%] Building CXX object 3rdparty/openexr/CMakeFiles/IlmImf.dir/IlmImf/ImfCRgbaFile.cpp.o
[  8%] Building C object 3rdparty/ippiw/CMakeFiles/ippiw.dir/src/iw_own.c.o
[  8%] Building C object 3rdparty/libwebp/CMakeFiles/libwebp.dir/src/dec/quant_dec.c.o
[  8%] Building C object 3rdparty/openjpeg/openjp2/CMakeFiles/libopenjp2.dir/tcd.c.o
[  8%] Building C object 3rdparty/openjpeg/openjp2/CMakeFiles/libopenjp2.dir/tgt.c.o
[  8%] Building C object 3rdparty/libwebp/CMakeFiles/libwebp.dir/src/dec/tree_dec.c.o
[  8%] Linking C static library ../lib/libippiw.a
[  9%] Building C object 3rdparty/openjpeg/openjp2/CMakeFiles/libopenjp2.dir/function_list.c.o
[ 10%] Building CXX object 3rdparty/openexr/CMakeFiles/IlmImf.dir/IlmImf/ImfChannelList.cpp.o
[ 10%] Building C object 3rdparty/openjpeg/openjp2/CMakeFiles/libopenjp2.dir/opj_malloc.c.o
[ 10%] Building C object 3rdparty/libwebp/CMakeFiles/libwebp.dir/src/dec/vp8_dec.c.o
[ 10%] Building C object 3rdparty/openjpeg/openjp2/CMakeFiles/libopenjp2.dir/sparse_array.c.o
[ 10%] Built target ippiw
[ 10%] Building C object 3rdparty/libwebp/CMakeFiles/libwebp.dir/src/dec/vp8l_dec.c.o
[ 10%] Building CXX object 3rdparty/openexr/CMakeFiles/IlmImf.dir/IlmImf/ImfChannelListAttribute.cpp.o
[ 10%] Building CXX object 3rdparty/openexr/CMakeFiles/IlmImf.dir/IlmImf/ImfChromaticities.cpp.o
[ 10%] Building C object 3rdparty/libwebp/CMakeFiles/libwebp.dir/src/dec/webp_dec.c.o
[ 10%] Processing OpenCL kernels (core)
[ 10%] Building CXX object modules/core/CMakeFiles/opencv_core.dir/src/algorithm.cpp.o
[ 10%] Building CXX object modules/core/CMakeFiles/opencv_core.dir/src/alloc.cpp.o
[ 10%] Building C object 3rdparty/libwebp/CMakeFiles/libwebp.dir/src/demux/anim_decode.c.o
[ 10%] Building CXX object 3rdparty/openexr/CMakeFiles/IlmImf.dir/IlmImf/ImfChromaticitiesAttribute.cpp.o
[ 10%] Building C object 3rdparty/libwebp/CMakeFiles/libwebp.dir/src/demux/demux.c.o
[ 11%] Building C object 3rdparty/libwebp/CMakeFiles/libwebp.dir/src/dsp/alpha_processing.c.o
[ 11%] Building CXX object 3rdparty/openexr/CMakeFiles/IlmImf.dir/IlmImf/ImfCompositeDeepScanLine.cpp.o
[ 11%] Building CXX object 3rdparty/openexr/CMakeFiles/IlmImf.dir/IlmImf/ImfCompressionAttribute.cpp.o
[ 11%] Building CXX object 3rdparty/openexr/CMakeFiles/IlmImf.dir/IlmImf/ImfCompressor.cpp.o
[ 11%] Building C object 3rdparty/libwebp/CMakeFiles/libwebp.dir/src/dsp/alpha_processing_mips_dsp_r2.c.o
[ 11%] Building C object 3rdparty/libwebp/CMakeFiles/libwebp.dir/src/dsp/alpha_processing_neon.c.o
[ 11%] Building CXX object 3rdparty/openexr/CMakeFiles/IlmImf.dir/IlmImf/ImfConvert.cpp.o
[ 11%] Building C object 3rdparty/libwebp/CMakeFiles/libwebp.dir/src/dsp/alpha_processing_sse2.c.o
[ 11%] Building C object 3rdparty/libwebp/CMakeFiles/libwebp.dir/src/dsp/alpha_processing_sse41.c.o
[ 11%] Building C object 3rdparty/libwebp/CMakeFiles/libwebp.dir/src/dsp/cost.c.o
[ 12%] Building CXX object 3rdparty/openexr/CMakeFiles/IlmImf.dir/IlmImf/ImfDeepCompositing.cpp.o
[ 12%] Building C object 3rdparty/libwebp/CMakeFiles/libwebp.dir/src/dsp/cost_mips32.c.o
[ 12%] Building CXX object 3rdparty/openexr/CMakeFiles/IlmImf.dir/IlmImf/ImfDeepFrameBuffer.cpp.o
[ 12%] Building C object 3rdparty/libwebp/CMakeFiles/libwebp.dir/src/dsp/cost_mips_dsp_r2.c.o
[ 13%] Building C object 3rdparty/libwebp/CMakeFiles/libwebp.dir/src/dsp/cost_neon.c.o
[ 13%] Building CXX object 3rdparty/openexr/CMakeFiles/IlmImf.dir/IlmImf/ImfDeepImageStateAttribute.cpp.o
[ 13%] Building CXX object modules/core/CMakeFiles/opencv_core.dir/src/arithm.cpp.o
[ 13%] Building C object 3rdparty/libwebp/CMakeFiles/libwebp.dir/src/dsp/cost_sse2.c.o
[ 13%] Building CXX object 3rdparty/openexr/CMakeFiles/IlmImf.dir/IlmImf/ImfDeepScanLineInputFile.cpp.o
[ 13%] Building C object 3rdparty/libwebp/CMakeFiles/libwebp.dir/src/dsp/cpu.c.o
[ 13%] Building CXX object 3rdparty/openexr/CMakeFiles/IlmImf.dir/IlmImf/ImfDeepScanLineInputPart.cpp.o
[ 13%] Building C object 3rdparty/libwebp/CMakeFiles/libwebp.dir/src/dsp/dec.c.o
[ 13%] Building CXX object 3rdparty/openexr/CMakeFiles/IlmImf.dir/IlmImf/ImfDeepScanLineOutputFile.cpp.o
[ 13%] Building CXX object 3rdparty/openexr/CMakeFiles/IlmImf.dir/IlmImf/ImfDeepScanLineOutputPart.cpp.o
[ 13%] Building CXX object 3rdparty/openexr/CMakeFiles/IlmImf.dir/IlmImf/ImfDeepTiledInputFile.cpp.o
[ 13%] Building C object 3rdparty/libwebp/CMakeFiles/libwebp.dir/src/dsp/dec_clip_tables.c.o
[ 13%] Building C object 3rdparty/libwebp/CMakeFiles/libwebp.dir/src/dsp/dec_mips32.c.o
[ 13%] Building C object 3rdparty/libwebp/CMakeFiles/libwebp.dir/src/dsp/dec_mips_dsp_r2.c.o
[ 15%] Building C object 3rdparty/libwebp/CMakeFiles/libwebp.dir/src/dsp/dec_msa.c.o
[ 15%] Building CXX object 3rdparty/openexr/CMakeFiles/IlmImf.dir/IlmImf/ImfDeepTiledInputPart.cpp.o
[ 15%] Building CXX object 3rdparty/openexr/CMakeFiles/IlmImf.dir/IlmImf/ImfDeepTiledOutputFile.cpp.o
[ 16%] Building C object 3rdparty/libwebp/CMakeFiles/libwebp.dir/src/dsp/dec_neon.c.o
[ 16%] Building C object 3rdparty/libwebp/CMakeFiles/libwebp.dir/src/dsp/dec_sse2.c.o
[ 16%] Building C object 3rdparty/libwebp/CMakeFiles/libwebp.dir/src/dsp/dec_sse41.c.o
[ 16%] Building C object 3rdparty/libwebp/CMakeFiles/libwebp.dir/src/dsp/enc.c.o
[ 16%] Building CXX object 3rdparty/openexr/CMakeFiles/IlmImf.dir/IlmImf/ImfDeepTiledOutputPart.cpp.o
[ 16%] Building CXX object modules/core/CMakeFiles/opencv_core.dir/src/arithm.dispatch.cpp.o
[ 16%] Building CXX object 3rdparty/openexr/CMakeFiles/IlmImf.dir/IlmImf/ImfDoubleAttribute.cpp.o
[ 16%] Building CXX object 3rdparty/openexr/CMakeFiles/IlmImf.dir/IlmImf/ImfDwaCompressor.cpp.o
[ 16%] Building C object 3rdparty/libwebp/CMakeFiles/libwebp.dir/src/dsp/enc_mips32.c.o
[ 16%] Building CXX object 3rdparty/openexr/CMakeFiles/IlmImf.dir/IlmImf/ImfEnvmap.cpp.o
[ 16%] Building CXX object modules/core/CMakeFiles/opencv_core.dir/src/array.cpp.o
[ 17%] Building CXX object modules/core/CMakeFiles/opencv_core.dir/src/async.cpp.o
[ 17%] Building C object 3rdparty/libwebp/CMakeFiles/libwebp.dir/src/dsp/enc_mips_dsp_r2.c.o
[ 17%] Building C object 3rdparty/libwebp/CMakeFiles/libwebp.dir/src/dsp/enc_msa.c.o
[ 17%] Building C object 3rdparty/libwebp/CMakeFiles/libwebp.dir/src/dsp/enc_neon.c.o
[ 18%] Building CXX object 3rdparty/openexr/CMakeFiles/IlmImf.dir/IlmImf/ImfEnvmapAttribute.cpp.o
[ 18%] Building C object 3rdparty/libwebp/CMakeFiles/libwebp.dir/src/dsp/enc_sse2.c.o
[ 18%] Linking C static library ../../lib/liblibopenjp2.a
[ 18%] Building CXX object 3rdparty/openexr/CMakeFiles/IlmImf.dir/IlmImf/ImfFastHuf.cpp.o
[ 18%] Building C object 3rdparty/libwebp/CMakeFiles/libwebp.dir/src/dsp/enc_sse41.c.o
[ 18%] Built target libopenjp2
[ 18%] Building C object 3rdparty/libwebp/CMakeFiles/libwebp.dir/src/dsp/filters.c.o
[ 18%] Building C object 3rdparty/libwebp/CMakeFiles/libwebp.dir/src/dsp/filters_mips_dsp_r2.c.o
[ 18%] Building C object 3rdparty/libwebp/CMakeFiles/libwebp.dir/src/dsp/filters_msa.c.o
[ 18%] Building C object 3rdparty/libwebp/CMakeFiles/libwebp.dir/src/dsp/filters_neon.c.o
[ 18%] Building C object 3rdparty/libwebp/CMakeFiles/libwebp.dir/src/dsp/filters_sse2.c.o
[ 19%] Building CXX object 3rdparty/openexr/CMakeFiles/IlmImf.dir/IlmImf/ImfFloatAttribute.cpp.o
[ 19%] Building C object 3rdparty/libwebp/CMakeFiles/libwebp.dir/src/dsp/lossless.c.o
[ 20%] Building C object 3rdparty/libwebp/CMakeFiles/libwebp.dir/src/dsp/lossless_enc.c.o
[ 20%] Building CXX object 3rdparty/openexr/CMakeFiles/IlmImf.dir/IlmImf/ImfFloatVectorAttribute.cpp.o
[ 20%] Building C object 3rdparty/libwebp/CMakeFiles/libwebp.dir/src/dsp/lossless_enc_mips32.c.o
[ 20%] Building CXX object 3rdparty/openexr/CMakeFiles/IlmImf.dir/IlmImf/ImfFrameBuffer.cpp.o
[ 20%] Building C object 3rdparty/libwebp/CMakeFiles/libwebp.dir/src/dsp/lossless_enc_mips_dsp_r2.c.o
[ 20%] Building C object 3rdparty/libwebp/CMakeFiles/libwebp.dir/src/dsp/lossless_enc_msa.c.o
[ 20%] Building C object 3rdparty/libwebp/CMakeFiles/libwebp.dir/src/dsp/lossless_enc_neon.c.o
[ 20%] Building C object 3rdparty/libwebp/CMakeFiles/libwebp.dir/src/dsp/lossless_enc_sse2.c.o
[ 20%] Building C object 3rdparty/libwebp/CMakeFiles/libwebp.dir/src/dsp/lossless_enc_sse41.c.o
[ 20%] Building C object 3rdparty/libwebp/CMakeFiles/libwebp.dir/src/dsp/lossless_mips_dsp_r2.c.o
[ 20%] Building CXX object 3rdparty/openexr/CMakeFiles/IlmImf.dir/IlmImf/ImfFramesPerSecond.cpp.o
[ 20%] Building CXX object 3rdparty/openexr/CMakeFiles/IlmImf.dir/IlmImf/ImfGenericInputFile.cpp.o
[ 21%] Building C object 3rdparty/libwebp/CMakeFiles/libwebp.dir/src/dsp/lossless_msa.c.o
[ 21%] Building CXX object 3rdparty/openexr/CMakeFiles/IlmImf.dir/IlmImf/ImfGenericOutputFile.cpp.o
[ 21%] Building C object 3rdparty/libwebp/CMakeFiles/libwebp.dir/src/dsp/lossless_neon.c.o
[ 21%] Building CXX object 3rdparty/openexr/CMakeFiles/IlmImf.dir/IlmImf/ImfHeader.cpp.o
[ 21%] Building CXX object modules/core/CMakeFiles/opencv_core.dir/src/batch_distance.cpp.o
[ 21%] Building C object 3rdparty/libwebp/CMakeFiles/libwebp.dir/src/dsp/lossless_sse2.c.o
[ 21%] Building CXX object 3rdparty/openexr/CMakeFiles/IlmImf.dir/IlmImf/ImfHuf.cpp.o
[ 22%] Building CXX object 3rdparty/openexr/CMakeFiles/IlmImf.dir/IlmImf/ImfIO.cpp.o
[ 22%] Building CXX object 3rdparty/openexr/CMakeFiles/IlmImf.dir/IlmImf/ImfInputFile.cpp.o
[ 22%] Building C object 3rdparty/libwebp/CMakeFiles/libwebp.dir/src/dsp/lossless_sse41.c.o
[ 22%] Building C object 3rdparty/libwebp/CMakeFiles/libwebp.dir/src/dsp/rescaler.c.o
[ 22%] Building CXX object 3rdparty/openexr/CMakeFiles/IlmImf.dir/IlmImf/ImfInputPart.cpp.o
[ 22%] Building C object 3rdparty/libwebp/CMakeFiles/libwebp.dir/src/dsp/rescaler_mips32.c.o
[ 22%] Building C object 3rdparty/libwebp/CMakeFiles/libwebp.dir/src/dsp/rescaler_mips_dsp_r2.c.o
[ 22%] Building C object 3rdparty/libwebp/CMakeFiles/libwebp.dir/src/dsp/rescaler_msa.c.o
[ 23%] Building C object 3rdparty/libwebp/CMakeFiles/libwebp.dir/src/dsp/rescaler_neon.c.o
[ 23%] Building C object 3rdparty/libwebp/CMakeFiles/libwebp.dir/src/dsp/ssim.c.o
[ 23%] Building C object 3rdparty/libwebp/CMakeFiles/libwebp.dir/src/dsp/rescaler_sse2.c.o
[ 23%] Building CXX object 3rdparty/openexr/CMakeFiles/IlmImf.dir/IlmImf/ImfInputPartData.cpp.o
[ 23%] Building C object 3rdparty/libwebp/CMakeFiles/libwebp.dir/src/dsp/ssim_sse2.c.o
[ 23%] Building CXX object 3rdparty/openexr/CMakeFiles/IlmImf.dir/IlmImf/ImfIntAttribute.cpp.o
[ 23%] Building C object 3rdparty/libwebp/CMakeFiles/libwebp.dir/src/dsp/upsampling.c.o
[ 23%] Building C object 3rdparty/libwebp/CMakeFiles/libwebp.dir/src/dsp/upsampling_mips_dsp_r2.c.o
[ 23%] Building CXX object modules/core/CMakeFiles/opencv_core.dir/src/bindings_utils.cpp.o
[ 23%] Building C object 3rdparty/libwebp/CMakeFiles/libwebp.dir/src/dsp/upsampling_msa.c.o
[ 23%] Building C object 3rdparty/libwebp/CMakeFiles/libwebp.dir/src/dsp/upsampling_neon.c.o
[ 24%] Building C object 3rdparty/libwebp/CMakeFiles/libwebp.dir/src/dsp/upsampling_sse2.c.o
[ 24%] Building CXX object 3rdparty/openexr/CMakeFiles/IlmImf.dir/IlmImf/ImfKeyCode.cpp.o
[ 24%] Building CXX object 3rdparty/openexr/CMakeFiles/IlmImf.dir/IlmImf/ImfKeyCodeAttribute.cpp.o
[ 24%] Building CXX object 3rdparty/openexr/CMakeFiles/IlmImf.dir/IlmImf/ImfLineOrderAttribute.cpp.o
[ 25%] Building CXX object 3rdparty/openexr/CMakeFiles/IlmImf.dir/IlmImf/ImfLut.cpp.o
[ 25%] Building CXX object 3rdparty/openexr/CMakeFiles/IlmImf.dir/IlmImf/ImfMatrixAttribute.cpp.o
[ 25%] Building CXX object 3rdparty/openexr/CMakeFiles/IlmImf.dir/IlmImf/ImfMisc.cpp.o
[ 25%] Building C object 3rdparty/libwebp/CMakeFiles/libwebp.dir/src/dsp/upsampling_sse41.c.o
[ 25%] Building C object 3rdparty/libwebp/CMakeFiles/libwebp.dir/src/dsp/yuv.c.o
[ 25%] Building C object 3rdparty/libwebp/CMakeFiles/libwebp.dir/src/dsp/yuv_mips32.c.o
[ 25%] Building C object 3rdparty/libwebp/CMakeFiles/libwebp.dir/src/dsp/yuv_mips_dsp_r2.c.o
[ 25%] Building C object 3rdparty/libwebp/CMakeFiles/libwebp.dir/src/dsp/yuv_neon.c.o
[ 25%] Building C object 3rdparty/libwebp/CMakeFiles/libwebp.dir/src/dsp/yuv_sse2.c.o
[ 25%] Building CXX object 3rdparty/openexr/CMakeFiles/IlmImf.dir/IlmImf/ImfMultiPartInputFile.cpp.o
[ 25%] Building CXX object 3rdparty/openexr/CMakeFiles/IlmImf.dir/IlmImf/ImfMultiPartOutputFile.cpp.o
[ 25%] Building CXX object modules/core/CMakeFiles/opencv_core.dir/src/buffer_area.cpp.o
[ 25%] Building C object 3rdparty/libwebp/CMakeFiles/libwebp.dir/src/dsp/yuv_sse41.c.o
[ 25%] Building C object 3rdparty/libwebp/CMakeFiles/libwebp.dir/src/enc/alpha_enc.c.o
[ 25%] Building CXX object 3rdparty/openexr/CMakeFiles/IlmImf.dir/IlmImf/ImfMultiView.cpp.o
[ 26%] Building C object 3rdparty/libwebp/CMakeFiles/libwebp.dir/src/enc/analysis_enc.c.o
[ 26%] Building CXX object 3rdparty/openexr/CMakeFiles/IlmImf.dir/IlmImf/ImfOpaqueAttribute.cpp.o
[ 26%] Building C object 3rdparty/libwebp/CMakeFiles/libwebp.dir/src/enc/backward_references_cost_enc.c.o
[ 26%] Building C object 3rdparty/libwebp/CMakeFiles/libwebp.dir/src/enc/backward_references_enc.c.o
[ 26%] Building CXX object 3rdparty/openexr/CMakeFiles/IlmImf.dir/IlmImf/ImfOutputFile.cpp.o
[ 27%] Building CXX object 3rdparty/openexr/CMakeFiles/IlmImf.dir/IlmImf/ImfOutputPart.cpp.o
[ 27%] Building C object 3rdparty/libwebp/CMakeFiles/libwebp.dir/src/enc/config_enc.c.o
[ 27%] Building C object 3rdparty/libwebp/CMakeFiles/libwebp.dir/src/enc/cost_enc.c.o
[ 27%] Building C object 3rdparty/libwebp/CMakeFiles/libwebp.dir/src/enc/filter_enc.c.o
[ 27%] Building CXX object modules/core/CMakeFiles/opencv_core.dir/src/channels.cpp.o
[ 27%] Building CXX object 3rdparty/openexr/CMakeFiles/IlmImf.dir/IlmImf/ImfOutputPartData.cpp.o
[ 27%] Building C object 3rdparty/libwebp/CMakeFiles/libwebp.dir/src/enc/frame_enc.c.o
[ 27%] Building C object 3rdparty/libwebp/CMakeFiles/libwebp.dir/src/enc/histogram_enc.c.o
[ 27%] Building CXX object 3rdparty/openexr/CMakeFiles/IlmImf.dir/IlmImf/ImfPartType.cpp.o
[ 29%] Building C object 3rdparty/libwebp/CMakeFiles/libwebp.dir/src/enc/iterator_enc.c.o
[ 29%] Building CXX object 3rdparty/openexr/CMakeFiles/IlmImf.dir/IlmImf/ImfPizCompressor.cpp.o
[ 29%] Building CXX object 3rdparty/openexr/CMakeFiles/IlmImf.dir/IlmImf/ImfPreviewImage.cpp.o
[ 29%] Building CXX object 3rdparty/openexr/CMakeFiles/IlmImf.dir/IlmImf/ImfPreviewImageAttribute.cpp.o
[ 29%] Building C object 3rdparty/libwebp/CMakeFiles/libwebp.dir/src/enc/near_lossless_enc.c.o
[ 29%] Building C object 3rdparty/libwebp/CMakeFiles/libwebp.dir/src/enc/picture_csp_enc.c.o
[ 29%] Building C object 3rdparty/libwebp/CMakeFiles/libwebp.dir/src/enc/picture_enc.c.o
[ 29%] Building C object 3rdparty/libwebp/CMakeFiles/libwebp.dir/src/enc/picture_psnr_enc.c.o
[ 29%] Building CXX object 3rdparty/openexr/CMakeFiles/IlmImf.dir/IlmImf/ImfPxr24Compressor.cpp.o
[ 29%] Building CXX object 3rdparty/openexr/CMakeFiles/IlmImf.dir/IlmImf/ImfRational.cpp.o
[ 29%] Building C object 3rdparty/libwebp/CMakeFiles/libwebp.dir/src/enc/picture_rescale_enc.c.o
[ 30%] Building C object 3rdparty/libwebp/CMakeFiles/libwebp.dir/src/enc/picture_tools_enc.c.o
[ 30%] Building CXX object 3rdparty/openexr/CMakeFiles/IlmImf.dir/IlmImf/ImfRationalAttribute.cpp.o
[ 30%] Building C object 3rdparty/libwebp/CMakeFiles/libwebp.dir/src/enc/predictor_enc.c.o
[ 30%] Building CXX object modules/core/CMakeFiles/opencv_core.dir/src/check.cpp.o
[ 30%] Building CXX object 3rdparty/openexr/CMakeFiles/IlmImf.dir/IlmImf/ImfRgbaFile.cpp.o
[ 31%] Building C object 3rdparty/libwebp/CMakeFiles/libwebp.dir/src/enc/quant_enc.c.o
[ 31%] Building CXX object 3rdparty/openexr/CMakeFiles/IlmImf.dir/IlmImf/ImfRgbaYca.cpp.o
[ 31%] Building C object 3rdparty/libwebp/CMakeFiles/libwebp.dir/src/enc/syntax_enc.c.o
[ 31%] Building CXX object 3rdparty/openexr/CMakeFiles/IlmImf.dir/IlmImf/ImfRle.cpp.o
[ 31%] Building C object 3rdparty/libwebp/CMakeFiles/libwebp.dir/src/enc/token_enc.c.o
[ 31%] Building CXX object 3rdparty/openexr/CMakeFiles/IlmImf.dir/IlmImf/ImfRleCompressor.cpp.o
[ 31%] Building CXX object 3rdparty/openexr/CMakeFiles/IlmImf.dir/IlmImf/ImfScanLineInputFile.cpp.o
[ 31%] Building C object 3rdparty/libwebp/CMakeFiles/libwebp.dir/src/enc/tree_enc.c.o
[ 31%] Building C object 3rdparty/libwebp/CMakeFiles/libwebp.dir/src/enc/vp8l_enc.c.o
[ 31%] Building CXX object modules/core/CMakeFiles/opencv_core.dir/src/command_line_parser.cpp.o
[ 31%] Building CXX object 3rdparty/openexr/CMakeFiles/IlmImf.dir/IlmImf/ImfStandardAttributes.cpp.o
[ 31%] Building CXX object 3rdparty/openexr/CMakeFiles/IlmImf.dir/IlmImf/ImfStdIO.cpp.o
[ 31%] Building C object 3rdparty/libwebp/CMakeFiles/libwebp.dir/src/enc/webp_enc.c.o
[ 31%] Building C object 3rdparty/libwebp/CMakeFiles/libwebp.dir/src/mux/anim_encode.c.o
[ 32%] Building CXX object 3rdparty/openexr/CMakeFiles/IlmImf.dir/IlmImf/ImfStringAttribute.cpp.o
[ 32%] Building CXX object modules/core/CMakeFiles/opencv_core.dir/src/conjugate_gradient.cpp.o
[ 32%] Building CXX object 3rdparty/openexr/CMakeFiles/IlmImf.dir/IlmImf/ImfStringVectorAttribute.cpp.o
[ 33%] Building CXX object 3rdparty/openexr/CMakeFiles/IlmImf.dir/IlmImf/ImfSystemSpecific.cpp.o
[ 33%] Building CXX object modules/core/CMakeFiles/opencv_core.dir/src/convert.dispatch.cpp.o
[ 33%] Building CXX object 3rdparty/openexr/CMakeFiles/IlmImf.dir/IlmImf/ImfTestFile.cpp.o
[ 33%] Building C object 3rdparty/libwebp/CMakeFiles/libwebp.dir/src/mux/muxedit.c.o
[ 33%] Building CXX object 3rdparty/openexr/CMakeFiles/IlmImf.dir/IlmImf/ImfThreading.cpp.o
[ 33%] Building CXX object 3rdparty/openexr/CMakeFiles/IlmImf.dir/IlmImf/ImfTileDescriptionAttribute.cpp.o
[ 34%] Building C object 3rdparty/libwebp/CMakeFiles/libwebp.dir/src/mux/muxinternal.c.o
[ 34%] Building CXX object modules/core/CMakeFiles/opencv_core.dir/src/convert_c.cpp.o
[ 34%] Building CXX object 3rdparty/openexr/CMakeFiles/IlmImf.dir/IlmImf/ImfTileOffsets.cpp.o
[ 34%] Building C object 3rdparty/libwebp/CMakeFiles/libwebp.dir/src/mux/muxread.c.o
[ 34%] Building CXX object 3rdparty/openexr/CMakeFiles/IlmImf.dir/IlmImf/ImfTiledInputFile.cpp.o
[ 34%] Building C object 3rdparty/libwebp/CMakeFiles/libwebp.dir/src/utils/bit_reader_utils.c.o
[ 34%] Building CXX object modules/core/CMakeFiles/opencv_core.dir/src/convert_scale.dispatch.cpp.o
[ 34%] Building C object 3rdparty/libwebp/CMakeFiles/libwebp.dir/src/utils/bit_writer_utils.c.o
[ 34%] Building C object 3rdparty/libwebp/CMakeFiles/libwebp.dir/src/utils/color_cache_utils.c.o
[ 34%] Building CXX object modules/core/CMakeFiles/opencv_core.dir/src/copy.cpp.o
[ 35%] Building CXX object 3rdparty/openexr/CMakeFiles/IlmImf.dir/IlmImf/ImfTiledInputPart.cpp.o
[ 35%] Building C object 3rdparty/libwebp/CMakeFiles/libwebp.dir/src/utils/filters_utils.c.o
[ 35%] Building C object 3rdparty/libwebp/CMakeFiles/libwebp.dir/src/utils/huffman_encode_utils.c.o
[ 35%] Building C object 3rdparty/libwebp/CMakeFiles/libwebp.dir/src/utils/huffman_utils.c.o
[ 36%] Building C object 3rdparty/libwebp/CMakeFiles/libwebp.dir/src/utils/palette.c.o
[ 36%] Building CXX object modules/core/CMakeFiles/opencv_core.dir/src/count_non_zero.dispatch.cpp.o
[ 36%] Building CXX object modules/core/CMakeFiles/opencv_core.dir/src/cuda_gpu_mat.cpp.o
[ 36%] Building C object 3rdparty/libwebp/CMakeFiles/libwebp.dir/src/utils/quant_levels_dec_utils.c.o
[ 36%] Building C object 3rdparty/libwebp/CMakeFiles/libwebp.dir/src/utils/quant_levels_utils.c.o
[ 36%] Building C object 3rdparty/libwebp/CMakeFiles/libwebp.dir/src/utils/random_utils.c.o
[ 36%] Building C object 3rdparty/libwebp/CMakeFiles/libwebp.dir/src/utils/rescaler_utils.c.o
[ 36%] Building CXX object modules/core/CMakeFiles/opencv_core.dir/src/cuda_gpu_mat_nd.cpp.o
[ 36%] Building C object 3rdparty/libwebp/CMakeFiles/libwebp.dir/src/utils/thread_utils.c.o
[ 36%] Building C object 3rdparty/libwebp/CMakeFiles/libwebp.dir/src/utils/utils.c.o
[ 36%] Building CXX object 3rdparty/openexr/CMakeFiles/IlmImf.dir/IlmImf/ImfTiledMisc.cpp.o
[ 36%] Linking C static library ../lib/liblibwebp.a
[ 36%] Built target libwebp
[ 36%] Building CXX object 3rdparty/openexr/CMakeFiles/IlmImf.dir/IlmImf/ImfTiledOutputFile.cpp.o
[ 36%] Building CXX object modules/core/CMakeFiles/opencv_core.dir/src/cuda_host_mem.cpp.o
[ 37%] Building CXX object modules/core/CMakeFiles/opencv_core.dir/src/cuda_info.cpp.o
[ 37%] Building CXX object modules/core/CMakeFiles/opencv_core.dir/src/cuda_stream.cpp.o
[ 37%] Building CXX object modules/core/CMakeFiles/opencv_core.dir/src/datastructs.cpp.o
[ 37%] Building CXX object modules/core/CMakeFiles/opencv_core.dir/src/directx.cpp.o
[ 37%] Building CXX object modules/core/CMakeFiles/opencv_core.dir/src/downhill_simplex.cpp.o
[ 37%] Building CXX object modules/core/CMakeFiles/opencv_core.dir/src/dxt.cpp.o
[ 37%] Building CXX object modules/core/CMakeFiles/opencv_core.dir/src/gl_core_3_1.cpp.o
[ 37%] Building CXX object 3rdparty/openexr/CMakeFiles/IlmImf.dir/IlmImf/ImfTiledOutputPart.cpp.o
[ 37%] Building CXX object modules/core/CMakeFiles/opencv_core.dir/src/glob.cpp.o
[ 37%] Building CXX object 3rdparty/openexr/CMakeFiles/IlmImf.dir/IlmImf/ImfTiledRgbaFile.cpp.o
[ 38%] Building CXX object modules/core/CMakeFiles/opencv_core.dir/src/hal_internal.cpp.o
[ 38%] Building CXX object modules/core/CMakeFiles/opencv_core.dir/src/has_non_zero.dispatch.cpp.o
[ 38%] Building CXX object modules/core/CMakeFiles/opencv_core.dir/src/kmeans.cpp.o
[ 38%] Building CXX object 3rdparty/openexr/CMakeFiles/IlmImf.dir/IlmImf/ImfTimeCode.cpp.o
[ 38%] Building CXX object modules/core/CMakeFiles/opencv_core.dir/src/lapack.cpp.o
[ 38%] Building CXX object 3rdparty/openexr/CMakeFiles/IlmImf.dir/IlmImf/ImfTimeCodeAttribute.cpp.o
[ 38%] Building CXX object 3rdparty/openexr/CMakeFiles/IlmImf.dir/IlmImf/ImfVecAttribute.cpp.o
[ 38%] Building CXX object modules/core/CMakeFiles/opencv_core.dir/src/lda.cpp.o
[ 38%] Building CXX object modules/core/CMakeFiles/opencv_core.dir/src/logger.cpp.o
[ 39%] Building CXX object 3rdparty/openexr/CMakeFiles/IlmImf.dir/IlmImf/ImfVersion.cpp.o
[ 39%] Building CXX object 3rdparty/openexr/CMakeFiles/IlmImf.dir/IlmImf/ImfWav.cpp.o
[ 39%] Building CXX object modules/core/CMakeFiles/opencv_core.dir/src/lpsolver.cpp.o
[ 39%] Building CXX object 3rdparty/openexr/CMakeFiles/IlmImf.dir/IlmImf/ImfZip.cpp.o
[ 39%] Building CXX object 3rdparty/openexr/CMakeFiles/IlmImf.dir/IlmImf/ImfZipCompressor.cpp.o
[ 39%] Building CXX object modules/core/CMakeFiles/opencv_core.dir/src/lut.cpp.o
[ 40%] Building CXX object modules/core/CMakeFiles/opencv_core.dir/src/mathfuncs.cpp.o
[ 40%] Building CXX object 3rdparty/openexr/CMakeFiles/IlmImf.dir/IlmImf/dwaLookups.cpp.o
[ 40%] Building CXX object 3rdparty/openexr/CMakeFiles/IlmImf.dir/IlmThread/IlmThread.cpp.o
[ 40%] Building CXX object 3rdparty/openexr/CMakeFiles/IlmImf.dir/IlmThread/IlmThreadMutex.cpp.o
[ 40%] Building CXX object modules/core/CMakeFiles/opencv_core.dir/src/mathfuncs_core.dispatch.cpp.o
[ 40%] Building CXX object modules/core/CMakeFiles/opencv_core.dir/src/matmul.dispatch.cpp.o
[ 40%] Building CXX object 3rdparty/openexr/CMakeFiles/IlmImf.dir/IlmThread/IlmThreadMutexPosix.cpp.o
[ 41%] Building CXX object 3rdparty/openexr/CMakeFiles/IlmImf.dir/IlmThread/IlmThreadPool.cpp.o
[ 41%] Building CXX object 3rdparty/openexr/CMakeFiles/IlmImf.dir/IlmThread/IlmThreadPosix.cpp.o
[ 41%] Building CXX object 3rdparty/openexr/CMakeFiles/IlmImf.dir/IlmThread/IlmThreadSemaphore.cpp.o
[ 41%] Building CXX object 3rdparty/openexr/CMakeFiles/IlmImf.dir/IlmThread/IlmThreadSemaphorePosix.cpp.o
[ 41%] Building CXX object 3rdparty/openexr/CMakeFiles/IlmImf.dir/IlmThread/IlmThreadSemaphorePosixCompat.cpp.o
[ 41%] Building CXX object 3rdparty/openexr/CMakeFiles/IlmImf.dir/Imath/ImathBox.cpp.o
[ 41%] Building CXX object 3rdparty/openexr/CMakeFiles/IlmImf.dir/Imath/ImathColorAlgo.cpp.o
[ 41%] Building CXX object modules/core/CMakeFiles/opencv_core.dir/src/matrix.cpp.o
[ 41%] Building CXX object 3rdparty/openexr/CMakeFiles/IlmImf.dir/Imath/ImathFun.cpp.o
[ 41%] Building CXX object 3rdparty/openexr/CMakeFiles/IlmImf.dir/Imath/ImathMatrixAlgo.cpp.o
[ 41%] Building CXX object modules/core/CMakeFiles/opencv_core.dir/src/matrix_c.cpp.o
[ 41%] Building CXX object modules/core/CMakeFiles/opencv_core.dir/src/matrix_decomp.cpp.o
[ 43%] Building CXX object 3rdparty/openexr/CMakeFiles/IlmImf.dir/Imath/ImathRandom.cpp.o
[ 43%] Building CXX object 3rdparty/openexr/CMakeFiles/IlmImf.dir/Imath/ImathShear.cpp.o
[ 43%] Building CXX object 3rdparty/openexr/CMakeFiles/IlmImf.dir/Imath/ImathVec.cpp.o
[ 43%] Building CXX object modules/core/CMakeFiles/opencv_core.dir/src/matrix_expressions.cpp.o
[ 43%] Building CXX object modules/core/CMakeFiles/opencv_core.dir/src/matrix_iterator.cpp.o
[ 44%] Building CXX object modules/core/CMakeFiles/opencv_core.dir/src/matrix_operations.cpp.o
[ 44%] Building CXX object modules/core/CMakeFiles/opencv_core.dir/src/matrix_sparse.cpp.o
[ 44%] Linking CXX static library ../lib/libIlmImf.a
[ 44%] Built target IlmImf
[ 44%] Building CXX object modules/core/CMakeFiles/opencv_core.dir/src/matrix_transform.cpp.o
[ 44%] Building CXX object modules/core/CMakeFiles/opencv_core.dir/src/matrix_wrap.cpp.o
[ 44%] Building CXX object modules/core/CMakeFiles/opencv_core.dir/src/mean.dispatch.cpp.o
[ 44%] Building CXX object modules/core/CMakeFiles/opencv_core.dir/src/merge.dispatch.cpp.o
[ 44%] Building CXX object modules/core/CMakeFiles/opencv_core.dir/src/minmax.cpp.o
[ 44%] Building CXX object modules/core/CMakeFiles/opencv_core.dir/src/norm.cpp.o
[ 45%] Building CXX object modules/core/CMakeFiles/opencv_core.dir/src/ocl.cpp.o
[ 45%] Building CXX object modules/core/CMakeFiles/opencv_core.dir/src/opencl/runtime/opencl_clblas.cpp.o
[ 45%] Building CXX object modules/core/CMakeFiles/opencv_core.dir/src/opencl/runtime/opencl_clfft.cpp.o
[ 45%] Building CXX object modules/core/CMakeFiles/opencv_core.dir/src/opencl/runtime/opencl_core.cpp.o
[ 45%] Building CXX object modules/core/CMakeFiles/opencv_core.dir/src/opengl.cpp.o
[ 45%] Building CXX object modules/core/CMakeFiles/opencv_core.dir/src/out.cpp.o
[ 45%] Building CXX object modules/core/CMakeFiles/opencv_core.dir/src/ovx.cpp.o
[ 45%] Building CXX object modules/core/CMakeFiles/opencv_core.dir/src/parallel.cpp.o
[ 45%] Building CXX object modules/core/CMakeFiles/opencv_core.dir/src/parallel/parallel.cpp.o
[ 46%] Building CXX object modules/core/CMakeFiles/opencv_core.dir/src/parallel/parallel_openmp.cpp.o
[ 46%] Building CXX object modules/core/CMakeFiles/opencv_core.dir/src/parallel/parallel_tbb.cpp.o
[ 46%] Building CXX object modules/core/CMakeFiles/opencv_core.dir/src/parallel_impl.cpp.o
[ 46%] Building CXX object modules/core/CMakeFiles/opencv_core.dir/src/pca.cpp.o
[ 46%] Building CXX object modules/core/CMakeFiles/opencv_core.dir/src/persistence.cpp.o
[ 46%] Building CXX object modules/core/CMakeFiles/opencv_core.dir/src/persistence_base64_encoding.cpp.o
[ 46%] Building CXX object modules/core/CMakeFiles/opencv_core.dir/src/persistence_json.cpp.o
[ 46%] Building CXX object modules/core/CMakeFiles/opencv_core.dir/src/persistence_types.cpp.o
[ 47%] Building CXX object modules/core/CMakeFiles/opencv_core.dir/src/persistence_xml.cpp.o
[ 47%] Building CXX object modules/core/CMakeFiles/opencv_core.dir/src/persistence_yml.cpp.o
[ 47%] Building CXX object modules/core/CMakeFiles/opencv_core.dir/src/rand.cpp.o
[ 47%] Building CXX object modules/core/CMakeFiles/opencv_core.dir/src/softfloat.cpp.o
[ 47%] Building CXX object modules/core/CMakeFiles/opencv_core.dir/src/split.dispatch.cpp.o
[ 47%] Building CXX object modules/core/CMakeFiles/opencv_core.dir/src/stat.dispatch.cpp.o
[ 47%] Building CXX object modules/core/CMakeFiles/opencv_core.dir/src/stat_c.cpp.o
[ 47%] Building CXX object modules/core/CMakeFiles/opencv_core.dir/src/stl.cpp.o
[ 48%] Building CXX object modules/core/CMakeFiles/opencv_core.dir/src/sum.dispatch.cpp.o
[ 48%] Building CXX object modules/core/CMakeFiles/opencv_core.dir/src/system.cpp.o
[ 48%] Building CXX object modules/core/CMakeFiles/opencv_core.dir/src/tables.cpp.o
[ 48%] Building CXX object modules/core/CMakeFiles/opencv_core.dir/src/trace.cpp.o
[ 48%] Building CXX object modules/core/CMakeFiles/opencv_core.dir/src/types.cpp.o
[ 48%] Building CXX object modules/core/CMakeFiles/opencv_core.dir/src/umatrix.cpp.o
[ 48%] Building CXX object modules/core/CMakeFiles/opencv_core.dir/src/utils/datafile.cpp.o
[ 48%] Building CXX object modules/core/CMakeFiles/opencv_core.dir/src/utils/filesystem.cpp.o
[ 49%] Building CXX object modules/core/CMakeFiles/opencv_core.dir/src/utils/logtagconfigparser.cpp.o
[ 49%] Building CXX object modules/core/CMakeFiles/opencv_core.dir/src/utils/logtagmanager.cpp.o
[ 49%] Building CXX object modules/core/CMakeFiles/opencv_core.dir/src/utils/samples.cpp.o
[ 49%] Building CXX object modules/core/CMakeFiles/opencv_core.dir/src/va_intel.cpp.o
[ 49%] Building CXX object modules/core/CMakeFiles/opencv_core.dir/opencl_kernels_core.cpp.o
[ 49%] Building CXX object modules/core/CMakeFiles/opencv_core.dir/arithm.sse4_1.cpp.o
[ 49%] Building CXX object modules/core/CMakeFiles/opencv_core.dir/matmul.sse4_1.cpp.o
[ 49%] Building CXX object modules/core/CMakeFiles/opencv_core.dir/stat.sse4_2.cpp.o
[ 50%] Building CXX object modules/core/CMakeFiles/opencv_core.dir/mathfuncs_core.avx.cpp.o
[ 50%] Building CXX object modules/core/CMakeFiles/opencv_core.dir/mathfuncs_core.avx2.cpp.o
[ 50%] Building CXX object modules/core/CMakeFiles/opencv_core.dir/stat.avx2.cpp.o
[ 50%] Building CXX object modules/core/CMakeFiles/opencv_core.dir/arithm.avx2.cpp.o
[ 50%] Building CXX object modules/core/CMakeFiles/opencv_core.dir/convert.avx2.cpp.o
[ 50%] Building CXX object modules/core/CMakeFiles/opencv_core.dir/convert_scale.avx2.cpp.o
[ 50%] Building CXX object modules/core/CMakeFiles/opencv_core.dir/count_non_zero.avx2.cpp.o
[ 50%] Building CXX object modules/core/CMakeFiles/opencv_core.dir/has_non_zero.avx2.cpp.o
[ 51%] Building CXX object modules/core/CMakeFiles/opencv_core.dir/matmul.avx2.cpp.o
[ 51%] Building CXX object modules/core/CMakeFiles/opencv_core.dir/mean.avx2.cpp.o
[ 51%] Building CXX object modules/core/CMakeFiles/opencv_core.dir/merge.avx2.cpp.o
[ 51%] Building CXX object modules/core/CMakeFiles/opencv_core.dir/split.avx2.cpp.o
[ 51%] Building CXX object modules/core/CMakeFiles/opencv_core.dir/sum.avx2.cpp.o
[ 51%] Building CXX object modules/core/CMakeFiles/opencv_core.dir/matmul.avx512_skx.cpp.o
[ 51%] Linking CXX shared library ../../lib/libopencv_core.so
[ 51%] Built target opencv_core
[ 51%] Processing OpenCL kernels (imgproc)
[ 51%] Building CXX object apps/version/CMakeFiles/opencv_version.dir/opencv_version.cpp.o
[ 51%] Building CXX object modules/imgproc/CMakeFiles/opencv_imgproc.dir/src/accum.cpp.o
[ 51%] Building CXX object modules/imgproc/CMakeFiles/opencv_imgproc.dir/src/accum.dispatch.cpp.o
[ 51%] Building CXX object modules/imgproc/CMakeFiles/opencv_imgproc.dir/src/approx.cpp.o
[ 52%] Building CXX object modules/imgproc/CMakeFiles/opencv_imgproc.dir/src/blend.cpp.o
[ 52%] Building CXX object modules/imgproc/CMakeFiles/opencv_imgproc.dir/src/bilateral_filter.dispatch.cpp.o
[ 52%] Building CXX object modules/imgproc/CMakeFiles/opencv_imgproc.dir/src/canny.cpp.o
[ 52%] Building CXX object modules/imgproc/CMakeFiles/opencv_imgproc.dir/src/box_filter.dispatch.cpp.o
[ 52%] Building CXX object modules/imgproc/CMakeFiles/opencv_imgproc.dir/src/clahe.cpp.o
[ 52%] Building CXX object modules/imgproc/CMakeFiles/opencv_imgproc.dir/src/color.cpp.o
[ 52%] Linking CXX executable ../../bin/opencv_version
[ 52%] Built target opencv_version
[ 52%] Building CXX object modules/imgproc/CMakeFiles/opencv_imgproc.dir/src/color_hsv.dispatch.cpp.o
[ 52%] Building CXX object modules/imgproc/CMakeFiles/opencv_imgproc.dir/src/color_lab.cpp.o
[ 52%] Building CXX object modules/imgproc/CMakeFiles/opencv_imgproc.dir/src/color_rgb.dispatch.cpp.o
[ 53%] Building CXX object modules/imgproc/CMakeFiles/opencv_imgproc.dir/src/color_yuv.dispatch.cpp.o
[ 53%] Building CXX object modules/imgproc/CMakeFiles/opencv_imgproc.dir/src/colormap.cpp.o
[ 53%] Building CXX object modules/imgproc/CMakeFiles/opencv_imgproc.dir/src/connectedcomponents.cpp.o
[ 53%] Building CXX object modules/imgproc/CMakeFiles/opencv_imgproc.dir/src/contours.cpp.o
[ 53%] Building CXX object modules/imgproc/CMakeFiles/opencv_imgproc.dir/src/contours_approx.cpp.o
[ 53%] Building CXX object modules/imgproc/CMakeFiles/opencv_imgproc.dir/src/contours_common.cpp.o
[ 53%] Building CXX object modules/imgproc/CMakeFiles/opencv_imgproc.dir/src/contours_link.cpp.o
[ 53%] Building CXX object modules/imgproc/CMakeFiles/opencv_imgproc.dir/src/contours_new.cpp.o
[ 54%] Building CXX object modules/imgproc/CMakeFiles/opencv_imgproc.dir/src/convhull.cpp.o
[ 54%] Building CXX object modules/imgproc/CMakeFiles/opencv_imgproc.dir/src/corner.cpp.o
[ 54%] Building CXX object modules/imgproc/CMakeFiles/opencv_imgproc.dir/src/cornersubpix.cpp.o
[ 54%] Building CXX object modules/imgproc/CMakeFiles/opencv_imgproc.dir/src/demosaicing.cpp.o
[ 54%] Building CXX object modules/imgproc/CMakeFiles/opencv_imgproc.dir/src/deriv.cpp.o
[ 54%] Building CXX object modules/imgproc/CMakeFiles/opencv_imgproc.dir/src/distransform.cpp.o
[ 54%] Building CXX object modules/imgproc/CMakeFiles/opencv_imgproc.dir/src/drawing.cpp.o
[ 54%] Building CXX object modules/imgproc/CMakeFiles/opencv_imgproc.dir/src/emd.cpp.o
[ 55%] Building CXX object modules/imgproc/CMakeFiles/opencv_imgproc.dir/src/emd_new.cpp.o
[ 55%] Building CXX object modules/imgproc/CMakeFiles/opencv_imgproc.dir/src/featureselect.cpp.o
[ 55%] Building CXX object modules/imgproc/CMakeFiles/opencv_imgproc.dir/src/filter.dispatch.cpp.o
[ 55%] Building CXX object modules/imgproc/CMakeFiles/opencv_imgproc.dir/src/floodfill.cpp.o
[ 55%] Building CXX object modules/imgproc/CMakeFiles/opencv_imgproc.dir/src/gabor.cpp.o
[ 55%] Building CXX object modules/imgproc/CMakeFiles/opencv_imgproc.dir/src/generalized_hough.cpp.o
[ 55%] Building CXX object modules/imgproc/CMakeFiles/opencv_imgproc.dir/src/geometry.cpp.o
[ 55%] Building CXX object modules/imgproc/CMakeFiles/opencv_imgproc.dir/src/grabcut.cpp.o
[ 56%] Building CXX object modules/imgproc/CMakeFiles/opencv_imgproc.dir/src/hershey_fonts.cpp.o
[ 56%] Building CXX object modules/imgproc/CMakeFiles/opencv_imgproc.dir/src/histogram.cpp.o
[ 56%] Building CXX object modules/imgproc/CMakeFiles/opencv_imgproc.dir/src/hough.cpp.o
[ 56%] Building CXX object modules/imgproc/CMakeFiles/opencv_imgproc.dir/src/imgwarp.cpp.o
[ 56%] Building CXX object modules/imgproc/CMakeFiles/opencv_imgproc.dir/src/intelligent_scissors.cpp.o
[ 56%] Building CXX object modules/imgproc/CMakeFiles/opencv_imgproc.dir/src/intersection.cpp.o
[ 56%] Building CXX object modules/imgproc/CMakeFiles/opencv_imgproc.dir/src/linefit.cpp.o
[ 56%] Building CXX object modules/imgproc/CMakeFiles/opencv_imgproc.dir/src/lsd.cpp.o
[ 58%] Building CXX object modules/imgproc/CMakeFiles/opencv_imgproc.dir/src/main.cpp.o
[ 58%] Building CXX object modules/imgproc/CMakeFiles/opencv_imgproc.dir/src/matchcontours.cpp.o
[ 58%] Building CXX object modules/imgproc/CMakeFiles/opencv_imgproc.dir/src/median_blur.dispatch.cpp.o
[ 58%] Building CXX object modules/imgproc/CMakeFiles/opencv_imgproc.dir/src/min_enclosing_triangle.cpp.o
[ 58%] Building CXX object modules/imgproc/CMakeFiles/opencv_imgproc.dir/src/moments.cpp.o
[ 58%] Building CXX object modules/imgproc/CMakeFiles/opencv_imgproc.dir/src/morph.dispatch.cpp.o
[ 58%] Building CXX object modules/imgproc/CMakeFiles/opencv_imgproc.dir/src/phasecorr.cpp.o
[ 58%] Building CXX object modules/imgproc/CMakeFiles/opencv_imgproc.dir/src/pyramids.cpp.o
[ 59%] Building CXX object modules/imgproc/CMakeFiles/opencv_imgproc.dir/src/resize.cpp.o
[ 59%] Building CXX object modules/imgproc/CMakeFiles/opencv_imgproc.dir/src/rotcalipers.cpp.o
[ 59%] Building CXX object modules/imgproc/CMakeFiles/opencv_imgproc.dir/src/samplers.cpp.o
[ 59%] Building CXX object modules/imgproc/CMakeFiles/opencv_imgproc.dir/src/segmentation.cpp.o
[ 59%] Building CXX object modules/imgproc/CMakeFiles/opencv_imgproc.dir/src/shapedescr.cpp.o
[ 59%] Building CXX object modules/imgproc/CMakeFiles/opencv_imgproc.dir/src/smooth.dispatch.cpp.o
[ 59%] Building CXX object modules/imgproc/CMakeFiles/opencv_imgproc.dir/src/spatialgradient.cpp.o
[ 59%] Building CXX object modules/imgproc/CMakeFiles/opencv_imgproc.dir/src/stackblur.cpp.o
[ 60%] Building CXX object modules/imgproc/CMakeFiles/opencv_imgproc.dir/src/subdivision2d.cpp.o
[ 60%] Building CXX object modules/imgproc/CMakeFiles/opencv_imgproc.dir/src/sumpixels.dispatch.cpp.o
[ 60%] Building CXX object modules/imgproc/CMakeFiles/opencv_imgproc.dir/src/tables.cpp.o
[ 60%] Building CXX object modules/imgproc/CMakeFiles/opencv_imgproc.dir/src/templmatch.cpp.o
[ 60%] Building CXX object modules/imgproc/CMakeFiles/opencv_imgproc.dir/src/thresh.cpp.o
[ 60%] Building CXX object modules/imgproc/CMakeFiles/opencv_imgproc.dir/src/utils.cpp.o
[ 60%] Building CXX object modules/imgproc/CMakeFiles/opencv_imgproc.dir/opencl_kernels_imgproc.cpp.o
[ 60%] Building CXX object modules/imgproc/CMakeFiles/opencv_imgproc.dir/src/imgwarp.sse4_1.cpp.o
[ 61%] Building CXX object modules/imgproc/CMakeFiles/opencv_imgproc.dir/src/resize.sse4_1.cpp.o
[ 61%] Building CXX object modules/imgproc/CMakeFiles/opencv_imgproc.dir/accum.sse4_1.cpp.o
[ 61%] Building CXX object modules/imgproc/CMakeFiles/opencv_imgproc.dir/box_filter.sse4_1.cpp.o
[ 61%] Building CXX object modules/imgproc/CMakeFiles/opencv_imgproc.dir/filter.sse4_1.cpp.o
[ 61%] Building CXX object modules/imgproc/CMakeFiles/opencv_imgproc.dir/color_hsv.sse4_1.cpp.o
[ 61%] Building CXX object modules/imgproc/CMakeFiles/opencv_imgproc.dir/color_rgb.sse4_1.cpp.o
[ 61%] Building CXX object modules/imgproc/CMakeFiles/opencv_imgproc.dir/color_yuv.sse4_1.cpp.o
[ 61%] Building CXX object modules/imgproc/CMakeFiles/opencv_imgproc.dir/median_blur.sse4_1.cpp.o
[ 62%] Building CXX object modules/imgproc/CMakeFiles/opencv_imgproc.dir/morph.sse4_1.cpp.o
[ 62%] Building CXX object modules/imgproc/CMakeFiles/opencv_imgproc.dir/smooth.sse4_1.cpp.o
[ 62%] Building CXX object modules/imgproc/CMakeFiles/opencv_imgproc.dir/src/corner.avx.cpp.o
[ 62%] Building CXX object modules/imgproc/CMakeFiles/opencv_imgproc.dir/accum.avx.cpp.o
[ 62%] Building CXX object modules/imgproc/CMakeFiles/opencv_imgproc.dir/src/imgwarp.avx2.cpp.o
[ 62%] Building CXX object modules/imgproc/CMakeFiles/opencv_imgproc.dir/src/resize.avx2.cpp.o
[ 62%] Building CXX object modules/imgproc/CMakeFiles/opencv_imgproc.dir/accum.avx2.cpp.o
[ 62%] Building CXX object modules/imgproc/CMakeFiles/opencv_imgproc.dir/bilateral_filter.avx2.cpp.o
[ 63%] Building CXX object modules/imgproc/CMakeFiles/opencv_imgproc.dir/box_filter.avx2.cpp.o
[ 63%] Building CXX object modules/imgproc/CMakeFiles/opencv_imgproc.dir/filter.avx2.cpp.o
[ 63%] Building CXX object modules/imgproc/CMakeFiles/opencv_imgproc.dir/color_hsv.avx2.cpp.o
[ 63%] Building CXX object modules/imgproc/CMakeFiles/opencv_imgproc.dir/color_rgb.avx2.cpp.o
[ 63%] Building CXX object modules/imgproc/CMakeFiles/opencv_imgproc.dir/color_yuv.avx2.cpp.o
[ 63%] Building CXX object modules/imgproc/CMakeFiles/opencv_imgproc.dir/median_blur.avx2.cpp.o
[ 63%] Building CXX object modules/imgproc/CMakeFiles/opencv_imgproc.dir/morph.avx2.cpp.o
[ 63%] Building CXX object modules/imgproc/CMakeFiles/opencv_imgproc.dir/smooth.avx2.cpp.o
[ 63%] Building CXX object modules/imgproc/CMakeFiles/opencv_imgproc.dir/sumpixels.avx2.cpp.o
[ 64%] Building CXX object modules/imgproc/CMakeFiles/opencv_imgproc.dir/sumpixels.avx512_skx.cpp.o
[ 64%] Linking CXX shared library ../../lib/libopencv_imgproc.so
[ 64%] Built target opencv_imgproc
[ 64%] Processing OpenCL kernels (features2d)
[ 64%] Building CXX object modules/imgcodecs/CMakeFiles/opencv_imgcodecs.dir/src/grfmt_base.cpp.o
[ 64%] Building CXX object modules/imgcodecs/CMakeFiles/opencv_imgcodecs.dir/src/utils.cpp.o
[ 64%] Building CXX object modules/imgcodecs/CMakeFiles/opencv_imgcodecs.dir/src/grfmt_avif.cpp.o
[ 64%] Building CXX object modules/imgcodecs/CMakeFiles/opencv_imgcodecs.dir/src/loadsave.cpp.o
[ 65%] Building CXX object modules/imgcodecs/CMakeFiles/opencv_imgcodecs.dir/src/grfmt_bmp.cpp.o
[ 65%] Building CXX object modules/imgcodecs/CMakeFiles/opencv_imgcodecs.dir/src/grfmt_gdcm.cpp.o
[ 65%] Building CXX object modules/imgcodecs/CMakeFiles/opencv_imgcodecs.dir/src/grfmt_exr.cpp.o
[ 65%] Building CXX object modules/imgcodecs/CMakeFiles/opencv_imgcodecs.dir/src/grfmt_hdr.cpp.o
[ 65%] Building CXX object modules/imgcodecs/CMakeFiles/opencv_imgcodecs.dir/src/grfmt_gdal.cpp.o
[ 66%] Building CXX object modules/features2d/CMakeFiles/opencv_features2d.dir/src/affine_feature.cpp.o
[ 66%] Building CXX object modules/imgcodecs/CMakeFiles/opencv_imgcodecs.dir/src/grfmt_jpeg.cpp.o
[ 66%] Building CXX object modules/imgcodecs/CMakeFiles/opencv_imgcodecs.dir/src/grfmt_jpeg2000.cpp.o
[ 66%] Building CXX object modules/imgcodecs/CMakeFiles/opencv_imgcodecs.dir/src/grfmt_jpeg2000_openjpeg.cpp.o
[ 66%] Building CXX object modules/imgcodecs/CMakeFiles/opencv_imgcodecs.dir/src/grfmt_pam.cpp.o
[ 66%] Building CXX object modules/features2d/CMakeFiles/opencv_features2d.dir/src/agast.cpp.o
[ 67%] Building CXX object modules/imgcodecs/CMakeFiles/opencv_imgcodecs.dir/src/grfmt_pfm.cpp.o
[ 67%] Building CXX object modules/imgcodecs/CMakeFiles/opencv_imgcodecs.dir/src/grfmt_png.cpp.o
[ 67%] Building CXX object modules/imgcodecs/CMakeFiles/opencv_imgcodecs.dir/src/grfmt_pxm.cpp.o
[ 67%] Building CXX object modules/imgcodecs/CMakeFiles/opencv_imgcodecs.dir/src/grfmt_spng.cpp.o
[ 67%] Building CXX object modules/imgcodecs/CMakeFiles/opencv_imgcodecs.dir/src/grfmt_sunras.cpp.o
[ 67%] Building CXX object modules/imgcodecs/CMakeFiles/opencv_imgcodecs.dir/src/grfmt_tiff.cpp.o
[ 67%] Building CXX object modules/imgcodecs/CMakeFiles/opencv_imgcodecs.dir/src/grfmt_webp.cpp.o
[ 67%] Building CXX object modules/imgcodecs/CMakeFiles/opencv_imgcodecs.dir/src/bitstrm.cpp.o
[ 68%] Building CXX object modules/imgcodecs/CMakeFiles/opencv_imgcodecs.dir/src/rgbe.cpp.o
[ 68%] Building CXX object modules/imgcodecs/CMakeFiles/opencv_imgcodecs.dir/src/exif.cpp.o
[ 68%] Building CXX object modules/features2d/CMakeFiles/opencv_features2d.dir/src/agast_score.cpp.o
[ 68%] Building CXX object modules/features2d/CMakeFiles/opencv_features2d.dir/src/akaze.cpp.o
[ 68%] Building CXX object modules/features2d/CMakeFiles/opencv_features2d.dir/src/bagofwords.cpp.o
[ 68%] Building CXX object modules/features2d/CMakeFiles/opencv_features2d.dir/src/blobdetector.cpp.o
[ 68%] Building CXX object modules/features2d/CMakeFiles/opencv_features2d.dir/src/brisk.cpp.o
[ 68%] Building CXX object modules/features2d/CMakeFiles/opencv_features2d.dir/src/draw.cpp.o
[ 69%] Building CXX object modules/features2d/CMakeFiles/opencv_features2d.dir/src/dynamic.cpp.o
[ 69%] Building CXX object modules/features2d/CMakeFiles/opencv_features2d.dir/src/evaluation.cpp.o
[ 69%] Building CXX object modules/features2d/CMakeFiles/opencv_features2d.dir/src/fast.cpp.o
[ 69%] Building CXX object modules/features2d/CMakeFiles/opencv_features2d.dir/src/fast_score.cpp.o
[ 69%] Building CXX object modules/features2d/CMakeFiles/opencv_features2d.dir/src/feature2d.cpp.o
[ 69%] Building CXX object modules/features2d/CMakeFiles/opencv_features2d.dir/src/gftt.cpp.o
[ 69%] Building CXX object modules/features2d/CMakeFiles/opencv_features2d.dir/src/kaze.cpp.o
[ 69%] Building CXX object modules/features2d/CMakeFiles/opencv_features2d.dir/src/kaze/AKAZEFeatures.cpp.o
[ 69%] Linking CXX shared library ../../lib/libopencv_imgcodecs.so
[ 70%] Building CXX object modules/features2d/CMakeFiles/opencv_features2d.dir/src/kaze/KAZEFeatures.cpp.o
[ 70%] Building CXX object modules/features2d/CMakeFiles/opencv_features2d.dir/src/kaze/fed.cpp.o
[ 70%] Built target opencv_imgcodecs
[ 70%] Building CXX object modules/videoio/CMakeFiles/opencv_videoio.dir/src/videoio_registry.cpp.o
[ 70%] Building CXX object modules/features2d/CMakeFiles/opencv_features2d.dir/src/kaze/nldiffusion_functions.cpp.o
[ 70%] Building CXX object modules/features2d/CMakeFiles/opencv_features2d.dir/src/keypoint.cpp.o
[ 70%] Building CXX object modules/features2d/CMakeFiles/opencv_features2d.dir/src/main.cpp.o
[ 70%] Building CXX object modules/features2d/CMakeFiles/opencv_features2d.dir/src/matchers.cpp.o
[ 70%] Building CXX object modules/features2d/CMakeFiles/opencv_features2d.dir/src/orb.cpp.o
[ 70%] Building CXX object modules/features2d/CMakeFiles/opencv_features2d.dir/src/mser.cpp.o
[ 72%] Building CXX object modules/features2d/CMakeFiles/opencv_features2d.dir/src/sift.dispatch.cpp.o
[ 72%] Building CXX object modules/features2d/CMakeFiles/opencv_features2d.dir/opencl_kernels_features2d.cpp.o
[ 73%] Building CXX object modules/videoio/CMakeFiles/opencv_videoio.dir/src/videoio_c.cpp.o
[ 73%] Building CXX object modules/features2d/CMakeFiles/opencv_features2d.dir/sift.sse4_1.cpp.o
[ 73%] Building CXX object modules/features2d/CMakeFiles/opencv_features2d.dir/src/fast.avx2.cpp.o
[ 73%] Building CXX object modules/features2d/CMakeFiles/opencv_features2d.dir/sift.avx2.cpp.o
[ 73%] Building CXX object modules/features2d/CMakeFiles/opencv_features2d.dir/sift.avx512_skx.cpp.o
[ 73%] Building CXX object modules/videoio/CMakeFiles/opencv_videoio.dir/src/cap.cpp.o
[ 73%] Building CXX object modules/videoio/CMakeFiles/opencv_videoio.dir/src/cap_images.cpp.o
[ 73%] Building CXX object modules/videoio/CMakeFiles/opencv_videoio.dir/src/cap_mjpeg_encoder.cpp.o
[ 73%] Building CXX object modules/videoio/CMakeFiles/opencv_videoio.dir/src/cap_mjpeg_decoder.cpp.o
[ 73%] Building CXX object modules/videoio/CMakeFiles/opencv_videoio.dir/src/backend_plugin.cpp.o
[ 73%] Building CXX object modules/videoio/CMakeFiles/opencv_videoio.dir/src/backend_static.cpp.o
[ 73%] Building CXX object modules/videoio/CMakeFiles/opencv_videoio.dir/src/container_avi.cpp.o
[ 74%] Building CXX object modules/videoio/CMakeFiles/opencv_videoio.dir/src/cap_gstreamer.cpp.o
[ 74%] Building CXX object modules/videoio/CMakeFiles/opencv_videoio.dir/src/cap_v4l.cpp.o
[ 74%] Building CXX object modules/videoio/CMakeFiles/opencv_videoio.dir/src/cap_ffmpeg.cpp.o
[ 74%] Building CXX object modules/videoio/CMakeFiles/opencv_videoio.dir/src/cap_obsensor_capture.cpp.o
[ 74%] Linking CXX shared library ../../lib/libopencv_features2d.so
[ 74%] Building CXX object modules/videoio/CMakeFiles/opencv_videoio.dir/src/cap_obsensor/obsensor_uvc_stream_channel.cpp.o
[ 74%] Built target opencv_features2d
[ 74%] Building CXX object modules/videoio/CMakeFiles/opencv_videoio.dir/src/cap_obsensor/obsensor_stream_channel_v4l2.cpp.o
[ 74%] Linking CXX shared library ../../lib/libopencv_videoio.so
[ 74%] Built target opencv_videoio
[ 75%] Building CXX object modules/highgui/CMakeFiles/opencv_highgui.dir/src/backend.cpp.o
[ 75%] Building CXX object modules/highgui/CMakeFiles/opencv_highgui.dir/src/window.cpp.o
[ 75%] Building CXX object modules/highgui/CMakeFiles/opencv_highgui.dir/src/roiSelector.cpp.o
[ 75%] Building CXX object modules/highgui/CMakeFiles/opencv_highgui.dir/src/window_gtk.cpp.o
[ 75%] Linking CXX shared library ../../lib/libopencv_highgui.so
[ 75%] Built target opencv_highgui
[ 75%] Building CXX object modules/ts/CMakeFiles/opencv_ts.dir/src/cuda_perf.cpp.o
[ 75%] Building CXX object modules/ts/CMakeFiles/opencv_ts.dir/src/ocl_perf.cpp.o
[ 76%] Building CXX object modules/ts/CMakeFiles/opencv_ts.dir/src/cuda_test.cpp.o
[ 76%] Building CXX object apps/visualisation/CMakeFiles/opencv_visualisation.dir/opencv_visualisation.cpp.o
[ 76%] Building CXX object apps/annotation/CMakeFiles/opencv_annotation.dir/opencv_annotation.cpp.o
[ 76%] Building CXX object modules/ts/CMakeFiles/opencv_ts.dir/src/ts.cpp.o
[ 76%] Building CXX object modules/ts/CMakeFiles/opencv_ts.dir/src/ocl_test.cpp.o
[ 76%] Building CXX object modules/ts/CMakeFiles/opencv_ts.dir/src/ts_arrtest.cpp.o
[ 77%] Building CXX object modules/ts/CMakeFiles/opencv_ts.dir/src/ts_func.cpp.o
[ 77%] Building CXX object modules/ts/CMakeFiles/opencv_ts.dir/src/ts_gtest.cpp.o
[ 77%] Linking CXX executable ../../bin/opencv_annotation
[ 77%] Built target opencv_annotation
[ 77%] Building CXX object modules/ts/CMakeFiles/opencv_ts.dir/src/ts_perf.cpp.o
[ 78%] Linking CXX executable ../../bin/opencv_visualisation
[ 78%] Built target opencv_visualisation
[ 78%] Building CXX object modules/ts/CMakeFiles/opencv_ts.dir/src/ts_tags.cpp.o
[ 78%] Linking CXX static library ../../lib/libopencv_ts.a
[ 78%] Built target opencv_ts
[ 79%] Building CXX object modules/imgproc/CMakeFiles/opencv_test_imgproc.dir/test/ocl/test_accumulate.cpp.o
[ 79%] Building CXX object modules/features2d/CMakeFiles/opencv_test_features2d.dir/test/ocl/test_feature2d.cpp.o
[ 79%] Building CXX object modules/imgproc/CMakeFiles/opencv_test_imgproc.dir/test/ocl/test_blend.cpp.o
[ 79%] Building CXX object modules/videoio/CMakeFiles/opencv_test_videoio.dir/test/test_audio.cpp.o
[ 79%] Building CXX object modules/core/CMakeFiles/opencv_test_core.dir/test/ocl/test_arithm.cpp.o
[ 79%] Building CXX object modules/features2d/CMakeFiles/opencv_test_features2d.dir/test/ocl/test_brute_force_matcher.cpp.o
[ 79%] Building CXX object modules/imgproc/CMakeFiles/opencv_test_imgproc.dir/test/ocl/test_boxfilter.cpp.o
[ 79%] Building CXX object modules/highgui/CMakeFiles/opencv_test_highgui.dir/test/test_gui.cpp.o
[ 79%] Building CXX object modules/imgcodecs/CMakeFiles/opencv_test_imgcodecs.dir/test/test_avif.cpp.o
[ 79%] Building CXX object modules/features2d/CMakeFiles/opencv_test_features2d.dir/test/test_affine_feature.cpp.o
[ 79%] Building CXX object modules/imgcodecs/CMakeFiles/opencv_test_imgcodecs.dir/test/test_common.cpp.o
[ 79%] Building CXX object modules/highgui/CMakeFiles/opencv_test_highgui.dir/test/test_main.cpp.o
[ 79%] Building CXX object modules/core/CMakeFiles/opencv_test_core.dir/test/ocl/test_channels.cpp.o
[ 80%] Building CXX object modules/imgcodecs/CMakeFiles/opencv_test_imgcodecs.dir/test/test_grfmt.cpp.o
[ 81%] Building CXX object modules/features2d/CMakeFiles/opencv_test_features2d.dir/test/test_agast.cpp.o
[ 81%] Building CXX object modules/imgcodecs/CMakeFiles/opencv_test_imgcodecs.dir/test/test_jpeg.cpp.o
[ 81%] Building CXX object modules/features2d/CMakeFiles/opencv_test_features2d.dir/test/test_akaze.cpp.o
[ 81%] Building CXX object modules/core/CMakeFiles/opencv_test_core.dir/test/ocl/test_dft.cpp.o
[ 81%] Building CXX object modules/imgproc/CMakeFiles/opencv_test_imgproc.dir/test/ocl/test_canny.cpp.o
[ 81%] Linking CXX executable ../../bin/opencv_test_highgui
[ 81%] Building CXX object modules/imgcodecs/CMakeFiles/opencv_test_imgcodecs.dir/test/test_main.cpp.o
[ 81%] Built target opencv_test_highgui
[ 81%] Building CXX object modules/features2d/CMakeFiles/opencv_test_features2d.dir/test/test_blobdetector.cpp.o
[ 81%] Building CXX object modules/features2d/CMakeFiles/opencv_test_features2d.dir/test/test_brisk.cpp.o
[ 81%] Building CXX object modules/core/CMakeFiles/opencv_test_core.dir/test/ocl/test_gemm.cpp.o
[ 81%] Building CXX object modules/features2d/CMakeFiles/opencv_test_features2d.dir/test/test_descriptors_invariance.cpp.o
[ 81%] Building CXX object modules/imgcodecs/CMakeFiles/opencv_test_imgcodecs.dir/test/test_png.cpp.o
[ 81%] Building CXX object modules/imgcodecs/CMakeFiles/opencv_test_imgcodecs.dir/test/test_read_write.cpp.o
[ 81%] Building CXX object modules/core/CMakeFiles/opencv_test_core.dir/test/ocl/test_image2d.cpp.o
[ 81%] Building CXX object modules/imgproc/CMakeFiles/opencv_test_imgproc.dir/test/ocl/test_color.cpp.o
[ 81%] Building CXX object modules/videoio/CMakeFiles/opencv_test_videoio.dir/test/test_camera.cpp.o
[ 81%] Building CXX object modules/core/CMakeFiles/opencv_test_core.dir/test/ocl/test_matrix_expr.cpp.o
[ 81%] Building CXX object modules/videoio/CMakeFiles/opencv_test_videoio.dir/test/test_container_avi.cpp.o
[ 82%] Building CXX object modules/core/CMakeFiles/opencv_test_core.dir/test/ocl/test_matrix_operation.cpp.o
[ 82%] Building CXX object modules/imgproc/CMakeFiles/opencv_test_imgproc.dir/test/ocl/test_filter2d.cpp.o
[ 82%] Building CXX object modules/core/CMakeFiles/opencv_test_core.dir/test/ocl/test_opencl.cpp.o
[ 82%] Building CXX object modules/imgcodecs/CMakeFiles/opencv_test_imgcodecs.dir/test/test_tiff.cpp.o
[ 82%] Building CXX object modules/features2d/CMakeFiles/opencv_test_features2d.dir/test/test_descriptors_regression.cpp.o
[ 82%] Building CXX object modules/features2d/CMakeFiles/opencv_test_features2d.dir/test/test_detectors_invariance.cpp.o
[ 82%] Building CXX object modules/imgproc/CMakeFiles/opencv_test_imgproc.dir/test/ocl/test_filters.cpp.o
[ 82%] Building CXX object modules/core/CMakeFiles/opencv_test_core.dir/test/test_arithm.cpp.o
[ 82%] Building CXX object modules/imgproc/CMakeFiles/opencv_test_imgproc.dir/test/ocl/test_gftt.cpp.o
[ 82%] Building CXX object modules/core/CMakeFiles/opencv_test_core.dir/test/test_async.cpp.o
[ 82%] Building CXX object modules/imgcodecs/CMakeFiles/opencv_test_imgcodecs.dir/test/test_webp.cpp.o
[ 82%] Building CXX object modules/videoio/CMakeFiles/opencv_test_videoio.dir/test/test_dynamic.cpp.o
[ 82%] Building CXX object modules/imgproc/CMakeFiles/opencv_test_imgproc.dir/test/ocl/test_histogram.cpp.o
[ 83%] Building CXX object modules/imgproc/CMakeFiles/opencv_test_imgproc.dir/test/ocl/test_houghlines.cpp.o
[ 83%] Building CXX object modules/features2d/CMakeFiles/opencv_test_features2d.dir/test/test_detectors_regression.cpp.o
[ 83%] Building CXX object modules/core/CMakeFiles/opencv_test_core.dir/test/test_concatenation.cpp.o
[ 83%] Building CXX object modules/core/CMakeFiles/opencv_test_core.dir/test/test_conjugate_gradient.cpp.o
[ 83%] Building CXX object modules/core/CMakeFiles/opencv_test_core.dir/test/test_countnonzero.cpp.o
[ 83%] Building CXX object modules/imgproc/CMakeFiles/opencv_test_imgproc.dir/test/ocl/test_imgproc.cpp.o
[ 84%] Building CXX object modules/features2d/CMakeFiles/opencv_test_features2d.dir/test/test_drawing.cpp.o
[ 84%] Building CXX object modules/videoio/CMakeFiles/opencv_test_videoio.dir/test/test_ffmpeg.cpp.o
[ 84%] Building CXX object modules/imgproc/CMakeFiles/opencv_test_imgproc.dir/test/ocl/test_match_template.cpp.o
[ 84%] Building CXX object modules/features2d/CMakeFiles/opencv_test_features2d.dir/test/test_fast.cpp.o
[ 84%] Building CXX object modules/core/CMakeFiles/opencv_test_core.dir/test/test_cuda.cpp.o
[ 86%] Building CXX object modules/core/CMakeFiles/opencv_test_core.dir/test/test_downhill_simplex.cpp.o
[ 86%] Building CXX object modules/imgproc/CMakeFiles/opencv_test_imgproc.dir/test/ocl/test_medianfilter.cpp.o
[ 86%] Building CXX object modules/imgproc/CMakeFiles/opencv_test_imgproc.dir/test/ocl/test_pyramids.cpp.o
[ 86%] Building CXX object modules/features2d/CMakeFiles/opencv_test_features2d.dir/test/test_keypoints.cpp.o
[ 86%] Building CXX object modules/features2d/CMakeFiles/opencv_test_features2d.dir/test/test_main.cpp.o
[ 86%] Building CXX object modules/core/CMakeFiles/opencv_test_core.dir/test/test_ds.cpp.o
[ 86%] Building CXX object modules/features2d/CMakeFiles/opencv_test_features2d.dir/test/test_matchers_algorithmic.cpp.o
[ 86%] Building CXX object modules/features2d/CMakeFiles/opencv_test_features2d.dir/test/test_mser.cpp.o
[ 86%] Building CXX object modules/imgproc/CMakeFiles/opencv_test_imgproc.dir/test/ocl/test_sepfilter2d.cpp.o
[ 86%] Building CXX object modules/imgproc/CMakeFiles/opencv_test_imgproc.dir/test/ocl/test_warp.cpp.o
[ 87%] Building CXX object modules/videoio/CMakeFiles/opencv_test_videoio.dir/test/test_gstreamer.cpp.o
[ 87%] Building CXX object modules/core/CMakeFiles/opencv_test_core.dir/test/test_dxt.cpp.o
[ 87%] Linking CXX executable ../../bin/opencv_test_imgcodecs
[ 87%] Building CXX object modules/features2d/CMakeFiles/opencv_test_features2d.dir/test/test_nearestneighbors.cpp.o
[ 87%] Built target opencv_test_imgcodecs
[ 87%] Building CXX object modules/videoio/CMakeFiles/opencv_test_videoio.dir/test/test_images.cpp.o
[ 87%] Building CXX object modules/features2d/CMakeFiles/opencv_test_features2d.dir/test/test_orb.cpp.o
[ 87%] Building CXX object modules/videoio/CMakeFiles/opencv_test_videoio.dir/test/test_main.cpp.o
[ 87%] Building CXX object modules/imgproc/CMakeFiles/opencv_test_imgproc.dir/test/test_approxpoly.cpp.o
[ 88%] Building CXX object modules/features2d/CMakeFiles/opencv_test_features2d.dir/test/test_sift.cpp.o
[ 88%] Building CXX object modules/features2d/CMakeFiles/opencv_test_features2d.dir/test/test_utils.cpp.o
[ 88%] Building CXX object modules/core/CMakeFiles/opencv_test_core.dir/test/test_eigen.cpp.o
[ 88%] Building CXX object modules/videoio/CMakeFiles/opencv_test_videoio.dir/test/test_mfx.cpp.o
[ 88%] Building CXX object modules/videoio/CMakeFiles/opencv_test_videoio.dir/test/test_microphone.cpp.o
[ 89%] Building CXX object modules/imgproc/CMakeFiles/opencv_test_imgproc.dir/test/test_bilateral_filter.cpp.o
[ 89%] Building CXX object modules/videoio/CMakeFiles/opencv_test_videoio.dir/test/test_orientation.cpp.o
[ 89%] Building CXX object modules/imgproc/CMakeFiles/opencv_test_imgproc.dir/test/test_boundingrect.cpp.o
[ 89%] Linking CXX executable ../../bin/opencv_test_features2d
[ 89%] Built target opencv_test_features2d
[ 89%] Building CXX object modules/imgproc/CMakeFiles/opencv_test_imgproc.dir/test/test_canny.cpp.o
[ 89%] Building CXX object modules/videoio/CMakeFiles/opencv_test_videoio.dir/test/test_plugins.cpp.o
[ 89%] Building CXX object modules/videoio/CMakeFiles/opencv_test_videoio.dir/test/test_v4l2.cpp.o
[ 89%] Building CXX object modules/imgproc/CMakeFiles/opencv_test_imgproc.dir/test/test_color.cpp.o
[ 90%] Building CXX object modules/videoio/CMakeFiles/opencv_test_videoio.dir/test/test_video_io.cpp.o
[ 90%] Building CXX object modules/imgproc/CMakeFiles/opencv_test_imgproc.dir/test/test_connectedcomponents.cpp.o
[ 90%] Building CXX object modules/imgproc/CMakeFiles/opencv_test_imgproc.dir/test/test_contours.cpp.o
[ 90%] Building CXX object modules/core/CMakeFiles/opencv_test_core.dir/test/test_hal_core.cpp.o
[ 90%] Building CXX object modules/core/CMakeFiles/opencv_test_core.dir/test/test_hasnonzero.cpp.o
[ 90%] Building CXX object modules/core/CMakeFiles/opencv_test_core.dir/test/test_intrin.cpp.o
[ 90%] Building CXX object modules/core/CMakeFiles/opencv_test_core.dir/test/test_intrin_emulator.cpp.o
[ 90%] Building CXX object modules/imgproc/CMakeFiles/opencv_test_imgproc.dir/test/test_contours_new.cpp.o
[ 91%] Building CXX object modules/core/CMakeFiles/opencv_test_core.dir/test/test_io.cpp.o
[ 91%] Building CXX object modules/imgproc/CMakeFiles/opencv_test_imgproc.dir/test/test_convhull.cpp.o
[ 91%] Building CXX object modules/core/CMakeFiles/opencv_test_core.dir/test/test_logtagconfigparser.cpp.o
[ 92%] Building CXX object modules/imgproc/CMakeFiles/opencv_test_imgproc.dir/test/test_cornersubpix.cpp.o
[ 92%] Building CXX object modules/imgproc/CMakeFiles/opencv_test_imgproc.dir/test/test_cvtyuv.cpp.o
[ 92%] Linking CXX executable ../../bin/opencv_test_videoio
[ 92%] Building CXX object modules/imgproc/CMakeFiles/opencv_test_imgproc.dir/test/test_distancetransform.cpp.o
[ 92%] Building CXX object modules/core/CMakeFiles/opencv_test_core.dir/test/test_logtagmanager.cpp.o
[ 92%] Building CXX object modules/imgproc/CMakeFiles/opencv_test_imgproc.dir/test/test_drawing.cpp.o
[ 92%] Built target opencv_test_videoio
[ 92%] Building CXX object modules/imgproc/CMakeFiles/opencv_test_imgproc.dir/test/test_emd.cpp.o
[ 92%] Building CXX object modules/imgproc/CMakeFiles/opencv_test_imgproc.dir/test/test_filter.cpp.o
[ 92%] Building CXX object modules/core/CMakeFiles/opencv_test_core.dir/test/test_lpsolver.cpp.o
[ 92%] Building CXX object modules/imgproc/CMakeFiles/opencv_test_imgproc.dir/test/test_fitellipse.cpp.o
[ 92%] Building CXX object modules/imgproc/CMakeFiles/opencv_test_imgproc.dir/test/test_fitellipse_ams.cpp.o
[ 93%] Building CXX object modules/imgproc/CMakeFiles/opencv_test_imgproc.dir/test/test_fitellipse_direct.cpp.o
[ 93%] Building CXX object modules/imgproc/CMakeFiles/opencv_test_imgproc.dir/test/test_floodfill.cpp.o
[ 93%] Building CXX object modules/core/CMakeFiles/opencv_test_core.dir/test/test_main.cpp.o
[ 93%] Building CXX object modules/imgproc/CMakeFiles/opencv_test_imgproc.dir/test/test_goodfeaturetotrack.cpp.o
[ 93%] Building CXX object modules/core/CMakeFiles/opencv_test_core.dir/test/test_mat.cpp.o
[ 93%] Building CXX object modules/imgproc/CMakeFiles/opencv_test_imgproc.dir/test/test_grabcut.cpp.o
[ 93%] Building CXX object modules/core/CMakeFiles/opencv_test_core.dir/test/test_math.cpp.o
[ 93%] Building CXX object modules/imgproc/CMakeFiles/opencv_test_imgproc.dir/test/test_histograms.cpp.o
[ 93%] Building CXX object modules/imgproc/CMakeFiles/opencv_test_imgproc.dir/test/test_houghcircles.cpp.o
[ 93%] Building CXX object modules/core/CMakeFiles/opencv_test_core.dir/test/test_misc.cpp.o
[ 93%] Building CXX object modules/imgproc/CMakeFiles/opencv_test_imgproc.dir/test/test_houghlines.cpp.o
[ 93%] Building CXX object modules/imgproc/CMakeFiles/opencv_test_imgproc.dir/test/test_imgproc_umat.cpp.o
[ 94%] Building CXX object modules/imgproc/CMakeFiles/opencv_test_imgproc.dir/test/test_imgwarp.cpp.o
[ 94%] Building CXX object modules/imgproc/CMakeFiles/opencv_test_imgproc.dir/test/test_imgwarp_strict.cpp.o
[ 94%] Building CXX object modules/imgproc/CMakeFiles/opencv_test_imgproc.dir/test/test_intelligent_scissors.cpp.o
[ 94%] Building CXX object modules/imgproc/CMakeFiles/opencv_test_imgproc.dir/test/test_intersectconvexconvex.cpp.o
[ 95%] Building CXX object modules/core/CMakeFiles/opencv_test_core.dir/test/test_opencl.cpp.o
[ 95%] Building CXX object modules/core/CMakeFiles/opencv_test_core.dir/test/test_operations.cpp.o
[ 95%] Building CXX object modules/imgproc/CMakeFiles/opencv_test_imgproc.dir/test/test_intersection.cpp.o
[ 95%] Building CXX object modules/imgproc/CMakeFiles/opencv_test_imgproc.dir/test/test_lsd.cpp.o
[ 95%] Building CXX object modules/imgproc/CMakeFiles/opencv_test_imgproc.dir/test/test_main.cpp.o
[ 95%] Building CXX object modules/imgproc/CMakeFiles/opencv_test_imgproc.dir/test/test_moments.cpp.o
[ 96%] Building CXX object modules/imgproc/CMakeFiles/opencv_test_imgproc.dir/test/test_pc.cpp.o
[ 96%] Building CXX object modules/core/CMakeFiles/opencv_test_core.dir/test/test_ptr.cpp.o
[ 96%] Building CXX object modules/imgproc/CMakeFiles/opencv_test_imgproc.dir/test/test_pyramid.cpp.o
[ 96%] Building CXX object modules/imgproc/CMakeFiles/opencv_test_imgproc.dir/test/test_resize_bitexact.cpp.o
[ 96%] Building CXX object modules/imgproc/CMakeFiles/opencv_test_imgproc.dir/test/test_smooth_bitexact.cpp.o
[ 96%] Building CXX object modules/imgproc/CMakeFiles/opencv_test_imgproc.dir/test/test_stackblur.cpp.o
[ 96%] Building CXX object modules/imgproc/CMakeFiles/opencv_test_imgproc.dir/test/test_subdivision2d.cpp.o
[ 96%] Building CXX object modules/core/CMakeFiles/opencv_test_core.dir/test/test_quaternion.cpp.o
[ 96%] Building CXX object modules/core/CMakeFiles/opencv_test_core.dir/test/test_rand.cpp.o
[ 96%] Building CXX object modules/imgproc/CMakeFiles/opencv_test_imgproc.dir/test/test_templmatch.cpp.o
[ 96%] Building CXX object modules/imgproc/CMakeFiles/opencv_test_imgproc.dir/test/test_templmatchmask.cpp.o
[ 96%] Building CXX object modules/core/CMakeFiles/opencv_test_core.dir/test/test_rotatedrect.cpp.o
[ 97%] Building CXX object modules/imgproc/CMakeFiles/opencv_test_imgproc.dir/test/test_thresh.cpp.o
[ 97%] Building CXX object modules/core/CMakeFiles/opencv_test_core.dir/test/test_umat.cpp.o
[ 97%] Building CXX object modules/core/CMakeFiles/opencv_test_core.dir/test/test_utils.cpp.o
[ 97%] Building CXX object modules/imgproc/CMakeFiles/opencv_test_imgproc.dir/test/test_watershed.cpp.o
[ 98%] Building CXX object modules/core/CMakeFiles/opencv_test_core.dir/test/test_intrin128.sse2.cpp.o
[ 98%] Building CXX object modules/core/CMakeFiles/opencv_test_core.dir/test/test_intrin128.sse3.cpp.o
[ 98%] Building CXX object modules/core/CMakeFiles/opencv_test_core.dir/test/test_intrin128.ssse3.cpp.o
[ 98%] Building CXX object modules/core/CMakeFiles/opencv_test_core.dir/test/test_intrin128.sse4_1.cpp.o
[ 98%] Building CXX object modules/core/CMakeFiles/opencv_test_core.dir/test/test_intrin128.sse4_2.cpp.o
[ 98%] Building CXX object modules/core/CMakeFiles/opencv_test_core.dir/test/test_intrin128.fp16.cpp.o
[ 98%] Linking CXX executable ../../bin/opencv_test_imgproc
[ 98%] Built target opencv_test_imgproc
[ 98%] Building CXX object modules/core/CMakeFiles/opencv_test_core.dir/test/test_intrin128.avx.cpp.o
[ 98%] Building CXX object modules/core/CMakeFiles/opencv_test_core.dir/test/test_intrin128.avx2.cpp.o
[100%] Building CXX object modules/core/CMakeFiles/opencv_test_core.dir/test/test_intrin256.avx2.cpp.o
[100%] Building CXX object modules/core/CMakeFiles/opencv_test_core.dir/test/test_intrin128.avx512_skx.cpp.o
[100%] Building CXX object modules/core/CMakeFiles/opencv_test_core.dir/test/test_intrin256.avx512_skx.cpp.o
[100%] Building CXX object modules/core/CMakeFiles/opencv_test_core.dir/test/test_intrin512.avx512_skx.cpp.o
[100%] Linking CXX executable ../../bin/opencv_test_core
[100%] Built target opencv_test_core
Consolidate compiler generated dependencies of target ittnotify
[  0%] Built target opencv_dnn_plugins
[  0%] Built target opencv_videoio_plugins
[  0%] Built target opencv_highgui_plugins
[  0%] Built target ittnotify
Consolidate compiler generated dependencies of target ippiw
Consolidate compiler generated dependencies of target libopenjp2
[  4%] Built target ippiw
[  7%] Built target libopenjp2
Consolidate compiler generated dependencies of target libwebp
[ 23%] Built target libwebp
Consolidate compiler generated dependencies of target IlmImf
[ 37%] Built target IlmImf
Consolidate compiler generated dependencies of target opencv_core
[ 51%] Built target opencv_core
Consolidate compiler generated dependencies of target opencv_version
[ 51%] Built target opencv_version
Consolidate compiler generated dependencies of target opencv_imgproc
[ 64%] Built target opencv_imgproc
Consolidate compiler generated dependencies of target opencv_imgcodecs
[ 67%] Built target opencv_imgcodecs
Consolidate compiler generated dependencies of target opencv_features2d
[ 67%] Building CXX object modules/features2d/CMakeFiles/opencv_features2d.dir/src/kaze.cpp.o
Consolidate compiler generated dependencies of target opencv_videoio
[ 69%] Built target opencv_videoio
Consolidate compiler generated dependencies of target opencv_highgui
[ 70%] Built target opencv_highgui
Consolidate compiler generated dependencies of target opencv_annotation
Consolidate compiler generated dependencies of target opencv_visualisation
[ 72%] Built target opencv_annotation
[ 73%] Built target opencv_visualisation
Consolidate compiler generated dependencies of target opencv_ts
[ 74%] Built target opencv_ts
Consolidate compiler generated dependencies of target opencv_test_highgui
Consolidate compiler generated dependencies of target opencv_test_imgcodecs
[ 74%] Built target opencv_test_highgui
[ 75%] Built target opencv_test_imgcodecs
Consolidate compiler generated dependencies of target opencv_test_videoio
[ 77%] Built target opencv_test_videoio
Consolidate compiler generated dependencies of target opencv_test_core
[ 83%] Built target opencv_test_core
Consolidate compiler generated dependencies of target opencv_test_imgproc
[ 92%] Built target opencv_test_imgproc
[ 92%] Linking CXX shared library ../../lib/libopencv_features2d.so
[ 96%] Built target opencv_features2d
Consolidate compiler generated dependencies of target opencv_test_features2d
[ 96%] Linking CXX executable ../../bin/opencv_test_features2d
[100%] Built target opencv_test_features2d
Testing mutant kaze.MUT242.cpp on faster42.swtv::core5
>> Configuring opencv_features2d_TF_bot30 without coverage
>> Building opencv_features2d_TF_bot30
>> Applied patch to kaze.cpp with kaze.MUT242.cpp
>> Building opencv_features2d_TF_bot30
Mutant kaze.MUT242.cpp is not killed (all tcs pass)
>> Reverted kaze.cpp to original from kaze.MUT242.cpp

+++++ STDERR +++++

+++++ results for akaze.MUT337.cpp +++++
+++++ STDOUT +++++
[  0%] Built target opencv_dnn_plugins
[  0%] Built target opencv_highgui_plugins
[  0%] Built target opencv_videoio_plugins
[  3%] Built target libopenjp2
[  4%] Built target ittnotify
[  7%] Built target ippiw
[ 23%] Built target libwebp
[ 37%] Built target IlmImf
[ 51%] Built target opencv_core
[ 51%] Built target opencv_version
[ 64%] Built target opencv_imgproc
[ 67%] Built target opencv_imgcodecs
[ 69%] Built target opencv_videoio
Consolidate compiler generated dependencies of target opencv_features2d
[ 70%] Built target opencv_highgui
[ 70%] Building CXX object modules/features2d/CMakeFiles/opencv_features2d.dir/src/kaze.cpp.o
[ 72%] Built target opencv_visualisation
[ 73%] Built target opencv_annotation
[ 74%] Built target opencv_ts
[ 74%] Built target opencv_test_highgui
[ 75%] Built target opencv_test_imgcodecs
[ 77%] Built target opencv_test_videoio
[ 83%] Built target opencv_test_core
[ 92%] Built target opencv_test_imgproc
[ 92%] Linking CXX shared library ../../lib/libopencv_features2d.so
[ 96%] Built target opencv_features2d
[ 96%] Linking CXX executable ../../bin/opencv_test_features2d
[100%] Built target opencv_test_features2d
[  0%] Built target opencv_highgui_plugins
[  0%] Built target ittnotify
[  0%] Built target opencv_videoio_plugins
[  0%] Built target opencv_dnn_plugins
[  4%] Built target ippiw
[  7%] Built target libopenjp2
[ 23%] Built target libwebp
[ 37%] Built target IlmImf
[ 51%] Built target opencv_core
[ 51%] Built target opencv_version
[ 64%] Built target opencv_imgproc
[ 67%] Built target opencv_imgcodecs
[ 69%] Built target opencv_videoio
Consolidate compiler generated dependencies of target opencv_features2d
[ 70%] Built target opencv_highgui
[ 70%] Building CXX object modules/features2d/CMakeFiles/opencv_features2d.dir/src/akaze.cpp.o
[ 72%] Built target opencv_ts
[ 73%] Built target opencv_annotation
[ 74%] Built target opencv_visualisation
[ 75%] Built target opencv_test_imgcodecs
[ 75%] Built target opencv_test_highgui
[ 77%] Built target opencv_test_videoio
[ 83%] Built target opencv_test_core
[ 92%] Built target opencv_test_imgproc
[ 92%] Linking CXX shared library ../../lib/libopencv_features2d.so
[ 96%] Built target opencv_features2d
[ 96%] Linking CXX executable ../../bin/opencv_test_features2d
[100%] Built target opencv_test_features2d
Testing mutant akaze.MUT337.cpp on faster42.swtv::core5
>> Building opencv_features2d_TF_bot30
>> Applied patch to akaze.cpp with akaze.MUT337.cpp
>> Building opencv_features2d_TF_bot30
Mutant akaze.MUT337.cpp is not killed (all tcs pass)
>> Reverted akaze.cpp to original from akaze.MUT337.cpp

+++++ STDERR +++++

+++++ results for akaze.MUT256.cpp +++++
+++++ STDOUT +++++
[  0%] Built target opencv_dnn_plugins
[  0%] Built target opencv_videoio_plugins
[  0%] Built target ittnotify
[  4%] Built target libopenjp2
[  7%] Built target ippiw
[  7%] Built target opencv_highgui_plugins
[ 23%] Built target libwebp
[ 37%] Built target IlmImf
[ 51%] Built target opencv_core
[ 51%] Built target opencv_version
[ 64%] Built target opencv_imgproc
[ 67%] Built target opencv_imgcodecs
[ 69%] Built target opencv_videoio
Consolidate compiler generated dependencies of target opencv_features2d
[ 70%] Built target opencv_highgui
[ 70%] Building CXX object modules/features2d/CMakeFiles/opencv_features2d.dir/src/akaze.cpp.o
[ 72%] Built target opencv_annotation
[ 73%] Built target opencv_visualisation
[ 74%] Built target opencv_ts
[ 74%] Built target opencv_test_highgui
[ 75%] Built target opencv_test_imgcodecs
[ 77%] Built target opencv_test_videoio
[ 83%] Built target opencv_test_core
[ 92%] Built target opencv_test_imgproc
[ 92%] Linking CXX shared library ../../lib/libopencv_features2d.so
[ 96%] Built target opencv_features2d
[ 96%] Linking CXX executable ../../bin/opencv_test_features2d
[100%] Built target opencv_test_features2d
[  0%] Built target opencv_highgui_plugins
[  0%] Built target opencv_videoio_plugins
[  0%] Built target opencv_dnn_plugins
[  0%] Built target ittnotify
[  4%] Built target ippiw
[  7%] Built target libopenjp2
[ 23%] Built target libwebp
[ 37%] Built target IlmImf
[ 51%] Built target opencv_core
[ 51%] Built target opencv_version
[ 64%] Built target opencv_imgproc
[ 67%] Built target opencv_imgcodecs
[ 69%] Built target opencv_videoio
[ 70%] Built target opencv_highgui
Consolidate compiler generated dependencies of target opencv_features2d
[ 72%] Built target opencv_annotation
[ 72%] Building CXX object modules/features2d/CMakeFiles/opencv_features2d.dir/src/akaze.cpp.o
[ 73%] Built target opencv_visualisation
[ 74%] Built target opencv_ts
[ 74%] Built target opencv_test_highgui
[ 75%] Built target opencv_test_imgcodecs
[ 77%] Built target opencv_test_videoio
[ 83%] Built target opencv_test_core
[ 92%] Built target opencv_test_imgproc
Testing mutant akaze.MUT256.cpp on faster42.swtv::core5
>> Building opencv_features2d_TF_bot30
>> Applied patch to akaze.cpp with akaze.MUT256.cpp
>> Building opencv_features2d_TF_bot30
Failed to build on akaze.MUT256.cpp
>> Reverted akaze.cpp to original from akaze.MUT256.cpp

+++++ STDERR +++++
/home/yangheechan/FL-dataset-generation-opencv_features2d_TF_bot30/work/opencv_features2d_TF_bot30/working_env/faster42.swtv/core5/opencv_features2d_TF_bot30/modules/features2d/src/akaze.cpp:207:13: error: expected unqualified-id before if
  207 |             if(descriptors.needed())
      |             ^~
/home/yangheechan/FL-dataset-generation-opencv_features2d_TF_bot30/work/opencv_features2d_TF_bot30/working_env/faster42.swtv/core5/opencv_features2d_TF_bot30/modules/features2d/src/akaze.cpp:214:10: error: expected ; after class definition
  214 |         }
      |          ^
      |          ;
/home/yangheechan/FL-dataset-generation-opencv_features2d_TF_bot30/work/opencv_features2d_TF_bot30/working_env/faster42.swtv/core5/opencv_features2d_TF_bot30/modules/features2d/src/akaze.cpp: In constructor cv::AKAZE_Impl::AKAZE_Impl(cv::AKAZE::DescriptorType, int, int, float, int, int, cv::KAZE::DiffusivityType, int):
/home/yangheechan/FL-dataset-generation-opencv_features2d_TF_bot30/work/opencv_features2d_TF_bot30/working_env/faster42.swtv/core5/opencv_features2d_TF_bot30/modules/features2d/src/akaze.cpp:65:11: error: class cv::AKAZE_Impl does not have any field named descriptor
   65 |         : descriptor(_descriptor_type)
      |           ^~~~~~~~~~
/home/yangheechan/FL-dataset-generation-opencv_features2d_TF_bot30/work/opencv_features2d_TF_bot30/working_env/faster42.swtv/core5/opencv_features2d_TF_bot30/modules/features2d/src/akaze.cpp:66:11: error: class cv::AKAZE_Impl does not have any field named descriptor_channels
   66 |         , descriptor_channels(_descriptor_channels)
      |           ^~~~~~~~~~~~~~~~~~~
/home/yangheechan/FL-dataset-generation-opencv_features2d_TF_bot30/work/opencv_features2d_TF_bot30/working_env/faster42.swtv/core5/opencv_features2d_TF_bot30/modules/features2d/src/akaze.cpp:67:11: error: class cv::AKAZE_Impl does not have any field named descriptor_size
   67 |         , descriptor_size(_descriptor_size)
      |           ^~~~~~~~~~~~~~~
/home/yangheechan/FL-dataset-generation-opencv_features2d_TF_bot30/work/opencv_features2d_TF_bot30/working_env/faster42.swtv/core5/opencv_features2d_TF_bot30/modules/features2d/src/akaze.cpp:68:11: error: class cv::AKAZE_Impl does not have any field named threshold
   68 |         , threshold(_threshold)
      |           ^~~~~~~~~
/home/yangheechan/FL-dataset-generation-opencv_features2d_TF_bot30/work/opencv_features2d_TF_bot30/working_env/faster42.swtv/core5/opencv_features2d_TF_bot30/modules/features2d/src/akaze.cpp:69:11: error: class cv::AKAZE_Impl does not have any field named octaves
   69 |         , octaves(_octaves)
      |           ^~~~~~~
/home/yangheechan/FL-dataset-generation-opencv_features2d_TF_bot30/work/opencv_features2d_TF_bot30/working_env/faster42.swtv/core5/opencv_features2d_TF_bot30/modules/features2d/src/akaze.cpp:70:11: error: class cv::AKAZE_Impl does not have any field named sublevels
   70 |         , sublevels(_sublevels)
      |           ^~~~~~~~~
/home/yangheechan/FL-dataset-generation-opencv_features2d_TF_bot30/work/opencv_features2d_TF_bot30/working_env/faster42.swtv/core5/opencv_features2d_TF_bot30/modules/features2d/src/akaze.cpp:71:11: error: class cv::AKAZE_Impl does not have any field named diffusivity
   71 |         , diffusivity(_diffusivity)
      |           ^~~~~~~~~~~
/home/yangheechan/FL-dataset-generation-opencv_features2d_TF_bot30/work/opencv_features2d_TF_bot30/working_env/faster42.swtv/core5/opencv_features2d_TF_bot30/modules/features2d/src/akaze.cpp:72:11: error: class cv::AKAZE_Impl does not have any field named max_points
   72 |         , max_points(_max_points)
      |           ^~~~~~~~~~
/home/yangheechan/FL-dataset-generation-opencv_features2d_TF_bot30/work/opencv_features2d_TF_bot30/working_env/faster42.swtv/core5/opencv_features2d_TF_bot30/modules/features2d/src/akaze.cpp: In member function virtual void cv::AKAZE_Impl::setDescriptorType(cv::AKAZE::DescriptorType):
/home/yangheechan/FL-dataset-generation-opencv_features2d_TF_bot30/work/opencv_features2d_TF_bot30/working_env/faster42.swtv/core5/opencv_features2d_TF_bot30/modules/features2d/src/akaze.cpp:81:67: error: descriptor was not declared in this scope; did you mean descriptorSize?
   81 |         void setDescriptorType(DescriptorType dtype) CV_OVERRIDE{ descriptor = dtype; }
      |                                                                   ^~~~~~~~~~
      |                                                                   descriptorSize
/home/yangheechan/FL-dataset-generation-opencv_features2d_TF_bot30/work/opencv_features2d_TF_bot30/working_env/faster42.swtv/core5/opencv_features2d_TF_bot30/modules/features2d/src/akaze.cpp: In member function virtual cv::AKAZE::DescriptorType cv::AKAZE_Impl::getDescriptorType() const:
/home/yangheechan/FL-dataset-generation-opencv_features2d_TF_bot30/work/opencv_features2d_TF_bot30/working_env/faster42.swtv/core5/opencv_features2d_TF_bot30/modules/features2d/src/akaze.cpp:82:70: error: descriptor was not declared in this scope; did you mean descriptorSize?
   82 |         DescriptorType getDescriptorType() const CV_OVERRIDE{ return descriptor; }
      |                                                                      ^~~~~~~~~~
      |                                                                      descriptorSize
/home/yangheechan/FL-dataset-generation-opencv_features2d_TF_bot30/work/opencv_features2d_TF_bot30/working_env/faster42.swtv/core5/opencv_features2d_TF_bot30/modules/features2d/src/akaze.cpp: In member function virtual void cv::AKAZE_Impl::setDescriptorSize(int):
/home/yangheechan/FL-dataset-generation-opencv_features2d_TF_bot30/work/opencv_features2d_TF_bot30/working_env/faster42.swtv/core5/opencv_features2d_TF_bot30/modules/features2d/src/akaze.cpp:84:57: error: descriptor_size was not declared in this scope; did you mean descriptorSize?
   84 |         void setDescriptorSize(int dsize) CV_OVERRIDE { descriptor_size = dsize; }
      |                                                         ^~~~~~~~~~~~~~~
      |                                                         descriptorSize
/home/yangheechan/FL-dataset-generation-opencv_features2d_TF_bot30/work/opencv_features2d_TF_bot30/working_env/faster42.swtv/core5/opencv_features2d_TF_bot30/modules/features2d/src/akaze.cpp: In member function virtual int cv::AKAZE_Impl::getDescriptorSize() const:
/home/yangheechan/FL-dataset-generation-opencv_features2d_TF_bot30/work/opencv_features2d_TF_bot30/working_env/faster42.swtv/core5/opencv_features2d_TF_bot30/modules/features2d/src/akaze.cpp:85:60: error: descriptor_size was not declared in this scope; did you mean descriptorSize?
   85 |         int getDescriptorSize() const CV_OVERRIDE { return descriptor_size; }
      |                                                            ^~~~~~~~~~~~~~~
      |                                                            descriptorSize
/home/yangheechan/FL-dataset-generation-opencv_features2d_TF_bot30/work/opencv_features2d_TF_bot30/working_env/faster42.swtv/core5/opencv_features2d_TF_bot30/modules/features2d/src/akaze.cpp: In member function virtual void cv::AKAZE_Impl::setDescriptorChannels(int):
/home/yangheechan/FL-dataset-generation-opencv_features2d_TF_bot30/work/opencv_features2d_TF_bot30/working_env/faster42.swtv/core5/opencv_features2d_TF_bot30/modules/features2d/src/akaze.cpp:87:59: error: descriptor_channels was not declared in this scope; did you mean setDescriptorChannels?
   87 |         void setDescriptorChannels(int dch) CV_OVERRIDE { descriptor_channels = dch; }
      |                                                           ^~~~~~~~~~~~~~~~~~~
      |                                                           setDescriptorChannels
/home/yangheechan/FL-dataset-generation-opencv_features2d_TF_bot30/work/opencv_features2d_TF_bot30/working_env/faster42.swtv/core5/opencv_features2d_TF_bot30/modules/features2d/src/akaze.cpp: In member function virtual int cv::AKAZE_Impl::getDescriptorChannels() const:
/home/yangheechan/FL-dataset-generation-opencv_features2d_TF_bot30/work/opencv_features2d_TF_bot30/working_env/faster42.swtv/core5/opencv_features2d_TF_bot30/modules/features2d/src/akaze.cpp:88:64: error: descriptor_channels was not declared in this scope; did you mean setDescriptorChannels?
   88 |         int getDescriptorChannels() const CV_OVERRIDE { return descriptor_channels; }
      |                                                                ^~~~~~~~~~~~~~~~~~~
      |                                                                setDescriptorChannels
/home/yangheechan/FL-dataset-generation-opencv_features2d_TF_bot30/work/opencv_features2d_TF_bot30/working_env/faster42.swtv/core5/opencv_features2d_TF_bot30/modules/features2d/src/akaze.cpp: In member function virtual void cv::AKAZE_Impl::setThreshold(double):
/home/yangheechan/FL-dataset-generation-opencv_features2d_TF_bot30/work/opencv_features2d_TF_bot30/working_env/faster42.swtv/core5/opencv_features2d_TF_bot30/modules/features2d/src/akaze.cpp:90:70: error: assignment of function double cv::threshold(cv::InputArray, cv::OutputArray, double, double, int)
   90 |         void setThreshold(double threshold_) CV_OVERRIDE { threshold = (float)threshold_; }
      |                                                            ~~~~~~~~~~^~~~~~~~~~~~~~~~~~~
/home/yangheechan/FL-dataset-generation-opencv_features2d_TF_bot30/work/opencv_features2d_TF_bot30/working_env/faster42.swtv/core5/opencv_features2d_TF_bot30/modules/features2d/src/akaze.cpp: In member function virtual double cv::AKAZE_Impl::getThreshold() const:
/home/yangheechan/FL-dataset-generation-opencv_features2d_TF_bot30/work/opencv_features2d_TF_bot30/working_env/faster42.swtv/core5/opencv_features2d_TF_bot30/modules/features2d/src/akaze.cpp:91:58: error: cannot convert double (*)(cv::InputArray, cv::OutputArray, double, double, int) {aka double (*)(const cv::_InputArray&, const cv::_OutputArray&, double, double, int)} to double in return
   91 |         double getThreshold() const CV_OVERRIDE { return threshold; }
      |                                                          ^~~~~~~~~
/home/yangheechan/FL-dataset-generation-opencv_features2d_TF_bot30/work/opencv_features2d_TF_bot30/working_env/faster42.swtv/core5/opencv_features2d_TF_bot30/modules/features2d/src/akaze.cpp: In member function virtual void cv::AKAZE_Impl::setNOctaves(int):
/home/yangheechan/FL-dataset-generation-opencv_features2d_TF_bot30/work/opencv_features2d_TF_bot30/working_env/faster42.swtv/core5/opencv_features2d_TF_bot30/modules/features2d/src/akaze.cpp:93:54: error: octaves was not declared in this scope; did you mean octaves_?
   93 |         void setNOctaves(int octaves_) CV_OVERRIDE { octaves = octaves_; }
      |                                                      ^~~~~~~
      |                                                      octaves_
/home/yangheechan/FL-dataset-generation-opencv_features2d_TF_bot30/work/opencv_features2d_TF_bot30/working_env/faster42.swtv/core5/opencv_features2d_TF_bot30/modules/features2d/src/akaze.cpp: In member function virtual int cv::AKAZE_Impl::getNOctaves() const:
/home/yangheechan/FL-dataset-generation-opencv_features2d_TF_bot30/work/opencv_features2d_TF_bot30/working_env/faster42.swtv/core5/opencv_features2d_TF_bot30/modules/features2d/src/akaze.cpp:94:54: error: octaves was not declared in this scope
   94 |         int getNOctaves() const CV_OVERRIDE { return octaves; }
      |                                                      ^~~~~~~
/home/yangheechan/FL-dataset-generation-opencv_features2d_TF_bot30/work/opencv_features2d_TF_bot30/working_env/faster42.swtv/core5/opencv_features2d_TF_bot30/modules/features2d/src/akaze.cpp: In member function virtual void cv::AKAZE_Impl::setNOctaveLayers(int):
/home/yangheechan/FL-dataset-generation-opencv_features2d_TF_bot30/work/opencv_features2d_TF_bot30/working_env/faster42.swtv/core5/opencv_features2d_TF_bot30/modules/features2d/src/akaze.cpp:96:64: error: sublevels was not declared in this scope
   96 |         void setNOctaveLayers(int octaveLayers_) CV_OVERRIDE { sublevels = octaveLayers_; }
      |                                                                ^~~~~~~~~
/home/yangheechan/FL-dataset-generation-opencv_features2d_TF_bot30/work/opencv_features2d_TF_bot30/working_env/faster42.swtv/core5/opencv_features2d_TF_bot30/modules/features2d/src/akaze.cpp: In member function virtual int cv::AKAZE_Impl::getNOctaveLayers() const:
/home/yangheechan/FL-dataset-generation-opencv_features2d_TF_bot30/work/opencv_features2d_TF_bot30/working_env/faster42.swtv/core5/opencv_features2d_TF_bot30/modules/features2d/src/akaze.cpp:97:59: error: sublevels was not declared in this scope
   97 |         int getNOctaveLayers() const CV_OVERRIDE { return sublevels; }
      |                                                           ^~~~~~~~~
/home/yangheechan/FL-dataset-generation-opencv_features2d_TF_bot30/work/opencv_features2d_TF_bot30/working_env/faster42.swtv/core5/opencv_features2d_TF_bot30/modules/features2d/src/akaze.cpp: In member function virtual void cv::AKAZE_Impl::setDiffusivity(cv::KAZE::DiffusivityType):
/home/yangheechan/FL-dataset-generation-opencv_features2d_TF_bot30/work/opencv_features2d_TF_bot30/working_env/faster42.swtv/core5/opencv_features2d_TF_bot30/modules/features2d/src/akaze.cpp:99:71: error: diffusivity was not declared in this scope; did you mean setDiffusivity?
   99 |         void setDiffusivity(KAZE::DiffusivityType diff_) CV_OVERRIDE{ diffusivity = diff_; }
      |                                                                       ^~~~~~~~~~~
      |                                                                       setDiffusivity
/home/yangheechan/FL-dataset-generation-opencv_features2d_TF_bot30/work/opencv_features2d_TF_bot30/working_env/faster42.swtv/core5/opencv_features2d_TF_bot30/modules/features2d/src/akaze.cpp: In member function virtual cv::KAZE::DiffusivityType cv::AKAZE_Impl::getDiffusivity() const:
/home/yangheechan/FL-dataset-generation-opencv_features2d_TF_bot30/work/opencv_features2d_TF_bot30/working_env/faster42.swtv/core5/opencv_features2d_TF_bot30/modules/features2d/src/akaze.cpp:100:74: error: diffusivity was not declared in this scope; did you mean setDiffusivity?
  100 |         KAZE::DiffusivityType getDiffusivity() const CV_OVERRIDE{ return diffusivity; }
      |                                                                          ^~~~~~~~~~~
      |                                                                          setDiffusivity
/home/yangheechan/FL-dataset-generation-opencv_features2d_TF_bot30/work/opencv_features2d_TF_bot30/working_env/faster42.swtv/core5/opencv_features2d_TF_bot30/modules/features2d/src/akaze.cpp: In member function virtual void cv::AKAZE_Impl::setMaxPoints(int):
/home/yangheechan/FL-dataset-generation-opencv_features2d_TF_bot30/work/opencv_features2d_TF_bot30/working_env/faster42.swtv/core5/opencv_features2d_TF_bot30/modules/features2d/src/akaze.cpp:102:58: error: max_points was not declared in this scope; did you mean max_points_?
  102 |         void setMaxPoints(int max_points_) CV_OVERRIDE { max_points = max_points_; }
      |                                                          ^~~~~~~~~~
      |                                                          max_points_
/home/yangheechan/FL-dataset-generation-opencv_features2d_TF_bot30/work/opencv_features2d_TF_bot30/working_env/faster42.swtv/core5/opencv_features2d_TF_bot30/modules/features2d/src/akaze.cpp: In member function virtual int cv::AKAZE_Impl::getMaxPoints() const:
/home/yangheechan/FL-dataset-generation-opencv_features2d_TF_bot30/work/opencv_features2d_TF_bot30/working_env/faster42.swtv/core5/opencv_features2d_TF_bot30/modules/features2d/src/akaze.cpp:103:55: error: max_points was not declared in this scope
  103 |         int getMaxPoints() const CV_OVERRIDE { return max_points; }
      |                                                       ^~~~~~~~~~
/home/yangheechan/FL-dataset-generation-opencv_features2d_TF_bot30/work/opencv_features2d_TF_bot30/working_env/faster42.swtv/core5/opencv_features2d_TF_bot30/modules/features2d/src/akaze.cpp: In member function virtual int cv::AKAZE_Impl::descriptorSize() const:
/home/yangheechan/FL-dataset-generation-opencv_features2d_TF_bot30/work/opencv_features2d_TF_bot30/working_env/faster42.swtv/core5/opencv_features2d_TF_bot30/modules/features2d/src/akaze.cpp:108:21: error: descriptor was not declared in this scope; did you mean descriptorSize?
  108 |             switch (descriptor)
      |                     ^~~~~~~~~~
      |                     descriptorSize
/home/yangheechan/FL-dataset-generation-opencv_features2d_TF_bot30/work/opencv_features2d_TF_bot30/working_env/faster42.swtv/core5/opencv_features2d_TF_bot30/modules/features2d/src/akaze.cpp:117:21: error: descriptor_size was not declared in this scope; did you mean descriptorSize?
  117 |                 if (descriptor_size == 0)
      |                     ^~~~~~~~~~~~~~~
      |                     descriptorSize
/home/yangheechan/FL-dataset-generation-opencv_features2d_TF_bot30/work/opencv_features2d_TF_bot30/working_env/faster42.swtv/core5/opencv_features2d_TF_bot30/modules/features2d/src/akaze.cpp:119:46: error: descriptor_channels was not declared in this scope; did you mean setDescriptorChannels?
  119 |                     int t = (6 + 36 + 120) * descriptor_channels;
      |                                              ^~~~~~~~~~~~~~~~~~~
      |                                              setDescriptorChannels
/home/yangheechan/FL-dataset-generation-opencv_features2d_TF_bot30/work/opencv_features2d_TF_bot30/working_env/faster42.swtv/core5/opencv_features2d_TF_bot30/modules/features2d/src/akaze.cpp: In member function virtual int cv::AKAZE_Impl::descriptorType() const:
/home/yangheechan/FL-dataset-generation-opencv_features2d_TF_bot30/work/opencv_features2d_TF_bot30/working_env/faster42.swtv/core5/opencv_features2d_TF_bot30/modules/features2d/src/akaze.cpp:136:21: error: descriptor was not declared in this scope; did you mean descriptorSize?
  136 |             switch (descriptor)
      |                     ^~~~~~~~~~
      |                     descriptorSize
/home/yangheechan/FL-dataset-generation-opencv_features2d_TF_bot30/work/opencv_features2d_TF_bot30/working_env/faster42.swtv/core5/opencv_features2d_TF_bot30/modules/features2d/src/akaze.cpp: In member function virtual int cv::AKAZE_Impl::defaultNorm() const:
/home/yangheechan/FL-dataset-generation-opencv_features2d_TF_bot30/work/opencv_features2d_TF_bot30/working_env/faster42.swtv/core5/opencv_features2d_TF_bot30/modules/features2d/src/akaze.cpp:154:21: error: descriptor was not declared in this scope; did you mean descriptorSize?
  154 |             switch (descriptor)
      |                     ^~~~~~~~~~
      |                     descriptorSize
/home/yangheechan/FL-dataset-generation-opencv_features2d_TF_bot30/work/opencv_features2d_TF_bot30/working_env/faster42.swtv/core5/opencv_features2d_TF_bot30/modules/features2d/src/akaze.cpp: In member function virtual void cv::AKAZE_Impl::detectAndCompute(cv::InputArray, cv::InputArray, std::vector<cv::KeyPoint>&, cv::OutputArray, bool):
/home/yangheechan/FL-dataset-generation-opencv_features2d_TF_bot30/work/opencv_features2d_TF_bot30/working_env/faster42.swtv/core5/opencv_features2d_TF_bot30/modules/features2d/src/akaze.cpp:179:34: error: descriptor was not declared in this scope; did you mean descriptors?
  179 |             options.descriptor = descriptor;
      |                                  ^~~~~~~~~~
      |                                  descriptors
/home/yangheechan/FL-dataset-generation-opencv_features2d_TF_bot30/work/opencv_features2d_TF_bot30/working_env/faster42.swtv/core5/opencv_features2d_TF_bot30/modules/features2d/src/akaze.cpp:180:43: error: descriptor_channels was not declared in this scope; did you mean setDescriptorChannels?
  180 |             options.descriptor_channels = descriptor_channels;
      |                                           ^~~~~~~~~~~~~~~~~~~
      |                                           setDescriptorChannels
/home/yangheechan/FL-dataset-generation-opencv_features2d_TF_bot30/work/opencv_features2d_TF_bot30/working_env/faster42.swtv/core5/opencv_features2d_TF_bot30/modules/features2d/src/akaze.cpp:181:39: error: descriptor_size was not declared in this scope; did you mean descriptorSize?
  181 |             options.descriptor_size = descriptor_size;
      |                                       ^~~~~~~~~~~~~~~
      |                                       descriptorSize
/home/yangheechan/FL-dataset-generation-opencv_features2d_TF_bot30/work/opencv_features2d_TF_bot30/working_env/faster42.swtv/core5/opencv_features2d_TF_bot30/modules/features2d/src/akaze.cpp:184:34: error: cannot convert double(cv::InputArray, cv::OutputArray, double, double, int) {aka double(const cv::_InputArray&, const cv::_OutputArray&, double, double, int)} to float in assignment
  184 |             options.dthreshold = threshold;
      |                                  ^~~~~~~~~
      |                                  |
      |                                  double(cv::InputArray, cv::OutputArray, double, double, int) {aka double(const cv::_InputArray&, const cv::_OutputArray&, double, double, int)}
/home/yangheechan/FL-dataset-generation-opencv_features2d_TF_bot30/work/opencv_features2d_TF_bot30/working_env/faster42.swtv/core5/opencv_features2d_TF_bot30/modules/features2d/src/akaze.cpp:185:28: error: octaves was not declared in this scope
  185 |             options.omax = octaves;
      |                            ^~~~~~~
/home/yangheechan/FL-dataset-generation-opencv_features2d_TF_bot30/work/opencv_features2d_TF_bot30/working_env/faster42.swtv/core5/opencv_features2d_TF_bot30/modules/features2d/src/akaze.cpp:186:34: error: sublevels was not declared in this scope
  186 |             options.nsublevels = sublevels;
      |                                  ^~~~~~~~~
/home/yangheechan/FL-dataset-generation-opencv_features2d_TF_bot30/work/opencv_features2d_TF_bot30/working_env/faster42.swtv/core5/opencv_features2d_TF_bot30/modules/features2d/src/akaze.cpp:187:35: error: diffusivity was not declared in this scope; did you mean setDiffusivity?
  187 |             options.diffusivity = diffusivity;
      |                                   ^~~~~~~~~~~
      |                                   setDiffusivity
/home/yangheechan/FL-dataset-generation-opencv_features2d_TF_bot30/work/opencv_features2d_TF_bot30/working_env/faster42.swtv/core5/opencv_features2d_TF_bot30/modules/features2d/src/akaze.cpp:202:17: warning: init-statement in selection statements only available with -std=c++17 or -std=gnu++17
  202 |             if (max_points > 0 && (int)keypoints.size() &&static_cast<bool>(this->max_points)              std::partial_sort(keypoints.begin(), keypoints.begin() + max_points, keypoints.end(),
      |                 ^~~~~~~~~~
/home/yangheechan/FL-dataset-generation-opencv_features2d_TF_bot30/work/opencv_features2d_TF_bot30/working_env/faster42.swtv/core5/opencv_features2d_TF_bot30/modules/features2d/src/akaze.cpp:202:17: error: max_points was not declared in this scope
/home/yangheechan/FL-dataset-generation-opencv_features2d_TF_bot30/work/opencv_features2d_TF_bot30/working_env/faster42.swtv/core5/opencv_features2d_TF_bot30/modules/features2d/src/akaze.cpp:202:83: error: class cv::AKAZE_Impl has no member named max_points
  202 |             if (max_points > 0 && (int)keypoints.size() &&static_cast<bool>(this->max_points)              std::partial_sort(keypoints.begin(), keypoints.begin() + max_points, keypoints.end(),
      |                                                                                   ^~~~~~~~~~
/home/yangheechan/FL-dataset-generation-opencv_features2d_TF_bot30/work/opencv_features2d_TF_bot30/working_env/faster42.swtv/core5/opencv_features2d_TF_bot30/modules/features2d/src/akaze.cpp:203:107: error: expected primary-expression before ) token
  203 |                     [](const cv::KeyPoint& k1, const cv::KeyPoint& k2) {return k1.response > k2.response;});
      |                                                                                                           ^
/home/yangheechan/FL-dataset-generation-opencv_features2d_TF_bot30/work/opencv_features2d_TF_bot30/working_env/faster42.swtv/core5/opencv_features2d_TF_bot30/modules/features2d/src/akaze.cpp:203:108: warning: suggest braces around empty body in an if statement [-Wempty-body]
  203 |                     [](const cv::KeyPoint& k1, const cv::KeyPoint& k2) {return k1.response > k2.response;});
      |                                                                                                            ^
/home/yangheechan/FL-dataset-generation-opencv_features2d_TF_bot30/work/opencv_features2d_TF_bot30/working_env/faster42.swtv/core5/opencv_features2d_TF_bot30/modules/features2d/src/akaze.cpp:202:13: warning: this if clause does not guard... [-Wmisleading-indentation]
  202 |             if (max_points > 0 && (int)keypoints.size() &&static_cast<bool>(this->max_points)              std::partial_sort(keypoints.begin(), keypoints.begin() + max_points, keypoints.end(),
      |             ^~
/home/yangheechan/FL-dataset-generation-opencv_features2d_TF_bot30/work/opencv_features2d_TF_bot30/working_env/faster42.swtv/core5/opencv_features2d_TF_bot30/modules/features2d/src/akaze.cpp:204:17: note: ...this statement, but the latter is misleadingly indented as if it were guarded by the if
  204 |                 keypoints.erase(keypoints.begin() + max_points, keypoints.end());
      |                 ^~~~~~~~~
/home/yangheechan/FL-dataset-generation-opencv_features2d_TF_bot30/work/opencv_features2d_TF_bot30/working_env/faster42.swtv/core5/opencv_features2d_TF_bot30/modules/features2d/src/akaze.cpp:204:53: error: max_points was not declared in this scope
  204 |                 keypoints.erase(keypoints.begin() + max_points, keypoints.end());
      |                                                     ^~~~~~~~~~
/home/yangheechan/FL-dataset-generation-opencv_features2d_TF_bot30/work/opencv_features2d_TF_bot30/working_env/faster42.swtv/core5/opencv_features2d_TF_bot30/modules/features2d/src/akaze.cpp:171:43: warning: unused parameter descriptors [-Wunused-parameter]
  171 |                               OutputArray descriptors,
      |                               ~~~~~~~~~~~~^~~~~~~~~~~
In file included from /home/yangheechan/FL-dataset-generation-opencv_features2d_TF_bot30/work/opencv_features2d_TF_bot30/working_env/faster42.swtv/core5/opencv_features2d_TF_bot30/modules/core/include/opencv2/core.hpp:52,
                 from /home/yangheechan/FL-dataset-generation-opencv_features2d_TF_bot30/work/opencv_features2d_TF_bot30/working_env/faster42.swtv/core5/opencv_features2d_TF_bot30/modules/features2d/include/opencv2/features2d.hpp:47,
                 from /home/yangheechan/FL-dataset-generation-opencv_features2d_TF_bot30/work/opencv_features2d_TF_bot30/working_env/faster42.swtv/core5/opencv_features2d_TF_bot30/modules/features2d/src/precomp.hpp:46,
                 from /home/yangheechan/FL-dataset-generation-opencv_features2d_TF_bot30/work/opencv_features2d_TF_bot30/working_env/faster42.swtv/core5/opencv_features2d_TF_bot30/modules/features2d/src/akaze.cpp:51:
/home/yangheechan/FL-dataset-generation-opencv_features2d_TF_bot30/work/opencv_features2d_TF_bot30/working_env/faster42.swtv/core5/opencv_features2d_TF_bot30/modules/features2d/src/akaze.cpp: At global scope:
/home/yangheechan/FL-dataset-generation-opencv_features2d_TF_bot30/work/opencv_features2d_TF_bot30/working_env/faster42.swtv/core5/opencv_features2d_TF_bot30/modules/core/include/opencv2/core/cvdef.h:792:23: error: virt-specifiers in write not allowed outside a class definition
  792 | #  define CV_OVERRIDE override
      |                       ^~~~~~~~
/home/yangheechan/FL-dataset-generation-opencv_features2d_TF_bot30/work/opencv_features2d_TF_bot30/working_env/faster42.swtv/core5/opencv_features2d_TF_bot30/modules/features2d/src/akaze.cpp:216:43: note: in expansion of macro CV_OVERRIDE
  216 |         void write(FileStorage& fs) const CV_OVERRIDE
      |                                           ^~~~~~~~~~~
/home/yangheechan/FL-dataset-generation-opencv_features2d_TF_bot30/work/opencv_features2d_TF_bot30/working_env/faster42.swtv/core5/opencv_features2d_TF_bot30/modules/core/include/opencv2/core/cvdef.h:792:23: error: non-member function void cv::write(cv::FileStorage&) cannot have cv-qualifier
  792 | #  define CV_OVERRIDE override
      |                       ^~~~~~~~
/home/yangheechan/FL-dataset-generation-opencv_features2d_TF_bot30/work/opencv_features2d_TF_bot30/working_env/faster42.swtv/core5/opencv_features2d_TF_bot30/modules/features2d/src/akaze.cpp:216:43: note: in expansion of macro CV_OVERRIDE
  216 |         void write(FileStorage& fs) const CV_OVERRIDE
      |                                           ^~~~~~~~~~~
/home/yangheechan/FL-dataset-generation-opencv_features2d_TF_bot30/work/opencv_features2d_TF_bot30/working_env/faster42.swtv/core5/opencv_features2d_TF_bot30/modules/features2d/src/akaze.cpp:216:14: warning: no previous declaration for void cv::write(cv::FileStorage&) [-Wmissing-declarations]
  216 |         void write(FileStorage& fs) const CV_OVERRIDE
      |              ^~~~~
/home/yangheechan/FL-dataset-generation-opencv_features2d_TF_bot30/work/opencv_features2d_TF_bot30/working_env/faster42.swtv/core5/opencv_features2d_TF_bot30/modules/features2d/src/akaze.cpp: In function void cv::write(cv::FileStorage&):
/home/yangheechan/FL-dataset-generation-opencv_features2d_TF_bot30/work/opencv_features2d_TF_bot30/working_env/faster42.swtv/core5/opencv_features2d_TF_bot30/modules/features2d/src/akaze.cpp:218:13: error: writeFormat was not declared in this scope
  218 |             writeFormat(fs);
      |             ^~~~~~~~~~~
/home/yangheechan/FL-dataset-generation-opencv_features2d_TF_bot30/work/opencv_features2d_TF_bot30/working_env/faster42.swtv/core5/opencv_features2d_TF_bot30/modules/features2d/src/akaze.cpp:219:29: error: getDefaultName was not declared in this scope
  219 |             fs << "name" << getDefaultName();
      |                             ^~~~~~~~~~~~~~
/home/yangheechan/FL-dataset-generation-opencv_features2d_TF_bot30/work/opencv_features2d_TF_bot30/working_env/faster42.swtv/core5/opencv_features2d_TF_bot30/modules/features2d/src/akaze.cpp:220:35: error: descriptor was not declared in this scope; did you mean IwiChDescriptor?
  220 |             fs << "descriptor" << descriptor;
      |                                   ^~~~~~~~~~
      |                                   IwiChDescriptor
/home/yangheechan/FL-dataset-generation-opencv_features2d_TF_bot30/work/opencv_features2d_TF_bot30/working_env/faster42.swtv/core5/opencv_features2d_TF_bot30/modules/features2d/src/akaze.cpp:221:44: error: descriptor_channels was not declared in this scope
  221 |             fs << "descriptor_channels" << descriptor_channels;
      |                                            ^~~~~~~~~~~~~~~~~~~
/home/yangheechan/FL-dataset-generation-opencv_features2d_TF_bot30/work/opencv_features2d_TF_bot30/working_env/faster42.swtv/core5/opencv_features2d_TF_bot30/modules/features2d/src/akaze.cpp:222:40: error: descriptor_size was not declared in this scope
  222 |             fs << "descriptor_size" << descriptor_size;
      |                                        ^~~~~~~~~~~~~~~
/home/yangheechan/FL-dataset-generation-opencv_features2d_TF_bot30/work/opencv_features2d_TF_bot30/working_env/faster42.swtv/core5/opencv_features2d_TF_bot30/modules/features2d/src/akaze.cpp:224:32: error: octaves was not declared in this scope
  224 |             fs << "octaves" << octaves;
      |                                ^~~~~~~
/home/yangheechan/FL-dataset-generation-opencv_features2d_TF_bot30/work/opencv_features2d_TF_bot30/working_env/faster42.swtv/core5/opencv_features2d_TF_bot30/modules/features2d/src/akaze.cpp:225:34: error: sublevels was not declared in this scope
  225 |             fs << "sublevels" << sublevels;
      |                                  ^~~~~~~~~
/home/yangheechan/FL-dataset-generation-opencv_features2d_TF_bot30/work/opencv_features2d_TF_bot30/working_env/faster42.swtv/core5/opencv_features2d_TF_bot30/modules/features2d/src/akaze.cpp:226:36: error: diffusivity was not declared in this scope
  226 |             fs << "diffusivity" << diffusivity;
      |                                    ^~~~~~~~~~~
/home/yangheechan/FL-dataset-generation-opencv_features2d_TF_bot30/work/opencv_features2d_TF_bot30/working_env/faster42.swtv/core5/opencv_features2d_TF_bot30/modules/features2d/src/akaze.cpp:227:35: error: max_points was not declared in this scope
  227 |             fs << "max_points" << max_points;
      |                                   ^~~~~~~~~~
In file included from /home/yangheechan/FL-dataset-generation-opencv_features2d_TF_bot30/work/opencv_features2d_TF_bot30/working_env/faster42.swtv/core5/opencv_features2d_TF_bot30/modules/core/include/opencv2/core.hpp:52,
                 from /home/yangheechan/FL-dataset-generation-opencv_features2d_TF_bot30/work/opencv_features2d_TF_bot30/working_env/faster42.swtv/core5/opencv_features2d_TF_bot30/modules/features2d/include/opencv2/features2d.hpp:47,
                 from /home/yangheechan/FL-dataset-generation-opencv_features2d_TF_bot30/work/opencv_features2d_TF_bot30/working_env/faster42.swtv/core5/opencv_features2d_TF_bot30/modules/features2d/src/precomp.hpp:46,
                 from /home/yangheechan/FL-dataset-generation-opencv_features2d_TF_bot30/work/opencv_features2d_TF_bot30/working_env/faster42.swtv/core5/opencv_features2d_TF_bot30/modules/features2d/src/akaze.cpp:51:
/home/yangheechan/FL-dataset-generation-opencv_features2d_TF_bot30/work/opencv_features2d_TF_bot30/working_env/faster42.swtv/core5/opencv_features2d_TF_bot30/modules/features2d/src/akaze.cpp: At global scope:
/home/yangheechan/FL-dataset-generation-opencv_features2d_TF_bot30/work/opencv_features2d_TF_bot30/working_env/faster42.swtv/core5/opencv_features2d_TF_bot30/modules/core/include/opencv2/core/cvdef.h:792:23: error: virt-specifiers in read not allowed outside a class definition
  792 | #  define CV_OVERRIDE override
      |                       ^~~~~~~~
/home/yangheechan/FL-dataset-generation-opencv_features2d_TF_bot30/work/opencv_features2d_TF_bot30/working_env/faster42.swtv/core5/opencv_features2d_TF_bot30/modules/features2d/src/akaze.cpp:230:39: note: in expansion of macro CV_OVERRIDE
  230 |         void read(const FileNode& fn) CV_OVERRIDE
      |                                       ^~~~~~~~~~~
/home/yangheechan/FL-dataset-generation-opencv_features2d_TF_bot30/work/opencv_features2d_TF_bot30/working_env/faster42.swtv/core5/opencv_features2d_TF_bot30/modules/features2d/src/akaze.cpp:230:14: warning: no previous declaration for void cv::read(const cv::FileNode&) [-Wmissing-declarations]
  230 |         void read(const FileNode& fn) CV_OVERRIDE
      |              ^~~~
/home/yangheechan/FL-dataset-generation-opencv_features2d_TF_bot30/work/opencv_features2d_TF_bot30/working_env/faster42.swtv/core5/opencv_features2d_TF_bot30/modules/features2d/src/akaze.cpp: In function void cv::read(const cv::FileNode&):
/home/yangheechan/FL-dataset-generation-opencv_features2d_TF_bot30/work/opencv_features2d_TF_bot30/working_env/faster42.swtv/core5/opencv_features2d_TF_bot30/modules/features2d/src/akaze.cpp:234:17: error: descriptor was not declared in this scope; did you mean IwiChDescriptor?
  234 |                 descriptor = static_cast<DescriptorType>((int)fn["descriptor"]);
      |                 ^~~~~~~~~~
      |                 IwiChDescriptor
/home/yangheechan/FL-dataset-generation-opencv_features2d_TF_bot30/work/opencv_features2d_TF_bot30/working_env/faster42.swtv/core5/opencv_features2d_TF_bot30/modules/features2d/src/akaze.cpp:234:42: error: DescriptorType does not name a type; did you mean DescriptorMatcher?
  234 |                 descriptor = static_cast<DescriptorType>((int)fn["descriptor"]);
      |                                          ^~~~~~~~~~~~~~
      |                                          DescriptorMatcher
/home/yangheechan/FL-dataset-generation-opencv_features2d_TF_bot30/work/opencv_features2d_TF_bot30/working_env/faster42.swtv/core5/opencv_features2d_TF_bot30/modules/features2d/src/akaze.cpp:236:17: error: descriptor_channels was not declared in this scope
  236 |                 descriptor_channels = (int)fn["descriptor_channels"];
      |                 ^~~~~~~~~~~~~~~~~~~
/home/yangheechan/FL-dataset-generation-opencv_features2d_TF_bot30/work/opencv_features2d_TF_bot30/working_env/faster42.swtv/core5/opencv_features2d_TF_bot30/modules/features2d/src/akaze.cpp:238:17: error: descriptor_size was not declared in this scope
  238 |                 descriptor_size = (int)fn["descriptor_size"];
      |                 ^~~~~~~~~~~~~~~
/home/yangheechan/FL-dataset-generation-opencv_features2d_TF_bot30/work/opencv_features2d_TF_bot30/working_env/faster42.swtv/core5/opencv_features2d_TF_bot30/modules/features2d/src/akaze.cpp:240:27: error: assignment of function double cv::threshold(cv::InputArray, cv::OutputArray, double, double, int)
  240 |                 threshold = (float)fn["threshold"];
/home/yangheechan/FL-dataset-generation-opencv_features2d_TF_bot30/work/opencv_features2d_TF_bot30/working_env/faster42.swtv/core5/opencv_features2d_TF_bot30/modules/features2d/src/akaze.cpp:242:17: error: octaves was not declared in this scope
  242 |                 octaves = (int)fn["octaves"];
      |                 ^~~~~~~
/home/yangheechan/FL-dataset-generation-opencv_features2d_TF_bot30/work/opencv_features2d_TF_bot30/working_env/faster42.swtv/core5/opencv_features2d_TF_bot30/modules/features2d/src/akaze.cpp:244:17: error: sublevels was not declared in this scope
  244 |                 sublevels = (int)fn["sublevels"];
      |                 ^~~~~~~~~
/home/yangheechan/FL-dataset-generation-opencv_features2d_TF_bot30/work/opencv_features2d_TF_bot30/working_env/faster42.swtv/core5/opencv_features2d_TF_bot30/modules/features2d/src/akaze.cpp:246:17: error: diffusivity was not declared in this scope
  246 |                 diffusivity = static_cast<KAZE::DiffusivityType>((int)fn["diffusivity"]);
      |                 ^~~~~~~~~~~
/home/yangheechan/FL-dataset-generation-opencv_features2d_TF_bot30/work/opencv_features2d_TF_bot30/working_env/faster42.swtv/core5/opencv_features2d_TF_bot30/modules/features2d/src/akaze.cpp:248:17: error: max_points was not declared in this scope
  248 |                 max_points = (int)fn["max_points"];
      |                 ^~~~~~~~~~
/home/yangheechan/FL-dataset-generation-opencv_features2d_TF_bot30/work/opencv_features2d_TF_bot30/working_env/faster42.swtv/core5/opencv_features2d_TF_bot30/modules/features2d/src/akaze.cpp: At global scope:
/home/yangheechan/FL-dataset-generation-opencv_features2d_TF_bot30/work/opencv_features2d_TF_bot30/working_env/faster42.swtv/core5/opencv_features2d_TF_bot30/modules/features2d/src/akaze.cpp:251:9: error: DescriptorType does not name a type; did you mean DescriptorMatcher?
  251 |         DescriptorType descriptor;
      |         ^~~~~~~~~~~~~~
      |         DescriptorMatcher
/home/yangheechan/FL-dataset-generation-opencv_features2d_TF_bot30/work/opencv_features2d_TF_bot30/working_env/faster42.swtv/core5/opencv_features2d_TF_bot30/modules/features2d/src/akaze.cpp:254:15: error: float cv::threshold redeclared as different kind of entity
  254 |         float threshold;
      |               ^~~~~~~~~
In file included from /home/yangheechan/FL-dataset-generation-opencv_features2d_TF_bot30/work/opencv_features2d_TF_bot30/working_env/faster42.swtv/core5/opencv_features2d_TF_bot30/modules/features2d/src/precomp.hpp:47,
                 from /home/yangheechan/FL-dataset-generation-opencv_features2d_TF_bot30/work/opencv_features2d_TF_bot30/working_env/faster42.swtv/core5/opencv_features2d_TF_bot30/modules/features2d/src/akaze.cpp:51:
/home/yangheechan/FL-dataset-generation-opencv_features2d_TF_bot30/work/opencv_features2d_TF_bot30/working_env/faster42.swtv/core5/opencv_features2d_TF_bot30/modules/imgproc/include/opencv2/imgproc.hpp:3077:21: note: previous declaration double cv::threshold(cv::InputArray, cv::OutputArray, double, double, int)
 3077 | CV_EXPORTS_W double threshold( InputArray src, OutputArray dst,
      |                     ^~~~~~~~~
/home/yangheechan/FL-dataset-generation-opencv_features2d_TF_bot30/work/opencv_features2d_TF_bot30/working_env/faster42.swtv/core5/opencv_features2d_TF_bot30/modules/features2d/src/akaze.cpp:261:5: error: Ptr does not name a type
  261 |     Ptr<AKAZE> AKAZE::create(DescriptorType descriptor_type,
      |     ^~~
/home/yangheechan/FL-dataset-generation-opencv_features2d_TF_bot30/work/opencv_features2d_TF_bot30/working_env/faster42.swtv/core5/opencv_features2d_TF_bot30/modules/features2d/src/akaze.cpp:270:5: error: String does not name a type
  270 |     String AKAZE::getDefaultName() const
      |     ^~~~~~
/home/yangheechan/FL-dataset-generation-opencv_features2d_TF_bot30/work/opencv_features2d_TF_bot30/working_env/faster42.swtv/core5/opencv_features2d_TF_bot30/modules/features2d/src/akaze.cpp:275:1: error: expected declaration before } token
  275 | }
      | ^
In file included from /home/yangheechan/FL-dataset-generation-opencv_features2d_TF_bot30/work/opencv_features2d_TF_bot30/working_env/faster42.swtv/core5/opencv_features2d_TF_bot30/modules/core/include/opencv2/core.hpp:59,
                 from /home/yangheechan/FL-dataset-generation-opencv_features2d_TF_bot30/work/opencv_features2d_TF_bot30/working_env/faster42.swtv/core5/opencv_features2d_TF_bot30/modules/features2d/include/opencv2/features2d.hpp:47,
                 from /home/yangheechan/FL-dataset-generation-opencv_features2d_TF_bot30/work/opencv_features2d_TF_bot30/working_env/faster42.swtv/core5/opencv_features2d_TF_bot30/modules/features2d/src/precomp.hpp:46,
                 from /home/yangheechan/FL-dataset-generation-opencv_features2d_TF_bot30/work/opencv_features2d_TF_bot30/working_env/faster42.swtv/core5/opencv_features2d_TF_bot30/modules/features2d/src/akaze.cpp:51:
/home/yangheechan/FL-dataset-generation-opencv_features2d_TF_bot30/work/opencv_features2d_TF_bot30/working_env/faster42.swtv/core5/opencv_features2d_TF_bot30/modules/core/include/opencv2/core/persistence.hpp: In instantiation of cv::FileStorage& cv::operator<<(cv::FileStorage&, const _Tp&) [with _Tp = double(const cv::_InputArray&, const cv::_OutputArray&, double, double, int)]:
/home/yangheechan/FL-dataset-generation-opencv_features2d_TF_bot30/work/opencv_features2d_TF_bot30/working_env/faster42.swtv/core5/opencv_features2d_TF_bot30/modules/features2d/src/akaze.cpp:223:34:   required from here
/home/yangheechan/FL-dataset-generation-opencv_features2d_TF_bot30/work/opencv_features2d_TF_bot30/working_env/faster42.swtv/core5/opencv_features2d_TF_bot30/modules/core/include/opencv2/core/persistence.hpp:1202:10: error: no matching function for call to write(cv::FileStorage&, std::string&, double (&)(const cv::_InputArray&, const cv::_OutputArray&, double, double, int))
 1202 |     write( fs, fs.elname, value );
      |     ~~~~~^~~~~~~~~~~~~~~~~~~~~~~~
/home/yangheechan/FL-dataset-generation-opencv_features2d_TF_bot30/work/opencv_features2d_TF_bot30/working_env/faster42.swtv/core5/opencv_features2d_TF_bot30/modules/core/include/opencv2/core/persistence.hpp:877:6: note: candidate: template<class _Tp> void cv::write(cv::FileStorage&, const _Tp&)
  877 | void write(FileStorage& fs, const _Tp& value)
      |      ^~~~~
/home/yangheechan/FL-dataset-generation-opencv_features2d_TF_bot30/work/opencv_features2d_TF_bot30/working_env/faster42.swtv/core5/opencv_features2d_TF_bot30/modules/core/include/opencv2/core/persistence.hpp:877:6: note:   template argument deduction/substitution failed:
/home/yangheechan/FL-dataset-generation-opencv_features2d_TF_bot30/work/opencv_features2d_TF_bot30/working_env/faster42.swtv/core5/opencv_features2d_TF_bot30/modules/core/include/opencv2/core/persistence.hpp:1202:10: note:   candidate expects 2 arguments, 3 provided
 1202 |     write( fs, fs.elname, value );
      |     ~~~~~^~~~~~~~~~~~~~~~~~~~~~~~
/home/yangheechan/FL-dataset-generation-opencv_features2d_TF_bot30/work/opencv_features2d_TF_bot30/working_env/faster42.swtv/core5/opencv_features2d_TF_bot30/modules/core/include/opencv2/core/persistence.hpp:907:6: note: candidate: template<class _Tp> void cv::write(cv::FileStorage&, const cv::Point_<_Tp>&)
  907 | void write(FileStorage& fs, const Point_<_Tp>& pt )
      |      ^~~~~
/home/yangheechan/FL-dataset-generation-opencv_features2d_TF_bot30/work/opencv_features2d_TF_bot30/working_env/faster42.swtv/core5/opencv_features2d_TF_bot30/modules/core/include/opencv2/core/persistence.hpp:907:6: note:   template argument deduction/substitution failed:
/home/yangheechan/FL-dataset-generation-opencv_features2d_TF_bot30/work/opencv_features2d_TF_bot30/working_env/faster42.swtv/core5/opencv_features2d_TF_bot30/modules/core/include/opencv2/core/persistence.hpp:1202:10: note:   std::string {aka std::__cxx11::basic_string<char>} is not derived from const cv::Point_<_Tp>
 1202 |     write( fs, fs.elname, value );
      |     ~~~~~^~~~~~~~~~~~~~~~~~~~~~~~
/home/yangheechan/FL-dataset-generation-opencv_features2d_TF_bot30/work/opencv_features2d_TF_bot30/working_env/faster42.swtv/core5/opencv_features2d_TF_bot30/modules/core/include/opencv2/core/persistence.hpp:914:6: note: candidate: template<class _Tp> void cv::write(cv::FileStorage&, const cv::Point3_<_Tp>&)
  914 | void write(FileStorage& fs, const Point3_<_Tp>& pt )
      |      ^~~~~
/home/yangheechan/FL-dataset-generation-opencv_features2d_TF_bot30/work/opencv_features2d_TF_bot30/working_env/faster42.swtv/core5/opencv_features2d_TF_bot30/modules/core/include/opencv2/core/persistence.hpp:914:6: note:   template argument deduction/substitution failed:
/home/yangheechan/FL-dataset-generation-opencv_features2d_TF_bot30/work/opencv_features2d_TF_bot30/working_env/faster42.swtv/core5/opencv_features2d_TF_bot30/modules/core/include/opencv2/core/persistence.hpp:1202:10: note:   std::string {aka std::__cxx11::basic_string<char>} is not derived from const cv::Point3_<_Tp>
 1202 |     write( fs, fs.elname, value );
      |     ~~~~~^~~~~~~~~~~~~~~~~~~~~~~~
/home/yangheechan/FL-dataset-generation-opencv_features2d_TF_bot30/work/opencv_features2d_TF_bot30/working_env/faster42.swtv/core5/opencv_features2d_TF_bot30/modules/core/include/opencv2/core/persistence.hpp:922:6: note: candidate: template<class _Tp> void cv::write(cv::FileStorage&, const cv::Size_<_Tp>&)
  922 | void write(FileStorage& fs, const Size_<_Tp>& sz )
      |      ^~~~~
/home/yangheechan/FL-dataset-generation-opencv_features2d_TF_bot30/work/opencv_features2d_TF_bot30/working_env/faster42.swtv/core5/opencv_features2d_TF_bot30/modules/core/include/opencv2/core/persistence.hpp:922:6: note:   template argument deduction/substitution failed:
/home/yangheechan/FL-dataset-generation-opencv_features2d_TF_bot30/work/opencv_features2d_TF_bot30/working_env/faster42.swtv/core5/opencv_features2d_TF_bot30/modules/core/include/opencv2/core/persistence.hpp:1202:10: note:   std::string {aka std::__cxx11::basic_string<char>} is not derived from const cv::Size_<_Tp>
 1202 |     write( fs, fs.elname, value );
      |     ~~~~~^~~~~~~~~~~~~~~~~~~~~~~~
/home/yangheechan/FL-dataset-generation-opencv_features2d_TF_bot30/work/opencv_features2d_TF_bot30/working_env/faster42.swtv/core5/opencv_features2d_TF_bot30/modules/core/include/opencv2/core/persistence.hpp:929:6: note: candidate: template<class _Tp> void cv::write(cv::FileStorage&, const cv::Complex<_Tp>&)
  929 | void write(FileStorage& fs, const Complex<_Tp>& c )
      |      ^~~~~
/home/yangheechan/FL-dataset-generation-opencv_features2d_TF_bot30/work/opencv_features2d_TF_bot30/working_env/faster42.swtv/core5/opencv_features2d_TF_bot30/modules/core/include/opencv2/core/persistence.hpp:929:6: note:   template argument deduction/substitution failed:
/home/yangheechan/FL-dataset-generation-opencv_features2d_TF_bot30/work/opencv_features2d_TF_bot30/working_env/faster42.swtv/core5/opencv_features2d_TF_bot30/modules/core/include/opencv2/core/persistence.hpp:1202:10: note:   std::string {aka std::__cxx11::basic_string<char>} is not derived from const cv::Complex<_Tp>
 1202 |     write( fs, fs.elname, value );
      |     ~~~~~^~~~~~~~~~~~~~~~~~~~~~~~
/home/yangheechan/FL-dataset-generation-opencv_features2d_TF_bot30/work/opencv_features2d_TF_bot30/working_env/faster42.swtv/core5/opencv_features2d_TF_bot30/modules/core/include/opencv2/core/persistence.hpp:936:6: note: candidate: template<class _Tp> void cv::write(cv::FileStorage&, const cv::Rect_<_Tp>&)
  936 | void write(FileStorage& fs, const Rect_<_Tp>& r )
      |      ^~~~~
/home/yangheechan/FL-dataset-generation-opencv_features2d_TF_bot30/work/opencv_features2d_TF_bot30/working_env/faster42.swtv/core5/opencv_features2d_TF_bot30/modules/core/include/opencv2/core/persistence.hpp:936:6: note:   template argument deduction/substitution failed:
/home/yangheechan/FL-dataset-generation-opencv_features2d_TF_bot30/work/opencv_features2d_TF_bot30/working_env/faster42.swtv/core5/opencv_features2d_TF_bot30/modules/core/include/opencv2/core/persistence.hpp:1202:10: note:   std::string {aka std::__cxx11::basic_string<char>} is not derived from const cv::Rect_<_Tp>
 1202 |     write( fs, fs.elname, value );
      |     ~~~~~^~~~~~~~~~~~~~~~~~~~~~~~
/home/yangheechan/FL-dataset-generation-opencv_features2d_TF_bot30/work/opencv_features2d_TF_bot30/working_env/faster42.swtv/core5/opencv_features2d_TF_bot30/modules/core/include/opencv2/core/persistence.hpp:945:6: note: candidate: template<class _Tp, int cn> void cv::write(cv::FileStorage&, const cv::Vec<_Tp, m>&)
  945 | void write(FileStorage& fs, const Vec<_Tp, cn>& v )
      |      ^~~~~
/home/yangheechan/FL-dataset-generation-opencv_features2d_TF_bot30/work/opencv_features2d_TF_bot30/working_env/faster42.swtv/core5/opencv_features2d_TF_bot30/modules/core/include/opencv2/core/persistence.hpp:945:6: note:   template argument deduction/substitution failed:
/home/yangheechan/FL-dataset-generation-opencv_features2d_TF_bot30/work/opencv_features2d_TF_bot30/working_env/faster42.swtv/core5/opencv_features2d_TF_bot30/modules/core/include/opencv2/core/persistence.hpp:1202:10: note:   std::string {aka std::__cxx11::basic_string<char>} is not derived from const cv::Vec<_Tp, m>
 1202 |     write( fs, fs.elname, value );
      |     ~~~~~^~~~~~~~~~~~~~~~~~~~~~~~
/home/yangheechan/FL-dataset-generation-opencv_features2d_TF_bot30/work/opencv_features2d_TF_bot30/working_env/faster42.swtv/core5/opencv_features2d_TF_bot30/modules/core/include/opencv2/core/persistence.hpp:952:6: note: candidate: template<class _Tp, int m, int n> void cv::write(cv::FileStorage&, const cv::Matx<_Tp, m, n>&)
  952 | void write(FileStorage& fs, const Matx<_Tp, m, n>& x )
      |      ^~~~~
/home/yangheechan/FL-dataset-generation-opencv_features2d_TF_bot30/work/opencv_features2d_TF_bot30/working_env/faster42.swtv/core5/opencv_features2d_TF_bot30/modules/core/include/opencv2/core/persistence.hpp:952:6: note:   template argument deduction/substitution failed:
/home/yangheechan/FL-dataset-generation-opencv_features2d_TF_bot30/work/opencv_features2d_TF_bot30/working_env/faster42.swtv/core5/opencv_features2d_TF_bot30/modules/core/include/opencv2/core/persistence.hpp:1202:10: note:   std::string {aka std::__cxx11::basic_string<char>} is not derived from const cv::Matx<_Tp, m, n>
 1202 |     write( fs, fs.elname, value );
      |     ~~~~~^~~~~~~~~~~~~~~~~~~~~~~~
/home/yangheechan/FL-dataset-generation-opencv_features2d_TF_bot30/work/opencv_features2d_TF_bot30/working_env/faster42.swtv/core5/opencv_features2d_TF_bot30/modules/core/include/opencv2/core/persistence.hpp:958:6: note: candidate: template<class _Tp> void cv::write(cv::FileStorage&, const cv::Scalar_<_Tp>&)
  958 | void write(FileStorage& fs, const Scalar_<_Tp>& s )
      |      ^~~~~
/home/yangheechan/FL-dataset-generation-opencv_features2d_TF_bot30/work/opencv_features2d_TF_bot30/working_env/faster42.swtv/core5/opencv_features2d_TF_bot30/modules/core/include/opencv2/core/persistence.hpp:958:6: note:   template argument deduction/substitution failed:
/home/yangheechan/FL-dataset-generation-opencv_features2d_TF_bot30/work/opencv_features2d_TF_bot30/working_env/faster42.swtv/core5/opencv_features2d_TF_bot30/modules/core/include/opencv2/core/persistence.hpp:1202:10: note:   std::string {aka std::__cxx11::basic_string<char>} is not derived from const cv::Scalar_<_Tp>
 1202 |     write( fs, fs.elname, value );
      |     ~~~~~^~~~~~~~~~~~~~~~~~~~~~~~
/home/yangheechan/FL-dataset-generation-opencv_features2d_TF_bot30/work/opencv_features2d_TF_bot30/working_env/faster42.swtv/core5/opencv_features2d_TF_bot30/modules/core/include/opencv2/core/persistence.hpp:974:6: note: candidate: template<class _Tp> void cv::write(cv::FileStorage&, const std::vector<_Tp>&)
  974 | void write( FileStorage& fs, const std::vector<_Tp>& vec )
      |      ^~~~~
/home/yangheechan/FL-dataset-generation-opencv_features2d_TF_bot30/work/opencv_features2d_TF_bot30/working_env/faster42.swtv/core5/opencv_features2d_TF_bot30/modules/core/include/opencv2/core/persistence.hpp:974:6: note:   template argument deduction/substitution failed:
/home/yangheechan/FL-dataset-generation-opencv_features2d_TF_bot30/work/opencv_features2d_TF_bot30/working_env/faster42.swtv/core5/opencv_features2d_TF_bot30/modules/core/include/opencv2/core/persistence.hpp:1202:10: note:   std::string {aka std::__cxx11::basic_string<char>} is not derived from const std::vector<_Tp>
 1202 |     write( fs, fs.elname, value );
      |     ~~~~~^~~~~~~~~~~~~~~~~~~~~~~~
/home/yangheechan/FL-dataset-generation-opencv_features2d_TF_bot30/work/opencv_features2d_TF_bot30/working_env/faster42.swtv/core5/opencv_features2d_TF_bot30/modules/core/include/opencv2/core/persistence.hpp:981:6: note: candidate: template<class _Tp> void cv::write(cv::FileStorage&, const String&, const cv::Point_<_Tp>&)
  981 | void write(FileStorage& fs, const String& name, const Point_<_Tp>& pt )
      |      ^~~~~
/home/yangheechan/FL-dataset-generation-opencv_features2d_TF_bot30/work/opencv_features2d_TF_bot30/working_env/faster42.swtv/core5/opencv_features2d_TF_bot30/modules/core/include/opencv2/core/persistence.hpp:981:6: note:   template argument deduction/substitution failed:
/home/yangheechan/FL-dataset-generation-opencv_features2d_TF_bot30/work/opencv_features2d_TF_bot30/working_env/faster42.swtv/core5/opencv_features2d_TF_bot30/modules/core/include/opencv2/core/persistence.hpp:1202:10: note:   mismatched types const cv::Point_<_Tp> and double(const cv::_InputArray&, const cv::_OutputArray&, double, double, int)
 1202 |     write( fs, fs.elname, value );
      |     ~~~~~^~~~~~~~~~~~~~~~~~~~~~~~
/home/yangheechan/FL-dataset-generation-opencv_features2d_TF_bot30/work/opencv_features2d_TF_bot30/working_env/faster42.swtv/core5/opencv_features2d_TF_bot30/modules/core/include/opencv2/core/persistence.hpp:988:6: note: candidate: template<class _Tp> void cv::write(cv::FileStorage&, const String&, const cv::Point3_<_Tp>&)
  988 | void write(FileStorage& fs, const String& name, const Point3_<_Tp>& pt )
      |      ^~~~~
/home/yangheechan/FL-dataset-generation-opencv_features2d_TF_bot30/work/opencv_features2d_TF_bot30/working_env/faster42.swtv/core5/opencv_features2d_TF_bot30/modules/core/include/opencv2/core/persistence.hpp:988:6: note:   template argument deduction/substitution failed:
/home/yangheechan/FL-dataset-generation-opencv_features2d_TF_bot30/work/opencv_features2d_TF_bot30/working_env/faster42.swtv/core5/opencv_features2d_TF_bot30/modules/core/include/opencv2/core/persistence.hpp:1202:10: note:   mismatched types const cv::Point3_<_Tp> and double(const cv::_InputArray&, const cv::_OutputArray&, double, double, int)
 1202 |     write( fs, fs.elname, value );
      |     ~~~~~^~~~~~~~~~~~~~~~~~~~~~~~
/home/yangheechan/FL-dataset-generation-opencv_features2d_TF_bot30/work/opencv_features2d_TF_bot30/working_env/faster42.swtv/core5/opencv_features2d_TF_bot30/modules/core/include/opencv2/core/persistence.hpp:995:6: note: candidate: template<class _Tp> void cv::write(cv::FileStorage&, const String&, const cv::Size_<_Tp>&)
  995 | void write(FileStorage& fs, const String& name, const Size_<_Tp>& sz )
      |      ^~~~~
/home/yangheechan/FL-dataset-generation-opencv_features2d_TF_bot30/work/opencv_features2d_TF_bot30/working_env/faster42.swtv/core5/opencv_features2d_TF_bot30/modules/core/include/opencv2/core/persistence.hpp:995:6: note:   template argument deduction/substitution failed:
/home/yangheechan/FL-dataset-generation-opencv_features2d_TF_bot30/work/opencv_features2d_TF_bot30/working_env/faster42.swtv/core5/opencv_features2d_TF_bot30/modules/core/include/opencv2/core/persistence.hpp:1202:10: note:   mismatched types const cv::Size_<_Tp> and double(const cv::_InputArray&, const cv::_OutputArray&, double, double, int)
 1202 |     write( fs, fs.elname, value );
      |     ~~~~~^~~~~~~~~~~~~~~~~~~~~~~~
/home/yangheechan/FL-dataset-generation-opencv_features2d_TF_bot30/work/opencv_features2d_TF_bot30/working_env/faster42.swtv/core5/opencv_features2d_TF_bot30/modules/core/include/opencv2/core/persistence.hpp:1002:6: note: candidate: template<class _Tp> void cv::write(cv::FileStorage&, const String&, const cv::Complex<_Tp>&)
 1002 | void write(FileStorage& fs, const String& name, const Complex<_Tp>& c )
      |      ^~~~~
/home/yangheechan/FL-dataset-generation-opencv_features2d_TF_bot30/work/opencv_features2d_TF_bot30/working_env/faster42.swtv/core5/opencv_features2d_TF_bot30/modules/core/include/opencv2/core/persistence.hpp:1002:6: note:   template argument deduction/substitution failed:
/home/yangheechan/FL-dataset-generation-opencv_features2d_TF_bot30/work/opencv_features2d_TF_bot30/working_env/faster42.swtv/core5/opencv_features2d_TF_bot30/modules/core/include/opencv2/core/persistence.hpp:1202:10: note:   mismatched types const cv::Complex<_Tp> and double(const cv::_InputArray&, const cv::_OutputArray&, double, double, int)
 1202 |     write( fs, fs.elname, value );
      |     ~~~~~^~~~~~~~~~~~~~~~~~~~~~~~
/home/yangheechan/FL-dataset-generation-opencv_features2d_TF_bot30/work/opencv_features2d_TF_bot30/working_env/faster42.swtv/core5/opencv_features2d_TF_bot30/modules/core/include/opencv2/core/persistence.hpp:1009:6: note: candidate: template<class _Tp> void cv::write(cv::FileStorage&, const String&, const cv::Rect_<_Tp>&)
 1009 | void write(FileStorage& fs, const String& name, const Rect_<_Tp>& r )
      |      ^~~~~
/home/yangheechan/FL-dataset-generation-opencv_features2d_TF_bot30/work/opencv_features2d_TF_bot30/working_env/faster42.swtv/core5/opencv_features2d_TF_bot30/modules/core/include/opencv2/core/persistence.hpp:1009:6: note:   template argument deduction/substitution failed:
/home/yangheechan/FL-dataset-generation-opencv_features2d_TF_bot30/work/opencv_features2d_TF_bot30/working_env/faster42.swtv/core5/opencv_features2d_TF_bot30/modules/core/include/opencv2/core/persistence.hpp:1202:10: note:   mismatched types const cv::Rect_<_Tp> and double(const cv::_InputArray&, const cv::_OutputArray&, double, double, int)
 1202 |     write( fs, fs.elname, value );
      |     ~~~~~^~~~~~~~~~~~~~~~~~~~~~~~
/home/yangheechan/FL-dataset-generation-opencv_features2d_TF_bot30/work/opencv_features2d_TF_bot30/working_env/faster42.swtv/core5/opencv_features2d_TF_bot30/modules/core/include/opencv2/core/persistence.hpp:1016:6: note: candidate: template<class _Tp, int cn> void cv::write(cv::FileStorage&, const String&, const cv::Vec<_Tp, m>&)
 1016 | void write(FileStorage& fs, const String& name, const Vec<_Tp, cn>& v )
      |      ^~~~~
/home/yangheechan/FL-dataset-generation-opencv_features2d_TF_bot30/work/opencv_features2d_TF_bot30/working_env/faster42.swtv/core5/opencv_features2d_TF_bot30/modules/core/include/opencv2/core/persistence.hpp:1016:6: note:   template argument deduction/substitution failed:
/home/yangheechan/FL-dataset-generation-opencv_features2d_TF_bot30/work/opencv_features2d_TF_bot30/working_env/faster42.swtv/core5/opencv_features2d_TF_bot30/modules/core/include/opencv2/core/persistence.hpp:1202:10: note:   mismatched types const cv::Vec<_Tp, m> and double(const cv::_InputArray&, const cv::_OutputArray&, double, double, int)
 1202 |     write( fs, fs.elname, value );
      |     ~~~~~^~~~~~~~~~~~~~~~~~~~~~~~
/home/yangheechan/FL-dataset-generation-opencv_features2d_TF_bot30/work/opencv_features2d_TF_bot30/working_env/faster42.swtv/core5/opencv_features2d_TF_bot30/modules/core/include/opencv2/core/persistence.hpp:1023:6: note: candidate: template<class _Tp, int m, int n> void cv::write(cv::FileStorage&, const String&, const cv::Matx<_Tp, m, n>&)
 1023 | void write(FileStorage& fs, const String& name, const Matx<_Tp, m, n>& x )
      |      ^~~~~
/home/yangheechan/FL-dataset-generation-opencv_features2d_TF_bot30/work/opencv_features2d_TF_bot30/working_env/faster42.swtv/core5/opencv_features2d_TF_bot30/modules/core/include/opencv2/core/persistence.hpp:1023:6: note:   template argument deduction/substitution failed:
/home/yangheechan/FL-dataset-generation-opencv_features2d_TF_bot30/work/opencv_features2d_TF_bot30/working_env/faster42.swtv/core5/opencv_features2d_TF_bot30/modules/core/include/opencv2/core/persistence.hpp:1202:10: note:   mismatched types const cv::Matx<_Tp, m, n> and double(const cv::_InputArray&, const cv::_OutputArray&, double, double, int)
 1202 |     write( fs, fs.elname, value );
      |     ~~~~~^~~~~~~~~~~~~~~~~~~~~~~~
/home/yangheechan/FL-dataset-generation-opencv_features2d_TF_bot30/work/opencv_features2d_TF_bot30/working_env/faster42.swtv/core5/opencv_features2d_TF_bot30/modules/core/include/opencv2/core/persistence.hpp:1029:6: note: candidate: template<class _Tp> void cv::write(cv::FileStorage&, const String&, const cv::Scalar_<_Tp>&)
 1029 | void write(FileStorage& fs, const String& name, const Scalar_<_Tp>& s )
      |      ^~~~~
/home/yangheechan/FL-dataset-generation-opencv_features2d_TF_bot30/work/opencv_features2d_TF_bot30/working_env/faster42.swtv/core5/opencv_features2d_TF_bot30/modules/core/include/opencv2/core/persistence.hpp:1029:6: note:   template argument deduction/substitution failed:
/home/yangheechan/FL-dataset-generation-opencv_features2d_TF_bot30/work/opencv_features2d_TF_bot30/working_env/faster42.swtv/core5/opencv_features2d_TF_bot30/modules/core/include/opencv2/core/persistence.hpp:1202:10: note:   mismatched types const cv::Scalar_<_Tp> and double(const cv::_InputArray&, const cv::_OutputArray&, double, double, int)
 1202 |     write( fs, fs.elname, value );
      |     ~~~~~^~~~~~~~~~~~~~~~~~~~~~~~
/home/yangheechan/FL-dataset-generation-opencv_features2d_TF_bot30/work/opencv_features2d_TF_bot30/working_env/faster42.swtv/core5/opencv_features2d_TF_bot30/modules/core/include/opencv2/core/persistence.hpp:1066:20: note: candidate: template<class _Tp, typename std::enable_if<std::is_enum<_Tp>::value>::type* <anonymous> > void cv::write(cv::FileStorage&, const String&, const _Tp&)
 1066 | static inline void write( FileStorage& fs, const String& name, const _Tp& val )
      |                    ^~~~~
/home/yangheechan/FL-dataset-generation-opencv_features2d_TF_bot30/work/opencv_features2d_TF_bot30/working_env/faster42.swtv/core5/opencv_features2d_TF_bot30/modules/core/include/opencv2/core/persistence.hpp:1066:20: note:   template argument deduction/substitution failed:
/home/yangheechan/FL-dataset-generation-opencv_features2d_TF_bot30/work/opencv_features2d_TF_bot30/working_env/faster42.swtv/core5/opencv_features2d_TF_bot30/modules/core/include/opencv2/core/persistence.hpp:1065:85: error: no type named type in struct std::enable_if<false, void>
 1065 | template<typename _Tp, typename std::enable_if< std::is_enum<_Tp>::value >::type* = nullptr>
      |                                                                                     ^~~~~~~
/home/yangheechan/FL-dataset-generation-opencv_features2d_TF_bot30/work/opencv_features2d_TF_bot30/working_env/faster42.swtv/core5/opencv_features2d_TF_bot30/modules/core/include/opencv2/core/persistence.hpp:1072:6: note: candidate: template<class _Tp> void cv::write(cv::FileStorage&, const String&, const std::vector<_Tp>&)
 1072 | void write( FileStorage& fs, const String& name, const std::vector<_Tp>& vec )
      |      ^~~~~
/home/yangheechan/FL-dataset-generation-opencv_features2d_TF_bot30/work/opencv_features2d_TF_bot30/working_env/faster42.swtv/core5/opencv_features2d_TF_bot30/modules/core/include/opencv2/core/persistence.hpp:1072:6: note:   template argument deduction/substitution failed:
/home/yangheechan/FL-dataset-generation-opencv_features2d_TF_bot30/work/opencv_features2d_TF_bot30/working_env/faster42.swtv/core5/opencv_features2d_TF_bot30/modules/core/include/opencv2/core/persistence.hpp:1202:10: note:   mismatched types const std::vector<_Tp> and double(const cv::_InputArray&, const cv::_OutputArray&, double, double, int)
 1202 |     write( fs, fs.elname, value );
      |     ~~~~~^~~~~~~~~~~~~~~~~~~~~~~~
/home/yangheechan/FL-dataset-generation-opencv_features2d_TF_bot30/work/opencv_features2d_TF_bot30/working_env/faster42.swtv/core5/opencv_features2d_TF_bot30/modules/core/include/opencv2/core/persistence.hpp:1079:6: note: candidate: template<class _Tp> void cv::write(cv::FileStorage&, const String&, const std::vector<std::vector<_Tp> >&)
 1079 | void write( FileStorage& fs, const String& name, const std::vector< std::vector<_Tp> >& vec )
      |      ^~~~~
/home/yangheechan/FL-dataset-generation-opencv_features2d_TF_bot30/work/opencv_features2d_TF_bot30/working_env/faster42.swtv/core5/opencv_features2d_TF_bot30/modules/core/include/opencv2/core/persistence.hpp:1079:6: note:   template argument deduction/substitution failed:
/home/yangheechan/FL-dataset-generation-opencv_features2d_TF_bot30/work/opencv_features2d_TF_bot30/working_env/faster42.swtv/core5/opencv_features2d_TF_bot30/modules/core/include/opencv2/core/persistence.hpp:1202:10: note:   mismatched types const std::vector<std::vector<_Tp> > and double(const cv::_InputArray&, const cv::_OutputArray&, double, double, int)
 1202 |     write( fs, fs.elname, value );
      |     ~~~~~^~~~~~~~~~~~~~~~~~~~~~~~
In file included from /home/yangheechan/FL-dataset-generation-opencv_features2d_TF_bot30/work/opencv_features2d_TF_bot30/working_env/faster42.swtv/core5/opencv_features2d_TF_bot30/modules/core/include/opencv2/core.hpp:59,
                 from /home/yangheechan/FL-dataset-generation-opencv_features2d_TF_bot30/work/opencv_features2d_TF_bot30/working_env/faster42.swtv/core5/opencv_features2d_TF_bot30/modules/features2d/include/opencv2/features2d.hpp:47,
                 from /home/yangheechan/FL-dataset-generation-opencv_features2d_TF_bot30/work/opencv_features2d_TF_bot30/working_env/faster42.swtv/core5/opencv_features2d_TF_bot30/modules/features2d/src/precomp.hpp:46,
                 from /home/yangheechan/FL-dataset-generation-opencv_features2d_TF_bot30/work/opencv_features2d_TF_bot30/working_env/faster42.swtv/core5/opencv_features2d_TF_bot30/modules/features2d/src/akaze.cpp:51:
/home/yangheechan/FL-dataset-generation-opencv_features2d_TF_bot30/work/opencv_features2d_TF_bot30/working_env/faster42.swtv/core5/opencv_features2d_TF_bot30/modules/core/include/opencv2/core/persistence.hpp:699:17: note: candidate: void cv::write(cv::FileStorage&, const String&, int) (near match)
  699 | CV_EXPORTS void write( FileStorage& fs, const String& name, int value );
      |                 ^~~~~
/home/yangheechan/FL-dataset-generation-opencv_features2d_TF_bot30/work/opencv_features2d_TF_bot30/working_env/faster42.swtv/core5/opencv_features2d_TF_bot30/modules/core/include/opencv2/core/persistence.hpp:699:17: note:   conversion of argument 3 would be ill-formed:
In file included from /home/yangheechan/FL-dataset-generation-opencv_features2d_TF_bot30/work/opencv_features2d_TF_bot30/working_env/faster42.swtv/core5/opencv_features2d_TF_bot30/modules/core/include/opencv2/core.hpp:59,
                 from /home/yangheechan/FL-dataset-generation-opencv_features2d_TF_bot30/work/opencv_features2d_TF_bot30/working_env/faster42.swtv/core5/opencv_features2d_TF_bot30/modules/features2d/include/opencv2/features2d.hpp:47,
                 from /home/yangheechan/FL-dataset-generation-opencv_features2d_TF_bot30/work/opencv_features2d_TF_bot30/working_env/faster42.swtv/core5/opencv_features2d_TF_bot30/modules/features2d/src/precomp.hpp:46,
                 from /home/yangheechan/FL-dataset-generation-opencv_features2d_TF_bot30/work/opencv_features2d_TF_bot30/working_env/faster42.swtv/core5/opencv_features2d_TF_bot30/modules/features2d/src/akaze.cpp:51:
/home/yangheechan/FL-dataset-generation-opencv_features2d_TF_bot30/work/opencv_features2d_TF_bot30/working_env/faster42.swtv/core5/opencv_features2d_TF_bot30/modules/core/include/opencv2/core/persistence.hpp:1202:10: error: invalid conversion from double (*)(const cv::_InputArray&, const cv::_OutputArray&, double, double, int) to int [-fpermissive]
 1202 |     write( fs, fs.elname, value );
      |     ~~~~~^~~~~~~~~~~~~~~~~~~~~~~~
      |          |
      |          double (*)(const cv::_InputArray&, const cv::_OutputArray&, double, double, int)
In file included from /home/yangheechan/FL-dataset-generation-opencv_features2d_TF_bot30/work/opencv_features2d_TF_bot30/working_env/faster42.swtv/core5/opencv_features2d_TF_bot30/modules/core/include/opencv2/core.hpp:59,
                 from /home/yangheechan/FL-dataset-generation-opencv_features2d_TF_bot30/work/opencv_features2d_TF_bot30/working_env/faster42.swtv/core5/opencv_features2d_TF_bot30/modules/features2d/include/opencv2/features2d.hpp:47,
                 from /home/yangheechan/FL-dataset-generation-opencv_features2d_TF_bot30/work/opencv_features2d_TF_bot30/working_env/faster42.swtv/core5/opencv_features2d_TF_bot30/modules/features2d/src/precomp.hpp:46,
                 from /home/yangheechan/FL-dataset-generation-opencv_features2d_TF_bot30/work/opencv_features2d_TF_bot30/working_env/faster42.swtv/core5/opencv_features2d_TF_bot30/modules/features2d/src/akaze.cpp:51:
/home/yangheechan/FL-dataset-generation-opencv_features2d_TF_bot30/work/opencv_features2d_TF_bot30/working_env/faster42.swtv/core5/opencv_features2d_TF_bot30/modules/core/include/opencv2/core/persistence.hpp:700:17: note: candidate: void cv::write(cv::FileStorage&, const String&, float)
  700 | CV_EXPORTS void write( FileStorage& fs, const String& name, float value );
      |                 ^~~~~
/home/yangheechan/FL-dataset-generation-opencv_features2d_TF_bot30/work/opencv_features2d_TF_bot30/working_env/faster42.swtv/core5/opencv_features2d_TF_bot30/modules/core/include/opencv2/core/persistence.hpp:700:67: note:   no known conversion for argument 3 from double(const cv::_InputArray&, const cv::_OutputArray&, double, double, int) to float
  700 | CV_EXPORTS void write( FileStorage& fs, const String& name, float value );
      |                                                             ~~~~~~^~~~~
/home/yangheechan/FL-dataset-generation-opencv_features2d_TF_bot30/work/opencv_features2d_TF_bot30/working_env/faster42.swtv/core5/opencv_features2d_TF_bot30/modules/core/include/opencv2/core/persistence.hpp:701:17: note: candidate: void cv::write(cv::FileStorage&, const String&, double)
  701 | CV_EXPORTS void write( FileStorage& fs, const String& name, double value );
      |                 ^~~~~
/home/yangheechan/FL-dataset-generation-opencv_features2d_TF_bot30/work/opencv_features2d_TF_bot30/working_env/faster42.swtv/core5/opencv_features2d_TF_bot30/modules/core/include/opencv2/core/persistence.hpp:701:68: note:   no known conversion for argument 3 from double(const cv::_InputArray&, const cv::_OutputArray&, double, double, int) to double
  701 | CV_EXPORTS void write( FileStorage& fs, const String& name, double value );
      |                                                             ~~~~~~~^~~~~
/home/yangheechan/FL-dataset-generation-opencv_features2d_TF_bot30/work/opencv_features2d_TF_bot30/working_env/faster42.swtv/core5/opencv_features2d_TF_bot30/modules/core/include/opencv2/core/persistence.hpp:702:17: note: candidate: void cv::write(cv::FileStorage&, const String&, const String&)
  702 | CV_EXPORTS void write( FileStorage& fs, const String& name, const String& value );
      |                 ^~~~~
/home/yangheechan/FL-dataset-generation-opencv_features2d_TF_bot30/work/opencv_features2d_TF_bot30/working_env/faster42.swtv/core5/opencv_features2d_TF_bot30/modules/core/include/opencv2/core/persistence.hpp:702:75: note:   no known conversion for argument 3 from double(const cv::_InputArray&, const cv::_OutputArray&, double, double, int) to const String& {aka const std::__cxx11::basic_string<char>&}
  702 | CV_EXPORTS void write( FileStorage& fs, const String& name, const String& value );
      |                                                             ~~~~~~~~~~~~~~^~~~~
/home/yangheechan/FL-dataset-generation-opencv_features2d_TF_bot30/work/opencv_features2d_TF_bot30/working_env/faster42.swtv/core5/opencv_features2d_TF_bot30/modules/core/include/opencv2/core/persistence.hpp:703:17: note: candidate: void cv::write(cv::FileStorage&, const String&, const cv::Mat&)
  703 | CV_EXPORTS void write( FileStorage& fs, const String& name, const Mat& value );
      |                 ^~~~~
/home/yangheechan/FL-dataset-generation-opencv_features2d_TF_bot30/work/opencv_features2d_TF_bot30/working_env/faster42.swtv/core5/opencv_features2d_TF_bot30/modules/core/include/opencv2/core/persistence.hpp:703:72: note:   no known conversion for argument 3 from double(const cv::_InputArray&, const cv::_OutputArray&, double, double, int) to const cv::Mat&
  703 | CV_EXPORTS void write( FileStorage& fs, const String& name, const Mat& value );
      |                                                             ~~~~~~~~~~~^~~~~
/home/yangheechan/FL-dataset-generation-opencv_features2d_TF_bot30/work/opencv_features2d_TF_bot30/working_env/faster42.swtv/core5/opencv_features2d_TF_bot30/modules/core/include/opencv2/core/persistence.hpp:704:17: note: candidate: void cv::write(cv::FileStorage&, const String&, const cv::SparseMat&)
  704 | CV_EXPORTS void write( FileStorage& fs, const String& name, const SparseMat& value );
      |                 ^~~~~
/home/yangheechan/FL-dataset-generation-opencv_features2d_TF_bot30/work/opencv_features2d_TF_bot30/working_env/faster42.swtv/core5/opencv_features2d_TF_bot30/modules/core/include/opencv2/core/persistence.hpp:704:78: note:   no known conversion for argument 3 from double(const cv::_InputArray&, const cv::_OutputArray&, double, double, int) to const cv::SparseMat&
  704 | CV_EXPORTS void write( FileStorage& fs, const String& name, const SparseMat& value );
      |                                                             ~~~~~~~~~~~~~~~~~^~~~~
/home/yangheechan/FL-dataset-generation-opencv_features2d_TF_bot30/work/opencv_features2d_TF_bot30/working_env/faster42.swtv/core5/opencv_features2d_TF_bot30/modules/core/include/opencv2/core/persistence.hpp:706:17: note: candidate: void cv::write(cv::FileStorage&, const String&, const std::vector<cv::KeyPoint>&)
  706 | CV_EXPORTS void write( FileStorage& fs, const String& name, const std::vector<KeyPoint>& value);
      |                 ^~~~~
/home/yangheechan/FL-dataset-generation-opencv_features2d_TF_bot30/work/opencv_features2d_TF_bot30/working_env/faster42.swtv/core5/opencv_features2d_TF_bot30/modules/core/include/opencv2/core/persistence.hpp:706:90: note:   no known conversion for argument 3 from double(const cv::_InputArray&, const cv::_OutputArray&, double, double, int) to const std::vector<cv::KeyPoint>&
  706 | CV_EXPORTS void write( FileStorage& fs, const String& name, const std::vector<KeyPoint>& value);
      |                                                             ~~~~~~~~~~~~~~~~~~~~~~~~~~~~~^~~~~
/home/yangheechan/FL-dataset-generation-opencv_features2d_TF_bot30/work/opencv_features2d_TF_bot30/working_env/faster42.swtv/core5/opencv_features2d_TF_bot30/modules/core/include/opencv2/core/persistence.hpp:707:17: note: candidate: void cv::write(cv::FileStorage&, const String&, const std::vector<cv::DMatch>&)
  707 | CV_EXPORTS void write( FileStorage& fs, const String& name, const std::vector<DMatch>& value);
      |                 ^~~~~
/home/yangheechan/FL-dataset-generation-opencv_features2d_TF_bot30/work/opencv_features2d_TF_bot30/working_env/faster42.swtv/core5/opencv_features2d_TF_bot30/modules/core/include/opencv2/core/persistence.hpp:707:88: note:   no known conversion for argument 3 from double(const cv::_InputArray&, const cv::_OutputArray&, double, double, int) to const std::vector<cv::DMatch>&
  707 | CV_EXPORTS void write( FileStorage& fs, const String& name, const std::vector<DMatch>& value);
      |                                                             ~~~~~~~~~~~~~~~~~~~~~~~~~~~^~~~~
In file included from /home/yangheechan/FL-dataset-generation-opencv_features2d_TF_bot30/work/opencv_features2d_TF_bot30/working_env/faster42.swtv/core5/opencv_features2d_TF_bot30/modules/core/include/opencv2/core.hpp:59,
                 from /home/yangheechan/FL-dataset-generation-opencv_features2d_TF_bot30/work/opencv_features2d_TF_bot30/working_env/faster42.swtv/core5/opencv_features2d_TF_bot30/modules/features2d/include/opencv2/features2d.hpp:47,
                 from /home/yangheechan/FL-dataset-generation-opencv_features2d_TF_bot30/work/opencv_features2d_TF_bot30/working_env/faster42.swtv/core5/opencv_features2d_TF_bot30/modules/features2d/src/precomp.hpp:46,
                 from /home/yangheechan/FL-dataset-generation-opencv_features2d_TF_bot30/work/opencv_features2d_TF_bot30/working_env/faster42.swtv/core5/opencv_features2d_TF_bot30/modules/features2d/src/akaze.cpp:51:
/home/yangheechan/FL-dataset-generation-opencv_features2d_TF_bot30/work/opencv_features2d_TF_bot30/working_env/faster42.swtv/core5/opencv_features2d_TF_bot30/modules/core/include/opencv2/core/persistence.hpp:967:6: note: candidate: void cv::write(cv::FileStorage&, const cv::Range&)
  967 | void write(FileStorage& fs, const Range& r )
      |      ^~~~~
/home/yangheechan/FL-dataset-generation-opencv_features2d_TF_bot30/work/opencv_features2d_TF_bot30/working_env/faster42.swtv/core5/opencv_features2d_TF_bot30/modules/core/include/opencv2/core/persistence.hpp:967:6: note:   candidate expects 2 arguments, 3 provided
/home/yangheechan/FL-dataset-generation-opencv_features2d_TF_bot30/work/opencv_features2d_TF_bot30/working_env/faster42.swtv/core5/opencv_features2d_TF_bot30/modules/core/include/opencv2/core/persistence.hpp:1036:6: note: candidate: void cv::write(cv::FileStorage&, const String&, const cv::Range&)
 1036 | void write(FileStorage& fs, const String& name, const Range& r )
      |      ^~~~~
/home/yangheechan/FL-dataset-generation-opencv_features2d_TF_bot30/work/opencv_features2d_TF_bot30/working_env/faster42.swtv/core5/opencv_features2d_TF_bot30/modules/core/include/opencv2/core/persistence.hpp:1036:62: note:   no known conversion for argument 3 from double(const cv::_InputArray&, const cv::_OutputArray&, double, double, int) to const cv::Range&
 1036 | void write(FileStorage& fs, const String& name, const Range& r )
      |                                                 ~~~~~~~~~~~~~^
/home/yangheechan/FL-dataset-generation-opencv_features2d_TF_bot30/work/opencv_features2d_TF_bot30/working_env/faster42.swtv/core5/opencv_features2d_TF_bot30/modules/core/include/opencv2/core/persistence.hpp:1043:6: note: candidate: void cv::write(cv::FileStorage&, const String&, const cv::KeyPoint&)
 1043 | void write(FileStorage& fs, const String& name, const KeyPoint& kpt)
      |      ^~~~~
/home/yangheechan/FL-dataset-generation-opencv_features2d_TF_bot30/work/opencv_features2d_TF_bot30/working_env/faster42.swtv/core5/opencv_features2d_TF_bot30/modules/core/include/opencv2/core/persistence.hpp:1043:65: note:   no known conversion for argument 3 from double(const cv::_InputArray&, const cv::_OutputArray&, double, double, int) to const cv::KeyPoint&
 1043 | void write(FileStorage& fs, const String& name, const KeyPoint& kpt)
      |                                                 ~~~~~~~~~~~~~~~~^~~
/home/yangheechan/FL-dataset-generation-opencv_features2d_TF_bot30/work/opencv_features2d_TF_bot30/working_env/faster42.swtv/core5/opencv_features2d_TF_bot30/modules/core/include/opencv2/core/persistence.hpp:1056:6: note: candidate: void cv::write(cv::FileStorage&, const String&, const cv::DMatch&)
 1056 | void write(FileStorage& fs, const String& name, const DMatch& m)
      |      ^~~~~
/home/yangheechan/FL-dataset-generation-opencv_features2d_TF_bot30/work/opencv_features2d_TF_bot30/working_env/faster42.swtv/core5/opencv_features2d_TF_bot30/modules/core/include/opencv2/core/persistence.hpp:1056:63: note:   no known conversion for argument 3 from double(const cv::_InputArray&, const cv::_OutputArray&, double, double, int) to const cv::DMatch&
 1056 | void write(FileStorage& fs, const String& name, const DMatch& m)
      |                                                 ~~~~~~~~~~~~~~^
/home/yangheechan/FL-dataset-generation-opencv_features2d_TF_bot30/work/opencv_features2d_TF_bot30/working_env/faster42.swtv/core5/opencv_features2d_TF_bot30/modules/core/include/opencv2/core/persistence.hpp:1092:20: note: candidate: void cv::write(cv::FileStorage&, const cv::KeyPoint&)
 1092 | static inline void write(FileStorage& fs, const KeyPoint& kpt) { write(fs, String(), kpt); }
      |                    ^~~~~
/home/yangheechan/FL-dataset-generation-opencv_features2d_TF_bot30/work/opencv_features2d_TF_bot30/working_env/faster42.swtv/core5/opencv_features2d_TF_bot30/modules/core/include/opencv2/core/persistence.hpp:1092:20: note:   candidate expects 2 arguments, 3 provided
/home/yangheechan/FL-dataset-generation-opencv_features2d_TF_bot30/work/opencv_features2d_TF_bot30/working_env/faster42.swtv/core5/opencv_features2d_TF_bot30/modules/core/include/opencv2/core/persistence.hpp:1093:20: note: candidate: void cv::write(cv::FileStorage&, const cv::DMatch&)
 1093 | static inline void write(FileStorage& fs, const DMatch& m) { write(fs, String(), m); }
      |                    ^~~~~
/home/yangheechan/FL-dataset-generation-opencv_features2d_TF_bot30/work/opencv_features2d_TF_bot30/working_env/faster42.swtv/core5/opencv_features2d_TF_bot30/modules/core/include/opencv2/core/persistence.hpp:1093:20: note:   candidate expects 2 arguments, 3 provided
/home/yangheechan/FL-dataset-generation-opencv_features2d_TF_bot30/work/opencv_features2d_TF_bot30/working_env/faster42.swtv/core5/opencv_features2d_TF_bot30/modules/core/include/opencv2/core/persistence.hpp:1094:20: note: candidate: void cv::write(cv::FileStorage&, const std::vector<cv::KeyPoint>&)
 1094 | static inline void write(FileStorage& fs, const std::vector<KeyPoint>& vec)
      |                    ^~~~~
/home/yangheechan/FL-dataset-generation-opencv_features2d_TF_bot30/work/opencv_features2d_TF_bot30/working_env/faster42.swtv/core5/opencv_features2d_TF_bot30/modules/core/include/opencv2/core/persistence.hpp:1094:20: note:   candidate expects 2 arguments, 3 provided
/home/yangheechan/FL-dataset-generation-opencv_features2d_TF_bot30/work/opencv_features2d_TF_bot30/working_env/faster42.swtv/core5/opencv_features2d_TF_bot30/modules/core/include/opencv2/core/persistence.hpp:1099:20: note: candidate: void cv::write(cv::FileStorage&, const std::vector<cv::DMatch>&)
 1099 | static inline void write(FileStorage& fs, const std::vector<DMatch>& vec)
      |                    ^~~~~
/home/yangheechan/FL-dataset-generation-opencv_features2d_TF_bot30/work/opencv_features2d_TF_bot30/working_env/faster42.swtv/core5/opencv_features2d_TF_bot30/modules/core/include/opencv2/core/persistence.hpp:1099:20: note:   candidate expects 2 arguments, 3 provided
/home/yangheechan/FL-dataset-generation-opencv_features2d_TF_bot30/work/opencv_features2d_TF_bot30/working_env/faster42.swtv/core5/opencv_features2d_TF_bot30/modules/features2d/src/akaze.cpp:216:14: note: candidate: void cv::write(cv::FileStorage&)
  216 |         void write(FileStorage& fs) const CV_OVERRIDE
      |              ^~~~~
/home/yangheechan/FL-dataset-generation-opencv_features2d_TF_bot30/work/opencv_features2d_TF_bot30/working_env/faster42.swtv/core5/opencv_features2d_TF_bot30/modules/features2d/src/akaze.cpp:216:14: note:   candidate expects 1 argument, 3 provided
make[2]: *** [modules/features2d/CMakeFiles/opencv_features2d.dir/build.make:126: modules/features2d/CMakeFiles/opencv_features2d.dir/src/akaze.cpp.o] Error 1
make[1]: *** [CMakeFiles/Makefile2:1473: modules/features2d/CMakeFiles/opencv_features2d.dir/all] Error 2
make: *** [Makefile:166: all] Error 2

+++++ results for gftt.MUT276.cpp +++++
+++++ STDOUT +++++
[  0%] Built target opencv_videoio_plugins
[  0%] Built target opencv_highgui_plugins
[  0%] Built target opencv_dnn_plugins
[  0%] Built target ittnotify
[  4%] Built target ippiw
[  7%] Built target libopenjp2
[ 23%] Built target libwebp
[ 37%] Built target IlmImf
[ 51%] Built target opencv_core
[ 51%] Built target opencv_version
[ 64%] Built target opencv_imgproc
[ 67%] Built target opencv_imgcodecs
[ 69%] Built target opencv_videoio
Consolidate compiler generated dependencies of target opencv_features2d
[ 70%] Built target opencv_highgui
[ 70%] Building CXX object modules/features2d/CMakeFiles/opencv_features2d.dir/src/akaze.cpp.o
[ 73%] Built target opencv_visualisation
[ 73%] Built target opencv_annotation
[ 74%] Built target opencv_ts
[ 74%] Built target opencv_test_highgui
[ 75%] Built target opencv_test_imgcodecs
[ 77%] Built target opencv_test_videoio
[ 83%] Built target opencv_test_core
[ 92%] Built target opencv_test_imgproc
[ 92%] Linking CXX shared library ../../lib/libopencv_features2d.so
[ 96%] Built target opencv_features2d
[ 96%] Linking CXX executable ../../bin/opencv_test_features2d
[100%] Built target opencv_test_features2d
[  0%] Built target opencv_dnn_plugins
[  0%] Built target opencv_videoio_plugins
[  0%] Built target opencv_highgui_plugins
[  0%] Built target ittnotify
[  3%] Built target libopenjp2
[  7%] Built target ippiw
[ 23%] Built target libwebp
[ 37%] Built target IlmImf
[ 51%] Built target opencv_core
[ 51%] Built target opencv_version
[ 64%] Built target opencv_imgproc
[ 67%] Built target opencv_imgcodecs
[ 69%] Built target opencv_videoio
Consolidate compiler generated dependencies of target opencv_features2d
[ 70%] Built target opencv_highgui
[ 70%] Building CXX object modules/features2d/CMakeFiles/opencv_features2d.dir/src/gftt.cpp.o
[ 73%] Built target opencv_annotation
[ 73%] Built target opencv_visualisation
[ 74%] Built target opencv_ts
[ 74%] Built target opencv_test_highgui
[ 75%] Built target opencv_test_imgcodecs
[ 77%] Built target opencv_test_videoio
[ 83%] Built target opencv_test_core
[ 92%] Built target opencv_test_imgproc
[ 92%] Linking CXX shared library ../../lib/libopencv_features2d.so
[ 96%] Built target opencv_features2d
[ 96%] Linking CXX executable ../../bin/opencv_test_features2d
[100%] Built target opencv_test_features2d
Testing mutant gftt.MUT276.cpp on faster42.swtv::core5
>> Building opencv_features2d_TF_bot30
>> Applied patch to gftt.cpp with gftt.MUT276.cpp
>> Building opencv_features2d_TF_bot30
>> Saved buggy mutant gftt.MUT276.cpp
	 - Failing test cases: 1
	 - Passing test cases: 61
	 - Crashing test cases: 0
>> Reverted gftt.cpp to original from gftt.MUT276.cpp

+++++ STDERR +++++

+++++ results for keypoint.MUT305.cpp +++++
+++++ STDOUT +++++
[  0%] Built target opencv_dnn_plugins
[  0%] Built target opencv_highgui_plugins
[  0%] Built target opencv_videoio_plugins
[  3%] Built target libopenjp2
[  4%] Built target ittnotify
[  7%] Built target ippiw
[ 23%] Built target libwebp
[ 37%] Built target IlmImf
[ 51%] Built target opencv_core
[ 51%] Built target opencv_version
[ 64%] Built target opencv_imgproc
[ 67%] Built target opencv_imgcodecs
[ 69%] Built target opencv_videoio
Consolidate compiler generated dependencies of target opencv_features2d
[ 70%] Built target opencv_highgui
[ 70%] Building CXX object modules/features2d/CMakeFiles/opencv_features2d.dir/src/gftt.cpp.o
[ 73%] Built target opencv_annotation
[ 73%] Built target opencv_visualisation
[ 74%] Built target opencv_ts
[ 74%] Built target opencv_test_highgui
[ 75%] Built target opencv_test_imgcodecs
[ 77%] Built target opencv_test_videoio
[ 83%] Built target opencv_test_core
[ 92%] Built target opencv_test_imgproc
[ 92%] Linking CXX shared library ../../lib/libopencv_features2d.so
[ 96%] Built target opencv_features2d
[ 96%] Linking CXX executable ../../bin/opencv_test_features2d
[100%] Built target opencv_test_features2d
[  0%] Built target opencv_highgui_plugins
[  0%] Built target opencv_dnn_plugins
[  0%] Built target ittnotify
[  0%] Built target opencv_videoio_plugins
[  3%] Built target libopenjp2
[  7%] Built target ippiw
[ 23%] Built target libwebp
[ 37%] Built target IlmImf
[ 51%] Built target opencv_core
[ 51%] Built target opencv_version
[ 64%] Built target opencv_imgproc
[ 67%] Built target opencv_imgcodecs
Consolidate compiler generated dependencies of target opencv_features2d
[ 69%] Built target opencv_videoio
[ 69%] Building CXX object modules/features2d/CMakeFiles/opencv_features2d.dir/src/keypoint.cpp.o
[ 70%] Built target opencv_highgui
[ 72%] Built target opencv_annotation
[ 74%] Built target opencv_ts
[ 74%] Built target opencv_visualisation
[ 75%] Built target opencv_test_highgui
[ 75%] Built target opencv_test_imgcodecs
[ 77%] Built target opencv_test_videoio
[ 83%] Built target opencv_test_core
[ 92%] Built target opencv_test_imgproc
Testing mutant keypoint.MUT305.cpp on faster42.swtv::core5
>> Building opencv_features2d_TF_bot30
>> Applied patch to keypoint.cpp with keypoint.MUT305.cpp
>> Building opencv_features2d_TF_bot30
Failed to build on keypoint.MUT305.cpp
>> Reverted keypoint.cpp to original from keypoint.MUT305.cpp

+++++ STDERR +++++
/home/yangheechan/FL-dataset-generation-opencv_features2d_TF_bot30/work/opencv_features2d_TF_bot30/working_env/faster42.swtv/core5/opencv_features2d_TF_bot30/modules/features2d/src/keypoint.cpp: In static member function static void cv::KeyPointsFilter::removeDuplicated(std::vector<cv::KeyPoint>&):
/home/yangheechan/FL-dataset-generation-opencv_features2d_TF_bot30/work/opencv_features2d_TF_bot30/working_env/faster42.swtv/core5/opencv_features2d_TF_bot30/modules/features2d/src/keypoint.cpp:244:18: error: invalid types int[int] for array subscript
  244 |                 0[j] = keypoints[i];
      |                  ^
make[2]: *** [modules/features2d/CMakeFiles/opencv_features2d.dir/build.make:350: modules/features2d/CMakeFiles/opencv_features2d.dir/src/keypoint.cpp.o] Error 1
make[1]: *** [CMakeFiles/Makefile2:1473: modules/features2d/CMakeFiles/opencv_features2d.dir/all] Error 2
make: *** [Makefile:166: all] Error 2

+++++ results for keypoint.MUT412.cpp +++++
+++++ STDOUT +++++
[  0%] Built target opencv_dnn_plugins
[  0%] Built target opencv_highgui_plugins
[  0%] Built target opencv_videoio_plugins
[  3%] Built target libopenjp2
[  7%] Built target ippiw
[  7%] Built target ittnotify
[ 23%] Built target libwebp
[ 37%] Built target IlmImf
[ 51%] Built target opencv_core
[ 51%] Built target opencv_version
[ 64%] Built target opencv_imgproc
[ 67%] Built target opencv_imgcodecs
[ 69%] Built target opencv_videoio
Consolidate compiler generated dependencies of target opencv_features2d
[ 70%] Built target opencv_highgui
[ 70%] Building CXX object modules/features2d/CMakeFiles/opencv_features2d.dir/src/keypoint.cpp.o
[ 72%] Built target opencv_visualisation
[ 74%] Built target opencv_annotation
[ 74%] Built target opencv_ts
[ 75%] Built target opencv_test_imgcodecs
[ 75%] Built target opencv_test_highgui
[ 77%] Built target opencv_test_videoio
[ 83%] Built target opencv_test_core
[ 92%] Built target opencv_test_imgproc
[ 92%] Linking CXX shared library ../../lib/libopencv_features2d.so
[ 96%] Built target opencv_features2d
[ 96%] Linking CXX executable ../../bin/opencv_test_features2d
[100%] Built target opencv_test_features2d
[  0%] Built target ittnotify
[  0%] Built target opencv_dnn_plugins
[  0%] Built target opencv_highgui_plugins
[  0%] Built target opencv_videoio_plugins
[  4%] Built target ippiw
[  7%] Built target libopenjp2
[ 23%] Built target libwebp
[ 37%] Built target IlmImf
[ 51%] Built target opencv_core
[ 51%] Built target opencv_version
[ 64%] Built target opencv_imgproc
[ 67%] Built target opencv_imgcodecs
[ 69%] Built target opencv_videoio
Consolidate compiler generated dependencies of target opencv_features2d
[ 70%] Built target opencv_highgui
[ 70%] Building CXX object modules/features2d/CMakeFiles/opencv_features2d.dir/src/keypoint.cpp.o
[ 72%] Built target opencv_annotation
[ 73%] Built target opencv_visualisation
[ 74%] Built target opencv_ts
[ 74%] Built target opencv_test_highgui
[ 75%] Built target opencv_test_imgcodecs
[ 77%] Built target opencv_test_videoio
[ 83%] Built target opencv_test_core
[ 92%] Built target opencv_test_imgproc
[ 92%] Linking CXX shared library ../../lib/libopencv_features2d.so
[ 96%] Built target opencv_features2d
[ 96%] Linking CXX executable ../../bin/opencv_test_features2d
[100%] Built target opencv_test_features2d
Testing mutant keypoint.MUT412.cpp on faster42.swtv::core5
>> Building opencv_features2d_TF_bot30
>> Applied patch to keypoint.cpp with keypoint.MUT412.cpp
>> Building opencv_features2d_TF_bot30
Mutant keypoint.MUT412.cpp is not killed (all tcs pass)
>> Reverted keypoint.cpp to original from keypoint.MUT412.cpp

+++++ STDERR +++++

+++++ results for matchers.MUT116.cpp +++++
+++++ STDOUT +++++
[  0%] Built target ittnotify
[  0%] Built target opencv_highgui_plugins
[  0%] Built target opencv_dnn_plugins
[  0%] Built target opencv_videoio_plugins
[  4%] Built target ippiw
[  7%] Built target libopenjp2
[ 23%] Built target libwebp
[ 37%] Built target IlmImf
[ 51%] Built target opencv_core
[ 51%] Built target opencv_version
[ 64%] Built target opencv_imgproc
[ 67%] Built target opencv_imgcodecs
[ 69%] Built target opencv_videoio
Consolidate compiler generated dependencies of target opencv_features2d
[ 70%] Built target opencv_highgui
[ 70%] Building CXX object modules/features2d/CMakeFiles/opencv_features2d.dir/src/keypoint.cpp.o
[ 72%] Built target opencv_annotation
[ 73%] Built target opencv_visualisation
[ 74%] Built target opencv_ts
[ 74%] Built target opencv_test_highgui
[ 75%] Built target opencv_test_imgcodecs
[ 77%] Built target opencv_test_videoio
[ 84%] Built target opencv_test_core
[ 92%] Built target opencv_test_imgproc
[ 92%] Linking CXX shared library ../../lib/libopencv_features2d.so
[ 96%] Built target opencv_features2d
[ 96%] Linking CXX executable ../../bin/opencv_test_features2d
[100%] Built target opencv_test_features2d
[  0%] Built target opencv_videoio_plugins
[  0%] Built target ittnotify
[  0%] Built target opencv_highgui_plugins
[  0%] Built target opencv_dnn_plugins
[  3%] Built target libopenjp2
[  7%] Built target ippiw
[ 23%] Built target libwebp
[ 37%] Built target IlmImf
[ 51%] Built target opencv_core
[ 51%] Built target opencv_version
[ 64%] Built target opencv_imgproc
[ 67%] Built target opencv_imgcodecs
[ 69%] Built target opencv_videoio
Consolidate compiler generated dependencies of target opencv_features2d
[ 70%] Built target opencv_highgui
[ 70%] Building CXX object modules/features2d/CMakeFiles/opencv_features2d.dir/src/matchers.cpp.o
[ 73%] Built target opencv_annotation
[ 73%] Built target opencv_visualisation
[ 74%] Built target opencv_ts
[ 74%] Built target opencv_test_highgui
[ 75%] Built target opencv_test_imgcodecs
[ 77%] Built target opencv_test_videoio
[ 83%] Built target opencv_test_core
[ 92%] Built target opencv_test_imgproc
[ 92%] Linking CXX shared library ../../lib/libopencv_features2d.so
[ 96%] Built target opencv_features2d
[ 96%] Linking CXX executable ../../bin/opencv_test_features2d
[100%] Built target opencv_test_features2d
Testing mutant matchers.MUT116.cpp on faster42.swtv::core5
>> Building opencv_features2d_TF_bot30
>> Applied patch to matchers.cpp with matchers.MUT116.cpp
>> Building opencv_features2d_TF_bot30
Mutant matchers.MUT116.cpp is not killed (all tcs pass)
>> Reverted matchers.cpp to original from matchers.MUT116.cpp

+++++ STDERR +++++

+++++ results for matchers.MUT472.cpp +++++
+++++ STDOUT +++++
[  0%] Built target opencv_highgui_plugins
[  0%] Built target opencv_dnn_plugins
[  0%] Built target opencv_videoio_plugins
[  4%] Built target ippiw
[  4%] Built target ittnotify
[  7%] Built target libopenjp2
[ 23%] Built target libwebp
[ 37%] Built target IlmImf
[ 51%] Built target opencv_core
[ 51%] Built target opencv_version
[ 64%] Built target opencv_imgproc
[ 67%] Built target opencv_imgcodecs
[ 69%] Built target opencv_videoio
Consolidate compiler generated dependencies of target opencv_features2d
[ 69%] Building CXX object modules/features2d/CMakeFiles/opencv_features2d.dir/src/matchers.cpp.o
[ 70%] Built target opencv_highgui
[ 72%] Built target opencv_visualisation
[ 73%] Built target opencv_annotation
[ 74%] Built target opencv_ts
[ 75%] Built target opencv_test_highgui
[ 75%] Built target opencv_test_imgcodecs
[ 77%] Built target opencv_test_videoio
[ 83%] Built target opencv_test_core
[ 92%] Built target opencv_test_imgproc
[ 92%] Linking CXX shared library ../../lib/libopencv_features2d.so
[ 96%] Built target opencv_features2d
[ 96%] Linking CXX executable ../../bin/opencv_test_features2d
[100%] Built target opencv_test_features2d
[  0%] Built target opencv_dnn_plugins
[  3%] Built target libopenjp2
[  3%] Built target ittnotify
[  3%] Built target opencv_highgui_plugins
[  3%] Built target opencv_videoio_plugins
[  7%] Built target ippiw
[ 23%] Built target libwebp
[ 37%] Built target IlmImf
[ 51%] Built target opencv_core
[ 51%] Built target opencv_version
[ 64%] Built target opencv_imgproc
[ 67%] Built target opencv_imgcodecs
[ 69%] Built target opencv_videoio
[ 70%] Built target opencv_highgui
Consolidate compiler generated dependencies of target opencv_features2d
[ 72%] Built target opencv_visualisation
[ 73%] Built target opencv_annotation
[ 73%] Building CXX object modules/features2d/CMakeFiles/opencv_features2d.dir/src/matchers.cpp.o
[ 74%] Built target opencv_ts
[ 74%] Built target opencv_test_highgui
[ 75%] Built target opencv_test_imgcodecs
[ 77%] Built target opencv_test_videoio
[ 83%] Built target opencv_test_core
[ 92%] Built target opencv_test_imgproc
[ 92%] Linking CXX shared library ../../lib/libopencv_features2d.so
[ 96%] Built target opencv_features2d
[ 96%] Linking CXX executable ../../bin/opencv_test_features2d
[100%] Built target opencv_test_features2d
Testing mutant matchers.MUT472.cpp on faster42.swtv::core5
>> Building opencv_features2d_TF_bot30
>> Applied patch to matchers.cpp with matchers.MUT472.cpp
>> Building opencv_features2d_TF_bot30
Mutant matchers.MUT472.cpp is not killed (all tcs pass)
>> Reverted matchers.cpp to original from matchers.MUT472.cpp

+++++ STDERR +++++

+++++ results for matchers.MUT357.cpp +++++
+++++ STDOUT +++++
[  0%] Built target opencv_videoio_plugins
[  0%] Built target opencv_highgui_plugins
[  4%] Built target ittnotify
[  4%] Built target libopenjp2
[  7%] Built target ippiw
[  7%] Built target opencv_dnn_plugins
[ 23%] Built target libwebp
[ 37%] Built target IlmImf
[ 51%] Built target opencv_core
[ 51%] Built target opencv_version
[ 64%] Built target opencv_imgproc
[ 67%] Built target opencv_imgcodecs
[ 69%] Built target opencv_videoio
Consolidate compiler generated dependencies of target opencv_features2d
[ 70%] Built target opencv_highgui
[ 70%] Building CXX object modules/features2d/CMakeFiles/opencv_features2d.dir/src/matchers.cpp.o
[ 72%] Built target opencv_annotation
[ 73%] Built target opencv_visualisation
[ 74%] Built target opencv_ts
[ 74%] Built target opencv_test_highgui
[ 75%] Built target opencv_test_imgcodecs
[ 77%] Built target opencv_test_videoio
[ 83%] Built target opencv_test_core
[ 92%] Built target opencv_test_imgproc
[ 92%] Linking CXX shared library ../../lib/libopencv_features2d.so
[ 96%] Built target opencv_features2d
[ 96%] Linking CXX executable ../../bin/opencv_test_features2d
[100%] Built target opencv_test_features2d
[  0%] Built target opencv_dnn_plugins
[  0%] Built target opencv_highgui_plugins
[  0%] Built target opencv_videoio_plugins
[  4%] Built target ippiw
[  4%] Built target ittnotify
[  7%] Built target libopenjp2
[ 23%] Built target libwebp
[ 37%] Built target IlmImf
[ 51%] Built target opencv_core
[ 51%] Built target opencv_version
[ 64%] Built target opencv_imgproc
[ 67%] Built target opencv_imgcodecs
[ 69%] Built target opencv_videoio
Consolidate compiler generated dependencies of target opencv_features2d
[ 70%] Built target opencv_highgui
[ 70%] Building CXX object modules/features2d/CMakeFiles/opencv_features2d.dir/src/matchers.cpp.o
[ 73%] Built target opencv_annotation
[ 73%] Built target opencv_visualisation
[ 74%] Built target opencv_ts
[ 75%] Built target opencv_test_imgcodecs
[ 75%] Built target opencv_test_highgui
[ 77%] Built target opencv_test_videoio
[ 83%] Built target opencv_test_core
[ 92%] Built target opencv_test_imgproc
Testing mutant matchers.MUT357.cpp on faster42.swtv::core5
>> Building opencv_features2d_TF_bot30
>> Applied patch to matchers.cpp with matchers.MUT357.cpp
>> Building opencv_features2d_TF_bot30
Failed to build on matchers.MUT357.cpp
>> Reverted matchers.cpp to original from matchers.MUT357.cpp

+++++ STDERR +++++
/home/yangheechan/FL-dataset-generation-opencv_features2d_TF_bot30/work/opencv_features2d_TF_bot30/working_env/faster42.swtv/core5/opencv_features2d_TF_bot30/modules/features2d/src/matchers.cpp: In static member function static bool cv::DescriptorMatcher::isMaskedOut(cv::InputArrayOfArrays, int):
/home/yangheechan/FL-dataset-generation-opencv_features2d_TF_bot30/work/opencv_features2d_TF_bot30/working_env/faster42.swtv/core5/opencv_features2d_TF_bot30/modules/features2d/src/matchers.cpp:695:25: error: cannot convert int to std::vector<cv::Mat>&
  695 |     _masks.getMatVector(0);
      |                         ^
      |                         |
      |                         int
In file included from /home/yangheechan/FL-dataset-generation-opencv_features2d_TF_bot30/work/opencv_features2d_TF_bot30/working_env/faster42.swtv/core5/opencv_features2d_TF_bot30/modules/core/include/opencv2/core.hpp:58,
                 from /home/yangheechan/FL-dataset-generation-opencv_features2d_TF_bot30/work/opencv_features2d_TF_bot30/working_env/faster42.swtv/core5/opencv_features2d_TF_bot30/modules/features2d/include/opencv2/features2d.hpp:47,
                 from /home/yangheechan/FL-dataset-generation-opencv_features2d_TF_bot30/work/opencv_features2d_TF_bot30/working_env/faster42.swtv/core5/opencv_features2d_TF_bot30/modules/features2d/src/precomp.hpp:46,
                 from /home/yangheechan/FL-dataset-generation-opencv_features2d_TF_bot30/work/opencv_features2d_TF_bot30/working_env/faster42.swtv/core5/opencv_features2d_TF_bot30/modules/features2d/src/matchers.cpp:42:
/home/yangheechan/FL-dataset-generation-opencv_features2d_TF_bot30/work/opencv_features2d_TF_bot30/working_env/faster42.swtv/core5/opencv_features2d_TF_bot30/modules/core/include/opencv2/core/mat.hpp:221:41: note:   initializing argument 1 of void cv::_InputArray::getMatVector(std::vector<cv::Mat>&) const
  221 |     void getMatVector(std::vector<Mat>& mv) const;
      |                       ~~~~~~~~~~~~~~~~~~^~
make[2]: *** [modules/features2d/CMakeFiles/opencv_features2d.dir/build.make:378: modules/features2d/CMakeFiles/opencv_features2d.dir/src/matchers.cpp.o] Error 1
make[1]: *** [CMakeFiles/Makefile2:1473: modules/features2d/CMakeFiles/opencv_features2d.dir/all] Error 2
make: *** [Makefile:166: all] Error 2

+++++ results for matchers.MUT300.cpp +++++
+++++ STDOUT +++++
[  0%] Built target opencv_dnn_plugins
[  0%] Built target ittnotify
[  0%] Built target opencv_videoio_plugins
[  0%] Built target opencv_highgui_plugins
[  4%] Built target ippiw
[  7%] Built target libopenjp2
[ 23%] Built target libwebp
[ 37%] Built target IlmImf
[ 51%] Built target opencv_core
[ 51%] Built target opencv_version
[ 64%] Built target opencv_imgproc
[ 67%] Built target opencv_imgcodecs
[ 69%] Built target opencv_videoio
Consolidate compiler generated dependencies of target opencv_features2d
[ 70%] Built target opencv_highgui
[ 70%] Building CXX object modules/features2d/CMakeFiles/opencv_features2d.dir/src/matchers.cpp.o
[ 72%] Built target opencv_annotation
[ 73%] Built target opencv_visualisation
[ 74%] Built target opencv_ts
[ 75%] Built target opencv_test_highgui
[ 75%] Built target opencv_test_imgcodecs
[ 77%] Built target opencv_test_videoio
[ 83%] Built target opencv_test_core
[ 92%] Built target opencv_test_imgproc
[ 92%] Linking CXX shared library ../../lib/libopencv_features2d.so
[ 96%] Built target opencv_features2d
[ 96%] Linking CXX executable ../../bin/opencv_test_features2d
[100%] Built target opencv_test_features2d
[  0%] Built target opencv_videoio_plugins
[  0%] Built target opencv_dnn_plugins
[  0%] Built target ittnotify
[  0%] Built target opencv_highgui_plugins
[  7%] Built target ippiw
[  7%] Built target libopenjp2
[ 23%] Built target libwebp
[ 37%] Built target IlmImf
[ 51%] Built target opencv_core
[ 51%] Built target opencv_version
[ 64%] Built target opencv_imgproc
[ 67%] Built target opencv_imgcodecs
[ 69%] Built target opencv_videoio
Consolidate compiler generated dependencies of target opencv_features2d
[ 70%] Built target opencv_highgui
[ 70%] Building CXX object modules/features2d/CMakeFiles/opencv_features2d.dir/src/matchers.cpp.o
[ 72%] Built target opencv_annotation
[ 73%] Built target opencv_visualisation
[ 74%] Built target opencv_ts
[ 75%] Built target opencv_test_highgui
[ 75%] Built target opencv_test_imgcodecs
[ 77%] Built target opencv_test_videoio
[ 83%] Built target opencv_test_core
[ 92%] Built target opencv_test_imgproc
[ 92%] Linking CXX shared library ../../lib/libopencv_features2d.so
[ 96%] Built target opencv_features2d
[ 96%] Linking CXX executable ../../bin/opencv_test_features2d
[100%] Built target opencv_test_features2d
Testing mutant matchers.MUT300.cpp on faster42.swtv::core5
>> Building opencv_features2d_TF_bot30
>> Applied patch to matchers.cpp with matchers.MUT300.cpp
>> Building opencv_features2d_TF_bot30
Mutant matchers.MUT300.cpp is not killed (all tcs pass)
>> Reverted matchers.cpp to original from matchers.MUT300.cpp
>> Cleaning build for opencv_features2d_TF_bot30

+++++ STDERR +++++
