
+++++ results for brisk.MUT20.cpp +++++
+++++ STDOUT +++++
SELECT bug_idx FROM bug_info WHERE subject = %s AND experiment_name = %s AND version = %s ['opencv_features2d_TF_top30', 'TF_top30', 'brisk.MUT20.cpp']
SELECT target_code_file, buggy_code_file, pre_start_line FROM bug_info WHERE bug_idx = %s [132]
SELECT tc_name, tc_result FROM tc_info WHERE bug_idx = %s [132]
Testing version brisk.MUT20.cpp on faster17.swtv::core2
>> Configuring opencv_features2d_TF_top30 with coverage
>> Building opencv_features2d_TF_top30
>> Applied patch to brisk.cpp with brisk.MUT20.cpp
>> Building opencv_features2d_TF_top30
>> Extracted line2function data from brisk.cpp.ii
>> Extracted line2function data from fast.avx2.cpp.ii
>> Extracted line2function data from fast.cpp.ii
>> Extracted line2function data from fast_score.cpp.ii
>> Extracted line2function data from fed.cpp.ii
>> Extracted line2function data from mser.cpp.ii
>> Reverted brisk.cpp to original from brisk.MUT20.cpp
>> Extracted line2function data saved to line2function.json
>> Applied patch to brisk.cpp with brisk.MUT20.cpp
>> Building opencv_features2d_TF_top30
TC7.sh on line 98 has count: 1
>> Buggy line 98 is covered by failing TC TC7.sh
TC1.sh on line 98 has count: 0
TC2.sh on line 98 has count: 0
TC3.sh on line 98 has count: 0
TC4.sh on line 98 has count: 0
TC5.sh on line 98 has count: 0
TC6.sh on line 98 has count: 0
TC8.sh on line 98 has count: 0
TC9.sh on line 98 has count: 0
TC10.sh on line 98 has count: 0
TC11.sh on line 98 has count: 0
TC12.sh on line 98 has count: 0
TC13.sh on line 98 has count: 0
TC14.sh on line 98 has count: 0
TC15.sh on line 98 has count: 0
TC16.sh on line 98 has count: 0
TC17.sh on line 98 has count: 0
TC18.sh on line 98 has count: 0
TC19.sh on line 98 has count: 0
TC20.sh on line 98 has count: 0
TC21.sh on line 98 has count: 0
TC22.sh on line 98 has count: 0
TC23.sh on line 98 has count: 0
TC24.sh on line 98 has count: 0
TC25.sh on line 98 has count: 0
TC26.sh on line 98 has count: 0
TC27.sh on line 98 has count: 0
TC28.sh on line 98 has count: 0
TC29.sh on line 98 has count: 0
TC30.sh on line 98 has count: 0
TC31.sh on line 98 has count: 0
TC32.sh on line 98 has count: 0
TC33.sh on line 98 has count: 0
TC34.sh on line 98 has count: 0
TC35.sh on line 98 has count: 0
TC36.sh on line 98 has count: 0
TC37.sh on line 98 has count: 0
TC38.sh on line 98 has count: 0
TC39.sh on line 98 has count: 0
TC40.sh on line 98 has count: 0
TC41.sh on line 98 has count: 0
TC42.sh on line 98 has count: 0
TC43.sh on line 98 has count: 0
TC44.sh on line 98 has count: 0
TC45.sh on line 98 has count: 0
TC46.sh on line 98 has count: 0
TC47.sh on line 98 has count: 0
TC48.sh on line 98 has count: 0
TC49.sh on line 98 has count: 0
TC50.sh on line 98 has count: 0
TC51.sh on line 98 has count: 0
TC52.sh on line 98 has count: 0
TC53.sh on line 98 has count: 0
TC54.sh on line 98 has count: 0
TC55.sh on line 98 has count: 0
TC56.sh on line 98 has count: 0
TC57.sh on line 98 has count: 0
TC58.sh on line 98 has count: 0
TC59.sh on line 98 has count: 0
TC60.sh on line 98 has count: 0
TC61.sh on line 98 has count: 0
TC62.sh on line 98 has count: 0
initialization on line 98 has count: 0
>> Buggy line 98 is NOT covered by failing TC initialization
Lines executed on initialization saved at lines_executed_at_initialization.txt
>> Reverted brisk.cpp to original from brisk.MUT20.cpp
SELECT tc_name, tc_result FROM tc_info WHERE bug_idx = %s [132]
Failing test case TC7.sh executes buggy line opencv_features2d_TF_top30/modules/features2d/src/brisk.cpp#BRISK_Impl::setOctaves(int octaves_in)#98
Executed lines by test cases are saved at lines_executed_by_failing_tc.json
Executed lines by test cases are saved at lines_executed_by_passing_tc.json
Executed lines by test cases are saved at lines_executed_by_ccts.json
>> Saving version brisk.MUT20.cpp to database

+++++ STDERR +++++

+++++ results for mser.MUT799.cpp +++++
+++++ STDOUT +++++
SELECT bug_idx FROM bug_info WHERE subject = %s AND experiment_name = %s AND version = %s ['opencv_features2d_TF_top30', 'TF_top30', 'mser.MUT799.cpp']
SELECT target_code_file, buggy_code_file, pre_start_line FROM bug_info WHERE bug_idx = %s [437]
SELECT tc_name, tc_result FROM tc_info WHERE bug_idx = %s [437]
Testing version mser.MUT799.cpp on faster17.swtv::core2
>> Building opencv_features2d_TF_top30
>> Applied patch to mser.cpp with mser.MUT799.cpp
>> Building opencv_features2d_TF_top30
>> Extracted line2function data from brisk.cpp.ii
>> Extracted line2function data from fast.avx2.cpp.ii
>> Extracted line2function data from fast.cpp.ii
>> Extracted line2function data from fast_score.cpp.ii
>> Extracted line2function data from fed.cpp.ii
>> Extracted line2function data from mser.cpp.ii
>> Reverted mser.cpp to original from mser.MUT799.cpp
>> Extracted line2function data saved to line2function.json
>> Applied patch to mser.cpp with mser.MUT799.cpp
>> Building opencv_features2d_TF_top30
TC32.sh on line 688 has count: 1
>> Buggy line 688 is covered by failing TC TC32.sh
TC1.sh on line 688 has count: 0
TC2.sh on line 688 has count: 0
TC3.sh on line 688 has count: 0
TC4.sh on line 688 has count: 0
TC5.sh on line 688 has count: 0
TC6.sh on line 688 has count: 0
TC7.sh on line 688 has count: 0
TC8.sh on line 688 has count: 0
TC9.sh on line 688 has count: 0
TC10.sh on line 688 has count: 0
TC11.sh on line 688 has count: 0
TC12.sh on line 688 has count: 0
TC13.sh on line 688 has count: 0
TC14.sh on line 688 has count: 0
TC15.sh on line 688 has count: 0
TC16.sh on line 688 has count: 0
TC17.sh on line 688 has count: 0
TC18.sh on line 688 has count: 0
TC19.sh on line 688 has count: 0
TC20.sh on line 688 has count: 0
TC21.sh on line 688 has count: 0
TC22.sh on line 688 has count: 0
TC23.sh on line 688 has count: 0
TC24.sh on line 688 has count: 0
TC25.sh on line 688 has count: 0
TC26.sh on line 688 has count: 0
TC27.sh on line 688 has count: 0
TC28.sh on line 688 has count: 0
TC29.sh on line 688 has count: 0
TC30.sh on line 688 has count: 0
TC31.sh on line 688 has count: 0
TC33.sh on line 688 has count: 0
TC34.sh on line 688 has count: 0
TC35.sh on line 688 has count: 0
TC36.sh on line 688 has count: 0
TC37.sh on line 688 has count: 0
TC38.sh on line 688 has count: 0
TC39.sh on line 688 has count: 0
TC40.sh on line 688 has count: 0
TC41.sh on line 688 has count: 0
TC42.sh on line 688 has count: 0
TC43.sh on line 688 has count: 0
TC44.sh on line 688 has count: 0
TC45.sh on line 688 has count: 0
TC46.sh on line 688 has count: 0
TC47.sh on line 688 has count: 0
TC48.sh on line 688 has count: 0
TC49.sh on line 688 has count: 0
TC50.sh on line 688 has count: 0
TC51.sh on line 688 has count: 0
TC52.sh on line 688 has count: 0
TC53.sh on line 688 has count: 0
TC54.sh on line 688 has count: 0
TC55.sh on line 688 has count: 0
TC56.sh on line 688 has count: 0
TC57.sh on line 688 has count: 0
TC58.sh on line 688 has count: 0
TC59.sh on line 688 has count: 0
TC60.sh on line 688 has count: 0
TC61.sh on line 688 has count: 0
TC62.sh on line 688 has count: 0
initialization on line 688 has count: 0
>> Buggy line 688 is NOT covered by failing TC initialization
Lines executed on initialization saved at lines_executed_at_initialization.txt
>> Reverted mser.cpp to original from mser.MUT799.cpp
SELECT tc_name, tc_result FROM tc_info WHERE bug_idx = %s [437]
Failing test case TC32.sh executes buggy line opencv_features2d_TF_top30/modules/features2d/src/mser.cpp#preprocessMSER_8uC3(struct cv::MSCRNode * node, struct cv::MSCREdge * edge, double * total, const class cv::Mat & src, class cv::Mat & dx, class cv::Mat & dy, int Ne, int edgeBlurSize)#688
Executed lines by test cases are saved at lines_executed_by_failing_tc.json
Executed lines by test cases are saved at lines_executed_by_passing_tc.json
Executed lines by test cases are saved at lines_executed_by_ccts.json
>> Saving version mser.MUT799.cpp to database

+++++ STDERR +++++

+++++ results for fed.MUT18.cpp +++++
+++++ STDOUT +++++
SELECT bug_idx FROM bug_info WHERE subject = %s AND experiment_name = %s AND version = %s ['opencv_features2d_TF_top30', 'TF_top30', 'fed.MUT18.cpp']
SELECT target_code_file, buggy_code_file, pre_start_line FROM bug_info WHERE bug_idx = %s [727]
SELECT tc_name, tc_result FROM tc_info WHERE bug_idx = %s [727]
Testing version fed.MUT18.cpp on faster17.swtv::core2
>> Building opencv_features2d_TF_top30
>> Applied patch to fed.cpp with fed.MUT18.cpp
>> Building opencv_features2d_TF_top30
>> Extracted line2function data from brisk.cpp.ii
>> Extracted line2function data from fast.avx2.cpp.ii
>> Extracted line2function data from fast.cpp.ii
>> Extracted line2function data from fast_score.cpp.ii
>> Extracted line2function data from fed.cpp.ii
>> Extracted line2function data from mser.cpp.ii
>> Reverted fed.cpp to original from fed.MUT18.cpp
>> Extracted line2function data saved to line2function.json
>> Applied patch to fed.cpp with fed.MUT18.cpp
>> Building opencv_features2d_TF_top30
TC11.sh on line 79 has count: 90
>> Buggy line 79 is covered by failing TC TC11.sh
TC12.sh on line 79 has count: 50
>> Buggy line 79 is covered by failing TC TC12.sh
TC13.sh on line 79 has count: 50
>> Buggy line 79 is covered by failing TC TC13.sh
TC23.sh on line 79 has count: 30
>> Buggy line 79 is covered by failing TC TC23.sh
TC24.sh on line 79 has count: 22
>> Buggy line 79 is covered by failing TC TC24.sh
TC25.sh on line 79 has count: 22
>> Buggy line 79 is covered by failing TC TC25.sh
TC1.sh on line 79 has count: 0
TC2.sh on line 79 has count: 0
TC3.sh on line 79 has count: 0
TC4.sh on line 79 has count: 30
TC5.sh on line 79 has count: 0
TC6.sh on line 79 has count: 0
TC7.sh on line 79 has count: 0
TC8.sh on line 79 has count: 0
TC9.sh on line 79 has count: 0
TC10.sh on line 79 has count: 0
TC14.sh on line 79 has count: 0
TC15.sh on line 79 has count: 0
TC16.sh on line 79 has count: 0
TC17.sh on line 79 has count: 0
TC18.sh on line 79 has count: 0
TC19.sh on line 79 has count: 0
TC20.sh on line 79 has count: 0
TC21.sh on line 79 has count: 0
TC22.sh on line 79 has count: 0
TC26.sh on line 79 has count: 0
TC27.sh on line 79 has count: 0
TC28.sh on line 79 has count: 0
TC29.sh on line 79 has count: 0
TC30.sh on line 79 has count: 0
TC31.sh on line 79 has count: 0
TC32.sh on line 79 has count: 0
TC33.sh on line 79 has count: 0
TC34.sh on line 79 has count: 30
TC35.sh on line 79 has count: 44
TC36.sh on line 79 has count: 0
TC37.sh on line 79 has count: 0
TC38.sh on line 79 has count: 0
TC39.sh on line 79 has count: 0
TC40.sh on line 79 has count: 0
TC41.sh on line 79 has count: 0
TC42.sh on line 79 has count: 0
TC43.sh on line 79 has count: 0
TC44.sh on line 79 has count: 0
TC45.sh on line 79 has count: 0
TC46.sh on line 79 has count: 0
TC47.sh on line 79 has count: 66
TC48.sh on line 79 has count: 0
TC49.sh on line 79 has count: 0
TC50.sh on line 79 has count: 0
TC51.sh on line 79 has count: 0
TC52.sh on line 79 has count: 0
TC53.sh on line 79 has count: 0
TC54.sh on line 79 has count: 0
TC55.sh on line 79 has count: 0
TC56.sh on line 79 has count: 0
TC57.sh on line 79 has count: 0
TC58.sh on line 79 has count: 0
TC59.sh on line 79 has count: 0
TC60.sh on line 79 has count: 0
TC61.sh on line 79 has count: 0
TC62.sh on line 79 has count: 0
initialization on line 79 has count: 0
>> Buggy line 79 is NOT covered by failing TC initialization
Lines executed on initialization saved at lines_executed_at_initialization.txt
>> Reverted fed.cpp to original from fed.MUT18.cpp
>> CCTs are updated in the database
SELECT tc_name, tc_result FROM tc_info WHERE bug_idx = %s [727]
Failing test case TC11.sh executes buggy line opencv_features2d_TF_top30/modules/features2d/src/kaze/fed.cpp#fed_tau_by_cycle_time(const float & t, const float & tau_max, const _Bool & reordering, int & tau)#79
Failing test case TC12.sh executes buggy line opencv_features2d_TF_top30/modules/features2d/src/kaze/fed.cpp#fed_tau_by_cycle_time(const float & t, const float & tau_max, const _Bool & reordering, int & tau)#79
Failing test case TC13.sh executes buggy line opencv_features2d_TF_top30/modules/features2d/src/kaze/fed.cpp#fed_tau_by_cycle_time(const float & t, const float & tau_max, const _Bool & reordering, int & tau)#79
Failing test case TC23.sh executes buggy line opencv_features2d_TF_top30/modules/features2d/src/kaze/fed.cpp#fed_tau_by_cycle_time(const float & t, const float & tau_max, const _Bool & reordering, int & tau)#79
Failing test case TC24.sh executes buggy line opencv_features2d_TF_top30/modules/features2d/src/kaze/fed.cpp#fed_tau_by_cycle_time(const float & t, const float & tau_max, const _Bool & reordering, int & tau)#79
Failing test case TC25.sh executes buggy line opencv_features2d_TF_top30/modules/features2d/src/kaze/fed.cpp#fed_tau_by_cycle_time(const float & t, const float & tau_max, const _Bool & reordering, int & tau)#79
Executed lines by test cases are saved at lines_executed_by_failing_tc.json
Executed lines by test cases are saved at lines_executed_by_passing_tc.json
Executed lines by test cases are saved at lines_executed_by_ccts.json
>> Saving version fed.MUT18.cpp to database

+++++ STDERR +++++

+++++ results for brisk.MUT1711.cpp +++++
+++++ STDOUT +++++
SELECT bug_idx FROM bug_info WHERE subject = %s AND experiment_name = %s AND version = %s ['opencv_features2d_TF_top30', 'TF_top30', 'brisk.MUT1711.cpp']
SELECT target_code_file, buggy_code_file, pre_start_line FROM bug_info WHERE bug_idx = %s [988]
SELECT tc_name, tc_result FROM tc_info WHERE bug_idx = %s [988]
Testing version brisk.MUT1711.cpp on faster17.swtv::core2
>> Building opencv_features2d_TF_top30
>> Applied patch to brisk.cpp with brisk.MUT1711.cpp
>> Building opencv_features2d_TF_top30
>> Extracted line2function data from brisk.cpp.ii
>> Extracted line2function data from fast.avx2.cpp.ii
>> Extracted line2function data from fast.cpp.ii
>> Extracted line2function data from fast_score.cpp.ii
>> Extracted line2function data from fed.cpp.ii
>> Extracted line2function data from mser.cpp.ii
>> Reverted brisk.cpp to original from brisk.MUT1711.cpp
>> Extracted line2function data saved to line2function.json
>> Applied patch to brisk.cpp with brisk.MUT1711.cpp
>> Building opencv_features2d_TF_top30
TC16.sh on line 1358 has count: 1916
>> Buggy line 1358 is covered by failing TC TC16.sh
TC1.sh on line 1358 has count: 0
TC2.sh on line 1358 has count: 0
TC3.sh on line 1358 has count: 0
TC4.sh on line 1358 has count: 0
TC5.sh on line 1358 has count: 0
TC6.sh on line 1358 has count: 0
TC7.sh on line 1358 has count: 12596
TC8.sh on line 1358 has count: 0
TC9.sh on line 1358 has count: 0
TC10.sh on line 1358 has count: 0
TC11.sh on line 1358 has count: 0
TC12.sh on line 1358 has count: 0
TC13.sh on line 1358 has count: 0
TC14.sh on line 1358 has count: 0
TC15.sh on line 1358 has count: 0
TC17.sh on line 1358 has count: 0
TC18.sh on line 1358 has count: 0
TC19.sh on line 1358 has count: 0
TC20.sh on line 1358 has count: 0
TC21.sh on line 1358 has count: 0
TC22.sh on line 1358 has count: 0
TC23.sh on line 1358 has count: 0
TC24.sh on line 1358 has count: 0
TC25.sh on line 1358 has count: 0
TC26.sh on line 1358 has count: 0
TC27.sh on line 1358 has count: 1916
TC28.sh on line 1358 has count: 0
TC29.sh on line 1358 has count: 0
TC30.sh on line 1358 has count: 0
TC31.sh on line 1358 has count: 0
TC32.sh on line 1358 has count: 0
TC33.sh on line 1358 has count: 0
TC34.sh on line 1358 has count: 0
TC35.sh on line 1358 has count: 0
TC36.sh on line 1358 has count: 0
TC37.sh on line 1358 has count: 0
TC38.sh on line 1358 has count: 0
TC39.sh on line 1358 has count: 0
TC40.sh on line 1358 has count: 0
TC41.sh on line 1358 has count: 0
TC42.sh on line 1358 has count: 0
TC43.sh on line 1358 has count: 0
TC44.sh on line 1358 has count: 0
TC45.sh on line 1358 has count: 0
TC46.sh on line 1358 has count: 0
TC47.sh on line 1358 has count: 77
TC48.sh on line 1358 has count: 0
TC49.sh on line 1358 has count: 11778
TC50.sh on line 1358 has count: 0
TC51.sh on line 1358 has count: 0
TC52.sh on line 1358 has count: 0
TC53.sh on line 1358 has count: 0
TC54.sh on line 1358 has count: 0
TC55.sh on line 1358 has count: 0
TC56.sh on line 1358 has count: 0
TC57.sh on line 1358 has count: 0
TC58.sh on line 1358 has count: 0
TC59.sh on line 1358 has count: 0
TC60.sh on line 1358 has count: 0
TC61.sh on line 1358 has count: 0
TC62.sh on line 1358 has count: 0
initialization on line 1358 has count: 0
>> Buggy line 1358 is NOT covered by failing TC initialization
Lines executed on initialization saved at lines_executed_at_initialization.txt
>> Reverted brisk.cpp to original from brisk.MUT1711.cpp
>> CCTs are updated in the database
SELECT tc_name, tc_result FROM tc_info WHERE bug_idx = %s [988]
Failing test case TC16.sh executes buggy line opencv_features2d_TF_top30/modules/features2d/src/brisk.cpp#BriskScaleSpace::refine3D(const int layer, const int x_layer, const int y_layer, float & x, float & y, float & scale, _Bool & ismax)#1358
Executed lines by test cases are saved at lines_executed_by_failing_tc.json
Executed lines by test cases are saved at lines_executed_by_passing_tc.json
Executed lines by test cases are saved at lines_executed_by_ccts.json
>> Saving version brisk.MUT1711.cpp to database

+++++ STDERR +++++

+++++ results for brisk.MUT1982.cpp +++++
+++++ STDOUT +++++
SELECT bug_idx FROM bug_info WHERE subject = %s AND experiment_name = %s AND version = %s ['opencv_features2d_TF_top30', 'TF_top30', 'brisk.MUT1982.cpp']
SELECT target_code_file, buggy_code_file, pre_start_line FROM bug_info WHERE bug_idx = %s [1268]
SELECT tc_name, tc_result FROM tc_info WHERE bug_idx = %s [1268]
Testing version brisk.MUT1982.cpp on faster17.swtv::core2
>> Building opencv_features2d_TF_top30
>> Applied patch to brisk.cpp with brisk.MUT1982.cpp
>> Building opencv_features2d_TF_top30
>> Extracted line2function data from brisk.cpp.ii
>> Extracted line2function data from fast.avx2.cpp.ii
>> Extracted line2function data from fast.cpp.ii
>> Extracted line2function data from fast_score.cpp.ii
>> Extracted line2function data from fed.cpp.ii
>> Extracted line2function data from mser.cpp.ii
>> Reverted brisk.cpp to original from brisk.MUT1982.cpp
>> Extracted line2function data saved to line2function.json
>> Applied patch to brisk.cpp with brisk.MUT1982.cpp
>> Building opencv_features2d_TF_top30
TC16.sh on line 1527 has count: 1265
>> Buggy line 1527 is covered by failing TC TC16.sh
TC1.sh on line 1527 has count: 0
TC2.sh on line 1527 has count: 0
TC3.sh on line 1527 has count: 0
TC4.sh on line 1527 has count: 0
TC5.sh on line 1527 has count: 0
TC6.sh on line 1527 has count: 0
TC7.sh on line 1527 has count: 7133
TC8.sh on line 1527 has count: 0
TC9.sh on line 1527 has count: 0
TC10.sh on line 1527 has count: 0
TC11.sh on line 1527 has count: 0
TC12.sh on line 1527 has count: 0
TC13.sh on line 1527 has count: 0
TC14.sh on line 1527 has count: 0
TC15.sh on line 1527 has count: 0
TC17.sh on line 1527 has count: 0
TC18.sh on line 1527 has count: 0
TC19.sh on line 1527 has count: 0
TC20.sh on line 1527 has count: 0
TC21.sh on line 1527 has count: 0
TC22.sh on line 1527 has count: 0
TC23.sh on line 1527 has count: 0
TC24.sh on line 1527 has count: 0
TC25.sh on line 1527 has count: 0
TC26.sh on line 1527 has count: 0
TC27.sh on line 1527 has count: 1265
TC28.sh on line 1527 has count: 0
TC29.sh on line 1527 has count: 0
TC30.sh on line 1527 has count: 0
TC31.sh on line 1527 has count: 0
TC32.sh on line 1527 has count: 0
TC33.sh on line 1527 has count: 0
TC34.sh on line 1527 has count: 0
TC35.sh on line 1527 has count: 0
TC36.sh on line 1527 has count: 0
TC37.sh on line 1527 has count: 0
TC38.sh on line 1527 has count: 0
TC39.sh on line 1527 has count: 0
TC40.sh on line 1527 has count: 0
TC41.sh on line 1527 has count: 0
TC42.sh on line 1527 has count: 0
TC43.sh on line 1527 has count: 0
TC44.sh on line 1527 has count: 0
TC45.sh on line 1527 has count: 0
TC46.sh on line 1527 has count: 0
TC47.sh on line 1527 has count: 48
TC48.sh on line 1527 has count: 0
TC49.sh on line 1527 has count: 8060
TC50.sh on line 1527 has count: 0
TC51.sh on line 1527 has count: 0
TC52.sh on line 1527 has count: 0
TC53.sh on line 1527 has count: 0
TC54.sh on line 1527 has count: 0
TC55.sh on line 1527 has count: 0
TC56.sh on line 1527 has count: 0
TC57.sh on line 1527 has count: 0
TC58.sh on line 1527 has count: 0
TC59.sh on line 1527 has count: 0
TC60.sh on line 1527 has count: 0
TC61.sh on line 1527 has count: 0
TC62.sh on line 1527 has count: 0
initialization on line 1527 has count: 0
>> Buggy line 1527 is NOT covered by failing TC initialization
Lines executed on initialization saved at lines_executed_at_initialization.txt
>> Reverted brisk.cpp to original from brisk.MUT1982.cpp
>> CCTs are updated in the database
SELECT tc_name, tc_result FROM tc_info WHERE bug_idx = %s [1268]
Failing test case TC16.sh executes buggy line opencv_features2d_TF_top30/modules/features2d/src/brisk.cpp#BriskScaleSpace::getScoreMaxAbove(const int layer, const int x_layer, const int y_layer, const int threshold, _Bool & ismax, float & dx, float & dy)#1527
Executed lines by test cases are saved at lines_executed_by_failing_tc.json
Executed lines by test cases are saved at lines_executed_by_passing_tc.json
Executed lines by test cases are saved at lines_executed_by_ccts.json
>> Saving version brisk.MUT1982.cpp to database

+++++ STDERR +++++

+++++ results for brisk.MUT1649.cpp +++++
+++++ STDOUT +++++
SELECT bug_idx FROM bug_info WHERE subject = %s AND experiment_name = %s AND version = %s ['opencv_features2d_TF_top30', 'TF_top30', 'brisk.MUT1649.cpp']
SELECT target_code_file, buggy_code_file, pre_start_line FROM bug_info WHERE bug_idx = %s [1554]
SELECT tc_name, tc_result FROM tc_info WHERE bug_idx = %s [1554]
Testing version brisk.MUT1649.cpp on faster17.swtv::core2
>> Building opencv_features2d_TF_top30
>> Applied patch to brisk.cpp with brisk.MUT1649.cpp
>> Building opencv_features2d_TF_top30
>> Extracted line2function data from brisk.cpp.ii
>> Extracted line2function data from fast.avx2.cpp.ii
>> Extracted line2function data from fast.cpp.ii
>> Extracted line2function data from fast_score.cpp.ii
>> Extracted line2function data from fed.cpp.ii
>> Extracted line2function data from mser.cpp.ii
>> Reverted brisk.cpp to original from brisk.MUT1649.cpp
>> Extracted line2function data saved to line2function.json
>> Applied patch to brisk.cpp with brisk.MUT1649.cpp
>> Building opencv_features2d_TF_top30
TC16.sh on line 1325 has count: 170
>> Buggy line 1325 is covered by failing TC TC16.sh
TC1.sh on line 1325 has count: 0
TC2.sh on line 1325 has count: 0
TC3.sh on line 1325 has count: 0
TC4.sh on line 1325 has count: 0
TC5.sh on line 1325 has count: 0
TC6.sh on line 1325 has count: 0
TC7.sh on line 1325 has count: 912
TC8.sh on line 1325 has count: 0
TC9.sh on line 1325 has count: 0
TC10.sh on line 1325 has count: 0
TC11.sh on line 1325 has count: 0
TC12.sh on line 1325 has count: 0
TC13.sh on line 1325 has count: 0
TC14.sh on line 1325 has count: 0
TC15.sh on line 1325 has count: 0
TC17.sh on line 1325 has count: 0
TC18.sh on line 1325 has count: 0
TC19.sh on line 1325 has count: 0
TC20.sh on line 1325 has count: 0
TC21.sh on line 1325 has count: 0
TC22.sh on line 1325 has count: 0
TC23.sh on line 1325 has count: 0
TC24.sh on line 1325 has count: 0
TC25.sh on line 1325 has count: 0
TC26.sh on line 1325 has count: 0
TC27.sh on line 1325 has count: 170
TC28.sh on line 1325 has count: 0
TC29.sh on line 1325 has count: 0
TC30.sh on line 1325 has count: 0
TC31.sh on line 1325 has count: 0
TC32.sh on line 1325 has count: 0
TC33.sh on line 1325 has count: 0
TC34.sh on line 1325 has count: 0
TC35.sh on line 1325 has count: 0
TC36.sh on line 1325 has count: 0
TC37.sh on line 1325 has count: 0
TC38.sh on line 1325 has count: 0
TC39.sh on line 1325 has count: 0
TC40.sh on line 1325 has count: 0
TC41.sh on line 1325 has count: 0
TC42.sh on line 1325 has count: 0
TC43.sh on line 1325 has count: 0
TC44.sh on line 1325 has count: 0
TC45.sh on line 1325 has count: 0
TC46.sh on line 1325 has count: 0
TC47.sh on line 1325 has count: 13
TC48.sh on line 1325 has count: 0
TC49.sh on line 1325 has count: 755
TC50.sh on line 1325 has count: 0
TC51.sh on line 1325 has count: 0
TC52.sh on line 1325 has count: 0
TC53.sh on line 1325 has count: 0
TC54.sh on line 1325 has count: 0
TC55.sh on line 1325 has count: 0
TC56.sh on line 1325 has count: 0
TC57.sh on line 1325 has count: 0
TC58.sh on line 1325 has count: 0
TC59.sh on line 1325 has count: 0
TC60.sh on line 1325 has count: 0
TC61.sh on line 1325 has count: 0
TC62.sh on line 1325 has count: 0
initialization on line 1325 has count: 0
>> Buggy line 1325 is NOT covered by failing TC initialization
Lines executed on initialization saved at lines_executed_at_initialization.txt
>> Reverted brisk.cpp to original from brisk.MUT1649.cpp
>> CCTs are updated in the database
SELECT tc_name, tc_result FROM tc_info WHERE bug_idx = %s [1554]
Failing test case TC16.sh executes buggy line opencv_features2d_TF_top30/modules/features2d/src/brisk.cpp#BriskScaleSpace::isMax2D(const int layer, const int x_layer, const int y_layer)#1325
Executed lines by test cases are saved at lines_executed_by_failing_tc.json
Executed lines by test cases are saved at lines_executed_by_passing_tc.json
Executed lines by test cases are saved at lines_executed_by_ccts.json
>> Saving version brisk.MUT1649.cpp to database

+++++ STDERR +++++

+++++ results for fast.MUT309.cpp +++++
+++++ STDOUT +++++
SELECT bug_idx FROM bug_info WHERE subject = %s AND experiment_name = %s AND version = %s ['opencv_features2d_TF_top30', 'TF_top30', 'fast.MUT309.cpp']
SELECT target_code_file, buggy_code_file, pre_start_line FROM bug_info WHERE bug_idx = %s [1835]
SELECT tc_name, tc_result FROM tc_info WHERE bug_idx = %s [1835]
Testing version fast.MUT309.cpp on faster17.swtv::core2
>> Building opencv_features2d_TF_top30
>> Applied patch to fast.cpp with fast.MUT309.cpp
>> Building opencv_features2d_TF_top30
>> Extracted line2function data from brisk.cpp.ii
>> Extracted line2function data from fast.avx2.cpp.ii
>> Extracted line2function data from fast.cpp.ii
>> Extracted line2function data from fast_score.cpp.ii
>> Extracted line2function data from fed.cpp.ii
>> Extracted line2function data from mser.cpp.ii
>> Reverted fast.cpp to original from fast.MUT309.cpp
>> Extracted line2function data saved to line2function.json
>> Applied patch to fast.cpp with fast.MUT309.cpp
>> Building opencv_features2d_TF_top30
TC26.sh on line 254 has count: 10242
>> Buggy line 254 is covered by failing TC TC26.sh
TC1.sh on line 254 has count: 0
TC2.sh on line 254 has count: 0
TC3.sh on line 254 has count: 0
TC4.sh on line 254 has count: 0
TC5.sh on line 254 has count: 0
TC6.sh on line 254 has count: 0
TC7.sh on line 254 has count: 0
TC8.sh on line 254 has count: 0
TC9.sh on line 254 has count: 0
TC10.sh on line 254 has count: 0
TC11.sh on line 254 has count: 0
TC12.sh on line 254 has count: 0
TC13.sh on line 254 has count: 0
TC14.sh on line 254 has count: 12138
TC15.sh on line 254 has count: 0
TC16.sh on line 254 has count: 0
TC17.sh on line 254 has count: 314
TC18.sh on line 254 has count: 0
TC19.sh on line 254 has count: 0
TC20.sh on line 254 has count: 0
TC21.sh on line 254 has count: 0
TC22.sh on line 254 has count: 682
TC23.sh on line 254 has count: 0
TC24.sh on line 254 has count: 0
TC25.sh on line 254 has count: 0
TC27.sh on line 254 has count: 0
TC28.sh on line 254 has count: 314
TC29.sh on line 254 has count: 0
TC30.sh on line 254 has count: 0
TC31.sh on line 254 has count: 0
TC32.sh on line 254 has count: 0
TC33.sh on line 254 has count: 682
TC34.sh on line 254 has count: 0
TC35.sh on line 254 has count: 0
TC36.sh on line 254 has count: 0
TC37.sh on line 254 has count: 0
TC38.sh on line 254 has count: 0
TC39.sh on line 254 has count: 0
TC40.sh on line 254 has count: 0
TC41.sh on line 254 has count: 184
TC42.sh on line 254 has count: 0
TC43.sh on line 254 has count: 0
TC44.sh on line 254 has count: 0
TC45.sh on line 254 has count: 0
TC46.sh on line 254 has count: 0
TC47.sh on line 254 has count: 910
TC48.sh on line 254 has count: 0
TC49.sh on line 254 has count: 0
TC50.sh on line 254 has count: 4332
TC51.sh on line 254 has count: 0
TC52.sh on line 254 has count: 0
TC53.sh on line 254 has count: 0
TC54.sh on line 254 has count: 0
TC55.sh on line 254 has count: 0
TC56.sh on line 254 has count: 0
TC57.sh on line 254 has count: 0
TC58.sh on line 254 has count: 0
TC59.sh on line 254 has count: 0
TC60.sh on line 254 has count: 0
TC61.sh on line 254 has count: 0
TC62.sh on line 254 has count: 0
initialization on line 254 has count: 0
>> Buggy line 254 is NOT covered by failing TC initialization
Lines executed on initialization saved at lines_executed_at_initialization.txt
>> Reverted fast.cpp to original from fast.MUT309.cpp
>> CCTs are updated in the database
SELECT tc_name, tc_result FROM tc_info WHERE bug_idx = %s [1835]
Failing test case TC26.sh executes buggy line opencv_features2d_TF_top30/modules/features2d/src/fast.cpp#FAST_t(cv::InputArray _img, int & keypoints, int threshold, _Bool nonmax_suppression)#254
Executed lines by test cases are saved at lines_executed_by_failing_tc.json
Executed lines by test cases are saved at lines_executed_by_passing_tc.json
Executed lines by test cases are saved at lines_executed_by_ccts.json
>> Saving version fast.MUT309.cpp to database

+++++ STDERR +++++

+++++ results for mser.MUT1378.cpp +++++
+++++ STDOUT +++++
SELECT bug_idx FROM bug_info WHERE subject = %s AND experiment_name = %s AND version = %s ['opencv_features2d_TF_top30', 'TF_top30', 'mser.MUT1378.cpp']
SELECT target_code_file, buggy_code_file, pre_start_line FROM bug_info WHERE bug_idx = %s [560]
SELECT tc_name, tc_result FROM tc_info WHERE bug_idx = %s [560]
Testing version mser.MUT1378.cpp on faster17.swtv::core2
>> Building opencv_features2d_TF_top30
>> Applied patch to mser.cpp with mser.MUT1378.cpp
>> Building opencv_features2d_TF_top30
>> Extracted line2function data from brisk.cpp.ii
>> Extracted line2function data from fast.avx2.cpp.ii
>> Extracted line2function data from fast.cpp.ii
>> Extracted line2function data from fast_score.cpp.ii
>> Extracted line2function data from fed.cpp.ii
>> Extracted line2function data from mser.cpp.ii
>> Reverted mser.cpp to original from mser.MUT1378.cpp
>> Extracted line2function data saved to line2function.json
>> Applied patch to mser.cpp with mser.MUT1378.cpp
>> Building opencv_features2d_TF_top30
TC32.sh on line 978 has count: 156907
>> Buggy line 978 is covered by failing TC TC32.sh
TC1.sh on line 978 has count: 0
TC2.sh on line 978 has count: 0
TC3.sh on line 978 has count: 0
TC4.sh on line 978 has count: 0
TC5.sh on line 978 has count: 0
TC6.sh on line 978 has count: 0
TC7.sh on line 978 has count: 0
TC8.sh on line 978 has count: 0
TC9.sh on line 978 has count: 0
TC10.sh on line 978 has count: 0
TC11.sh on line 978 has count: 0
TC12.sh on line 978 has count: 0
TC13.sh on line 978 has count: 0
TC14.sh on line 978 has count: 0
TC15.sh on line 978 has count: 0
TC16.sh on line 978 has count: 0
TC17.sh on line 978 has count: 0
TC18.sh on line 978 has count: 0
TC19.sh on line 978 has count: 0
TC20.sh on line 978 has count: 0
TC21.sh on line 978 has count: 0
TC22.sh on line 978 has count: 0
TC23.sh on line 978 has count: 0
TC24.sh on line 978 has count: 0
TC25.sh on line 978 has count: 0
TC26.sh on line 978 has count: 0
TC27.sh on line 978 has count: 0
TC28.sh on line 978 has count: 0
TC29.sh on line 978 has count: 0
TC30.sh on line 978 has count: 0
TC31.sh on line 978 has count: 0
TC33.sh on line 978 has count: 0
TC34.sh on line 978 has count: 0
TC35.sh on line 978 has count: 0
TC36.sh on line 978 has count: 0
TC37.sh on line 978 has count: 0
TC38.sh on line 978 has count: 0
TC39.sh on line 978 has count: 0
TC40.sh on line 978 has count: 0
TC41.sh on line 978 has count: 0
TC42.sh on line 978 has count: 0
TC43.sh on line 978 has count: 0
TC44.sh on line 978 has count: 0
TC45.sh on line 978 has count: 0
TC46.sh on line 978 has count: 0
TC47.sh on line 978 has count: 0
TC48.sh on line 978 has count: 0
TC49.sh on line 978 has count: 0
TC50.sh on line 978 has count: 0
TC51.sh on line 978 has count: 0
TC52.sh on line 978 has count: 0
TC53.sh on line 978 has count: 0
TC54.sh on line 978 has count: 0
TC55.sh on line 978 has count: 0
TC56.sh on line 978 has count: 0
TC57.sh on line 978 has count: 0
TC58.sh on line 978 has count: 0
TC59.sh on line 978 has count: 0
TC60.sh on line 978 has count: 0
TC61.sh on line 978 has count: 0
TC62.sh on line 978 has count: 0
initialization on line 978 has count: 0
>> Buggy line 978 is NOT covered by failing TC initialization
Lines executed on initialization saved at lines_executed_at_initialization.txt
>> Reverted mser.cpp to original from mser.MUT1378.cpp
SELECT tc_name, tc_result FROM tc_info WHERE bug_idx = %s [560]
Failing test case TC32.sh executes buggy line opencv_features2d_TF_top30/modules/features2d/src/mser.cpp#extractMSER_8uC3(const class cv::Mat & src, int & msers, int & bboxvec, const class MSER_Impl::Params & params)#978
Executed lines by test cases are saved at lines_executed_by_failing_tc.json
Executed lines by test cases are saved at lines_executed_by_passing_tc.json
Executed lines by test cases are saved at lines_executed_by_ccts.json
>> Saving version mser.MUT1378.cpp to database

+++++ STDERR +++++

+++++ results for brisk.MUT1479.cpp +++++
+++++ STDOUT +++++
SELECT bug_idx FROM bug_info WHERE subject = %s AND experiment_name = %s AND version = %s ['opencv_features2d_TF_top30', 'TF_top30', 'brisk.MUT1479.cpp']
SELECT target_code_file, buggy_code_file, pre_start_line FROM bug_info WHERE bug_idx = %s [1370]
SELECT tc_name, tc_result FROM tc_info WHERE bug_idx = %s [1370]
Testing version brisk.MUT1479.cpp on faster17.swtv::core2
>> Building opencv_features2d_TF_top30
>> Applied patch to brisk.cpp with brisk.MUT1479.cpp
>> Building opencv_features2d_TF_top30
>> Extracted line2function data from brisk.cpp.ii
>> Extracted line2function data from fast.avx2.cpp.ii
>> Extracted line2function data from fast.cpp.ii
>> Extracted line2function data from fast_score.cpp.ii
>> Extracted line2function data from fed.cpp.ii
>> Extracted line2function data from mser.cpp.ii
>> Reverted brisk.cpp to original from brisk.MUT1479.cpp
>> Extracted line2function data saved to line2function.json
>> Applied patch to brisk.cpp with brisk.MUT1479.cpp
>> Building opencv_features2d_TF_top30
TC7.sh on line 1235 has count: 1
>> Buggy line 1235 is covered by failing TC TC7.sh
TC16.sh on line 1235 has count: 111
>> Buggy line 1235 is covered by failing TC TC16.sh
TC27.sh on line 1235 has count: 103
>> Buggy line 1235 is covered by failing TC TC27.sh
TC1.sh on line 1235 has count: 0
TC2.sh on line 1235 has count: 0
TC3.sh on line 1235 has count: 0
TC4.sh on line 1235 has count: 0
TC5.sh on line 1235 has count: 0
TC6.sh on line 1235 has count: 0
TC8.sh on line 1235 has count: 0
TC9.sh on line 1235 has count: 0
TC10.sh on line 1235 has count: 0
TC11.sh on line 1235 has count: 0
TC12.sh on line 1235 has count: 0
TC13.sh on line 1235 has count: 0
TC14.sh on line 1235 has count: 0
TC15.sh on line 1235 has count: 0
TC17.sh on line 1235 has count: 0
TC18.sh on line 1235 has count: 0
TC19.sh on line 1235 has count: 0
TC20.sh on line 1235 has count: 0
TC21.sh on line 1235 has count: 0
TC22.sh on line 1235 has count: 0
TC23.sh on line 1235 has count: 0
TC24.sh on line 1235 has count: 0
TC25.sh on line 1235 has count: 0
TC26.sh on line 1235 has count: 0
TC28.sh on line 1235 has count: 0
TC29.sh on line 1235 has count: 0
TC30.sh on line 1235 has count: 0
TC31.sh on line 1235 has count: 0
TC32.sh on line 1235 has count: 0
TC33.sh on line 1235 has count: 0
TC34.sh on line 1235 has count: 0
TC35.sh on line 1235 has count: 0
TC36.sh on line 1235 has count: 0
TC37.sh on line 1235 has count: 0
TC38.sh on line 1235 has count: 0
TC39.sh on line 1235 has count: 0
TC40.sh on line 1235 has count: 0
TC41.sh on line 1235 has count: 0
TC42.sh on line 1235 has count: 0
TC43.sh on line 1235 has count: 0
TC44.sh on line 1235 has count: 0
TC45.sh on line 1235 has count: 0
TC46.sh on line 1235 has count: 0
TC48.sh on line 1235 has count: 0
TC50.sh on line 1235 has count: 0
TC51.sh on line 1235 has count: 0
TC52.sh on line 1235 has count: 0
TC53.sh on line 1235 has count: 0
TC54.sh on line 1235 has count: 0
TC55.sh on line 1235 has count: 0
TC56.sh on line 1235 has count: 0
TC57.sh on line 1235 has count: 0
TC58.sh on line 1235 has count: 0
TC59.sh on line 1235 has count: 0
TC60.sh on line 1235 has count: 0
TC61.sh on line 1235 has count: 0
TC62.sh on line 1235 has count: 0
initialization on line 1235 has count: 0
>> Buggy line 1235 is NOT covered by failing TC initialization
Lines executed on initialization saved at lines_executed_at_initialization.txt
>> Reverted brisk.cpp to original from brisk.MUT1479.cpp
SELECT tc_name, tc_result FROM tc_info WHERE bug_idx = %s [1370]
Failing test case TC7.sh executes buggy line opencv_features2d_TF_top30/modules/features2d/src/brisk.cpp#BriskScaleSpace::isMax2D(const int layer, const int x_layer, const int y_layer)#1235
Failing test case TC16.sh executes buggy line opencv_features2d_TF_top30/modules/features2d/src/brisk.cpp#BriskScaleSpace::isMax2D(const int layer, const int x_layer, const int y_layer)#1235
Failing test case TC27.sh executes buggy line opencv_features2d_TF_top30/modules/features2d/src/brisk.cpp#BriskScaleSpace::isMax2D(const int layer, const int x_layer, const int y_layer)#1235
Executed lines by test cases are saved at lines_executed_by_failing_tc.json
Executed lines by test cases are saved at lines_executed_by_passing_tc.json
Executed lines by test cases are saved at lines_executed_by_ccts.json
>> Saving version brisk.MUT1479.cpp to database

+++++ STDERR +++++

+++++ results for fast.MUT147.cpp +++++
+++++ STDOUT +++++
SELECT bug_idx FROM bug_info WHERE subject = %s AND experiment_name = %s AND version = %s ['opencv_features2d_TF_top30', 'TF_top30', 'fast.MUT147.cpp']
SELECT target_code_file, buggy_code_file, pre_start_line FROM bug_info WHERE bug_idx = %s [620]
SELECT tc_name, tc_result FROM tc_info WHERE bug_idx = %s [620]
Testing version fast.MUT147.cpp on faster17.swtv::core2
>> Building opencv_features2d_TF_top30
>> Applied patch to fast.cpp with fast.MUT147.cpp
>> Building opencv_features2d_TF_top30
>> Extracted line2function data from brisk.cpp.ii
>> Extracted line2function data from fast.avx2.cpp.ii
>> Extracted line2function data from fast.cpp.ii
>> Extracted line2function data from fast_score.cpp.ii
>> Extracted line2function data from fed.cpp.ii
>> Extracted line2function data from mser.cpp.ii
>> Reverted fast.cpp to original from fast.MUT147.cpp
>> Extracted line2function data saved to line2function.json
>> Applied patch to fast.cpp with fast.MUT147.cpp
>> Building opencv_features2d_TF_top30
TC17.sh on line 157 has count: 3250
>> Buggy line 157 is covered by failing TC TC17.sh
TC22.sh on line 157 has count: 8750
>> Buggy line 157 is covered by failing TC TC22.sh
TC26.sh on line 157 has count: 3500
>> Buggy line 157 is covered by failing TC TC26.sh
TC33.sh on line 157 has count: 0
>> Buggy line 157 is NOT covered by failing TC TC33.sh
TC1.sh on line 157 has count: 0
TC2.sh on line 157 has count: 0
TC3.sh on line 157 has count: 0
TC4.sh on line 157 has count: 0
TC5.sh on line 157 has count: 0
TC6.sh on line 157 has count: 0
TC7.sh on line 157 has count: 0
TC8.sh on line 157 has count: 0
TC9.sh on line 157 has count: 0
TC10.sh on line 157 has count: 0
TC11.sh on line 157 has count: 0
TC12.sh on line 157 has count: 0
TC13.sh on line 157 has count: 0
TC15.sh on line 157 has count: 0
TC16.sh on line 157 has count: 0
TC18.sh on line 157 has count: 0
TC19.sh on line 157 has count: 0
TC20.sh on line 157 has count: 0
TC21.sh on line 157 has count: 0
TC23.sh on line 157 has count: 0
TC24.sh on line 157 has count: 0
TC25.sh on line 157 has count: 0
TC27.sh on line 157 has count: 0
TC28.sh on line 157 has count: 3250
TC29.sh on line 157 has count: 0
TC30.sh on line 157 has count: 0
TC31.sh on line 157 has count: 0
TC32.sh on line 157 has count: 0
TC34.sh on line 157 has count: 0
TC35.sh on line 157 has count: 0
TC36.sh on line 157 has count: 0
TC37.sh on line 157 has count: 0
TC38.sh on line 157 has count: 0
TC39.sh on line 157 has count: 0
TC40.sh on line 157 has count: 0
TC41.sh on line 157 has count: 23450
TC42.sh on line 157 has count: 0
TC43.sh on line 157 has count: 0
TC44.sh on line 157 has count: 0
TC45.sh on line 157 has count: 0
TC46.sh on line 157 has count: 0
TC47.sh on line 157 has count: 7250
TC48.sh on line 157 has count: 0
TC49.sh on line 157 has count: 0
TC51.sh on line 157 has count: 0
TC52.sh on line 157 has count: 0
TC53.sh on line 157 has count: 0
TC54.sh on line 157 has count: 0
TC55.sh on line 157 has count: 0
TC56.sh on line 157 has count: 0
TC57.sh on line 157 has count: 0
TC58.sh on line 157 has count: 0
TC59.sh on line 157 has count: 0
TC60.sh on line 157 has count: 0
TC61.sh on line 157 has count: 0
TC62.sh on line 157 has count: 0
initialization on line 157 has count: 0
>> Buggy line 157 is NOT covered by failing TC initialization
Lines executed on initialization saved at lines_executed_at_initialization.txt
>> Reverted fast.cpp to original from fast.MUT147.cpp
>> CCTs are updated in the database
SELECT tc_name, tc_result FROM tc_info WHERE bug_idx = %s [620]
Failing test case TC17.sh executes buggy line opencv_features2d_TF_top30/modules/features2d/src/fast.cpp#FAST_t(cv::InputArray _img, int & keypoints, int threshold, _Bool nonmax_suppression)#157
Failing test case TC22.sh executes buggy line opencv_features2d_TF_top30/modules/features2d/src/fast.cpp#FAST_t(cv::InputArray _img, int & keypoints, int threshold, _Bool nonmax_suppression)#157
Failing test case TC26.sh executes buggy line opencv_features2d_TF_top30/modules/features2d/src/fast.cpp#FAST_t(cv::InputArray _img, int & keypoints, int threshold, _Bool nonmax_suppression)#157

+++++ STDERR +++++
Traceback (most recent call last):
  File "/home/yangheechan/FL-dataset-generation-opencv_features2d_TF_top30/src/test_version_prerequisites.py", line 36, in <module>
    main()
  File "/home/yangheechan/FL-dataset-generation-opencv_features2d_TF_top30/src/test_version_prerequisites.py", line 21, in main
    worker.run()
  File "/home/yangheechan/FL-dataset-generation-opencv_features2d_TF_top30/src/lib/worker_stage03.py", line 70, in run
    self.test_version()
  File "/home/yangheechan/FL-dataset-generation-opencv_features2d_TF_top30/src/lib/worker_stage03.py", line 93, in test_version
    self.postprocess_coverage()
  File "/home/yangheechan/FL-dataset-generation-opencv_features2d_TF_top30/src/lib/worker_stage03.py", line 151, in postprocess_coverage
    self.add_cov_data(
  File "/home/yangheechan/FL-dataset-generation-opencv_features2d_TF_top30/src/lib/worker_stage03.py", line 306, in add_cov_data
    assert covered == "1", f"Failing test case {tc_script_name} does not execute buggy line {self.buggy_line_key}"
AssertionError: Failing test case TC33.sh does not execute buggy line opencv_features2d_TF_top30/modules/features2d/src/fast.cpp#FAST_t(cv::InputArray _img, int & keypoints, int threshold, _Bool nonmax_suppression)#157
