
+++++ results for mser.MUT792.cpp +++++
+++++ STDOUT +++++
SELECT bug_idx FROM bug_info WHERE subject = %s AND experiment_name = %s AND version = %s ['opencv_features2d_TF_top30', 'TF_top30', 'mser.MUT792.cpp']
SELECT target_code_file, buggy_code_file, pre_start_line FROM bug_info WHERE bug_idx = %s [302]
SELECT tc_name, tc_result FROM tc_info WHERE bug_idx = %s [302]
Testing version mser.MUT792.cpp on faster32.swtv::core6
>> Configuring opencv_features2d_TF_top30 with coverage
>> Building opencv_features2d_TF_top30
>> Applied patch to mser.cpp with mser.MUT792.cpp
>> Building opencv_features2d_TF_top30
>> Extracted line2function data from brisk.cpp.ii
>> Extracted line2function data from fast.avx2.cpp.ii
>> Extracted line2function data from fast.cpp.ii
>> Extracted line2function data from fast_score.cpp.ii
>> Extracted line2function data from fed.cpp.ii
>> Extracted line2function data from mser.cpp.ii
>> Reverted mser.cpp to original from mser.MUT792.cpp
>> Extracted line2function data saved to line2function.json
>> Applied patch to mser.cpp with mser.MUT792.cpp
>> Building opencv_features2d_TF_top30
TC32.sh on line 684 has count: 1
>> Buggy line 684 is covered by failing TC TC32.sh
TC1.sh on line 684 has count: 0
TC2.sh on line 684 has count: 0
TC3.sh on line 684 has count: 0
TC4.sh on line 684 has count: 0
TC5.sh on line 684 has count: 0
TC6.sh on line 684 has count: 0
TC7.sh on line 684 has count: 0
TC8.sh on line 684 has count: 0
TC9.sh on line 684 has count: 0
TC10.sh on line 684 has count: 0
TC11.sh on line 684 has count: 0
TC12.sh on line 684 has count: 0
TC13.sh on line 684 has count: 0
TC14.sh on line 684 has count: 0
TC15.sh on line 684 has count: 0
TC16.sh on line 684 has count: 0
TC17.sh on line 684 has count: 0
TC18.sh on line 684 has count: 0
TC19.sh on line 684 has count: 0
TC20.sh on line 684 has count: 0
TC21.sh on line 684 has count: 0
TC22.sh on line 684 has count: 0
TC23.sh on line 684 has count: 0
TC24.sh on line 684 has count: 0
TC25.sh on line 684 has count: 0
TC26.sh on line 684 has count: 0
TC27.sh on line 684 has count: 0
TC28.sh on line 684 has count: 0
TC29.sh on line 684 has count: 0
TC30.sh on line 684 has count: 0
TC31.sh on line 684 has count: 0
TC33.sh on line 684 has count: 0
TC34.sh on line 684 has count: 0
TC35.sh on line 684 has count: 0
TC36.sh on line 684 has count: 0
TC37.sh on line 684 has count: 0
TC38.sh on line 684 has count: 0
TC39.sh on line 684 has count: 0
TC40.sh on line 684 has count: 0
TC41.sh on line 684 has count: 0
TC42.sh on line 684 has count: 0
TC43.sh on line 684 has count: 0
TC44.sh on line 684 has count: 0
TC45.sh on line 684 has count: 0
TC46.sh on line 684 has count: 0
TC47.sh on line 684 has count: 0
TC48.sh on line 684 has count: 0
TC49.sh on line 684 has count: 0
TC50.sh on line 684 has count: 0
TC51.sh on line 684 has count: 0
TC52.sh on line 684 has count: 0
TC53.sh on line 684 has count: 0
TC54.sh on line 684 has count: 0
TC55.sh on line 684 has count: 0
TC56.sh on line 684 has count: 0
TC57.sh on line 684 has count: 0
TC58.sh on line 684 has count: 0
TC59.sh on line 684 has count: 0
TC60.sh on line 684 has count: 0
TC61.sh on line 684 has count: 0
TC62.sh on line 684 has count: 0
initialization on line 684 has count: 0
>> Buggy line 684 is NOT covered by failing TC initialization
Lines executed on initialization saved at lines_executed_at_initialization.txt
>> Reverted mser.cpp to original from mser.MUT792.cpp
SELECT tc_name, tc_result FROM tc_info WHERE bug_idx = %s [302]
Failing test case TC32.sh executes buggy line opencv_features2d_TF_top30/modules/features2d/src/mser.cpp#preprocessMSER_8uC3(struct cv::MSCRNode * node, struct cv::MSCREdge * edge, double * total, const class cv::Mat & src, class cv::Mat & dx, class cv::Mat & dy, int Ne, int edgeBlurSize)#684
Executed lines by test cases are saved at lines_executed_by_failing_tc.json
Executed lines by test cases are saved at lines_executed_by_passing_tc.json
Executed lines by test cases are saved at lines_executed_by_ccts.json
>> Saving version mser.MUT792.cpp to database

+++++ STDERR +++++

+++++ results for fast.MUT54.cpp +++++
+++++ STDOUT +++++
SELECT bug_idx FROM bug_info WHERE subject = %s AND experiment_name = %s AND version = %s ['opencv_features2d_TF_top30', 'TF_top30', 'fast.MUT54.cpp']
SELECT target_code_file, buggy_code_file, pre_start_line FROM bug_info WHERE bug_idx = %s [615]
SELECT tc_name, tc_result FROM tc_info WHERE bug_idx = %s [615]
Testing version fast.MUT54.cpp on faster32.swtv::core6
>> Building opencv_features2d_TF_top30
>> Applied patch to fast.cpp with fast.MUT54.cpp
>> Building opencv_features2d_TF_top30
>> Extracted line2function data from brisk.cpp.ii
>> Extracted line2function data from fast.avx2.cpp.ii
>> Extracted line2function data from fast.cpp.ii
>> Extracted line2function data from fast_score.cpp.ii
>> Extracted line2function data from fed.cpp.ii
>> Extracted line2function data from mser.cpp.ii
>> Reverted fast.cpp to original from fast.MUT54.cpp
>> Extracted line2function data saved to line2function.json
>> Applied patch to fast.cpp with fast.MUT54.cpp
>> Building opencv_features2d_TF_top30
TC17.sh on line 103 has count: 4
>> Buggy line 103 is covered by failing TC TC17.sh
TC22.sh on line 103 has count: 0
>> Buggy line 103 is NOT covered by failing TC TC22.sh
TC26.sh on line 103 has count: 2
>> Buggy line 103 is covered by failing TC TC26.sh
TC33.sh on line 103 has count: 4
>> Buggy line 103 is covered by failing TC TC33.sh
TC1.sh on line 103 has count: 0
TC2.sh on line 103 has count: 0
TC3.sh on line 103 has count: 0
TC4.sh on line 103 has count: 0
TC5.sh on line 103 has count: 0
TC6.sh on line 103 has count: 0
TC7.sh on line 103 has count: 0
TC8.sh on line 103 has count: 0
TC9.sh on line 103 has count: 0
TC10.sh on line 103 has count: 0
TC11.sh on line 103 has count: 0
TC12.sh on line 103 has count: 0
TC13.sh on line 103 has count: 0
TC15.sh on line 103 has count: 0
TC16.sh on line 103 has count: 0
TC18.sh on line 103 has count: 0
TC19.sh on line 103 has count: 0
TC20.sh on line 103 has count: 0
TC21.sh on line 103 has count: 0
TC23.sh on line 103 has count: 0
TC24.sh on line 103 has count: 0
TC25.sh on line 103 has count: 0
TC27.sh on line 103 has count: 0
TC29.sh on line 103 has count: 0
TC30.sh on line 103 has count: 0
TC31.sh on line 103 has count: 0
TC32.sh on line 103 has count: 0
TC34.sh on line 103 has count: 0
TC35.sh on line 103 has count: 0
TC36.sh on line 103 has count: 0
TC37.sh on line 103 has count: 0
TC38.sh on line 103 has count: 0
TC39.sh on line 103 has count: 0
TC40.sh on line 103 has count: 0
TC42.sh on line 103 has count: 0
TC44.sh on line 103 has count: 0
TC45.sh on line 103 has count: 0
TC46.sh on line 103 has count: 0
TC48.sh on line 103 has count: 0
TC49.sh on line 103 has count: 0
TC51.sh on line 103 has count: 0
TC52.sh on line 103 has count: 0
TC53.sh on line 103 has count: 0
TC54.sh on line 103 has count: 0
TC55.sh on line 103 has count: 0
TC56.sh on line 103 has count: 0
TC57.sh on line 103 has count: 0
TC58.sh on line 103 has count: 0
TC59.sh on line 103 has count: 0
TC60.sh on line 103 has count: 0
TC61.sh on line 103 has count: 0
TC62.sh on line 103 has count: 0
initialization on line 103 has count: 0
>> Buggy line 103 is NOT covered by failing TC initialization
Lines executed on initialization saved at lines_executed_at_initialization.txt
>> Reverted fast.cpp to original from fast.MUT54.cpp
SELECT tc_name, tc_result FROM tc_info WHERE bug_idx = %s [615]
Failing test case TC17.sh executes buggy line opencv_features2d_TF_top30/modules/features2d/src/fast.cpp#FAST_t(cv::InputArray _img, int & keypoints, int threshold, _Bool nonmax_suppression)#103

+++++ STDERR +++++
Traceback (most recent call last):
  File "/home/yangheechan/FL-dataset-generation-opencv_features2d_TF_top30/src/test_version_prerequisites.py", line 36, in <module>
    main()
  File "/home/yangheechan/FL-dataset-generation-opencv_features2d_TF_top30/src/test_version_prerequisites.py", line 21, in main
    worker.run()
  File "/home/yangheechan/FL-dataset-generation-opencv_features2d_TF_top30/src/lib/worker_stage03.py", line 70, in run
    self.test_version()
  File "/home/yangheechan/FL-dataset-generation-opencv_features2d_TF_top30/src/lib/worker_stage03.py", line 93, in test_version
    self.postprocess_coverage()
  File "/home/yangheechan/FL-dataset-generation-opencv_features2d_TF_top30/src/lib/worker_stage03.py", line 151, in postprocess_coverage
    self.add_cov_data(
  File "/home/yangheechan/FL-dataset-generation-opencv_features2d_TF_top30/src/lib/worker_stage03.py", line 306, in add_cov_data
    assert covered == "1", f"Failing test case {tc_script_name} does not execute buggy line {self.buggy_line_key}"
AssertionError: Failing test case TC22.sh does not execute buggy line opencv_features2d_TF_top30/modules/features2d/src/fast.cpp#FAST_t(cv::InputArray _img, int & keypoints, int threshold, _Bool nonmax_suppression)#103

+++++ results for brisk.MUT622.cpp +++++
+++++ STDOUT +++++
SELECT bug_idx FROM bug_info WHERE subject = %s AND experiment_name = %s AND version = %s ['opencv_features2d_TF_top30', 'TF_top30', 'brisk.MUT622.cpp']
SELECT target_code_file, buggy_code_file, pre_start_line FROM bug_info WHERE bug_idx = %s [903]
SELECT tc_name, tc_result FROM tc_info WHERE bug_idx = %s [903]
Testing version brisk.MUT622.cpp on faster32.swtv::core6
>> Building opencv_features2d_TF_top30
>> Applied patch to brisk.cpp with brisk.MUT622.cpp
>> Building opencv_features2d_TF_top30
>> Extracted line2function data from brisk.cpp.ii
>> Extracted line2function data from fast.avx2.cpp.ii
>> Extracted line2function data from fast.cpp.ii
>> Extracted line2function data from fast_score.cpp.ii
>> Extracted line2function data from fed.cpp.ii
>> Extracted line2function data from mser.cpp.ii
>> Reverted brisk.cpp to original from brisk.MUT622.cpp
>> Extracted line2function data saved to line2function.json
>> Applied patch to brisk.cpp with brisk.MUT622.cpp
>> Building opencv_features2d_TF_top30
TC16.sh on line 651 has count: 62257
>> Buggy line 651 is covered by failing TC TC16.sh
TC1.sh on line 651 has count: 0
TC2.sh on line 651 has count: 0
TC3.sh on line 651 has count: 0
TC4.sh on line 651 has count: 0
TC5.sh on line 651 has count: 0
TC6.sh on line 651 has count: 0
TC7.sh on line 651 has count: 591295
TC8.sh on line 651 has count: 0
TC9.sh on line 651 has count: 60743
TC10.sh on line 651 has count: 0
TC11.sh on line 651 has count: 0
TC12.sh on line 651 has count: 0
TC13.sh on line 651 has count: 0
TC14.sh on line 651 has count: 0
TC15.sh on line 651 has count: 0
TC17.sh on line 651 has count: 0
TC18.sh on line 651 has count: 0
TC19.sh on line 651 has count: 0
TC20.sh on line 651 has count: 0
TC21.sh on line 651 has count: 0
TC22.sh on line 651 has count: 0
TC23.sh on line 651 has count: 0
TC24.sh on line 651 has count: 0
TC25.sh on line 651 has count: 0
TC26.sh on line 651 has count: 0
TC27.sh on line 651 has count: 62257
TC28.sh on line 651 has count: 0
TC29.sh on line 651 has count: 0
TC30.sh on line 651 has count: 0
TC31.sh on line 651 has count: 0
TC32.sh on line 651 has count: 0
TC33.sh on line 651 has count: 0
TC34.sh on line 651 has count: 0
TC35.sh on line 651 has count: 0
TC36.sh on line 651 has count: 0
TC37.sh on line 651 has count: 0
TC38.sh on line 651 has count: 0
TC39.sh on line 651 has count: 0
TC40.sh on line 651 has count: 0
TC41.sh on line 651 has count: 0
TC42.sh on line 651 has count: 0
TC43.sh on line 651 has count: 0
TC44.sh on line 651 has count: 0
TC45.sh on line 651 has count: 0
TC46.sh on line 651 has count: 0
TC47.sh on line 651 has count: 0
TC48.sh on line 651 has count: 0
TC49.sh on line 651 has count: 488530
TC50.sh on line 651 has count: 0
TC51.sh on line 651 has count: 0
TC52.sh on line 651 has count: 0
TC53.sh on line 651 has count: 0
TC54.sh on line 651 has count: 0
TC55.sh on line 651 has count: 0
TC56.sh on line 651 has count: 0
TC57.sh on line 651 has count: 0
TC58.sh on line 651 has count: 0
TC59.sh on line 651 has count: 0
TC60.sh on line 651 has count: 0
TC61.sh on line 651 has count: 0
TC62.sh on line 651 has count: 0
initialization on line 651 has count: 0
>> Buggy line 651 is NOT covered by failing TC initialization
Lines executed on initialization saved at lines_executed_at_initialization.txt
>> Reverted brisk.cpp to original from brisk.MUT622.cpp
>> CCTs are updated in the database
SELECT tc_name, tc_result FROM tc_info WHERE bug_idx = %s [903]
Failing test case TC16.sh executes buggy line opencv_features2d_TF_top30/modules/features2d/src/brisk.cpp#BRISK_Impl::smoothedIntensity(const cv::Mat & image, const cv::Mat & integral, const float key_x, const float key_y, const unsigned int scale, const unsigned int rot, const unsigned int point)#651
Executed lines by test cases are saved at lines_executed_by_failing_tc.json
Executed lines by test cases are saved at lines_executed_by_passing_tc.json
Executed lines by test cases are saved at lines_executed_by_ccts.json
>> Saving version brisk.MUT622.cpp to database

+++++ STDERR +++++

+++++ results for brisk.MUT1960.cpp +++++
+++++ STDOUT +++++
SELECT bug_idx FROM bug_info WHERE subject = %s AND experiment_name = %s AND version = %s ['opencv_features2d_TF_top30', 'TF_top30', 'brisk.MUT1960.cpp']
SELECT target_code_file, buggy_code_file, pre_start_line FROM bug_info WHERE bug_idx = %s [1165]
SELECT tc_name, tc_result FROM tc_info WHERE bug_idx = %s [1165]
Testing version brisk.MUT1960.cpp on faster32.swtv::core6
>> Building opencv_features2d_TF_top30
>> Applied patch to brisk.cpp with brisk.MUT1960.cpp
>> Building opencv_features2d_TF_top30
>> Extracted line2function data from brisk.cpp.ii
>> Extracted line2function data from fast.avx2.cpp.ii
>> Extracted line2function data from fast.cpp.ii
>> Extracted line2function data from fast_score.cpp.ii
>> Extracted line2function data from fed.cpp.ii
>> Extracted line2function data from mser.cpp.ii
>> Reverted brisk.cpp to original from brisk.MUT1960.cpp
>> Extracted line2function data saved to line2function.json
>> Applied patch to brisk.cpp with brisk.MUT1960.cpp
>> Building opencv_features2d_TF_top30
TC16.sh on line 1501 has count: 1322
>> Buggy line 1501 is covered by failing TC TC16.sh
TC49.sh on line 1501 has count: 9129
>> Buggy line 1501 is covered by failing TC TC49.sh
TC1.sh on line 1501 has count: 0
TC2.sh on line 1501 has count: 0
TC3.sh on line 1501 has count: 0
TC4.sh on line 1501 has count: 0
TC5.sh on line 1501 has count: 0
TC6.sh on line 1501 has count: 0
TC7.sh on line 1501 has count: 10049
TC8.sh on line 1501 has count: 0
TC9.sh on line 1501 has count: 0
TC10.sh on line 1501 has count: 0
TC11.sh on line 1501 has count: 0
TC12.sh on line 1501 has count: 0
TC13.sh on line 1501 has count: 0
TC14.sh on line 1501 has count: 0
TC15.sh on line 1501 has count: 0
TC17.sh on line 1501 has count: 0
TC18.sh on line 1501 has count: 0
TC19.sh on line 1501 has count: 0
TC20.sh on line 1501 has count: 0
TC21.sh on line 1501 has count: 0
TC22.sh on line 1501 has count: 0
TC23.sh on line 1501 has count: 0
TC24.sh on line 1501 has count: 0
TC25.sh on line 1501 has count: 0
TC26.sh on line 1501 has count: 0
TC27.sh on line 1501 has count: 1322
TC28.sh on line 1501 has count: 0
TC29.sh on line 1501 has count: 0
TC30.sh on line 1501 has count: 0
TC31.sh on line 1501 has count: 0
TC32.sh on line 1501 has count: 0
TC33.sh on line 1501 has count: 0
TC34.sh on line 1501 has count: 0
TC35.sh on line 1501 has count: 0
TC36.sh on line 1501 has count: 0
TC37.sh on line 1501 has count: 0
TC38.sh on line 1501 has count: 0
TC39.sh on line 1501 has count: 0
TC40.sh on line 1501 has count: 0
TC41.sh on line 1501 has count: 0
TC42.sh on line 1501 has count: 0
TC43.sh on line 1501 has count: 0
TC44.sh on line 1501 has count: 0
TC45.sh on line 1501 has count: 0
TC46.sh on line 1501 has count: 0
TC47.sh on line 1501 has count: 53
TC48.sh on line 1501 has count: 0
TC50.sh on line 1501 has count: 0
TC51.sh on line 1501 has count: 0
TC52.sh on line 1501 has count: 0
TC53.sh on line 1501 has count: 0
TC54.sh on line 1501 has count: 0
TC55.sh on line 1501 has count: 0
TC56.sh on line 1501 has count: 0
TC57.sh on line 1501 has count: 0
TC58.sh on line 1501 has count: 0
TC59.sh on line 1501 has count: 0
TC60.sh on line 1501 has count: 0
TC61.sh on line 1501 has count: 0
TC62.sh on line 1501 has count: 0
initialization on line 1501 has count: 0
>> Buggy line 1501 is NOT covered by failing TC initialization
Lines executed on initialization saved at lines_executed_at_initialization.txt
>> Reverted brisk.cpp to original from brisk.MUT1960.cpp
>> CCTs are updated in the database
SELECT tc_name, tc_result FROM tc_info WHERE bug_idx = %s [1165]
Failing test case TC16.sh executes buggy line opencv_features2d_TF_top30/modules/features2d/src/brisk.cpp#BriskScaleSpace::refine3D(const int layer, const int x_layer, const int y_layer, float & x, float & y, float & scale, _Bool & ismax)#1501
Failing test case TC49.sh executes buggy line opencv_features2d_TF_top30/modules/features2d/src/brisk.cpp#BriskScaleSpace::refine3D(const int layer, const int x_layer, const int y_layer, float & x, float & y, float & scale, _Bool & ismax)#1501
Executed lines by test cases are saved at lines_executed_by_failing_tc.json
Executed lines by test cases are saved at lines_executed_by_passing_tc.json
Executed lines by test cases are saved at lines_executed_by_ccts.json
>> Saving version brisk.MUT1960.cpp to database

+++++ STDERR +++++

+++++ results for brisk.MUT1990.cpp +++++
+++++ STDOUT +++++
SELECT bug_idx FROM bug_info WHERE subject = %s AND experiment_name = %s AND version = %s ['opencv_features2d_TF_top30', 'TF_top30', 'brisk.MUT1990.cpp']
SELECT target_code_file, buggy_code_file, pre_start_line FROM bug_info WHERE bug_idx = %s [1459]
SELECT tc_name, tc_result FROM tc_info WHERE bug_idx = %s [1459]
Testing version brisk.MUT1990.cpp on faster32.swtv::core6
>> Building opencv_features2d_TF_top30
>> Applied patch to brisk.cpp with brisk.MUT1990.cpp
>> Building opencv_features2d_TF_top30
>> Extracted line2function data from brisk.cpp.ii
>> Extracted line2function data from fast.avx2.cpp.ii
>> Extracted line2function data from fast.cpp.ii
>> Extracted line2function data from fast_score.cpp.ii
>> Extracted line2function data from fed.cpp.ii
>> Extracted line2function data from mser.cpp.ii
>> Reverted brisk.cpp to original from brisk.MUT1990.cpp
>> Extracted line2function data saved to line2function.json
>> Applied patch to brisk.cpp with brisk.MUT1990.cpp
>> Building opencv_features2d_TF_top30
TC16.sh on line 1534 has count: 647
>> Buggy line 1534 is covered by failing TC TC16.sh
TC1.sh on line 1534 has count: 0
TC2.sh on line 1534 has count: 0
TC3.sh on line 1534 has count: 0
TC4.sh on line 1534 has count: 0
TC5.sh on line 1534 has count: 0
TC6.sh on line 1534 has count: 0
TC7.sh on line 1534 has count: 5448
TC8.sh on line 1534 has count: 0
TC9.sh on line 1534 has count: 0
TC10.sh on line 1534 has count: 0
TC11.sh on line 1534 has count: 0
TC12.sh on line 1534 has count: 0
TC13.sh on line 1534 has count: 0
TC14.sh on line 1534 has count: 0
TC15.sh on line 1534 has count: 0
TC17.sh on line 1534 has count: 0
TC18.sh on line 1534 has count: 0
TC19.sh on line 1534 has count: 0
TC20.sh on line 1534 has count: 0
TC21.sh on line 1534 has count: 0
TC22.sh on line 1534 has count: 0
TC23.sh on line 1534 has count: 0
TC24.sh on line 1534 has count: 0
TC25.sh on line 1534 has count: 0
TC26.sh on line 1534 has count: 0
TC27.sh on line 1534 has count: 647
TC28.sh on line 1534 has count: 0
TC29.sh on line 1534 has count: 0
TC30.sh on line 1534 has count: 0
TC31.sh on line 1534 has count: 0
TC32.sh on line 1534 has count: 0
TC33.sh on line 1534 has count: 0
TC34.sh on line 1534 has count: 0
TC35.sh on line 1534 has count: 0
TC36.sh on line 1534 has count: 0
TC37.sh on line 1534 has count: 0
TC38.sh on line 1534 has count: 0
TC39.sh on line 1534 has count: 0
TC40.sh on line 1534 has count: 0
TC41.sh on line 1534 has count: 0
TC42.sh on line 1534 has count: 0
TC43.sh on line 1534 has count: 0
TC44.sh on line 1534 has count: 0
TC45.sh on line 1534 has count: 0
TC46.sh on line 1534 has count: 0
TC47.sh on line 1534 has count: 29
TC48.sh on line 1534 has count: 0
TC49.sh on line 1534 has count: 3702
TC50.sh on line 1534 has count: 0
TC51.sh on line 1534 has count: 0
TC52.sh on line 1534 has count: 0
TC53.sh on line 1534 has count: 0
TC54.sh on line 1534 has count: 0
TC55.sh on line 1534 has count: 0
TC56.sh on line 1534 has count: 0
TC57.sh on line 1534 has count: 0
TC58.sh on line 1534 has count: 0
TC59.sh on line 1534 has count: 0
TC60.sh on line 1534 has count: 0
TC61.sh on line 1534 has count: 0
TC62.sh on line 1534 has count: 0
initialization on line 1534 has count: 0
>> Buggy line 1534 is NOT covered by failing TC initialization
Lines executed on initialization saved at lines_executed_at_initialization.txt
>> Reverted brisk.cpp to original from brisk.MUT1990.cpp
>> CCTs are updated in the database
SELECT tc_name, tc_result FROM tc_info WHERE bug_idx = %s [1459]
Failing test case TC16.sh executes buggy line opencv_features2d_TF_top30/modules/features2d/src/brisk.cpp#BriskScaleSpace::getScoreMaxAbove(const int layer, const int x_layer, const int y_layer, const int threshold, _Bool & ismax, float & dx, float & dy)#1534
Executed lines by test cases are saved at lines_executed_by_failing_tc.json
Executed lines by test cases are saved at lines_executed_by_passing_tc.json
Executed lines by test cases are saved at lines_executed_by_ccts.json
>> Saving version brisk.MUT1990.cpp to database

+++++ STDERR +++++

+++++ results for fast.MUT272.cpp +++++
+++++ STDOUT +++++
SELECT bug_idx FROM bug_info WHERE subject = %s AND experiment_name = %s AND version = %s ['opencv_features2d_TF_top30', 'TF_top30', 'fast.MUT272.cpp']
SELECT target_code_file, buggy_code_file, pre_start_line FROM bug_info WHERE bug_idx = %s [1729]
SELECT tc_name, tc_result FROM tc_info WHERE bug_idx = %s [1729]
Testing version fast.MUT272.cpp on faster32.swtv::core6
>> Building opencv_features2d_TF_top30
>> Applied patch to fast.cpp with fast.MUT272.cpp
>> Building opencv_features2d_TF_top30
>> Extracted line2function data from brisk.cpp.ii
>> Extracted line2function data from fast.avx2.cpp.ii
>> Extracted line2function data from fast.cpp.ii
>> Extracted line2function data from fast_score.cpp.ii
>> Extracted line2function data from fed.cpp.ii
>> Extracted line2function data from mser.cpp.ii
>> Reverted fast.cpp to original from fast.MUT272.cpp
>> Extracted line2function data saved to line2function.json
>> Applied patch to fast.cpp with fast.MUT272.cpp
>> Building opencv_features2d_TF_top30
TC17.sh on line 229 has count: 4684
>> Buggy line 229 is covered by failing TC TC17.sh
TC26.sh on line 229 has count: 255930
>> Buggy line 229 is covered by failing TC TC26.sh
TC1.sh on line 229 has count: 0
TC2.sh on line 229 has count: 0
TC3.sh on line 229 has count: 0
TC4.sh on line 229 has count: 0
TC5.sh on line 229 has count: 0
TC6.sh on line 229 has count: 0
TC7.sh on line 229 has count: 0
TC8.sh on line 229 has count: 0
TC9.sh on line 229 has count: 0
TC10.sh on line 229 has count: 0
TC11.sh on line 229 has count: 0
TC12.sh on line 229 has count: 0
TC13.sh on line 229 has count: 0
TC14.sh on line 229 has count: 272966
TC15.sh on line 229 has count: 0
TC16.sh on line 229 has count: 0
TC18.sh on line 229 has count: 0
TC19.sh on line 229 has count: 0
TC20.sh on line 229 has count: 0
TC21.sh on line 229 has count: 0
TC22.sh on line 229 has count: 8408
TC23.sh on line 229 has count: 0
TC24.sh on line 229 has count: 0
TC25.sh on line 229 has count: 0
TC27.sh on line 229 has count: 0
TC28.sh on line 229 has count: 4684
TC29.sh on line 229 has count: 0
TC30.sh on line 229 has count: 0
TC31.sh on line 229 has count: 0
TC32.sh on line 229 has count: 0
TC33.sh on line 229 has count: 8408
TC34.sh on line 229 has count: 0
TC35.sh on line 229 has count: 0
TC36.sh on line 229 has count: 0
TC37.sh on line 229 has count: 0
TC38.sh on line 229 has count: 0
TC39.sh on line 229 has count: 0
TC40.sh on line 229 has count: 0
TC41.sh on line 229 has count: 1506
TC42.sh on line 229 has count: 0
TC43.sh on line 229 has count: 0
TC44.sh on line 229 has count: 0
TC45.sh on line 229 has count: 0
TC46.sh on line 229 has count: 0
TC47.sh on line 229 has count: 30854
TC48.sh on line 229 has count: 0
TC49.sh on line 229 has count: 0
TC50.sh on line 229 has count: 143828
TC51.sh on line 229 has count: 0
TC52.sh on line 229 has count: 0
TC53.sh on line 229 has count: 0
TC54.sh on line 229 has count: 0
TC55.sh on line 229 has count: 0
TC56.sh on line 229 has count: 0
TC57.sh on line 229 has count: 0
TC58.sh on line 229 has count: 0
TC59.sh on line 229 has count: 0
TC60.sh on line 229 has count: 0
TC61.sh on line 229 has count: 0
TC62.sh on line 229 has count: 0
initialization on line 229 has count: 0
>> Buggy line 229 is NOT covered by failing TC initialization
Lines executed on initialization saved at lines_executed_at_initialization.txt
>> Reverted fast.cpp to original from fast.MUT272.cpp
>> CCTs are updated in the database
SELECT tc_name, tc_result FROM tc_info WHERE bug_idx = %s [1729]
Failing test case TC17.sh executes buggy line opencv_features2d_TF_top30/modules/features2d/src/fast.cpp#FAST_t(cv::InputArray _img, int & keypoints, int threshold, _Bool nonmax_suppression)#229
Failing test case TC26.sh executes buggy line opencv_features2d_TF_top30/modules/features2d/src/fast.cpp#FAST_t(cv::InputArray _img, int & keypoints, int threshold, _Bool nonmax_suppression)#229
Executed lines by test cases are saved at lines_executed_by_failing_tc.json
Executed lines by test cases are saved at lines_executed_by_passing_tc.json
Executed lines by test cases are saved at lines_executed_by_ccts.json
>> Saving version fast.MUT272.cpp to database

+++++ STDERR +++++

+++++ results for fast.MUT299.cpp +++++
+++++ STDOUT +++++
SELECT bug_idx FROM bug_info WHERE subject = %s AND experiment_name = %s AND version = %s ['opencv_features2d_TF_top30', 'TF_top30', 'fast.MUT299.cpp']
SELECT target_code_file, buggy_code_file, pre_start_line FROM bug_info WHERE bug_idx = %s [180]
SELECT tc_name, tc_result FROM tc_info WHERE bug_idx = %s [180]
Testing version fast.MUT299.cpp on faster32.swtv::core6
>> Building opencv_features2d_TF_top30
>> Applied patch to fast.cpp with fast.MUT299.cpp
>> Building opencv_features2d_TF_top30
>> Extracted line2function data from brisk.cpp.ii
>> Extracted line2function data from fast.avx2.cpp.ii
>> Extracted line2function data from fast.cpp.ii
>> Extracted line2function data from fast_score.cpp.ii
>> Extracted line2function data from fed.cpp.ii
>> Extracted line2function data from mser.cpp.ii
>> Reverted fast.cpp to original from fast.MUT299.cpp
>> Extracted line2function data saved to line2function.json
>> Applied patch to fast.cpp with fast.MUT299.cpp
>> Building opencv_features2d_TF_top30
TC17.sh on line 249 has count: 1016
>> Buggy line 249 is covered by failing TC TC17.sh
TC22.sh on line 249 has count: 4544
>> Buggy line 249 is covered by failing TC TC22.sh
TC26.sh on line 249 has count: 35210
>> Buggy line 249 is covered by failing TC TC26.sh
TC1.sh on line 249 has count: 0
TC2.sh on line 249 has count: 0
TC3.sh on line 249 has count: 0
TC4.sh on line 249 has count: 0
TC5.sh on line 249 has count: 0
TC6.sh on line 249 has count: 0
TC7.sh on line 249 has count: 0
TC8.sh on line 249 has count: 0
TC9.sh on line 249 has count: 0
TC10.sh on line 249 has count: 0
TC11.sh on line 249 has count: 0
TC12.sh on line 249 has count: 0
TC13.sh on line 249 has count: 0
TC14.sh on line 249 has count: 67894
TC15.sh on line 249 has count: 0
TC16.sh on line 249 has count: 0
TC18.sh on line 249 has count: 0
TC19.sh on line 249 has count: 0
TC20.sh on line 249 has count: 0
TC21.sh on line 249 has count: 0
TC23.sh on line 249 has count: 0
TC24.sh on line 249 has count: 0
TC25.sh on line 249 has count: 0
TC27.sh on line 249 has count: 0
TC28.sh on line 249 has count: 1016
TC29.sh on line 249 has count: 0
TC30.sh on line 249 has count: 0
TC31.sh on line 249 has count: 0
TC32.sh on line 249 has count: 0
TC33.sh on line 249 has count: 4544
TC34.sh on line 249 has count: 0
TC35.sh on line 249 has count: 0
TC36.sh on line 249 has count: 0
TC37.sh on line 249 has count: 0
TC38.sh on line 249 has count: 0
TC39.sh on line 249 has count: 0
TC40.sh on line 249 has count: 0
TC41.sh on line 249 has count: 1906
TC42.sh on line 249 has count: 0
TC43.sh on line 249 has count: 0
TC44.sh on line 249 has count: 0
TC45.sh on line 249 has count: 0
TC46.sh on line 249 has count: 0
TC47.sh on line 249 has count: 5352
TC48.sh on line 249 has count: 0
TC49.sh on line 249 has count: 0
TC50.sh on line 249 has count: 24610
TC51.sh on line 249 has count: 0
TC52.sh on line 249 has count: 0
TC53.sh on line 249 has count: 0
TC54.sh on line 249 has count: 0
TC55.sh on line 249 has count: 0
TC56.sh on line 249 has count: 0
TC57.sh on line 249 has count: 0
TC58.sh on line 249 has count: 0
TC59.sh on line 249 has count: 0
TC60.sh on line 249 has count: 0
TC61.sh on line 249 has count: 0
TC62.sh on line 249 has count: 0
initialization on line 249 has count: 0
>> Buggy line 249 is NOT covered by failing TC initialization
Lines executed on initialization saved at lines_executed_at_initialization.txt
>> Reverted fast.cpp to original from fast.MUT299.cpp
>> CCTs are updated in the database
SELECT tc_name, tc_result FROM tc_info WHERE bug_idx = %s [180]
Failing test case TC17.sh executes buggy line opencv_features2d_TF_top30/modules/features2d/src/fast.cpp#FAST_t(cv::InputArray _img, int & keypoints, int threshold, _Bool nonmax_suppression)#249
Failing test case TC22.sh executes buggy line opencv_features2d_TF_top30/modules/features2d/src/fast.cpp#FAST_t(cv::InputArray _img, int & keypoints, int threshold, _Bool nonmax_suppression)#249
Failing test case TC26.sh executes buggy line opencv_features2d_TF_top30/modules/features2d/src/fast.cpp#FAST_t(cv::InputArray _img, int & keypoints, int threshold, _Bool nonmax_suppression)#249
Executed lines by test cases are saved at lines_executed_by_failing_tc.json
Executed lines by test cases are saved at lines_executed_by_passing_tc.json
Executed lines by test cases are saved at lines_executed_by_ccts.json
>> Saving version fast.MUT299.cpp to database

+++++ STDERR +++++

+++++ results for brisk.MUT428.cpp +++++
+++++ STDOUT +++++
SELECT bug_idx FROM bug_info WHERE subject = %s AND experiment_name = %s AND version = %s ['opencv_features2d_TF_top30', 'TF_top30', 'brisk.MUT428.cpp']
SELECT target_code_file, buggy_code_file, pre_start_line FROM bug_info WHERE bug_idx = %s [1063]
SELECT tc_name, tc_result FROM tc_info WHERE bug_idx = %s [1063]
Testing version brisk.MUT428.cpp on faster32.swtv::core6
>> Building opencv_features2d_TF_top30
>> Applied patch to brisk.cpp with brisk.MUT428.cpp
>> Building opencv_features2d_TF_top30
>> Extracted line2function data from brisk.cpp.ii
>> Extracted line2function data from fast.avx2.cpp.ii
>> Extracted line2function data from fast.cpp.ii
>> Extracted line2function data from fast_score.cpp.ii
>> Extracted line2function data from fed.cpp.ii
>> Extracted line2function data from mser.cpp.ii
>> Reverted brisk.cpp to original from brisk.MUT428.cpp
>> Extracted line2function data saved to line2function.json
>> Applied patch to brisk.cpp with brisk.MUT428.cpp
>> Building opencv_features2d_TF_top30
TC7.sh on line 558 has count: 2
>> Buggy line 558 is covered by failing TC TC7.sh
TC9.sh on line 558 has count: 2
>> Buggy line 558 is covered by failing TC TC9.sh
TC16.sh on line 558 has count: 55
>> Buggy line 558 is covered by failing TC TC16.sh
TC27.sh on line 558 has count: 37
>> Buggy line 558 is covered by failing TC TC27.sh
TC1.sh on line 558 has count: 0
TC2.sh on line 558 has count: 0
TC3.sh on line 558 has count: 0
TC4.sh on line 558 has count: 0
TC5.sh on line 558 has count: 0
TC6.sh on line 558 has count: 0
TC8.sh on line 558 has count: 0
TC10.sh on line 558 has count: 0
TC11.sh on line 558 has count: 0
TC12.sh on line 558 has count: 0
TC13.sh on line 558 has count: 0
TC14.sh on line 558 has count: 0
TC15.sh on line 558 has count: 0
TC17.sh on line 558 has count: 0
TC18.sh on line 558 has count: 0
TC19.sh on line 558 has count: 0
TC20.sh on line 558 has count: 0
TC21.sh on line 558 has count: 0
TC22.sh on line 558 has count: 0
TC23.sh on line 558 has count: 0
TC24.sh on line 558 has count: 0
TC25.sh on line 558 has count: 0
TC26.sh on line 558 has count: 0
TC28.sh on line 558 has count: 0
TC29.sh on line 558 has count: 0
TC30.sh on line 558 has count: 0
TC31.sh on line 558 has count: 0
TC32.sh on line 558 has count: 0
TC33.sh on line 558 has count: 0
TC34.sh on line 558 has count: 0
TC35.sh on line 558 has count: 0
TC36.sh on line 558 has count: 0
TC37.sh on line 558 has count: 0
TC38.sh on line 558 has count: 0
TC39.sh on line 558 has count: 0
TC40.sh on line 558 has count: 0
TC41.sh on line 558 has count: 0
TC42.sh on line 558 has count: 0
TC43.sh on line 558 has count: 0
TC44.sh on line 558 has count: 0
TC45.sh on line 558 has count: 0
TC46.sh on line 558 has count: 0
TC47.sh on line 558 has count: 0
TC48.sh on line 558 has count: 0
TC50.sh on line 558 has count: 0
TC51.sh on line 558 has count: 0
TC52.sh on line 558 has count: 0
TC53.sh on line 558 has count: 0
TC54.sh on line 558 has count: 0
TC55.sh on line 558 has count: 0
TC56.sh on line 558 has count: 0
TC57.sh on line 558 has count: 0
TC58.sh on line 558 has count: 0
TC59.sh on line 558 has count: 0
TC60.sh on line 558 has count: 0
TC61.sh on line 558 has count: 0
TC62.sh on line 558 has count: 0
initialization on line 558 has count: 0
>> Buggy line 558 is NOT covered by failing TC initialization
Lines executed on initialization saved at lines_executed_at_initialization.txt
>> Reverted brisk.cpp to original from brisk.MUT428.cpp
SELECT tc_name, tc_result FROM tc_info WHERE bug_idx = %s [1063]
Failing test case TC7.sh executes buggy line opencv_features2d_TF_top30/modules/features2d/src/brisk.cpp#BRISK_Impl::smoothedIntensity(const cv::Mat & image, const cv::Mat & integral, const float key_x, const float key_y, const unsigned int scale, const unsigned int rot, const unsigned int point)#558
Failing test case TC9.sh executes buggy line opencv_features2d_TF_top30/modules/features2d/src/brisk.cpp#BRISK_Impl::smoothedIntensity(const cv::Mat & image, const cv::Mat & integral, const float key_x, const float key_y, const unsigned int scale, const unsigned int rot, const unsigned int point)#558
Failing test case TC16.sh executes buggy line opencv_features2d_TF_top30/modules/features2d/src/brisk.cpp#BRISK_Impl::smoothedIntensity(const cv::Mat & image, const cv::Mat & integral, const float key_x, const float key_y, const unsigned int scale, const unsigned int rot, const unsigned int point)#558
Failing test case TC27.sh executes buggy line opencv_features2d_TF_top30/modules/features2d/src/brisk.cpp#BRISK_Impl::smoothedIntensity(const cv::Mat & image, const cv::Mat & integral, const float key_x, const float key_y, const unsigned int scale, const unsigned int rot, const unsigned int point)#558
Executed lines by test cases are saved at lines_executed_by_failing_tc.json
Executed lines by test cases are saved at lines_executed_by_passing_tc.json
Executed lines by test cases are saved at lines_executed_by_ccts.json
>> Saving version brisk.MUT428.cpp to database

+++++ STDERR +++++

+++++ results for mser.MUT787.cpp +++++
+++++ STDOUT +++++
SELECT bug_idx FROM bug_info WHERE subject = %s AND experiment_name = %s AND version = %s ['opencv_features2d_TF_top30', 'TF_top30', 'mser.MUT787.cpp']
SELECT target_code_file, buggy_code_file, pre_start_line FROM bug_info WHERE bug_idx = %s [1875]
SELECT tc_name, tc_result FROM tc_info WHERE bug_idx = %s [1875]
Testing version mser.MUT787.cpp on faster32.swtv::core6
>> Building opencv_features2d_TF_top30
>> Applied patch to mser.cpp with mser.MUT787.cpp
>> Building opencv_features2d_TF_top30
>> Extracted line2function data from brisk.cpp.ii
>> Extracted line2function data from fast.avx2.cpp.ii
>> Extracted line2function data from fast.cpp.ii
>> Extracted line2function data from fast_score.cpp.ii
>> Extracted line2function data from fed.cpp.ii
>> Extracted line2function data from mser.cpp.ii
>> Reverted mser.cpp to original from mser.MUT787.cpp
>> Extracted line2function data saved to line2function.json
>> Applied patch to mser.cpp with mser.MUT787.cpp
>> Building opencv_features2d_TF_top30
TC32.sh on line 670 has count: 110592
>> Buggy line 670 is covered by failing TC TC32.sh
TC1.sh on line 670 has count: 0
TC2.sh on line 670 has count: 0
TC3.sh on line 670 has count: 0
TC4.sh on line 670 has count: 0
TC5.sh on line 670 has count: 0
TC6.sh on line 670 has count: 0
TC7.sh on line 670 has count: 0
TC8.sh on line 670 has count: 0
TC9.sh on line 670 has count: 0
TC10.sh on line 670 has count: 0
TC11.sh on line 670 has count: 0
TC12.sh on line 670 has count: 0
TC13.sh on line 670 has count: 0
TC14.sh on line 670 has count: 0
TC15.sh on line 670 has count: 0
TC16.sh on line 670 has count: 0
TC17.sh on line 670 has count: 0
TC18.sh on line 670 has count: 0
TC19.sh on line 670 has count: 0
TC20.sh on line 670 has count: 0
TC21.sh on line 670 has count: 0
TC22.sh on line 670 has count: 0
TC23.sh on line 670 has count: 0
TC24.sh on line 670 has count: 0
TC25.sh on line 670 has count: 0
TC26.sh on line 670 has count: 0
TC27.sh on line 670 has count: 0
TC28.sh on line 670 has count: 0
TC29.sh on line 670 has count: 0
TC30.sh on line 670 has count: 0
TC31.sh on line 670 has count: 0
TC33.sh on line 670 has count: 0
TC34.sh on line 670 has count: 0
TC35.sh on line 670 has count: 0
TC36.sh on line 670 has count: 0
TC37.sh on line 670 has count: 0
TC38.sh on line 670 has count: 0
TC39.sh on line 670 has count: 0
TC40.sh on line 670 has count: 0
TC41.sh on line 670 has count: 0
TC42.sh on line 670 has count: 0
TC43.sh on line 670 has count: 0
TC44.sh on line 670 has count: 0
TC45.sh on line 670 has count: 0
TC46.sh on line 670 has count: 0
TC47.sh on line 670 has count: 0
TC48.sh on line 670 has count: 0
TC49.sh on line 670 has count: 0
TC50.sh on line 670 has count: 0
TC51.sh on line 670 has count: 0
TC52.sh on line 670 has count: 0
TC53.sh on line 670 has count: 0
TC54.sh on line 670 has count: 0
TC55.sh on line 670 has count: 0
TC56.sh on line 670 has count: 0
TC57.sh on line 670 has count: 0
TC58.sh on line 670 has count: 0
TC59.sh on line 670 has count: 0
TC60.sh on line 670 has count: 0
TC61.sh on line 670 has count: 0
TC62.sh on line 670 has count: 0
initialization on line 670 has count: 0
>> Buggy line 670 is NOT covered by failing TC initialization
Lines executed on initialization saved at lines_executed_at_initialization.txt
>> Reverted mser.cpp to original from mser.MUT787.cpp
SELECT tc_name, tc_result FROM tc_info WHERE bug_idx = %s [1875]
Failing test case TC32.sh executes buggy line opencv_features2d_TF_top30/modules/features2d/src/mser.cpp#initMSCRNode(struct cv::MSCRNode * node)#670
Executed lines by test cases are saved at lines_executed_by_failing_tc.json
Executed lines by test cases are saved at lines_executed_by_passing_tc.json
Executed lines by test cases are saved at lines_executed_by_ccts.json
>> Saving version mser.MUT787.cpp to database
>> Cleaning build for opencv_features2d_TF_top30

+++++ STDERR +++++
