
+++++ results for fast_score.MUT363.cpp +++++
+++++ STDOUT +++++
[  0%] Built target opencv_dnn_plugins
[  0%] Building C object 3rdparty/openjpeg/openjp2/CMakeFiles/libopenjp2.dir/thread.c.o
[  0%] Built target opencv_highgui_plugins
[  0%] Building C object 3rdparty/openjpeg/openjp2/CMakeFiles/libopenjp2.dir/bio.c.o
[  1%] Building C object 3rdparty/openjpeg/openjp2/CMakeFiles/libopenjp2.dir/cio.c.o
[  1%] Building C object 3rdparty/openjpeg/openjp2/CMakeFiles/libopenjp2.dir/dwt.c.o
[  1%] Building C object 3rdparty/openjpeg/openjp2/CMakeFiles/libopenjp2.dir/event.c.o
[  1%] Building C object 3rdparty/ittnotify/CMakeFiles/ittnotify.dir/src/ittnotify/ittnotify_static.c.o
[  1%] Building C object 3rdparty/libwebp/CMakeFiles/libwebp.dir/sharpyuv/sharpyuv.c.o
[  1%] Built target opencv_videoio_plugins
[  1%] Building C object 3rdparty/ippiw/CMakeFiles/ippiw.dir/src/iw_core.c.o
[  1%] Building C object 3rdparty/ittnotify/CMakeFiles/ittnotify.dir/src/ittnotify/jitprofiling.c.o
[  1%] Building CXX object 3rdparty/openexr/CMakeFiles/IlmImf.dir/Half/half.cpp.o
[  1%] Building C object 3rdparty/openjpeg/openjp2/CMakeFiles/libopenjp2.dir/ht_dec.c.o
[  1%] Building C object 3rdparty/openjpeg/openjp2/CMakeFiles/libopenjp2.dir/image.c.o
[  2%] Building C object 3rdparty/ippiw/CMakeFiles/ippiw.dir/src/iw_image.c.o
[  2%] Building C object 3rdparty/ippiw/CMakeFiles/ippiw.dir/src/iw_image_color_convert_all.c.o
[  2%] Building C object 3rdparty/openjpeg/openjp2/CMakeFiles/libopenjp2.dir/invert.c.o
[  2%] Building C object 3rdparty/openjpeg/openjp2/CMakeFiles/libopenjp2.dir/j2k.c.o
[  2%] Building C object 3rdparty/openjpeg/openjp2/CMakeFiles/libopenjp2.dir/jp2.c.o
[  2%] Building C object 3rdparty/ippiw/CMakeFiles/ippiw.dir/src/iw_image_color_convert_rgbs.c.o
[  2%] Building C object 3rdparty/openjpeg/openjp2/CMakeFiles/libopenjp2.dir/mct.c.o
[  2%] Building C object 3rdparty/ippiw/CMakeFiles/ippiw.dir/src/iw_image_filter_bilateral.c.o
[  2%] Building C object 3rdparty/libwebp/CMakeFiles/libwebp.dir/sharpyuv/sharpyuv_cpu.c.o
[  3%] Building C object 3rdparty/libwebp/CMakeFiles/libwebp.dir/sharpyuv/sharpyuv_csp.c.o
[  4%] Building C object 3rdparty/openjpeg/openjp2/CMakeFiles/libopenjp2.dir/mqc.c.o
[  4%] Building C object 3rdparty/ippiw/CMakeFiles/ippiw.dir/src/iw_image_filter_box.c.o
[  4%] Building C object 3rdparty/openjpeg/openjp2/CMakeFiles/libopenjp2.dir/openjpeg.c.o
[  4%] Building C object 3rdparty/libwebp/CMakeFiles/libwebp.dir/sharpyuv/sharpyuv_dsp.c.o
[  4%] Linking C static library ../lib/libittnotify.a
[  4%] Building CXX object 3rdparty/openexr/CMakeFiles/IlmImf.dir/Iex/IexBaseExc.cpp.o
[  4%] Built target ittnotify
[  4%] Building C object 3rdparty/libwebp/CMakeFiles/libwebp.dir/sharpyuv/sharpyuv_gamma.c.o
[  4%] Building C object 3rdparty/libwebp/CMakeFiles/libwebp.dir/sharpyuv/sharpyuv_neon.c.o
[  4%] Building CXX object 3rdparty/openexr/CMakeFiles/IlmImf.dir/Iex/IexThrowErrnoExc.cpp.o
[  4%] Building C object 3rdparty/ippiw/CMakeFiles/ippiw.dir/src/iw_image_filter_canny.c.o
[  4%] Building C object 3rdparty/openjpeg/openjp2/CMakeFiles/libopenjp2.dir/opj_clock.c.o
[  4%] Building C object 3rdparty/libwebp/CMakeFiles/libwebp.dir/sharpyuv/sharpyuv_sse2.c.o
[  4%] Building C object 3rdparty/openjpeg/openjp2/CMakeFiles/libopenjp2.dir/pi.c.o
[  4%] Building C object 3rdparty/libwebp/CMakeFiles/libwebp.dir/src/dec/alpha_dec.c.o
[  4%] Building C object 3rdparty/openjpeg/openjp2/CMakeFiles/libopenjp2.dir/t1.c.o
[  4%] Building C object 3rdparty/ippiw/CMakeFiles/ippiw.dir/src/iw_image_filter_gaussian.c.o
[  4%] Building C object 3rdparty/openjpeg/openjp2/CMakeFiles/libopenjp2.dir/t2.c.o
[  4%] Building C object 3rdparty/libwebp/CMakeFiles/libwebp.dir/src/dec/buffer_dec.c.o
[  4%] Building CXX object 3rdparty/openexr/CMakeFiles/IlmImf.dir/IlmImf/ImfAcesFile.cpp.o
[  4%] Building C object 3rdparty/ippiw/CMakeFiles/ippiw.dir/src/iw_image_filter_general.c.o
[  4%] Building C object 3rdparty/libwebp/CMakeFiles/libwebp.dir/src/dec/frame_dec.c.o
[  5%] Building C object 3rdparty/ippiw/CMakeFiles/ippiw.dir/src/iw_image_filter_laplacian.c.o
[  5%] Building C object 3rdparty/openjpeg/openjp2/CMakeFiles/libopenjp2.dir/tcd.c.o
[  5%] Building C object 3rdparty/openjpeg/openjp2/CMakeFiles/libopenjp2.dir/tgt.c.o
[  5%] Building C object 3rdparty/ippiw/CMakeFiles/ippiw.dir/src/iw_image_filter_morphology.c.o
[  6%] Building C object 3rdparty/libwebp/CMakeFiles/libwebp.dir/src/dec/idec_dec.c.o
[  6%] Building C object 3rdparty/ippiw/CMakeFiles/ippiw.dir/src/iw_image_filter_scharr.c.o
[  6%] Building CXX object 3rdparty/openexr/CMakeFiles/IlmImf.dir/IlmImf/ImfAttribute.cpp.o
[  6%] Building C object 3rdparty/ippiw/CMakeFiles/ippiw.dir/src/iw_image_filter_sobel.c.o
[  6%] Building CXX object 3rdparty/openexr/CMakeFiles/IlmImf.dir/IlmImf/ImfB44Compressor.cpp.o
[  6%] Building C object 3rdparty/libwebp/CMakeFiles/libwebp.dir/src/dec/io_dec.c.o
[  6%] Building C object 3rdparty/ippiw/CMakeFiles/ippiw.dir/src/iw_image_op_copy.c.o
[  6%] Building C object 3rdparty/libwebp/CMakeFiles/libwebp.dir/src/dec/quant_dec.c.o
[  6%] Building C object 3rdparty/ippiw/CMakeFiles/ippiw.dir/src/iw_image_op_copy_channel.c.o
[  6%] Building C object 3rdparty/libwebp/CMakeFiles/libwebp.dir/src/dec/tree_dec.c.o
[  6%] Building C object 3rdparty/libwebp/CMakeFiles/libwebp.dir/src/dec/vp8_dec.c.o
[  7%] Building C object 3rdparty/ippiw/CMakeFiles/ippiw.dir/src/iw_image_op_copy_make_border.c.o
[  7%] Building C object 3rdparty/openjpeg/openjp2/CMakeFiles/libopenjp2.dir/function_list.c.o
[  7%] Building C object 3rdparty/openjpeg/openjp2/CMakeFiles/libopenjp2.dir/opj_malloc.c.o
[  7%] Building C object 3rdparty/openjpeg/openjp2/CMakeFiles/libopenjp2.dir/sparse_array.c.o
[  7%] Building C object 3rdparty/ippiw/CMakeFiles/ippiw.dir/src/iw_image_op_copy_merge.c.o
[  7%] Building CXX object 3rdparty/openexr/CMakeFiles/IlmImf.dir/IlmImf/ImfBoxAttribute.cpp.o
[  7%] Building C object 3rdparty/libwebp/CMakeFiles/libwebp.dir/src/dec/vp8l_dec.c.o
[  7%] Building C object 3rdparty/libwebp/CMakeFiles/libwebp.dir/src/dec/webp_dec.c.o
[  7%] Building C object 3rdparty/libwebp/CMakeFiles/libwebp.dir/src/demux/anim_decode.c.o
[  8%] Building C object 3rdparty/ippiw/CMakeFiles/ippiw.dir/src/iw_image_op_copy_split.c.o
[  9%] Building C object 3rdparty/libwebp/CMakeFiles/libwebp.dir/src/demux/demux.c.o
[  9%] Building C object 3rdparty/ippiw/CMakeFiles/ippiw.dir/src/iw_image_op_scale.c.o
[  9%] Building C object 3rdparty/ippiw/CMakeFiles/ippiw.dir/src/iw_image_op_set.c.o
[  9%] Building C object 3rdparty/libwebp/CMakeFiles/libwebp.dir/src/dsp/alpha_processing.c.o
[  9%] Building C object 3rdparty/libwebp/CMakeFiles/libwebp.dir/src/dsp/alpha_processing_mips_dsp_r2.c.o
[  9%] Building C object 3rdparty/ippiw/CMakeFiles/ippiw.dir/src/iw_image_op_set_channel.c.o
[  9%] Building CXX object 3rdparty/openexr/CMakeFiles/IlmImf.dir/IlmImf/ImfCRgbaFile.cpp.o
[  9%] Building C object 3rdparty/libwebp/CMakeFiles/libwebp.dir/src/dsp/alpha_processing_neon.c.o
[  9%] Building C object 3rdparty/libwebp/CMakeFiles/libwebp.dir/src/dsp/alpha_processing_sse2.c.o
[ 10%] Building CXX object 3rdparty/openexr/CMakeFiles/IlmImf.dir/IlmImf/ImfChannelList.cpp.o
[ 10%] Building C object 3rdparty/libwebp/CMakeFiles/libwebp.dir/src/dsp/alpha_processing_sse41.c.o
[ 10%] Building C object 3rdparty/ippiw/CMakeFiles/ippiw.dir/src/iw_image_op_swap_channels.c.o
[ 10%] Building C object 3rdparty/libwebp/CMakeFiles/libwebp.dir/src/dsp/cost.c.o
[ 10%] Building C object 3rdparty/libwebp/CMakeFiles/libwebp.dir/src/dsp/cost_mips32.c.o
[ 10%] Building CXX object 3rdparty/openexr/CMakeFiles/IlmImf.dir/IlmImf/ImfChannelListAttribute.cpp.o
[ 10%] Building CXX object 3rdparty/openexr/CMakeFiles/IlmImf.dir/IlmImf/ImfChromaticities.cpp.o
[ 11%] Building C object 3rdparty/libwebp/CMakeFiles/libwebp.dir/src/dsp/cost_mips_dsp_r2.c.o
[ 11%] Building C object 3rdparty/libwebp/CMakeFiles/libwebp.dir/src/dsp/cost_neon.c.o
[ 11%] Building C object 3rdparty/libwebp/CMakeFiles/libwebp.dir/src/dsp/cost_sse2.c.o
[ 11%] Building C object 3rdparty/ippiw/CMakeFiles/ippiw.dir/src/iw_image_transform_mirror.c.o
[ 11%] Building C object 3rdparty/libwebp/CMakeFiles/libwebp.dir/src/dsp/cpu.c.o
[ 11%] Building C object 3rdparty/libwebp/CMakeFiles/libwebp.dir/src/dsp/dec.c.o
[ 11%] Building C object 3rdparty/libwebp/CMakeFiles/libwebp.dir/src/dsp/dec_clip_tables.c.o
[ 11%] Building C object 3rdparty/libwebp/CMakeFiles/libwebp.dir/src/dsp/dec_mips32.c.o
[ 11%] Building C object 3rdparty/libwebp/CMakeFiles/libwebp.dir/src/dsp/dec_mips_dsp_r2.c.o
[ 11%] Building C object 3rdparty/ippiw/CMakeFiles/ippiw.dir/src/iw_image_transform_resize.c.o
[ 12%] Building C object 3rdparty/libwebp/CMakeFiles/libwebp.dir/src/dsp/dec_msa.c.o
[ 12%] Building C object 3rdparty/libwebp/CMakeFiles/libwebp.dir/src/dsp/dec_neon.c.o
[ 12%] Building C object 3rdparty/libwebp/CMakeFiles/libwebp.dir/src/dsp/dec_sse2.c.o
[ 12%] Building C object 3rdparty/libwebp/CMakeFiles/libwebp.dir/src/dsp/dec_sse41.c.o
[ 12%] Building C object 3rdparty/libwebp/CMakeFiles/libwebp.dir/src/dsp/enc.c.o
[ 12%] Building CXX object 3rdparty/openexr/CMakeFiles/IlmImf.dir/IlmImf/ImfChromaticitiesAttribute.cpp.o
[ 12%] Building CXX object 3rdparty/openexr/CMakeFiles/IlmImf.dir/IlmImf/ImfCompositeDeepScanLine.cpp.o
[ 12%] Building C object 3rdparty/ippiw/CMakeFiles/ippiw.dir/src/iw_image_transform_rotate.c.o
[ 13%] Building C object 3rdparty/ippiw/CMakeFiles/ippiw.dir/src/iw_image_transform_warpaffine.c.o
[ 13%] Building CXX object 3rdparty/openexr/CMakeFiles/IlmImf.dir/IlmImf/ImfCompressionAttribute.cpp.o
[ 13%] Building CXX object 3rdparty/openexr/CMakeFiles/IlmImf.dir/IlmImf/ImfCompressor.cpp.o
[ 13%] Building C object 3rdparty/ippiw/CMakeFiles/ippiw.dir/src/iw_own.c.o
[ 13%] Building CXX object 3rdparty/openexr/CMakeFiles/IlmImf.dir/IlmImf/ImfConvert.cpp.o
[ 15%] Building CXX object 3rdparty/openexr/CMakeFiles/IlmImf.dir/IlmImf/ImfDeepCompositing.cpp.o
[ 15%] Building C object 3rdparty/libwebp/CMakeFiles/libwebp.dir/src/dsp/enc_mips32.c.o
[ 15%] Building C object 3rdparty/libwebp/CMakeFiles/libwebp.dir/src/dsp/enc_mips_dsp_r2.c.o
[ 15%] Building C object 3rdparty/libwebp/CMakeFiles/libwebp.dir/src/dsp/enc_msa.c.o
[ 16%] Building C object 3rdparty/libwebp/CMakeFiles/libwebp.dir/src/dsp/enc_neon.c.o
[ 16%] Linking C static library ../lib/libippiw.a
[ 16%] Building C object 3rdparty/libwebp/CMakeFiles/libwebp.dir/src/dsp/enc_sse2.c.o
[ 16%] Building C object 3rdparty/libwebp/CMakeFiles/libwebp.dir/src/dsp/enc_sse41.c.o
[ 16%] Building CXX object 3rdparty/openexr/CMakeFiles/IlmImf.dir/IlmImf/ImfDeepFrameBuffer.cpp.o
[ 16%] Building CXX object 3rdparty/openexr/CMakeFiles/IlmImf.dir/IlmImf/ImfDeepImageStateAttribute.cpp.o
[ 16%] Building C object 3rdparty/libwebp/CMakeFiles/libwebp.dir/src/dsp/filters.c.o
[ 16%] Built target ippiw
[ 16%] Building CXX object 3rdparty/openexr/CMakeFiles/IlmImf.dir/IlmImf/ImfDeepScanLineInputFile.cpp.o
[ 16%] Processing OpenCL kernels (core)
[ 16%] Building CXX object 3rdparty/openexr/CMakeFiles/IlmImf.dir/IlmImf/ImfDeepScanLineInputPart.cpp.o
[ 16%] Building CXX object modules/core/CMakeFiles/opencv_core.dir/src/algorithm.cpp.o
[ 16%] Building CXX object modules/core/CMakeFiles/opencv_core.dir/src/alloc.cpp.o
[ 16%] Building C object 3rdparty/libwebp/CMakeFiles/libwebp.dir/src/dsp/filters_mips_dsp_r2.c.o
[ 16%] Building CXX object 3rdparty/openexr/CMakeFiles/IlmImf.dir/IlmImf/ImfDeepScanLineOutputFile.cpp.o
[ 16%] Building C object 3rdparty/libwebp/CMakeFiles/libwebp.dir/src/dsp/filters_msa.c.o
[ 16%] Building C object 3rdparty/libwebp/CMakeFiles/libwebp.dir/src/dsp/filters_neon.c.o
[ 16%] Building C object 3rdparty/libwebp/CMakeFiles/libwebp.dir/src/dsp/filters_sse2.c.o
[ 16%] Building CXX object 3rdparty/openexr/CMakeFiles/IlmImf.dir/IlmImf/ImfDeepScanLineOutputPart.cpp.o
[ 17%] Building C object 3rdparty/libwebp/CMakeFiles/libwebp.dir/src/dsp/lossless.c.o
[ 17%] Building CXX object 3rdparty/openexr/CMakeFiles/IlmImf.dir/IlmImf/ImfDeepTiledInputFile.cpp.o
[ 18%] Building CXX object 3rdparty/openexr/CMakeFiles/IlmImf.dir/IlmImf/ImfDeepTiledInputPart.cpp.o
[ 18%] Building C object 3rdparty/libwebp/CMakeFiles/libwebp.dir/src/dsp/lossless_enc.c.o
[ 18%] Building C object 3rdparty/libwebp/CMakeFiles/libwebp.dir/src/dsp/lossless_enc_mips32.c.o
[ 18%] Building CXX object 3rdparty/openexr/CMakeFiles/IlmImf.dir/IlmImf/ImfDeepTiledOutputFile.cpp.o
[ 18%] Building C object 3rdparty/libwebp/CMakeFiles/libwebp.dir/src/dsp/lossless_enc_mips_dsp_r2.c.o
[ 18%] Building C object 3rdparty/libwebp/CMakeFiles/libwebp.dir/src/dsp/lossless_enc_msa.c.o
[ 18%] Building C object 3rdparty/libwebp/CMakeFiles/libwebp.dir/src/dsp/lossless_enc_neon.c.o
[ 18%] Building CXX object 3rdparty/openexr/CMakeFiles/IlmImf.dir/IlmImf/ImfDeepTiledOutputPart.cpp.o
[ 18%] Building C object 3rdparty/libwebp/CMakeFiles/libwebp.dir/src/dsp/lossless_enc_sse2.c.o
[ 18%] Building CXX object modules/core/CMakeFiles/opencv_core.dir/src/arithm.cpp.o
[ 18%] Building C object 3rdparty/libwebp/CMakeFiles/libwebp.dir/src/dsp/lossless_enc_sse41.c.o
[ 18%] Building CXX object modules/core/CMakeFiles/opencv_core.dir/src/arithm.dispatch.cpp.o
[ 19%] Building C object 3rdparty/libwebp/CMakeFiles/libwebp.dir/src/dsp/lossless_mips_dsp_r2.c.o
[ 19%] Building C object 3rdparty/libwebp/CMakeFiles/libwebp.dir/src/dsp/lossless_msa.c.o
[ 19%] Building C object 3rdparty/libwebp/CMakeFiles/libwebp.dir/src/dsp/lossless_neon.c.o
[ 19%] Building C object 3rdparty/libwebp/CMakeFiles/libwebp.dir/src/dsp/lossless_sse2.c.o
[ 19%] Building C object 3rdparty/libwebp/CMakeFiles/libwebp.dir/src/dsp/lossless_sse41.c.o
[ 19%] Building CXX object 3rdparty/openexr/CMakeFiles/IlmImf.dir/IlmImf/ImfDoubleAttribute.cpp.o
[ 19%] Building C object 3rdparty/libwebp/CMakeFiles/libwebp.dir/src/dsp/rescaler.c.o
[ 19%] Building CXX object 3rdparty/openexr/CMakeFiles/IlmImf.dir/IlmImf/ImfDwaCompressor.cpp.o
[ 19%] Linking C static library ../../lib/liblibopenjp2.a
[ 19%] Building CXX object 3rdparty/openexr/CMakeFiles/IlmImf.dir/IlmImf/ImfEnvmap.cpp.o
[ 19%] Built target libopenjp2
[ 20%] Building CXX object modules/core/CMakeFiles/opencv_core.dir/src/array.cpp.o
[ 20%] Building C object 3rdparty/libwebp/CMakeFiles/libwebp.dir/src/dsp/rescaler_mips32.c.o
[ 20%] Building C object 3rdparty/libwebp/CMakeFiles/libwebp.dir/src/dsp/rescaler_mips_dsp_r2.c.o
[ 20%] Building CXX object 3rdparty/openexr/CMakeFiles/IlmImf.dir/IlmImf/ImfEnvmapAttribute.cpp.o
[ 21%] Building C object 3rdparty/libwebp/CMakeFiles/libwebp.dir/src/dsp/rescaler_msa.c.o
[ 21%] Building C object 3rdparty/libwebp/CMakeFiles/libwebp.dir/src/dsp/rescaler_neon.c.o
[ 21%] Building C object 3rdparty/libwebp/CMakeFiles/libwebp.dir/src/dsp/rescaler_sse2.c.o
[ 21%] Building C object 3rdparty/libwebp/CMakeFiles/libwebp.dir/src/dsp/ssim.c.o
[ 21%] Building C object 3rdparty/libwebp/CMakeFiles/libwebp.dir/src/dsp/ssim_sse2.c.o
[ 21%] Building C object 3rdparty/libwebp/CMakeFiles/libwebp.dir/src/dsp/upsampling.c.o
[ 21%] Building C object 3rdparty/libwebp/CMakeFiles/libwebp.dir/src/dsp/upsampling_mips_dsp_r2.c.o
[ 21%] Building CXX object 3rdparty/openexr/CMakeFiles/IlmImf.dir/IlmImf/ImfFastHuf.cpp.o
[ 22%] Building C object 3rdparty/libwebp/CMakeFiles/libwebp.dir/src/dsp/upsampling_msa.c.o
[ 22%] Building CXX object 3rdparty/openexr/CMakeFiles/IlmImf.dir/IlmImf/ImfFloatAttribute.cpp.o
[ 23%] Building C object 3rdparty/libwebp/CMakeFiles/libwebp.dir/src/dsp/upsampling_neon.c.o
[ 23%] Building C object 3rdparty/libwebp/CMakeFiles/libwebp.dir/src/dsp/upsampling_sse2.c.o
[ 23%] Building C object 3rdparty/libwebp/CMakeFiles/libwebp.dir/src/dsp/upsampling_sse41.c.o
[ 23%] Building C object 3rdparty/libwebp/CMakeFiles/libwebp.dir/src/dsp/yuv.c.o
[ 23%] Building CXX object 3rdparty/openexr/CMakeFiles/IlmImf.dir/IlmImf/ImfFloatVectorAttribute.cpp.o
[ 23%] Building CXX object 3rdparty/openexr/CMakeFiles/IlmImf.dir/IlmImf/ImfFrameBuffer.cpp.o
[ 23%] Building C object 3rdparty/libwebp/CMakeFiles/libwebp.dir/src/dsp/yuv_mips32.c.o
[ 23%] Building CXX object 3rdparty/openexr/CMakeFiles/IlmImf.dir/IlmImf/ImfFramesPerSecond.cpp.o
[ 23%] Building C object 3rdparty/libwebp/CMakeFiles/libwebp.dir/src/dsp/yuv_mips_dsp_r2.c.o
[ 23%] Building CXX object 3rdparty/openexr/CMakeFiles/IlmImf.dir/IlmImf/ImfGenericInputFile.cpp.o
[ 23%] Building CXX object 3rdparty/openexr/CMakeFiles/IlmImf.dir/IlmImf/ImfGenericOutputFile.cpp.o
[ 23%] Building C object 3rdparty/libwebp/CMakeFiles/libwebp.dir/src/dsp/yuv_neon.c.o
[ 23%] Building CXX object 3rdparty/openexr/CMakeFiles/IlmImf.dir/IlmImf/ImfHeader.cpp.o
[ 23%] Building C object 3rdparty/libwebp/CMakeFiles/libwebp.dir/src/dsp/yuv_sse2.c.o
[ 23%] Building CXX object 3rdparty/openexr/CMakeFiles/IlmImf.dir/IlmImf/ImfHuf.cpp.o
[ 24%] Building CXX object 3rdparty/openexr/CMakeFiles/IlmImf.dir/IlmImf/ImfIO.cpp.o
[ 24%] Building CXX object 3rdparty/openexr/CMakeFiles/IlmImf.dir/IlmImf/ImfInputFile.cpp.o
[ 24%] Building CXX object 3rdparty/openexr/CMakeFiles/IlmImf.dir/IlmImf/ImfInputPart.cpp.o
[ 24%] Building CXX object 3rdparty/openexr/CMakeFiles/IlmImf.dir/IlmImf/ImfInputPartData.cpp.o
[ 25%] Building C object 3rdparty/libwebp/CMakeFiles/libwebp.dir/src/dsp/yuv_sse41.c.o
[ 24%] Building CXX object modules/core/CMakeFiles/opencv_core.dir/src/async.cpp.o
[ 25%] Building C object 3rdparty/libwebp/CMakeFiles/libwebp.dir/src/enc/alpha_enc.c.o
[ 25%] Building CXX object 3rdparty/openexr/CMakeFiles/IlmImf.dir/IlmImf/ImfIntAttribute.cpp.o
[ 25%] Building C object 3rdparty/libwebp/CMakeFiles/libwebp.dir/src/enc/analysis_enc.c.o
[ 25%] Building CXX object 3rdparty/openexr/CMakeFiles/IlmImf.dir/IlmImf/ImfKeyCode.cpp.o
[ 25%] Building CXX object 3rdparty/openexr/CMakeFiles/IlmImf.dir/IlmImf/ImfKeyCodeAttribute.cpp.o
[ 25%] Building C object 3rdparty/libwebp/CMakeFiles/libwebp.dir/src/enc/backward_references_cost_enc.c.o
[ 25%] Building CXX object modules/core/CMakeFiles/opencv_core.dir/src/batch_distance.cpp.o
[ 25%] Building CXX object 3rdparty/openexr/CMakeFiles/IlmImf.dir/IlmImf/ImfLineOrderAttribute.cpp.o
[ 26%] Building CXX object 3rdparty/openexr/CMakeFiles/IlmImf.dir/IlmImf/ImfLut.cpp.o
[ 26%] Building CXX object modules/core/CMakeFiles/opencv_core.dir/src/bindings_utils.cpp.o
[ 26%] Building C object 3rdparty/libwebp/CMakeFiles/libwebp.dir/src/enc/backward_references_enc.c.o
[ 26%] Building C object 3rdparty/libwebp/CMakeFiles/libwebp.dir/src/enc/config_enc.c.o
[ 26%] Building CXX object 3rdparty/openexr/CMakeFiles/IlmImf.dir/IlmImf/ImfMatrixAttribute.cpp.o
[ 26%] Building C object 3rdparty/libwebp/CMakeFiles/libwebp.dir/src/enc/cost_enc.c.o
[ 26%] Building C object 3rdparty/libwebp/CMakeFiles/libwebp.dir/src/enc/filter_enc.c.o
[ 27%] Building C object 3rdparty/libwebp/CMakeFiles/libwebp.dir/src/enc/frame_enc.c.o
[ 27%] Building CXX object 3rdparty/openexr/CMakeFiles/IlmImf.dir/IlmImf/ImfMisc.cpp.o
[ 27%] Building CXX object 3rdparty/openexr/CMakeFiles/IlmImf.dir/IlmImf/ImfMultiPartInputFile.cpp.o
[ 27%] Building CXX object 3rdparty/openexr/CMakeFiles/IlmImf.dir/IlmImf/ImfMultiPartOutputFile.cpp.o
[ 27%] Building C object 3rdparty/libwebp/CMakeFiles/libwebp.dir/src/enc/histogram_enc.c.o
[ 27%] Building CXX object modules/core/CMakeFiles/opencv_core.dir/src/buffer_area.cpp.o
[ 27%] Building CXX object 3rdparty/openexr/CMakeFiles/IlmImf.dir/IlmImf/ImfMultiView.cpp.o
[ 27%] Building C object 3rdparty/libwebp/CMakeFiles/libwebp.dir/src/enc/iterator_enc.c.o
[ 27%] Building CXX object modules/core/CMakeFiles/opencv_core.dir/src/channels.cpp.o
[ 27%] Building CXX object 3rdparty/openexr/CMakeFiles/IlmImf.dir/IlmImf/ImfOpaqueAttribute.cpp.o
[ 27%] Building CXX object modules/core/CMakeFiles/opencv_core.dir/src/check.cpp.o
[ 27%] Building CXX object 3rdparty/openexr/CMakeFiles/IlmImf.dir/IlmImf/ImfOutputFile.cpp.o
[ 27%] Building CXX object modules/core/CMakeFiles/opencv_core.dir/src/command_line_parser.cpp.o
[ 27%] Building C object 3rdparty/libwebp/CMakeFiles/libwebp.dir/src/enc/near_lossless_enc.c.o
[ 27%] Building C object 3rdparty/libwebp/CMakeFiles/libwebp.dir/src/enc/picture_csp_enc.c.o
[ 29%] Building CXX object modules/core/CMakeFiles/opencv_core.dir/src/conjugate_gradient.cpp.o
[ 30%] Building CXX object 3rdparty/openexr/CMakeFiles/IlmImf.dir/IlmImf/ImfOutputPart.cpp.o
[ 30%] Building C object 3rdparty/libwebp/CMakeFiles/libwebp.dir/src/enc/picture_enc.c.o
[ 30%] Building C object 3rdparty/libwebp/CMakeFiles/libwebp.dir/src/enc/picture_psnr_enc.c.o
[ 30%] Building CXX object 3rdparty/openexr/CMakeFiles/IlmImf.dir/IlmImf/ImfOutputPartData.cpp.o
[ 30%] Building C object 3rdparty/libwebp/CMakeFiles/libwebp.dir/src/enc/picture_rescale_enc.c.o
[ 31%] Building C object 3rdparty/libwebp/CMakeFiles/libwebp.dir/src/enc/picture_tools_enc.c.o
[ 31%] Building CXX object 3rdparty/openexr/CMakeFiles/IlmImf.dir/IlmImf/ImfPartType.cpp.o
[ 31%] Building C object 3rdparty/libwebp/CMakeFiles/libwebp.dir/src/enc/predictor_enc.c.o
[ 31%] Building CXX object 3rdparty/openexr/CMakeFiles/IlmImf.dir/IlmImf/ImfPizCompressor.cpp.o
[ 31%] Building CXX object 3rdparty/openexr/CMakeFiles/IlmImf.dir/IlmImf/ImfPreviewImage.cpp.o
[ 31%] Building C object 3rdparty/libwebp/CMakeFiles/libwebp.dir/src/enc/quant_enc.c.o
[ 31%] Building C object 3rdparty/libwebp/CMakeFiles/libwebp.dir/src/enc/syntax_enc.c.o
[ 31%] Building CXX object 3rdparty/openexr/CMakeFiles/IlmImf.dir/IlmImf/ImfPreviewImageAttribute.cpp.o
[ 31%] Building CXX object modules/core/CMakeFiles/opencv_core.dir/src/convert.dispatch.cpp.o
[ 31%] Building CXX object 3rdparty/openexr/CMakeFiles/IlmImf.dir/IlmImf/ImfPxr24Compressor.cpp.o
[ 31%] Building CXX object modules/core/CMakeFiles/opencv_core.dir/src/convert_c.cpp.o
[ 31%] Building CXX object modules/core/CMakeFiles/opencv_core.dir/src/convert_scale.dispatch.cpp.o
[ 31%] Building CXX object modules/core/CMakeFiles/opencv_core.dir/src/copy.cpp.o
[ 31%] Building CXX object 3rdparty/openexr/CMakeFiles/IlmImf.dir/IlmImf/ImfRational.cpp.o
[ 32%] Building CXX object 3rdparty/openexr/CMakeFiles/IlmImf.dir/IlmImf/ImfRationalAttribute.cpp.o
[ 32%] Building C object 3rdparty/libwebp/CMakeFiles/libwebp.dir/src/enc/token_enc.c.o
[ 32%] Building CXX object modules/core/CMakeFiles/opencv_core.dir/src/count_non_zero.dispatch.cpp.o
[ 32%] Building CXX object modules/core/CMakeFiles/opencv_core.dir/src/cuda_gpu_mat.cpp.o
[ 32%] Building CXX object 3rdparty/openexr/CMakeFiles/IlmImf.dir/IlmImf/ImfRgbaFile.cpp.o
[ 32%] Building C object 3rdparty/libwebp/CMakeFiles/libwebp.dir/src/enc/tree_enc.c.o
[ 32%] Building C object 3rdparty/libwebp/CMakeFiles/libwebp.dir/src/enc/vp8l_enc.c.o
[ 32%] Building CXX object modules/core/CMakeFiles/opencv_core.dir/src/cuda_gpu_mat_nd.cpp.o
[ 33%] Building CXX object modules/core/CMakeFiles/opencv_core.dir/src/cuda_host_mem.cpp.o
[ 33%] Building C object 3rdparty/libwebp/CMakeFiles/libwebp.dir/src/enc/webp_enc.c.o
[ 33%] Building C object 3rdparty/libwebp/CMakeFiles/libwebp.dir/src/mux/anim_encode.c.o
[ 33%] Building CXX object modules/core/CMakeFiles/opencv_core.dir/src/cuda_info.cpp.o
[ 33%] Building CXX object modules/core/CMakeFiles/opencv_core.dir/src/cuda_stream.cpp.o
[ 33%] Building CXX object modules/core/CMakeFiles/opencv_core.dir/src/datastructs.cpp.o
[ 34%] Building C object 3rdparty/libwebp/CMakeFiles/libwebp.dir/src/mux/muxedit.c.o
[ 34%] Building CXX object 3rdparty/openexr/CMakeFiles/IlmImf.dir/IlmImf/ImfRgbaYca.cpp.o
[ 34%] Building C object 3rdparty/libwebp/CMakeFiles/libwebp.dir/src/mux/muxinternal.c.o
[ 34%] Building CXX object modules/core/CMakeFiles/opencv_core.dir/src/directx.cpp.o
[ 34%] Building CXX object modules/core/CMakeFiles/opencv_core.dir/src/downhill_simplex.cpp.o
[ 34%] Building C object 3rdparty/libwebp/CMakeFiles/libwebp.dir/src/mux/muxread.c.o
[ 34%] Building CXX object modules/core/CMakeFiles/opencv_core.dir/src/dxt.cpp.o
[ 34%] Building CXX object modules/core/CMakeFiles/opencv_core.dir/src/gl_core_3_1.cpp.o
[ 34%] Building C object 3rdparty/libwebp/CMakeFiles/libwebp.dir/src/utils/bit_reader_utils.c.o
[ 34%] Building CXX object 3rdparty/openexr/CMakeFiles/IlmImf.dir/IlmImf/ImfRle.cpp.o
[ 34%] Building C object 3rdparty/libwebp/CMakeFiles/libwebp.dir/src/utils/bit_writer_utils.c.o
[ 34%] Building C object 3rdparty/libwebp/CMakeFiles/libwebp.dir/src/utils/color_cache_utils.c.o
[ 34%] Building CXX object 3rdparty/openexr/CMakeFiles/IlmImf.dir/IlmImf/ImfRleCompressor.cpp.o
[ 34%] Building C object 3rdparty/libwebp/CMakeFiles/libwebp.dir/src/utils/filters_utils.c.o
[ 34%] Building C object 3rdparty/libwebp/CMakeFiles/libwebp.dir/src/utils/huffman_encode_utils.c.o
[ 35%] Building CXX object modules/core/CMakeFiles/opencv_core.dir/src/glob.cpp.o
[ 36%] Building C object 3rdparty/libwebp/CMakeFiles/libwebp.dir/src/utils/huffman_utils.c.o
[ 36%] Building C object 3rdparty/libwebp/CMakeFiles/libwebp.dir/src/utils/palette.c.o
[ 36%] Building C object 3rdparty/libwebp/CMakeFiles/libwebp.dir/src/utils/quant_levels_dec_utils.c.o
[ 36%] Building CXX object modules/core/CMakeFiles/opencv_core.dir/src/hal_internal.cpp.o
[ 36%] Building CXX object 3rdparty/openexr/CMakeFiles/IlmImf.dir/IlmImf/ImfScanLineInputFile.cpp.o
[ 36%] Building CXX object modules/core/CMakeFiles/opencv_core.dir/src/has_non_zero.dispatch.cpp.o
[ 36%] Building C object 3rdparty/libwebp/CMakeFiles/libwebp.dir/src/utils/quant_levels_utils.c.o
[ 36%] Building C object 3rdparty/libwebp/CMakeFiles/libwebp.dir/src/utils/random_utils.c.o
[ 36%] Building C object 3rdparty/libwebp/CMakeFiles/libwebp.dir/src/utils/rescaler_utils.c.o
[ 36%] Building CXX object 3rdparty/openexr/CMakeFiles/IlmImf.dir/IlmImf/ImfStandardAttributes.cpp.o
[ 36%] Building C object 3rdparty/libwebp/CMakeFiles/libwebp.dir/src/utils/thread_utils.c.o
[ 36%] Building C object 3rdparty/libwebp/CMakeFiles/libwebp.dir/src/utils/utils.c.o
[ 36%] Building CXX object modules/core/CMakeFiles/opencv_core.dir/src/kmeans.cpp.o
[ 37%] Linking C static library ../lib/liblibwebp.a
[ 37%] Built target libwebp
[ 37%] Building CXX object modules/core/CMakeFiles/opencv_core.dir/src/lapack.cpp.o
[ 37%] Building CXX object modules/core/CMakeFiles/opencv_core.dir/src/lda.cpp.o
[ 37%] Building CXX object modules/core/CMakeFiles/opencv_core.dir/src/logger.cpp.o
[ 37%] Building CXX object modules/core/CMakeFiles/opencv_core.dir/src/lpsolver.cpp.o
[ 38%] Building CXX object modules/core/CMakeFiles/opencv_core.dir/src/lut.cpp.o
[ 38%] Building CXX object modules/core/CMakeFiles/opencv_core.dir/src/mathfuncs.cpp.o
[ 38%] Building CXX object 3rdparty/openexr/CMakeFiles/IlmImf.dir/IlmImf/ImfStdIO.cpp.o
[ 38%] Building CXX object modules/core/CMakeFiles/opencv_core.dir/src/mathfuncs_core.dispatch.cpp.o
[ 39%] Building CXX object 3rdparty/openexr/CMakeFiles/IlmImf.dir/IlmImf/ImfStringAttribute.cpp.o
[ 39%] Building CXX object 3rdparty/openexr/CMakeFiles/IlmImf.dir/IlmImf/ImfStringVectorAttribute.cpp.o
[ 39%] Building CXX object 3rdparty/openexr/CMakeFiles/IlmImf.dir/IlmImf/ImfSystemSpecific.cpp.o
[ 39%] Building CXX object modules/core/CMakeFiles/opencv_core.dir/src/matmul.dispatch.cpp.o
[ 39%] Building CXX object 3rdparty/openexr/CMakeFiles/IlmImf.dir/IlmImf/ImfTestFile.cpp.o
[ 39%] Building CXX object modules/core/CMakeFiles/opencv_core.dir/src/matrix.cpp.o
[ 39%] Building CXX object 3rdparty/openexr/CMakeFiles/IlmImf.dir/IlmImf/ImfThreading.cpp.o
[ 39%] Building CXX object 3rdparty/openexr/CMakeFiles/IlmImf.dir/IlmImf/ImfTileDescriptionAttribute.cpp.o
[ 39%] Building CXX object 3rdparty/openexr/CMakeFiles/IlmImf.dir/IlmImf/ImfTileOffsets.cpp.o
[ 39%] Building CXX object modules/core/CMakeFiles/opencv_core.dir/src/matrix_c.cpp.o
[ 39%] Building CXX object 3rdparty/openexr/CMakeFiles/IlmImf.dir/IlmImf/ImfTiledInputFile.cpp.o
[ 39%] Building CXX object modules/core/CMakeFiles/opencv_core.dir/src/matrix_decomp.cpp.o
[ 39%] Building CXX object modules/core/CMakeFiles/opencv_core.dir/src/matrix_expressions.cpp.o
[ 40%] Building CXX object modules/core/CMakeFiles/opencv_core.dir/src/matrix_iterator.cpp.o
[ 40%] Building CXX object modules/core/CMakeFiles/opencv_core.dir/src/matrix_operations.cpp.o
[ 40%] Building CXX object modules/core/CMakeFiles/opencv_core.dir/src/matrix_sparse.cpp.o
[ 40%] Building CXX object modules/core/CMakeFiles/opencv_core.dir/src/matrix_transform.cpp.o
[ 40%] Building CXX object modules/core/CMakeFiles/opencv_core.dir/src/matrix_wrap.cpp.o
[ 41%] Building CXX object 3rdparty/openexr/CMakeFiles/IlmImf.dir/IlmImf/ImfTiledInputPart.cpp.o
[ 41%] Building CXX object modules/core/CMakeFiles/opencv_core.dir/src/mean.dispatch.cpp.o
[ 41%] Building CXX object modules/core/CMakeFiles/opencv_core.dir/src/merge.dispatch.cpp.o
[ 41%] Building CXX object 3rdparty/openexr/CMakeFiles/IlmImf.dir/IlmImf/ImfTiledMisc.cpp.o
[ 41%] Building CXX object modules/core/CMakeFiles/opencv_core.dir/src/minmax.cpp.o
[ 41%] Building CXX object 3rdparty/openexr/CMakeFiles/IlmImf.dir/IlmImf/ImfTiledOutputFile.cpp.o
[ 43%] Building CXX object modules/core/CMakeFiles/opencv_core.dir/src/norm.cpp.o
[ 43%] Building CXX object modules/core/CMakeFiles/opencv_core.dir/src/ocl.cpp.o
[ 43%] Building CXX object modules/core/CMakeFiles/opencv_core.dir/src/opencl/runtime/opencl_clblas.cpp.o
[ 43%] Building CXX object modules/core/CMakeFiles/opencv_core.dir/src/opencl/runtime/opencl_clfft.cpp.o
[ 43%] Building CXX object modules/core/CMakeFiles/opencv_core.dir/src/opencl/runtime/opencl_core.cpp.o
[ 43%] Building CXX object 3rdparty/openexr/CMakeFiles/IlmImf.dir/IlmImf/ImfTiledOutputPart.cpp.o
[ 43%] Building CXX object 3rdparty/openexr/CMakeFiles/IlmImf.dir/IlmImf/ImfTiledRgbaFile.cpp.o
[ 43%] Building CXX object 3rdparty/openexr/CMakeFiles/IlmImf.dir/IlmImf/ImfTimeCode.cpp.o
[ 43%] Building CXX object modules/core/CMakeFiles/opencv_core.dir/src/opengl.cpp.o
[ 43%] Building CXX object 3rdparty/openexr/CMakeFiles/IlmImf.dir/IlmImf/ImfTimeCodeAttribute.cpp.o
[ 43%] Building CXX object modules/core/CMakeFiles/opencv_core.dir/src/out.cpp.o
[ 43%] Building CXX object modules/core/CMakeFiles/opencv_core.dir/src/ovx.cpp.o
[ 44%] Building CXX object modules/core/CMakeFiles/opencv_core.dir/src/parallel.cpp.o
[ 44%] Building CXX object 3rdparty/openexr/CMakeFiles/IlmImf.dir/IlmImf/ImfVecAttribute.cpp.o
[ 45%] Building CXX object 3rdparty/openexr/CMakeFiles/IlmImf.dir/IlmImf/ImfVersion.cpp.o
[ 45%] Building CXX object 3rdparty/openexr/CMakeFiles/IlmImf.dir/IlmImf/ImfWav.cpp.o
[ 45%] Building CXX object 3rdparty/openexr/CMakeFiles/IlmImf.dir/IlmImf/ImfZip.cpp.o
[ 45%] Building CXX object 3rdparty/openexr/CMakeFiles/IlmImf.dir/IlmImf/ImfZipCompressor.cpp.o
[ 45%] Building CXX object 3rdparty/openexr/CMakeFiles/IlmImf.dir/IlmImf/dwaLookups.cpp.o
[ 45%] Building CXX object 3rdparty/openexr/CMakeFiles/IlmImf.dir/IlmThread/IlmThread.cpp.o
[ 45%] Building CXX object 3rdparty/openexr/CMakeFiles/IlmImf.dir/IlmThread/IlmThreadMutex.cpp.o
[ 45%] Building CXX object 3rdparty/openexr/CMakeFiles/IlmImf.dir/IlmThread/IlmThreadMutexPosix.cpp.o
[ 46%] Building CXX object 3rdparty/openexr/CMakeFiles/IlmImf.dir/IlmThread/IlmThreadPool.cpp.o
[ 46%] Building CXX object modules/core/CMakeFiles/opencv_core.dir/src/parallel/parallel.cpp.o
[ 46%] Building CXX object 3rdparty/openexr/CMakeFiles/IlmImf.dir/IlmThread/IlmThreadPosix.cpp.o
[ 46%] Building CXX object 3rdparty/openexr/CMakeFiles/IlmImf.dir/IlmThread/IlmThreadSemaphore.cpp.o
[ 46%] Building CXX object 3rdparty/openexr/CMakeFiles/IlmImf.dir/IlmThread/IlmThreadSemaphorePosix.cpp.o
[ 46%] Building CXX object 3rdparty/openexr/CMakeFiles/IlmImf.dir/IlmThread/IlmThreadSemaphorePosixCompat.cpp.o
[ 46%] Building CXX object modules/core/CMakeFiles/opencv_core.dir/src/parallel/parallel_openmp.cpp.o
[ 46%] Building CXX object 3rdparty/openexr/CMakeFiles/IlmImf.dir/Imath/ImathBox.cpp.o
[ 46%] Building CXX object modules/core/CMakeFiles/opencv_core.dir/src/parallel/parallel_tbb.cpp.o
[ 46%] Building CXX object 3rdparty/openexr/CMakeFiles/IlmImf.dir/Imath/ImathColorAlgo.cpp.o
[ 46%] Building CXX object 3rdparty/openexr/CMakeFiles/IlmImf.dir/Imath/ImathFun.cpp.o
[ 46%] Building CXX object modules/core/CMakeFiles/opencv_core.dir/src/parallel_impl.cpp.o
[ 47%] Building CXX object 3rdparty/openexr/CMakeFiles/IlmImf.dir/Imath/ImathMatrixAlgo.cpp.o
[ 47%] Building CXX object 3rdparty/openexr/CMakeFiles/IlmImf.dir/Imath/ImathRandom.cpp.o
[ 47%] Building CXX object modules/core/CMakeFiles/opencv_core.dir/src/pca.cpp.o
[ 47%] Building CXX object 3rdparty/openexr/CMakeFiles/IlmImf.dir/Imath/ImathShear.cpp.o
[ 47%] Building CXX object 3rdparty/openexr/CMakeFiles/IlmImf.dir/Imath/ImathVec.cpp.o
[ 47%] Building CXX object modules/core/CMakeFiles/opencv_core.dir/src/persistence.cpp.o
[ 47%] Building CXX object modules/core/CMakeFiles/opencv_core.dir/src/persistence_base64_encoding.cpp.o
[ 48%] Building CXX object modules/core/CMakeFiles/opencv_core.dir/src/persistence_json.cpp.o
[ 48%] Building CXX object modules/core/CMakeFiles/opencv_core.dir/src/persistence_types.cpp.o
[ 48%] Building CXX object modules/core/CMakeFiles/opencv_core.dir/src/persistence_xml.cpp.o
[ 48%] Building CXX object modules/core/CMakeFiles/opencv_core.dir/src/persistence_yml.cpp.o
[ 48%] Building CXX object modules/core/CMakeFiles/opencv_core.dir/src/rand.cpp.o
[ 48%] Linking CXX static library ../lib/libIlmImf.a
[ 48%] Built target IlmImf
[ 48%] Building CXX object modules/core/CMakeFiles/opencv_core.dir/src/softfloat.cpp.o
[ 48%] Building CXX object modules/core/CMakeFiles/opencv_core.dir/src/split.dispatch.cpp.o
[ 48%] Building CXX object modules/core/CMakeFiles/opencv_core.dir/src/stat.dispatch.cpp.o
[ 49%] Building CXX object modules/core/CMakeFiles/opencv_core.dir/src/stat_c.cpp.o
[ 49%] Building CXX object modules/core/CMakeFiles/opencv_core.dir/src/stl.cpp.o
[ 49%] Building CXX object modules/core/CMakeFiles/opencv_core.dir/src/sum.dispatch.cpp.o
[ 49%] Building CXX object modules/core/CMakeFiles/opencv_core.dir/src/system.cpp.o
[ 49%] Building CXX object modules/core/CMakeFiles/opencv_core.dir/src/tables.cpp.o
[ 49%] Building CXX object modules/core/CMakeFiles/opencv_core.dir/src/trace.cpp.o
[ 49%] Building CXX object modules/core/CMakeFiles/opencv_core.dir/src/types.cpp.o
[ 49%] Building CXX object modules/core/CMakeFiles/opencv_core.dir/src/umatrix.cpp.o
[ 50%] Building CXX object modules/core/CMakeFiles/opencv_core.dir/src/utils/datafile.cpp.o
[ 50%] Building CXX object modules/core/CMakeFiles/opencv_core.dir/src/utils/filesystem.cpp.o
[ 50%] Building CXX object modules/core/CMakeFiles/opencv_core.dir/src/utils/logtagconfigparser.cpp.o
[ 50%] Building CXX object modules/core/CMakeFiles/opencv_core.dir/src/utils/logtagmanager.cpp.o
[ 50%] Building CXX object modules/core/CMakeFiles/opencv_core.dir/src/utils/samples.cpp.o
[ 50%] Building CXX object modules/core/CMakeFiles/opencv_core.dir/src/va_intel.cpp.o
[ 50%] Building CXX object modules/core/CMakeFiles/opencv_core.dir/opencl_kernels_core.cpp.o
[ 50%] Building CXX object modules/core/CMakeFiles/opencv_core.dir/arithm.sse4_1.cpp.o
[ 51%] Building CXX object modules/core/CMakeFiles/opencv_core.dir/matmul.sse4_1.cpp.o
[ 51%] Building CXX object modules/core/CMakeFiles/opencv_core.dir/stat.sse4_2.cpp.o
[ 51%] Building CXX object modules/core/CMakeFiles/opencv_core.dir/mathfuncs_core.avx.cpp.o
[ 51%] Building CXX object modules/core/CMakeFiles/opencv_core.dir/mathfuncs_core.avx2.cpp.o
[ 51%] Building CXX object modules/core/CMakeFiles/opencv_core.dir/stat.avx2.cpp.o
[ 51%] Building CXX object modules/core/CMakeFiles/opencv_core.dir/arithm.avx2.cpp.o
[ 51%] Building CXX object modules/core/CMakeFiles/opencv_core.dir/convert.avx2.cpp.o
[ 51%] Building CXX object modules/core/CMakeFiles/opencv_core.dir/convert_scale.avx2.cpp.o
[ 52%] Building CXX object modules/core/CMakeFiles/opencv_core.dir/count_non_zero.avx2.cpp.o
[ 52%] Building CXX object modules/core/CMakeFiles/opencv_core.dir/has_non_zero.avx2.cpp.o
[ 52%] Building CXX object modules/core/CMakeFiles/opencv_core.dir/matmul.avx2.cpp.o
[ 52%] Building CXX object modules/core/CMakeFiles/opencv_core.dir/mean.avx2.cpp.o
[ 52%] Building CXX object modules/core/CMakeFiles/opencv_core.dir/merge.avx2.cpp.o
[ 52%] Building CXX object modules/core/CMakeFiles/opencv_core.dir/split.avx2.cpp.o
[ 52%] Building CXX object modules/core/CMakeFiles/opencv_core.dir/sum.avx2.cpp.o
[ 52%] Building CXX object modules/core/CMakeFiles/opencv_core.dir/matmul.avx512_skx.cpp.o
[ 53%] Linking CXX shared library ../../lib/libopencv_core.so
[ 53%] Built target opencv_core
[ 53%] Processing OpenCL kernels (imgproc)
[ 53%] Building CXX object apps/version/CMakeFiles/opencv_version.dir/opencv_version.cpp.o
[ 53%] Building CXX object modules/imgproc/CMakeFiles/opencv_imgproc.dir/src/accum.dispatch.cpp.o
[ 53%] Building CXX object modules/imgproc/CMakeFiles/opencv_imgproc.dir/src/accum.cpp.o
[ 53%] Building CXX object modules/imgproc/CMakeFiles/opencv_imgproc.dir/src/approx.cpp.o
[ 54%] Building CXX object modules/imgproc/CMakeFiles/opencv_imgproc.dir/src/blend.cpp.o
[ 54%] Building CXX object modules/imgproc/CMakeFiles/opencv_imgproc.dir/src/bilateral_filter.dispatch.cpp.o
[ 54%] Building CXX object modules/imgproc/CMakeFiles/opencv_imgproc.dir/src/box_filter.dispatch.cpp.o
[ 54%] Building CXX object modules/imgproc/CMakeFiles/opencv_imgproc.dir/src/clahe.cpp.o
[ 54%] Building CXX object modules/imgproc/CMakeFiles/opencv_imgproc.dir/src/canny.cpp.o
[ 54%] Building CXX object modules/imgproc/CMakeFiles/opencv_imgproc.dir/src/color.cpp.o
[ 55%] Linking CXX executable ../../bin/opencv_version
[ 55%] Built target opencv_version
[ 55%] Building CXX object modules/imgproc/CMakeFiles/opencv_imgproc.dir/src/color_hsv.dispatch.cpp.o
[ 55%] Building CXX object modules/imgproc/CMakeFiles/opencv_imgproc.dir/src/color_lab.cpp.o
[ 56%] Building CXX object modules/imgproc/CMakeFiles/opencv_imgproc.dir/src/color_rgb.dispatch.cpp.o
[ 56%] Building CXX object modules/imgproc/CMakeFiles/opencv_imgproc.dir/src/colormap.cpp.o
[ 56%] Building CXX object modules/imgproc/CMakeFiles/opencv_imgproc.dir/src/color_yuv.dispatch.cpp.o
[ 56%] Building CXX object modules/imgproc/CMakeFiles/opencv_imgproc.dir/src/connectedcomponents.cpp.o
[ 56%] Building CXX object modules/imgproc/CMakeFiles/opencv_imgproc.dir/src/contours.cpp.o
[ 56%] Building CXX object modules/imgproc/CMakeFiles/opencv_imgproc.dir/src/contours_approx.cpp.o
[ 56%] Building CXX object modules/imgproc/CMakeFiles/opencv_imgproc.dir/src/contours_common.cpp.o
[ 56%] Building CXX object modules/imgproc/CMakeFiles/opencv_imgproc.dir/src/contours_link.cpp.o
[ 58%] Building CXX object modules/imgproc/CMakeFiles/opencv_imgproc.dir/src/contours_new.cpp.o
[ 58%] Building CXX object modules/imgproc/CMakeFiles/opencv_imgproc.dir/src/convhull.cpp.o
[ 58%] Building CXX object modules/imgproc/CMakeFiles/opencv_imgproc.dir/src/corner.cpp.o
[ 58%] Building CXX object modules/imgproc/CMakeFiles/opencv_imgproc.dir/src/cornersubpix.cpp.o
[ 58%] Building CXX object modules/imgproc/CMakeFiles/opencv_imgproc.dir/src/demosaicing.cpp.o
[ 58%] Building CXX object modules/imgproc/CMakeFiles/opencv_imgproc.dir/src/deriv.cpp.o
[ 58%] Building CXX object modules/imgproc/CMakeFiles/opencv_imgproc.dir/src/distransform.cpp.o
[ 58%] Building CXX object modules/imgproc/CMakeFiles/opencv_imgproc.dir/src/drawing.cpp.o
[ 59%] Building CXX object modules/imgproc/CMakeFiles/opencv_imgproc.dir/src/emd.cpp.o
[ 59%] Building CXX object modules/imgproc/CMakeFiles/opencv_imgproc.dir/src/emd_new.cpp.o
[ 59%] Building CXX object modules/imgproc/CMakeFiles/opencv_imgproc.dir/src/featureselect.cpp.o
[ 59%] Building CXX object modules/imgproc/CMakeFiles/opencv_imgproc.dir/src/filter.dispatch.cpp.o
[ 59%] Building CXX object modules/imgproc/CMakeFiles/opencv_imgproc.dir/src/floodfill.cpp.o
[ 59%] Building CXX object modules/imgproc/CMakeFiles/opencv_imgproc.dir/src/gabor.cpp.o
[ 59%] Building CXX object modules/imgproc/CMakeFiles/opencv_imgproc.dir/src/generalized_hough.cpp.o
[ 59%] Building CXX object modules/imgproc/CMakeFiles/opencv_imgproc.dir/src/geometry.cpp.o
[ 60%] Building CXX object modules/imgproc/CMakeFiles/opencv_imgproc.dir/src/grabcut.cpp.o
[ 60%] Building CXX object modules/imgproc/CMakeFiles/opencv_imgproc.dir/src/hershey_fonts.cpp.o
[ 60%] Building CXX object modules/imgproc/CMakeFiles/opencv_imgproc.dir/src/histogram.cpp.o
[ 60%] Building CXX object modules/imgproc/CMakeFiles/opencv_imgproc.dir/src/hough.cpp.o
[ 60%] Building CXX object modules/imgproc/CMakeFiles/opencv_imgproc.dir/src/imgwarp.cpp.o
[ 60%] Building CXX object modules/imgproc/CMakeFiles/opencv_imgproc.dir/src/intelligent_scissors.cpp.o
[ 60%] Building CXX object modules/imgproc/CMakeFiles/opencv_imgproc.dir/src/intersection.cpp.o
[ 60%] Building CXX object modules/imgproc/CMakeFiles/opencv_imgproc.dir/src/linefit.cpp.o
[ 61%] Building CXX object modules/imgproc/CMakeFiles/opencv_imgproc.dir/src/lsd.cpp.o
[ 61%] Building CXX object modules/imgproc/CMakeFiles/opencv_imgproc.dir/src/main.cpp.o
[ 61%] Building CXX object modules/imgproc/CMakeFiles/opencv_imgproc.dir/src/matchcontours.cpp.o
[ 61%] Building CXX object modules/imgproc/CMakeFiles/opencv_imgproc.dir/src/median_blur.dispatch.cpp.o
[ 61%] Building CXX object modules/imgproc/CMakeFiles/opencv_imgproc.dir/src/min_enclosing_triangle.cpp.o
[ 61%] Building CXX object modules/imgproc/CMakeFiles/opencv_imgproc.dir/src/moments.cpp.o
[ 61%] Building CXX object modules/imgproc/CMakeFiles/opencv_imgproc.dir/src/morph.dispatch.cpp.o
[ 61%] Building CXX object modules/imgproc/CMakeFiles/opencv_imgproc.dir/src/phasecorr.cpp.o
[ 62%] Building CXX object modules/imgproc/CMakeFiles/opencv_imgproc.dir/src/pyramids.cpp.o
[ 62%] Building CXX object modules/imgproc/CMakeFiles/opencv_imgproc.dir/src/resize.cpp.o
[ 62%] Building CXX object modules/imgproc/CMakeFiles/opencv_imgproc.dir/src/rotcalipers.cpp.o
[ 62%] Building CXX object modules/imgproc/CMakeFiles/opencv_imgproc.dir/src/samplers.cpp.o
[ 62%] Building CXX object modules/imgproc/CMakeFiles/opencv_imgproc.dir/src/segmentation.cpp.o
[ 62%] Building CXX object modules/imgproc/CMakeFiles/opencv_imgproc.dir/src/shapedescr.cpp.o
[ 62%] Building CXX object modules/imgproc/CMakeFiles/opencv_imgproc.dir/src/smooth.dispatch.cpp.o
[ 62%] Building CXX object modules/imgproc/CMakeFiles/opencv_imgproc.dir/src/spatialgradient.cpp.o
[ 63%] Building CXX object modules/imgproc/CMakeFiles/opencv_imgproc.dir/src/stackblur.cpp.o
[ 63%] Building CXX object modules/imgproc/CMakeFiles/opencv_imgproc.dir/src/subdivision2d.cpp.o
[ 63%] Building CXX object modules/imgproc/CMakeFiles/opencv_imgproc.dir/src/sumpixels.dispatch.cpp.o
[ 63%] Building CXX object modules/imgproc/CMakeFiles/opencv_imgproc.dir/src/tables.cpp.o
[ 63%] Building CXX object modules/imgproc/CMakeFiles/opencv_imgproc.dir/src/templmatch.cpp.o
[ 63%] Building CXX object modules/imgproc/CMakeFiles/opencv_imgproc.dir/src/thresh.cpp.o
[ 63%] Building CXX object modules/imgproc/CMakeFiles/opencv_imgproc.dir/src/utils.cpp.o
[ 63%] Building CXX object modules/imgproc/CMakeFiles/opencv_imgproc.dir/opencl_kernels_imgproc.cpp.o
[ 64%] Building CXX object modules/imgproc/CMakeFiles/opencv_imgproc.dir/src/imgwarp.sse4_1.cpp.o
[ 64%] Building CXX object modules/imgproc/CMakeFiles/opencv_imgproc.dir/src/resize.sse4_1.cpp.o
[ 64%] Building CXX object modules/imgproc/CMakeFiles/opencv_imgproc.dir/accum.sse4_1.cpp.o
[ 64%] Building CXX object modules/imgproc/CMakeFiles/opencv_imgproc.dir/box_filter.sse4_1.cpp.o
[ 64%] Building CXX object modules/imgproc/CMakeFiles/opencv_imgproc.dir/filter.sse4_1.cpp.o
[ 64%] Building CXX object modules/imgproc/CMakeFiles/opencv_imgproc.dir/color_hsv.sse4_1.cpp.o
[ 64%] Building CXX object modules/imgproc/CMakeFiles/opencv_imgproc.dir/color_rgb.sse4_1.cpp.o
[ 64%] Building CXX object modules/imgproc/CMakeFiles/opencv_imgproc.dir/color_yuv.sse4_1.cpp.o
[ 65%] Building CXX object modules/imgproc/CMakeFiles/opencv_imgproc.dir/median_blur.sse4_1.cpp.o
[ 65%] Building CXX object modules/imgproc/CMakeFiles/opencv_imgproc.dir/morph.sse4_1.cpp.o
[ 65%] Building CXX object modules/imgproc/CMakeFiles/opencv_imgproc.dir/smooth.sse4_1.cpp.o
[ 65%] Building CXX object modules/imgproc/CMakeFiles/opencv_imgproc.dir/src/corner.avx.cpp.o
[ 65%] Building CXX object modules/imgproc/CMakeFiles/opencv_imgproc.dir/accum.avx.cpp.o
[ 65%] Building CXX object modules/imgproc/CMakeFiles/opencv_imgproc.dir/src/imgwarp.avx2.cpp.o
[ 65%] Building CXX object modules/imgproc/CMakeFiles/opencv_imgproc.dir/src/resize.avx2.cpp.o
[ 65%] Building CXX object modules/imgproc/CMakeFiles/opencv_imgproc.dir/accum.avx2.cpp.o
[ 66%] Building CXX object modules/imgproc/CMakeFiles/opencv_imgproc.dir/bilateral_filter.avx2.cpp.o
[ 66%] Building CXX object modules/imgproc/CMakeFiles/opencv_imgproc.dir/box_filter.avx2.cpp.o
[ 66%] Building CXX object modules/imgproc/CMakeFiles/opencv_imgproc.dir/filter.avx2.cpp.o
[ 66%] Building CXX object modules/imgproc/CMakeFiles/opencv_imgproc.dir/color_hsv.avx2.cpp.o
[ 66%] Building CXX object modules/imgproc/CMakeFiles/opencv_imgproc.dir/color_rgb.avx2.cpp.o
[ 66%] Building CXX object modules/imgproc/CMakeFiles/opencv_imgproc.dir/color_yuv.avx2.cpp.o
[ 66%] Building CXX object modules/imgproc/CMakeFiles/opencv_imgproc.dir/median_blur.avx2.cpp.o
[ 66%] Building CXX object modules/imgproc/CMakeFiles/opencv_imgproc.dir/morph.avx2.cpp.o
[ 67%] Building CXX object modules/imgproc/CMakeFiles/opencv_imgproc.dir/smooth.avx2.cpp.o
[ 67%] Building CXX object modules/imgproc/CMakeFiles/opencv_imgproc.dir/sumpixels.avx2.cpp.o
[ 67%] Building CXX object modules/imgproc/CMakeFiles/opencv_imgproc.dir/sumpixels.avx512_skx.cpp.o
[ 67%] Linking CXX shared library ../../lib/libopencv_imgproc.so
[ 67%] Built target opencv_imgproc
[ 67%] Processing OpenCL kernels (features2d)
[ 67%] Building CXX object modules/imgcodecs/CMakeFiles/opencv_imgcodecs.dir/src/loadsave.cpp.o
[ 67%] Building CXX object modules/imgcodecs/CMakeFiles/opencv_imgcodecs.dir/src/grfmt_base.cpp.o
[ 68%] Building CXX object modules/imgcodecs/CMakeFiles/opencv_imgcodecs.dir/src/grfmt_bmp.cpp.o
[ 68%] Building CXX object modules/imgcodecs/CMakeFiles/opencv_imgcodecs.dir/src/utils.cpp.o
[ 68%] Building CXX object modules/imgcodecs/CMakeFiles/opencv_imgcodecs.dir/src/grfmt_avif.cpp.o
[ 68%] Building CXX object modules/imgcodecs/CMakeFiles/opencv_imgcodecs.dir/src/grfmt_exr.cpp.o
[ 68%] Building CXX object modules/features2d/CMakeFiles/opencv_features2d.dir/src/agast_score.cpp.o
[ 68%] Building CXX object modules/features2d/CMakeFiles/opencv_features2d.dir/src/agast.cpp.o
[ 68%] Building CXX object modules/features2d/CMakeFiles/opencv_features2d.dir/src/akaze.cpp.o
[ 68%] Building CXX object modules/features2d/CMakeFiles/opencv_features2d.dir/src/affine_feature.cpp.o
[ 68%] Building CXX object modules/imgcodecs/CMakeFiles/opencv_imgcodecs.dir/src/grfmt_gdal.cpp.o
[ 68%] Building CXX object modules/imgcodecs/CMakeFiles/opencv_imgcodecs.dir/src/grfmt_gdcm.cpp.o
[ 68%] Building CXX object modules/imgcodecs/CMakeFiles/opencv_imgcodecs.dir/src/grfmt_hdr.cpp.o
[ 68%] Building CXX object modules/features2d/CMakeFiles/opencv_features2d.dir/src/bagofwords.cpp.o
[ 68%] Building CXX object modules/imgcodecs/CMakeFiles/opencv_imgcodecs.dir/src/grfmt_jpeg.cpp.o
[ 68%] Building CXX object modules/features2d/CMakeFiles/opencv_features2d.dir/src/blobdetector.cpp.o
[ 68%] Building CXX object modules/imgcodecs/CMakeFiles/opencv_imgcodecs.dir/src/grfmt_jpeg2000.cpp.o
[ 68%] Building CXX object modules/imgcodecs/CMakeFiles/opencv_imgcodecs.dir/src/grfmt_jpeg2000_openjpeg.cpp.o
[ 69%] Building CXX object modules/imgcodecs/CMakeFiles/opencv_imgcodecs.dir/src/grfmt_pam.cpp.o
[ 69%] Building CXX object modules/imgcodecs/CMakeFiles/opencv_imgcodecs.dir/src/grfmt_pfm.cpp.o
[ 70%] Building CXX object modules/features2d/CMakeFiles/opencv_features2d.dir/src/brisk.cpp.o
[ 70%] Building CXX object modules/imgcodecs/CMakeFiles/opencv_imgcodecs.dir/src/grfmt_png.cpp.o
[ 70%] Building CXX object modules/imgcodecs/CMakeFiles/opencv_imgcodecs.dir/src/grfmt_pxm.cpp.o
[ 70%] Building CXX object modules/features2d/CMakeFiles/opencv_features2d.dir/src/draw.cpp.o
[ 70%] Building CXX object modules/imgcodecs/CMakeFiles/opencv_imgcodecs.dir/src/grfmt_spng.cpp.o
[ 70%] Building CXX object modules/imgcodecs/CMakeFiles/opencv_imgcodecs.dir/src/grfmt_sunras.cpp.o
[ 70%] Building CXX object modules/features2d/CMakeFiles/opencv_features2d.dir/src/dynamic.cpp.o
[ 70%] Building CXX object modules/imgcodecs/CMakeFiles/opencv_imgcodecs.dir/src/grfmt_tiff.cpp.o
[ 70%] Building CXX object modules/imgcodecs/CMakeFiles/opencv_imgcodecs.dir/src/grfmt_webp.cpp.o
[ 72%] Building CXX object modules/imgcodecs/CMakeFiles/opencv_imgcodecs.dir/src/bitstrm.cpp.o
[ 72%] Building CXX object modules/features2d/CMakeFiles/opencv_features2d.dir/src/evaluation.cpp.o
[ 72%] Building CXX object modules/imgcodecs/CMakeFiles/opencv_imgcodecs.dir/src/rgbe.cpp.o
[ 72%] Building CXX object modules/imgcodecs/CMakeFiles/opencv_imgcodecs.dir/src/exif.cpp.o
[ 72%] Building CXX object modules/features2d/CMakeFiles/opencv_features2d.dir/src/fast.cpp.o
[ 72%] Building CXX object modules/features2d/CMakeFiles/opencv_features2d.dir/src/fast_score.cpp.o
[ 72%] Building CXX object modules/features2d/CMakeFiles/opencv_features2d.dir/src/feature2d.cpp.o
[ 72%] Building CXX object modules/features2d/CMakeFiles/opencv_features2d.dir/src/gftt.cpp.o
[ 73%] Building CXX object modules/features2d/CMakeFiles/opencv_features2d.dir/src/kaze.cpp.o
[ 73%] Building CXX object modules/features2d/CMakeFiles/opencv_features2d.dir/src/kaze/AKAZEFeatures.cpp.o
[ 73%] Building CXX object modules/features2d/CMakeFiles/opencv_features2d.dir/src/kaze/KAZEFeatures.cpp.o
[ 73%] Building CXX object modules/features2d/CMakeFiles/opencv_features2d.dir/src/kaze/fed.cpp.o
[ 73%] Building CXX object modules/features2d/CMakeFiles/opencv_features2d.dir/src/kaze/nldiffusion_functions.cpp.o
[ 73%] Building CXX object modules/features2d/CMakeFiles/opencv_features2d.dir/src/keypoint.cpp.o
[ 73%] Building CXX object modules/features2d/CMakeFiles/opencv_features2d.dir/src/main.cpp.o
[ 73%] Building CXX object modules/features2d/CMakeFiles/opencv_features2d.dir/src/matchers.cpp.o
[ 74%] Building CXX object modules/features2d/CMakeFiles/opencv_features2d.dir/src/mser.cpp.o
[ 74%] Building CXX object modules/features2d/CMakeFiles/opencv_features2d.dir/src/orb.cpp.o
[ 74%] Building CXX object modules/features2d/CMakeFiles/opencv_features2d.dir/src/sift.dispatch.cpp.o
[ 74%] Building CXX object modules/features2d/CMakeFiles/opencv_features2d.dir/opencl_kernels_features2d.cpp.o
[ 74%] Building CXX object modules/features2d/CMakeFiles/opencv_features2d.dir/sift.sse4_1.cpp.o
[ 74%] Building CXX object modules/features2d/CMakeFiles/opencv_features2d.dir/src/fast.avx2.cpp.o
[ 74%] Linking CXX shared library ../../lib/libopencv_imgcodecs.so
[ 74%] Building CXX object modules/features2d/CMakeFiles/opencv_features2d.dir/sift.avx2.cpp.o
[ 74%] Building CXX object modules/features2d/CMakeFiles/opencv_features2d.dir/sift.avx512_skx.cpp.o
[ 74%] Built target opencv_imgcodecs
[ 74%] Building CXX object modules/videoio/CMakeFiles/opencv_videoio.dir/src/videoio_registry.cpp.o
[ 74%] Building CXX object modules/videoio/CMakeFiles/opencv_videoio.dir/src/videoio_c.cpp.o
[ 74%] Building CXX object modules/videoio/CMakeFiles/opencv_videoio.dir/src/cap.cpp.o
[ 74%] Building CXX object modules/videoio/CMakeFiles/opencv_videoio.dir/src/cap_images.cpp.o
[ 74%] Building CXX object modules/videoio/CMakeFiles/opencv_videoio.dir/src/cap_mjpeg_encoder.cpp.o
[ 74%] Building CXX object modules/videoio/CMakeFiles/opencv_videoio.dir/src/cap_mjpeg_decoder.cpp.o
[ 74%] Building CXX object modules/videoio/CMakeFiles/opencv_videoio.dir/src/backend_plugin.cpp.o
[ 75%] Building CXX object modules/videoio/CMakeFiles/opencv_videoio.dir/src/backend_static.cpp.o
[ 75%] Building CXX object modules/videoio/CMakeFiles/opencv_videoio.dir/src/container_avi.cpp.o
[ 75%] Building CXX object modules/videoio/CMakeFiles/opencv_videoio.dir/src/cap_v4l.cpp.o
[ 75%] Building CXX object modules/videoio/CMakeFiles/opencv_videoio.dir/src/cap_obsensor_capture.cpp.o
[ 75%] Building CXX object modules/videoio/CMakeFiles/opencv_videoio.dir/src/cap_obsensor/obsensor_uvc_stream_channel.cpp.o
[ 75%] Linking CXX shared library ../../lib/libopencv_features2d.so
[ 75%] Building CXX object modules/videoio/CMakeFiles/opencv_videoio.dir/src/cap_obsensor/obsensor_stream_channel_v4l2.cpp.o
[ 75%] Built target opencv_features2d
[ 75%] Linking CXX shared library ../../lib/libopencv_videoio.so
[ 75%] Built target opencv_videoio
[ 76%] Building CXX object modules/highgui/CMakeFiles/opencv_highgui.dir/src/backend.cpp.o
[ 76%] Building CXX object modules/highgui/CMakeFiles/opencv_highgui.dir/src/roiSelector.cpp.o
[ 76%] Building CXX object modules/highgui/CMakeFiles/opencv_highgui.dir/src/window.cpp.o
[ 76%] Linking CXX shared library ../../lib/libopencv_highgui.so
[ 76%] Built target opencv_highgui
[ 76%] Building CXX object modules/ts/CMakeFiles/opencv_ts.dir/src/cuda_perf.cpp.o
[ 76%] Building CXX object apps/annotation/CMakeFiles/opencv_annotation.dir/opencv_annotation.cpp.o
[ 76%] Building CXX object modules/ts/CMakeFiles/opencv_ts.dir/src/ocl_perf.cpp.o
[ 76%] Building CXX object modules/ts/CMakeFiles/opencv_ts.dir/src/ocl_test.cpp.o
[ 76%] Building CXX object modules/ts/CMakeFiles/opencv_ts.dir/src/cuda_test.cpp.o
[ 77%] Building CXX object modules/ts/CMakeFiles/opencv_ts.dir/src/ts.cpp.o
[ 77%] Building CXX object apps/visualisation/CMakeFiles/opencv_visualisation.dir/opencv_visualisation.cpp.o
[ 77%] Building CXX object modules/ts/CMakeFiles/opencv_ts.dir/src/ts_arrtest.cpp.o
[ 77%] Building CXX object modules/ts/CMakeFiles/opencv_ts.dir/src/ts_func.cpp.o
[ 77%] Building CXX object modules/ts/CMakeFiles/opencv_ts.dir/src/ts_gtest.cpp.o
[ 77%] Linking CXX executable ../../bin/opencv_annotation
[ 77%] Built target opencv_annotation
[ 77%] Building CXX object modules/ts/CMakeFiles/opencv_ts.dir/src/ts_perf.cpp.o
[ 77%] Building CXX object modules/ts/CMakeFiles/opencv_ts.dir/src/ts_tags.cpp.o
[ 78%] Linking CXX executable ../../bin/opencv_visualisation
[ 78%] Built target opencv_visualisation
[ 78%] Linking CXX static library ../../lib/libopencv_ts.a
[ 78%] Built target opencv_ts
[ 78%] Building CXX object modules/core/CMakeFiles/opencv_test_core.dir/test/ocl/test_arithm.cpp.o
[ 78%] Building CXX object modules/imgproc/CMakeFiles/opencv_test_imgproc.dir/test/ocl/test_accumulate.cpp.o
[ 78%] Building CXX object modules/core/CMakeFiles/opencv_test_core.dir/test/ocl/test_dft.cpp.o
[ 78%] Building CXX object modules/features2d/CMakeFiles/opencv_test_features2d.dir/test/ocl/test_brute_force_matcher.cpp.o
[ 78%] Building CXX object modules/core/CMakeFiles/opencv_test_core.dir/test/ocl/test_channels.cpp.o
[ 78%] Building CXX object modules/imgproc/CMakeFiles/opencv_test_imgproc.dir/test/ocl/test_blend.cpp.o
[ 78%] Building CXX object modules/imgproc/CMakeFiles/opencv_test_imgproc.dir/test/ocl/test_boxfilter.cpp.o
[ 78%] Building CXX object modules/imgcodecs/CMakeFiles/opencv_test_imgcodecs.dir/test/test_avif.cpp.o
[ 78%] Building CXX object modules/videoio/CMakeFiles/opencv_test_videoio.dir/test/test_audio.cpp.o
[ 78%] Building CXX object modules/highgui/CMakeFiles/opencv_test_highgui.dir/test/test_gui.cpp.o
[ 78%] Building CXX object modules/features2d/CMakeFiles/opencv_test_features2d.dir/test/ocl/test_feature2d.cpp.o
[ 79%] Building CXX object modules/imgcodecs/CMakeFiles/opencv_test_imgcodecs.dir/test/test_common.cpp.o
[ 80%] Building CXX object modules/features2d/CMakeFiles/opencv_test_features2d.dir/test/test_affine_feature.cpp.o
[ 80%] Building CXX object modules/imgproc/CMakeFiles/opencv_test_imgproc.dir/test/ocl/test_canny.cpp.o
[ 80%] Building CXX object modules/core/CMakeFiles/opencv_test_core.dir/test/ocl/test_gemm.cpp.o
[ 80%] Building CXX object modules/imgproc/CMakeFiles/opencv_test_imgproc.dir/test/ocl/test_color.cpp.o
[ 81%] Building CXX object modules/features2d/CMakeFiles/opencv_test_features2d.dir/test/test_agast.cpp.o
[ 81%] Building CXX object modules/core/CMakeFiles/opencv_test_core.dir/test/ocl/test_image2d.cpp.o
[ 81%] Building CXX object modules/highgui/CMakeFiles/opencv_test_highgui.dir/test/test_main.cpp.o
[ 81%] Building CXX object modules/core/CMakeFiles/opencv_test_core.dir/test/ocl/test_matrix_expr.cpp.o
[ 81%] Building CXX object modules/imgcodecs/CMakeFiles/opencv_test_imgcodecs.dir/test/test_grfmt.cpp.o
[ 81%] Building CXX object modules/imgcodecs/CMakeFiles/opencv_test_imgcodecs.dir/test/test_jpeg.cpp.o
[ 81%] Building CXX object modules/imgproc/CMakeFiles/opencv_test_imgproc.dir/test/ocl/test_filter2d.cpp.o
[ 81%] Building CXX object modules/features2d/CMakeFiles/opencv_test_features2d.dir/test/test_akaze.cpp.o
[ 81%] Building CXX object modules/imgcodecs/CMakeFiles/opencv_test_imgcodecs.dir/test/test_main.cpp.o
[ 81%] Building CXX object modules/imgproc/CMakeFiles/opencv_test_imgproc.dir/test/ocl/test_filters.cpp.o
[ 81%] Linking CXX executable ../../bin/opencv_test_highgui
[ 81%] Building CXX object modules/imgcodecs/CMakeFiles/opencv_test_imgcodecs.dir/test/test_png.cpp.o
[ 81%] Built target opencv_test_highgui
[ 81%] Building CXX object modules/imgcodecs/CMakeFiles/opencv_test_imgcodecs.dir/test/test_read_write.cpp.o
[ 81%] Building CXX object modules/core/CMakeFiles/opencv_test_core.dir/test/ocl/test_matrix_operation.cpp.o
[ 81%] Building CXX object modules/features2d/CMakeFiles/opencv_test_features2d.dir/test/test_blobdetector.cpp.o
[ 81%] Building CXX object modules/core/CMakeFiles/opencv_test_core.dir/test/ocl/test_opencl.cpp.o
[ 82%] Building CXX object modules/imgproc/CMakeFiles/opencv_test_imgproc.dir/test/ocl/test_gftt.cpp.o
[ 82%] Building CXX object modules/videoio/CMakeFiles/opencv_test_videoio.dir/test/test_camera.cpp.o
[ 82%] Building CXX object modules/features2d/CMakeFiles/opencv_test_features2d.dir/test/test_brisk.cpp.o
[ 82%] Building CXX object modules/features2d/CMakeFiles/opencv_test_features2d.dir/test/test_descriptors_invariance.cpp.o
[ 82%] Building CXX object modules/imgproc/CMakeFiles/opencv_test_imgproc.dir/test/ocl/test_histogram.cpp.o
[ 82%] Building CXX object modules/features2d/CMakeFiles/opencv_test_features2d.dir/test/test_descriptors_regression.cpp.o
[ 82%] Building CXX object modules/imgproc/CMakeFiles/opencv_test_imgproc.dir/test/ocl/test_houghlines.cpp.o
[ 82%] Building CXX object modules/videoio/CMakeFiles/opencv_test_videoio.dir/test/test_container_avi.cpp.o
[ 82%] Building CXX object modules/imgcodecs/CMakeFiles/opencv_test_imgcodecs.dir/test/test_tiff.cpp.o
[ 83%] Building CXX object modules/videoio/CMakeFiles/opencv_test_videoio.dir/test/test_dynamic.cpp.o
[ 83%] Building CXX object modules/core/CMakeFiles/opencv_test_core.dir/test/test_arithm.cpp.o
[ 83%] Building CXX object modules/core/CMakeFiles/opencv_test_core.dir/test/test_async.cpp.o
[ 83%] Building CXX object modules/imgproc/CMakeFiles/opencv_test_imgproc.dir/test/ocl/test_imgproc.cpp.o
[ 83%] Building CXX object modules/features2d/CMakeFiles/opencv_test_features2d.dir/test/test_detectors_invariance.cpp.o
[ 83%] Building CXX object modules/core/CMakeFiles/opencv_test_core.dir/test/test_concatenation.cpp.o
[ 83%] Building CXX object modules/core/CMakeFiles/opencv_test_core.dir/test/test_conjugate_gradient.cpp.o
[ 83%] Building CXX object modules/imgproc/CMakeFiles/opencv_test_imgproc.dir/test/ocl/test_match_template.cpp.o
[ 84%] Building CXX object modules/core/CMakeFiles/opencv_test_core.dir/test/test_countnonzero.cpp.o
[ 84%] Building CXX object modules/videoio/CMakeFiles/opencv_test_videoio.dir/test/test_ffmpeg.cpp.o
[ 84%] Building CXX object modules/videoio/CMakeFiles/opencv_test_videoio.dir/test/test_gstreamer.cpp.o
[ 84%] Building CXX object modules/imgproc/CMakeFiles/opencv_test_imgproc.dir/test/ocl/test_medianfilter.cpp.o
[ 84%] Building CXX object modules/videoio/CMakeFiles/opencv_test_videoio.dir/test/test_images.cpp.o
[ 84%] Building CXX object modules/videoio/CMakeFiles/opencv_test_videoio.dir/test/test_main.cpp.o
[ 84%] Building CXX object modules/videoio/CMakeFiles/opencv_test_videoio.dir/test/test_mfx.cpp.o
[ 84%] Building CXX object modules/imgproc/CMakeFiles/opencv_test_imgproc.dir/test/ocl/test_pyramids.cpp.o
[ 84%] Building CXX object modules/videoio/CMakeFiles/opencv_test_videoio.dir/test/test_microphone.cpp.o
[ 86%] Building CXX object modules/features2d/CMakeFiles/opencv_test_features2d.dir/test/test_detectors_regression.cpp.o
[ 86%] Building CXX object modules/videoio/CMakeFiles/opencv_test_videoio.dir/test/test_orientation.cpp.o
[ 86%] Building CXX object modules/imgproc/CMakeFiles/opencv_test_imgproc.dir/test/ocl/test_sepfilter2d.cpp.o
[ 86%] Building CXX object modules/core/CMakeFiles/opencv_test_core.dir/test/test_cuda.cpp.o
[ 87%] Building CXX object modules/videoio/CMakeFiles/opencv_test_videoio.dir/test/test_plugins.cpp.o
[ 87%] Building CXX object modules/core/CMakeFiles/opencv_test_core.dir/test/test_downhill_simplex.cpp.o
[ 87%] Building CXX object modules/videoio/CMakeFiles/opencv_test_videoio.dir/test/test_v4l2.cpp.o
[ 87%] Building CXX object modules/core/CMakeFiles/opencv_test_core.dir/test/test_ds.cpp.o
[ 88%] Building CXX object modules/imgproc/CMakeFiles/opencv_test_imgproc.dir/test/ocl/test_warp.cpp.o
[ 88%] Building CXX object modules/features2d/CMakeFiles/opencv_test_features2d.dir/test/test_drawing.cpp.o
[ 88%] Building CXX object modules/videoio/CMakeFiles/opencv_test_videoio.dir/test/test_video_io.cpp.o
[ 88%] Building CXX object modules/imgproc/CMakeFiles/opencv_test_imgproc.dir/test/test_approxpoly.cpp.o
[ 88%] Building CXX object modules/core/CMakeFiles/opencv_test_core.dir/test/test_dxt.cpp.o
[ 88%] Building CXX object modules/imgproc/CMakeFiles/opencv_test_imgproc.dir/test/test_bilateral_filter.cpp.o
[ 88%] Building CXX object modules/features2d/CMakeFiles/opencv_test_features2d.dir/test/test_fast.cpp.o
[ 88%] Building CXX object modules/imgproc/CMakeFiles/opencv_test_imgproc.dir/test/test_boundingrect.cpp.o
[ 88%] Building CXX object modules/imgproc/CMakeFiles/opencv_test_imgproc.dir/test/test_canny.cpp.o
[ 88%] Building CXX object modules/core/CMakeFiles/opencv_test_core.dir/test/test_eigen.cpp.o
[ 88%] Building CXX object modules/features2d/CMakeFiles/opencv_test_features2d.dir/test/test_keypoints.cpp.o
[ 88%] Building CXX object modules/core/CMakeFiles/opencv_test_core.dir/test/test_hal_core.cpp.o
[ 88%] Building CXX object modules/imgcodecs/CMakeFiles/opencv_test_imgcodecs.dir/test/test_webp.cpp.o
[ 88%] Building CXX object modules/core/CMakeFiles/opencv_test_core.dir/test/test_hasnonzero.cpp.o
[ 88%] Building CXX object modules/imgproc/CMakeFiles/opencv_test_imgproc.dir/test/test_color.cpp.o
[ 88%] Building CXX object modules/features2d/CMakeFiles/opencv_test_features2d.dir/test/test_main.cpp.o
[ 89%] Linking CXX executable ../../bin/opencv_test_imgcodecs
[ 89%] Built target opencv_test_imgcodecs
[ 89%] Building CXX object modules/features2d/CMakeFiles/opencv_test_features2d.dir/test/test_matchers_algorithmic.cpp.o
[ 90%] Building CXX object modules/core/CMakeFiles/opencv_test_core.dir/test/test_intrin.cpp.o
[ 90%] Building CXX object modules/core/CMakeFiles/opencv_test_core.dir/test/test_intrin_emulator.cpp.o
[ 90%] Building CXX object modules/core/CMakeFiles/opencv_test_core.dir/test/test_io.cpp.o
[ 90%] Building CXX object modules/imgproc/CMakeFiles/opencv_test_imgproc.dir/test/test_connectedcomponents.cpp.o
[ 90%] Building CXX object modules/imgproc/CMakeFiles/opencv_test_imgproc.dir/test/test_contours.cpp.o
[ 90%] Building CXX object modules/core/CMakeFiles/opencv_test_core.dir/test/test_logtagconfigparser.cpp.o
[ 90%] Building CXX object modules/features2d/CMakeFiles/opencv_test_features2d.dir/test/test_mser.cpp.o
[ 90%] Linking CXX executable ../../bin/opencv_test_videoio
[ 90%] Built target opencv_test_videoio
[ 90%] Building CXX object modules/features2d/CMakeFiles/opencv_test_features2d.dir/test/test_nearestneighbors.cpp.o
[ 91%] Building CXX object modules/features2d/CMakeFiles/opencv_test_features2d.dir/test/test_orb.cpp.o
[ 92%] Building CXX object modules/imgproc/CMakeFiles/opencv_test_imgproc.dir/test/test_contours_new.cpp.o
[ 92%] Building CXX object modules/features2d/CMakeFiles/opencv_test_features2d.dir/test/test_sift.cpp.o
[ 92%] Building CXX object modules/imgproc/CMakeFiles/opencv_test_imgproc.dir/test/test_convhull.cpp.o
[ 92%] Building CXX object modules/features2d/CMakeFiles/opencv_test_features2d.dir/test/test_utils.cpp.o
[ 92%] Building CXX object modules/imgproc/CMakeFiles/opencv_test_imgproc.dir/test/test_cornersubpix.cpp.o
[ 92%] Linking CXX executable ../../bin/opencv_test_features2d
[ 92%] Built target opencv_test_features2d
[ 92%] Building CXX object modules/imgproc/CMakeFiles/opencv_test_imgproc.dir/test/test_cvtyuv.cpp.o
[ 92%] Building CXX object modules/imgproc/CMakeFiles/opencv_test_imgproc.dir/test/test_distancetransform.cpp.o
[ 92%] Building CXX object modules/core/CMakeFiles/opencv_test_core.dir/test/test_logtagmanager.cpp.o
[ 92%] Building CXX object modules/imgproc/CMakeFiles/opencv_test_imgproc.dir/test/test_drawing.cpp.o
[ 92%] Building CXX object modules/imgproc/CMakeFiles/opencv_test_imgproc.dir/test/test_emd.cpp.o
[ 92%] Building CXX object modules/imgproc/CMakeFiles/opencv_test_imgproc.dir/test/test_filter.cpp.o
[ 93%] Building CXX object modules/imgproc/CMakeFiles/opencv_test_imgproc.dir/test/test_fitellipse.cpp.o
[ 93%] Building CXX object modules/imgproc/CMakeFiles/opencv_test_imgproc.dir/test/test_fitellipse_ams.cpp.o
[ 93%] Building CXX object modules/core/CMakeFiles/opencv_test_core.dir/test/test_lpsolver.cpp.o
[ 93%] Building CXX object modules/imgproc/CMakeFiles/opencv_test_imgproc.dir/test/test_fitellipse_direct.cpp.o
[ 93%] Building CXX object modules/imgproc/CMakeFiles/opencv_test_imgproc.dir/test/test_floodfill.cpp.o
[ 93%] Building CXX object modules/imgproc/CMakeFiles/opencv_test_imgproc.dir/test/test_goodfeaturetotrack.cpp.o
[ 93%] Building CXX object modules/core/CMakeFiles/opencv_test_core.dir/test/test_main.cpp.o
[ 93%] Building CXX object modules/core/CMakeFiles/opencv_test_core.dir/test/test_mat.cpp.o
[ 94%] Building CXX object modules/core/CMakeFiles/opencv_test_core.dir/test/test_math.cpp.o
[ 94%] Building CXX object modules/imgproc/CMakeFiles/opencv_test_imgproc.dir/test/test_grabcut.cpp.o
[ 94%] Building CXX object modules/imgproc/CMakeFiles/opencv_test_imgproc.dir/test/test_histograms.cpp.o
[ 94%] Building CXX object modules/core/CMakeFiles/opencv_test_core.dir/test/test_misc.cpp.o
[ 94%] Building CXX object modules/imgproc/CMakeFiles/opencv_test_imgproc.dir/test/test_houghcircles.cpp.o
[ 95%] Building CXX object modules/imgproc/CMakeFiles/opencv_test_imgproc.dir/test/test_houghlines.cpp.o
[ 95%] Building CXX object modules/imgproc/CMakeFiles/opencv_test_imgproc.dir/test/test_imgproc_umat.cpp.o
[ 95%] Building CXX object modules/imgproc/CMakeFiles/opencv_test_imgproc.dir/test/test_imgwarp.cpp.o
[ 95%] Building CXX object modules/imgproc/CMakeFiles/opencv_test_imgproc.dir/test/test_imgwarp_strict.cpp.o
[ 95%] Building CXX object modules/imgproc/CMakeFiles/opencv_test_imgproc.dir/test/test_intelligent_scissors.cpp.o
[ 95%] Building CXX object modules/imgproc/CMakeFiles/opencv_test_imgproc.dir/test/test_intersectconvexconvex.cpp.o
[ 95%] Building CXX object modules/core/CMakeFiles/opencv_test_core.dir/test/test_opencl.cpp.o
[ 95%] Building CXX object modules/imgproc/CMakeFiles/opencv_test_imgproc.dir/test/test_intersection.cpp.o
[ 95%] Building CXX object modules/imgproc/CMakeFiles/opencv_test_imgproc.dir/test/test_lsd.cpp.o
[ 96%] Building CXX object modules/imgproc/CMakeFiles/opencv_test_imgproc.dir/test/test_main.cpp.o
[ 96%] Building CXX object modules/imgproc/CMakeFiles/opencv_test_imgproc.dir/test/test_moments.cpp.o
[ 96%] Building CXX object modules/imgproc/CMakeFiles/opencv_test_imgproc.dir/test/test_pc.cpp.o
[ 96%] Building CXX object modules/imgproc/CMakeFiles/opencv_test_imgproc.dir/test/test_pyramid.cpp.o
[ 96%] Building CXX object modules/core/CMakeFiles/opencv_test_core.dir/test/test_operations.cpp.o
[ 96%] Building CXX object modules/imgproc/CMakeFiles/opencv_test_imgproc.dir/test/test_resize_bitexact.cpp.o
[ 96%] Building CXX object modules/imgproc/CMakeFiles/opencv_test_imgproc.dir/test/test_smooth_bitexact.cpp.o
[ 96%] Building CXX object modules/imgproc/CMakeFiles/opencv_test_imgproc.dir/test/test_stackblur.cpp.o
[ 96%] Building CXX object modules/imgproc/CMakeFiles/opencv_test_imgproc.dir/test/test_subdivision2d.cpp.o
[ 97%] Building CXX object modules/imgproc/CMakeFiles/opencv_test_imgproc.dir/test/test_templmatch.cpp.o
[ 97%] Building CXX object modules/imgproc/CMakeFiles/opencv_test_imgproc.dir/test/test_templmatchmask.cpp.o
[ 97%] Building CXX object modules/imgproc/CMakeFiles/opencv_test_imgproc.dir/test/test_thresh.cpp.o
[ 97%] Building CXX object modules/imgproc/CMakeFiles/opencv_test_imgproc.dir/test/test_watershed.cpp.o
[ 97%] Building CXX object modules/core/CMakeFiles/opencv_test_core.dir/test/test_ptr.cpp.o
[ 97%] Building CXX object modules/core/CMakeFiles/opencv_test_core.dir/test/test_quaternion.cpp.o
[ 97%] Building CXX object modules/core/CMakeFiles/opencv_test_core.dir/test/test_rand.cpp.o
[ 97%] Building CXX object modules/core/CMakeFiles/opencv_test_core.dir/test/test_rotatedrect.cpp.o
[ 97%] Building CXX object modules/core/CMakeFiles/opencv_test_core.dir/test/test_umat.cpp.o
[ 98%] Building CXX object modules/core/CMakeFiles/opencv_test_core.dir/test/test_utils.cpp.o
[ 98%] Linking CXX executable ../../bin/opencv_test_imgproc
[ 98%] Building CXX object modules/core/CMakeFiles/opencv_test_core.dir/test/test_intrin128.sse2.cpp.o
[ 98%] Building CXX object modules/core/CMakeFiles/opencv_test_core.dir/test/test_intrin128.sse3.cpp.o
[ 98%] Building CXX object modules/core/CMakeFiles/opencv_test_core.dir/test/test_intrin128.ssse3.cpp.o
[ 98%] Building CXX object modules/core/CMakeFiles/opencv_test_core.dir/test/test_intrin128.sse4_1.cpp.o
[ 98%] Built target opencv_test_imgproc
[ 98%] Building CXX object modules/core/CMakeFiles/opencv_test_core.dir/test/test_intrin128.sse4_2.cpp.o
[ 98%] Building CXX object modules/core/CMakeFiles/opencv_test_core.dir/test/test_intrin128.fp16.cpp.o
[ 98%] Building CXX object modules/core/CMakeFiles/opencv_test_core.dir/test/test_intrin128.avx.cpp.o
[100%] Building CXX object modules/core/CMakeFiles/opencv_test_core.dir/test/test_intrin128.avx2.cpp.o
[100%] Building CXX object modules/core/CMakeFiles/opencv_test_core.dir/test/test_intrin256.avx2.cpp.o
[100%] Building CXX object modules/core/CMakeFiles/opencv_test_core.dir/test/test_intrin128.avx512_skx.cpp.o
[100%] Building CXX object modules/core/CMakeFiles/opencv_test_core.dir/test/test_intrin256.avx512_skx.cpp.o
[100%] Building CXX object modules/core/CMakeFiles/opencv_test_core.dir/test/test_intrin512.avx512_skx.cpp.o
[100%] Linking CXX executable ../../bin/opencv_test_core
[100%] Built target opencv_test_core
Consolidate compiler generated dependencies of target ittnotify
Consolidate compiler generated dependencies of target ippiw
[  0%] Built target opencv_videoio_plugins
[  0%] Built target opencv_highgui_plugins
[  0%] Built target opencv_dnn_plugins
[  4%] Built target ippiw
Consolidate compiler generated dependencies of target libopenjp2
[  4%] Built target ittnotify
Consolidate compiler generated dependencies of target libwebp
[  7%] Built target libopenjp2
[ 24%] Built target libwebp
Consolidate compiler generated dependencies of target IlmImf
[ 38%] Built target IlmImf
Consolidate compiler generated dependencies of target opencv_core
[ 53%] Built target opencv_core
Consolidate compiler generated dependencies of target opencv_version
[ 54%] Built target opencv_version
Consolidate compiler generated dependencies of target opencv_imgproc
[ 67%] Built target opencv_imgproc
Consolidate compiler generated dependencies of target opencv_imgcodecs
Consolidate compiler generated dependencies of target opencv_features2d
[ 70%] Built target opencv_imgcodecs
[ 70%] Building CXX object modules/features2d/CMakeFiles/opencv_features2d.dir/src/fast_score.cpp.o
Consolidate compiler generated dependencies of target opencv_videoio
[ 72%] Built target opencv_videoio
Consolidate compiler generated dependencies of target opencv_highgui
[ 73%] Built target opencv_highgui
Consolidate compiler generated dependencies of target opencv_visualisation
Consolidate compiler generated dependencies of target opencv_annotation
[ 74%] Built target opencv_visualisation
[ 74%] Built target opencv_annotation
Consolidate compiler generated dependencies of target opencv_ts
[ 75%] Built target opencv_ts
Consolidate compiler generated dependencies of target opencv_test_highgui
Consolidate compiler generated dependencies of target opencv_test_imgcodecs
[ 75%] Built target opencv_test_highgui
[ 77%] Built target opencv_test_imgcodecs
Consolidate compiler generated dependencies of target opencv_test_videoio
[ 79%] Built target opencv_test_videoio
Consolidate compiler generated dependencies of target opencv_test_core
Consolidate compiler generated dependencies of target opencv_test_imgproc
[ 86%] Built target opencv_test_core
[ 93%] Built target opencv_test_imgproc
[ 93%] Linking CXX shared library ../../lib/libopencv_features2d.so
[ 96%] Built target opencv_features2d
Consolidate compiler generated dependencies of target opencv_test_features2d
[ 96%] Linking CXX executable ../../bin/opencv_test_features2d
[100%] Built target opencv_test_features2d
Testing mutant fast_score.MUT363.cpp on faster11.swtv::core5
>> Configuring opencv_features2d_TF_top30 without coverage
>> Building opencv_features2d_TF_top30
>> Applied patch to fast_score.cpp with fast_score.MUT363.cpp
>> Building opencv_features2d_TF_top30
Mutant fast_score.MUT363.cpp is not killed (all tcs pass)
>> Reverted fast_score.cpp to original from fast_score.MUT363.cpp

+++++ STDERR +++++

+++++ results for fast_score.MUT505.cpp +++++
+++++ STDOUT +++++
[  0%] Built target opencv_highgui_plugins
[  0%] Built target opencv_videoio_plugins
[  0%] Built target opencv_dnn_plugins
[  0%] Built target ittnotify
[  4%] Built target ippiw
[  7%] Built target libopenjp2
[ 24%] Built target libwebp
[ 38%] Built target IlmImf
[ 53%] Built target opencv_core
[ 54%] Built target opencv_version
[ 67%] Built target opencv_imgproc
[ 70%] Built target opencv_imgcodecs
Consolidate compiler generated dependencies of target opencv_features2d
[ 72%] Built target opencv_videoio
[ 72%] Building CXX object modules/features2d/CMakeFiles/opencv_features2d.dir/src/fast_score.cpp.o
[ 73%] Built target opencv_highgui
[ 73%] Built target opencv_annotation
[ 74%] Built target opencv_visualisation
[ 75%] Built target opencv_ts
[ 75%] Built target opencv_test_highgui
[ 77%] Built target opencv_test_imgcodecs
[ 79%] Built target opencv_test_videoio
[ 86%] Built target opencv_test_core
[ 93%] Built target opencv_test_imgproc
[ 93%] Linking CXX shared library ../../lib/libopencv_features2d.so
[ 96%] Built target opencv_features2d
[ 96%] Linking CXX executable ../../bin/opencv_test_features2d
[100%] Built target opencv_test_features2d
[  0%] Built target opencv_highgui_plugins
[  0%] Built target opencv_dnn_plugins
[  0%] Built target opencv_videoio_plugins
[  0%] Built target ittnotify
[  3%] Built target libopenjp2
[  7%] Built target ippiw
[ 24%] Built target libwebp
[ 38%] Built target IlmImf
[ 53%] Built target opencv_core
[ 54%] Built target opencv_version
[ 67%] Built target opencv_imgproc
[ 70%] Built target opencv_imgcodecs
[ 72%] Built target opencv_videoio
Consolidate compiler generated dependencies of target opencv_features2d
[ 73%] Building CXX object modules/features2d/CMakeFiles/opencv_features2d.dir/src/fast_score.cpp.o
[ 73%] Built target opencv_highgui
[ 73%] Built target opencv_annotation
[ 74%] Built target opencv_visualisation
[ 75%] Built target opencv_ts
[ 75%] Built target opencv_test_highgui
[ 77%] Built target opencv_test_imgcodecs
[ 79%] Built target opencv_test_videoio
[ 86%] Built target opencv_test_core
[ 93%] Built target opencv_test_imgproc
[ 93%] Linking CXX shared library ../../lib/libopencv_features2d.so
[ 96%] Built target opencv_features2d
[ 96%] Linking CXX executable ../../bin/opencv_test_features2d
[100%] Built target opencv_test_features2d
Testing mutant fast_score.MUT505.cpp on faster11.swtv::core5
>> Building opencv_features2d_TF_top30
>> Applied patch to fast_score.cpp with fast_score.MUT505.cpp
>> Building opencv_features2d_TF_top30
Mutant fast_score.MUT505.cpp is not killed (all tcs pass)
>> Reverted fast_score.cpp to original from fast_score.MUT505.cpp

+++++ STDERR +++++

+++++ results for fast_score.MUT197.cpp +++++
+++++ STDOUT +++++
[  0%] Built target opencv_videoio_plugins
[  0%] Built target opencv_dnn_plugins
[  1%] Built target opencv_highgui_plugins
[  4%] Built target ippiw
[  7%] Built target libopenjp2
[  7%] Built target ittnotify
[ 24%] Built target libwebp
[ 38%] Built target IlmImf
[ 53%] Built target opencv_core
[ 54%] Built target opencv_version
[ 67%] Built target opencv_imgproc
[ 70%] Built target opencv_imgcodecs
[ 72%] Built target opencv_videoio
Consolidate compiler generated dependencies of target opencv_features2d
[ 72%] Building CXX object modules/features2d/CMakeFiles/opencv_features2d.dir/src/fast_score.cpp.o
[ 73%] Built target opencv_highgui
[ 73%] Built target opencv_annotation
[ 74%] Built target opencv_visualisation
[ 75%] Built target opencv_ts
[ 75%] Built target opencv_test_highgui
[ 77%] Built target opencv_test_imgcodecs
[ 79%] Built target opencv_test_videoio
[ 91%] Built target opencv_test_core
[ 93%] Built target opencv_test_imgproc
[ 93%] Linking CXX shared library ../../lib/libopencv_features2d.so
[ 96%] Built target opencv_features2d
[ 96%] Linking CXX executable ../../bin/opencv_test_features2d
[100%] Built target opencv_test_features2d
[  0%] Built target opencv_dnn_plugins
[  0%] Built target ittnotify
[  0%] Built target opencv_videoio_plugins
[  0%] Built target opencv_highgui_plugins
[  4%] Built target ippiw
[  7%] Built target libopenjp2
[ 24%] Built target libwebp
[ 38%] Built target IlmImf
[ 53%] Built target opencv_core
[ 54%] Built target opencv_version
[ 67%] Built target opencv_imgproc
[ 70%] Built target opencv_imgcodecs
[ 72%] Built target opencv_videoio
Consolidate compiler generated dependencies of target opencv_features2d
[ 72%] Building CXX object modules/features2d/CMakeFiles/opencv_features2d.dir/src/fast_score.cpp.o
[ 73%] Built target opencv_highgui
[ 73%] Built target opencv_annotation
[ 74%] Built target opencv_visualisation
[ 75%] Built target opencv_ts
[ 75%] Built target opencv_test_highgui
[ 77%] Built target opencv_test_imgcodecs
[ 79%] Built target opencv_test_videoio
[ 86%] Built target opencv_test_core
[ 93%] Built target opencv_test_imgproc
[ 93%] Linking CXX shared library ../../lib/libopencv_features2d.so
[ 96%] Built target opencv_features2d
[ 96%] Linking CXX executable ../../bin/opencv_test_features2d
[100%] Built target opencv_test_features2d
Testing mutant fast_score.MUT197.cpp on faster11.swtv::core5
>> Building opencv_features2d_TF_top30
>> Applied patch to fast_score.cpp with fast_score.MUT197.cpp
>> Building opencv_features2d_TF_top30
Mutant fast_score.MUT197.cpp is not killed (all tcs pass)
>> Reverted fast_score.cpp to original from fast_score.MUT197.cpp

+++++ STDERR +++++

+++++ results for fast_score.MUT500.cpp +++++
+++++ STDOUT +++++
[  0%] Built target opencv_highgui_plugins
[  0%] Built target ittnotify
[  3%] Built target libopenjp2
[  3%] Built target opencv_dnn_plugins
[  3%] Built target opencv_videoio_plugins
[  7%] Built target ippiw
[ 24%] Built target libwebp
[ 38%] Built target IlmImf
[ 53%] Built target opencv_core
[ 54%] Built target opencv_version
[ 67%] Built target opencv_imgproc
[ 70%] Built target opencv_imgcodecs
[ 72%] Built target opencv_videoio
Consolidate compiler generated dependencies of target opencv_features2d
[ 73%] Built target opencv_highgui
[ 73%] Building CXX object modules/features2d/CMakeFiles/opencv_features2d.dir/src/fast_score.cpp.o
[ 73%] Built target opencv_annotation
[ 74%] Built target opencv_visualisation
[ 75%] Built target opencv_ts
[ 75%] Built target opencv_test_highgui
[ 77%] Built target opencv_test_imgcodecs
[ 79%] Built target opencv_test_videoio
[ 86%] Built target opencv_test_core
[ 93%] Built target opencv_test_imgproc
[ 93%] Linking CXX shared library ../../lib/libopencv_features2d.so
[ 96%] Built target opencv_features2d
[ 96%] Linking CXX executable ../../bin/opencv_test_features2d
[100%] Built target opencv_test_features2d
[  0%] Built target opencv_videoio_plugins
[  0%] Built target opencv_highgui_plugins
[  0%] Built target opencv_dnn_plugins
[  0%] Built target ittnotify
[  4%] Built target ippiw
[  7%] Built target libopenjp2
[ 24%] Built target libwebp
[ 38%] Built target IlmImf
[ 53%] Built target opencv_core
[ 54%] Built target opencv_version
[ 67%] Built target opencv_imgproc
[ 70%] Built target opencv_imgcodecs
[ 72%] Built target opencv_videoio
Consolidate compiler generated dependencies of target opencv_features2d
[ 73%] Built target opencv_highgui
[ 73%] Building CXX object modules/features2d/CMakeFiles/opencv_features2d.dir/src/fast_score.cpp.o
[ 74%] Built target opencv_annotation
[ 74%] Built target opencv_visualisation
[ 75%] Built target opencv_ts
[ 75%] Built target opencv_test_highgui
[ 77%] Built target opencv_test_imgcodecs
[ 79%] Built target opencv_test_videoio
[ 86%] Built target opencv_test_core
[ 93%] Built target opencv_test_imgproc
[ 93%] Linking CXX shared library ../../lib/libopencv_features2d.so
[ 96%] Built target opencv_features2d
[ 96%] Linking CXX executable ../../bin/opencv_test_features2d
[100%] Built target opencv_test_features2d
Testing mutant fast_score.MUT500.cpp on faster11.swtv::core5
>> Building opencv_features2d_TF_top30
>> Applied patch to fast_score.cpp with fast_score.MUT500.cpp
>> Building opencv_features2d_TF_top30
Mutant fast_score.MUT500.cpp is not killed (all tcs pass)
>> Reverted fast_score.cpp to original from fast_score.MUT500.cpp

+++++ STDERR +++++

+++++ results for fast.MUT233.cpp +++++
+++++ STDOUT +++++
[  0%] Built target opencv_highgui_plugins
[  0%] Built target opencv_dnn_plugins
[  0%] Built target opencv_videoio_plugins
[  0%] Built target ittnotify
[  3%] Built target libopenjp2
[  7%] Built target ippiw
[ 24%] Built target libwebp
[ 38%] Built target IlmImf
[ 53%] Built target opencv_core
[ 54%] Built target opencv_version
[ 67%] Built target opencv_imgproc
[ 70%] Built target opencv_imgcodecs
Consolidate compiler generated dependencies of target opencv_features2d
[ 72%] Built target opencv_videoio
[ 72%] Building CXX object modules/features2d/CMakeFiles/opencv_features2d.dir/src/fast_score.cpp.o
[ 73%] Built target opencv_highgui
[ 73%] Built target opencv_annotation
[ 74%] Built target opencv_visualisation
[ 75%] Built target opencv_ts
[ 75%] Built target opencv_test_highgui
[ 77%] Built target opencv_test_imgcodecs
[ 79%] Built target opencv_test_videoio
[ 86%] Built target opencv_test_core
[ 93%] Built target opencv_test_imgproc
[ 93%] Linking CXX shared library ../../lib/libopencv_features2d.so
[ 96%] Built target opencv_features2d
[ 96%] Linking CXX executable ../../bin/opencv_test_features2d
[100%] Built target opencv_test_features2d
[  0%] Built target opencv_videoio_plugins
[  0%] Built target opencv_highgui_plugins
[  0%] Built target opencv_dnn_plugins
[  1%] Built target ittnotify
[  3%] Built target libopenjp2
[  7%] Built target ippiw
[ 24%] Built target libwebp
[ 38%] Built target IlmImf
[ 53%] Built target opencv_core
[ 54%] Built target opencv_version
[ 67%] Built target opencv_imgproc
[ 70%] Built target opencv_imgcodecs
Consolidate compiler generated dependencies of target opencv_features2d
[ 72%] Built target opencv_videoio
[ 72%] Building CXX object modules/features2d/CMakeFiles/opencv_features2d.dir/src/fast.cpp.o
[ 73%] Built target opencv_highgui
[ 74%] Built target opencv_annotation
[ 74%] Built target opencv_visualisation
[ 75%] Built target opencv_ts
[ 75%] Built target opencv_test_highgui
[ 77%] Built target opencv_test_imgcodecs
[ 79%] Built target opencv_test_videoio
[ 86%] Built target opencv_test_core
[ 93%] Built target opencv_test_imgproc
[ 93%] Linking CXX shared library ../../lib/libopencv_features2d.so
[ 96%] Built target opencv_features2d
[ 96%] Linking CXX executable ../../bin/opencv_test_features2d
[100%] Built target opencv_test_features2d
Testing mutant fast.MUT233.cpp on faster11.swtv::core5
>> Building opencv_features2d_TF_top30
>> Applied patch to fast.cpp with fast.MUT233.cpp
>> Building opencv_features2d_TF_top30
SELECT bug_idx FROM bug_info WHERE subject = %s AND experiment_name = %s AND version = %s ['opencv_features2d_TF_top30', 'TF_top30', 'fast.MUT233.cpp']
>> Saved buggy mutant fast.MUT233.cpp
	 - Failing test cases: 2
	 - Passing test cases: 60
	 - Crashing test cases: 0
>> Reverted fast.cpp to original from fast.MUT233.cpp

+++++ STDERR +++++

+++++ results for fast.MUT247.cpp +++++
+++++ STDOUT +++++
[  0%] Built target opencv_videoio_plugins
[  0%] Built target opencv_dnn_plugins
[  0%] Built target opencv_highgui_plugins
[  0%] Built target ittnotify
[  3%] Built target libopenjp2
[  7%] Built target ippiw
[ 24%] Built target libwebp
[ 38%] Built target IlmImf
[ 53%] Built target opencv_core
[ 54%] Built target opencv_version
[ 67%] Built target opencv_imgproc
[ 70%] Built target opencv_imgcodecs
[ 72%] Built target opencv_videoio
Consolidate compiler generated dependencies of target opencv_features2d
[ 72%] Building CXX object modules/features2d/CMakeFiles/opencv_features2d.dir/src/fast.cpp.o
[ 73%] Built target opencv_highgui
[ 73%] Built target opencv_annotation
[ 74%] Built target opencv_visualisation
[ 75%] Built target opencv_ts
[ 77%] Built target opencv_test_imgcodecs
[ 77%] Built target opencv_test_highgui
[ 79%] Built target opencv_test_videoio
[ 86%] Built target opencv_test_core
[ 93%] Built target opencv_test_imgproc
[ 93%] Linking CXX shared library ../../lib/libopencv_features2d.so
[ 96%] Built target opencv_features2d
[ 96%] Linking CXX executable ../../bin/opencv_test_features2d
[100%] Built target opencv_test_features2d
[  0%] Built target opencv_dnn_plugins
[  0%] Built target opencv_videoio_plugins
[  0%] Built target opencv_highgui_plugins
[  3%] Built target libopenjp2
[  3%] Built target ittnotify
[  7%] Built target ippiw
[ 24%] Built target libwebp
[ 38%] Built target IlmImf
[ 53%] Built target opencv_core
[ 54%] Built target opencv_version
[ 67%] Built target opencv_imgproc
[ 70%] Built target opencv_imgcodecs
[ 72%] Built target opencv_videoio
Consolidate compiler generated dependencies of target opencv_features2d
[ 73%] Built target opencv_highgui
[ 73%] Building CXX object modules/features2d/CMakeFiles/opencv_features2d.dir/src/fast.cpp.o
[ 73%] Built target opencv_annotation
[ 74%] Built target opencv_ts
[ 75%] Built target opencv_visualisation
[ 78%] Built target opencv_test_videoio
[ 79%] Built target opencv_test_imgcodecs
[ 79%] Built target opencv_test_highgui
[ 87%] Built target opencv_test_imgproc
[ 93%] Built target opencv_test_core
[ 93%] Linking CXX shared library ../../lib/libopencv_features2d.so
[ 96%] Built target opencv_features2d
[ 96%] Linking CXX executable ../../bin/opencv_test_features2d
[100%] Built target opencv_test_features2d
Testing mutant fast.MUT247.cpp on faster11.swtv::core5
>> Building opencv_features2d_TF_top30
>> Applied patch to fast.cpp with fast.MUT247.cpp
>> Building opencv_features2d_TF_top30
SELECT bug_idx FROM bug_info WHERE subject = %s AND experiment_name = %s AND version = %s ['opencv_features2d_TF_top30', 'TF_top30', 'fast.MUT247.cpp']
>> Saved buggy mutant fast.MUT247.cpp
	 - Failing test cases: 5
	 - Passing test cases: 53
	 - Crashing test cases: 4
>> Reverted fast.cpp to original from fast.MUT247.cpp

+++++ STDERR +++++
/home/yangheechan/FL-dataset-generation-opencv_features2d_TF_top30/work/opencv_features2d_TF_top30/working_env/faster11.swtv/core5/opencv_features2d_TF_top30/modules/features2d/src/fast.cpp: In function void cv::FAST_t(cv::InputArray, std::vector<cv::KeyPoint>&, int, bool):
/home/yangheechan/FL-dataset-generation-opencv_features2d_TF_top30/work/opencv_features2d_TF_top30/working_env/faster11.swtv/core5/opencv_features2d_TF_top30/modules/features2d/src/fast.cpp:215:23: warning: division by zero [-Wdiv-by-zero]
  215 |                 if( d % 0 )
      |                     ~~^~~
/home/yangheechan/FL-dataset-generation-opencv_features2d_TF_top30/work/opencv_features2d_TF_top30/working_env/faster11.swtv/core5/opencv_features2d_TF_top30/modules/features2d/src/fast.cpp: In instantiation of void cv::FAST_t(cv::InputArray, std::vector<cv::KeyPoint>&, int, bool) [with int patternSize = 8; cv::InputArray = const cv::_InputArray&]:
/home/yangheechan/FL-dataset-generation-opencv_features2d_TF_top30/work/opencv_features2d_TF_top30/working_env/faster11.swtv/core5/opencv_features2d_TF_top30/modules/features2d/src/fast.cpp:515:18:   required from here
/home/yangheechan/FL-dataset-generation-opencv_features2d_TF_top30/work/opencv_features2d_TF_top30/working_env/faster11.swtv/core5/opencv_features2d_TF_top30/modules/features2d/src/fast.cpp:215:23: warning: division by zero [-Wdiv-by-zero]
/home/yangheechan/FL-dataset-generation-opencv_features2d_TF_top30/work/opencv_features2d_TF_top30/working_env/faster11.swtv/core5/opencv_features2d_TF_top30/modules/features2d/src/fast.cpp: In instantiation of void cv::FAST_t(cv::InputArray, std::vector<cv::KeyPoint>&, int, bool) [with int patternSize = 12; cv::InputArray = const cv::_InputArray&]:
/home/yangheechan/FL-dataset-generation-opencv_features2d_TF_top30/work/opencv_features2d_TF_top30/working_env/faster11.swtv/core5/opencv_features2d_TF_top30/modules/features2d/src/fast.cpp:518:19:   required from here
/home/yangheechan/FL-dataset-generation-opencv_features2d_TF_top30/work/opencv_features2d_TF_top30/working_env/faster11.swtv/core5/opencv_features2d_TF_top30/modules/features2d/src/fast.cpp:215:23: warning: division by zero [-Wdiv-by-zero]
/home/yangheechan/FL-dataset-generation-opencv_features2d_TF_top30/work/opencv_features2d_TF_top30/working_env/faster11.swtv/core5/opencv_features2d_TF_top30/modules/features2d/src/fast.cpp: In instantiation of void cv::FAST_t(cv::InputArray, std::vector<cv::KeyPoint>&, int, bool) [with int patternSize = 16; cv::InputArray = const cv::_InputArray&]:
/home/yangheechan/FL-dataset-generation-opencv_features2d_TF_top30/work/opencv_features2d_TF_top30/working_env/faster11.swtv/core5/opencv_features2d_TF_top30/modules/features2d/src/fast.cpp:521:19:   required from here
/home/yangheechan/FL-dataset-generation-opencv_features2d_TF_top30/work/opencv_features2d_TF_top30/working_env/faster11.swtv/core5/opencv_features2d_TF_top30/modules/features2d/src/fast.cpp:215:23: warning: division by zero [-Wdiv-by-zero]

+++++ results for fast.MUT196.cpp +++++
+++++ STDOUT +++++
[  0%] Built target opencv_dnn_plugins
[  0%] Built target opencv_highgui_plugins
[  0%] Built target opencv_videoio_plugins
[  0%] Built target ittnotify
[  3%] Built target libopenjp2
[  7%] Built target ippiw
[ 24%] Built target libwebp
[ 38%] Built target IlmImf
[ 53%] Built target opencv_core
[ 54%] Built target opencv_version
[ 67%] Built target opencv_imgproc
[ 70%] Built target opencv_imgcodecs
Consolidate compiler generated dependencies of target opencv_features2d
[ 72%] Built target opencv_videoio
[ 72%] Building CXX object modules/features2d/CMakeFiles/opencv_features2d.dir/src/fast.cpp.o
[ 73%] Built target opencv_highgui
[ 74%] Built target opencv_visualisation
[ 74%] Built target opencv_annotation
[ 75%] Built target opencv_ts
[ 77%] Built target opencv_test_imgcodecs
[ 79%] Built target opencv_test_videoio
[ 79%] Built target opencv_test_highgui
[ 87%] Built target opencv_test_core
[ 93%] Built target opencv_test_imgproc
[ 93%] Linking CXX shared library ../../lib/libopencv_features2d.so
[ 96%] Built target opencv_features2d
[ 96%] Linking CXX executable ../../bin/opencv_test_features2d
[100%] Built target opencv_test_features2d
[  0%] Built target opencv_videoio_plugins
[  0%] Built target opencv_dnn_plugins
[  0%] Built target opencv_highgui_plugins
[  0%] Built target ittnotify
[  7%] Built target ippiw
[  7%] Built target libopenjp2
[ 24%] Built target libwebp
[ 38%] Built target IlmImf
[ 53%] Built target opencv_core
[ 54%] Built target opencv_version
[ 67%] Built target opencv_imgproc
[ 70%] Built target opencv_imgcodecs
[ 72%] Built target opencv_videoio
Consolidate compiler generated dependencies of target opencv_features2d
[ 72%] Building CXX object modules/features2d/CMakeFiles/opencv_features2d.dir/src/fast.cpp.o
[ 73%] Built target opencv_highgui
[ 74%] Built target opencv_annotation
[ 74%] Built target opencv_visualisation
[ 75%] Built target opencv_ts
[ 75%] Built target opencv_test_highgui
[ 77%] Built target opencv_test_imgcodecs
[ 79%] Built target opencv_test_videoio
[ 86%] Built target opencv_test_core
[ 93%] Built target opencv_test_imgproc
[ 93%] Linking CXX shared library ../../lib/libopencv_features2d.so
[ 96%] Built target opencv_features2d
[ 96%] Linking CXX executable ../../bin/opencv_test_features2d
[100%] Built target opencv_test_features2d
Testing mutant fast.MUT196.cpp on faster11.swtv::core5
>> Building opencv_features2d_TF_top30
>> Applied patch to fast.cpp with fast.MUT196.cpp
>> Building opencv_features2d_TF_top30
Mutant fast.MUT196.cpp is not killed (all tcs pass)
>> Reverted fast.cpp to original from fast.MUT196.cpp

+++++ STDERR +++++

+++++ results for fast.MUT204.cpp +++++
+++++ STDOUT +++++
[  0%] Built target opencv_highgui_plugins
[  0%] Built target opencv_dnn_plugins
[  0%] Built target opencv_videoio_plugins
[  0%] Built target ittnotify
[  5%] Built target ippiw
[  7%] Built target libopenjp2
[ 24%] Built target libwebp
[ 38%] Built target IlmImf
[ 53%] Built target opencv_core
[ 54%] Built target opencv_version
[ 67%] Built target opencv_imgproc
[ 70%] Built target opencv_imgcodecs
[ 72%] Built target opencv_videoio
Consolidate compiler generated dependencies of target opencv_features2d
[ 73%] Built target opencv_highgui
[ 73%] Building CXX object modules/features2d/CMakeFiles/opencv_features2d.dir/src/fast.cpp.o
[ 73%] Built target opencv_annotation
[ 74%] Built target opencv_visualisation
[ 75%] Built target opencv_ts
[ 76%] Built target opencv_test_highgui
[ 77%] Built target opencv_test_imgcodecs
[ 79%] Built target opencv_test_videoio
[ 86%] Built target opencv_test_core
[ 93%] Built target opencv_test_imgproc
[ 93%] Linking CXX shared library ../../lib/libopencv_features2d.so
[ 96%] Built target opencv_features2d
[ 96%] Linking CXX executable ../../bin/opencv_test_features2d
[100%] Built target opencv_test_features2d
[  0%] Built target opencv_videoio_plugins
[  0%] Built target opencv_highgui_plugins
[  0%] Built target opencv_dnn_plugins
[  0%] Built target ittnotify
[  4%] Built target ippiw
[  7%] Built target libopenjp2
[ 24%] Built target libwebp
[ 38%] Built target IlmImf
[ 53%] Built target opencv_core
[ 54%] Built target opencv_version
[ 67%] Built target opencv_imgproc
[ 70%] Built target opencv_imgcodecs
Consolidate compiler generated dependencies of target opencv_features2d
[ 72%] Built target opencv_videoio
[ 72%] Building CXX object modules/features2d/CMakeFiles/opencv_features2d.dir/src/fast.cpp.o
[ 73%] Built target opencv_highgui
[ 73%] Built target opencv_annotation
[ 74%] Built target opencv_visualisation
[ 75%] Built target opencv_ts
[ 77%] Built target opencv_test_imgcodecs
[ 77%] Built target opencv_test_highgui
[ 79%] Built target opencv_test_videoio
[ 86%] Built target opencv_test_core
[ 93%] Built target opencv_test_imgproc
[ 93%] Linking CXX shared library ../../lib/libopencv_features2d.so
[ 96%] Built target opencv_features2d
[ 96%] Linking CXX executable ../../bin/opencv_test_features2d
[100%] Built target opencv_test_features2d
Testing mutant fast.MUT204.cpp on faster11.swtv::core5
>> Building opencv_features2d_TF_top30
>> Applied patch to fast.cpp with fast.MUT204.cpp
>> Building opencv_features2d_TF_top30
SELECT bug_idx FROM bug_info WHERE subject = %s AND experiment_name = %s AND version = %s ['opencv_features2d_TF_top30', 'TF_top30', 'fast.MUT204.cpp']
>> Saved buggy mutant fast.MUT204.cpp
	 - Failing test cases: 1
	 - Passing test cases: 61
	 - Crashing test cases: 0
>> Reverted fast.cpp to original from fast.MUT204.cpp

+++++ STDERR +++++

+++++ results for fast.MUT379.cpp +++++
+++++ STDOUT +++++
[  0%] Built target opencv_videoio_plugins
[  0%] Built target opencv_highgui_plugins
[  0%] Built target opencv_dnn_plugins
[  0%] Built target ittnotify
[  4%] Built target ippiw
[  7%] Built target libopenjp2
[ 24%] Built target libwebp
[ 38%] Built target IlmImf
[ 53%] Built target opencv_core
[ 54%] Built target opencv_version
[ 67%] Built target opencv_imgproc
[ 70%] Built target opencv_imgcodecs
Consolidate compiler generated dependencies of target opencv_features2d
[ 72%] Built target opencv_videoio
[ 72%] Building CXX object modules/features2d/CMakeFiles/opencv_features2d.dir/src/fast.cpp.o
[ 73%] Built target opencv_highgui
[ 73%] Built target opencv_annotation
[ 74%] Built target opencv_visualisation
[ 75%] Built target opencv_ts
[ 77%] Built target opencv_test_imgcodecs
[ 77%] Built target opencv_test_highgui
[ 79%] Built target opencv_test_videoio
[ 86%] Built target opencv_test_core
[ 93%] Built target opencv_test_imgproc
[ 93%] Linking CXX shared library ../../lib/libopencv_features2d.so
[ 96%] Built target opencv_features2d
[ 96%] Linking CXX executable ../../bin/opencv_test_features2d
[100%] Built target opencv_test_features2d
[  0%] Built target opencv_highgui_plugins
[  0%] Built target ittnotify
[  2%] Built target opencv_videoio_plugins
[  3%] Built target libopenjp2
[  4%] Built target opencv_dnn_plugins
[  7%] Built target ippiw
[ 24%] Built target libwebp
[ 38%] Built target IlmImf
[ 53%] Built target opencv_core
[ 54%] Built target opencv_version
[ 67%] Built target opencv_imgproc
[ 70%] Built target opencv_imgcodecs
[ 72%] Built target opencv_videoio
Consolidate compiler generated dependencies of target opencv_features2d
[ 73%] Built target opencv_highgui
[ 73%] Building CXX object modules/features2d/CMakeFiles/opencv_features2d.dir/src/fast.cpp.o
[ 73%] Built target opencv_annotation
[ 74%] Built target opencv_visualisation
[ 75%] Built target opencv_ts
[ 75%] Built target opencv_test_highgui
[ 77%] Built target opencv_test_imgcodecs
[ 79%] Built target opencv_test_videoio
[ 86%] Built target opencv_test_core
[ 93%] Built target opencv_test_imgproc
[ 93%] Linking CXX shared library ../../lib/libopencv_features2d.so
[ 96%] Built target opencv_features2d
[ 96%] Linking CXX executable ../../bin/opencv_test_features2d
[100%] Built target opencv_test_features2d
Testing mutant fast.MUT379.cpp on faster11.swtv::core5
>> Building opencv_features2d_TF_top30
>> Applied patch to fast.cpp with fast.MUT379.cpp
>> Building opencv_features2d_TF_top30
SELECT bug_idx FROM bug_info WHERE subject = %s AND experiment_name = %s AND version = %s ['opencv_features2d_TF_top30', 'TF_top30', 'fast.MUT379.cpp']
>> Saved buggy mutant fast.MUT379.cpp
	 - Failing test cases: 7
	 - Passing test cases: 55
	 - Crashing test cases: 0
>> Reverted fast.cpp to original from fast.MUT379.cpp

+++++ STDERR +++++

+++++ results for fast.avx2.MUT98.cpp +++++
+++++ STDOUT +++++
[  0%] Built target ittnotify
[  0%] Built target opencv_videoio_plugins
[  1%] Built target opencv_dnn_plugins
[  4%] Built target ippiw
[  4%] Built target opencv_highgui_plugins
[  7%] Built target libopenjp2
[ 24%] Built target libwebp
[ 38%] Built target IlmImf
[ 53%] Built target opencv_core
[ 54%] Built target opencv_version
[ 67%] Built target opencv_imgproc
[ 70%] Built target opencv_imgcodecs
Consolidate compiler generated dependencies of target opencv_features2d
[ 72%] Built target opencv_videoio
[ 72%] Building CXX object modules/features2d/CMakeFiles/opencv_features2d.dir/src/fast.cpp.o
[ 73%] Built target opencv_highgui
[ 73%] Built target opencv_annotation
[ 74%] Built target opencv_visualisation
[ 75%] Built target opencv_ts
[ 75%] Built target opencv_test_highgui
[ 77%] Built target opencv_test_imgcodecs
[ 79%] Built target opencv_test_videoio
[ 86%] Built target opencv_test_core
[ 93%] Built target opencv_test_imgproc
[ 93%] Linking CXX shared library ../../lib/libopencv_features2d.so
[ 96%] Built target opencv_features2d
[ 96%] Linking CXX executable ../../bin/opencv_test_features2d
[100%] Built target opencv_test_features2d
[  0%] Built target opencv_videoio_plugins
[  0%] Built target opencv_highgui_plugins
[  0%] Built target ittnotify
[  0%] Built target opencv_dnn_plugins
[  3%] Built target libopenjp2
[  7%] Built target ippiw
[ 24%] Built target libwebp
[ 38%] Built target IlmImf
[ 53%] Built target opencv_core
[ 54%] Built target opencv_version
[ 67%] Built target opencv_imgproc
[ 70%] Built target opencv_imgcodecs
[ 72%] Built target opencv_videoio
Consolidate compiler generated dependencies of target opencv_features2d
[ 72%] Building CXX object modules/features2d/CMakeFiles/opencv_features2d.dir/src/fast.avx2.cpp.o
[ 73%] Built target opencv_highgui
[ 74%] Built target opencv_ts
[ 75%] Built target opencv_annotation
[ 75%] Built target opencv_visualisation
[ 77%] Built target opencv_test_imgcodecs
[ 83%] Built target opencv_test_core
[ 86%] Built target opencv_test_videoio
[ 86%] Built target opencv_test_highgui
[ 93%] Built target opencv_test_imgproc
Testing mutant fast.avx2.MUT98.cpp on faster11.swtv::core5
>> Building opencv_features2d_TF_top30
>> Applied patch to fast.avx2.cpp with fast.avx2.MUT98.cpp
>> Building opencv_features2d_TF_top30
Failed to build on fast.avx2.MUT98.cpp
>> Reverted fast.avx2.cpp to original from fast.avx2.MUT98.cpp

+++++ STDERR +++++
/home/yangheechan/FL-dataset-generation-opencv_features2d_TF_top30/work/opencv_features2d_TF_top30/working_env/faster11.swtv/core5/opencv_features2d_TF_top30/modules/features2d/src/fast.avx2.cpp: In member function virtual void cv::opt_AVX2::FAST_t_patternSize16_AVX2_Impl::process(int&, const uchar*&, uchar*, int*, int&):
/home/yangheechan/FL-dataset-generation-opencv_features2d_TF_top30/work/opencv_features2d_TF_top30/working_env/faster11.swtv/core5/opencv_features2d_TF_top30/modules/features2d/src/fast.avx2.cpp:109:54: error: too few arguments to function __m256i _mm256_sub_epi8(__m256i, __m256i)
  109 |                 c0 = _mm256_and_si256(_mm256_sub_epi8(m0), m0);
      |                                       ~~~~~~~~~~~~~~~^~~~
In file included from /usr/lib/gcc/x86_64-linux-gnu/11/include/immintrin.h:47,
                 from /home/yangheechan/FL-dataset-generation-opencv_features2d_TF_top30/work/opencv_features2d_TF_top30/working_env/faster11.swtv/core5/opencv_features2d_TF_top30/modules/core/include/opencv2/core/cv_cpu_dispatch.h:71,
                 from /home/yangheechan/FL-dataset-generation-opencv_features2d_TF_top30/work/opencv_features2d_TF_top30/working_env/faster11.swtv/core5/opencv_features2d_TF_top30/modules/core/include/opencv2/core/cvdef.h:369,
                 from /home/yangheechan/FL-dataset-generation-opencv_features2d_TF_top30/work/opencv_features2d_TF_top30/working_env/faster11.swtv/core5/opencv_features2d_TF_top30/modules/core/include/opencv2/core.hpp:52,
                 from /home/yangheechan/FL-dataset-generation-opencv_features2d_TF_top30/work/opencv_features2d_TF_top30/working_env/faster11.swtv/core5/opencv_features2d_TF_top30/modules/features2d/include/opencv2/features2d.hpp:47,
                 from /home/yangheechan/FL-dataset-generation-opencv_features2d_TF_top30/work/opencv_features2d_TF_top30/working_env/faster11.swtv/core5/opencv_features2d_TF_top30/modules/features2d/src/precomp.hpp:46,
                 from /home/yangheechan/FL-dataset-generation-opencv_features2d_TF_top30/work/opencv_features2d_TF_top30/working_env/faster11.swtv/core5/opencv_features2d_TF_top30/modules/features2d/src/fast.avx2.cpp:44:
/usr/lib/gcc/x86_64-linux-gnu/11/include/avx2intrin.h:801:1: note: declared here
  801 | _mm256_sub_epi8 (__m256i __A, __m256i __B)
      | ^~~~~~~~~~~~~~~
make[2]: *** [modules/features2d/CMakeFiles/opencv_features2d.dir/build.make:462: modules/features2d/CMakeFiles/opencv_features2d.dir/src/fast.avx2.cpp.o] Error 1
make[1]: *** [CMakeFiles/Makefile2:1473: modules/features2d/CMakeFiles/opencv_features2d.dir/all] Error 2
make: *** [Makefile:166: all] Error 2

+++++ results for fast.avx2.MUT39.cpp +++++
+++++ STDOUT +++++
[  0%] Built target opencv_dnn_plugins
[  0%] Built target opencv_highgui_plugins
[  0%] Built target opencv_videoio_plugins
[  1%] Built target ittnotify
[  4%] Built target ippiw
[  7%] Built target libopenjp2
[ 24%] Built target libwebp
[ 38%] Built target IlmImf
[ 53%] Built target opencv_core
[ 54%] Built target opencv_version
[ 67%] Built target opencv_imgproc
[ 70%] Built target opencv_imgcodecs
[ 72%] Built target opencv_videoio
Consolidate compiler generated dependencies of target opencv_features2d
[ 73%] Built target opencv_highgui
[ 73%] Building CXX object modules/features2d/CMakeFiles/opencv_features2d.dir/src/fast.avx2.cpp.o
[ 73%] Built target opencv_annotation
[ 74%] Built target opencv_visualisation
[ 75%] Built target opencv_ts
[ 75%] Built target opencv_test_highgui
[ 77%] Built target opencv_test_videoio
[ 79%] Built target opencv_test_imgcodecs
[ 86%] Built target opencv_test_core
[ 93%] Built target opencv_test_imgproc
[ 93%] Linking CXX shared library ../../lib/libopencv_features2d.so
[ 96%] Built target opencv_features2d
[ 96%] Linking CXX executable ../../bin/opencv_test_features2d
[100%] Built target opencv_test_features2d
[  0%] Built target opencv_videoio_plugins
[  0%] Built target opencv_dnn_plugins
[  0%] Built target opencv_highgui_plugins
[  0%] Built target ittnotify
[  4%] Built target ippiw
[  7%] Built target libopenjp2
[ 24%] Built target libwebp
[ 38%] Built target IlmImf
[ 53%] Built target opencv_core
[ 54%] Built target opencv_version
[ 67%] Built target opencv_imgproc
[ 70%] Built target opencv_imgcodecs
[ 72%] Built target opencv_videoio
Consolidate compiler generated dependencies of target opencv_features2d
[ 72%] Building CXX object modules/features2d/CMakeFiles/opencv_features2d.dir/src/fast.avx2.cpp.o
[ 73%] Built target opencv_highgui
[ 73%] Built target opencv_annotation
[ 74%] Built target opencv_visualisation
[ 75%] Built target opencv_ts
[ 77%] Built target opencv_test_imgcodecs
[ 77%] Built target opencv_test_highgui
[ 79%] Built target opencv_test_videoio
[ 86%] Built target opencv_test_core
[ 93%] Built target opencv_test_imgproc
Testing mutant fast.avx2.MUT39.cpp on faster11.swtv::core5
>> Building opencv_features2d_TF_top30
>> Applied patch to fast.avx2.cpp with fast.avx2.MUT39.cpp
>> Building opencv_features2d_TF_top30
Failed to build on fast.avx2.MUT39.cpp
>> Reverted fast.avx2.cpp to original from fast.avx2.MUT39.cpp

+++++ STDERR +++++
/home/yangheechan/FL-dataset-generation-opencv_features2d_TF_top30/work/opencv_features2d_TF_top30/working_env/faster11.swtv/core5/opencv_features2d_TF_top30/modules/features2d/src/fast.avx2.cpp: In member function virtual void cv::opt_AVX2::FAST_t_patternSize16_AVX2_Impl::process(int&, const uchar*&, uchar*, int*, int&):
/home/yangheechan/FL-dataset-generation-opencv_features2d_TF_top30/work/opencv_features2d_TF_top30/working_env/faster11.swtv/core5/opencv_features2d_TF_top30/modules/features2d/src/fast.avx2.cpp:79:61: error: invalid conversion from int to const __m256i_u* [-fpermissive]
   79 |             __m256i x3 = _mm256_sub_epi8(_mm256_loadu_si256(1), delta256);
      |                                                             ^
      |                                                             |
      |                                                             int
In file included from /usr/lib/gcc/x86_64-linux-gnu/11/include/immintrin.h:43,
                 from /home/yangheechan/FL-dataset-generation-opencv_features2d_TF_top30/work/opencv_features2d_TF_top30/working_env/faster11.swtv/core5/opencv_features2d_TF_top30/modules/core/include/opencv2/core/cv_cpu_dispatch.h:71,
                 from /home/yangheechan/FL-dataset-generation-opencv_features2d_TF_top30/work/opencv_features2d_TF_top30/working_env/faster11.swtv/core5/opencv_features2d_TF_top30/modules/core/include/opencv2/core/cvdef.h:369,
                 from /home/yangheechan/FL-dataset-generation-opencv_features2d_TF_top30/work/opencv_features2d_TF_top30/working_env/faster11.swtv/core5/opencv_features2d_TF_top30/modules/core/include/opencv2/core.hpp:52,
                 from /home/yangheechan/FL-dataset-generation-opencv_features2d_TF_top30/work/opencv_features2d_TF_top30/working_env/faster11.swtv/core5/opencv_features2d_TF_top30/modules/features2d/include/opencv2/features2d.hpp:47,
                 from /home/yangheechan/FL-dataset-generation-opencv_features2d_TF_top30/work/opencv_features2d_TF_top30/working_env/faster11.swtv/core5/opencv_features2d_TF_top30/modules/features2d/src/precomp.hpp:46,
                 from /home/yangheechan/FL-dataset-generation-opencv_features2d_TF_top30/work/opencv_features2d_TF_top30/working_env/faster11.swtv/core5/opencv_features2d_TF_top30/modules/features2d/src/fast.avx2.cpp:44:
/usr/lib/gcc/x86_64-linux-gnu/11/include/avxintrin.h:927:38: note:   initializing argument 1 of __m256i _mm256_loadu_si256(const __m256i_u*)
  927 | _mm256_loadu_si256 (__m256i_u const *__P)
      |                     ~~~~~~~~~~~~~~~~~^~~
make[2]: *** [modules/features2d/CMakeFiles/opencv_features2d.dir/build.make:462: modules/features2d/CMakeFiles/opencv_features2d.dir/src/fast.avx2.cpp.o] Error 1
make[1]: *** [CMakeFiles/Makefile2:1473: modules/features2d/CMakeFiles/opencv_features2d.dir/all] Error 2
make: *** [Makefile:166: all] Error 2

+++++ results for mser.MUT432.cpp +++++
+++++ STDOUT +++++
[  0%] Built target opencv_highgui_plugins
[  0%] Built target opencv_dnn_plugins
[  0%] Built target ittnotify
[  0%] Built target opencv_videoio_plugins
[  4%] Built target ippiw
[  7%] Built target libopenjp2
[ 24%] Built target libwebp
[ 38%] Built target IlmImf
[ 53%] Built target opencv_core
[ 54%] Built target opencv_version
[ 67%] Built target opencv_imgproc
[ 70%] Built target opencv_imgcodecs
Consolidate compiler generated dependencies of target opencv_features2d
[ 72%] Built target opencv_videoio
[ 72%] Building CXX object modules/features2d/CMakeFiles/opencv_features2d.dir/src/fast.avx2.cpp.o
[ 73%] Built target opencv_highgui
[ 74%] Built target opencv_visualisation
[ 75%] Built target opencv_ts
[ 75%] Built target opencv_annotation
[ 76%] Built target opencv_test_highgui
[ 77%] Built target opencv_test_imgcodecs
[ 79%] Built target opencv_test_videoio
[ 87%] Built target opencv_test_imgproc
[ 93%] Built target opencv_test_core
[ 93%] Linking CXX shared library ../../lib/libopencv_features2d.so
[ 96%] Built target opencv_features2d
[ 96%] Linking CXX executable ../../bin/opencv_test_features2d
[100%] Built target opencv_test_features2d
[  0%] Built target opencv_dnn_plugins
[  0%] Built target opencv_videoio_plugins
[  0%] Built target opencv_highgui_plugins
[  0%] Built target ittnotify
[  4%] Built target ippiw
[  7%] Built target libopenjp2
[ 24%] Built target libwebp
[ 38%] Built target IlmImf
[ 53%] Built target opencv_core
[ 54%] Built target opencv_version
[ 67%] Built target opencv_imgproc
[ 70%] Built target opencv_imgcodecs
Consolidate compiler generated dependencies of target opencv_features2d
[ 72%] Built target opencv_videoio
[ 73%] Building CXX object modules/features2d/CMakeFiles/opencv_features2d.dir/src/mser.cpp.o
[ 74%] Built target opencv_highgui
[ 74%] Built target opencv_annotation
[ 75%] Built target opencv_visualisation
[ 76%] Built target opencv_ts
[ 78%] Built target opencv_test_imgcodecs
[ 78%] Built target opencv_test_highgui
[ 80%] Built target opencv_test_videoio
[ 87%] Built target opencv_test_core
[ 94%] Built target opencv_test_imgproc
[ 94%] Linking CXX shared library ../../lib/libopencv_features2d.so
[ 96%] Built target opencv_features2d
[ 96%] Linking CXX executable ../../bin/opencv_test_features2d
[100%] Built target opencv_test_features2d
Testing mutant mser.MUT432.cpp on faster11.swtv::core5
>> Building opencv_features2d_TF_top30
>> Applied patch to mser.cpp with mser.MUT432.cpp
>> Building opencv_features2d_TF_top30
Mutant mser.MUT432.cpp is not killed (all tcs pass)
>> Reverted mser.cpp to original from mser.MUT432.cpp

+++++ STDERR +++++

+++++ results for mser.MUT1467.cpp +++++
+++++ STDOUT +++++
[  0%] Built target opencv_dnn_plugins
[  0%] Built target opencv_highgui_plugins
[  0%] Built target ittnotify
[  0%] Built target opencv_videoio_plugins
[  4%] Built target ippiw
[  7%] Built target libopenjp2
[ 24%] Built target libwebp
[ 38%] Built target IlmImf
[ 53%] Built target opencv_core
[ 54%] Built target opencv_version
[ 67%] Built target opencv_imgproc
[ 70%] Built target opencv_imgcodecs
[ 72%] Built target opencv_videoio
Consolidate compiler generated dependencies of target opencv_features2d
[ 73%] Building CXX object modules/features2d/CMakeFiles/opencv_features2d.dir/src/mser.cpp.o
[ 74%] Built target opencv_highgui
[ 74%] Built target opencv_annotation
[ 75%] Built target opencv_visualisation
[ 76%] Built target opencv_ts
[ 78%] Built target opencv_test_imgcodecs
[ 80%] Built target opencv_test_videoio
[ 80%] Built target opencv_test_highgui
[ 87%] Built target opencv_test_core
[ 94%] Built target opencv_test_imgproc
[ 94%] Linking CXX shared library ../../lib/libopencv_features2d.so
[ 96%] Built target opencv_features2d
[ 96%] Linking CXX executable ../../bin/opencv_test_features2d
[100%] Built target opencv_test_features2d
[  0%] Built target opencv_dnn_plugins
[  0%] Built target opencv_highgui_plugins
[  0%] Built target opencv_videoio_plugins
[  0%] Built target ittnotify
[  4%] Built target ippiw
[  7%] Built target libopenjp2
[ 24%] Built target libwebp
[ 38%] Built target IlmImf
[ 53%] Built target opencv_core
[ 54%] Built target opencv_version
[ 67%] Built target opencv_imgproc
[ 70%] Built target opencv_imgcodecs
Consolidate compiler generated dependencies of target opencv_features2d
[ 72%] Built target opencv_videoio
[ 73%] Building CXX object modules/features2d/CMakeFiles/opencv_features2d.dir/src/mser.cpp.o
[ 74%] Built target opencv_highgui
[ 74%] Built target opencv_annotation
[ 75%] Built target opencv_ts
[ 76%] Built target opencv_visualisation
[ 78%] Built target opencv_test_imgcodecs
[ 80%] Built target opencv_test_videoio
[ 80%] Built target opencv_test_highgui
[ 88%] Built target opencv_test_imgproc
[ 94%] Built target opencv_test_core
[ 94%] Linking CXX shared library ../../lib/libopencv_features2d.so
[ 96%] Built target opencv_features2d
[ 96%] Linking CXX executable ../../bin/opencv_test_features2d
[100%] Built target opencv_test_features2d
Testing mutant mser.MUT1467.cpp on faster11.swtv::core5
>> Building opencv_features2d_TF_top30
>> Applied patch to mser.cpp with mser.MUT1467.cpp
>> Building opencv_features2d_TF_top30
SELECT bug_idx FROM bug_info WHERE subject = %s AND experiment_name = %s AND version = %s ['opencv_features2d_TF_top30', 'TF_top30', 'mser.MUT1467.cpp']
>> Saved buggy mutant mser.MUT1467.cpp
	 - Failing test cases: 1
	 - Passing test cases: 61
	 - Crashing test cases: 0
>> Reverted mser.cpp to original from mser.MUT1467.cpp

+++++ STDERR +++++
/home/yangheechan/FL-dataset-generation-opencv_features2d_TF_top30/work/opencv_features2d_TF_top30/working_env/faster11.swtv/core5/opencv_features2d_TF_top30/modules/features2d/src/mser.cpp: In static member function static cv::Ptr<cv::MSER> cv::MSER::create(int, int, int, double, double, int, double, double, int):
/home/yangheechan/FL-dataset-generation-opencv_features2d_TF_top30/work/opencv_features2d_TF_top30/working_env/faster11.swtv/core5/opencv_features2d_TF_top30/modules/features2d/src/mser.cpp:1058:29: warning: unused parameter _delta [-Wunused-parameter]
 1058 | Ptr<MSER> MSER::create( int _delta, int _min_area, int _max_area,
      |                         ~~~~^~~~~~

+++++ results for mser.MUT314.cpp +++++
+++++ STDOUT +++++
[  0%] Built target opencv_highgui_plugins
[  0%] Built target ittnotify
[  0%] Built target opencv_videoio_plugins
[  0%] Built target opencv_dnn_plugins
[  3%] Built target libopenjp2
[  7%] Built target ippiw
[ 24%] Built target libwebp
[ 38%] Built target IlmImf
[ 53%] Built target opencv_core
[ 54%] Built target opencv_version
[ 67%] Built target opencv_imgproc
[ 70%] Built target opencv_imgcodecs
[ 72%] Built target opencv_videoio
Consolidate compiler generated dependencies of target opencv_features2d
[ 73%] Building CXX object modules/features2d/CMakeFiles/opencv_features2d.dir/src/mser.cpp.o
[ 74%] Built target opencv_highgui
[ 75%] Built target opencv_visualisation
[ 75%] Built target opencv_annotation
[ 76%] Built target opencv_ts
[ 76%] Built target opencv_test_highgui
[ 78%] Built target opencv_test_imgcodecs
[ 80%] Built target opencv_test_videoio
[ 87%] Built target opencv_test_core
[ 94%] Built target opencv_test_imgproc
[ 94%] Linking CXX shared library ../../lib/libopencv_features2d.so
[ 96%] Built target opencv_features2d
[ 96%] Linking CXX executable ../../bin/opencv_test_features2d
[100%] Built target opencv_test_features2d
[  0%] Built target opencv_highgui_plugins
[  0%] Built target opencv_dnn_plugins
[  0%] Built target opencv_videoio_plugins
[  3%] Built target libopenjp2
[  7%] Built target ippiw
[  7%] Built target ittnotify
[ 24%] Built target libwebp
[ 38%] Built target IlmImf
[ 53%] Built target opencv_core
[ 54%] Built target opencv_version
[ 67%] Built target opencv_imgproc
[ 70%] Built target opencv_imgcodecs
Consolidate compiler generated dependencies of target opencv_features2d
[ 72%] Built target opencv_videoio
[ 73%] Building CXX object modules/features2d/CMakeFiles/opencv_features2d.dir/src/mser.cpp.o
[ 74%] Built target opencv_highgui
[ 74%] Built target opencv_annotation
[ 75%] Built target opencv_visualisation
[ 76%] Built target opencv_ts
[ 78%] Built target opencv_test_imgcodecs
[ 78%] Built target opencv_test_highgui
[ 80%] Built target opencv_test_videoio
[ 87%] Built target opencv_test_core
[ 94%] Built target opencv_test_imgproc
[ 94%] Linking CXX shared library ../../lib/libopencv_features2d.so
[ 96%] Built target opencv_features2d
[ 96%] Linking CXX executable ../../bin/opencv_test_features2d
[100%] Built target opencv_test_features2d
Testing mutant mser.MUT314.cpp on faster11.swtv::core5
>> Building opencv_features2d_TF_top30
>> Applied patch to mser.cpp with mser.MUT314.cpp
>> Building opencv_features2d_TF_top30
Mutant mser.MUT314.cpp is not killed (all tcs pass)
>> Reverted mser.cpp to original from mser.MUT314.cpp

+++++ STDERR +++++
/home/yangheechan/FL-dataset-generation-opencv_features2d_TF_top30/work/opencv_features2d_TF_top30/working_env/faster11.swtv/core5/opencv_features2d_TF_top30/modules/features2d/src/mser.cpp: In member function void cv::MSER_Impl::CompHistory::checkAndCapture(cv::MSER_Impl::WParams&):
/home/yangheechan/FL-dataset-generation-opencv_features2d_TF_top30/work/opencv_features2d_TF_top30/working_env/faster11.swtv/core5/opencv_features2d_TF_top30/modules/features2d/src/mser.cpp:268:80: warning: * in boolean context, suggest && instead [-Wint-in-bool-context]
  268 |             if( size < wp.p.minArea || size > wp.p.maxArea || var < 0.f || var * wp.p.maxVariation )
      |                                                                            ~~~~^~~~~~~~~~~~~~~~~~~

+++++ results for mser.MUT823.cpp +++++
+++++ STDOUT +++++
[  0%] Built target opencv_highgui_plugins
[  0%] Built target opencv_dnn_plugins
[  0%] Built target opencv_videoio_plugins
[  0%] Built target ittnotify
[  4%] Built target ippiw
[  7%] Built target libopenjp2
[ 24%] Built target libwebp
[ 38%] Built target IlmImf
[ 53%] Built target opencv_core
[ 54%] Built target opencv_version
[ 67%] Built target opencv_imgproc
[ 70%] Built target opencv_imgcodecs
[ 72%] Built target opencv_videoio
Consolidate compiler generated dependencies of target opencv_features2d
[ 73%] Building CXX object modules/features2d/CMakeFiles/opencv_features2d.dir/src/mser.cpp.o
[ 74%] Built target opencv_highgui
[ 75%] Built target opencv_visualisation
[ 75%] Built target opencv_annotation
[ 76%] Built target opencv_ts
[ 76%] Built target opencv_test_highgui
[ 78%] Built target opencv_test_videoio
[ 80%] Built target opencv_test_imgcodecs
[ 87%] Built target opencv_test_core
[ 94%] Built target opencv_test_imgproc
[ 94%] Linking CXX shared library ../../lib/libopencv_features2d.so
[ 96%] Built target opencv_features2d
[ 96%] Linking CXX executable ../../bin/opencv_test_features2d
[100%] Built target opencv_test_features2d
[  0%] Built target ittnotify
[  0%] Built target opencv_dnn_plugins
[  0%] Built target opencv_highgui_plugins
[  0%] Built target opencv_videoio_plugins
[  3%] Built target libopenjp2
[  7%] Built target ippiw
[ 24%] Built target libwebp
[ 38%] Built target IlmImf
[ 53%] Built target opencv_core
[ 54%] Built target opencv_version
[ 67%] Built target opencv_imgproc
[ 70%] Built target opencv_imgcodecs
Consolidate compiler generated dependencies of target opencv_features2d
[ 72%] Built target opencv_videoio
[ 73%] Building CXX object modules/features2d/CMakeFiles/opencv_features2d.dir/src/mser.cpp.o
[ 74%] Built target opencv_highgui
[ 75%] Built target opencv_visualisation
[ 75%] Built target opencv_annotation
[ 76%] Built target opencv_ts
[ 78%] Built target opencv_test_imgcodecs
[ 78%] Built target opencv_test_highgui
[ 80%] Built target opencv_test_videoio
[ 87%] Built target opencv_test_core
[ 94%] Built target opencv_test_imgproc
[ 94%] Linking CXX shared library ../../lib/libopencv_features2d.so
[ 96%] Built target opencv_features2d
[ 96%] Linking CXX executable ../../bin/opencv_test_features2d
[100%] Built target opencv_test_features2d
Testing mutant mser.MUT823.cpp on faster11.swtv::core5
>> Building opencv_features2d_TF_top30
>> Applied patch to mser.cpp with mser.MUT823.cpp
>> Building opencv_features2d_TF_top30
SELECT bug_idx FROM bug_info WHERE subject = %s AND experiment_name = %s AND version = %s ['opencv_features2d_TF_top30', 'TF_top30', 'mser.MUT823.cpp']
>> Saved buggy mutant mser.MUT823.cpp
	 - Failing test cases: 1
	 - Passing test cases: 61
	 - Crashing test cases: 0
>> Reverted mser.cpp to original from mser.MUT823.cpp

+++++ STDERR +++++

+++++ results for mser.MUT99.cpp +++++
+++++ STDOUT +++++
[  0%] Built target opencv_dnn_plugins
[  0%] Built target opencv_highgui_plugins
[  0%] Built target opencv_videoio_plugins
[  0%] Built target ittnotify
[  3%] Built target libopenjp2
[  7%] Built target ippiw
[ 24%] Built target libwebp
[ 38%] Built target IlmImf
[ 53%] Built target opencv_core
[ 54%] Built target opencv_version
[ 67%] Built target opencv_imgproc
[ 70%] Built target opencv_imgcodecs
[ 72%] Built target opencv_videoio
Consolidate compiler generated dependencies of target opencv_features2d
[ 73%] Built target opencv_highgui
[ 74%] Building CXX object modules/features2d/CMakeFiles/opencv_features2d.dir/src/mser.cpp.o
[ 75%] Built target opencv_annotation
[ 75%] Built target opencv_visualisation
[ 76%] Built target opencv_ts
[ 76%] Built target opencv_test_highgui
[ 78%] Built target opencv_test_videoio
[ 82%] Built target opencv_test_imgcodecs
[ 87%] Built target opencv_test_core
[ 94%] Built target opencv_test_imgproc
[ 94%] Linking CXX shared library ../../lib/libopencv_features2d.so
[ 96%] Built target opencv_features2d
[ 96%] Linking CXX executable ../../bin/opencv_test_features2d
[100%] Built target opencv_test_features2d
[  0%] Built target opencv_dnn_plugins
[  0%] Built target opencv_videoio_plugins
[  0%] Built target ittnotify
[  0%] Built target opencv_highgui_plugins
[  4%] Built target ippiw
[  7%] Built target libopenjp2
[ 24%] Built target libwebp
[ 38%] Built target IlmImf
[ 53%] Built target opencv_core
[ 54%] Built target opencv_version
[ 67%] Built target opencv_imgproc
[ 70%] Built target opencv_imgcodecs
[ 72%] Built target opencv_videoio
Consolidate compiler generated dependencies of target opencv_features2d
[ 73%] Building CXX object modules/features2d/CMakeFiles/opencv_features2d.dir/src/mser.cpp.o
[ 74%] Built target opencv_highgui
[ 75%] Built target opencv_annotation
[ 75%] Built target opencv_visualisation
[ 76%] Built target opencv_ts
[ 78%] Built target opencv_test_imgcodecs
[ 78%] Built target opencv_test_highgui
[ 80%] Built target opencv_test_videoio
[ 87%] Built target opencv_test_core
[ 94%] Built target opencv_test_imgproc
Testing mutant mser.MUT99.cpp on faster11.swtv::core5
>> Building opencv_features2d_TF_top30
>> Applied patch to mser.cpp with mser.MUT99.cpp
>> Building opencv_features2d_TF_top30
Failed to build on mser.MUT99.cpp
>> Reverted mser.cpp to original from mser.MUT99.cpp

+++++ STDERR +++++
/home/yangheechan/FL-dataset-generation-opencv_features2d_TF_top30/work/opencv_features2d_TF_top30/working_env/faster11.swtv/core5/opencv_features2d_TF_top30/modules/features2d/src/mser.cpp: In member function virtual void cv::MSER_Impl::read(const cv::FileNode&):
/home/yangheechan/FL-dataset-generation-opencv_features2d_TF_top30/work/opencv_features2d_TF_top30/working_env/faster11.swtv/core5/opencv_features2d_TF_top30/modules/features2d/src/mser.cpp:116:12: error: operator[] not defined
  116 |       if (!operator[](fn,"pass2Only").empty())
      |            ^~~~~~~~~~
make[2]: *** [modules/features2d/CMakeFiles/opencv_features2d.dir/build.make:392: modules/features2d/CMakeFiles/opencv_features2d.dir/src/mser.cpp.o] Error 1
make[1]: *** [CMakeFiles/Makefile2:1473: modules/features2d/CMakeFiles/opencv_features2d.dir/all] Error 2
make: *** [Makefile:166: all] Error 2

+++++ results for mser.MUT1060.cpp +++++
+++++ STDOUT +++++
[  0%] Built target opencv_videoio_plugins
[  0%] Built target opencv_dnn_plugins
[  0%] Built target opencv_highgui_plugins
[  0%] Built target ittnotify
[  3%] Built target libopenjp2
[  7%] Built target ippiw
[ 24%] Built target libwebp
[ 38%] Built target IlmImf
[ 53%] Built target opencv_core
[ 54%] Built target opencv_version
[ 67%] Built target opencv_imgproc
[ 70%] Built target opencv_imgcodecs
[ 72%] Built target opencv_videoio
Consolidate compiler generated dependencies of target opencv_features2d
[ 73%] Built target opencv_highgui
[ 74%] Building CXX object modules/features2d/CMakeFiles/opencv_features2d.dir/src/mser.cpp.o
[ 74%] Built target opencv_annotation
[ 75%] Built target opencv_visualisation
[ 76%] Built target opencv_ts
[ 76%] Built target opencv_test_highgui
[ 79%] Built target opencv_test_videoio
[ 80%] Built target opencv_test_imgcodecs
[ 87%] Built target opencv_test_core
[ 94%] Built target opencv_test_imgproc
[ 94%] Linking CXX shared library ../../lib/libopencv_features2d.so
[ 96%] Built target opencv_features2d
[ 96%] Linking CXX executable ../../bin/opencv_test_features2d
[100%] Built target opencv_test_features2d
[  0%] Built target opencv_videoio_plugins
[  0%] Built target opencv_highgui_plugins
[  0%] Built target opencv_dnn_plugins
[  5%] Built target ippiw
[  7%] Built target libopenjp2
[  7%] Built target ittnotify
[ 24%] Built target libwebp
[ 38%] Built target IlmImf
[ 53%] Built target opencv_core
[ 54%] Built target opencv_version
[ 67%] Built target opencv_imgproc
[ 70%] Built target opencv_imgcodecs
[ 72%] Built target opencv_videoio
Consolidate compiler generated dependencies of target opencv_features2d
[ 73%] Built target opencv_highgui
[ 74%] Building CXX object modules/features2d/CMakeFiles/opencv_features2d.dir/src/mser.cpp.o
[ 74%] Built target opencv_annotation
[ 75%] Built target opencv_visualisation
[ 76%] Built target opencv_ts
[ 76%] Built target opencv_test_highgui
[ 79%] Built target opencv_test_videoio
[ 80%] Built target opencv_test_imgcodecs
[ 92%] Built target opencv_test_imgproc
[ 94%] Built target opencv_test_core
[ 94%] Linking CXX shared library ../../lib/libopencv_features2d.so
[ 96%] Built target opencv_features2d
[ 96%] Linking CXX executable ../../bin/opencv_test_features2d
[100%] Built target opencv_test_features2d
Testing mutant mser.MUT1060.cpp on faster11.swtv::core5
>> Building opencv_features2d_TF_top30
>> Applied patch to mser.cpp with mser.MUT1060.cpp
>> Building opencv_features2d_TF_top30
SELECT bug_idx FROM bug_info WHERE subject = %s AND experiment_name = %s AND version = %s ['opencv_features2d_TF_top30', 'TF_top30', 'mser.MUT1060.cpp']
>> Saved buggy mutant mser.MUT1060.cpp
	 - Failing test cases: 1
	 - Passing test cases: 61
	 - Crashing test cases: 0
>> Reverted mser.cpp to original from mser.MUT1060.cpp

+++++ STDERR +++++

+++++ results for mser.MUT569.cpp +++++
+++++ STDOUT +++++
[  0%] Built target opencv_dnn_plugins
[  0%] Built target opencv_highgui_plugins
[  0%] Built target opencv_videoio_plugins
[  0%] Built target ittnotify
[  3%] Built target libopenjp2
[  7%] Built target ippiw
[ 24%] Built target libwebp
[ 38%] Built target IlmImf
[ 53%] Built target opencv_core
[ 54%] Built target opencv_version
[ 67%] Built target opencv_imgproc
[ 70%] Built target opencv_imgcodecs
Consolidate compiler generated dependencies of target opencv_features2d
[ 72%] Built target opencv_videoio
[ 73%] Building CXX object modules/features2d/CMakeFiles/opencv_features2d.dir/src/mser.cpp.o
[ 74%] Built target opencv_highgui
[ 75%] Built target opencv_visualisation
[ 75%] Built target opencv_annotation
[ 76%] Built target opencv_ts
[ 76%] Built target opencv_test_highgui
[ 78%] Built target opencv_test_imgcodecs
[ 80%] Built target opencv_test_videoio
[ 87%] Built target opencv_test_core
[ 94%] Built target opencv_test_imgproc
[ 94%] Linking CXX shared library ../../lib/libopencv_features2d.so
[ 96%] Built target opencv_features2d
[ 96%] Linking CXX executable ../../bin/opencv_test_features2d
[100%] Built target opencv_test_features2d
[  0%] Built target opencv_videoio_plugins
[  0%] Built target ittnotify
[  0%] Built target opencv_highgui_plugins
[  4%] Built target ippiw
[  4%] Built target opencv_dnn_plugins
[ 21%] Built target libwebp
[ 24%] Built target libopenjp2
[ 38%] Built target IlmImf
[ 53%] Built target opencv_core
[ 54%] Built target opencv_version
[ 67%] Built target opencv_imgproc
[ 70%] Built target opencv_imgcodecs
Consolidate compiler generated dependencies of target opencv_features2d
[ 72%] Built target opencv_videoio
[ 73%] Building CXX object modules/features2d/CMakeFiles/opencv_features2d.dir/src/mser.cpp.o
[ 74%] Built target opencv_highgui
[ 74%] Built target opencv_annotation
[ 75%] Built target opencv_visualisation
[ 76%] Built target opencv_ts
[ 76%] Built target opencv_test_highgui
[ 78%] Built target opencv_test_imgcodecs
[ 80%] Built target opencv_test_videoio
[ 87%] Built target opencv_test_core
[ 94%] Built target opencv_test_imgproc
[ 94%] Linking CXX shared library ../../lib/libopencv_features2d.so
[ 96%] Built target opencv_features2d
[ 96%] Linking CXX executable ../../bin/opencv_test_features2d
[100%] Built target opencv_test_features2d
Testing mutant mser.MUT569.cpp on faster11.swtv::core5
>> Building opencv_features2d_TF_top30
>> Applied patch to mser.cpp with mser.MUT569.cpp
>> Building opencv_features2d_TF_top30
Mutant mser.MUT569.cpp is not killed (all tcs pass)
>> Reverted mser.cpp to original from mser.MUT569.cpp

+++++ STDERR +++++

+++++ results for mser.MUT1440.cpp +++++
+++++ STDOUT +++++
[  0%] Built target opencv_videoio_plugins
[  0%] Built target opencv_dnn_plugins
[  0%] Built target opencv_highgui_plugins
[  1%] Built target ittnotify
[  3%] Built target libopenjp2
[  7%] Built target ippiw
[ 24%] Built target libwebp
[ 38%] Built target IlmImf
[ 53%] Built target opencv_core
[ 54%] Built target opencv_version
[ 67%] Built target opencv_imgproc
[ 70%] Built target opencv_imgcodecs
[ 72%] Built target opencv_videoio
Consolidate compiler generated dependencies of target opencv_features2d
[ 73%] Building CXX object modules/features2d/CMakeFiles/opencv_features2d.dir/src/mser.cpp.o
[ 74%] Built target opencv_highgui
[ 75%] Built target opencv_visualisation
[ 76%] Built target opencv_ts
[ 76%] Built target opencv_annotation
[ 76%] Built target opencv_test_highgui
[ 78%] Built target opencv_test_imgcodecs
[ 80%] Built target opencv_test_videoio
[ 93%] Built target opencv_test_core
[ 94%] Built target opencv_test_imgproc
[ 94%] Linking CXX shared library ../../lib/libopencv_features2d.so
[ 96%] Built target opencv_features2d
[ 96%] Linking CXX executable ../../bin/opencv_test_features2d
[100%] Built target opencv_test_features2d
[  0%] Built target opencv_dnn_plugins
[  0%] Built target opencv_highgui_plugins
[  0%] Built target ittnotify
[  4%] Built target ippiw
[  7%] Built target libopenjp2
[  7%] Built target opencv_videoio_plugins
[ 24%] Built target libwebp
[ 38%] Built target IlmImf
[ 53%] Built target opencv_core
[ 54%] Built target opencv_version
[ 67%] Built target opencv_imgproc
[ 70%] Built target opencv_imgcodecs
[ 72%] Built target opencv_videoio
Consolidate compiler generated dependencies of target opencv_features2d
[ 73%] Building CXX object modules/features2d/CMakeFiles/opencv_features2d.dir/src/mser.cpp.o
[ 74%] Built target opencv_highgui
[ 74%] Built target opencv_annotation
[ 75%] Built target opencv_visualisation
[ 76%] Built target opencv_ts
[ 76%] Built target opencv_test_highgui
[ 78%] Built target opencv_test_imgcodecs
[ 80%] Built target opencv_test_videoio
[ 87%] Built target opencv_test_core
[ 94%] Built target opencv_test_imgproc
Testing mutant mser.MUT1440.cpp on faster11.swtv::core5
>> Building opencv_features2d_TF_top30
>> Applied patch to mser.cpp with mser.MUT1440.cpp
>> Building opencv_features2d_TF_top30
Failed to build on mser.MUT1440.cpp
>> Reverted mser.cpp to original from mser.MUT1440.cpp

+++++ STDERR +++++
/home/yangheechan/FL-dataset-generation-opencv_features2d_TF_top30/work/opencv_features2d_TF_top30/working_env/faster11.swtv/core5/opencv_features2d_TF_top30/modules/features2d/src/mser.cpp: In member function virtual void cv::MSER_Impl::detect(cv::InputArray, std::vector<cv::KeyPoint>&, cv::InputArray):
/home/yangheechan/FL-dataset-generation-opencv_features2d_TF_top30/work/opencv_features2d_TF_top30/working_env/faster11.swtv/core5/opencv_features2d_TF_top30/modules/features2d/src/mser.cpp:1041:35: error: cannot convert int to std::vector<cv::Rect_<int> >&
 1041 |     detectRegions(_image, msers, (0));
      |                                  ~^~
      |                                   |
      |                                   int
/home/yangheechan/FL-dataset-generation-opencv_features2d_TF_top30/work/opencv_features2d_TF_top30/working_env/faster11.swtv/core5/opencv_features2d_TF_top30/modules/features2d/src/mser.cpp:995:94: note:   initializing argument 3 of virtual void cv::MSER_Impl::detectRegions(cv::InputArray, std::vector<std::vector<cv::Point_<int> > >&, std::vector<cv::Rect_<int> >&)
  995 | void MSER_Impl::detectRegions( InputArray _src, vector<vector<Point> >& msers, vector<Rect>& bboxes )
      |                                                                                ~~~~~~~~~~~~~~^~~~~~
make[2]: *** [modules/features2d/CMakeFiles/opencv_features2d.dir/build.make:392: modules/features2d/CMakeFiles/opencv_features2d.dir/src/mser.cpp.o] Error 1
make[1]: *** [CMakeFiles/Makefile2:1473: modules/features2d/CMakeFiles/opencv_features2d.dir/all] Error 2
make: *** [Makefile:166: all] Error 2

+++++ results for mser.MUT149.cpp +++++
+++++ STDOUT +++++
[  0%] Built target opencv_videoio_plugins
[  0%] Built target opencv_dnn_plugins
[  0%] Built target ittnotify
[  4%] Built target ippiw
[  5%] Built target opencv_highgui_plugins
[  7%] Built target libopenjp2
[ 24%] Built target libwebp
[ 38%] Built target IlmImf
[ 53%] Built target opencv_core
[ 54%] Built target opencv_version
[ 67%] Built target opencv_imgproc
[ 70%] Built target opencv_imgcodecs
Consolidate compiler generated dependencies of target opencv_features2d
[ 72%] Built target opencv_videoio
[ 73%] Building CXX object modules/features2d/CMakeFiles/opencv_features2d.dir/src/mser.cpp.o
[ 74%] Built target opencv_highgui
[ 75%] Built target opencv_visualisation
[ 75%] Built target opencv_annotation
[ 76%] Built target opencv_ts
[ 76%] Built target opencv_test_highgui
[ 78%] Built target opencv_test_imgcodecs
[ 80%] Built target opencv_test_videoio
[ 87%] Built target opencv_test_core
[ 94%] Built target opencv_test_imgproc
[ 94%] Linking CXX shared library ../../lib/libopencv_features2d.so
[ 96%] Built target opencv_features2d
[ 96%] Linking CXX executable ../../bin/opencv_test_features2d
[100%] Built target opencv_test_features2d
[  0%] Built target opencv_highgui_plugins
[  0%] Built target opencv_dnn_plugins
[  0%] Built target opencv_videoio_plugins
[  0%] Built target ittnotify
[  4%] Built target libopenjp2
[  7%] Built target ippiw
[ 24%] Built target libwebp
[ 38%] Built target IlmImf
[ 53%] Built target opencv_core
[ 54%] Built target opencv_version
[ 67%] Built target opencv_imgproc
[ 70%] Built target opencv_imgcodecs
Consolidate compiler generated dependencies of target opencv_features2d
[ 72%] Built target opencv_videoio
[ 73%] Building CXX object modules/features2d/CMakeFiles/opencv_features2d.dir/src/mser.cpp.o
[ 74%] Built target opencv_highgui
[ 74%] Built target opencv_annotation
[ 75%] Built target opencv_ts
[ 76%] Built target opencv_visualisation
[ 79%] Built target opencv_test_videoio
[ 80%] Built target opencv_test_imgcodecs
[ 80%] Built target opencv_test_highgui
[ 87%] Built target opencv_test_core
[ 94%] Built target opencv_test_imgproc
[ 94%] Linking CXX shared library ../../lib/libopencv_features2d.so
[ 96%] Built target opencv_features2d
[ 96%] Linking CXX executable ../../bin/opencv_test_features2d
[100%] Built target opencv_test_features2d
Testing mutant mser.MUT149.cpp on faster11.swtv::core5
>> Building opencv_features2d_TF_top30
>> Applied patch to mser.cpp with mser.MUT149.cpp
>> Building opencv_features2d_TF_top30
Mutant mser.MUT149.cpp is not killed (all tcs pass)
>> Reverted mser.cpp to original from mser.MUT149.cpp

+++++ STDERR +++++

+++++ results for mser.MUT597.cpp +++++
+++++ STDOUT +++++
[  0%] Built target opencv_videoio_plugins
[  0%] Built target opencv_dnn_plugins
[  0%] Built target opencv_highgui_plugins
[  0%] Built target ittnotify
[  3%] Built target libopenjp2
[  7%] Built target ippiw
[ 24%] Built target libwebp
[ 38%] Built target IlmImf
[ 53%] Built target opencv_core
[ 54%] Built target opencv_version
[ 67%] Built target opencv_imgproc
[ 70%] Built target opencv_imgcodecs
[ 72%] Built target opencv_videoio
Consolidate compiler generated dependencies of target opencv_features2d
[ 73%] Building CXX object modules/features2d/CMakeFiles/opencv_features2d.dir/src/mser.cpp.o
[ 74%] Built target opencv_highgui
[ 75%] Built target opencv_ts
[ 75%] Built target opencv_annotation
[ 76%] Built target opencv_visualisation
[ 78%] Built target opencv_test_imgcodecs
[ 78%] Built target opencv_test_highgui
[ 80%] Built target opencv_test_videoio
[ 87%] Built target opencv_test_core
[ 94%] Built target opencv_test_imgproc
[ 94%] Linking CXX shared library ../../lib/libopencv_features2d.so
[ 96%] Built target opencv_features2d
[ 96%] Linking CXX executable ../../bin/opencv_test_features2d
[100%] Built target opencv_test_features2d
[  0%] Built target opencv_dnn_plugins
[  1%] Built target opencv_videoio_plugins
[  1%] Built target opencv_highgui_plugins
[  3%] Built target libopenjp2
[  3%] Built target ittnotify
[  7%] Built target ippiw
[ 24%] Built target libwebp
[ 38%] Built target IlmImf
[ 53%] Built target opencv_core
[ 54%] Built target opencv_version
[ 67%] Built target opencv_imgproc
[ 70%] Built target opencv_imgcodecs
Consolidate compiler generated dependencies of target opencv_features2d
[ 72%] Built target opencv_videoio
[ 73%] Building CXX object modules/features2d/CMakeFiles/opencv_features2d.dir/src/mser.cpp.o
[ 74%] Built target opencv_highgui
[ 75%] Built target opencv_annotation
[ 75%] Built target opencv_visualisation
[ 76%] Built target opencv_ts
[ 76%] Built target opencv_test_highgui
[ 78%] Built target opencv_test_imgcodecs
[ 80%] Built target opencv_test_videoio
[ 87%] Built target opencv_test_core
[ 94%] Built target opencv_test_imgproc
[ 94%] Linking CXX shared library ../../lib/libopencv_features2d.so
[ 96%] Built target opencv_features2d
[ 96%] Linking CXX executable ../../bin/opencv_test_features2d
[100%] Built target opencv_test_features2d
Testing mutant mser.MUT597.cpp on faster11.swtv::core5
>> Building opencv_features2d_TF_top30
>> Applied patch to mser.cpp with mser.MUT597.cpp
>> Building opencv_features2d_TF_top30
Mutant mser.MUT597.cpp is not killed (all tcs pass)
>> Reverted mser.cpp to original from mser.MUT597.cpp

+++++ STDERR +++++

+++++ results for mser.MUT1337.cpp +++++
+++++ STDOUT +++++
[  0%] Built target opencv_dnn_plugins
[  0%] Built target opencv_highgui_plugins
[  0%] Built target opencv_videoio_plugins
[  3%] Built target libopenjp2
[  3%] Built target ittnotify
[  7%] Built target ippiw
[ 24%] Built target libwebp
[ 38%] Built target IlmImf
[ 53%] Built target opencv_core
[ 54%] Built target opencv_version
[ 67%] Built target opencv_imgproc
[ 70%] Built target opencv_imgcodecs
[ 72%] Built target opencv_videoio
Consolidate compiler generated dependencies of target opencv_features2d
[ 74%] Built target opencv_highgui
[ 74%] Building CXX object modules/features2d/CMakeFiles/opencv_features2d.dir/src/mser.cpp.o
[ 75%] Built target opencv_annotation
[ 75%] Built target opencv_visualisation
[ 76%] Built target opencv_ts
[ 78%] Built target opencv_test_imgcodecs
[ 79%] Built target opencv_test_highgui
[ 80%] Built target opencv_test_videoio
[ 87%] Built target opencv_test_core
[ 94%] Built target opencv_test_imgproc
[ 94%] Linking CXX shared library ../../lib/libopencv_features2d.so
[ 96%] Built target opencv_features2d
[ 96%] Linking CXX executable ../../bin/opencv_test_features2d
[100%] Built target opencv_test_features2d
[  0%] Built target opencv_dnn_plugins
[  0%] Built target opencv_videoio_plugins
[  0%] Built target opencv_highgui_plugins
[  3%] Built target libopenjp2
[  3%] Built target ittnotify
[  7%] Built target ippiw
[ 24%] Built target libwebp
[ 38%] Built target IlmImf
[ 53%] Built target opencv_core
[ 54%] Built target opencv_version
[ 67%] Built target opencv_imgproc
[ 70%] Built target opencv_imgcodecs
[ 72%] Built target opencv_videoio
Consolidate compiler generated dependencies of target opencv_features2d
[ 73%] Building CXX object modules/features2d/CMakeFiles/opencv_features2d.dir/src/mser.cpp.o
[ 74%] Built target opencv_highgui
[ 75%] Built target opencv_visualisation
[ 75%] Built target opencv_annotation
[ 76%] Built target opencv_ts
[ 76%] Built target opencv_test_highgui
[ 78%] Built target opencv_test_imgcodecs
[ 80%] Built target opencv_test_videoio
[ 87%] Built target opencv_test_core
[ 94%] Built target opencv_test_imgproc
[ 94%] Linking CXX shared library ../../lib/libopencv_features2d.so
[ 96%] Built target opencv_features2d
[ 96%] Linking CXX executable ../../bin/opencv_test_features2d
[100%] Built target opencv_test_features2d
Testing mutant mser.MUT1337.cpp on faster11.swtv::core5
>> Building opencv_features2d_TF_top30
>> Applied patch to mser.cpp with mser.MUT1337.cpp
>> Building opencv_features2d_TF_top30
Mutant mser.MUT1337.cpp is not killed (all tcs pass)
>> Reverted mser.cpp to original from mser.MUT1337.cpp

+++++ STDERR +++++

+++++ results for fed.MUT29.cpp +++++
+++++ STDOUT +++++
[  0%] Built target opencv_highgui_plugins
[  0%] Built target ittnotify
[  0%] Built target opencv_dnn_plugins
[  0%] Built target opencv_videoio_plugins
[  4%] Built target libopenjp2
[  7%] Built target ippiw
[ 24%] Built target libwebp
[ 38%] Built target IlmImf
[ 53%] Built target opencv_core
[ 54%] Built target opencv_version
[ 67%] Built target opencv_imgproc
[ 70%] Built target opencv_imgcodecs
Consolidate compiler generated dependencies of target opencv_features2d
[ 72%] Built target opencv_videoio
[ 73%] Building CXX object modules/features2d/CMakeFiles/opencv_features2d.dir/src/mser.cpp.o
[ 74%] Built target opencv_highgui
[ 74%] Built target opencv_annotation
[ 75%] Built target opencv_ts
[ 76%] Built target opencv_visualisation
[ 78%] Built target opencv_test_imgcodecs
[ 78%] Built target opencv_test_highgui
[ 80%] Built target opencv_test_videoio
[ 87%] Built target opencv_test_core
[ 94%] Built target opencv_test_imgproc
[ 94%] Linking CXX shared library ../../lib/libopencv_features2d.so
[ 96%] Built target opencv_features2d
[ 96%] Linking CXX executable ../../bin/opencv_test_features2d
[100%] Built target opencv_test_features2d
[  0%] Built target opencv_dnn_plugins
[  0%] Built target opencv_highgui_plugins
[  3%] Built target libopenjp2
[  3%] Built target opencv_videoio_plugins
[  3%] Built target ittnotify
[  7%] Built target ippiw
[ 24%] Built target libwebp
[ 38%] Built target IlmImf
[ 53%] Built target opencv_core
[ 54%] Built target opencv_version
[ 67%] Built target opencv_imgproc
[ 70%] Built target opencv_imgcodecs
Consolidate compiler generated dependencies of target opencv_features2d
[ 72%] Built target opencv_videoio
[ 72%] Building CXX object modules/features2d/CMakeFiles/opencv_features2d.dir/src/kaze/fed.cpp.o
[ 73%] Built target opencv_highgui
[ 74%] Built target opencv_ts
[ 74%] Built target opencv_annotation
[ 75%] Built target opencv_visualisation
[ 76%] Built target opencv_test_highgui
[ 77%] Built target opencv_test_imgcodecs
[ 79%] Built target opencv_test_videoio
[ 93%] Built target opencv_test_core
[ 93%] Built target opencv_test_imgproc
[ 93%] Linking CXX shared library ../../lib/libopencv_features2d.so
[ 96%] Built target opencv_features2d
[ 96%] Linking CXX executable ../../bin/opencv_test_features2d
[100%] Built target opencv_test_features2d
Testing mutant fed.MUT29.cpp on faster11.swtv::core5
>> Building opencv_features2d_TF_top30
>> Applied patch to fed.cpp with fed.MUT29.cpp
>> Building opencv_features2d_TF_top30
SELECT bug_idx FROM bug_info WHERE subject = %s AND experiment_name = %s AND version = %s ['opencv_features2d_TF_top30', 'TF_top30', 'fed.MUT29.cpp']
>> Saved buggy mutant fed.MUT29.cpp
	 - Failing test cases: 5
	 - Passing test cases: 53
	 - Crashing test cases: 4
>> Reverted fed.cpp to original from fed.MUT29.cpp

+++++ STDERR +++++

+++++ results for brisk.MUT1053.cpp +++++
+++++ STDOUT +++++
[  0%] Built target opencv_dnn_plugins
[  0%] Built target opencv_highgui_plugins
[  0%] Built target ittnotify
[  0%] Built target opencv_videoio_plugins
[  5%] Built target ippiw
[  7%] Built target libopenjp2
[ 24%] Built target libwebp
[ 38%] Built target IlmImf
[ 53%] Built target opencv_core
[ 54%] Built target opencv_version
[ 67%] Built target opencv_imgproc
[ 70%] Built target opencv_imgcodecs
[ 72%] Built target opencv_videoio
Consolidate compiler generated dependencies of target opencv_features2d
[ 72%] Building CXX object modules/features2d/CMakeFiles/opencv_features2d.dir/src/kaze/fed.cpp.o
[ 73%] Built target opencv_highgui
[ 73%] Built target opencv_annotation
[ 74%] Built target opencv_visualisation
[ 75%] Built target opencv_ts
[ 77%] Built target opencv_test_imgcodecs
[ 77%] Built target opencv_test_highgui
[ 79%] Built target opencv_test_videoio
[ 87%] Built target opencv_test_imgproc
[ 93%] Built target opencv_test_core
[ 93%] Linking CXX shared library ../../lib/libopencv_features2d.so
[ 96%] Built target opencv_features2d
[ 96%] Linking CXX executable ../../bin/opencv_test_features2d
[100%] Built target opencv_test_features2d
[  0%] Built target opencv_dnn_plugins
[  0%] Built target opencv_videoio_plugins
[  4%] Built target ippiw
[  4%] Built target ittnotify
[  4%] Built target opencv_highgui_plugins
[  7%] Built target libopenjp2
[ 24%] Built target libwebp
[ 38%] Built target IlmImf
[ 53%] Built target opencv_core
[ 54%] Built target opencv_version
[ 67%] Built target opencv_imgproc
[ 70%] Built target opencv_imgcodecs
[ 72%] Built target opencv_videoio
Consolidate compiler generated dependencies of target opencv_features2d
[ 73%] Built target opencv_highgui
[ 74%] Building CXX object modules/features2d/CMakeFiles/opencv_features2d.dir/src/brisk.cpp.o
[ 75%] Built target opencv_visualisation
[ 75%] Built target opencv_annotation
[ 76%] Built target opencv_ts
[ 78%] Built target opencv_test_imgcodecs
[ 78%] Built target opencv_test_highgui
[ 80%] Built target opencv_test_videoio
[ 88%] Built target opencv_test_imgproc
[ 94%] Built target opencv_test_core
[ 94%] Linking CXX shared library ../../lib/libopencv_features2d.so
[ 96%] Built target opencv_features2d
[ 96%] Linking CXX executable ../../bin/opencv_test_features2d
[100%] Built target opencv_test_features2d
Testing mutant brisk.MUT1053.cpp on faster11.swtv::core5
>> Building opencv_features2d_TF_top30
>> Applied patch to brisk.cpp with brisk.MUT1053.cpp
>> Building opencv_features2d_TF_top30
SELECT bug_idx FROM bug_info WHERE subject = %s AND experiment_name = %s AND version = %s ['opencv_features2d_TF_top30', 'TF_top30', 'brisk.MUT1053.cpp']
>> Saved buggy mutant brisk.MUT1053.cpp
	 - Failing test cases: 3
	 - Passing test cases: 57
	 - Crashing test cases: 2
>> Reverted brisk.cpp to original from brisk.MUT1053.cpp

+++++ STDERR +++++

+++++ results for brisk.MUT1527.cpp +++++
+++++ STDOUT +++++
[  0%] Built target opencv_videoio_plugins
[  0%] Built target opencv_dnn_plugins
[  0%] Built target ittnotify
[  4%] Built target ippiw
[  7%] Built target libopenjp2
[  7%] Built target opencv_highgui_plugins
[ 24%] Built target libwebp
[ 38%] Built target IlmImf
[ 53%] Built target opencv_core
[ 54%] Built target opencv_version
[ 67%] Built target opencv_imgproc
[ 70%] Built target opencv_imgcodecs
Consolidate compiler generated dependencies of target opencv_features2d
[ 72%] Built target opencv_videoio
[ 73%] Building CXX object modules/features2d/CMakeFiles/opencv_features2d.dir/src/brisk.cpp.o
[ 74%] Built target opencv_highgui
[ 75%] Built target opencv_annotation
[ 75%] Built target opencv_visualisation
[ 76%] Built target opencv_ts
[ 76%] Built target opencv_test_highgui
[ 78%] Built target opencv_test_imgcodecs
[ 80%] Built target opencv_test_videoio
[ 87%] Built target opencv_test_core
[ 94%] Built target opencv_test_imgproc
[ 94%] Linking CXX shared library ../../lib/libopencv_features2d.so
[ 96%] Built target opencv_features2d
[ 96%] Linking CXX executable ../../bin/opencv_test_features2d
[100%] Built target opencv_test_features2d
[  0%] Built target opencv_dnn_plugins
[  0%] Built target opencv_highgui_plugins
[  0%] Built target opencv_videoio_plugins
[  1%] Built target ittnotify
[  5%] Built target ippiw
[  7%] Built target libopenjp2
[ 24%] Built target libwebp
[ 38%] Built target IlmImf
[ 53%] Built target opencv_core
[ 54%] Built target opencv_version
[ 67%] Built target opencv_imgproc
[ 70%] Built target opencv_imgcodecs
[ 72%] Built target opencv_videoio
Consolidate compiler generated dependencies of target opencv_features2d
[ 73%] Built target opencv_highgui
[ 74%] Building CXX object modules/features2d/CMakeFiles/opencv_features2d.dir/src/brisk.cpp.o
[ 75%] Built target opencv_ts
[ 76%] Built target opencv_visualisation
[ 76%] Built target opencv_annotation
[ 78%] Built target opencv_test_imgcodecs
[ 78%] Built target opencv_test_highgui
[ 80%] Built target opencv_test_videoio
[ 87%] Built target opencv_test_core
[ 94%] Built target opencv_test_imgproc
[ 94%] Linking CXX shared library ../../lib/libopencv_features2d.so
[ 96%] Built target opencv_features2d
[ 96%] Linking CXX executable ../../bin/opencv_test_features2d
[100%] Built target opencv_test_features2d
Testing mutant brisk.MUT1527.cpp on faster11.swtv::core5
>> Building opencv_features2d_TF_top30
>> Applied patch to brisk.cpp with brisk.MUT1527.cpp
>> Building opencv_features2d_TF_top30
SELECT bug_idx FROM bug_info WHERE subject = %s AND experiment_name = %s AND version = %s ['opencv_features2d_TF_top30', 'TF_top30', 'brisk.MUT1527.cpp']
>> Saved buggy mutant brisk.MUT1527.cpp
	 - Failing test cases: 1
	 - Passing test cases: 61
	 - Crashing test cases: 0
>> Reverted brisk.cpp to original from brisk.MUT1527.cpp

+++++ STDERR +++++
/home/yangheechan/FL-dataset-generation-opencv_features2d_TF_top30/work/opencv_features2d_TF_top30/working_env/faster11.swtv/core5/opencv_features2d_TF_top30/modules/features2d/src/brisk.cpp: In member function bool cv::BriskScaleSpace::isMax2D(int, int, int):
/home/yangheechan/FL-dataset-generation-opencv_features2d_TF_top30/work/opencv_features2d_TF_top30/working_env/faster11.swtv/core5/opencv_features2d_TF_top30/modules/features2d/src/brisk.cpp:1256:14: warning: comparison is always false due to limited range of data type [-Wtype-limits]
 1256 |   if (center < 0)
      |       ~~~~~~~^~~

+++++ results for brisk.MUT1197.cpp +++++
+++++ STDOUT +++++
[  0%] Built target opencv_highgui_plugins
[  0%] Built target opencv_dnn_plugins
[  0%] Built target opencv_videoio_plugins
[  0%] Built target ittnotify
[  4%] Built target ippiw
[  7%] Built target libopenjp2
[ 24%] Built target libwebp
[ 38%] Built target IlmImf
[ 53%] Built target opencv_core
[ 54%] Built target opencv_version
[ 67%] Built target opencv_imgproc
[ 70%] Built target opencv_imgcodecs
[ 72%] Built target opencv_videoio
Consolidate compiler generated dependencies of target opencv_features2d
[ 73%] Built target opencv_highgui
[ 74%] Building CXX object modules/features2d/CMakeFiles/opencv_features2d.dir/src/brisk.cpp.o
[ 75%] Built target opencv_annotation
[ 75%] Built target opencv_visualisation
[ 76%] Built target opencv_ts
[ 76%] Built target opencv_test_highgui
[ 78%] Built target opencv_test_imgcodecs
[ 80%] Built target opencv_test_videoio
[ 87%] Built target opencv_test_core
[ 94%] Built target opencv_test_imgproc
[ 94%] Linking CXX shared library ../../lib/libopencv_features2d.so
[ 96%] Built target opencv_features2d
[ 96%] Linking CXX executable ../../bin/opencv_test_features2d
[100%] Built target opencv_test_features2d
[  0%] Built target opencv_dnn_plugins
[  0%] Built target opencv_highgui_plugins
[  0%] Built target opencv_videoio_plugins
[  0%] Built target ittnotify
[  3%] Built target libopenjp2
[  7%] Built target ippiw
[ 24%] Built target libwebp
[ 38%] Built target IlmImf
[ 53%] Built target opencv_core
[ 54%] Built target opencv_version
[ 67%] Built target opencv_imgproc
[ 70%] Built target opencv_imgcodecs
Consolidate compiler generated dependencies of target opencv_features2d
[ 72%] Built target opencv_videoio
[ 73%] Building CXX object modules/features2d/CMakeFiles/opencv_features2d.dir/src/brisk.cpp.o
[ 74%] Built target opencv_highgui
[ 75%] Built target opencv_visualisation
[ 75%] Built target opencv_annotation
[ 76%] Built target opencv_ts
[ 78%] Built target opencv_test_imgcodecs
[ 78%] Built target opencv_test_highgui
[ 80%] Built target opencv_test_videoio
[ 87%] Built target opencv_test_core
[ 94%] Built target opencv_test_imgproc
Testing mutant brisk.MUT1197.cpp on faster11.swtv::core5
>> Building opencv_features2d_TF_top30
>> Applied patch to brisk.cpp with brisk.MUT1197.cpp
>> Building opencv_features2d_TF_top30
Failed to build on brisk.MUT1197.cpp
>> Reverted brisk.cpp to original from brisk.MUT1197.cpp

+++++ STDERR +++++
/home/yangheechan/FL-dataset-generation-opencv_features2d_TF_top30/work/opencv_features2d_TF_top30/working_env/faster11.swtv/core5/opencv_features2d_TF_top30/modules/features2d/src/brisk.cpp: In member function void cv::BriskScaleSpace::getKeypoints(int, std::vector<cv::KeyPoint>&):
/home/yangheechan/FL-dataset-generation-opencv_features2d_TF_top30/work/opencv_features2d_TF_top30/working_env/faster11.swtv/core5/opencv_features2d_TF_top30/modules/features2d/src/brisk.cpp:1069:25: error: cannot bind non-const lvalue reference of type bool& to an rvalue of type bool
 1069 |         score = refine3D(i, (int)point.x, (int)point.y, x, y, scale, static_cast<bool>(0));
      |                 ~~~~~~~~^~~~~~~~~~~~~~~~~~~~~~~~~~~~~~~~~~~~~~~~~~~~~~~~~~~~~~~~~~~~~~~~~~
/home/yangheechan/FL-dataset-generation-opencv_features2d_TF_top30/work/opencv_features2d_TF_top30/working_env/faster11.swtv/core5/opencv_features2d_TF_top30/modules/features2d/src/brisk.cpp:311:107: note:   initializing argument 7 of float cv::BriskScaleSpace::refine3D(int, int, int, float&, float&, float&, bool&) const
  311 |   refine3D(const int layer, const int x_layer, const int y_layer, float& x, float& y, float& scale, bool& ismax) const;
      |                                                                                                     ~~~~~~^~~~~
make[2]: *** [modules/features2d/CMakeFiles/opencv_features2d.dir/build.make:168: modules/features2d/CMakeFiles/opencv_features2d.dir/src/brisk.cpp.o] Error 1
make[1]: *** [CMakeFiles/Makefile2:1473: modules/features2d/CMakeFiles/opencv_features2d.dir/all] Error 2
make: *** [Makefile:166: all] Error 2

+++++ results for brisk.MUT122.cpp +++++
+++++ STDOUT +++++
[  0%] Built target opencv_dnn_plugins
[  0%] Built target opencv_highgui_plugins
[  0%] Built target opencv_videoio_plugins
[  0%] Built target ittnotify
[  5%] Built target ippiw
[  7%] Built target libopenjp2
[ 24%] Built target libwebp
[ 38%] Built target IlmImf
[ 53%] Built target opencv_core
[ 54%] Built target opencv_version
[ 67%] Built target opencv_imgproc
[ 70%] Built target opencv_imgcodecs
[ 72%] Built target opencv_videoio
Consolidate compiler generated dependencies of target opencv_features2d
[ 73%] Building CXX object modules/features2d/CMakeFiles/opencv_features2d.dir/src/brisk.cpp.o
[ 74%] Built target opencv_highgui
[ 75%] Built target opencv_visualisation
[ 75%] Built target opencv_annotation
[ 76%] Built target opencv_ts
[ 76%] Built target opencv_test_highgui
[ 78%] Built target opencv_test_imgcodecs
[ 80%] Built target opencv_test_videoio
[ 93%] Built target opencv_test_core
[ 94%] Built target opencv_test_imgproc
[ 94%] Linking CXX shared library ../../lib/libopencv_features2d.so
[ 96%] Built target opencv_features2d
[ 96%] Linking CXX executable ../../bin/opencv_test_features2d
[100%] Built target opencv_test_features2d
[  0%] Built target opencv_dnn_plugins
[  0%] Built target opencv_highgui_plugins
[  0%] Built target opencv_videoio_plugins
[  0%] Built target ittnotify
[  5%] Built target ippiw
[  7%] Built target libopenjp2
[ 24%] Built target libwebp
[ 38%] Built target IlmImf
[ 53%] Built target opencv_core
[ 54%] Built target opencv_version
[ 67%] Built target opencv_imgproc
[ 70%] Built target opencv_imgcodecs
[ 72%] Built target opencv_videoio
Consolidate compiler generated dependencies of target opencv_features2d
[ 74%] Building CXX object modules/features2d/CMakeFiles/opencv_features2d.dir/src/brisk.cpp.o
[ 74%] Built target opencv_highgui
[ 75%] Built target opencv_visualisation
[ 75%] Built target opencv_annotation
[ 76%] Built target opencv_ts
[ 76%] Built target opencv_test_highgui
[ 79%] Built target opencv_test_imgcodecs
[ 80%] Built target opencv_test_videoio
[ 87%] Built target opencv_test_core
[ 94%] Built target opencv_test_imgproc
[ 94%] Linking CXX shared library ../../lib/libopencv_features2d.so
[ 96%] Built target opencv_features2d
[ 96%] Linking CXX executable ../../bin/opencv_test_features2d
[100%] Built target opencv_test_features2d
Testing mutant brisk.MUT122.cpp on faster11.swtv::core5
>> Building opencv_features2d_TF_top30
>> Applied patch to brisk.cpp with brisk.MUT122.cpp
>> Building opencv_features2d_TF_top30
SELECT bug_idx FROM bug_info WHERE subject = %s AND experiment_name = %s AND version = %s ['opencv_features2d_TF_top30', 'TF_top30', 'brisk.MUT122.cpp']
>> Saved buggy mutant brisk.MUT122.cpp
	 - Failing test cases: 4
	 - Passing test cases: 58
	 - Crashing test cases: 0
>> Reverted brisk.cpp to original from brisk.MUT122.cpp

+++++ STDERR +++++
/home/yangheechan/FL-dataset-generation-opencv_features2d_TF_top30/work/opencv_features2d_TF_top30/working_env/faster11.swtv/core5/opencv_features2d_TF_top30/modules/features2d/src/brisk.cpp: In constructor cv::BRISK_Impl::BRISK_Impl(int, int, float):
/home/yangheechan/FL-dataset-generation-opencv_features2d_TF_top30/work/opencv_features2d_TF_top30/working_env/faster11.swtv/core5/opencv_features2d_TF_top30/modules/features2d/src/brisk.cpp:345:60: warning: unused parameter _patternScale [-Wunused-parameter]
  345 | BRISK_Impl::BRISK_Impl(int _threshold, int _octaves, float _patternScale)
      |                                                      ~~~~~~^~~~~~~~~~~~~

+++++ results for brisk.MUT3252.cpp +++++
+++++ STDOUT +++++
[  0%] Built target opencv_dnn_plugins
[  0%] Built target opencv_highgui_plugins
[  0%] Built target opencv_videoio_plugins
[  0%] Built target ittnotify
[  4%] Built target ippiw
[  7%] Built target libopenjp2
[ 24%] Built target libwebp
[ 38%] Built target IlmImf
[ 53%] Built target opencv_core
[ 54%] Built target opencv_version
[ 67%] Built target opencv_imgproc
[ 70%] Built target opencv_imgcodecs
[ 72%] Built target opencv_videoio
Consolidate compiler generated dependencies of target opencv_features2d
[ 73%] Building CXX object modules/features2d/CMakeFiles/opencv_features2d.dir/src/brisk.cpp.o
[ 74%] Built target opencv_highgui
[ 75%] Built target opencv_annotation
[ 75%] Built target opencv_visualisation
[ 76%] Built target opencv_ts
[ 77%] Built target opencv_test_highgui
[ 78%] Built target opencv_test_imgcodecs
[ 80%] Built target opencv_test_videoio
[ 88%] Built target opencv_test_imgproc
[ 94%] Built target opencv_test_core
[ 94%] Linking CXX shared library ../../lib/libopencv_features2d.so
[ 96%] Built target opencv_features2d
[ 96%] Linking CXX executable ../../bin/opencv_test_features2d
[100%] Built target opencv_test_features2d
[  0%] Built target opencv_highgui_plugins
[  0%] Built target opencv_dnn_plugins
[  0%] Built target opencv_videoio_plugins
[  4%] Built target ippiw
[  7%] Built target libopenjp2
[  7%] Built target ittnotify
[ 24%] Built target libwebp
[ 38%] Built target IlmImf
[ 53%] Built target opencv_core
[ 54%] Built target opencv_version
[ 67%] Built target opencv_imgproc
[ 70%] Built target opencv_imgcodecs
[ 72%] Built target opencv_videoio
Consolidate compiler generated dependencies of target opencv_features2d
[ 74%] Built target opencv_highgui
[ 74%] Building CXX object modules/features2d/CMakeFiles/opencv_features2d.dir/src/brisk.cpp.o
[ 75%] Built target opencv_visualisation
[ 75%] Built target opencv_annotation
[ 76%] Built target opencv_ts
[ 76%] Built target opencv_test_highgui
[ 78%] Built target opencv_test_imgcodecs
[ 80%] Built target opencv_test_videoio
[ 87%] Built target opencv_test_core
[ 94%] Built target opencv_test_imgproc
[ 94%] Linking CXX shared library ../../lib/libopencv_features2d.so
[ 96%] Built target opencv_features2d
[ 96%] Linking CXX executable ../../bin/opencv_test_features2d
[100%] Built target opencv_test_features2d
Testing mutant brisk.MUT3252.cpp on faster11.swtv::core5
>> Building opencv_features2d_TF_top30
>> Applied patch to brisk.cpp with brisk.MUT3252.cpp
>> Building opencv_features2d_TF_top30
SELECT bug_idx FROM bug_info WHERE subject = %s AND experiment_name = %s AND version = %s ['opencv_features2d_TF_top30', 'TF_top30', 'brisk.MUT3252.cpp']
>> Saved buggy mutant brisk.MUT3252.cpp
	 - Failing test cases: 1
	 - Passing test cases: 61
	 - Crashing test cases: 0
>> Reverted brisk.cpp to original from brisk.MUT3252.cpp

+++++ STDERR +++++

+++++ results for brisk.MUT73.cpp +++++
+++++ STDOUT +++++
[  0%] Built target opencv_highgui_plugins
[  0%] Built target ittnotify
[  1%] Built target opencv_dnn_plugins
[  4%] Built target ippiw
[  7%] Built target libopenjp2
[  7%] Built target opencv_videoio_plugins
[ 24%] Built target libwebp
[ 38%] Built target IlmImf
[ 53%] Built target opencv_core
[ 54%] Built target opencv_version
[ 67%] Built target opencv_imgproc
[ 70%] Built target opencv_imgcodecs
Consolidate compiler generated dependencies of target opencv_features2d
[ 72%] Built target opencv_videoio
[ 73%] Building CXX object modules/features2d/CMakeFiles/opencv_features2d.dir/src/brisk.cpp.o
[ 74%] Built target opencv_highgui
[ 74%] Built target opencv_annotation
[ 75%] Built target opencv_visualisation
[ 76%] Built target opencv_ts
[ 78%] Built target opencv_test_imgcodecs
[ 80%] Built target opencv_test_videoio
[ 80%] Built target opencv_test_highgui
[ 88%] Built target opencv_test_imgproc
[ 94%] Built target opencv_test_core
[ 94%] Linking CXX shared library ../../lib/libopencv_features2d.so
[ 96%] Built target opencv_features2d
[ 96%] Linking CXX executable ../../bin/opencv_test_features2d
[100%] Built target opencv_test_features2d
[  0%] Built target ittnotify
[  0%] Built target opencv_highgui_plugins
[  0%] Built target opencv_videoio_plugins
[  0%] Built target opencv_dnn_plugins
[  4%] Built target ippiw
[  7%] Built target libopenjp2
[ 24%] Built target libwebp
[ 38%] Built target IlmImf
[ 53%] Built target opencv_core
[ 54%] Built target opencv_version
[ 67%] Built target opencv_imgproc
[ 70%] Built target opencv_imgcodecs
Consolidate compiler generated dependencies of target opencv_features2d
[ 72%] Built target opencv_videoio
[ 73%] Building CXX object modules/features2d/CMakeFiles/opencv_features2d.dir/src/brisk.cpp.o
[ 74%] Built target opencv_highgui
[ 74%] Built target opencv_annotation
[ 75%] Built target opencv_visualisation
[ 76%] Built target opencv_ts
[ 76%] Built target opencv_test_highgui
[ 78%] Built target opencv_test_imgcodecs
[ 80%] Built target opencv_test_videoio
[ 87%] Built target opencv_test_core
[ 94%] Built target opencv_test_imgproc
[ 94%] Linking CXX shared library ../../lib/libopencv_features2d.so
[ 96%] Built target opencv_features2d
[ 96%] Linking CXX executable ../../bin/opencv_test_features2d
[100%] Built target opencv_test_features2d
Testing mutant brisk.MUT73.cpp on faster11.swtv::core5
>> Building opencv_features2d_TF_top30
>> Applied patch to brisk.cpp with brisk.MUT73.cpp
>> Building opencv_features2d_TF_top30
Mutant brisk.MUT73.cpp is not killed (all tcs pass)
>> Reverted brisk.cpp to original from brisk.MUT73.cpp

+++++ STDERR +++++

+++++ results for brisk.MUT446.cpp +++++
+++++ STDOUT +++++
[  0%] Built target ittnotify
[  0%] Built target opencv_highgui_plugins
[  0%] Built target opencv_dnn_plugins
[  1%] Built target opencv_videoio_plugins
[  4%] Built target ippiw
[  7%] Built target libopenjp2
[ 24%] Built target libwebp
[ 38%] Built target IlmImf
[ 53%] Built target opencv_core
[ 54%] Built target opencv_version
[ 67%] Built target opencv_imgproc
[ 70%] Built target opencv_imgcodecs
[ 72%] Built target opencv_videoio
Consolidate compiler generated dependencies of target opencv_features2d
[ 73%] Building CXX object modules/features2d/CMakeFiles/opencv_features2d.dir/src/brisk.cpp.o
[ 74%] Built target opencv_highgui
[ 74%] Built target opencv_annotation
[ 75%] Built target opencv_visualisation
[ 76%] Built target opencv_ts
[ 78%] Built target opencv_test_imgcodecs
[ 78%] Built target opencv_test_highgui
[ 80%] Built target opencv_test_videoio
[ 87%] Built target opencv_test_core
[ 94%] Built target opencv_test_imgproc
[ 94%] Linking CXX shared library ../../lib/libopencv_features2d.so
[ 96%] Built target opencv_features2d
[ 96%] Linking CXX executable ../../bin/opencv_test_features2d
[100%] Built target opencv_test_features2d
[  0%] Built target opencv_dnn_plugins
[  0%] Built target opencv_videoio_plugins
[  0%] Built target opencv_highgui_plugins
[  1%] Built target ittnotify
[  4%] Built target ippiw
[  7%] Built target libopenjp2
[ 24%] Built target libwebp
[ 38%] Built target IlmImf
[ 53%] Built target opencv_core
[ 54%] Built target opencv_version
[ 67%] Built target opencv_imgproc
[ 70%] Built target opencv_imgcodecs
Consolidate compiler generated dependencies of target opencv_features2d
[ 72%] Built target opencv_videoio
[ 73%] Building CXX object modules/features2d/CMakeFiles/opencv_features2d.dir/src/brisk.cpp.o
[ 74%] Built target opencv_highgui
[ 74%] Built target opencv_annotation
[ 76%] Built target opencv_ts
[ 76%] Built target opencv_visualisation
[ 76%] Built target opencv_test_highgui
[ 78%] Built target opencv_test_imgcodecs
[ 80%] Built target opencv_test_videoio
[ 87%] Built target opencv_test_core
[ 94%] Built target opencv_test_imgproc
[ 94%] Linking CXX shared library ../../lib/libopencv_features2d.so
[ 96%] Built target opencv_features2d
[ 96%] Linking CXX executable ../../bin/opencv_test_features2d
[100%] Built target opencv_test_features2d
Testing mutant brisk.MUT446.cpp on faster11.swtv::core5
>> Building opencv_features2d_TF_top30
>> Applied patch to brisk.cpp with brisk.MUT446.cpp
>> Building opencv_features2d_TF_top30
Mutant brisk.MUT446.cpp is not killed (all tcs pass)
>> Reverted brisk.cpp to original from brisk.MUT446.cpp

+++++ STDERR +++++

+++++ results for brisk.MUT1386.cpp +++++
+++++ STDOUT +++++
[  0%] Built target ittnotify
[  0%] Built target opencv_videoio_plugins
[  0%] Built target opencv_dnn_plugins
[  0%] Built target opencv_highgui_plugins
[  7%] Built target libopenjp2
[  7%] Built target ippiw
[ 24%] Built target libwebp
[ 38%] Built target IlmImf
[ 53%] Built target opencv_core
[ 54%] Built target opencv_version
[ 67%] Built target opencv_imgproc
[ 70%] Built target opencv_imgcodecs
[ 72%] Built target opencv_videoio
Consolidate compiler generated dependencies of target opencv_features2d
[ 73%] Built target opencv_highgui
[ 74%] Building CXX object modules/features2d/CMakeFiles/opencv_features2d.dir/src/brisk.cpp.o
[ 74%] Built target opencv_annotation
[ 75%] Built target opencv_ts
[ 76%] Built target opencv_visualisation
[ 77%] Built target opencv_test_highgui
[ 78%] Built target opencv_test_imgcodecs
[ 80%] Built target opencv_test_videoio
[ 87%] Built target opencv_test_core
[ 94%] Built target opencv_test_imgproc
[ 94%] Linking CXX shared library ../../lib/libopencv_features2d.so
[ 96%] Built target opencv_features2d
[ 96%] Linking CXX executable ../../bin/opencv_test_features2d
[100%] Built target opencv_test_features2d
[  0%] Built target opencv_videoio_plugins
[  0%] Built target opencv_dnn_plugins
[  0%] Built target opencv_highgui_plugins
[  1%] Built target ittnotify
[  4%] Built target ippiw
[  7%] Built target libopenjp2
[ 24%] Built target libwebp
[ 38%] Built target IlmImf
[ 53%] Built target opencv_core
[ 54%] Built target opencv_version
[ 67%] Built target opencv_imgproc
[ 70%] Built target opencv_imgcodecs
Consolidate compiler generated dependencies of target opencv_features2d
[ 72%] Built target opencv_videoio
[ 73%] Building CXX object modules/features2d/CMakeFiles/opencv_features2d.dir/src/brisk.cpp.o
[ 74%] Built target opencv_highgui
[ 75%] Built target opencv_annotation
[ 75%] Built target opencv_visualisation
[ 76%] Built target opencv_ts
[ 76%] Built target opencv_test_highgui
[ 78%] Built target opencv_test_imgcodecs
[ 80%] Built target opencv_test_videoio
[ 87%] Built target opencv_test_core
[ 94%] Built target opencv_test_imgproc
[ 94%] Linking CXX shared library ../../lib/libopencv_features2d.so
[ 96%] Built target opencv_features2d
[ 96%] Linking CXX executable ../../bin/opencv_test_features2d
[100%] Built target opencv_test_features2d
Testing mutant brisk.MUT1386.cpp on faster11.swtv::core5
>> Building opencv_features2d_TF_top30
>> Applied patch to brisk.cpp with brisk.MUT1386.cpp
>> Building opencv_features2d_TF_top30
Mutant brisk.MUT1386.cpp is not killed (all tcs pass)
>> Reverted brisk.cpp to original from brisk.MUT1386.cpp

+++++ STDERR +++++
/home/yangheechan/FL-dataset-generation-opencv_features2d_TF_top30/work/opencv_features2d_TF_top30/working_env/faster11.swtv/core5/opencv_features2d_TF_top30/modules/features2d/src/brisk.cpp: In member function int cv::BriskScaleSpace::getScoreBelow(int, int, int) const:
/home/yangheechan/FL-dataset-generation-opencv_features2d_TF_top30/work/opencv_features2d_TF_top30/working_env/faster11.swtv/core5/opencv_features2d_TF_top30/modules/features2d/src/brisk.cpp:1187:38: warning: type qualifiers ignored on cast result type [-Wignored-qualifiers]
 1187 |   const float r_y_1 = float(y_top) - static_cast<const float>((y_1+1)) + 0.5f;
      |                                      ^~~~~~~~~~~~~~~~~~~~~~~~~~~~~~~~~

+++++ results for brisk.MUT1571.cpp +++++
+++++ STDOUT +++++
[  0%] Built target opencv_videoio_plugins
[  0%] Built target opencv_dnn_plugins
[  0%] Built target opencv_highgui_plugins
[  0%] Built target ittnotify
[  3%] Built target libopenjp2
[  7%] Built target ippiw
[ 24%] Built target libwebp
[ 38%] Built target IlmImf
[ 53%] Built target opencv_core
[ 54%] Built target opencv_version
[ 67%] Built target opencv_imgproc
[ 70%] Built target opencv_imgcodecs
Consolidate compiler generated dependencies of target opencv_features2d
[ 72%] Built target opencv_videoio
[ 73%] Building CXX object modules/features2d/CMakeFiles/opencv_features2d.dir/src/brisk.cpp.o
[ 74%] Built target opencv_highgui
[ 75%] Built target opencv_annotation
[ 75%] Built target opencv_visualisation
[ 76%] Built target opencv_ts
[ 76%] Built target opencv_test_highgui
[ 78%] Built target opencv_test_imgcodecs
[ 80%] Built target opencv_test_videoio
[ 87%] Built target opencv_test_core
[ 94%] Built target opencv_test_imgproc
[ 94%] Linking CXX shared library ../../lib/libopencv_features2d.so
[ 96%] Built target opencv_features2d
[ 96%] Linking CXX executable ../../bin/opencv_test_features2d
[100%] Built target opencv_test_features2d
[  0%] Built target opencv_dnn_plugins
[  0%] Built target opencv_videoio_plugins
[  0%] Built target opencv_highgui_plugins
[  0%] Built target ittnotify
[  3%] Built target libopenjp2
[  7%] Built target ippiw
[ 24%] Built target libwebp
[ 38%] Built target IlmImf
[ 53%] Built target opencv_core
[ 54%] Built target opencv_version
[ 67%] Built target opencv_imgproc
[ 70%] Built target opencv_imgcodecs
Consolidate compiler generated dependencies of target opencv_features2d
[ 72%] Built target opencv_videoio
[ 73%] Building CXX object modules/features2d/CMakeFiles/opencv_features2d.dir/src/brisk.cpp.o
[ 74%] Built target opencv_highgui
[ 75%] Built target opencv_ts
[ 76%] Built target opencv_visualisation
[ 76%] Built target opencv_annotation
[ 76%] Built target opencv_test_highgui
[ 78%] Built target opencv_test_imgcodecs
[ 80%] Built target opencv_test_videoio
[ 88%] Built target opencv_test_imgproc
[ 94%] Built target opencv_test_core
[ 94%] Linking CXX shared library ../../lib/libopencv_features2d.so
[ 96%] Built target opencv_features2d
[ 96%] Linking CXX executable ../../bin/opencv_test_features2d
[100%] Built target opencv_test_features2d
Testing mutant brisk.MUT1571.cpp on faster11.swtv::core5
>> Building opencv_features2d_TF_top30
>> Applied patch to brisk.cpp with brisk.MUT1571.cpp
>> Building opencv_features2d_TF_top30
Mutant brisk.MUT1571.cpp is not killed (all tcs pass)
>> Reverted brisk.cpp to original from brisk.MUT1571.cpp

+++++ STDERR +++++

+++++ results for brisk.MUT919.cpp +++++
+++++ STDOUT +++++
[  0%] Built target opencv_highgui_plugins
[  0%] Built target opencv_dnn_plugins
[  0%] Built target opencv_videoio_plugins
[  0%] Built target ittnotify
[  4%] Built target ippiw
[  7%] Built target libopenjp2
[ 24%] Built target libwebp
[ 38%] Built target IlmImf
[ 53%] Built target opencv_core
[ 54%] Built target opencv_version
[ 67%] Built target opencv_imgproc
[ 70%] Built target opencv_imgcodecs
[ 72%] Built target opencv_videoio
Consolidate compiler generated dependencies of target opencv_features2d
[ 73%] Built target opencv_highgui
[ 74%] Building CXX object modules/features2d/CMakeFiles/opencv_features2d.dir/src/brisk.cpp.o
[ 75%] Built target opencv_visualisation
[ 75%] Built target opencv_annotation
[ 76%] Built target opencv_ts
[ 76%] Built target opencv_test_highgui
[ 78%] Built target opencv_test_imgcodecs
[ 80%] Built target opencv_test_videoio
[ 87%] Built target opencv_test_core
[ 94%] Built target opencv_test_imgproc
[ 94%] Linking CXX shared library ../../lib/libopencv_features2d.so
[ 96%] Built target opencv_features2d
[ 96%] Linking CXX executable ../../bin/opencv_test_features2d
[100%] Built target opencv_test_features2d
[  0%] Built target opencv_dnn_plugins
[  0%] Built target opencv_highgui_plugins
[  0%] Built target ittnotify
[  3%] Built target libopenjp2
[  7%] Built target ippiw
[  7%] Built target opencv_videoio_plugins
[ 24%] Built target libwebp
[ 38%] Built target IlmImf
[ 53%] Built target opencv_core
[ 54%] Built target opencv_version
[ 67%] Built target opencv_imgproc
[ 70%] Built target opencv_imgcodecs
[ 72%] Built target opencv_videoio
Consolidate compiler generated dependencies of target opencv_features2d
[ 73%] Built target opencv_highgui
[ 74%] Building CXX object modules/features2d/CMakeFiles/opencv_features2d.dir/src/brisk.cpp.o
[ 74%] Built target opencv_annotation
[ 75%] Built target opencv_visualisation
[ 76%] Built target opencv_ts
[ 76%] Built target opencv_test_highgui
[ 78%] Built target opencv_test_imgcodecs
[ 80%] Built target opencv_test_videoio
[ 87%] Built target opencv_test_core
[ 94%] Built target opencv_test_imgproc
[ 94%] Linking CXX shared library ../../lib/libopencv_features2d.so
[ 96%] Built target opencv_features2d
[ 96%] Linking CXX executable ../../bin/opencv_test_features2d
[100%] Built target opencv_test_features2d
Testing mutant brisk.MUT919.cpp on faster11.swtv::core5
>> Building opencv_features2d_TF_top30
>> Applied patch to brisk.cpp with brisk.MUT919.cpp
>> Building opencv_features2d_TF_top30
Mutant brisk.MUT919.cpp is not killed (all tcs pass)
>> Reverted brisk.cpp to original from brisk.MUT919.cpp

+++++ STDERR +++++
/home/yangheechan/FL-dataset-generation-opencv_features2d_TF_top30/work/opencv_features2d_TF_top30/working_env/faster11.swtv/core5/opencv_features2d_TF_top30/modules/features2d/src/brisk.cpp: In member function void cv::BRISK_Impl::computeDescriptorsAndOrOrientation(cv::InputArray, cv::InputArray, std::vector<cv::KeyPoint>&, cv::OutputArray, bool, bool, bool) const:
/home/yangheechan/FL-dataset-generation-opencv_features2d_TF_top30/work/opencv_features2d_TF_top30/working_env/faster11.swtv/core5/opencv_features2d_TF_top30/modules/features2d/src/brisk.cpp:847:22: warning: comparison of constant -1 with boolean expression is always false [-Wbool-compare]
  847 |     if (doOrientation==-1)
      |         ~~~~~~~~~~~~~^~~~

+++++ results for brisk.MUT420.cpp +++++
+++++ STDOUT +++++
[  0%] Built target opencv_dnn_plugins
[  0%] Built target opencv_videoio_plugins
[  0%] Built target ittnotify
[  0%] Built target opencv_highgui_plugins
[  7%] Built target libopenjp2
[  7%] Built target ippiw
[ 24%] Built target libwebp
[ 38%] Built target IlmImf
[ 53%] Built target opencv_core
[ 54%] Built target opencv_version
[ 67%] Built target opencv_imgproc
[ 70%] Built target opencv_imgcodecs
[ 72%] Built target opencv_videoio
Consolidate compiler generated dependencies of target opencv_features2d
[ 73%] Built target opencv_highgui
[ 74%] Building CXX object modules/features2d/CMakeFiles/opencv_features2d.dir/src/brisk.cpp.o
[ 75%] Built target opencv_annotation
[ 75%] Built target opencv_visualisation
[ 76%] Built target opencv_ts
[ 78%] Built target opencv_test_imgcodecs
[ 78%] Built target opencv_test_highgui
[ 80%] Built target opencv_test_videoio
[ 89%] Built target opencv_test_imgproc
[ 94%] Built target opencv_test_core
[ 94%] Linking CXX shared library ../../lib/libopencv_features2d.so
[ 96%] Built target opencv_features2d
[ 96%] Linking CXX executable ../../bin/opencv_test_features2d
[100%] Built target opencv_test_features2d
[  0%] Built target opencv_highgui_plugins
[  0%] Built target opencv_dnn_plugins
[  0%] Built target opencv_videoio_plugins
[  0%] Built target ittnotify
[  4%] Built target ippiw
[  7%] Built target libopenjp2
[ 24%] Built target libwebp
[ 38%] Built target IlmImf
[ 53%] Built target opencv_core
[ 54%] Built target opencv_version
[ 67%] Built target opencv_imgproc
[ 70%] Built target opencv_imgcodecs
[ 72%] Built target opencv_videoio
Consolidate compiler generated dependencies of target opencv_features2d
[ 73%] Built target opencv_highgui
[ 74%] Building CXX object modules/features2d/CMakeFiles/opencv_features2d.dir/src/brisk.cpp.o
[ 74%] Built target opencv_annotation
[ 75%] Built target opencv_visualisation
[ 76%] Built target opencv_ts
[ 78%] Built target opencv_test_imgcodecs
[ 78%] Built target opencv_test_highgui
[ 80%] Built target opencv_test_videoio
[ 87%] Built target opencv_test_core
[ 94%] Built target opencv_test_imgproc
[ 94%] Linking CXX shared library ../../lib/libopencv_features2d.so
[ 96%] Built target opencv_features2d
[ 96%] Linking CXX executable ../../bin/opencv_test_features2d
[100%] Built target opencv_test_features2d
Testing mutant brisk.MUT420.cpp on faster11.swtv::core5
>> Building opencv_features2d_TF_top30
>> Applied patch to brisk.cpp with brisk.MUT420.cpp
>> Building opencv_features2d_TF_top30
SELECT bug_idx FROM bug_info WHERE subject = %s AND experiment_name = %s AND version = %s ['opencv_features2d_TF_top30', 'TF_top30', 'brisk.MUT420.cpp']
>> Saved buggy mutant brisk.MUT420.cpp
	 - Failing test cases: 1
	 - Passing test cases: 61
	 - Crashing test cases: 0
>> Reverted brisk.cpp to original from brisk.MUT420.cpp

+++++ STDERR +++++

+++++ results for brisk.MUT327.cpp +++++
+++++ STDOUT +++++
[  0%] Built target opencv_videoio_plugins
[  0%] Built target opencv_dnn_plugins
[  0%] Built target opencv_highgui_plugins
[  0%] Built target ittnotify
[  4%] Built target libopenjp2
[  7%] Built target ippiw
[ 24%] Built target libwebp
[ 38%] Built target IlmImf
[ 53%] Built target opencv_core
[ 54%] Built target opencv_version
[ 67%] Built target opencv_imgproc
[ 70%] Built target opencv_imgcodecs
Consolidate compiler generated dependencies of target opencv_features2d
[ 72%] Built target opencv_videoio
[ 73%] Building CXX object modules/features2d/CMakeFiles/opencv_features2d.dir/src/brisk.cpp.o
[ 74%] Built target opencv_highgui
[ 75%] Built target opencv_ts
[ 76%] Built target opencv_visualisation
[ 76%] Built target opencv_annotation
[ 78%] Built target opencv_test_imgcodecs
[ 78%] Built target opencv_test_highgui
[ 80%] Built target opencv_test_videoio
[ 87%] Built target opencv_test_core
[ 94%] Built target opencv_test_imgproc
[ 94%] Linking CXX shared library ../../lib/libopencv_features2d.so
[ 96%] Built target opencv_features2d
[ 96%] Linking CXX executable ../../bin/opencv_test_features2d
[100%] Built target opencv_test_features2d
[  0%] Built target opencv_dnn_plugins
[  0%] Built target ittnotify
[  0%] Built target opencv_highgui_plugins
[  0%] Built target opencv_videoio_plugins
[  4%] Built target ippiw
[  7%] Built target libopenjp2
[ 24%] Built target libwebp
[ 38%] Built target IlmImf
[ 53%] Built target opencv_core
[ 54%] Built target opencv_version
[ 67%] Built target opencv_imgproc
[ 70%] Built target opencv_imgcodecs
[ 72%] Built target opencv_videoio
Consolidate compiler generated dependencies of target opencv_features2d
[ 74%] Built target opencv_highgui
[ 74%] Building CXX object modules/features2d/CMakeFiles/opencv_features2d.dir/src/brisk.cpp.o
[ 75%] Built target opencv_visualisation
[ 75%] Built target opencv_annotation
[ 76%] Built target opencv_ts
[ 76%] Built target opencv_test_highgui
[ 79%] Built target opencv_test_imgcodecs
[ 80%] Built target opencv_test_videoio
[ 88%] Built target opencv_test_imgproc
[ 94%] Built target opencv_test_core
[ 94%] Linking CXX shared library ../../lib/libopencv_features2d.so
[ 96%] Built target opencv_features2d
[ 96%] Linking CXX executable ../../bin/opencv_test_features2d
[100%] Built target opencv_test_features2d
Testing mutant brisk.MUT327.cpp on faster11.swtv::core5
>> Building opencv_features2d_TF_top30
>> Applied patch to brisk.cpp with brisk.MUT327.cpp
>> Building opencv_features2d_TF_top30
Mutant brisk.MUT327.cpp is not killed (all tcs pass)
>> Reverted brisk.cpp to original from brisk.MUT327.cpp

+++++ STDERR +++++

+++++ results for brisk.MUT624.cpp +++++
+++++ STDOUT +++++
[  0%] Built target opencv_dnn_plugins
[  0%] Built target opencv_highgui_plugins
[  0%] Built target opencv_videoio_plugins
[  0%] Built target ittnotify
[  4%] Built target ippiw
[  7%] Built target libopenjp2
[ 24%] Built target libwebp
[ 38%] Built target IlmImf
[ 53%] Built target opencv_core
[ 54%] Built target opencv_version
[ 67%] Built target opencv_imgproc
[ 70%] Built target opencv_imgcodecs
[ 72%] Built target opencv_videoio
[ 73%] Built target opencv_highgui
Consolidate compiler generated dependencies of target opencv_features2d
[ 74%] Built target opencv_annotation
[ 74%] Building CXX object modules/features2d/CMakeFiles/opencv_features2d.dir/src/brisk.cpp.o
[ 75%] Built target opencv_visualisation
[ 76%] Built target opencv_ts
[ 76%] Built target opencv_test_highgui
[ 78%] Built target opencv_test_imgcodecs
[ 80%] Built target opencv_test_videoio
[ 87%] Built target opencv_test_core
[ 94%] Built target opencv_test_imgproc
[ 94%] Linking CXX shared library ../../lib/libopencv_features2d.so
[ 96%] Built target opencv_features2d
[ 96%] Linking CXX executable ../../bin/opencv_test_features2d
[100%] Built target opencv_test_features2d
[  3%] Built target libopenjp2
[  3%] Built target opencv_videoio_plugins
[  3%] Built target opencv_highgui_plugins
[  3%] Built target opencv_dnn_plugins
[  4%] Built target ittnotify
[  7%] Built target ippiw
[ 24%] Built target libwebp
[ 38%] Built target IlmImf
[ 53%] Built target opencv_core
[ 54%] Built target opencv_version
[ 67%] Built target opencv_imgproc
[ 70%] Built target opencv_imgcodecs
Consolidate compiler generated dependencies of target opencv_features2d
[ 72%] Built target opencv_videoio
[ 73%] Building CXX object modules/features2d/CMakeFiles/opencv_features2d.dir/src/brisk.cpp.o
[ 74%] Built target opencv_highgui
[ 74%] Built target opencv_annotation
[ 75%] Built target opencv_visualisation
[ 76%] Built target opencv_ts
[ 76%] Built target opencv_test_highgui
[ 78%] Built target opencv_test_imgcodecs
[ 80%] Built target opencv_test_videoio
[ 87%] Built target opencv_test_core
[ 94%] Built target opencv_test_imgproc
[ 94%] Linking CXX shared library ../../lib/libopencv_features2d.so
[ 96%] Built target opencv_features2d
[ 96%] Linking CXX executable ../../bin/opencv_test_features2d
[100%] Built target opencv_test_features2d
Testing mutant brisk.MUT624.cpp on faster11.swtv::core5
>> Building opencv_features2d_TF_top30
>> Applied patch to brisk.cpp with brisk.MUT624.cpp
>> Building opencv_features2d_TF_top30
SELECT bug_idx FROM bug_info WHERE subject = %s AND experiment_name = %s AND version = %s ['opencv_features2d_TF_top30', 'TF_top30', 'brisk.MUT624.cpp']
>> Saved buggy mutant brisk.MUT624.cpp
	 - Failing test cases: 3
	 - Passing test cases: 59
	 - Crashing test cases: 0
>> Reverted brisk.cpp to original from brisk.MUT624.cpp

+++++ STDERR +++++

+++++ results for brisk.MUT2903.cpp +++++
+++++ STDOUT +++++
[  0%] Built target opencv_dnn_plugins
[  0%] Built target opencv_videoio_plugins
[  0%] Built target opencv_highgui_plugins
[  0%] Built target ittnotify
[  4%] Built target ippiw
[  7%] Built target libopenjp2
[ 24%] Built target libwebp
[ 38%] Built target IlmImf
[ 53%] Built target opencv_core
[ 54%] Built target opencv_version
[ 67%] Built target opencv_imgproc
[ 70%] Built target opencv_imgcodecs
[ 72%] Built target opencv_videoio
Consolidate compiler generated dependencies of target opencv_features2d
[ 73%] Built target opencv_highgui
[ 74%] Building CXX object modules/features2d/CMakeFiles/opencv_features2d.dir/src/brisk.cpp.o
[ 74%] Built target opencv_annotation
[ 75%] Built target opencv_visualisation
[ 76%] Built target opencv_ts
[ 76%] Built target opencv_test_highgui
[ 78%] Built target opencv_test_imgcodecs
[ 80%] Built target opencv_test_videoio
[ 87%] Built target opencv_test_core
[ 94%] Built target opencv_test_imgproc
[ 94%] Linking CXX shared library ../../lib/libopencv_features2d.so
[ 96%] Built target opencv_features2d
[ 96%] Linking CXX executable ../../bin/opencv_test_features2d
[100%] Built target opencv_test_features2d
[  0%] Built target opencv_highgui_plugins
[  0%] Built target opencv_videoio_plugins
[  0%] Built target opencv_dnn_plugins
[  0%] Built target ittnotify
[  4%] Built target libopenjp2
[  7%] Built target ippiw
[ 24%] Built target libwebp
[ 38%] Built target IlmImf
[ 53%] Built target opencv_core
[ 54%] Built target opencv_version
[ 67%] Built target opencv_imgproc
[ 70%] Built target opencv_imgcodecs
[ 72%] Built target opencv_videoio
Consolidate compiler generated dependencies of target opencv_features2d
[ 73%] Building CXX object modules/features2d/CMakeFiles/opencv_features2d.dir/src/brisk.cpp.o
[ 74%] Built target opencv_highgui
[ 74%] Built target opencv_annotation
[ 75%] Built target opencv_visualisation
[ 76%] Built target opencv_ts
[ 78%] Built target opencv_test_imgcodecs
[ 80%] Built target opencv_test_videoio
[ 80%] Built target opencv_test_highgui
[ 88%] Built target opencv_test_imgproc
[ 94%] Built target opencv_test_core
[ 94%] Linking CXX shared library ../../lib/libopencv_features2d.so
[ 96%] Built target opencv_features2d
[ 96%] Linking CXX executable ../../bin/opencv_test_features2d
[100%] Built target opencv_test_features2d
Testing mutant brisk.MUT2903.cpp on faster11.swtv::core5
>> Building opencv_features2d_TF_top30
>> Applied patch to brisk.cpp with brisk.MUT2903.cpp
>> Building opencv_features2d_TF_top30
Mutant brisk.MUT2903.cpp is not killed (all tcs pass)
>> Reverted brisk.cpp to original from brisk.MUT2903.cpp

+++++ STDERR +++++

+++++ results for brisk.MUT283.cpp +++++
+++++ STDOUT +++++
[  0%] Built target opencv_videoio_plugins
[  0%] Built target opencv_dnn_plugins
[  0%] Built target opencv_highgui_plugins
[  0%] Built target ittnotify
[  4%] Built target ippiw
[  7%] Built target libopenjp2
[ 24%] Built target libwebp
[ 38%] Built target IlmImf
[ 53%] Built target opencv_core
[ 54%] Built target opencv_version
[ 67%] Built target opencv_imgproc
[ 70%] Built target opencv_imgcodecs
Consolidate compiler generated dependencies of target opencv_features2d
[ 72%] Built target opencv_videoio
[ 73%] Building CXX object modules/features2d/CMakeFiles/opencv_features2d.dir/src/brisk.cpp.o
[ 74%] Built target opencv_highgui
[ 75%] Built target opencv_annotation
[ 75%] Built target opencv_visualisation
[ 76%] Built target opencv_ts
[ 76%] Built target opencv_test_highgui
[ 78%] Built target opencv_test_imgcodecs
[ 80%] Built target opencv_test_videoio
[ 88%] Built target opencv_test_imgproc
[ 94%] Built target opencv_test_core
[ 94%] Linking CXX shared library ../../lib/libopencv_features2d.so
[ 96%] Built target opencv_features2d
[ 96%] Linking CXX executable ../../bin/opencv_test_features2d
[100%] Built target opencv_test_features2d
[  0%] Built target opencv_dnn_plugins
[  0%] Built target opencv_highgui_plugins
[  0%] Built target ittnotify
[  1%] Built target opencv_videoio_plugins
[  3%] Built target libopenjp2
[  7%] Built target ippiw
[ 24%] Built target libwebp
[ 38%] Built target IlmImf
[ 53%] Built target opencv_core
[ 54%] Built target opencv_version
[ 67%] Built target opencv_imgproc
[ 70%] Built target opencv_imgcodecs
[ 72%] Built target opencv_videoio
Consolidate compiler generated dependencies of target opencv_features2d
[ 73%] Built target opencv_highgui
[ 74%] Building CXX object modules/features2d/CMakeFiles/opencv_features2d.dir/src/brisk.cpp.o
[ 74%] Built target opencv_annotation
[ 75%] Built target opencv_visualisation
[ 76%] Built target opencv_ts
[ 76%] Built target opencv_test_highgui
[ 78%] Built target opencv_test_imgcodecs
[ 80%] Built target opencv_test_videoio
[ 87%] Built target opencv_test_core
[ 94%] Built target opencv_test_imgproc
[ 94%] Linking CXX shared library ../../lib/libopencv_features2d.so
[ 96%] Built target opencv_features2d
[ 96%] Linking CXX executable ../../bin/opencv_test_features2d
[100%] Built target opencv_test_features2d
Testing mutant brisk.MUT283.cpp on faster11.swtv::core5
>> Building opencv_features2d_TF_top30
>> Applied patch to brisk.cpp with brisk.MUT283.cpp
>> Building opencv_features2d_TF_top30
SELECT bug_idx FROM bug_info WHERE subject = %s AND experiment_name = %s AND version = %s ['opencv_features2d_TF_top30', 'TF_top30', 'brisk.MUT283.cpp']
>> Saved buggy mutant brisk.MUT283.cpp
	 - Failing test cases: 3
	 - Passing test cases: 58
	 - Crashing test cases: 1
>> Reverted brisk.cpp to original from brisk.MUT283.cpp

+++++ STDERR +++++
/home/yangheechan/FL-dataset-generation-opencv_features2d_TF_top30/work/opencv_features2d_TF_top30/working_env/faster11.swtv/core5/opencv_features2d_TF_top30/modules/features2d/src/brisk.cpp: In member function void cv::BRISK_Impl::generateKernel(const std::vector<float>&, const std::vector<int>&, float, float, const std::vector<int>&):
/home/yangheechan/FL-dataset-generation-opencv_features2d_TF_top30/work/opencv_features2d_TF_top30/working_env/faster11.swtv/core5/opencv_features2d_TF_top30/modules/features2d/src/brisk.cpp:465:34: warning: type qualifiers ignored on cast result type [-Wignored-qualifiers]
  465 |               sizeList_[scale] = static_cast<const unsigned int>(1);
      |                                  ^~~~~~~~~~~~~~~~~~~~~~~~~~~~~~~~~~

+++++ results for brisk.MUT2647.cpp +++++
+++++ STDOUT +++++
[  0%] Built target opencv_dnn_plugins
[  0%] Built target opencv_videoio_plugins
[  0%] Built target opencv_highgui_plugins
[  0%] Built target ittnotify
[  4%] Built target ippiw
[  7%] Built target libopenjp2
[ 24%] Built target libwebp
[ 38%] Built target IlmImf
[ 53%] Built target opencv_core
[ 54%] Built target opencv_version
[ 67%] Built target opencv_imgproc
[ 70%] Built target opencv_imgcodecs
Consolidate compiler generated dependencies of target opencv_features2d
[ 72%] Built target opencv_videoio
[ 73%] Building CXX object modules/features2d/CMakeFiles/opencv_features2d.dir/src/brisk.cpp.o
[ 74%] Built target opencv_highgui
[ 74%] Built target opencv_annotation
[ 75%] Built target opencv_visualisation
[ 76%] Built target opencv_ts
[ 78%] Built target opencv_test_imgcodecs
[ 78%] Built target opencv_test_highgui
[ 80%] Built target opencv_test_videoio
[ 87%] Built target opencv_test_core
[ 94%] Built target opencv_test_imgproc
[ 94%] Linking CXX shared library ../../lib/libopencv_features2d.so
[ 96%] Built target opencv_features2d
[ 96%] Linking CXX executable ../../bin/opencv_test_features2d
[100%] Built target opencv_test_features2d
[  0%] Built target opencv_dnn_plugins
[  0%] Built target opencv_highgui_plugins
[  0%] Built target opencv_videoio_plugins
[  0%] Built target ittnotify
[  4%] Built target libopenjp2
[  7%] Built target ippiw
[ 24%] Built target libwebp
[ 38%] Built target IlmImf
[ 53%] Built target opencv_core
[ 54%] Built target opencv_version
[ 67%] Built target opencv_imgproc
[ 70%] Built target opencv_imgcodecs
Consolidate compiler generated dependencies of target opencv_features2d
[ 72%] Built target opencv_videoio
[ 73%] Building CXX object modules/features2d/CMakeFiles/opencv_features2d.dir/src/brisk.cpp.o
[ 74%] Built target opencv_highgui
[ 74%] Built target opencv_annotation
[ 75%] Built target opencv_ts
[ 76%] Built target opencv_visualisation
[ 76%] Built target opencv_test_highgui
[ 78%] Built target opencv_test_imgcodecs
[ 80%] Built target opencv_test_videoio
[ 87%] Built target opencv_test_core
[ 94%] Built target opencv_test_imgproc
[ 94%] Linking CXX shared library ../../lib/libopencv_features2d.so
[ 96%] Built target opencv_features2d
[ 96%] Linking CXX executable ../../bin/opencv_test_features2d
[100%] Built target opencv_test_features2d
Testing mutant brisk.MUT2647.cpp on faster11.swtv::core5
>> Building opencv_features2d_TF_top30
>> Applied patch to brisk.cpp with brisk.MUT2647.cpp
>> Building opencv_features2d_TF_top30
Mutant brisk.MUT2647.cpp is not killed (all tcs pass)
>> Reverted brisk.cpp to original from brisk.MUT2647.cpp

+++++ STDERR +++++

+++++ results for brisk.MUT715.cpp +++++
+++++ STDOUT +++++
[  0%] Built target opencv_dnn_plugins
[  0%] Built target opencv_highgui_plugins
[  0%] Built target ittnotify
[  4%] Built target ippiw
[  4%] Built target opencv_videoio_plugins
[  7%] Built target libopenjp2
[ 24%] Built target libwebp
[ 38%] Built target IlmImf
[ 53%] Built target opencv_core
[ 54%] Built target opencv_version
[ 67%] Built target opencv_imgproc
[ 70%] Built target opencv_imgcodecs
[ 72%] Built target opencv_videoio
Consolidate compiler generated dependencies of target opencv_features2d
[ 73%] Built target opencv_highgui
[ 74%] Building CXX object modules/features2d/CMakeFiles/opencv_features2d.dir/src/brisk.cpp.o
[ 74%] Built target opencv_annotation
[ 75%] Built target opencv_visualisation
[ 76%] Built target opencv_ts
[ 76%] Built target opencv_test_highgui
[ 78%] Built target opencv_test_imgcodecs
[ 80%] Built target opencv_test_videoio
[ 87%] Built target opencv_test_core
[ 94%] Built target opencv_test_imgproc
[ 94%] Linking CXX shared library ../../lib/libopencv_features2d.so
[ 96%] Built target opencv_features2d
[ 96%] Linking CXX executable ../../bin/opencv_test_features2d
[100%] Built target opencv_test_features2d
[  0%] Built target opencv_videoio_plugins
[  0%] Built target opencv_highgui_plugins
[  0%] Built target opencv_dnn_plugins
[  0%] Built target ittnotify
[  4%] Built target ippiw
[  7%] Built target libopenjp2
[ 24%] Built target libwebp
[ 38%] Built target IlmImf
[ 53%] Built target opencv_core
[ 54%] Built target opencv_version
[ 67%] Built target opencv_imgproc
[ 70%] Built target opencv_imgcodecs
Consolidate compiler generated dependencies of target opencv_features2d
[ 72%] Built target opencv_videoio
[ 73%] Building CXX object modules/features2d/CMakeFiles/opencv_features2d.dir/src/brisk.cpp.o
[ 74%] Built target opencv_highgui
[ 75%] Built target opencv_visualisation
[ 75%] Built target opencv_annotation
[ 76%] Built target opencv_ts
[ 76%] Built target opencv_test_highgui
[ 78%] Built target opencv_test_imgcodecs
[ 80%] Built target opencv_test_videoio
[ 88%] Built target opencv_test_imgproc
[ 94%] Built target opencv_test_core
[ 94%] Linking CXX shared library ../../lib/libopencv_features2d.so
[ 96%] Built target opencv_features2d
[ 96%] Linking CXX executable ../../bin/opencv_test_features2d
[100%] Built target opencv_test_features2d
Testing mutant brisk.MUT715.cpp on faster11.swtv::core5
>> Building opencv_features2d_TF_top30
>> Applied patch to brisk.cpp with brisk.MUT715.cpp
>> Building opencv_features2d_TF_top30
Mutant brisk.MUT715.cpp is not killed (all tcs pass)
>> Reverted brisk.cpp to original from brisk.MUT715.cpp

+++++ STDERR +++++

+++++ results for brisk.MUT2376.cpp +++++
+++++ STDOUT +++++
[  0%] Built target opencv_highgui_plugins
[  0%] Built target opencv_dnn_plugins
[  0%] Built target opencv_videoio_plugins
[  0%] Built target ittnotify
[  4%] Built target ippiw
[  7%] Built target libopenjp2
[ 24%] Built target libwebp
[ 38%] Built target IlmImf
[ 53%] Built target opencv_core
[ 54%] Built target opencv_version
[ 67%] Built target opencv_imgproc
[ 70%] Built target opencv_imgcodecs
[ 72%] Built target opencv_videoio
Consolidate compiler generated dependencies of target opencv_features2d
[ 74%] Building CXX object modules/features2d/CMakeFiles/opencv_features2d.dir/src/brisk.cpp.o
[ 74%] Built target opencv_highgui
[ 74%] Built target opencv_annotation
[ 75%] Built target opencv_visualisation
[ 76%] Built target opencv_ts
[ 76%] Built target opencv_test_highgui
[ 78%] Built target opencv_test_imgcodecs
[ 80%] Built target opencv_test_videoio
[ 91%] Built target opencv_test_core
[ 94%] Built target opencv_test_imgproc
[ 94%] Linking CXX shared library ../../lib/libopencv_features2d.so
[ 96%] Built target opencv_features2d
[ 96%] Linking CXX executable ../../bin/opencv_test_features2d
[100%] Built target opencv_test_features2d
[  0%] Built target opencv_dnn_plugins
[  0%] Built target opencv_highgui_plugins
[  0%] Built target opencv_videoio_plugins
[  3%] Built target libopenjp2
[  3%] Built target ittnotify
[  7%] Built target ippiw
[ 24%] Built target libwebp
[ 38%] Built target IlmImf
[ 53%] Built target opencv_core
[ 54%] Built target opencv_version
[ 67%] Built target opencv_imgproc
[ 70%] Built target opencv_imgcodecs
Consolidate compiler generated dependencies of target opencv_features2d
[ 72%] Built target opencv_videoio
[ 73%] Building CXX object modules/features2d/CMakeFiles/opencv_features2d.dir/src/brisk.cpp.o
[ 74%] Built target opencv_highgui
[ 74%] Built target opencv_annotation
[ 75%] Built target opencv_visualisation
[ 76%] Built target opencv_ts
[ 76%] Built target opencv_test_highgui
[ 78%] Built target opencv_test_videoio
[ 83%] Built target opencv_test_imgcodecs
[ 87%] Built target opencv_test_core
[ 94%] Built target opencv_test_imgproc
[ 94%] Linking CXX shared library ../../lib/libopencv_features2d.so
[ 96%] Built target opencv_features2d
[ 96%] Linking CXX executable ../../bin/opencv_test_features2d
[100%] Built target opencv_test_features2d
Testing mutant brisk.MUT2376.cpp on faster11.swtv::core5
>> Building opencv_features2d_TF_top30
>> Applied patch to brisk.cpp with brisk.MUT2376.cpp
>> Building opencv_features2d_TF_top30
Mutant brisk.MUT2376.cpp is not killed (all tcs pass)
>> Reverted brisk.cpp to original from brisk.MUT2376.cpp

+++++ STDERR +++++

+++++ results for brisk.MUT825.cpp +++++
+++++ STDOUT +++++
[  0%] Built target opencv_highgui_plugins
[  0%] Built target opencv_videoio_plugins
[  0%] Built target ittnotify
[  4%] Built target ippiw
[  7%] Built target libopenjp2
[  7%] Built target opencv_dnn_plugins
[ 24%] Built target libwebp
[ 38%] Built target IlmImf
[ 53%] Built target opencv_core
[ 54%] Built target opencv_version
[ 67%] Built target opencv_imgproc
[ 70%] Built target opencv_imgcodecs
[ 72%] Built target opencv_videoio
[ 73%] Built target opencv_highgui
Consolidate compiler generated dependencies of target opencv_features2d
[ 73%] Built target opencv_annotation
[ 74%] Built target opencv_visualisation
[ 75%] Building CXX object modules/features2d/CMakeFiles/opencv_features2d.dir/src/brisk.cpp.o
[ 76%] Built target opencv_ts
[ 78%] Built target opencv_test_imgcodecs
[ 78%] Built target opencv_test_highgui
[ 80%] Built target opencv_test_videoio
[ 87%] Built target opencv_test_core
[ 94%] Built target opencv_test_imgproc
[ 94%] Linking CXX shared library ../../lib/libopencv_features2d.so
[ 96%] Built target opencv_features2d
[ 96%] Linking CXX executable ../../bin/opencv_test_features2d
[100%] Built target opencv_test_features2d
[  0%] Built target opencv_dnn_plugins
[  0%] Built target ittnotify
[  1%] Built target opencv_highgui_plugins
[  1%] Built target opencv_videoio_plugins
[  3%] Built target libopenjp2
[  7%] Built target ippiw
[ 24%] Built target libwebp
[ 38%] Built target IlmImf
[ 53%] Built target opencv_core
[ 54%] Built target opencv_version
[ 67%] Built target opencv_imgproc
[ 70%] Built target opencv_imgcodecs
Consolidate compiler generated dependencies of target opencv_features2d
[ 72%] Built target opencv_videoio
[ 73%] Building CXX object modules/features2d/CMakeFiles/opencv_features2d.dir/src/brisk.cpp.o
[ 74%] Built target opencv_highgui
[ 75%] Built target opencv_annotation
[ 75%] Built target opencv_visualisation
[ 76%] Built target opencv_ts
[ 76%] Built target opencv_test_highgui
[ 79%] Built target opencv_test_videoio
[ 80%] Built target opencv_test_imgcodecs
[ 87%] Built target opencv_test_core
[ 94%] Built target opencv_test_imgproc
Testing mutant brisk.MUT825.cpp on faster11.swtv::core5
>> Building opencv_features2d_TF_top30
>> Applied patch to brisk.cpp with brisk.MUT825.cpp
>> Building opencv_features2d_TF_top30
Failed to build on brisk.MUT825.cpp
>> Reverted brisk.cpp to original from brisk.MUT825.cpp

+++++ STDERR +++++
/home/yangheechan/FL-dataset-generation-opencv_features2d_TF_top30/work/opencv_features2d_TF_top30/working_env/faster11.swtv/core5/opencv_features2d_TF_top30/modules/features2d/src/brisk.cpp: In member function void cv::BRISK_Impl::computeDescriptorsAndOrOrientation(cv::InputArray, cv::InputArray, std::vector<cv::KeyPoint>&, cv::OutputArray, bool, bool, bool) const:
/home/yangheechan/FL-dataset-generation-opencv_features2d_TF_top30/work/opencv_features2d_TF_top30/working_env/faster11.swtv/core5/opencv_features2d_TF_top30/modules/features2d/src/brisk.cpp:782:22: error: expected primary-expression before ) token
  782 |   integral(_integral,);
      |                      ^
make[2]: *** [modules/features2d/CMakeFiles/opencv_features2d.dir/build.make:168: modules/features2d/CMakeFiles/opencv_features2d.dir/src/brisk.cpp.o] Error 1
make[1]: *** [CMakeFiles/Makefile2:1473: modules/features2d/CMakeFiles/opencv_features2d.dir/all] Error 2
make: *** [Makefile:166: all] Error 2

+++++ results for brisk.MUT1626.cpp +++++
+++++ STDOUT +++++
[  0%] Built target opencv_highgui_plugins
[  0%] Built target opencv_dnn_plugins
[  3%] Built target libopenjp2
[  3%] Built target opencv_videoio_plugins
[  3%] Built target ittnotify
[  7%] Built target ippiw
[ 24%] Built target libwebp
[ 38%] Built target IlmImf
[ 53%] Built target opencv_core
[ 54%] Built target opencv_version
[ 67%] Built target opencv_imgproc
[ 70%] Built target opencv_imgcodecs
[ 72%] Built target opencv_videoio
Consolidate compiler generated dependencies of target opencv_features2d
[ 74%] Built target opencv_highgui
[ 74%] Building CXX object modules/features2d/CMakeFiles/opencv_features2d.dir/src/brisk.cpp.o
[ 75%] Built target opencv_visualisation
[ 75%] Built target opencv_annotation
[ 76%] Built target opencv_ts
[ 77%] Built target opencv_test_highgui
[ 78%] Built target opencv_test_imgcodecs
[ 80%] Built target opencv_test_videoio
[ 87%] Built target opencv_test_core
[ 94%] Built target opencv_test_imgproc
[ 94%] Linking CXX shared library ../../lib/libopencv_features2d.so
[ 96%] Built target opencv_features2d
[ 96%] Linking CXX executable ../../bin/opencv_test_features2d
[100%] Built target opencv_test_features2d
[  0%] Built target opencv_videoio_plugins
[  0%] Built target opencv_dnn_plugins
[  0%] Built target opencv_highgui_plugins
[  0%] Built target ittnotify
[  3%] Built target libopenjp2
[  7%] Built target ippiw
[ 24%] Built target libwebp
[ 38%] Built target IlmImf
[ 53%] Built target opencv_core
[ 54%] Built target opencv_version
[ 67%] Built target opencv_imgproc
[ 70%] Built target opencv_imgcodecs
Consolidate compiler generated dependencies of target opencv_features2d
[ 72%] Built target opencv_videoio
[ 73%] Building CXX object modules/features2d/CMakeFiles/opencv_features2d.dir/src/brisk.cpp.o
[ 74%] Built target opencv_highgui
[ 75%] Built target opencv_visualisation
[ 75%] Built target opencv_annotation
[ 76%] Built target opencv_ts
[ 76%] Built target opencv_test_highgui
[ 78%] Built target opencv_test_imgcodecs
[ 80%] Built target opencv_test_videoio
[ 87%] Built target opencv_test_core
[ 94%] Built target opencv_test_imgproc
Testing mutant brisk.MUT1626.cpp on faster11.swtv::core5
>> Building opencv_features2d_TF_top30
>> Applied patch to brisk.cpp with brisk.MUT1626.cpp
>> Building opencv_features2d_TF_top30
Failed to build on brisk.MUT1626.cpp
>> Reverted brisk.cpp to original from brisk.MUT1626.cpp

+++++ STDERR +++++
/home/yangheechan/FL-dataset-generation-opencv_features2d_TF_top30/work/opencv_features2d_TF_top30/working_env/faster11.swtv/core5/opencv_features2d_TF_top30/modules/features2d/src/brisk.cpp: In member function bool cv::BriskScaleSpace::isMax2D(int, int, int):
/home/yangheechan/FL-dataset-generation-opencv_features2d_TF_top30/work/opencv_features2d_TF_top30/working_env/faster11.swtv/core5/opencv_features2d_TF_top30/modules/features2d/src/brisk.cpp:1312:33: error: expected ) before numeric constant
 1312 |     delta.push_back((2147483647)1);
      |                    ~            ^
      |                                 )
make[2]: *** [modules/features2d/CMakeFiles/opencv_features2d.dir/build.make:168: modules/features2d/CMakeFiles/opencv_features2d.dir/src/brisk.cpp.o] Error 1
make[1]: *** [CMakeFiles/Makefile2:1473: modules/features2d/CMakeFiles/opencv_features2d.dir/all] Error 2
make: *** [Makefile:166: all] Error 2

+++++ results for brisk.MUT1622.cpp +++++
+++++ STDOUT +++++
[  0%] Built target opencv_dnn_plugins
[  0%] Built target opencv_highgui_plugins
[  3%] Built target libopenjp2
[  3%] Built target opencv_videoio_plugins
[  3%] Built target ittnotify
[  7%] Built target ippiw
[ 24%] Built target libwebp
[ 38%] Built target IlmImf
[ 53%] Built target opencv_core
[ 54%] Built target opencv_version
[ 67%] Built target opencv_imgproc
[ 70%] Built target opencv_imgcodecs
Consolidate compiler generated dependencies of target opencv_features2d
[ 72%] Built target opencv_videoio
[ 73%] Building CXX object modules/features2d/CMakeFiles/opencv_features2d.dir/src/brisk.cpp.o
[ 74%] Built target opencv_highgui
[ 74%] Built target opencv_annotation
[ 75%] Built target opencv_visualisation
[ 76%] Built target opencv_ts
[ 76%] Built target opencv_test_highgui
[ 78%] Built target opencv_test_imgcodecs
[ 80%] Built target opencv_test_videoio
[ 87%] Built target opencv_test_core
[ 94%] Built target opencv_test_imgproc
[ 94%] Linking CXX shared library ../../lib/libopencv_features2d.so
[ 96%] Built target opencv_features2d
[ 96%] Linking CXX executable ../../bin/opencv_test_features2d
[100%] Built target opencv_test_features2d
[  0%] Built target opencv_dnn_plugins
[  0%] Built target ittnotify
[  0%] Built target opencv_videoio_plugins
[  0%] Built target opencv_highgui_plugins
[  5%] Built target ippiw
[  7%] Built target libopenjp2
[ 24%] Built target libwebp
[ 38%] Built target IlmImf
[ 53%] Built target opencv_core
[ 54%] Built target opencv_version
[ 67%] Built target opencv_imgproc
[ 70%] Built target opencv_imgcodecs
Consolidate compiler generated dependencies of target opencv_features2d
[ 72%] Built target opencv_videoio
[ 73%] Building CXX object modules/features2d/CMakeFiles/opencv_features2d.dir/src/brisk.cpp.o
[ 74%] Built target opencv_highgui
[ 75%] Built target opencv_visualisation
[ 75%] Built target opencv_annotation
[ 76%] Built target opencv_ts
[ 76%] Built target opencv_test_highgui
[ 78%] Built target opencv_test_imgcodecs
[ 80%] Built target opencv_test_videoio
[ 88%] Built target opencv_test_imgproc
[ 94%] Built target opencv_test_core
[ 94%] Linking CXX shared library ../../lib/libopencv_features2d.so
[ 96%] Built target opencv_features2d
[ 96%] Linking CXX executable ../../bin/opencv_test_features2d
[100%] Built target opencv_test_features2d
Testing mutant brisk.MUT1622.cpp on faster11.swtv::core5
>> Building opencv_features2d_TF_top30
>> Applied patch to brisk.cpp with brisk.MUT1622.cpp
>> Building opencv_features2d_TF_top30
Mutant brisk.MUT1622.cpp is not killed (all tcs pass)
>> Reverted brisk.cpp to original from brisk.MUT1622.cpp

+++++ STDERR +++++

+++++ results for brisk.MUT2477.cpp +++++
+++++ STDOUT +++++
[  0%] Built target opencv_dnn_plugins
[  0%] Built target opencv_highgui_plugins
[  3%] Built target libopenjp2
[  3%] Built target opencv_videoio_plugins
[  3%] Built target ittnotify
[  7%] Built target ippiw
[ 24%] Built target libwebp
[ 38%] Built target IlmImf
[ 53%] Built target opencv_core
[ 54%] Built target opencv_version
[ 67%] Built target opencv_imgproc
[ 70%] Built target opencv_imgcodecs
[ 72%] Built target opencv_videoio
Consolidate compiler generated dependencies of target opencv_features2d
[ 73%] Building CXX object modules/features2d/CMakeFiles/opencv_features2d.dir/src/brisk.cpp.o
[ 74%] Built target opencv_highgui
[ 75%] Built target opencv_visualisation
[ 76%] Built target opencv_ts
[ 76%] Built target opencv_annotation
[ 77%] Built target opencv_test_highgui
[ 78%] Built target opencv_test_imgcodecs
[ 80%] Built target opencv_test_videoio
[ 87%] Built target opencv_test_core
[ 94%] Built target opencv_test_imgproc
[ 94%] Linking CXX shared library ../../lib/libopencv_features2d.so
[ 96%] Built target opencv_features2d
[ 96%] Linking CXX executable ../../bin/opencv_test_features2d
[100%] Built target opencv_test_features2d
[  0%] Built target opencv_videoio_plugins
[  0%] Built target opencv_dnn_plugins
[  0%] Built target opencv_highgui_plugins
[  0%] Built target ittnotify
[  4%] Built target ippiw
[  7%] Built target libopenjp2
[ 24%] Built target libwebp
[ 38%] Built target IlmImf
[ 53%] Built target opencv_core
[ 54%] Built target opencv_version
[ 67%] Built target opencv_imgproc
[ 70%] Built target opencv_imgcodecs
Consolidate compiler generated dependencies of target opencv_features2d
[ 72%] Built target opencv_videoio
[ 73%] Building CXX object modules/features2d/CMakeFiles/opencv_features2d.dir/src/brisk.cpp.o
[ 74%] Built target opencv_highgui
[ 74%] Built target opencv_annotation
[ 75%] Built target opencv_visualisation
[ 76%] Built target opencv_ts
[ 77%] Built target opencv_test_highgui
[ 78%] Built target opencv_test_imgcodecs
[ 80%] Built target opencv_test_videoio
[ 87%] Built target opencv_test_core
[ 94%] Built target opencv_test_imgproc
[ 94%] Linking CXX shared library ../../lib/libopencv_features2d.so
[ 96%] Built target opencv_features2d
[ 96%] Linking CXX executable ../../bin/opencv_test_features2d
[100%] Built target opencv_test_features2d
Testing mutant brisk.MUT2477.cpp on faster11.swtv::core5
>> Building opencv_features2d_TF_top30
>> Applied patch to brisk.cpp with brisk.MUT2477.cpp
>> Building opencv_features2d_TF_top30
Mutant brisk.MUT2477.cpp is not killed (all tcs pass)
>> Reverted brisk.cpp to original from brisk.MUT2477.cpp

+++++ STDERR +++++

+++++ results for brisk.MUT2988.cpp +++++
+++++ STDOUT +++++
[  0%] Built target opencv_highgui_plugins
[  0%] Built target opencv_dnn_plugins
[  0%] Built target ittnotify
[  0%] Built target opencv_videoio_plugins
[  3%] Built target libopenjp2
[  7%] Built target ippiw
[ 24%] Built target libwebp
[ 38%] Built target IlmImf
[ 53%] Built target opencv_core
[ 54%] Built target opencv_version
[ 67%] Built target opencv_imgproc
[ 70%] Built target opencv_imgcodecs
[ 72%] Built target opencv_videoio
Consolidate compiler generated dependencies of target opencv_features2d
[ 73%] Building CXX object modules/features2d/CMakeFiles/opencv_features2d.dir/src/brisk.cpp.o
[ 74%] Built target opencv_highgui
[ 74%] Built target opencv_annotation
[ 75%] Built target opencv_visualisation
[ 76%] Built target opencv_ts
[ 76%] Built target opencv_test_highgui
[ 78%] Built target opencv_test_imgcodecs
[ 80%] Built target opencv_test_videoio
[ 88%] Built target opencv_test_imgproc
[ 94%] Built target opencv_test_core
[ 94%] Linking CXX shared library ../../lib/libopencv_features2d.so
[ 96%] Built target opencv_features2d
[ 96%] Linking CXX executable ../../bin/opencv_test_features2d
[100%] Built target opencv_test_features2d
[  0%] Built target opencv_dnn_plugins
[  0%] Built target opencv_highgui_plugins
[  0%] Built target opencv_videoio_plugins
[  0%] Built target ittnotify
[  6%] Built target ippiw
[  7%] Built target libopenjp2
[ 24%] Built target libwebp
[ 38%] Built target IlmImf
[ 53%] Built target opencv_core
[ 54%] Built target opencv_version
[ 67%] Built target opencv_imgproc
[ 70%] Built target opencv_imgcodecs
Consolidate compiler generated dependencies of target opencv_features2d
[ 72%] Built target opencv_videoio
[ 73%] Building CXX object modules/features2d/CMakeFiles/opencv_features2d.dir/src/brisk.cpp.o
[ 74%] Built target opencv_highgui
[ 74%] Built target opencv_annotation
[ 75%] Built target opencv_visualisation
[ 76%] Built target opencv_ts
[ 76%] Built target opencv_test_highgui
[ 78%] Built target opencv_test_imgcodecs
[ 80%] Built target opencv_test_videoio
[ 87%] Built target opencv_test_core
[ 94%] Built target opencv_test_imgproc
Testing mutant brisk.MUT2988.cpp on faster11.swtv::core5
>> Building opencv_features2d_TF_top30
>> Applied patch to brisk.cpp with brisk.MUT2988.cpp
>> Building opencv_features2d_TF_top30
Failed to build on brisk.MUT2988.cpp
>> Reverted brisk.cpp to original from brisk.MUT2988.cpp

+++++ STDERR +++++
/home/yangheechan/FL-dataset-generation-opencv_features2d_TF_top30/work/opencv_features2d_TF_top30/working_env/faster11.swtv/core5/opencv_features2d_TF_top30/modules/features2d/src/brisk.cpp: In member function float cv::BriskScaleSpace::subpixel2D(int, int, int, int, int, int, int, int, int, float&, float&) const:
/home/yangheechan/FL-dataset-generation-opencv_features2d_TF_top30/work/opencv_features2d_TF_top30/working_env/faster11.swtv/core5/opencv_features2d_TF_top30/modules/features2d/src/brisk.cpp:2105:25: error: scales_ was not declared in this scope
 2105 |       delta_y1 = -float(scales_ + coeff5) / float(2 * coeff2);
      |                         ^~~~~~~
make[2]: *** [modules/features2d/CMakeFiles/opencv_features2d.dir/build.make:168: modules/features2d/CMakeFiles/opencv_features2d.dir/src/brisk.cpp.o] Error 1
make[1]: *** [CMakeFiles/Makefile2:1473: modules/features2d/CMakeFiles/opencv_features2d.dir/all] Error 2
make: *** [Makefile:166: all] Error 2

+++++ results for brisk.MUT2860.cpp +++++
+++++ STDOUT +++++
[  0%] Built target opencv_highgui_plugins
[  0%] Built target ittnotify
[  0%] Built target opencv_videoio_plugins
[  0%] Built target opencv_dnn_plugins
[  4%] Built target ippiw
[  7%] Built target libopenjp2
[ 24%] Built target libwebp
[ 38%] Built target IlmImf
[ 53%] Built target opencv_core
[ 54%] Built target opencv_version
[ 67%] Built target opencv_imgproc
[ 70%] Built target opencv_imgcodecs
[ 72%] Built target opencv_videoio
Consolidate compiler generated dependencies of target opencv_features2d
[ 73%] Built target opencv_highgui
[ 74%] Building CXX object modules/features2d/CMakeFiles/opencv_features2d.dir/src/brisk.cpp.o
[ 75%] Built target opencv_visualisation
[ 75%] Built target opencv_annotation
[ 76%] Built target opencv_ts
[ 78%] Built target opencv_test_imgcodecs
[ 78%] Built target opencv_test_highgui
[ 80%] Built target opencv_test_videoio
[ 87%] Built target opencv_test_core
[ 94%] Built target opencv_test_imgproc
[ 94%] Linking CXX shared library ../../lib/libopencv_features2d.so
[ 96%] Built target opencv_features2d
[ 96%] Linking CXX executable ../../bin/opencv_test_features2d
[100%] Built target opencv_test_features2d
[  0%] Built target opencv_dnn_plugins
[  0%] Built target opencv_videoio_plugins
[  0%] Built target opencv_highgui_plugins
[  0%] Built target ittnotify
[  3%] Built target libopenjp2
[  7%] Built target ippiw
[ 24%] Built target libwebp
[ 38%] Built target IlmImf
[ 53%] Built target opencv_core
[ 54%] Built target opencv_version
[ 67%] Built target opencv_imgproc
[ 70%] Built target opencv_imgcodecs
[ 72%] Built target opencv_videoio
[ 73%] Built target opencv_highgui
Consolidate compiler generated dependencies of target opencv_features2d
[ 74%] Building CXX object modules/features2d/CMakeFiles/opencv_features2d.dir/src/brisk.cpp.o
[ 75%] Built target opencv_visualisation
[ 75%] Built target opencv_annotation
[ 76%] Built target opencv_ts
[ 78%] Built target opencv_test_videoio
[ 80%] Built target opencv_test_imgcodecs
[ 80%] Built target opencv_test_highgui
[ 88%] Built target opencv_test_imgproc
[ 94%] Built target opencv_test_core
[ 94%] Linking CXX shared library ../../lib/libopencv_features2d.so
[ 96%] Built target opencv_features2d
[ 96%] Linking CXX executable ../../bin/opencv_test_features2d
[100%] Built target opencv_test_features2d
Testing mutant brisk.MUT2860.cpp on faster11.swtv::core5
>> Building opencv_features2d_TF_top30
>> Applied patch to brisk.cpp with brisk.MUT2860.cpp
>> Building opencv_features2d_TF_top30
Mutant brisk.MUT2860.cpp is not killed (all tcs pass)
>> Reverted brisk.cpp to original from brisk.MUT2860.cpp

+++++ STDERR +++++

+++++ results for brisk.MUT2347.cpp +++++
+++++ STDOUT +++++
[  0%] Built target ittnotify
[  0%] Built target opencv_highgui_plugins
[  0%] Built target opencv_dnn_plugins
[  4%] Built target ippiw
[  4%] Built target opencv_videoio_plugins
[  7%] Built target libopenjp2
[ 24%] Built target libwebp
[ 38%] Built target IlmImf
[ 53%] Built target opencv_core
[ 54%] Built target opencv_version
[ 67%] Built target opencv_imgproc
[ 70%] Built target opencv_imgcodecs
Consolidate compiler generated dependencies of target opencv_features2d
[ 72%] Built target opencv_videoio
[ 73%] Building CXX object modules/features2d/CMakeFiles/opencv_features2d.dir/src/brisk.cpp.o
[ 74%] Built target opencv_highgui
[ 75%] Built target opencv_visualisation
[ 75%] Built target opencv_annotation
[ 76%] Built target opencv_ts
[ 78%] Built target opencv_test_imgcodecs
[ 78%] Built target opencv_test_highgui
[ 80%] Built target opencv_test_videoio
[ 87%] Built target opencv_test_core
[ 94%] Built target opencv_test_imgproc
[ 94%] Linking CXX shared library ../../lib/libopencv_features2d.so
[ 96%] Built target opencv_features2d
[ 96%] Linking CXX executable ../../bin/opencv_test_features2d
[100%] Built target opencv_test_features2d
[  0%] Built target opencv_dnn_plugins
[  0%] Built target opencv_videoio_plugins
[  0%] Built target opencv_highgui_plugins
[  0%] Built target ittnotify
[  4%] Built target ippiw
[  7%] Built target libopenjp2
[ 24%] Built target libwebp
[ 38%] Built target IlmImf
[ 53%] Built target opencv_core
[ 54%] Built target opencv_version
[ 67%] Built target opencv_imgproc
[ 70%] Built target opencv_imgcodecs
Consolidate compiler generated dependencies of target opencv_features2d
[ 72%] Built target opencv_videoio
[ 73%] Building CXX object modules/features2d/CMakeFiles/opencv_features2d.dir/src/brisk.cpp.o
[ 74%] Built target opencv_highgui
[ 75%] Built target opencv_annotation
[ 75%] Built target opencv_visualisation
[ 76%] Built target opencv_ts
[ 77%] Built target opencv_test_highgui
[ 78%] Built target opencv_test_imgcodecs
[ 80%] Built target opencv_test_videoio
[ 88%] Built target opencv_test_imgproc
[ 94%] Built target opencv_test_core
[ 94%] Linking CXX shared library ../../lib/libopencv_features2d.so
[ 96%] Built target opencv_features2d
[ 96%] Linking CXX executable ../../bin/opencv_test_features2d
[100%] Built target opencv_test_features2d
Testing mutant brisk.MUT2347.cpp on faster11.swtv::core5
>> Building opencv_features2d_TF_top30
>> Applied patch to brisk.cpp with brisk.MUT2347.cpp
>> Building opencv_features2d_TF_top30
Mutant brisk.MUT2347.cpp is not killed (all tcs pass)
>> Reverted brisk.cpp to original from brisk.MUT2347.cpp

+++++ STDERR +++++

+++++ results for brisk.MUT1235.cpp +++++
+++++ STDOUT +++++
[  0%] Built target opencv_highgui_plugins
[  0%] Built target opencv_dnn_plugins
[  0%] Built target opencv_videoio_plugins
[  0%] Built target ittnotify
[  4%] Built target ippiw
[  7%] Built target libopenjp2
[ 24%] Built target libwebp
[ 38%] Built target IlmImf
[ 53%] Built target opencv_core
[ 54%] Built target opencv_version
[ 67%] Built target opencv_imgproc
[ 70%] Built target opencv_imgcodecs
Consolidate compiler generated dependencies of target opencv_features2d
[ 72%] Building CXX object modules/features2d/CMakeFiles/opencv_features2d.dir/src/brisk.cpp.o
[ 73%] Built target opencv_videoio
[ 74%] Built target opencv_highgui
[ 75%] Built target opencv_visualisation
[ 75%] Built target opencv_annotation
[ 76%] Built target opencv_ts
[ 76%] Built target opencv_test_highgui
[ 78%] Built target opencv_test_imgcodecs
[ 80%] Built target opencv_test_videoio
[ 87%] Built target opencv_test_core
[ 94%] Built target opencv_test_imgproc
[ 94%] Linking CXX shared library ../../lib/libopencv_features2d.so
[ 96%] Built target opencv_features2d
[ 96%] Linking CXX executable ../../bin/opencv_test_features2d
[100%] Built target opencv_test_features2d
[  0%] Built target ittnotify
[  0%] Built target opencv_dnn_plugins
[  0%] Built target opencv_highgui_plugins
[  0%] Built target opencv_videoio_plugins
[  4%] Built target ippiw
[  7%] Built target libopenjp2
[ 24%] Built target libwebp
[ 38%] Built target IlmImf
[ 53%] Built target opencv_core
[ 54%] Built target opencv_version
[ 67%] Built target opencv_imgproc
[ 70%] Built target opencv_imgcodecs
Consolidate compiler generated dependencies of target opencv_features2d
[ 72%] Built target opencv_videoio
[ 73%] Building CXX object modules/features2d/CMakeFiles/opencv_features2d.dir/src/brisk.cpp.o
[ 74%] Built target opencv_highgui
[ 75%] Built target opencv_annotation
[ 75%] Built target opencv_visualisation
[ 76%] Built target opencv_ts
[ 78%] Built target opencv_test_imgcodecs
[ 78%] Built target opencv_test_highgui
[ 80%] Built target opencv_test_videoio
[ 87%] Built target opencv_test_core
[ 94%] Built target opencv_test_imgproc
[ 94%] Linking CXX shared library ../../lib/libopencv_features2d.so
[ 96%] Built target opencv_features2d
[ 96%] Linking CXX executable ../../bin/opencv_test_features2d
[100%] Built target opencv_test_features2d
Testing mutant brisk.MUT1235.cpp on faster11.swtv::core5
>> Building opencv_features2d_TF_top30
>> Applied patch to brisk.cpp with brisk.MUT1235.cpp
>> Building opencv_features2d_TF_top30
Mutant brisk.MUT1235.cpp is not killed (all tcs pass)
>> Reverted brisk.cpp to original from brisk.MUT1235.cpp

+++++ STDERR +++++

+++++ results for brisk.MUT1496.cpp +++++
+++++ STDOUT +++++
[  0%] Built target opencv_highgui_plugins
[  0%] Built target opencv_dnn_plugins
[  3%] Built target libopenjp2
[  3%] Built target opencv_videoio_plugins
[  7%] Built target ippiw
[  7%] Built target ittnotify
[ 24%] Built target libwebp
[ 38%] Built target IlmImf
[ 53%] Built target opencv_core
[ 54%] Built target opencv_version
[ 67%] Built target opencv_imgproc
[ 70%] Built target opencv_imgcodecs
Consolidate compiler generated dependencies of target opencv_features2d
[ 72%] Built target opencv_videoio
[ 73%] Building CXX object modules/features2d/CMakeFiles/opencv_features2d.dir/src/brisk.cpp.o
[ 74%] Built target opencv_highgui
[ 75%] Built target opencv_visualisation
[ 75%] Built target opencv_annotation
[ 76%] Built target opencv_ts
[ 76%] Built target opencv_test_highgui
[ 78%] Built target opencv_test_imgcodecs
[ 80%] Built target opencv_test_videoio
[ 89%] Built target opencv_test_imgproc
[ 94%] Built target opencv_test_core
[ 94%] Linking CXX shared library ../../lib/libopencv_features2d.so
[ 96%] Built target opencv_features2d
[ 96%] Linking CXX executable ../../bin/opencv_test_features2d
[100%] Built target opencv_test_features2d
[  0%] Built target opencv_highgui_plugins
[  0%] Built target opencv_videoio_plugins
[  0%] Built target opencv_dnn_plugins
[  0%] Built target ittnotify
[  4%] Built target ippiw
[  7%] Built target libopenjp2
[ 24%] Built target libwebp
[ 38%] Built target IlmImf
[ 53%] Built target opencv_core
[ 54%] Built target opencv_version
[ 67%] Built target opencv_imgproc
[ 70%] Built target opencv_imgcodecs
Consolidate compiler generated dependencies of target opencv_features2d
[ 72%] Built target opencv_videoio
[ 73%] Building CXX object modules/features2d/CMakeFiles/opencv_features2d.dir/src/brisk.cpp.o
[ 74%] Built target opencv_highgui
[ 75%] Built target opencv_annotation
[ 75%] Built target opencv_visualisation
[ 76%] Built target opencv_ts
[ 76%] Built target opencv_test_highgui
[ 78%] Built target opencv_test_imgcodecs
[ 80%] Built target opencv_test_videoio
[ 87%] Built target opencv_test_core
[ 94%] Built target opencv_test_imgproc
[ 94%] Linking CXX shared library ../../lib/libopencv_features2d.so
[ 96%] Built target opencv_features2d
[ 96%] Linking CXX executable ../../bin/opencv_test_features2d
[100%] Built target opencv_test_features2d
Testing mutant brisk.MUT1496.cpp on faster11.swtv::core5
>> Building opencv_features2d_TF_top30
>> Applied patch to brisk.cpp with brisk.MUT1496.cpp
>> Building opencv_features2d_TF_top30
SELECT bug_idx FROM bug_info WHERE subject = %s AND experiment_name = %s AND version = %s ['opencv_features2d_TF_top30', 'TF_top30', 'brisk.MUT1496.cpp']
>> Saved buggy mutant brisk.MUT1496.cpp
	 - Failing test cases: 1
	 - Passing test cases: 61
	 - Crashing test cases: 0
>> Reverted brisk.cpp to original from brisk.MUT1496.cpp

+++++ STDERR +++++

+++++ results for brisk.MUT357.cpp +++++
+++++ STDOUT +++++
[  0%] Built target opencv_highgui_plugins
[  0%] Built target opencv_videoio_plugins
[  1%] Built target opencv_dnn_plugins
[  3%] Built target libopenjp2
[  5%] Built target ittnotify
[  7%] Built target ippiw
[ 24%] Built target libwebp
[ 38%] Built target IlmImf
[ 53%] Built target opencv_core
[ 54%] Built target opencv_version
[ 67%] Built target opencv_imgproc
[ 70%] Built target opencv_imgcodecs
[ 72%] Built target opencv_videoio
Consolidate compiler generated dependencies of target opencv_features2d
[ 73%] Built target opencv_highgui
[ 74%] Building CXX object modules/features2d/CMakeFiles/opencv_features2d.dir/src/brisk.cpp.o
[ 75%] Built target opencv_visualisation
[ 75%] Built target opencv_annotation
[ 76%] Built target opencv_ts
[ 76%] Built target opencv_test_highgui
[ 78%] Built target opencv_test_videoio
[ 80%] Built target opencv_test_imgcodecs
[ 88%] Built target opencv_test_imgproc
[ 94%] Built target opencv_test_core
[ 94%] Linking CXX shared library ../../lib/libopencv_features2d.so
[ 96%] Built target opencv_features2d
[ 96%] Linking CXX executable ../../bin/opencv_test_features2d
[100%] Built target opencv_test_features2d
[  0%] Built target opencv_highgui_plugins
[  0%] Built target opencv_dnn_plugins
[  0%] Built target ittnotify
[  0%] Built target opencv_videoio_plugins
[  7%] Built target ippiw
[  6%] Built target libopenjp2
[ 24%] Built target libwebp
[ 38%] Built target IlmImf
[ 53%] Built target opencv_core
[ 54%] Built target opencv_version
[ 67%] Built target opencv_imgproc
[ 70%] Built target opencv_imgcodecs
[ 72%] Built target opencv_videoio
Consolidate compiler generated dependencies of target opencv_features2d
[ 73%] Built target opencv_highgui
[ 74%] Building CXX object modules/features2d/CMakeFiles/opencv_features2d.dir/src/brisk.cpp.o
[ 74%] Built target opencv_annotation
[ 75%] Built target opencv_visualisation
[ 76%] Built target opencv_ts
[ 76%] Built target opencv_test_highgui
[ 79%] Built target opencv_test_videoio
[ 80%] Built target opencv_test_imgcodecs
[ 87%] Built target opencv_test_core
[ 94%] Built target opencv_test_imgproc
[ 94%] Linking CXX shared library ../../lib/libopencv_features2d.so
[ 96%] Built target opencv_features2d
[ 96%] Linking CXX executable ../../bin/opencv_test_features2d
[100%] Built target opencv_test_features2d
Testing mutant brisk.MUT357.cpp on faster11.swtv::core5
>> Building opencv_features2d_TF_top30
>> Applied patch to brisk.cpp with brisk.MUT357.cpp
>> Building opencv_features2d_TF_top30
SELECT bug_idx FROM bug_info WHERE subject = %s AND experiment_name = %s AND version = %s ['opencv_features2d_TF_top30', 'TF_top30', 'brisk.MUT357.cpp']
>> Saved buggy mutant brisk.MUT357.cpp
	 - Failing test cases: 1
	 - Passing test cases: 61
	 - Crashing test cases: 0
>> Reverted brisk.cpp to original from brisk.MUT357.cpp
>> Cleaning build for opencv_features2d_TF_top30

+++++ STDERR +++++
