
+++++ results for fast_score.MUT222.cpp +++++
+++++ STDOUT +++++
[  0%] Built target opencv_dnn_plugins
[  0%] Building C object 3rdparty/ittnotify/CMakeFiles/ittnotify.dir/src/ittnotify/ittnotify_static.c.o
[  0%] Built target opencv_highgui_plugins
[  0%] Building C object 3rdparty/ippiw/CMakeFiles/ippiw.dir/src/iw_core.c.o
[  0%] Building C object 3rdparty/ippiw/CMakeFiles/ippiw.dir/src/iw_image.c.o
[  0%] Building C object 3rdparty/ittnotify/CMakeFiles/ittnotify.dir/src/ittnotify/jitprofiling.c.o
[  1%] Building C object 3rdparty/ippiw/CMakeFiles/ippiw.dir/src/iw_image_color_convert_all.c.o
[  1%] Built target opencv_videoio_plugins
[  1%] Building C object 3rdparty/ippiw/CMakeFiles/ippiw.dir/src/iw_image_color_convert_rgbs.c.o
[  1%] Building C object 3rdparty/openjpeg/openjp2/CMakeFiles/libopenjp2.dir/thread.c.o
[  1%] Building C object 3rdparty/ippiw/CMakeFiles/ippiw.dir/src/iw_image_filter_bilateral.c.o
[  1%] Building C object 3rdparty/libwebp/CMakeFiles/libwebp.dir/sharpyuv/sharpyuv.c.o
[  1%] Building C object 3rdparty/ippiw/CMakeFiles/ippiw.dir/src/iw_image_filter_box.c.o
[  1%] Building CXX object 3rdparty/openexr/CMakeFiles/IlmImf.dir/Half/half.cpp.o
[  1%] Building C object 3rdparty/ippiw/CMakeFiles/ippiw.dir/src/iw_image_filter_canny.c.o
[  1%] Building CXX object 3rdparty/openexr/CMakeFiles/IlmImf.dir/Iex/IexBaseExc.cpp.o
[  1%] Building C object 3rdparty/ippiw/CMakeFiles/ippiw.dir/src/iw_image_filter_gaussian.c.o
[  1%] Building CXX object 3rdparty/openexr/CMakeFiles/IlmImf.dir/Iex/IexThrowErrnoExc.cpp.o
[  1%] Building C object 3rdparty/openjpeg/openjp2/CMakeFiles/libopenjp2.dir/bio.c.o
[  1%] Building CXX object 3rdparty/openexr/CMakeFiles/IlmImf.dir/IlmImf/ImfAcesFile.cpp.o
[  1%] Building C object 3rdparty/ippiw/CMakeFiles/ippiw.dir/src/iw_image_filter_general.c.o
[  1%] Building C object 3rdparty/openjpeg/openjp2/CMakeFiles/libopenjp2.dir/cio.c.o
[  2%] Building C object 3rdparty/openjpeg/openjp2/CMakeFiles/libopenjp2.dir/dwt.c.o
[  2%] Building C object 3rdparty/ippiw/CMakeFiles/ippiw.dir/src/iw_image_filter_laplacian.c.o
[  2%] Building C object 3rdparty/libwebp/CMakeFiles/libwebp.dir/sharpyuv/sharpyuv_cpu.c.o
[  2%] Building CXX object 3rdparty/openexr/CMakeFiles/IlmImf.dir/IlmImf/ImfAttribute.cpp.o
[  2%] Linking C static library ../lib/libittnotify.a
[  2%] Building CXX object 3rdparty/openexr/CMakeFiles/IlmImf.dir/IlmImf/ImfB44Compressor.cpp.o
[  2%] Building C object 3rdparty/libwebp/CMakeFiles/libwebp.dir/sharpyuv/sharpyuv_csp.c.o
[  2%] Building CXX object 3rdparty/openexr/CMakeFiles/IlmImf.dir/IlmImf/ImfBoxAttribute.cpp.o
[  2%] Building CXX object 3rdparty/openexr/CMakeFiles/IlmImf.dir/IlmImf/ImfCRgbaFile.cpp.o
[  3%] Building C object 3rdparty/ippiw/CMakeFiles/ippiw.dir/src/iw_image_filter_morphology.c.o
[  3%] Built target ittnotify
[  4%] Building C object 3rdparty/libwebp/CMakeFiles/libwebp.dir/sharpyuv/sharpyuv_dsp.c.o
[  4%] Building C object 3rdparty/ippiw/CMakeFiles/ippiw.dir/src/iw_image_filter_scharr.c.o
[  4%] Building C object 3rdparty/ippiw/CMakeFiles/ippiw.dir/src/iw_image_filter_sobel.c.o
[  4%] Building C object 3rdparty/libwebp/CMakeFiles/libwebp.dir/sharpyuv/sharpyuv_gamma.c.o
[  4%] Building C object 3rdparty/libwebp/CMakeFiles/libwebp.dir/sharpyuv/sharpyuv_neon.c.o
[  4%] Building C object 3rdparty/libwebp/CMakeFiles/libwebp.dir/sharpyuv/sharpyuv_sse2.c.o
[  4%] Building C object 3rdparty/libwebp/CMakeFiles/libwebp.dir/src/dec/alpha_dec.c.o
[  5%] Building CXX object 3rdparty/openexr/CMakeFiles/IlmImf.dir/IlmImf/ImfChannelList.cpp.o
[  5%] Building CXX object 3rdparty/openexr/CMakeFiles/IlmImf.dir/IlmImf/ImfChannelListAttribute.cpp.o
[  5%] Building C object 3rdparty/ippiw/CMakeFiles/ippiw.dir/src/iw_image_op_copy.c.o
[  5%] Building CXX object 3rdparty/openexr/CMakeFiles/IlmImf.dir/IlmImf/ImfChromaticities.cpp.o
[  5%] Building CXX object 3rdparty/openexr/CMakeFiles/IlmImf.dir/IlmImf/ImfChromaticitiesAttribute.cpp.o
[  5%] Building C object 3rdparty/libwebp/CMakeFiles/libwebp.dir/src/dec/buffer_dec.c.o
[  5%] Building CXX object 3rdparty/openexr/CMakeFiles/IlmImf.dir/IlmImf/ImfCompositeDeepScanLine.cpp.o
[  5%] Building C object 3rdparty/ippiw/CMakeFiles/ippiw.dir/src/iw_image_op_copy_channel.c.o
[  5%] Building C object 3rdparty/ippiw/CMakeFiles/ippiw.dir/src/iw_image_op_copy_make_border.c.o
[  5%] Building C object 3rdparty/libwebp/CMakeFiles/libwebp.dir/src/dec/frame_dec.c.o
[  5%] Building C object 3rdparty/libwebp/CMakeFiles/libwebp.dir/src/dec/idec_dec.c.o
[  5%] Building CXX object 3rdparty/openexr/CMakeFiles/IlmImf.dir/IlmImf/ImfCompressionAttribute.cpp.o
[  5%] Building CXX object 3rdparty/openexr/CMakeFiles/IlmImf.dir/IlmImf/ImfCompressor.cpp.o
[  5%] Building CXX object 3rdparty/openexr/CMakeFiles/IlmImf.dir/IlmImf/ImfConvert.cpp.o
[  6%] Building C object 3rdparty/libwebp/CMakeFiles/libwebp.dir/src/dec/io_dec.c.o
[  6%] Building C object 3rdparty/ippiw/CMakeFiles/ippiw.dir/src/iw_image_op_copy_split.c.o
[  6%] Building C object 3rdparty/ippiw/CMakeFiles/ippiw.dir/src/iw_image_op_copy_merge.c.o
[  7%] Building C object 3rdparty/ippiw/CMakeFiles/ippiw.dir/src/iw_image_op_scale.c.o
[  8%] Building CXX object 3rdparty/openexr/CMakeFiles/IlmImf.dir/IlmImf/ImfDeepCompositing.cpp.o
[  8%] Building CXX object 3rdparty/openexr/CMakeFiles/IlmImf.dir/IlmImf/ImfDeepFrameBuffer.cpp.o
[  8%] Building C object 3rdparty/ippiw/CMakeFiles/ippiw.dir/src/iw_image_op_set.c.o
[  8%] Building C object 3rdparty/ippiw/CMakeFiles/ippiw.dir/src/iw_image_op_set_channel.c.o
[  8%] Building C object 3rdparty/openjpeg/openjp2/CMakeFiles/libopenjp2.dir/event.c.o
[  8%] Building CXX object 3rdparty/openexr/CMakeFiles/IlmImf.dir/IlmImf/ImfDeepImageStateAttribute.cpp.o
[  8%] Building C object 3rdparty/libwebp/CMakeFiles/libwebp.dir/src/dec/quant_dec.c.o
[  8%] Building CXX object 3rdparty/openexr/CMakeFiles/IlmImf.dir/IlmImf/ImfDeepScanLineInputFile.cpp.o
[  8%] Building C object 3rdparty/ippiw/CMakeFiles/ippiw.dir/src/iw_image_op_swap_channels.c.o
[  8%] Building C object 3rdparty/libwebp/CMakeFiles/libwebp.dir/src/dec/tree_dec.c.o
[  8%] Building CXX object 3rdparty/openexr/CMakeFiles/IlmImf.dir/IlmImf/ImfDeepScanLineInputPart.cpp.o
[  8%] Building CXX object 3rdparty/openexr/CMakeFiles/IlmImf.dir/IlmImf/ImfDeepScanLineOutputFile.cpp.o
[  8%] Building C object 3rdparty/ippiw/CMakeFiles/ippiw.dir/src/iw_image_transform_mirror.c.o
[  8%] Building C object 3rdparty/ippiw/CMakeFiles/ippiw.dir/src/iw_image_transform_resize.c.o
[  8%] Building C object 3rdparty/libwebp/CMakeFiles/libwebp.dir/src/dec/vp8_dec.c.o
[  8%] Building CXX object 3rdparty/openexr/CMakeFiles/IlmImf.dir/IlmImf/ImfDeepScanLineOutputPart.cpp.o
[  8%] Building C object 3rdparty/openjpeg/openjp2/CMakeFiles/libopenjp2.dir/ht_dec.c.o
[  8%] Building C object 3rdparty/ippiw/CMakeFiles/ippiw.dir/src/iw_image_transform_rotate.c.o
[  8%] Building C object 3rdparty/ippiw/CMakeFiles/ippiw.dir/src/iw_image_transform_warpaffine.c.o
[  9%] Building C object 3rdparty/ippiw/CMakeFiles/ippiw.dir/src/iw_own.c.o
[  9%] Building CXX object 3rdparty/openexr/CMakeFiles/IlmImf.dir/IlmImf/ImfDeepTiledInputFile.cpp.o
[ 10%] Building CXX object 3rdparty/openexr/CMakeFiles/IlmImf.dir/IlmImf/ImfDeepTiledInputPart.cpp.o
[ 10%] Building CXX object 3rdparty/openexr/CMakeFiles/IlmImf.dir/IlmImf/ImfDeepTiledOutputFile.cpp.o
[ 10%] Building C object 3rdparty/openjpeg/openjp2/CMakeFiles/libopenjp2.dir/image.c.o
[ 10%] Building C object 3rdparty/libwebp/CMakeFiles/libwebp.dir/src/dec/vp8l_dec.c.o
[ 10%] Linking C static library ../lib/libippiw.a
[ 10%] Building CXX object 3rdparty/openexr/CMakeFiles/IlmImf.dir/IlmImf/ImfDeepTiledOutputPart.cpp.o
[ 10%] Building CXX object 3rdparty/openexr/CMakeFiles/IlmImf.dir/IlmImf/ImfDoubleAttribute.cpp.o
[ 10%] Built target ippiw
[ 10%] Processing OpenCL kernels (core)
[ 10%] Building CXX object 3rdparty/openexr/CMakeFiles/IlmImf.dir/IlmImf/ImfDwaCompressor.cpp.o
[ 10%] Building CXX object modules/core/CMakeFiles/opencv_core.dir/src/algorithm.cpp.o
[ 10%] Building CXX object 3rdparty/openexr/CMakeFiles/IlmImf.dir/IlmImf/ImfEnvmap.cpp.o
[ 10%] Building CXX object modules/core/CMakeFiles/opencv_core.dir/src/alloc.cpp.o
[ 10%] Building C object 3rdparty/libwebp/CMakeFiles/libwebp.dir/src/dec/webp_dec.c.o
[ 10%] Building CXX object 3rdparty/openexr/CMakeFiles/IlmImf.dir/IlmImf/ImfEnvmapAttribute.cpp.o
[ 10%] Building C object 3rdparty/openjpeg/openjp2/CMakeFiles/libopenjp2.dir/invert.c.o
[ 10%] Building C object 3rdparty/libwebp/CMakeFiles/libwebp.dir/src/demux/anim_decode.c.o
[ 10%] Building CXX object 3rdparty/openexr/CMakeFiles/IlmImf.dir/IlmImf/ImfFastHuf.cpp.o
[ 11%] Building CXX object 3rdparty/openexr/CMakeFiles/IlmImf.dir/IlmImf/ImfFloatAttribute.cpp.o
[ 11%] Building C object 3rdparty/openjpeg/openjp2/CMakeFiles/libopenjp2.dir/j2k.c.o
[ 11%] Building C object 3rdparty/libwebp/CMakeFiles/libwebp.dir/src/demux/demux.c.o
[ 11%] Building C object 3rdparty/openjpeg/openjp2/CMakeFiles/libopenjp2.dir/jp2.c.o
[ 12%] Building C object 3rdparty/libwebp/CMakeFiles/libwebp.dir/src/dsp/alpha_processing.c.o
[ 12%] Building CXX object 3rdparty/openexr/CMakeFiles/IlmImf.dir/IlmImf/ImfFloatVectorAttribute.cpp.o
[ 12%] Building C object 3rdparty/openjpeg/openjp2/CMakeFiles/libopenjp2.dir/mct.c.o
[ 12%] Building CXX object 3rdparty/openexr/CMakeFiles/IlmImf.dir/IlmImf/ImfFrameBuffer.cpp.o
[ 12%] Building C object 3rdparty/libwebp/CMakeFiles/libwebp.dir/src/dsp/alpha_processing_mips_dsp_r2.c.o
[ 12%] Building CXX object 3rdparty/openexr/CMakeFiles/IlmImf.dir/IlmImf/ImfFramesPerSecond.cpp.o
[ 12%] Building C object 3rdparty/libwebp/CMakeFiles/libwebp.dir/src/dsp/alpha_processing_neon.c.o
[ 13%] Building C object 3rdparty/openjpeg/openjp2/CMakeFiles/libopenjp2.dir/mqc.c.o
[ 13%] Building CXX object 3rdparty/openexr/CMakeFiles/IlmImf.dir/IlmImf/ImfGenericOutputFile.cpp.o
[ 13%] Building C object 3rdparty/libwebp/CMakeFiles/libwebp.dir/src/dsp/alpha_processing_sse2.c.o
[ 13%] Building CXX object 3rdparty/openexr/CMakeFiles/IlmImf.dir/IlmImf/ImfGenericInputFile.cpp.o
[ 13%] Building C object 3rdparty/openjpeg/openjp2/CMakeFiles/libopenjp2.dir/openjpeg.c.o
[ 13%] Building CXX object 3rdparty/openexr/CMakeFiles/IlmImf.dir/IlmImf/ImfHeader.cpp.o
[ 13%] Building CXX object modules/core/CMakeFiles/opencv_core.dir/src/arithm.cpp.o
[ 13%] Building CXX object 3rdparty/openexr/CMakeFiles/IlmImf.dir/IlmImf/ImfHuf.cpp.o
[ 15%] Building CXX object 3rdparty/openexr/CMakeFiles/IlmImf.dir/IlmImf/ImfIO.cpp.o
[ 15%] Building C object 3rdparty/libwebp/CMakeFiles/libwebp.dir/src/dsp/alpha_processing_sse41.c.o
[ 15%] Building C object 3rdparty/openjpeg/openjp2/CMakeFiles/libopenjp2.dir/opj_clock.c.o
[ 15%] Building CXX object 3rdparty/openexr/CMakeFiles/IlmImf.dir/IlmImf/ImfInputFile.cpp.o
[ 15%] Building C object 3rdparty/libwebp/CMakeFiles/libwebp.dir/src/dsp/cost.c.o
[ 15%] Building C object 3rdparty/openjpeg/openjp2/CMakeFiles/libopenjp2.dir/pi.c.o
[ 15%] Building CXX object 3rdparty/openexr/CMakeFiles/IlmImf.dir/IlmImf/ImfInputPart.cpp.o
[ 15%] Building C object 3rdparty/libwebp/CMakeFiles/libwebp.dir/src/dsp/cost_mips32.c.o
[ 15%] Building C object 3rdparty/libwebp/CMakeFiles/libwebp.dir/src/dsp/cost_mips_dsp_r2.c.o
[ 16%] Building C object 3rdparty/libwebp/CMakeFiles/libwebp.dir/src/dsp/cost_neon.c.o
[ 16%] Building C object 3rdparty/libwebp/CMakeFiles/libwebp.dir/src/dsp/cost_sse2.c.o
[ 16%] Building C object 3rdparty/libwebp/CMakeFiles/libwebp.dir/src/dsp/cpu.c.o
[ 16%] Building CXX object modules/core/CMakeFiles/opencv_core.dir/src/arithm.dispatch.cpp.o
[ 16%] Building C object 3rdparty/libwebp/CMakeFiles/libwebp.dir/src/dsp/dec.c.o
[ 16%] Building CXX object 3rdparty/openexr/CMakeFiles/IlmImf.dir/IlmImf/ImfInputPartData.cpp.o
[ 16%] Building CXX object 3rdparty/openexr/CMakeFiles/IlmImf.dir/IlmImf/ImfIntAttribute.cpp.o
[ 16%] Building C object 3rdparty/openjpeg/openjp2/CMakeFiles/libopenjp2.dir/t1.c.o
[ 16%] Building CXX object 3rdparty/openexr/CMakeFiles/IlmImf.dir/IlmImf/ImfKeyCodeAttribute.cpp.o
[ 16%] Building CXX object 3rdparty/openexr/CMakeFiles/IlmImf.dir/IlmImf/ImfKeyCode.cpp.o
[ 16%] Building CXX object 3rdparty/openexr/CMakeFiles/IlmImf.dir/IlmImf/ImfLineOrderAttribute.cpp.o
[ 16%] Building C object 3rdparty/libwebp/CMakeFiles/libwebp.dir/src/dsp/dec_clip_tables.c.o
[ 16%] Building C object 3rdparty/libwebp/CMakeFiles/libwebp.dir/src/dsp/dec_mips32.c.o
[ 16%] Building C object 3rdparty/openjpeg/openjp2/CMakeFiles/libopenjp2.dir/t2.c.o
[ 16%] Building C object 3rdparty/libwebp/CMakeFiles/libwebp.dir/src/dsp/dec_mips_dsp_r2.c.o
[ 16%] Building C object 3rdparty/openjpeg/openjp2/CMakeFiles/libopenjp2.dir/tcd.c.o
[ 17%] Building CXX object 3rdparty/openexr/CMakeFiles/IlmImf.dir/IlmImf/ImfLut.cpp.o
[ 17%] Building C object 3rdparty/libwebp/CMakeFiles/libwebp.dir/src/dsp/dec_msa.c.o
[ 17%] Building C object 3rdparty/openjpeg/openjp2/CMakeFiles/libopenjp2.dir/tgt.c.o
[ 18%] Building C object 3rdparty/libwebp/CMakeFiles/libwebp.dir/src/dsp/dec_neon.c.o
[ 18%] Building C object 3rdparty/libwebp/CMakeFiles/libwebp.dir/src/dsp/dec_sse2.c.o
[ 18%] Building C object 3rdparty/libwebp/CMakeFiles/libwebp.dir/src/dsp/dec_sse41.c.o
[ 18%] Building C object 3rdparty/libwebp/CMakeFiles/libwebp.dir/src/dsp/enc.c.o
[ 19%] Building C object 3rdparty/openjpeg/openjp2/CMakeFiles/libopenjp2.dir/function_list.c.o
[ 19%] Building CXX object modules/core/CMakeFiles/opencv_core.dir/src/array.cpp.o
[ 19%] Building CXX object 3rdparty/openexr/CMakeFiles/IlmImf.dir/IlmImf/ImfMatrixAttribute.cpp.o
[ 20%] Building CXX object modules/core/CMakeFiles/opencv_core.dir/src/async.cpp.o
[ 20%] Building C object 3rdparty/libwebp/CMakeFiles/libwebp.dir/src/dsp/enc_mips32.c.o
[ 20%] Building C object 3rdparty/openjpeg/openjp2/CMakeFiles/libopenjp2.dir/opj_malloc.c.o
[ 20%] Building C object 3rdparty/libwebp/CMakeFiles/libwebp.dir/src/dsp/enc_mips_dsp_r2.c.o
[ 20%] Building C object 3rdparty/openjpeg/openjp2/CMakeFiles/libopenjp2.dir/sparse_array.c.o
[ 20%] Building C object 3rdparty/libwebp/CMakeFiles/libwebp.dir/src/dsp/enc_msa.c.o
[ 20%] Building C object 3rdparty/libwebp/CMakeFiles/libwebp.dir/src/dsp/enc_neon.c.o
[ 21%] Building C object 3rdparty/libwebp/CMakeFiles/libwebp.dir/src/dsp/enc_sse2.c.o
[ 21%] Building C object 3rdparty/libwebp/CMakeFiles/libwebp.dir/src/dsp/enc_sse41.c.o
[ 21%] Building CXX object 3rdparty/openexr/CMakeFiles/IlmImf.dir/IlmImf/ImfMisc.cpp.o
[ 21%] Building C object 3rdparty/libwebp/CMakeFiles/libwebp.dir/src/dsp/filters.c.o
[ 21%] Building CXX object 3rdparty/openexr/CMakeFiles/IlmImf.dir/IlmImf/ImfMultiPartInputFile.cpp.o
[ 21%] Building C object 3rdparty/libwebp/CMakeFiles/libwebp.dir/src/dsp/filters_mips_dsp_r2.c.o
[ 21%] Building C object 3rdparty/libwebp/CMakeFiles/libwebp.dir/src/dsp/filters_msa.c.o
[ 21%] Building C object 3rdparty/libwebp/CMakeFiles/libwebp.dir/src/dsp/filters_neon.c.o
[ 21%] Building C object 3rdparty/libwebp/CMakeFiles/libwebp.dir/src/dsp/filters_sse2.c.o
[ 21%] Building C object 3rdparty/libwebp/CMakeFiles/libwebp.dir/src/dsp/lossless.c.o
[ 22%] Building C object 3rdparty/libwebp/CMakeFiles/libwebp.dir/src/dsp/lossless_enc.c.o
[ 22%] Building C object 3rdparty/libwebp/CMakeFiles/libwebp.dir/src/dsp/lossless_enc_mips32.c.o
[ 22%] Building CXX object modules/core/CMakeFiles/opencv_core.dir/src/batch_distance.cpp.o
[ 22%] Building C object 3rdparty/libwebp/CMakeFiles/libwebp.dir/src/dsp/lossless_enc_mips_dsp_r2.c.o
[ 22%] Building C object 3rdparty/libwebp/CMakeFiles/libwebp.dir/src/dsp/lossless_enc_msa.c.o
[ 22%] Building C object 3rdparty/libwebp/CMakeFiles/libwebp.dir/src/dsp/lossless_enc_neon.c.o
[ 22%] Building C object 3rdparty/libwebp/CMakeFiles/libwebp.dir/src/dsp/lossless_enc_sse2.c.o
[ 22%] Building C object 3rdparty/libwebp/CMakeFiles/libwebp.dir/src/dsp/lossless_enc_sse41.c.o
[ 22%] Building CXX object 3rdparty/openexr/CMakeFiles/IlmImf.dir/IlmImf/ImfMultiPartOutputFile.cpp.o
[ 22%] Building C object 3rdparty/libwebp/CMakeFiles/libwebp.dir/src/dsp/lossless_mips_dsp_r2.c.o
[ 23%] Building C object 3rdparty/libwebp/CMakeFiles/libwebp.dir/src/dsp/lossless_msa.c.o
[ 23%] Building C object 3rdparty/libwebp/CMakeFiles/libwebp.dir/src/dsp/lossless_neon.c.o
[ 23%] Building C object 3rdparty/libwebp/CMakeFiles/libwebp.dir/src/dsp/lossless_sse2.c.o
[ 23%] Building C object 3rdparty/libwebp/CMakeFiles/libwebp.dir/src/dsp/lossless_sse41.c.o
[ 23%] Building CXX object modules/core/CMakeFiles/opencv_core.dir/src/bindings_utils.cpp.o
[ 23%] Building CXX object 3rdparty/openexr/CMakeFiles/IlmImf.dir/IlmImf/ImfMultiView.cpp.o
[ 23%] Building CXX object 3rdparty/openexr/CMakeFiles/IlmImf.dir/IlmImf/ImfOpaqueAttribute.cpp.o
[ 23%] Building CXX object modules/core/CMakeFiles/opencv_core.dir/src/buffer_area.cpp.o
[ 23%] Building C object 3rdparty/libwebp/CMakeFiles/libwebp.dir/src/dsp/rescaler.c.o
[ 23%] Building CXX object 3rdparty/openexr/CMakeFiles/IlmImf.dir/IlmImf/ImfOutputFile.cpp.o
[ 23%] Building C object 3rdparty/libwebp/CMakeFiles/libwebp.dir/src/dsp/rescaler_mips32.c.o
[ 23%] Building C object 3rdparty/libwebp/CMakeFiles/libwebp.dir/src/dsp/rescaler_mips_dsp_r2.c.o
[ 23%] Building C object 3rdparty/libwebp/CMakeFiles/libwebp.dir/src/dsp/rescaler_msa.c.o
[ 24%] Building C object 3rdparty/libwebp/CMakeFiles/libwebp.dir/src/dsp/rescaler_neon.c.o
[ 24%] Building CXX object modules/core/CMakeFiles/opencv_core.dir/src/channels.cpp.o
[ 24%] Building C object 3rdparty/libwebp/CMakeFiles/libwebp.dir/src/dsp/rescaler_sse2.c.o
[ 25%] Building CXX object 3rdparty/openexr/CMakeFiles/IlmImf.dir/IlmImf/ImfOutputPart.cpp.o
[ 25%] Building CXX object 3rdparty/openexr/CMakeFiles/IlmImf.dir/IlmImf/ImfOutputPartData.cpp.o
[ 25%] Linking C static library ../../lib/liblibopenjp2.a
[ 25%] Building C object 3rdparty/libwebp/CMakeFiles/libwebp.dir/src/dsp/ssim.c.o
[ 25%] Built target libopenjp2
[ 25%] Building CXX object 3rdparty/openexr/CMakeFiles/IlmImf.dir/IlmImf/ImfPartType.cpp.o
[ 25%] Building C object 3rdparty/libwebp/CMakeFiles/libwebp.dir/src/dsp/ssim_sse2.c.o
[ 25%] Building CXX object 3rdparty/openexr/CMakeFiles/IlmImf.dir/IlmImf/ImfPizCompressor.cpp.o
[ 25%] Building CXX object modules/core/CMakeFiles/opencv_core.dir/src/check.cpp.o
[ 25%] Building C object 3rdparty/libwebp/CMakeFiles/libwebp.dir/src/dsp/upsampling.c.o
[ 25%] Building CXX object 3rdparty/openexr/CMakeFiles/IlmImf.dir/IlmImf/ImfPreviewImage.cpp.o
[ 25%] Building CXX object 3rdparty/openexr/CMakeFiles/IlmImf.dir/IlmImf/ImfPreviewImageAttribute.cpp.o
[ 25%] Building CXX object modules/core/CMakeFiles/opencv_core.dir/src/command_line_parser.cpp.o
[ 25%] Building CXX object modules/core/CMakeFiles/opencv_core.dir/src/conjugate_gradient.cpp.o
[ 25%] Building CXX object 3rdparty/openexr/CMakeFiles/IlmImf.dir/IlmImf/ImfPxr24Compressor.cpp.o
[ 25%] Building CXX object 3rdparty/openexr/CMakeFiles/IlmImf.dir/IlmImf/ImfRational.cpp.o
[ 26%] Building CXX object modules/core/CMakeFiles/opencv_core.dir/src/convert.dispatch.cpp.o
[ 27%] Building CXX object 3rdparty/openexr/CMakeFiles/IlmImf.dir/IlmImf/ImfRationalAttribute.cpp.o
[ 27%] Building CXX object modules/core/CMakeFiles/opencv_core.dir/src/convert_c.cpp.o
[ 27%] Building C object 3rdparty/libwebp/CMakeFiles/libwebp.dir/src/dsp/upsampling_mips_dsp_r2.c.o
[ 27%] Building CXX object 3rdparty/openexr/CMakeFiles/IlmImf.dir/IlmImf/ImfRgbaFile.cpp.o
[ 27%] Building C object 3rdparty/libwebp/CMakeFiles/libwebp.dir/src/dsp/upsampling_msa.c.o
[ 27%] Building C object 3rdparty/libwebp/CMakeFiles/libwebp.dir/src/dsp/upsampling_neon.c.o
[ 27%] Building CXX object 3rdparty/openexr/CMakeFiles/IlmImf.dir/IlmImf/ImfRgbaYca.cpp.o
[ 29%] Building C object 3rdparty/libwebp/CMakeFiles/libwebp.dir/src/dsp/upsampling_sse2.c.o
[ 29%] Building CXX object modules/core/CMakeFiles/opencv_core.dir/src/convert_scale.dispatch.cpp.o
[ 29%] Building C object 3rdparty/libwebp/CMakeFiles/libwebp.dir/src/dsp/upsampling_sse41.c.o
[ 29%] Building C object 3rdparty/libwebp/CMakeFiles/libwebp.dir/src/dsp/yuv.c.o
[ 29%] Building CXX object modules/core/CMakeFiles/opencv_core.dir/src/copy.cpp.o
[ 29%] Building CXX object 3rdparty/openexr/CMakeFiles/IlmImf.dir/IlmImf/ImfRle.cpp.o
[ 29%] Building CXX object 3rdparty/openexr/CMakeFiles/IlmImf.dir/IlmImf/ImfRleCompressor.cpp.o
[ 29%] Building CXX object modules/core/CMakeFiles/opencv_core.dir/src/count_non_zero.dispatch.cpp.o
[ 29%] Building CXX object 3rdparty/openexr/CMakeFiles/IlmImf.dir/IlmImf/ImfScanLineInputFile.cpp.o
[ 29%] Building CXX object 3rdparty/openexr/CMakeFiles/IlmImf.dir/IlmImf/ImfStandardAttributes.cpp.o
[ 29%] Building CXX object modules/core/CMakeFiles/opencv_core.dir/src/cuda_gpu_mat.cpp.o
[ 29%] Building CXX object modules/core/CMakeFiles/opencv_core.dir/src/cuda_gpu_mat_nd.cpp.o
[ 29%] Building C object 3rdparty/libwebp/CMakeFiles/libwebp.dir/src/dsp/yuv_mips32.c.o
[ 29%] Building C object 3rdparty/libwebp/CMakeFiles/libwebp.dir/src/dsp/yuv_mips_dsp_r2.c.o
[ 29%] Building C object 3rdparty/libwebp/CMakeFiles/libwebp.dir/src/dsp/yuv_neon.c.o
[ 29%] Building C object 3rdparty/libwebp/CMakeFiles/libwebp.dir/src/dsp/yuv_sse2.c.o
[ 29%] Building C object 3rdparty/libwebp/CMakeFiles/libwebp.dir/src/dsp/yuv_sse41.c.o
[ 29%] Building C object 3rdparty/libwebp/CMakeFiles/libwebp.dir/src/enc/alpha_enc.c.o
[ 29%] Building CXX object 3rdparty/openexr/CMakeFiles/IlmImf.dir/IlmImf/ImfStdIO.cpp.o
[ 30%] Building C object 3rdparty/libwebp/CMakeFiles/libwebp.dir/src/enc/analysis_enc.c.o
[ 30%] Building C object 3rdparty/libwebp/CMakeFiles/libwebp.dir/src/enc/backward_references_cost_enc.c.o
[ 30%] Building C object 3rdparty/libwebp/CMakeFiles/libwebp.dir/src/enc/backward_references_enc.c.o
[ 30%] Building CXX object modules/core/CMakeFiles/opencv_core.dir/src/cuda_host_mem.cpp.o
[ 31%] Building CXX object 3rdparty/openexr/CMakeFiles/IlmImf.dir/IlmImf/ImfStringAttribute.cpp.o
[ 31%] Building CXX object 3rdparty/openexr/CMakeFiles/IlmImf.dir/IlmImf/ImfStringVectorAttribute.cpp.o
[ 31%] Building CXX object 3rdparty/openexr/CMakeFiles/IlmImf.dir/IlmImf/ImfSystemSpecific.cpp.o
[ 32%] Building CXX object modules/core/CMakeFiles/opencv_core.dir/src/cuda_info.cpp.o
[ 32%] Building CXX object modules/core/CMakeFiles/opencv_core.dir/src/cuda_stream.cpp.o
[ 32%] Building CXX object 3rdparty/openexr/CMakeFiles/IlmImf.dir/IlmImf/ImfTestFile.cpp.o
[ 32%] Building C object 3rdparty/libwebp/CMakeFiles/libwebp.dir/src/enc/config_enc.c.o
[ 32%] Building CXX object 3rdparty/openexr/CMakeFiles/IlmImf.dir/IlmImf/ImfThreading.cpp.o
[ 32%] Building CXX object modules/core/CMakeFiles/opencv_core.dir/src/datastructs.cpp.o
[ 32%] Building CXX object 3rdparty/openexr/CMakeFiles/IlmImf.dir/IlmImf/ImfTileDescriptionAttribute.cpp.o
[ 32%] Building C object 3rdparty/libwebp/CMakeFiles/libwebp.dir/src/enc/cost_enc.c.o
[ 32%] Building CXX object modules/core/CMakeFiles/opencv_core.dir/src/directx.cpp.o
[ 32%] Building CXX object 3rdparty/openexr/CMakeFiles/IlmImf.dir/IlmImf/ImfTileOffsets.cpp.o
[ 32%] Building C object 3rdparty/libwebp/CMakeFiles/libwebp.dir/src/enc/filter_enc.c.o
[ 32%] Building C object 3rdparty/libwebp/CMakeFiles/libwebp.dir/src/enc/frame_enc.c.o
[ 32%] Building C object 3rdparty/libwebp/CMakeFiles/libwebp.dir/src/enc/histogram_enc.c.o
[ 32%] Building CXX object 3rdparty/openexr/CMakeFiles/IlmImf.dir/IlmImf/ImfTiledInputFile.cpp.o
[ 33%] Building CXX object 3rdparty/openexr/CMakeFiles/IlmImf.dir/IlmImf/ImfTiledInputPart.cpp.o
[ 33%] Building CXX object 3rdparty/openexr/CMakeFiles/IlmImf.dir/IlmImf/ImfTiledMisc.cpp.o
[ 34%] Building C object 3rdparty/libwebp/CMakeFiles/libwebp.dir/src/enc/iterator_enc.c.o
[ 34%] Building CXX object modules/core/CMakeFiles/opencv_core.dir/src/downhill_simplex.cpp.o
[ 34%] Building C object 3rdparty/libwebp/CMakeFiles/libwebp.dir/src/enc/near_lossless_enc.c.o
[ 34%] Building C object 3rdparty/libwebp/CMakeFiles/libwebp.dir/src/enc/picture_csp_enc.c.o
[ 34%] Building CXX object 3rdparty/openexr/CMakeFiles/IlmImf.dir/IlmImf/ImfTiledOutputFile.cpp.o
[ 34%] Building C object 3rdparty/libwebp/CMakeFiles/libwebp.dir/src/enc/picture_enc.c.o
[ 34%] Building CXX object modules/core/CMakeFiles/opencv_core.dir/src/dxt.cpp.o
[ 34%] Building C object 3rdparty/libwebp/CMakeFiles/libwebp.dir/src/enc/picture_psnr_enc.c.o
[ 34%] Building CXX object modules/core/CMakeFiles/opencv_core.dir/src/gl_core_3_1.cpp.o
[ 34%] Building C object 3rdparty/libwebp/CMakeFiles/libwebp.dir/src/enc/picture_rescale_enc.c.o
[ 34%] Building CXX object modules/core/CMakeFiles/opencv_core.dir/src/glob.cpp.o
[ 34%] Building C object 3rdparty/libwebp/CMakeFiles/libwebp.dir/src/enc/picture_tools_enc.c.o
[ 35%] Building CXX object modules/core/CMakeFiles/opencv_core.dir/src/hal_internal.cpp.o
[ 35%] Building CXX object modules/core/CMakeFiles/opencv_core.dir/src/has_non_zero.dispatch.cpp.o
[ 35%] Building C object 3rdparty/libwebp/CMakeFiles/libwebp.dir/src/enc/predictor_enc.c.o
[ 35%] Building CXX object modules/core/CMakeFiles/opencv_core.dir/src/kmeans.cpp.o
[ 36%] Building C object 3rdparty/libwebp/CMakeFiles/libwebp.dir/src/enc/quant_enc.c.o
[ 36%] Building CXX object modules/core/CMakeFiles/opencv_core.dir/src/lapack.cpp.o
[ 36%] Building CXX object 3rdparty/openexr/CMakeFiles/IlmImf.dir/IlmImf/ImfTiledOutputPart.cpp.o
[ 36%] Building CXX object modules/core/CMakeFiles/opencv_core.dir/src/lda.cpp.o
[ 36%] Building CXX object 3rdparty/openexr/CMakeFiles/IlmImf.dir/IlmImf/ImfTiledRgbaFile.cpp.o
[ 36%] Building C object 3rdparty/libwebp/CMakeFiles/libwebp.dir/src/enc/syntax_enc.c.o
[ 36%] Building C object 3rdparty/libwebp/CMakeFiles/libwebp.dir/src/enc/token_enc.c.o
[ 36%] Building CXX object modules/core/CMakeFiles/opencv_core.dir/src/logger.cpp.o
[ 36%] Building CXX object modules/core/CMakeFiles/opencv_core.dir/src/lpsolver.cpp.o
[ 36%] Building CXX object modules/core/CMakeFiles/opencv_core.dir/src/lut.cpp.o
[ 36%] Building C object 3rdparty/libwebp/CMakeFiles/libwebp.dir/src/enc/tree_enc.c.o
[ 37%] Building CXX object modules/core/CMakeFiles/opencv_core.dir/src/mathfuncs.cpp.o
[ 37%] Building C object 3rdparty/libwebp/CMakeFiles/libwebp.dir/src/enc/vp8l_enc.c.o
[ 37%] Building CXX object modules/core/CMakeFiles/opencv_core.dir/src/mathfuncs_core.dispatch.cpp.o
[ 37%] Building CXX object 3rdparty/openexr/CMakeFiles/IlmImf.dir/IlmImf/ImfTimeCode.cpp.o
[ 37%] Building C object 3rdparty/libwebp/CMakeFiles/libwebp.dir/src/enc/webp_enc.c.o
[ 37%] Building C object 3rdparty/libwebp/CMakeFiles/libwebp.dir/src/mux/anim_encode.c.o
[ 37%] Building CXX object 3rdparty/openexr/CMakeFiles/IlmImf.dir/IlmImf/ImfTimeCodeAttribute.cpp.o
[ 37%] Building C object 3rdparty/libwebp/CMakeFiles/libwebp.dir/src/mux/muxedit.c.o
[ 37%] Building CXX object 3rdparty/openexr/CMakeFiles/IlmImf.dir/IlmImf/ImfVecAttribute.cpp.o
[ 38%] Building C object 3rdparty/libwebp/CMakeFiles/libwebp.dir/src/mux/muxinternal.c.o
[ 38%] Building C object 3rdparty/libwebp/CMakeFiles/libwebp.dir/src/mux/muxread.c.o
[ 39%] Building CXX object 3rdparty/openexr/CMakeFiles/IlmImf.dir/IlmImf/ImfVersion.cpp.o
[ 39%] Building C object 3rdparty/libwebp/CMakeFiles/libwebp.dir/src/utils/bit_reader_utils.c.o
[ 39%] Building CXX object 3rdparty/openexr/CMakeFiles/IlmImf.dir/IlmImf/ImfWav.cpp.o
[ 39%] Building C object 3rdparty/libwebp/CMakeFiles/libwebp.dir/src/utils/bit_writer_utils.c.o
[ 39%] Building CXX object 3rdparty/openexr/CMakeFiles/IlmImf.dir/IlmImf/ImfZip.cpp.o
[ 39%] Building C object 3rdparty/libwebp/CMakeFiles/libwebp.dir/src/utils/color_cache_utils.c.o
[ 39%] Building C object 3rdparty/libwebp/CMakeFiles/libwebp.dir/src/utils/filters_utils.c.o
[ 39%] Building CXX object 3rdparty/openexr/CMakeFiles/IlmImf.dir/IlmImf/ImfZipCompressor.cpp.o
[ 39%] Building CXX object modules/core/CMakeFiles/opencv_core.dir/src/matmul.dispatch.cpp.o
[ 39%] Building C object 3rdparty/libwebp/CMakeFiles/libwebp.dir/src/utils/huffman_encode_utils.c.o
[ 39%] Building CXX object 3rdparty/openexr/CMakeFiles/IlmImf.dir/IlmImf/dwaLookups.cpp.o
[ 39%] Building C object 3rdparty/libwebp/CMakeFiles/libwebp.dir/src/utils/huffman_utils.c.o
[ 39%] Building CXX object modules/core/CMakeFiles/opencv_core.dir/src/matrix.cpp.o
[ 39%] Building CXX object modules/core/CMakeFiles/opencv_core.dir/src/matrix_c.cpp.o
[ 40%] Building C object 3rdparty/libwebp/CMakeFiles/libwebp.dir/src/utils/palette.c.o
[ 40%] Building CXX object 3rdparty/openexr/CMakeFiles/IlmImf.dir/IlmThread/IlmThread.cpp.o
[ 40%] Building C object 3rdparty/libwebp/CMakeFiles/libwebp.dir/src/utils/quant_levels_dec_utils.c.o
[ 40%] Building CXX object 3rdparty/openexr/CMakeFiles/IlmImf.dir/IlmThread/IlmThreadMutex.cpp.o
[ 40%] Building C object 3rdparty/libwebp/CMakeFiles/libwebp.dir/src/utils/quant_levels_utils.c.o
[ 40%] Building C object 3rdparty/libwebp/CMakeFiles/libwebp.dir/src/utils/random_utils.c.o
[ 40%] Building C object 3rdparty/libwebp/CMakeFiles/libwebp.dir/src/utils/rescaler_utils.c.o
[ 40%] Building CXX object modules/core/CMakeFiles/opencv_core.dir/src/matrix_decomp.cpp.o
[ 40%] Building CXX object 3rdparty/openexr/CMakeFiles/IlmImf.dir/IlmThread/IlmThreadMutexPosix.cpp.o
[ 40%] Building C object 3rdparty/libwebp/CMakeFiles/libwebp.dir/src/utils/thread_utils.c.o
[ 40%] Building C object 3rdparty/libwebp/CMakeFiles/libwebp.dir/src/utils/utils.c.o
[ 41%] Building CXX object 3rdparty/openexr/CMakeFiles/IlmImf.dir/IlmThread/IlmThreadPool.cpp.o
[ 41%] Building CXX object modules/core/CMakeFiles/opencv_core.dir/src/matrix_expressions.cpp.o
[ 41%] Building CXX object modules/core/CMakeFiles/opencv_core.dir/src/matrix_iterator.cpp.o
[ 41%] Linking C static library ../lib/liblibwebp.a
[ 41%] Building CXX object 3rdparty/openexr/CMakeFiles/IlmImf.dir/IlmThread/IlmThreadPosix.cpp.o
[ 41%] Building CXX object 3rdparty/openexr/CMakeFiles/IlmImf.dir/IlmThread/IlmThreadSemaphore.cpp.o
[ 41%] Built target libwebp
[ 41%] Building CXX object 3rdparty/openexr/CMakeFiles/IlmImf.dir/IlmThread/IlmThreadSemaphorePosix.cpp.o
[ 41%] Building CXX object 3rdparty/openexr/CMakeFiles/IlmImf.dir/IlmThread/IlmThreadSemaphorePosixCompat.cpp.o
[ 41%] Building CXX object 3rdparty/openexr/CMakeFiles/IlmImf.dir/Imath/ImathBox.cpp.o
[ 41%] Building CXX object 3rdparty/openexr/CMakeFiles/IlmImf.dir/Imath/ImathColorAlgo.cpp.o
[ 41%] Building CXX object 3rdparty/openexr/CMakeFiles/IlmImf.dir/Imath/ImathFun.cpp.o
[ 41%] Building CXX object 3rdparty/openexr/CMakeFiles/IlmImf.dir/Imath/ImathMatrixAlgo.cpp.o
[ 43%] Building CXX object 3rdparty/openexr/CMakeFiles/IlmImf.dir/Imath/ImathRandom.cpp.o
[ 43%] Building CXX object 3rdparty/openexr/CMakeFiles/IlmImf.dir/Imath/ImathShear.cpp.o
[ 43%] Building CXX object 3rdparty/openexr/CMakeFiles/IlmImf.dir/Imath/ImathVec.cpp.o
[ 44%] Building CXX object modules/core/CMakeFiles/opencv_core.dir/src/matrix_operations.cpp.o
[ 44%] Building CXX object modules/core/CMakeFiles/opencv_core.dir/src/matrix_sparse.cpp.o
[ 44%] Building CXX object modules/core/CMakeFiles/opencv_core.dir/src/matrix_transform.cpp.o
[ 44%] Building CXX object modules/core/CMakeFiles/opencv_core.dir/src/matrix_wrap.cpp.o
[ 44%] Building CXX object modules/core/CMakeFiles/opencv_core.dir/src/mean.dispatch.cpp.o
[ 44%] Linking CXX static library ../lib/libIlmImf.a
[ 44%] Built target IlmImf
[ 44%] Building CXX object modules/core/CMakeFiles/opencv_core.dir/src/minmax.cpp.o
[ 44%] Building CXX object modules/core/CMakeFiles/opencv_core.dir/src/merge.dispatch.cpp.o
[ 44%] Building CXX object modules/core/CMakeFiles/opencv_core.dir/src/norm.cpp.o
[ 45%] Building CXX object modules/core/CMakeFiles/opencv_core.dir/src/ocl.cpp.o
[ 45%] Building CXX object modules/core/CMakeFiles/opencv_core.dir/src/opencl/runtime/opencl_clblas.cpp.o
[ 45%] Building CXX object modules/core/CMakeFiles/opencv_core.dir/src/opencl/runtime/opencl_clfft.cpp.o
[ 45%] Building CXX object modules/core/CMakeFiles/opencv_core.dir/src/opencl/runtime/opencl_core.cpp.o
[ 45%] Building CXX object modules/core/CMakeFiles/opencv_core.dir/src/opengl.cpp.o
[ 45%] Building CXX object modules/core/CMakeFiles/opencv_core.dir/src/out.cpp.o
[ 45%] Building CXX object modules/core/CMakeFiles/opencv_core.dir/src/ovx.cpp.o
[ 45%] Building CXX object modules/core/CMakeFiles/opencv_core.dir/src/parallel.cpp.o
[ 45%] Building CXX object modules/core/CMakeFiles/opencv_core.dir/src/parallel/parallel.cpp.o
[ 46%] Building CXX object modules/core/CMakeFiles/opencv_core.dir/src/parallel/parallel_openmp.cpp.o
[ 46%] Building CXX object modules/core/CMakeFiles/opencv_core.dir/src/parallel/parallel_tbb.cpp.o
[ 46%] Building CXX object modules/core/CMakeFiles/opencv_core.dir/src/parallel_impl.cpp.o
[ 46%] Building CXX object modules/core/CMakeFiles/opencv_core.dir/src/pca.cpp.o
[ 46%] Building CXX object modules/core/CMakeFiles/opencv_core.dir/src/persistence.cpp.o
[ 46%] Building CXX object modules/core/CMakeFiles/opencv_core.dir/src/persistence_base64_encoding.cpp.o
[ 46%] Building CXX object modules/core/CMakeFiles/opencv_core.dir/src/persistence_json.cpp.o
[ 46%] Building CXX object modules/core/CMakeFiles/opencv_core.dir/src/persistence_types.cpp.o
[ 47%] Building CXX object modules/core/CMakeFiles/opencv_core.dir/src/persistence_xml.cpp.o
[ 47%] Building CXX object modules/core/CMakeFiles/opencv_core.dir/src/persistence_yml.cpp.o
[ 47%] Building CXX object modules/core/CMakeFiles/opencv_core.dir/src/rand.cpp.o
[ 47%] Building CXX object modules/core/CMakeFiles/opencv_core.dir/src/softfloat.cpp.o
[ 47%] Building CXX object modules/core/CMakeFiles/opencv_core.dir/src/split.dispatch.cpp.o
[ 47%] Building CXX object modules/core/CMakeFiles/opencv_core.dir/src/stat.dispatch.cpp.o
[ 47%] Building CXX object modules/core/CMakeFiles/opencv_core.dir/src/stat_c.cpp.o
[ 47%] Building CXX object modules/core/CMakeFiles/opencv_core.dir/src/stl.cpp.o
[ 48%] Building CXX object modules/core/CMakeFiles/opencv_core.dir/src/sum.dispatch.cpp.o
[ 48%] Building CXX object modules/core/CMakeFiles/opencv_core.dir/src/system.cpp.o
[ 48%] Building CXX object modules/core/CMakeFiles/opencv_core.dir/src/tables.cpp.o
[ 48%] Building CXX object modules/core/CMakeFiles/opencv_core.dir/src/trace.cpp.o
[ 48%] Building CXX object modules/core/CMakeFiles/opencv_core.dir/src/types.cpp.o
[ 48%] Building CXX object modules/core/CMakeFiles/opencv_core.dir/src/umatrix.cpp.o
[ 48%] Building CXX object modules/core/CMakeFiles/opencv_core.dir/src/utils/datafile.cpp.o
[ 48%] Building CXX object modules/core/CMakeFiles/opencv_core.dir/src/utils/filesystem.cpp.o
[ 49%] Building CXX object modules/core/CMakeFiles/opencv_core.dir/src/utils/logtagconfigparser.cpp.o
[ 49%] Building CXX object modules/core/CMakeFiles/opencv_core.dir/src/utils/logtagmanager.cpp.o
[ 49%] Building CXX object modules/core/CMakeFiles/opencv_core.dir/src/utils/samples.cpp.o
[ 49%] Building CXX object modules/core/CMakeFiles/opencv_core.dir/src/va_intel.cpp.o
[ 49%] Building CXX object modules/core/CMakeFiles/opencv_core.dir/opencl_kernels_core.cpp.o
[ 49%] Building CXX object modules/core/CMakeFiles/opencv_core.dir/arithm.sse4_1.cpp.o
[ 49%] Building CXX object modules/core/CMakeFiles/opencv_core.dir/matmul.sse4_1.cpp.o
[ 49%] Building CXX object modules/core/CMakeFiles/opencv_core.dir/stat.sse4_2.cpp.o
[ 50%] Building CXX object modules/core/CMakeFiles/opencv_core.dir/mathfuncs_core.avx.cpp.o
[ 50%] Building CXX object modules/core/CMakeFiles/opencv_core.dir/mathfuncs_core.avx2.cpp.o
[ 50%] Building CXX object modules/core/CMakeFiles/opencv_core.dir/stat.avx2.cpp.o
[ 50%] Building CXX object modules/core/CMakeFiles/opencv_core.dir/arithm.avx2.cpp.o
[ 50%] Building CXX object modules/core/CMakeFiles/opencv_core.dir/convert.avx2.cpp.o
[ 50%] Building CXX object modules/core/CMakeFiles/opencv_core.dir/convert_scale.avx2.cpp.o
[ 50%] Building CXX object modules/core/CMakeFiles/opencv_core.dir/count_non_zero.avx2.cpp.o
[ 50%] Building CXX object modules/core/CMakeFiles/opencv_core.dir/has_non_zero.avx2.cpp.o
[ 51%] Building CXX object modules/core/CMakeFiles/opencv_core.dir/matmul.avx2.cpp.o
[ 51%] Building CXX object modules/core/CMakeFiles/opencv_core.dir/mean.avx2.cpp.o
[ 51%] Building CXX object modules/core/CMakeFiles/opencv_core.dir/merge.avx2.cpp.o
[ 51%] Building CXX object modules/core/CMakeFiles/opencv_core.dir/split.avx2.cpp.o
[ 51%] Building CXX object modules/core/CMakeFiles/opencv_core.dir/sum.avx2.cpp.o
[ 51%] Building CXX object modules/core/CMakeFiles/opencv_core.dir/matmul.avx512_skx.cpp.o
[ 51%] Linking CXX shared library ../../lib/libopencv_core.so
[ 51%] Built target opencv_core
[ 51%] Processing OpenCL kernels (imgproc)
[ 51%] Building CXX object apps/version/CMakeFiles/opencv_version.dir/opencv_version.cpp.o
[ 51%] Building CXX object modules/imgproc/CMakeFiles/opencv_imgproc.dir/src/accum.cpp.o
[ 51%] Building CXX object modules/imgproc/CMakeFiles/opencv_imgproc.dir/src/accum.dispatch.cpp.o
[ 51%] Building CXX object modules/imgproc/CMakeFiles/opencv_imgproc.dir/src/approx.cpp.o
[ 52%] Building CXX object modules/imgproc/CMakeFiles/opencv_imgproc.dir/src/blend.cpp.o
[ 52%] Building CXX object modules/imgproc/CMakeFiles/opencv_imgproc.dir/src/bilateral_filter.dispatch.cpp.o
[ 52%] Building CXX object modules/imgproc/CMakeFiles/opencv_imgproc.dir/src/box_filter.dispatch.cpp.o
[ 52%] Building CXX object modules/imgproc/CMakeFiles/opencv_imgproc.dir/src/canny.cpp.o
[ 52%] Building CXX object modules/imgproc/CMakeFiles/opencv_imgproc.dir/src/clahe.cpp.o
[ 52%] Building CXX object modules/imgproc/CMakeFiles/opencv_imgproc.dir/src/color.cpp.o
[ 52%] Linking CXX executable ../../bin/opencv_version
[ 52%] Built target opencv_version
[ 52%] Building CXX object modules/imgproc/CMakeFiles/opencv_imgproc.dir/src/color_hsv.dispatch.cpp.o
[ 52%] Building CXX object modules/imgproc/CMakeFiles/opencv_imgproc.dir/src/color_lab.cpp.o
[ 52%] Building CXX object modules/imgproc/CMakeFiles/opencv_imgproc.dir/src/color_rgb.dispatch.cpp.o
[ 53%] Building CXX object modules/imgproc/CMakeFiles/opencv_imgproc.dir/src/color_yuv.dispatch.cpp.o
[ 53%] Building CXX object modules/imgproc/CMakeFiles/opencv_imgproc.dir/src/colormap.cpp.o
[ 53%] Building CXX object modules/imgproc/CMakeFiles/opencv_imgproc.dir/src/connectedcomponents.cpp.o
[ 53%] Building CXX object modules/imgproc/CMakeFiles/opencv_imgproc.dir/src/contours.cpp.o
[ 53%] Building CXX object modules/imgproc/CMakeFiles/opencv_imgproc.dir/src/contours_approx.cpp.o
[ 53%] Building CXX object modules/imgproc/CMakeFiles/opencv_imgproc.dir/src/contours_common.cpp.o
[ 53%] Building CXX object modules/imgproc/CMakeFiles/opencv_imgproc.dir/src/contours_link.cpp.o
[ 53%] Building CXX object modules/imgproc/CMakeFiles/opencv_imgproc.dir/src/contours_new.cpp.o
[ 54%] Building CXX object modules/imgproc/CMakeFiles/opencv_imgproc.dir/src/convhull.cpp.o
[ 54%] Building CXX object modules/imgproc/CMakeFiles/opencv_imgproc.dir/src/corner.cpp.o
[ 54%] Building CXX object modules/imgproc/CMakeFiles/opencv_imgproc.dir/src/cornersubpix.cpp.o
[ 54%] Building CXX object modules/imgproc/CMakeFiles/opencv_imgproc.dir/src/demosaicing.cpp.o
[ 54%] Building CXX object modules/imgproc/CMakeFiles/opencv_imgproc.dir/src/deriv.cpp.o
[ 54%] Building CXX object modules/imgproc/CMakeFiles/opencv_imgproc.dir/src/distransform.cpp.o
[ 54%] Building CXX object modules/imgproc/CMakeFiles/opencv_imgproc.dir/src/drawing.cpp.o
[ 54%] Building CXX object modules/imgproc/CMakeFiles/opencv_imgproc.dir/src/emd.cpp.o
[ 55%] Building CXX object modules/imgproc/CMakeFiles/opencv_imgproc.dir/src/emd_new.cpp.o
[ 55%] Building CXX object modules/imgproc/CMakeFiles/opencv_imgproc.dir/src/featureselect.cpp.o
[ 55%] Building CXX object modules/imgproc/CMakeFiles/opencv_imgproc.dir/src/filter.dispatch.cpp.o
[ 55%] Building CXX object modules/imgproc/CMakeFiles/opencv_imgproc.dir/src/floodfill.cpp.o
[ 55%] Building CXX object modules/imgproc/CMakeFiles/opencv_imgproc.dir/src/gabor.cpp.o
[ 55%] Building CXX object modules/imgproc/CMakeFiles/opencv_imgproc.dir/src/generalized_hough.cpp.o
[ 55%] Building CXX object modules/imgproc/CMakeFiles/opencv_imgproc.dir/src/geometry.cpp.o
[ 55%] Building CXX object modules/imgproc/CMakeFiles/opencv_imgproc.dir/src/grabcut.cpp.o
[ 56%] Building CXX object modules/imgproc/CMakeFiles/opencv_imgproc.dir/src/hershey_fonts.cpp.o
[ 56%] Building CXX object modules/imgproc/CMakeFiles/opencv_imgproc.dir/src/histogram.cpp.o
[ 56%] Building CXX object modules/imgproc/CMakeFiles/opencv_imgproc.dir/src/hough.cpp.o
[ 56%] Building CXX object modules/imgproc/CMakeFiles/opencv_imgproc.dir/src/imgwarp.cpp.o
[ 56%] Building CXX object modules/imgproc/CMakeFiles/opencv_imgproc.dir/src/intelligent_scissors.cpp.o
[ 56%] Building CXX object modules/imgproc/CMakeFiles/opencv_imgproc.dir/src/intersection.cpp.o
[ 56%] Building CXX object modules/imgproc/CMakeFiles/opencv_imgproc.dir/src/linefit.cpp.o
[ 56%] Building CXX object modules/imgproc/CMakeFiles/opencv_imgproc.dir/src/lsd.cpp.o
[ 58%] Building CXX object modules/imgproc/CMakeFiles/opencv_imgproc.dir/src/main.cpp.o
[ 58%] Building CXX object modules/imgproc/CMakeFiles/opencv_imgproc.dir/src/matchcontours.cpp.o
[ 58%] Building CXX object modules/imgproc/CMakeFiles/opencv_imgproc.dir/src/median_blur.dispatch.cpp.o
[ 58%] Building CXX object modules/imgproc/CMakeFiles/opencv_imgproc.dir/src/min_enclosing_triangle.cpp.o
[ 58%] Building CXX object modules/imgproc/CMakeFiles/opencv_imgproc.dir/src/moments.cpp.o
[ 58%] Building CXX object modules/imgproc/CMakeFiles/opencv_imgproc.dir/src/morph.dispatch.cpp.o
[ 58%] Building CXX object modules/imgproc/CMakeFiles/opencv_imgproc.dir/src/phasecorr.cpp.o
[ 58%] Building CXX object modules/imgproc/CMakeFiles/opencv_imgproc.dir/src/pyramids.cpp.o
[ 59%] Building CXX object modules/imgproc/CMakeFiles/opencv_imgproc.dir/src/resize.cpp.o
[ 59%] Building CXX object modules/imgproc/CMakeFiles/opencv_imgproc.dir/src/rotcalipers.cpp.o
[ 59%] Building CXX object modules/imgproc/CMakeFiles/opencv_imgproc.dir/src/samplers.cpp.o
[ 59%] Building CXX object modules/imgproc/CMakeFiles/opencv_imgproc.dir/src/segmentation.cpp.o
[ 59%] Building CXX object modules/imgproc/CMakeFiles/opencv_imgproc.dir/src/shapedescr.cpp.o
[ 59%] Building CXX object modules/imgproc/CMakeFiles/opencv_imgproc.dir/src/smooth.dispatch.cpp.o
[ 59%] Building CXX object modules/imgproc/CMakeFiles/opencv_imgproc.dir/src/spatialgradient.cpp.o
[ 59%] Building CXX object modules/imgproc/CMakeFiles/opencv_imgproc.dir/src/stackblur.cpp.o
[ 60%] Building CXX object modules/imgproc/CMakeFiles/opencv_imgproc.dir/src/subdivision2d.cpp.o
[ 60%] Building CXX object modules/imgproc/CMakeFiles/opencv_imgproc.dir/src/sumpixels.dispatch.cpp.o
[ 60%] Building CXX object modules/imgproc/CMakeFiles/opencv_imgproc.dir/src/tables.cpp.o
[ 60%] Building CXX object modules/imgproc/CMakeFiles/opencv_imgproc.dir/src/templmatch.cpp.o
[ 60%] Building CXX object modules/imgproc/CMakeFiles/opencv_imgproc.dir/src/thresh.cpp.o
[ 60%] Building CXX object modules/imgproc/CMakeFiles/opencv_imgproc.dir/src/utils.cpp.o
[ 60%] Building CXX object modules/imgproc/CMakeFiles/opencv_imgproc.dir/opencl_kernels_imgproc.cpp.o
[ 60%] Building CXX object modules/imgproc/CMakeFiles/opencv_imgproc.dir/src/imgwarp.sse4_1.cpp.o
[ 61%] Building CXX object modules/imgproc/CMakeFiles/opencv_imgproc.dir/src/resize.sse4_1.cpp.o
[ 61%] Building CXX object modules/imgproc/CMakeFiles/opencv_imgproc.dir/accum.sse4_1.cpp.o
[ 61%] Building CXX object modules/imgproc/CMakeFiles/opencv_imgproc.dir/box_filter.sse4_1.cpp.o
[ 61%] Building CXX object modules/imgproc/CMakeFiles/opencv_imgproc.dir/filter.sse4_1.cpp.o
[ 61%] Building CXX object modules/imgproc/CMakeFiles/opencv_imgproc.dir/color_hsv.sse4_1.cpp.o
[ 61%] Building CXX object modules/imgproc/CMakeFiles/opencv_imgproc.dir/color_rgb.sse4_1.cpp.o
[ 61%] Building CXX object modules/imgproc/CMakeFiles/opencv_imgproc.dir/color_yuv.sse4_1.cpp.o
[ 61%] Building CXX object modules/imgproc/CMakeFiles/opencv_imgproc.dir/median_blur.sse4_1.cpp.o
[ 62%] Building CXX object modules/imgproc/CMakeFiles/opencv_imgproc.dir/morph.sse4_1.cpp.o
[ 62%] Building CXX object modules/imgproc/CMakeFiles/opencv_imgproc.dir/smooth.sse4_1.cpp.o
[ 62%] Building CXX object modules/imgproc/CMakeFiles/opencv_imgproc.dir/src/corner.avx.cpp.o
[ 62%] Building CXX object modules/imgproc/CMakeFiles/opencv_imgproc.dir/accum.avx.cpp.o
[ 62%] Building CXX object modules/imgproc/CMakeFiles/opencv_imgproc.dir/src/imgwarp.avx2.cpp.o
[ 62%] Building CXX object modules/imgproc/CMakeFiles/opencv_imgproc.dir/src/resize.avx2.cpp.o
[ 62%] Building CXX object modules/imgproc/CMakeFiles/opencv_imgproc.dir/accum.avx2.cpp.o
[ 62%] Building CXX object modules/imgproc/CMakeFiles/opencv_imgproc.dir/bilateral_filter.avx2.cpp.o
[ 63%] Building CXX object modules/imgproc/CMakeFiles/opencv_imgproc.dir/box_filter.avx2.cpp.o
[ 63%] Building CXX object modules/imgproc/CMakeFiles/opencv_imgproc.dir/filter.avx2.cpp.o
[ 63%] Building CXX object modules/imgproc/CMakeFiles/opencv_imgproc.dir/color_hsv.avx2.cpp.o
[ 63%] Building CXX object modules/imgproc/CMakeFiles/opencv_imgproc.dir/color_rgb.avx2.cpp.o
[ 63%] Building CXX object modules/imgproc/CMakeFiles/opencv_imgproc.dir/color_yuv.avx2.cpp.o
[ 63%] Building CXX object modules/imgproc/CMakeFiles/opencv_imgproc.dir/median_blur.avx2.cpp.o
[ 63%] Building CXX object modules/imgproc/CMakeFiles/opencv_imgproc.dir/morph.avx2.cpp.o
[ 63%] Building CXX object modules/imgproc/CMakeFiles/opencv_imgproc.dir/smooth.avx2.cpp.o
[ 63%] Building CXX object modules/imgproc/CMakeFiles/opencv_imgproc.dir/sumpixels.avx2.cpp.o
[ 64%] Building CXX object modules/imgproc/CMakeFiles/opencv_imgproc.dir/sumpixels.avx512_skx.cpp.o
[ 64%] Linking CXX shared library ../../lib/libopencv_imgproc.so
[ 64%] Built target opencv_imgproc
[ 64%] Processing OpenCL kernels (features2d)
[ 64%] Building CXX object modules/imgcodecs/CMakeFiles/opencv_imgcodecs.dir/src/utils.cpp.o
[ 64%] Building CXX object modules/imgcodecs/CMakeFiles/opencv_imgcodecs.dir/src/loadsave.cpp.o
[ 64%] Building CXX object modules/imgcodecs/CMakeFiles/opencv_imgcodecs.dir/src/grfmt_avif.cpp.o
[ 64%] Building CXX object modules/features2d/CMakeFiles/opencv_features2d.dir/src/agast.cpp.o
[ 64%] Building CXX object modules/imgcodecs/CMakeFiles/opencv_imgcodecs.dir/src/grfmt_base.cpp.o
[ 65%] Building CXX object modules/features2d/CMakeFiles/opencv_features2d.dir/src/affine_feature.cpp.o
[ 65%] Building CXX object modules/features2d/CMakeFiles/opencv_features2d.dir/src/akaze.cpp.o
[ 65%] Building CXX object modules/features2d/CMakeFiles/opencv_features2d.dir/src/agast_score.cpp.o
[ 65%] Building CXX object modules/features2d/CMakeFiles/opencv_features2d.dir/src/bagofwords.cpp.o
[ 66%] Building CXX object modules/imgcodecs/CMakeFiles/opencv_imgcodecs.dir/src/grfmt_bmp.cpp.o
[ 66%] Building CXX object modules/imgcodecs/CMakeFiles/opencv_imgcodecs.dir/src/grfmt_exr.cpp.o
[ 66%] Building CXX object modules/imgcodecs/CMakeFiles/opencv_imgcodecs.dir/src/grfmt_gdal.cpp.o
[ 66%] Building CXX object modules/features2d/CMakeFiles/opencv_features2d.dir/src/blobdetector.cpp.o
[ 66%] Building CXX object modules/features2d/CMakeFiles/opencv_features2d.dir/src/brisk.cpp.o
[ 66%] Building CXX object modules/imgcodecs/CMakeFiles/opencv_imgcodecs.dir/src/grfmt_gdcm.cpp.o
[ 66%] Building CXX object modules/imgcodecs/CMakeFiles/opencv_imgcodecs.dir/src/grfmt_hdr.cpp.o
[ 66%] Building CXX object modules/features2d/CMakeFiles/opencv_features2d.dir/src/draw.cpp.o
[ 66%] Building CXX object modules/imgcodecs/CMakeFiles/opencv_imgcodecs.dir/src/grfmt_jpeg.cpp.o
[ 66%] Building CXX object modules/imgcodecs/CMakeFiles/opencv_imgcodecs.dir/src/grfmt_jpeg2000.cpp.o
[ 66%] Building CXX object modules/imgcodecs/CMakeFiles/opencv_imgcodecs.dir/src/grfmt_jpeg2000_openjpeg.cpp.o
[ 67%] Building CXX object modules/features2d/CMakeFiles/opencv_features2d.dir/src/dynamic.cpp.o
[ 67%] Building CXX object modules/imgcodecs/CMakeFiles/opencv_imgcodecs.dir/src/grfmt_pam.cpp.o
[ 67%] Building CXX object modules/features2d/CMakeFiles/opencv_features2d.dir/src/evaluation.cpp.o
[ 67%] Building CXX object modules/features2d/CMakeFiles/opencv_features2d.dir/src/fast.cpp.o
[ 68%] Building CXX object modules/imgcodecs/CMakeFiles/opencv_imgcodecs.dir/src/grfmt_pfm.cpp.o
[ 68%] Building CXX object modules/imgcodecs/CMakeFiles/opencv_imgcodecs.dir/src/grfmt_png.cpp.o
[ 68%] Building CXX object modules/imgcodecs/CMakeFiles/opencv_imgcodecs.dir/src/grfmt_pxm.cpp.o
[ 68%] Building CXX object modules/imgcodecs/CMakeFiles/opencv_imgcodecs.dir/src/grfmt_spng.cpp.o
[ 68%] Building CXX object modules/features2d/CMakeFiles/opencv_features2d.dir/src/fast_score.cpp.o
[ 68%] Building CXX object modules/features2d/CMakeFiles/opencv_features2d.dir/src/feature2d.cpp.o
[ 68%] Building CXX object modules/imgcodecs/CMakeFiles/opencv_imgcodecs.dir/src/grfmt_sunras.cpp.o
[ 68%] Building CXX object modules/imgcodecs/CMakeFiles/opencv_imgcodecs.dir/src/grfmt_tiff.cpp.o
[ 68%] Building CXX object modules/imgcodecs/CMakeFiles/opencv_imgcodecs.dir/src/grfmt_webp.cpp.o
[ 68%] Building CXX object modules/imgcodecs/CMakeFiles/opencv_imgcodecs.dir/src/bitstrm.cpp.o
[ 69%] Building CXX object modules/imgcodecs/CMakeFiles/opencv_imgcodecs.dir/src/rgbe.cpp.o
[ 69%] Building CXX object modules/features2d/CMakeFiles/opencv_features2d.dir/src/gftt.cpp.o
[ 69%] Building CXX object modules/features2d/CMakeFiles/opencv_features2d.dir/src/kaze.cpp.o
[ 69%] Building CXX object modules/features2d/CMakeFiles/opencv_features2d.dir/src/kaze/AKAZEFeatures.cpp.o
[ 69%] Building CXX object modules/imgcodecs/CMakeFiles/opencv_imgcodecs.dir/src/exif.cpp.o
[ 70%] Building CXX object modules/features2d/CMakeFiles/opencv_features2d.dir/src/kaze/KAZEFeatures.cpp.o
[ 70%] Building CXX object modules/features2d/CMakeFiles/opencv_features2d.dir/src/kaze/fed.cpp.o
[ 70%] Building CXX object modules/features2d/CMakeFiles/opencv_features2d.dir/src/kaze/nldiffusion_functions.cpp.o
[ 70%] Building CXX object modules/features2d/CMakeFiles/opencv_features2d.dir/src/keypoint.cpp.o
[ 70%] Building CXX object modules/features2d/CMakeFiles/opencv_features2d.dir/src/main.cpp.o
[ 70%] Building CXX object modules/features2d/CMakeFiles/opencv_features2d.dir/src/matchers.cpp.o
[ 70%] Building CXX object modules/features2d/CMakeFiles/opencv_features2d.dir/src/mser.cpp.o
[ 70%] Building CXX object modules/features2d/CMakeFiles/opencv_features2d.dir/src/orb.cpp.o
[ 72%] Building CXX object modules/features2d/CMakeFiles/opencv_features2d.dir/src/sift.dispatch.cpp.o
[ 72%] Building CXX object modules/features2d/CMakeFiles/opencv_features2d.dir/opencl_kernels_features2d.cpp.o
[ 72%] Building CXX object modules/features2d/CMakeFiles/opencv_features2d.dir/sift.sse4_1.cpp.o
[ 72%] Building CXX object modules/features2d/CMakeFiles/opencv_features2d.dir/src/fast.avx2.cpp.o
[ 72%] Building CXX object modules/features2d/CMakeFiles/opencv_features2d.dir/sift.avx2.cpp.o
[ 72%] Building CXX object modules/features2d/CMakeFiles/opencv_features2d.dir/sift.avx512_skx.cpp.o
[ 72%] Linking CXX shared library ../../lib/libopencv_imgcodecs.so
[ 72%] Built target opencv_imgcodecs
[ 72%] Building CXX object modules/videoio/CMakeFiles/opencv_videoio.dir/src/videoio_registry.cpp.o
[ 72%] Building CXX object modules/videoio/CMakeFiles/opencv_videoio.dir/src/cap.cpp.o
[ 73%] Building CXX object modules/videoio/CMakeFiles/opencv_videoio.dir/src/videoio_c.cpp.o
[ 73%] Building CXX object modules/videoio/CMakeFiles/opencv_videoio.dir/src/cap_images.cpp.o
[ 73%] Building CXX object modules/videoio/CMakeFiles/opencv_videoio.dir/src/cap_mjpeg_encoder.cpp.o
[ 73%] Building CXX object modules/videoio/CMakeFiles/opencv_videoio.dir/src/cap_mjpeg_decoder.cpp.o
[ 73%] Building CXX object modules/videoio/CMakeFiles/opencv_videoio.dir/src/backend_plugin.cpp.o
[ 73%] Building CXX object modules/videoio/CMakeFiles/opencv_videoio.dir/src/backend_static.cpp.o
[ 73%] Building CXX object modules/videoio/CMakeFiles/opencv_videoio.dir/src/container_avi.cpp.o
[ 74%] Building CXX object modules/videoio/CMakeFiles/opencv_videoio.dir/src/cap_gstreamer.cpp.o
[ 74%] Building CXX object modules/videoio/CMakeFiles/opencv_videoio.dir/src/cap_v4l.cpp.o
[ 74%] Building CXX object modules/videoio/CMakeFiles/opencv_videoio.dir/src/cap_ffmpeg.cpp.o
[ 74%] Linking CXX shared library ../../lib/libopencv_features2d.so
[ 74%] Building CXX object modules/videoio/CMakeFiles/opencv_videoio.dir/src/cap_obsensor_capture.cpp.o
[ 74%] Built target opencv_features2d
[ 74%] Building CXX object modules/videoio/CMakeFiles/opencv_videoio.dir/src/cap_obsensor/obsensor_uvc_stream_channel.cpp.o
[ 74%] Building CXX object modules/videoio/CMakeFiles/opencv_videoio.dir/src/cap_obsensor/obsensor_stream_channel_v4l2.cpp.o
[ 74%] Linking CXX shared library ../../lib/libopencv_videoio.so
[ 74%] Built target opencv_videoio
[ 74%] Building CXX object modules/highgui/CMakeFiles/opencv_highgui.dir/src/backend.cpp.o
[ 74%] Building CXX object modules/highgui/CMakeFiles/opencv_highgui.dir/src/roiSelector.cpp.o
[ 75%] Building CXX object modules/highgui/CMakeFiles/opencv_highgui.dir/src/window.cpp.o
[ 75%] Building CXX object modules/highgui/CMakeFiles/opencv_highgui.dir/src/window_gtk.cpp.o
[ 75%] Linking CXX shared library ../../lib/libopencv_highgui.so
[ 75%] Built target opencv_highgui
[ 75%] Building CXX object modules/ts/CMakeFiles/opencv_ts.dir/src/cuda_perf.cpp.o
[ 76%] Building CXX object apps/annotation/CMakeFiles/opencv_annotation.dir/opencv_annotation.cpp.o
[ 76%] Building CXX object apps/visualisation/CMakeFiles/opencv_visualisation.dir/opencv_visualisation.cpp.o
[ 76%] Building CXX object modules/ts/CMakeFiles/opencv_ts.dir/src/cuda_test.cpp.o
[ 76%] Building CXX object modules/ts/CMakeFiles/opencv_ts.dir/src/ocl_perf.cpp.o
[ 76%] Building CXX object modules/ts/CMakeFiles/opencv_ts.dir/src/ocl_test.cpp.o
[ 76%] Building CXX object modules/ts/CMakeFiles/opencv_ts.dir/src/ts.cpp.o
[ 76%] Building CXX object modules/ts/CMakeFiles/opencv_ts.dir/src/ts_arrtest.cpp.o
[ 77%] Building CXX object modules/ts/CMakeFiles/opencv_ts.dir/src/ts_func.cpp.o
[ 77%] Building CXX object modules/ts/CMakeFiles/opencv_ts.dir/src/ts_gtest.cpp.o
[ 77%] Linking CXX executable ../../bin/opencv_annotation
[ 77%] Built target opencv_annotation
[ 77%] Building CXX object modules/ts/CMakeFiles/opencv_ts.dir/src/ts_perf.cpp.o
[ 78%] Linking CXX executable ../../bin/opencv_visualisation
[ 78%] Building CXX object modules/ts/CMakeFiles/opencv_ts.dir/src/ts_tags.cpp.o
[ 78%] Built target opencv_visualisation
[ 78%] Linking CXX static library ../../lib/libopencv_ts.a
[ 78%] Built target opencv_ts
[ 79%] Building CXX object modules/imgproc/CMakeFiles/opencv_test_imgproc.dir/test/ocl/test_accumulate.cpp.o
[ 79%] Building CXX object modules/imgproc/CMakeFiles/opencv_test_imgproc.dir/test/ocl/test_blend.cpp.o
[ 79%] Building CXX object modules/core/CMakeFiles/opencv_test_core.dir/test/ocl/test_arithm.cpp.o
[ 79%] Building CXX object modules/imgcodecs/CMakeFiles/opencv_test_imgcodecs.dir/test/test_avif.cpp.o
[ 79%] Building CXX object modules/imgproc/CMakeFiles/opencv_test_imgproc.dir/test/ocl/test_boxfilter.cpp.o
[ 79%] Building CXX object modules/core/CMakeFiles/opencv_test_core.dir/test/ocl/test_channels.cpp.o
[ 79%] Building CXX object modules/imgcodecs/CMakeFiles/opencv_test_imgcodecs.dir/test/test_common.cpp.o
[ 79%] Building CXX object modules/videoio/CMakeFiles/opencv_test_videoio.dir/test/test_audio.cpp.o
[ 79%] Building CXX object modules/features2d/CMakeFiles/opencv_test_features2d.dir/test/ocl/test_brute_force_matcher.cpp.o
[ 79%] Building CXX object modules/highgui/CMakeFiles/opencv_test_highgui.dir/test/test_gui.cpp.o
[ 80%] Building CXX object modules/imgcodecs/CMakeFiles/opencv_test_imgcodecs.dir/test/test_grfmt.cpp.o
[ 80%] Building CXX object modules/core/CMakeFiles/opencv_test_core.dir/test/ocl/test_dft.cpp.o
[ 80%] Building CXX object modules/features2d/CMakeFiles/opencv_test_features2d.dir/test/ocl/test_feature2d.cpp.o
[ 80%] Building CXX object modules/highgui/CMakeFiles/opencv_test_highgui.dir/test/test_main.cpp.o
[ 80%] Building CXX object modules/videoio/CMakeFiles/opencv_test_videoio.dir/test/test_camera.cpp.o
[ 80%] Building CXX object modules/core/CMakeFiles/opencv_test_core.dir/test/ocl/test_gemm.cpp.o
[ 80%] Building CXX object modules/core/CMakeFiles/opencv_test_core.dir/test/ocl/test_image2d.cpp.o
[ 80%] Building CXX object modules/imgproc/CMakeFiles/opencv_test_imgproc.dir/test/ocl/test_canny.cpp.o
[ 80%] Building CXX object modules/core/CMakeFiles/opencv_test_core.dir/test/ocl/test_matrix_expr.cpp.o
[ 80%] Building CXX object modules/features2d/CMakeFiles/opencv_test_features2d.dir/test/test_affine_feature.cpp.o
[ 80%] Linking CXX executable ../../bin/opencv_test_highgui
[ 80%] Building CXX object modules/videoio/CMakeFiles/opencv_test_videoio.dir/test/test_container_avi.cpp.o
[ 80%] Built target opencv_test_highgui
[ 80%] Building CXX object modules/videoio/CMakeFiles/opencv_test_videoio.dir/test/test_dynamic.cpp.o
[ 81%] Building CXX object modules/core/CMakeFiles/opencv_test_core.dir/test/ocl/test_matrix_operation.cpp.o
[ 81%] Building CXX object modules/core/CMakeFiles/opencv_test_core.dir/test/ocl/test_opencl.cpp.o
[ 81%] Building CXX object modules/videoio/CMakeFiles/opencv_test_videoio.dir/test/test_ffmpeg.cpp.o
[ 81%] Building CXX object modules/imgproc/CMakeFiles/opencv_test_imgproc.dir/test/ocl/test_color.cpp.o
[ 82%] Building CXX object modules/features2d/CMakeFiles/opencv_test_features2d.dir/test/test_agast.cpp.o
[ 82%] Building CXX object modules/imgproc/CMakeFiles/opencv_test_imgproc.dir/test/ocl/test_filter2d.cpp.o
[ 82%] Building CXX object modules/features2d/CMakeFiles/opencv_test_features2d.dir/test/test_akaze.cpp.o
[ 83%] Building CXX object modules/videoio/CMakeFiles/opencv_test_videoio.dir/test/test_gstreamer.cpp.o
[ 83%] Building CXX object modules/videoio/CMakeFiles/opencv_test_videoio.dir/test/test_images.cpp.o
[ 83%] Building CXX object modules/core/CMakeFiles/opencv_test_core.dir/test/test_arithm.cpp.o
[ 83%] Building CXX object modules/imgcodecs/CMakeFiles/opencv_test_imgcodecs.dir/test/test_jpeg.cpp.o
[ 83%] Building CXX object modules/imgcodecs/CMakeFiles/opencv_test_imgcodecs.dir/test/test_main.cpp.o
[ 83%] Building CXX object modules/features2d/CMakeFiles/opencv_test_features2d.dir/test/test_blobdetector.cpp.o
[ 83%] Building CXX object modules/imgproc/CMakeFiles/opencv_test_imgproc.dir/test/ocl/test_filters.cpp.o
[ 83%] Building CXX object modules/features2d/CMakeFiles/opencv_test_features2d.dir/test/test_brisk.cpp.o
[ 83%] Building CXX object modules/imgcodecs/CMakeFiles/opencv_test_imgcodecs.dir/test/test_png.cpp.o
[ 83%] Building CXX object modules/features2d/CMakeFiles/opencv_test_features2d.dir/test/test_descriptors_invariance.cpp.o
[ 83%] Building CXX object modules/features2d/CMakeFiles/opencv_test_features2d.dir/test/test_descriptors_regression.cpp.o
[ 83%] Building CXX object modules/features2d/CMakeFiles/opencv_test_features2d.dir/test/test_detectors_invariance.cpp.o
[ 83%] Building CXX object modules/imgproc/CMakeFiles/opencv_test_imgproc.dir/test/ocl/test_gftt.cpp.o
[ 83%] Building CXX object modules/imgcodecs/CMakeFiles/opencv_test_imgcodecs.dir/test/test_read_write.cpp.o
[ 83%] Building CXX object modules/imgcodecs/CMakeFiles/opencv_test_imgcodecs.dir/test/test_tiff.cpp.o
[ 83%] Building CXX object modules/core/CMakeFiles/opencv_test_core.dir/test/test_async.cpp.o
[ 83%] Building CXX object modules/videoio/CMakeFiles/opencv_test_videoio.dir/test/test_main.cpp.o
[ 83%] Building CXX object modules/imgproc/CMakeFiles/opencv_test_imgproc.dir/test/ocl/test_histogram.cpp.o
[ 84%] Building CXX object modules/imgproc/CMakeFiles/opencv_test_imgproc.dir/test/ocl/test_houghlines.cpp.o
[ 84%] Building CXX object modules/imgproc/CMakeFiles/opencv_test_imgproc.dir/test/ocl/test_imgproc.cpp.o
[ 84%] Building CXX object modules/core/CMakeFiles/opencv_test_core.dir/test/test_concatenation.cpp.o
[ 84%] Building CXX object modules/features2d/CMakeFiles/opencv_test_features2d.dir/test/test_detectors_regression.cpp.o
[ 84%] Building CXX object modules/core/CMakeFiles/opencv_test_core.dir/test/test_conjugate_gradient.cpp.o
[ 86%] Building CXX object modules/features2d/CMakeFiles/opencv_test_features2d.dir/test/test_drawing.cpp.o
[ 86%] Building CXX object modules/core/CMakeFiles/opencv_test_core.dir/test/test_countnonzero.cpp.o
[ 86%] Building CXX object modules/imgproc/CMakeFiles/opencv_test_imgproc.dir/test/ocl/test_match_template.cpp.o
[ 86%] Building CXX object modules/imgproc/CMakeFiles/opencv_test_imgproc.dir/test/ocl/test_medianfilter.cpp.o
[ 86%] Building CXX object modules/features2d/CMakeFiles/opencv_test_features2d.dir/test/test_fast.cpp.o
[ 86%] Building CXX object modules/features2d/CMakeFiles/opencv_test_features2d.dir/test/test_keypoints.cpp.o
[ 86%] Building CXX object modules/core/CMakeFiles/opencv_test_core.dir/test/test_cuda.cpp.o
[ 87%] Building CXX object modules/core/CMakeFiles/opencv_test_core.dir/test/test_downhill_simplex.cpp.o
[ 87%] Building CXX object modules/features2d/CMakeFiles/opencv_test_features2d.dir/test/test_main.cpp.o
[ 87%] Building CXX object modules/features2d/CMakeFiles/opencv_test_features2d.dir/test/test_matchers_algorithmic.cpp.o
[ 87%] Building CXX object modules/features2d/CMakeFiles/opencv_test_features2d.dir/test/test_mser.cpp.o
[ 87%] Building CXX object modules/imgproc/CMakeFiles/opencv_test_imgproc.dir/test/ocl/test_pyramids.cpp.o
[ 87%] Building CXX object modules/features2d/CMakeFiles/opencv_test_features2d.dir/test/test_nearestneighbors.cpp.o
[ 87%] Building CXX object modules/imgproc/CMakeFiles/opencv_test_imgproc.dir/test/ocl/test_sepfilter2d.cpp.o
[ 87%] Building CXX object modules/videoio/CMakeFiles/opencv_test_videoio.dir/test/test_mfx.cpp.o
[ 87%] Building CXX object modules/imgproc/CMakeFiles/opencv_test_imgproc.dir/test/ocl/test_warp.cpp.o
[ 87%] Building CXX object modules/imgproc/CMakeFiles/opencv_test_imgproc.dir/test/test_approxpoly.cpp.o
[ 87%] Building CXX object modules/imgcodecs/CMakeFiles/opencv_test_imgcodecs.dir/test/test_webp.cpp.o
[ 87%] Building CXX object modules/features2d/CMakeFiles/opencv_test_features2d.dir/test/test_orb.cpp.o
[ 88%] Building CXX object modules/features2d/CMakeFiles/opencv_test_features2d.dir/test/test_sift.cpp.o
[ 89%] Building CXX object modules/imgproc/CMakeFiles/opencv_test_imgproc.dir/test/test_bilateral_filter.cpp.o
[ 89%] Building CXX object modules/imgproc/CMakeFiles/opencv_test_imgproc.dir/test/test_boundingrect.cpp.o
[ 89%] Building CXX object modules/imgproc/CMakeFiles/opencv_test_imgproc.dir/test/test_canny.cpp.o
[ 89%] Building CXX object modules/features2d/CMakeFiles/opencv_test_features2d.dir/test/test_utils.cpp.o
[ 89%] Building CXX object modules/videoio/CMakeFiles/opencv_test_videoio.dir/test/test_microphone.cpp.o
[ 89%] Building CXX object modules/videoio/CMakeFiles/opencv_test_videoio.dir/test/test_orientation.cpp.o
[ 89%] Building CXX object modules/imgproc/CMakeFiles/opencv_test_imgproc.dir/test/test_color.cpp.o
[ 89%] Building CXX object modules/videoio/CMakeFiles/opencv_test_videoio.dir/test/test_plugins.cpp.o
[ 89%] Linking CXX executable ../../bin/opencv_test_imgcodecs
[ 89%] Linking CXX executable ../../bin/opencv_test_features2d
[ 89%] Built target opencv_test_imgcodecs
[ 89%] Building CXX object modules/videoio/CMakeFiles/opencv_test_videoio.dir/test/test_v4l2.cpp.o
[ 89%] Built target opencv_test_features2d
[ 90%] Building CXX object modules/videoio/CMakeFiles/opencv_test_videoio.dir/test/test_video_io.cpp.o
[ 90%] Building CXX object modules/imgproc/CMakeFiles/opencv_test_imgproc.dir/test/test_connectedcomponents.cpp.o
[ 90%] Building CXX object modules/imgproc/CMakeFiles/opencv_test_imgproc.dir/test/test_contours.cpp.o
[ 90%] Building CXX object modules/core/CMakeFiles/opencv_test_core.dir/test/test_ds.cpp.o
[ 90%] Building CXX object modules/core/CMakeFiles/opencv_test_core.dir/test/test_dxt.cpp.o
[ 90%] Building CXX object modules/imgproc/CMakeFiles/opencv_test_imgproc.dir/test/test_contours_new.cpp.o
[ 90%] Building CXX object modules/imgproc/CMakeFiles/opencv_test_imgproc.dir/test/test_convhull.cpp.o
[ 91%] Building CXX object modules/imgproc/CMakeFiles/opencv_test_imgproc.dir/test/test_cornersubpix.cpp.o
[ 91%] Building CXX object modules/imgproc/CMakeFiles/opencv_test_imgproc.dir/test/test_cvtyuv.cpp.o
[ 91%] Building CXX object modules/core/CMakeFiles/opencv_test_core.dir/test/test_eigen.cpp.o
[ 91%] Building CXX object modules/core/CMakeFiles/opencv_test_core.dir/test/test_hal_core.cpp.o
[ 91%] Building CXX object modules/imgproc/CMakeFiles/opencv_test_imgproc.dir/test/test_distancetransform.cpp.o
[ 91%] Building CXX object modules/imgproc/CMakeFiles/opencv_test_imgproc.dir/test/test_drawing.cpp.o
[ 91%] Building CXX object modules/imgproc/CMakeFiles/opencv_test_imgproc.dir/test/test_emd.cpp.o
[ 91%] Building CXX object modules/core/CMakeFiles/opencv_test_core.dir/test/test_hasnonzero.cpp.o
[ 91%] Building CXX object modules/core/CMakeFiles/opencv_test_core.dir/test/test_intrin.cpp.o
[ 91%] Building CXX object modules/imgproc/CMakeFiles/opencv_test_imgproc.dir/test/test_filter.cpp.o
[ 91%] Building CXX object modules/core/CMakeFiles/opencv_test_core.dir/test/test_intrin_emulator.cpp.o
[ 91%] Building CXX object modules/imgproc/CMakeFiles/opencv_test_imgproc.dir/test/test_fitellipse.cpp.o
[ 91%] Building CXX object modules/imgproc/CMakeFiles/opencv_test_imgproc.dir/test/test_fitellipse_ams.cpp.o
[ 91%] Linking CXX executable ../../bin/opencv_test_videoio
[ 91%] Built target opencv_test_videoio
[ 92%] Building CXX object modules/core/CMakeFiles/opencv_test_core.dir/test/test_io.cpp.o
[ 93%] Building CXX object modules/imgproc/CMakeFiles/opencv_test_imgproc.dir/test/test_fitellipse_direct.cpp.o
[ 93%] Building CXX object modules/imgproc/CMakeFiles/opencv_test_imgproc.dir/test/test_floodfill.cpp.o
[ 93%] Building CXX object modules/core/CMakeFiles/opencv_test_core.dir/test/test_logtagconfigparser.cpp.o
[ 93%] Building CXX object modules/imgproc/CMakeFiles/opencv_test_imgproc.dir/test/test_goodfeaturetotrack.cpp.o
[ 93%] Building CXX object modules/core/CMakeFiles/opencv_test_core.dir/test/test_logtagmanager.cpp.o
[ 93%] Building CXX object modules/imgproc/CMakeFiles/opencv_test_imgproc.dir/test/test_grabcut.cpp.o
[ 93%] Building CXX object modules/imgproc/CMakeFiles/opencv_test_imgproc.dir/test/test_histograms.cpp.o
[ 93%] Building CXX object modules/imgproc/CMakeFiles/opencv_test_imgproc.dir/test/test_houghcircles.cpp.o
[ 93%] Building CXX object modules/imgproc/CMakeFiles/opencv_test_imgproc.dir/test/test_houghlines.cpp.o
[ 93%] Building CXX object modules/imgproc/CMakeFiles/opencv_test_imgproc.dir/test/test_imgproc_umat.cpp.o
[ 94%] Building CXX object modules/imgproc/CMakeFiles/opencv_test_imgproc.dir/test/test_imgwarp.cpp.o
[ 94%] Building CXX object modules/imgproc/CMakeFiles/opencv_test_imgproc.dir/test/test_imgwarp_strict.cpp.o
[ 94%] Building CXX object modules/core/CMakeFiles/opencv_test_core.dir/test/test_lpsolver.cpp.o
[ 94%] Building CXX object modules/core/CMakeFiles/opencv_test_core.dir/test/test_main.cpp.o
[ 94%] Building CXX object modules/imgproc/CMakeFiles/opencv_test_imgproc.dir/test/test_intelligent_scissors.cpp.o
[ 94%] Building CXX object modules/core/CMakeFiles/opencv_test_core.dir/test/test_mat.cpp.o
[ 94%] Building CXX object modules/core/CMakeFiles/opencv_test_core.dir/test/test_math.cpp.o
[ 94%] Building CXX object modules/imgproc/CMakeFiles/opencv_test_imgproc.dir/test/test_intersectconvexconvex.cpp.o
[ 94%] Building CXX object modules/imgproc/CMakeFiles/opencv_test_imgproc.dir/test/test_intersection.cpp.o
[ 94%] Building CXX object modules/core/CMakeFiles/opencv_test_core.dir/test/test_misc.cpp.o
[ 94%] Building CXX object modules/imgproc/CMakeFiles/opencv_test_imgproc.dir/test/test_lsd.cpp.o
[ 95%] Building CXX object modules/core/CMakeFiles/opencv_test_core.dir/test/test_opencl.cpp.o
[ 95%] Building CXX object modules/imgproc/CMakeFiles/opencv_test_imgproc.dir/test/test_main.cpp.o
[ 95%] Building CXX object modules/imgproc/CMakeFiles/opencv_test_imgproc.dir/test/test_moments.cpp.o
[ 96%] Building CXX object modules/imgproc/CMakeFiles/opencv_test_imgproc.dir/test/test_pc.cpp.o
[ 96%] Building CXX object modules/imgproc/CMakeFiles/opencv_test_imgproc.dir/test/test_pyramid.cpp.o
[ 96%] Building CXX object modules/imgproc/CMakeFiles/opencv_test_imgproc.dir/test/test_resize_bitexact.cpp.o
[ 96%] Building CXX object modules/imgproc/CMakeFiles/opencv_test_imgproc.dir/test/test_smooth_bitexact.cpp.o
[ 96%] Building CXX object modules/core/CMakeFiles/opencv_test_core.dir/test/test_operations.cpp.o
[ 96%] Building CXX object modules/core/CMakeFiles/opencv_test_core.dir/test/test_ptr.cpp.o
[ 96%] Building CXX object modules/imgproc/CMakeFiles/opencv_test_imgproc.dir/test/test_stackblur.cpp.o
[ 96%] Building CXX object modules/imgproc/CMakeFiles/opencv_test_imgproc.dir/test/test_subdivision2d.cpp.o
[ 96%] Building CXX object modules/imgproc/CMakeFiles/opencv_test_imgproc.dir/test/test_templmatch.cpp.o
[ 96%] Building CXX object modules/imgproc/CMakeFiles/opencv_test_imgproc.dir/test/test_templmatchmask.cpp.o
[ 97%] Building CXX object modules/imgproc/CMakeFiles/opencv_test_imgproc.dir/test/test_thresh.cpp.o
[ 97%] Building CXX object modules/core/CMakeFiles/opencv_test_core.dir/test/test_quaternion.cpp.o
[ 97%] Building CXX object modules/imgproc/CMakeFiles/opencv_test_imgproc.dir/test/test_watershed.cpp.o
[ 97%] Building CXX object modules/core/CMakeFiles/opencv_test_core.dir/test/test_rand.cpp.o
[ 97%] Building CXX object modules/core/CMakeFiles/opencv_test_core.dir/test/test_rotatedrect.cpp.o
[ 97%] Building CXX object modules/core/CMakeFiles/opencv_test_core.dir/test/test_umat.cpp.o
[ 97%] Linking CXX executable ../../bin/opencv_test_imgproc
[ 97%] Building CXX object modules/core/CMakeFiles/opencv_test_core.dir/test/test_utils.cpp.o
[ 97%] Built target opencv_test_imgproc
[ 98%] Building CXX object modules/core/CMakeFiles/opencv_test_core.dir/test/test_intrin128.sse2.cpp.o
[ 98%] Building CXX object modules/core/CMakeFiles/opencv_test_core.dir/test/test_intrin128.sse3.cpp.o
[ 98%] Building CXX object modules/core/CMakeFiles/opencv_test_core.dir/test/test_intrin128.ssse3.cpp.o
[ 98%] Building CXX object modules/core/CMakeFiles/opencv_test_core.dir/test/test_intrin128.sse4_1.cpp.o
[ 98%] Building CXX object modules/core/CMakeFiles/opencv_test_core.dir/test/test_intrin128.sse4_2.cpp.o
[ 98%] Building CXX object modules/core/CMakeFiles/opencv_test_core.dir/test/test_intrin128.fp16.cpp.o
[ 98%] Building CXX object modules/core/CMakeFiles/opencv_test_core.dir/test/test_intrin128.avx.cpp.o
[ 98%] Building CXX object modules/core/CMakeFiles/opencv_test_core.dir/test/test_intrin128.avx2.cpp.o
[100%] Building CXX object modules/core/CMakeFiles/opencv_test_core.dir/test/test_intrin256.avx2.cpp.o
[100%] Building CXX object modules/core/CMakeFiles/opencv_test_core.dir/test/test_intrin128.avx512_skx.cpp.o
[100%] Building CXX object modules/core/CMakeFiles/opencv_test_core.dir/test/test_intrin256.avx512_skx.cpp.o
[100%] Building CXX object modules/core/CMakeFiles/opencv_test_core.dir/test/test_intrin512.avx512_skx.cpp.o
[100%] Linking CXX executable ../../bin/opencv_test_core
[100%] Built target opencv_test_core
Consolidate compiler generated dependencies of target ittnotify
Consolidate compiler generated dependencies of target ippiw
Consolidate compiler generated dependencies of target libopenjp2
[  0%] Built target opencv_dnn_plugins
[  0%] Built target opencv_highgui_plugins
[  0%] Built target ittnotify
[  0%] Built target opencv_videoio_plugins
[  3%] Built target libopenjp2
[  7%] Built target ippiw
Consolidate compiler generated dependencies of target libwebp
[ 23%] Built target libwebp
Consolidate compiler generated dependencies of target IlmImf
[ 37%] Built target IlmImf
Consolidate compiler generated dependencies of target opencv_core
[ 51%] Built target opencv_core
Consolidate compiler generated dependencies of target opencv_version
[ 51%] Built target opencv_version
Consolidate compiler generated dependencies of target opencv_imgproc
[ 64%] Built target opencv_imgproc
Consolidate compiler generated dependencies of target opencv_imgcodecs
Consolidate compiler generated dependencies of target opencv_features2d
[ 67%] Built target opencv_imgcodecs
[ 67%] Building CXX object modules/features2d/CMakeFiles/opencv_features2d.dir/src/fast_score.cpp.o
Consolidate compiler generated dependencies of target opencv_videoio
[ 69%] Built target opencv_videoio
Consolidate compiler generated dependencies of target opencv_highgui
[ 70%] Built target opencv_highgui
Consolidate compiler generated dependencies of target opencv_annotation
Consolidate compiler generated dependencies of target opencv_visualisation
[ 72%] Built target opencv_annotation
Consolidate compiler generated dependencies of target opencv_ts
[ 73%] Built target opencv_visualisation
[ 74%] Built target opencv_ts
Consolidate compiler generated dependencies of target opencv_test_highgui
Consolidate compiler generated dependencies of target opencv_test_imgcodecs
[ 74%] Built target opencv_test_highgui
[ 75%] Built target opencv_test_imgcodecs
Consolidate compiler generated dependencies of target opencv_test_videoio
[ 77%] Built target opencv_test_videoio
Consolidate compiler generated dependencies of target opencv_test_core
Consolidate compiler generated dependencies of target opencv_test_imgproc
[ 83%] Built target opencv_test_core
[ 92%] Built target opencv_test_imgproc
[ 92%] Linking CXX shared library ../../lib/libopencv_features2d.so
[ 96%] Built target opencv_features2d
Consolidate compiler generated dependencies of target opencv_test_features2d
[ 96%] Linking CXX executable ../../bin/opencv_test_features2d
[100%] Built target opencv_test_features2d
Testing mutant fast_score.MUT222.cpp on faster26.swtv::core0
>> Configuring opencv_features2d_TF_top30 without coverage
>> Building opencv_features2d_TF_top30
>> Applied patch to fast_score.cpp with fast_score.MUT222.cpp
>> Building opencv_features2d_TF_top30
Mutant fast_score.MUT222.cpp is not killed (all tcs pass)
>> Reverted fast_score.cpp to original from fast_score.MUT222.cpp

+++++ STDERR +++++

+++++ results for fast_score.MUT504.cpp +++++
+++++ STDOUT +++++
[  0%] Built target opencv_dnn_plugins
[  0%] Built target opencv_highgui_plugins
[  3%] Built target libopenjp2
[  3%] Built target ittnotify
[  3%] Built target opencv_videoio_plugins
[  7%] Built target ippiw
[ 23%] Built target libwebp
[ 37%] Built target IlmImf
[ 51%] Built target opencv_core
[ 51%] Built target opencv_version
[ 64%] Built target opencv_imgproc
[ 67%] Built target opencv_imgcodecs
Consolidate compiler generated dependencies of target opencv_features2d
[ 69%] Built target opencv_videoio
[ 69%] Building CXX object modules/features2d/CMakeFiles/opencv_features2d.dir/src/fast_score.cpp.o
[ 70%] Built target opencv_highgui
[ 72%] Built target opencv_ts
[ 73%] Built target opencv_annotation
[ 74%] Built target opencv_visualisation
[ 75%] Built target opencv_test_imgcodecs
[ 77%] Built target opencv_test_videoio
[ 77%] Built target opencv_test_highgui
[ 83%] Built target opencv_test_core
[ 92%] Built target opencv_test_imgproc
[ 92%] Linking CXX shared library ../../lib/libopencv_features2d.so
[ 96%] Built target opencv_features2d
[ 96%] Linking CXX executable ../../bin/opencv_test_features2d
[100%] Built target opencv_test_features2d
[  0%] Built target opencv_dnn_plugins
[  0%] Built target opencv_highgui_plugins
[  0%] Built target ittnotify
[  0%] Built target opencv_videoio_plugins
[  3%] Built target libopenjp2
[  7%] Built target ippiw
[ 23%] Built target libwebp
[ 37%] Built target IlmImf
[ 51%] Built target opencv_core
[ 51%] Built target opencv_version
[ 64%] Built target opencv_imgproc
[ 67%] Built target opencv_imgcodecs
Consolidate compiler generated dependencies of target opencv_features2d
[ 67%] Building CXX object modules/features2d/CMakeFiles/opencv_features2d.dir/src/fast_score.cpp.o
[ 69%] Built target opencv_videoio
[ 70%] Built target opencv_highgui
[ 72%] Built target opencv_annotation
[ 73%] Built target opencv_ts
[ 74%] Built target opencv_visualisation
[ 75%] Built target opencv_test_imgcodecs
[ 83%] Built target opencv_test_imgproc
[ 84%] Built target opencv_test_highgui
[ 90%] Built target opencv_test_core
[ 92%] Built target opencv_test_videoio
[ 92%] Linking CXX shared library ../../lib/libopencv_features2d.so
[ 96%] Built target opencv_features2d
[ 96%] Linking CXX executable ../../bin/opencv_test_features2d
[100%] Built target opencv_test_features2d
Testing mutant fast_score.MUT504.cpp on faster26.swtv::core0
>> Building opencv_features2d_TF_top30
>> Applied patch to fast_score.cpp with fast_score.MUT504.cpp
>> Building opencv_features2d_TF_top30
Mutant fast_score.MUT504.cpp is not killed (all tcs pass)
>> Reverted fast_score.cpp to original from fast_score.MUT504.cpp

+++++ STDERR +++++

+++++ results for fast_score.MUT424.cpp +++++
+++++ STDOUT +++++
[  0%] Built target opencv_dnn_plugins
[  0%] Built target opencv_videoio_plugins
[  0%] Built target opencv_highgui_plugins
[  1%] Built target ittnotify
[  4%] Built target ippiw
[  7%] Built target libopenjp2
[ 23%] Built target libwebp
[ 37%] Built target IlmImf
[ 51%] Built target opencv_core
[ 51%] Built target opencv_version
[ 64%] Built target opencv_imgproc
[ 67%] Built target opencv_imgcodecs
[ 69%] Built target opencv_videoio
Consolidate compiler generated dependencies of target opencv_features2d
[ 70%] Built target opencv_highgui
[ 70%] Building CXX object modules/features2d/CMakeFiles/opencv_features2d.dir/src/fast_score.cpp.o
[ 73%] Built target opencv_visualisation
[ 73%] Built target opencv_annotation
[ 74%] Built target opencv_ts
[ 74%] Built target opencv_test_highgui
[ 75%] Built target opencv_test_imgcodecs
[ 77%] Built target opencv_test_videoio
[ 83%] Built target opencv_test_core
[ 92%] Built target opencv_test_imgproc
[ 92%] Linking CXX shared library ../../lib/libopencv_features2d.so
[ 96%] Built target opencv_features2d
[ 96%] Linking CXX executable ../../bin/opencv_test_features2d
[100%] Built target opencv_test_features2d
[  0%] Built target opencv_dnn_plugins
[  0%] Built target opencv_highgui_plugins
[  1%] Built target ittnotify
[  2%] Built target opencv_videoio_plugins
[  7%] Built target ippiw
[  7%] Built target libopenjp2
[ 23%] Built target libwebp
[ 37%] Built target IlmImf
[ 51%] Built target opencv_core
[ 51%] Built target opencv_version
[ 64%] Built target opencv_imgproc
[ 67%] Built target opencv_imgcodecs
[ 69%] Built target opencv_videoio
[ 70%] Built target opencv_highgui
Consolidate compiler generated dependencies of target opencv_features2d
[ 72%] Built target opencv_annotation
[ 73%] Built target opencv_visualisation
[ 73%] Building CXX object modules/features2d/CMakeFiles/opencv_features2d.dir/src/fast_score.cpp.o
[ 74%] Built target opencv_ts
[ 74%] Built target opencv_test_highgui
[ 76%] Built target opencv_test_videoio
[ 77%] Built target opencv_test_imgcodecs
[ 83%] Built target opencv_test_core
[ 92%] Built target opencv_test_imgproc
[ 92%] Linking CXX shared library ../../lib/libopencv_features2d.so
[ 96%] Built target opencv_features2d
[ 96%] Linking CXX executable ../../bin/opencv_test_features2d
[100%] Built target opencv_test_features2d
Testing mutant fast_score.MUT424.cpp on faster26.swtv::core0
>> Building opencv_features2d_TF_top30
>> Applied patch to fast_score.cpp with fast_score.MUT424.cpp
>> Building opencv_features2d_TF_top30
SELECT bug_idx FROM bug_info WHERE subject = %s AND experiment_name = %s AND version = %s ['opencv_features2d_TF_top30', 'TF_top30', 'fast_score.MUT424.cpp']
>> Saved buggy mutant fast_score.MUT424.cpp
	 - Failing test cases: 1
	 - Passing test cases: 61
	 - Crashing test cases: 0
>> Reverted fast_score.cpp to original from fast_score.MUT424.cpp

+++++ STDERR +++++

+++++ results for fast_score.MUT39.cpp +++++
+++++ STDOUT +++++
[  0%] Built target opencv_highgui_plugins
[  0%] Built target opencv_videoio_plugins
[  0%] Built target opencv_dnn_plugins
[  0%] Built target ittnotify
[  4%] Built target ippiw
[  7%] Built target libopenjp2
[ 23%] Built target libwebp
[ 37%] Built target IlmImf
[ 51%] Built target opencv_core
[ 51%] Built target opencv_version
[ 64%] Built target opencv_imgproc
[ 67%] Built target opencv_imgcodecs
[ 69%] Built target opencv_videoio
Consolidate compiler generated dependencies of target opencv_features2d
[ 70%] Built target opencv_highgui
[ 70%] Building CXX object modules/features2d/CMakeFiles/opencv_features2d.dir/src/fast_score.cpp.o
[ 72%] Built target opencv_visualisation
[ 73%] Built target opencv_annotation
[ 74%] Built target opencv_ts
[ 74%] Built target opencv_test_highgui
[ 75%] Built target opencv_test_imgcodecs
[ 77%] Built target opencv_test_videoio
[ 83%] Built target opencv_test_core
[ 92%] Built target opencv_test_imgproc
[ 92%] Linking CXX shared library ../../lib/libopencv_features2d.so
[ 96%] Built target opencv_features2d
[ 96%] Linking CXX executable ../../bin/opencv_test_features2d
[100%] Built target opencv_test_features2d
[  0%] Built target opencv_highgui_plugins
[  0%] Built target opencv_videoio_plugins
[  0%] Built target opencv_dnn_plugins
[  0%] Built target ittnotify
[  3%] Built target libopenjp2
[  7%] Built target ippiw
[ 23%] Built target libwebp
[ 37%] Built target IlmImf
[ 51%] Built target opencv_core
[ 51%] Built target opencv_version
[ 64%] Built target opencv_imgproc
[ 67%] Built target opencv_imgcodecs
Consolidate compiler generated dependencies of target opencv_features2d
[ 69%] Built target opencv_videoio
[ 69%] Building CXX object modules/features2d/CMakeFiles/opencv_features2d.dir/src/fast_score.cpp.o
[ 70%] Built target opencv_highgui
[ 73%] Built target opencv_visualisation
[ 73%] Built target opencv_annotation
[ 74%] Built target opencv_ts
[ 74%] Built target opencv_test_highgui
[ 75%] Built target opencv_test_imgcodecs
[ 77%] Built target opencv_test_videoio
[ 83%] Built target opencv_test_core
[ 92%] Built target opencv_test_imgproc
[ 92%] Linking CXX shared library ../../lib/libopencv_features2d.so
[ 96%] Built target opencv_features2d
[ 96%] Linking CXX executable ../../bin/opencv_test_features2d
[100%] Built target opencv_test_features2d
Testing mutant fast_score.MUT39.cpp on faster26.swtv::core0
>> Building opencv_features2d_TF_top30
>> Applied patch to fast_score.cpp with fast_score.MUT39.cpp
>> Building opencv_features2d_TF_top30
Mutant fast_score.MUT39.cpp is not killed (all tcs pass)
>> Reverted fast_score.cpp to original from fast_score.MUT39.cpp

+++++ STDERR +++++
/home/yangheechan/FL-dataset-generation-opencv_features2d_TF_top30/work/opencv_features2d_TF_top30/working_env/faster26.swtv/core0/opencv_features2d_TF_top30/modules/features2d/src/fast_score.cpp: In function int cv::cornerScore(const uchar*, const int*, int) [with int patternSize = 16]:
/home/yangheechan/FL-dataset-generation-opencv_features2d_TF_top30/work/opencv_features2d_TF_top30/working_env/faster26.swtv/core0/opencv_features2d_TF_top30/modules/features2d/src/fast_score.cpp:125:27: warning: k is used uninitialized [-Wuninitialized]
  125 |     for( threshold = 0; k < N; k++ )
      |                         ~~^~~

+++++ results for fast.MUT191.cpp +++++
+++++ STDOUT +++++
[  0%] Built target opencv_dnn_plugins
[  0%] Built target opencv_highgui_plugins
[  0%] Built target opencv_videoio_plugins
[  0%] Built target ittnotify
[  3%] Built target libopenjp2
[  7%] Built target ippiw
[ 23%] Built target libwebp
[ 37%] Built target IlmImf
[ 51%] Built target opencv_core
[ 51%] Built target opencv_version
[ 64%] Built target opencv_imgproc
[ 67%] Built target opencv_imgcodecs
[ 69%] Built target opencv_videoio
Consolidate compiler generated dependencies of target opencv_features2d
[ 70%] Built target opencv_highgui
[ 70%] Building CXX object modules/features2d/CMakeFiles/opencv_features2d.dir/src/fast_score.cpp.o
[ 73%] Built target opencv_visualisation
[ 73%] Built target opencv_annotation
[ 74%] Built target opencv_ts
[ 74%] Built target opencv_test_highgui
[ 75%] Built target opencv_test_imgcodecs
[ 77%] Built target opencv_test_videoio
[ 83%] Built target opencv_test_core
[ 92%] Built target opencv_test_imgproc
[ 92%] Linking CXX shared library ../../lib/libopencv_features2d.so
[ 96%] Built target opencv_features2d
[ 96%] Linking CXX executable ../../bin/opencv_test_features2d
[100%] Built target opencv_test_features2d
[  0%] Built target opencv_highgui_plugins
[  0%] Built target opencv_dnn_plugins
[  0%] Built target ittnotify
[  4%] Built target ippiw
[  4%] Built target opencv_videoio_plugins
[  7%] Built target libopenjp2
[ 23%] Built target libwebp
[ 37%] Built target IlmImf
[ 51%] Built target opencv_core
[ 51%] Built target opencv_version
[ 64%] Built target opencv_imgproc
[ 67%] Built target opencv_imgcodecs
[ 69%] Built target opencv_videoio
Consolidate compiler generated dependencies of target opencv_features2d
[ 69%] Building CXX object modules/features2d/CMakeFiles/opencv_features2d.dir/src/fast.cpp.o
[ 70%] Built target opencv_highgui
[ 73%] Built target opencv_annotation
[ 73%] Built target opencv_visualisation
[ 74%] Built target opencv_ts
[ 74%] Built target opencv_test_highgui
[ 75%] Built target opencv_test_imgcodecs
[ 77%] Built target opencv_test_videoio
[ 84%] Built target opencv_test_core
[ 92%] Built target opencv_test_imgproc
[ 92%] Linking CXX shared library ../../lib/libopencv_features2d.so
[ 96%] Built target opencv_features2d
[ 96%] Linking CXX executable ../../bin/opencv_test_features2d
[100%] Built target opencv_test_features2d
Testing mutant fast.MUT191.cpp on faster26.swtv::core0
>> Building opencv_features2d_TF_top30
>> Applied patch to fast.cpp with fast.MUT191.cpp
>> Building opencv_features2d_TF_top30
SELECT bug_idx FROM bug_info WHERE subject = %s AND experiment_name = %s AND version = %s ['opencv_features2d_TF_top30', 'TF_top30', 'fast.MUT191.cpp']
>> Saved buggy mutant fast.MUT191.cpp
	 - Failing test cases: 1
	 - Passing test cases: 61
	 - Crashing test cases: 0
>> Reverted fast.cpp to original from fast.MUT191.cpp

+++++ STDERR +++++
/home/yangheechan/FL-dataset-generation-opencv_features2d_TF_top30/work/opencv_features2d_TF_top30/working_env/faster26.swtv/core0/opencv_features2d_TF_top30/modules/features2d/src/fast.cpp: In instantiation of void cv::FAST_t(cv::InputArray, std::vector<cv::KeyPoint>&, int, bool) [with int patternSize = 8; cv::InputArray = const cv::_InputArray&]:
/home/yangheechan/FL-dataset-generation-opencv_features2d_TF_top30/work/opencv_features2d_TF_top30/working_env/faster26.swtv/core0/opencv_features2d_TF_top30/modules/features2d/src/fast.cpp:515:18:   required from here
/home/yangheechan/FL-dataset-generation-opencv_features2d_TF_top30/work/opencv_features2d_TF_top30/working_env/faster26.swtv/core0/opencv_features2d_TF_top30/modules/features2d/src/fast.cpp:183:41: warning: operation on * & b1 may be undefined [-Wsequence-point]
  183 |                                         b1 = b0 = a1 = b1 = v_load(d + 8);
      |                                         ^~
/home/yangheechan/FL-dataset-generation-opencv_features2d_TF_top30/work/opencv_features2d_TF_top30/working_env/faster26.swtv/core0/opencv_features2d_TF_top30/modules/features2d/src/fast.cpp: In instantiation of void cv::FAST_t(cv::InputArray, std::vector<cv::KeyPoint>&, int, bool) [with int patternSize = 12; cv::InputArray = const cv::_InputArray&]:
/home/yangheechan/FL-dataset-generation-opencv_features2d_TF_top30/work/opencv_features2d_TF_top30/working_env/faster26.swtv/core0/opencv_features2d_TF_top30/modules/features2d/src/fast.cpp:518:19:   required from here
/home/yangheechan/FL-dataset-generation-opencv_features2d_TF_top30/work/opencv_features2d_TF_top30/working_env/faster26.swtv/core0/opencv_features2d_TF_top30/modules/features2d/src/fast.cpp:183:41: warning: operation on * & b1 may be undefined [-Wsequence-point]
/home/yangheechan/FL-dataset-generation-opencv_features2d_TF_top30/work/opencv_features2d_TF_top30/working_env/faster26.swtv/core0/opencv_features2d_TF_top30/modules/features2d/src/fast.cpp: In instantiation of void cv::FAST_t(cv::InputArray, std::vector<cv::KeyPoint>&, int, bool) [with int patternSize = 16; cv::InputArray = const cv::_InputArray&]:
/home/yangheechan/FL-dataset-generation-opencv_features2d_TF_top30/work/opencv_features2d_TF_top30/working_env/faster26.swtv/core0/opencv_features2d_TF_top30/modules/features2d/src/fast.cpp:521:19:   required from here
/home/yangheechan/FL-dataset-generation-opencv_features2d_TF_top30/work/opencv_features2d_TF_top30/working_env/faster26.swtv/core0/opencv_features2d_TF_top30/modules/features2d/src/fast.cpp:183:41: warning: operation on * & b1 may be undefined [-Wsequence-point]

+++++ results for fast.MUT475.cpp +++++
+++++ STDOUT +++++
[  0%] Built target opencv_videoio_plugins
[  0%] Built target opencv_dnn_plugins
[  0%] Built target ittnotify
[  0%] Built target opencv_highgui_plugins
[ 10%] Built target libopenjp2
[ 13%] Built target ippiw
[ 23%] Built target libwebp
[ 37%] Built target IlmImf
[ 51%] Built target opencv_core
[ 51%] Built target opencv_version
[ 64%] Built target opencv_imgproc
[ 67%] Built target opencv_imgcodecs
[ 69%] Built target opencv_videoio
Consolidate compiler generated dependencies of target opencv_features2d
[ 70%] Built target opencv_highgui
[ 70%] Building CXX object modules/features2d/CMakeFiles/opencv_features2d.dir/src/fast.cpp.o
[ 72%] Built target opencv_visualisation
[ 73%] Built target opencv_annotation
[ 74%] Built target opencv_ts
[ 76%] Built target opencv_test_videoio
[ 76%] Built target opencv_test_highgui
[ 77%] Built target opencv_test_imgcodecs
[ 83%] Built target opencv_test_core
[ 92%] Built target opencv_test_imgproc
[ 92%] Linking CXX shared library ../../lib/libopencv_features2d.so
[ 96%] Built target opencv_features2d
[ 96%] Linking CXX executable ../../bin/opencv_test_features2d
[100%] Built target opencv_test_features2d
[  0%] Built target opencv_videoio_plugins
[  0%] Built target opencv_highgui_plugins
[  0%] Built target opencv_dnn_plugins
[  0%] Built target ittnotify
[  3%] Built target libopenjp2
[  7%] Built target ippiw
[ 23%] Built target libwebp
[ 37%] Built target IlmImf
[ 51%] Built target opencv_core
[ 51%] Built target opencv_version
[ 64%] Built target opencv_imgproc
[ 67%] Built target opencv_imgcodecs
[ 69%] Built target opencv_videoio
Consolidate compiler generated dependencies of target opencv_features2d
[ 69%] Building CXX object modules/features2d/CMakeFiles/opencv_features2d.dir/src/fast.cpp.o
[ 70%] Built target opencv_highgui
[ 73%] Built target opencv_visualisation
[ 73%] Built target opencv_annotation
[ 74%] Built target opencv_ts
[ 74%] Built target opencv_test_highgui
[ 75%] Built target opencv_test_imgcodecs
[ 77%] Built target opencv_test_videoio
[ 83%] Built target opencv_test_core
[ 92%] Built target opencv_test_imgproc
[ 92%] Linking CXX shared library ../../lib/libopencv_features2d.so
[ 96%] Built target opencv_features2d
[ 96%] Linking CXX executable ../../bin/opencv_test_features2d
[100%] Built target opencv_test_features2d
Testing mutant fast.MUT475.cpp on faster26.swtv::core0
>> Building opencv_features2d_TF_top30
>> Applied patch to fast.cpp with fast.MUT475.cpp
>> Building opencv_features2d_TF_top30
Mutant fast.MUT475.cpp is not killed (all tcs pass)
>> Reverted fast.cpp to original from fast.MUT475.cpp

+++++ STDERR +++++

+++++ results for fast.MUT134.cpp +++++
+++++ STDOUT +++++
[  0%] Built target opencv_dnn_plugins
[  0%] Built target opencv_highgui_plugins
[  0%] Built target opencv_videoio_plugins
[  4%] Built target ippiw
[  7%] Built target libopenjp2
[  7%] Built target ittnotify
[ 23%] Built target libwebp
[ 37%] Built target IlmImf
[ 51%] Built target opencv_core
[ 51%] Built target opencv_version
[ 64%] Built target opencv_imgproc
[ 67%] Built target opencv_imgcodecs
[ 69%] Built target opencv_videoio
Consolidate compiler generated dependencies of target opencv_features2d
[ 70%] Built target opencv_highgui
[ 70%] Building CXX object modules/features2d/CMakeFiles/opencv_features2d.dir/src/fast.cpp.o
[ 72%] Built target opencv_visualisation
[ 73%] Built target opencv_annotation
[ 74%] Built target opencv_ts
[ 74%] Built target opencv_test_highgui
[ 76%] Built target opencv_test_videoio
[ 77%] Built target opencv_test_imgcodecs
[ 83%] Built target opencv_test_core
[ 92%] Built target opencv_test_imgproc
[ 92%] Linking CXX shared library ../../lib/libopencv_features2d.so
[ 96%] Built target opencv_features2d
[ 96%] Linking CXX executable ../../bin/opencv_test_features2d
[100%] Built target opencv_test_features2d
[  0%] Built target opencv_highgui_plugins
[  0%] Built target ittnotify
[  0%] Built target opencv_videoio_plugins
[  3%] Built target libopenjp2
[  3%] Built target opencv_dnn_plugins
[  7%] Built target ippiw
[ 23%] Built target libwebp
[ 37%] Built target IlmImf
[ 51%] Built target opencv_core
[ 51%] Built target opencv_version
[ 64%] Built target opencv_imgproc
[ 67%] Built target opencv_imgcodecs
[ 69%] Built target opencv_videoio
Consolidate compiler generated dependencies of target opencv_features2d
[ 70%] Built target opencv_highgui
[ 70%] Building CXX object modules/features2d/CMakeFiles/opencv_features2d.dir/src/fast.cpp.o
[ 72%] Built target opencv_annotation
[ 73%] Built target opencv_visualisation
[ 74%] Built target opencv_ts
[ 75%] Built target opencv_test_highgui
[ 75%] Built target opencv_test_imgcodecs
[ 77%] Built target opencv_test_videoio
[ 83%] Built target opencv_test_core
[ 92%] Built target opencv_test_imgproc
[ 92%] Linking CXX shared library ../../lib/libopencv_features2d.so
[ 96%] Built target opencv_features2d
[ 96%] Linking CXX executable ../../bin/opencv_test_features2d
[100%] Built target opencv_test_features2d
Testing mutant fast.MUT134.cpp on faster26.swtv::core0
>> Building opencv_features2d_TF_top30
>> Applied patch to fast.cpp with fast.MUT134.cpp
>> Building opencv_features2d_TF_top30
SELECT bug_idx FROM bug_info WHERE subject = %s AND experiment_name = %s AND version = %s ['opencv_features2d_TF_top30', 'TF_top30', 'fast.MUT134.cpp']
>> Saved buggy mutant fast.MUT134.cpp
	 - Failing test cases: 2
	 - Passing test cases: 55
	 - Crashing test cases: 5
>> Reverted fast.cpp to original from fast.MUT134.cpp

+++++ STDERR +++++

+++++ results for fast.MUT427.cpp +++++
+++++ STDOUT +++++
[  0%] Built target opencv_highgui_plugins
[  0%] Built target opencv_dnn_plugins
[  0%] Built target opencv_videoio_plugins
[  0%] Built target ittnotify
[  4%] Built target ippiw
[  7%] Built target libopenjp2
[ 23%] Built target libwebp
[ 37%] Built target IlmImf
[ 51%] Built target opencv_core
[ 51%] Built target opencv_version
[ 64%] Built target opencv_imgproc
[ 67%] Built target opencv_imgcodecs
[ 69%] Built target opencv_videoio
[ 70%] Built target opencv_highgui
Consolidate compiler generated dependencies of target opencv_features2d
[ 72%] Built target opencv_visualisation
[ 73%] Built target opencv_annotation
[ 73%] Building CXX object modules/features2d/CMakeFiles/opencv_features2d.dir/src/fast.cpp.o
[ 74%] Built target opencv_ts
[ 74%] Built target opencv_test_highgui
[ 75%] Built target opencv_test_imgcodecs
[ 77%] Built target opencv_test_videoio
[ 83%] Built target opencv_test_core
[ 92%] Built target opencv_test_imgproc
[ 92%] Linking CXX shared library ../../lib/libopencv_features2d.so
[ 96%] Built target opencv_features2d
[ 96%] Linking CXX executable ../../bin/opencv_test_features2d
[100%] Built target opencv_test_features2d
[  0%] Built target opencv_highgui_plugins
[  0%] Built target ittnotify
[  0%] Built target opencv_videoio_plugins
[  0%] Built target opencv_dnn_plugins
[  4%] Built target ippiw
[  7%] Built target libopenjp2
[ 23%] Built target libwebp
[ 37%] Built target IlmImf
[ 51%] Built target opencv_core
[ 51%] Built target opencv_version
[ 64%] Built target opencv_imgproc
[ 67%] Built target opencv_imgcodecs
[ 69%] Built target opencv_videoio
Consolidate compiler generated dependencies of target opencv_features2d
[ 70%] Built target opencv_highgui
[ 70%] Building CXX object modules/features2d/CMakeFiles/opencv_features2d.dir/src/fast.cpp.o
[ 73%] Built target opencv_visualisation
[ 73%] Built target opencv_annotation
[ 74%] Built target opencv_ts
[ 74%] Built target opencv_test_highgui
[ 75%] Built target opencv_test_imgcodecs
[ 77%] Built target opencv_test_videoio
[ 83%] Built target opencv_test_core
[ 92%] Built target opencv_test_imgproc
[ 92%] Linking CXX shared library ../../lib/libopencv_features2d.so
[ 96%] Built target opencv_features2d
[ 96%] Linking CXX executable ../../bin/opencv_test_features2d
[100%] Built target opencv_test_features2d
Testing mutant fast.MUT427.cpp on faster26.swtv::core0
>> Building opencv_features2d_TF_top30
>> Applied patch to fast.cpp with fast.MUT427.cpp
>> Building opencv_features2d_TF_top30
Mutant fast.MUT427.cpp is not killed (all tcs pass)
>> Reverted fast.cpp to original from fast.MUT427.cpp

+++++ STDERR +++++
/home/yangheechan/FL-dataset-generation-opencv_features2d_TF_top30/work/opencv_features2d_TF_top30/working_env/faster26.swtv/core0/opencv_features2d_TF_top30/modules/features2d/src/fast.cpp: In function int cv::hal_FAST(cv::Mat&, std::vector<cv::KeyPoint>&, int, bool, cv::FastFeatureDetector::DetectorType):
/home/yangheechan/FL-dataset-generation-opencv_features2d_TF_top30/work/opencv_features2d_TF_top30/working_env/faster26.swtv/core0/opencv_features2d_TF_top30/modules/features2d/src/fast.cpp:473:9: warning: unused variable stride [-Wunused-variable]
  473 |     int stride = (int)suppressedScores.step;
      |         ^~~~~~

+++++ results for fast.avx2.MUT126.cpp +++++
+++++ STDOUT +++++
[  0%] Built target opencv_highgui_plugins
[  0%] Built target opencv_videoio_plugins
[  0%] Built target ittnotify
[  0%] Built target opencv_dnn_plugins
[  3%] Built target libopenjp2
[  7%] Built target ippiw
[ 23%] Built target libwebp
[ 37%] Built target IlmImf
[ 51%] Built target opencv_core
[ 51%] Built target opencv_version
[ 64%] Built target opencv_imgproc
[ 67%] Built target opencv_imgcodecs
[ 69%] Built target opencv_videoio
Consolidate compiler generated dependencies of target opencv_features2d
[ 70%] Built target opencv_highgui
[ 70%] Building CXX object modules/features2d/CMakeFiles/opencv_features2d.dir/src/fast.cpp.o
[ 73%] Built target opencv_annotation
[ 73%] Built target opencv_visualisation
[ 74%] Built target opencv_ts
[ 74%] Built target opencv_test_highgui
[ 75%] Built target opencv_test_imgcodecs
[ 77%] Built target opencv_test_videoio
[ 84%] Built target opencv_test_core
[ 92%] Built target opencv_test_imgproc
[ 92%] Linking CXX shared library ../../lib/libopencv_features2d.so
[ 96%] Built target opencv_features2d
[ 96%] Linking CXX executable ../../bin/opencv_test_features2d
[100%] Built target opencv_test_features2d
[  0%] Built target opencv_videoio_plugins
[  0%] Built target opencv_dnn_plugins
[  0%] Built target ittnotify
[  0%] Built target opencv_highgui_plugins
[  7%] Built target libopenjp2
[  7%] Built target ippiw
[ 23%] Built target libwebp
[ 37%] Built target IlmImf
[ 51%] Built target opencv_core
[ 51%] Built target opencv_version
[ 64%] Built target opencv_imgproc
[ 67%] Built target opencv_imgcodecs
[ 69%] Built target opencv_videoio
Consolidate compiler generated dependencies of target opencv_features2d
[ 69%] Building CXX object modules/features2d/CMakeFiles/opencv_features2d.dir/src/fast.avx2.cpp.o
[ 70%] Built target opencv_highgui
[ 73%] Built target opencv_annotation
[ 73%] Built target opencv_visualisation
[ 74%] Built target opencv_ts
[ 75%] Built target opencv_test_imgcodecs
[ 75%] Built target opencv_test_highgui
[ 77%] Built target opencv_test_videoio
[ 83%] Built target opencv_test_core
[ 92%] Built target opencv_test_imgproc
[ 92%] Linking CXX shared library ../../lib/libopencv_features2d.so
[ 96%] Built target opencv_features2d
[ 96%] Linking CXX executable ../../bin/opencv_test_features2d
[100%] Built target opencv_test_features2d
Testing mutant fast.avx2.MUT126.cpp on faster26.swtv::core0
>> Building opencv_features2d_TF_top30
>> Applied patch to fast.avx2.cpp with fast.avx2.MUT126.cpp
>> Building opencv_features2d_TF_top30
Mutant fast.avx2.MUT126.cpp is not killed (all tcs pass)
>> Reverted fast.avx2.cpp to original from fast.avx2.MUT126.cpp

+++++ STDERR +++++

+++++ results for fast.avx2.MUT45.cpp +++++
+++++ STDOUT +++++
[  0%] Built target opencv_videoio_plugins
[  0%] Built target ittnotify
[  0%] Built target opencv_highgui_plugins
[  0%] Built target opencv_dnn_plugins
[  4%] Built target libopenjp2
[  7%] Built target ippiw
[ 23%] Built target libwebp
[ 37%] Built target IlmImf
[ 51%] Built target opencv_core
[ 51%] Built target opencv_version
[ 64%] Built target opencv_imgproc
[ 67%] Built target opencv_imgcodecs
[ 69%] Built target opencv_videoio
Consolidate compiler generated dependencies of target opencv_features2d
[ 70%] Built target opencv_highgui
[ 70%] Building CXX object modules/features2d/CMakeFiles/opencv_features2d.dir/src/fast.avx2.cpp.o
[ 72%] Built target opencv_ts
[ 73%] Built target opencv_annotation
[ 74%] Built target opencv_visualisation
[ 74%] Built target opencv_test_highgui
[ 75%] Built target opencv_test_imgcodecs
[ 77%] Built target opencv_test_videoio
[ 83%] Built target opencv_test_core
[ 92%] Built target opencv_test_imgproc
[ 92%] Linking CXX shared library ../../lib/libopencv_features2d.so
[ 96%] Built target opencv_features2d
[ 96%] Linking CXX executable ../../bin/opencv_test_features2d
[100%] Built target opencv_test_features2d
[  0%] Built target opencv_videoio_plugins
[  0%] Built target opencv_highgui_plugins
[  0%] Built target opencv_dnn_plugins
[  4%] Built target ippiw
[  4%] Built target ittnotify
[  7%] Built target libopenjp2
[ 23%] Built target libwebp
[ 37%] Built target IlmImf
[ 51%] Built target opencv_core
[ 51%] Built target opencv_version
[ 64%] Built target opencv_imgproc
[ 67%] Built target opencv_imgcodecs
[ 69%] Built target opencv_videoio
Consolidate compiler generated dependencies of target opencv_features2d
[ 70%] Built target opencv_highgui
[ 70%] Building CXX object modules/features2d/CMakeFiles/opencv_features2d.dir/src/fast.avx2.cpp.o
[ 72%] Built target opencv_visualisation
[ 73%] Built target opencv_annotation
[ 74%] Built target opencv_ts
[ 75%] Built target opencv_test_imgcodecs
[ 75%] Built target opencv_test_highgui
[ 77%] Built target opencv_test_videoio
[ 90%] Built target opencv_test_core
[ 92%] Built target opencv_test_imgproc
Testing mutant fast.avx2.MUT45.cpp on faster26.swtv::core0
>> Building opencv_features2d_TF_top30
>> Applied patch to fast.avx2.cpp with fast.avx2.MUT45.cpp
>> Building opencv_features2d_TF_top30
Failed to build on fast.avx2.MUT45.cpp
>> Reverted fast.avx2.cpp to original from fast.avx2.MUT45.cpp

+++++ STDERR +++++
/home/yangheechan/FL-dataset-generation-opencv_features2d_TF_top30/work/opencv_features2d_TF_top30/working_env/faster26.swtv/core0/opencv_features2d_TF_top30/modules/features2d/src/fast.avx2.cpp: In member function virtual void cv::opt_AVX2::FAST_t_patternSize16_AVX2_Impl::process(int&, const uchar*&, uchar*, int*, int&):
/home/yangheechan/FL-dataset-generation-opencv_features2d_TF_top30/work/opencv_features2d_TF_top30/working_env/faster26.swtv/core0/opencv_features2d_TF_top30/modules/features2d/src/fast.avx2.cpp:82:58: error: cannot convert long int to __m256i
   82 |             m1 = _mm256_and_si256(_mm256_cmpgt_epi8(v1, (4294967295)), _mm256_cmpgt_epi8(v1, x1));
      |                                                         ~^~~~~~~~~~~
      |                                                          |
      |                                                          long int
In file included from /usr/lib/gcc/x86_64-linux-gnu/11/include/immintrin.h:47,
                 from /home/yangheechan/FL-dataset-generation-opencv_features2d_TF_top30/work/opencv_features2d_TF_top30/working_env/faster26.swtv/core0/opencv_features2d_TF_top30/modules/core/include/opencv2/core/cv_cpu_dispatch.h:71,
                 from /home/yangheechan/FL-dataset-generation-opencv_features2d_TF_top30/work/opencv_features2d_TF_top30/working_env/faster26.swtv/core0/opencv_features2d_TF_top30/modules/core/include/opencv2/core/cvdef.h:369,
                 from /home/yangheechan/FL-dataset-generation-opencv_features2d_TF_top30/work/opencv_features2d_TF_top30/working_env/faster26.swtv/core0/opencv_features2d_TF_top30/modules/core/include/opencv2/core.hpp:52,
                 from /home/yangheechan/FL-dataset-generation-opencv_features2d_TF_top30/work/opencv_features2d_TF_top30/working_env/faster26.swtv/core0/opencv_features2d_TF_top30/modules/features2d/include/opencv2/features2d.hpp:47,
                 from /home/yangheechan/FL-dataset-generation-opencv_features2d_TF_top30/work/opencv_features2d_TF_top30/working_env/faster26.swtv/core0/opencv_features2d_TF_top30/modules/features2d/src/precomp.hpp:46,
                 from /home/yangheechan/FL-dataset-generation-opencv_features2d_TF_top30/work/opencv_features2d_TF_top30/working_env/faster26.swtv/core0/opencv_features2d_TF_top30/modules/features2d/src/fast.avx2.cpp:44:
/usr/lib/gcc/x86_64-linux-gnu/11/include/avx2intrin.h:259:41: note:   initializing argument 2 of __m256i _mm256_cmpgt_epi8(__m256i, __m256i)
  259 | _mm256_cmpgt_epi8 (__m256i __A, __m256i __B)
      |                                 ~~~~~~~~^~~
make[2]: *** [modules/features2d/CMakeFiles/opencv_features2d.dir/build.make:462: modules/features2d/CMakeFiles/opencv_features2d.dir/src/fast.avx2.cpp.o] Error 1
make[1]: *** [CMakeFiles/Makefile2:1473: modules/features2d/CMakeFiles/opencv_features2d.dir/all] Error 2
make: *** [Makefile:166: all] Error 2

+++++ results for mser.MUT628.cpp +++++
+++++ STDOUT +++++
[  0%] Built target opencv_dnn_plugins
[  0%] Built target opencv_highgui_plugins
[  0%] Built target opencv_videoio_plugins
[  0%] Built target ittnotify
[  4%] Built target ippiw
[  7%] Built target libopenjp2
[ 23%] Built target libwebp
[ 37%] Built target IlmImf
[ 51%] Built target opencv_core
[ 51%] Built target opencv_version
[ 64%] Built target opencv_imgproc
[ 67%] Built target opencv_imgcodecs
[ 69%] Built target opencv_videoio
Consolidate compiler generated dependencies of target opencv_features2d
[ 70%] Built target opencv_highgui
[ 70%] Building CXX object modules/features2d/CMakeFiles/opencv_features2d.dir/src/fast.avx2.cpp.o
[ 72%] Built target opencv_annotation
[ 73%] Built target opencv_visualisation
[ 74%] Built target opencv_ts
[ 75%] Built target opencv_test_imgcodecs
[ 75%] Built target opencv_test_highgui
[ 77%] Built target opencv_test_videoio
[ 83%] Built target opencv_test_core
[ 92%] Built target opencv_test_imgproc
[ 92%] Linking CXX shared library ../../lib/libopencv_features2d.so
[ 96%] Built target opencv_features2d
[ 96%] Linking CXX executable ../../bin/opencv_test_features2d
[100%] Built target opencv_test_features2d
[  0%] Built target opencv_highgui_plugins
[  0%] Built target opencv_dnn_plugins
[  0%] Built target opencv_videoio_plugins
[  0%] Built target ittnotify
[  4%] Built target libopenjp2
[  7%] Built target ippiw
[ 23%] Built target libwebp
[ 37%] Built target IlmImf
[ 51%] Built target opencv_core
[ 51%] Built target opencv_version
[ 64%] Built target opencv_imgproc
[ 67%] Built target opencv_imgcodecs
[ 69%] Built target opencv_videoio
Consolidate compiler generated dependencies of target opencv_features2d
[ 70%] Built target opencv_highgui
[ 70%] Building CXX object modules/features2d/CMakeFiles/opencv_features2d.dir/src/mser.cpp.o
[ 72%] Built target opencv_visualisation
[ 73%] Built target opencv_annotation
[ 74%] Built target opencv_ts
[ 74%] Built target opencv_test_highgui
[ 75%] Built target opencv_test_imgcodecs
[ 77%] Built target opencv_test_videoio
[ 83%] Built target opencv_test_core
[ 92%] Built target opencv_test_imgproc
[ 92%] Linking CXX shared library ../../lib/libopencv_features2d.so
[ 96%] Built target opencv_features2d
[ 96%] Linking CXX executable ../../bin/opencv_test_features2d
[100%] Built target opencv_test_features2d
Testing mutant mser.MUT628.cpp on faster26.swtv::core0
>> Building opencv_features2d_TF_top30
>> Applied patch to mser.cpp with mser.MUT628.cpp
>> Building opencv_features2d_TF_top30
Mutant mser.MUT628.cpp is not killed (all tcs pass)
>> Reverted mser.cpp to original from mser.MUT628.cpp

+++++ STDERR +++++

+++++ results for mser.MUT24.cpp +++++
+++++ STDOUT +++++
[  0%] Built target opencv_highgui_plugins
[  0%] Built target opencv_dnn_plugins
[  1%] Built target ittnotify
[  3%] Built target libopenjp2
[  7%] Built target ippiw
[  7%] Built target opencv_videoio_plugins
[ 23%] Built target libwebp
[ 37%] Built target IlmImf
[ 51%] Built target opencv_core
[ 51%] Built target opencv_version
[ 64%] Built target opencv_imgproc
[ 67%] Built target opencv_imgcodecs
Consolidate compiler generated dependencies of target opencv_features2d
[ 69%] Built target opencv_videoio
[ 70%] Built target opencv_highgui
[ 70%] Building CXX object modules/features2d/CMakeFiles/opencv_features2d.dir/src/mser.cpp.o
[ 73%] Built target opencv_annotation
[ 73%] Built target opencv_visualisation
[ 74%] Built target opencv_ts
[ 74%] Built target opencv_test_highgui
[ 77%] Built target opencv_test_videoio
[ 77%] Built target opencv_test_imgcodecs
[ 83%] Built target opencv_test_core
[ 92%] Built target opencv_test_imgproc
[ 92%] Linking CXX shared library ../../lib/libopencv_features2d.so
[ 96%] Built target opencv_features2d
[ 96%] Linking CXX executable ../../bin/opencv_test_features2d
[100%] Built target opencv_test_features2d
[  0%] Built target opencv_highgui_plugins
[  0%] Built target ittnotify
[  0%] Built target opencv_dnn_plugins
[  4%] Built target ippiw
[  7%] Built target libopenjp2
[  7%] Built target opencv_videoio_plugins
[ 23%] Built target libwebp
[ 37%] Built target IlmImf
[ 51%] Built target opencv_core
[ 51%] Built target opencv_version
[ 64%] Built target opencv_imgproc
[ 67%] Built target opencv_imgcodecs
[ 69%] Built target opencv_videoio
Consolidate compiler generated dependencies of target opencv_features2d
[ 70%] Built target opencv_highgui
[ 70%] Building CXX object modules/features2d/CMakeFiles/opencv_features2d.dir/src/mser.cpp.o
[ 72%] Built target opencv_annotation
[ 73%] Built target opencv_visualisation
[ 74%] Built target opencv_ts
[ 74%] Built target opencv_test_highgui
[ 75%] Built target opencv_test_imgcodecs
[ 77%] Built target opencv_test_videoio
[ 92%] Built target opencv_test_core
[ 92%] Built target opencv_test_imgproc
[ 92%] Linking CXX shared library ../../lib/libopencv_features2d.so
[ 96%] Built target opencv_features2d
[ 96%] Linking CXX executable ../../bin/opencv_test_features2d
[100%] Built target opencv_test_features2d
Testing mutant mser.MUT24.cpp on faster26.swtv::core0
>> Building opencv_features2d_TF_top30
>> Applied patch to mser.cpp with mser.MUT24.cpp
>> Building opencv_features2d_TF_top30
Mutant mser.MUT24.cpp is not killed (all tcs pass)
>> Reverted mser.cpp to original from mser.MUT24.cpp

+++++ STDERR +++++
/home/yangheechan/FL-dataset-generation-opencv_features2d_TF_top30/work/opencv_features2d_TF_top30/working_env/faster26.swtv/core0/opencv_features2d_TF_top30/modules/features2d/src/mser.cpp: In constructor cv::MSER_Impl::Params::Params(int, int, int, double, double, int, double, double, int):
/home/yangheechan/FL-dataset-generation-opencv_features2d_TF_top30/work/opencv_features2d_TF_top30/working_env/faster26.swtv/core0/opencv_features2d_TF_top30/modules/features2d/src/mser.cpp:62:27: warning: unused parameter _max_variation [-Wunused-parameter]
   62 |                    double _max_variation=0.25, double _min_diversity=.2,
      |                    ~~~~~~~^~~~~~~~~~~~~~~~~~~

+++++ results for mser.MUT1223.cpp +++++
+++++ STDOUT +++++
[  0%] Built target opencv_dnn_plugins
[  0%] Built target opencv_videoio_plugins
[  4%] Built target ippiw
[  4%] Built target ittnotify
[  7%] Built target libopenjp2
[  5%] Built target opencv_highgui_plugins
[ 23%] Built target libwebp
[ 37%] Built target IlmImf
[ 51%] Built target opencv_core
[ 51%] Built target opencv_version
[ 64%] Built target opencv_imgproc
[ 67%] Built target opencv_imgcodecs
[ 69%] Built target opencv_videoio
Consolidate compiler generated dependencies of target opencv_features2d
[ 70%] Built target opencv_highgui
[ 70%] Building CXX object modules/features2d/CMakeFiles/opencv_features2d.dir/src/mser.cpp.o
[ 73%] Built target opencv_annotation
[ 73%] Built target opencv_visualisation
[ 74%] Built target opencv_ts
[ 74%] Built target opencv_test_highgui
[ 75%] Built target opencv_test_imgcodecs
[ 77%] Built target opencv_test_videoio
[ 83%] Built target opencv_test_core
[ 92%] Built target opencv_test_imgproc
[ 92%] Linking CXX shared library ../../lib/libopencv_features2d.so
[ 96%] Built target opencv_features2d
[ 96%] Linking CXX executable ../../bin/opencv_test_features2d
[100%] Built target opencv_test_features2d
[  0%] Built target opencv_dnn_plugins
[  0%] Built target ittnotify
[  0%] Built target opencv_videoio_plugins
[  1%] Built target opencv_highgui_plugins
[  3%] Built target libopenjp2
[  7%] Built target ippiw
[ 23%] Built target libwebp
[ 37%] Built target IlmImf
[ 51%] Built target opencv_core
[ 51%] Built target opencv_version
[ 64%] Built target opencv_imgproc
[ 67%] Built target opencv_imgcodecs
[ 69%] Built target opencv_videoio
Consolidate compiler generated dependencies of target opencv_features2d
[ 70%] Built target opencv_highgui
[ 70%] Building CXX object modules/features2d/CMakeFiles/opencv_features2d.dir/src/mser.cpp.o
[ 73%] Built target opencv_visualisation
[ 73%] Built target opencv_annotation
[ 74%] Built target opencv_ts
[ 74%] Built target opencv_test_highgui
[ 75%] Built target opencv_test_imgcodecs
[ 77%] Built target opencv_test_videoio
[ 83%] Built target opencv_test_core
[ 92%] Built target opencv_test_imgproc
[ 92%] Linking CXX shared library ../../lib/libopencv_features2d.so
[ 96%] Built target opencv_features2d
[ 96%] Linking CXX executable ../../bin/opencv_test_features2d
[100%] Built target opencv_test_features2d
Testing mutant mser.MUT1223.cpp on faster26.swtv::core0
>> Building opencv_features2d_TF_top30
>> Applied patch to mser.cpp with mser.MUT1223.cpp
>> Building opencv_features2d_TF_top30
SELECT bug_idx FROM bug_info WHERE subject = %s AND experiment_name = %s AND version = %s ['opencv_features2d_TF_top30', 'TF_top30', 'mser.MUT1223.cpp']
>> Saved buggy mutant mser.MUT1223.cpp
	 - Failing test cases: 1
	 - Passing test cases: 61
	 - Crashing test cases: 0
>> Reverted mser.cpp to original from mser.MUT1223.cpp

+++++ STDERR +++++

+++++ results for mser.MUT55.cpp +++++
+++++ STDOUT +++++
[  0%] Built target opencv_dnn_plugins
[  0%] Built target opencv_highgui_plugins
[  0%] Built target opencv_videoio_plugins
[  3%] Built target libopenjp2
[  3%] Built target ittnotify
[  7%] Built target ippiw
[ 23%] Built target libwebp
[ 37%] Built target IlmImf
[ 51%] Built target opencv_core
[ 51%] Built target opencv_version
[ 64%] Built target opencv_imgproc
[ 67%] Built target opencv_imgcodecs
[ 69%] Built target opencv_videoio
Consolidate compiler generated dependencies of target opencv_features2d
[ 70%] Built target opencv_highgui
[ 70%] Building CXX object modules/features2d/CMakeFiles/opencv_features2d.dir/src/mser.cpp.o
[ 73%] Built target opencv_annotation
[ 73%] Built target opencv_visualisation
[ 74%] Built target opencv_ts
[ 74%] Built target opencv_test_highgui
[ 75%] Built target opencv_test_imgcodecs
[ 77%] Built target opencv_test_videoio
[ 83%] Built target opencv_test_core
[ 92%] Built target opencv_test_imgproc
[ 92%] Linking CXX shared library ../../lib/libopencv_features2d.so
[ 96%] Built target opencv_features2d
[ 96%] Linking CXX executable ../../bin/opencv_test_features2d
[100%] Built target opencv_test_features2d
[  0%] Built target opencv_dnn_plugins
[  0%] Built target opencv_highgui_plugins
[  0%] Built target ittnotify
[  0%] Built target opencv_videoio_plugins
[  5%] Built target ippiw
[  7%] Built target libopenjp2
[ 23%] Built target libwebp
[ 37%] Built target IlmImf
[ 51%] Built target opencv_core
[ 51%] Built target opencv_version
[ 64%] Built target opencv_imgproc
[ 67%] Built target opencv_imgcodecs
Consolidate compiler generated dependencies of target opencv_features2d
[ 69%] Built target opencv_videoio
[ 69%] Building CXX object modules/features2d/CMakeFiles/opencv_features2d.dir/src/mser.cpp.o
[ 70%] Built target opencv_highgui
[ 72%] Built target opencv_visualisation
[ 73%] Built target opencv_annotation
[ 74%] Built target opencv_ts
[ 74%] Built target opencv_test_highgui
[ 75%] Built target opencv_test_imgcodecs
[ 77%] Built target opencv_test_videoio
[ 83%] Built target opencv_test_core
[ 92%] Built target opencv_test_imgproc
[ 92%] Linking CXX shared library ../../lib/libopencv_features2d.so
[ 96%] Built target opencv_features2d
[ 96%] Linking CXX executable ../../bin/opencv_test_features2d
[100%] Built target opencv_test_features2d
Testing mutant mser.MUT55.cpp on faster26.swtv::core0
>> Building opencv_features2d_TF_top30
>> Applied patch to mser.cpp with mser.MUT55.cpp
>> Building opencv_features2d_TF_top30
Mutant mser.MUT55.cpp is not killed (all tcs pass)
>> Reverted mser.cpp to original from mser.MUT55.cpp

+++++ STDERR +++++

+++++ results for mser.MUT729.cpp +++++
+++++ STDOUT +++++
[  0%] Built target opencv_dnn_plugins
[  0%] Built target opencv_highgui_plugins
[  0%] Built target opencv_videoio_plugins
[  0%] Built target ittnotify
[  7%] Built target ippiw
[  7%] Built target libopenjp2
[ 23%] Built target libwebp
[ 37%] Built target IlmImf
[ 51%] Built target opencv_core
[ 51%] Built target opencv_version
[ 64%] Built target opencv_imgproc
[ 67%] Built target opencv_imgcodecs
[ 69%] Built target opencv_videoio
[ 70%] Built target opencv_highgui
Consolidate compiler generated dependencies of target opencv_features2d
[ 72%] Built target opencv_visualisation
[ 73%] Built target opencv_annotation
[ 74%] Built target opencv_ts
[ 74%] Building CXX object modules/features2d/CMakeFiles/opencv_features2d.dir/src/mser.cpp.o
[ 74%] Built target opencv_test_highgui
[ 75%] Built target opencv_test_imgcodecs
[ 77%] Built target opencv_test_videoio
[ 87%] Built target opencv_test_imgproc
[ 92%] Built target opencv_test_core
[ 92%] Linking CXX shared library ../../lib/libopencv_features2d.so
[ 96%] Built target opencv_features2d
[ 96%] Linking CXX executable ../../bin/opencv_test_features2d
[100%] Built target opencv_test_features2d
[  0%] Built target opencv_dnn_plugins
[  0%] Built target opencv_videoio_plugins
[  0%] Built target ittnotify
[  0%] Built target opencv_highgui_plugins
[  3%] Built target libopenjp2
[  7%] Built target ippiw
[ 23%] Built target libwebp
[ 37%] Built target IlmImf
[ 51%] Built target opencv_core
[ 51%] Built target opencv_version
[ 64%] Built target opencv_imgproc
[ 67%] Built target opencv_imgcodecs
Consolidate compiler generated dependencies of target opencv_features2d
[ 69%] Built target opencv_videoio
[ 69%] Building CXX object modules/features2d/CMakeFiles/opencv_features2d.dir/src/mser.cpp.o
[ 70%] Built target opencv_highgui
[ 72%] Built target opencv_ts
[ 74%] Built target opencv_annotation
[ 74%] Built target opencv_visualisation
[ 74%] Built target opencv_test_highgui
[ 75%] Built target opencv_test_imgcodecs
[ 77%] Built target opencv_test_videoio
[ 83%] Built target opencv_test_core
[ 92%] Built target opencv_test_imgproc
[ 92%] Linking CXX shared library ../../lib/libopencv_features2d.so
[ 96%] Built target opencv_features2d
[ 96%] Linking CXX executable ../../bin/opencv_test_features2d
[100%] Built target opencv_test_features2d
Testing mutant mser.MUT729.cpp on faster26.swtv::core0
>> Building opencv_features2d_TF_top30
>> Applied patch to mser.cpp with mser.MUT729.cpp
>> Building opencv_features2d_TF_top30
Mutant mser.MUT729.cpp is not killed (all tcs pass)
>> Reverted mser.cpp to original from mser.MUT729.cpp

+++++ STDERR +++++

+++++ results for mser.MUT11.cpp +++++
+++++ STDOUT +++++
[  0%] Built target opencv_highgui_plugins
[  0%] Built target ittnotify
[  0%] Built target opencv_videoio_plugins
[  0%] Built target opencv_dnn_plugins
[  4%] Built target ippiw
[  7%] Built target libopenjp2
[ 23%] Built target libwebp
[ 37%] Built target IlmImf
[ 51%] Built target opencv_core
[ 51%] Built target opencv_version
[ 64%] Built target opencv_imgproc
[ 67%] Built target opencv_imgcodecs
[ 69%] Built target opencv_videoio
Consolidate compiler generated dependencies of target opencv_features2d
[ 70%] Built target opencv_highgui
[ 70%] Building CXX object modules/features2d/CMakeFiles/opencv_features2d.dir/src/mser.cpp.o
[ 73%] Built target opencv_annotation
[ 73%] Built target opencv_visualisation
[ 74%] Built target opencv_ts
[ 75%] Built target opencv_test_highgui
[ 75%] Built target opencv_test_imgcodecs
[ 77%] Built target opencv_test_videoio
[ 91%] Built target opencv_test_core
[ 92%] Built target opencv_test_imgproc
[ 92%] Linking CXX shared library ../../lib/libopencv_features2d.so
[ 96%] Built target opencv_features2d
[ 96%] Linking CXX executable ../../bin/opencv_test_features2d
[100%] Built target opencv_test_features2d
[  0%] Built target opencv_videoio_plugins
[  0%] Built target opencv_dnn_plugins
[  0%] Built target ittnotify
[  0%] Built target opencv_highgui_plugins
[  4%] Built target libopenjp2
[  7%] Built target ippiw
[ 23%] Built target libwebp
[ 37%] Built target IlmImf
[ 51%] Built target opencv_core
[ 51%] Built target opencv_version
[ 64%] Built target opencv_imgproc
[ 67%] Built target opencv_imgcodecs
[ 69%] Built target opencv_videoio
Consolidate compiler generated dependencies of target opencv_features2d
[ 70%] Built target opencv_highgui
[ 70%] Building CXX object modules/features2d/CMakeFiles/opencv_features2d.dir/src/mser.cpp.o
[ 72%] Built target opencv_annotation
[ 73%] Built target opencv_visualisation
[ 74%] Built target opencv_ts
[ 75%] Built target opencv_test_imgcodecs
[ 75%] Built target opencv_test_highgui
[ 83%] Built target opencv_test_imgproc
[ 86%] Built target opencv_test_videoio
[ 92%] Built target opencv_test_core
[ 92%] Linking CXX shared library ../../lib/libopencv_features2d.so
[ 96%] Built target opencv_features2d
[ 96%] Linking CXX executable ../../bin/opencv_test_features2d
[100%] Built target opencv_test_features2d
Testing mutant mser.MUT11.cpp on faster26.swtv::core0
>> Building opencv_features2d_TF_top30
>> Applied patch to mser.cpp with mser.MUT11.cpp
>> Building opencv_features2d_TF_top30
Mutant mser.MUT11.cpp is not killed (all tcs pass)
>> Reverted mser.cpp to original from mser.MUT11.cpp

+++++ STDERR +++++

+++++ results for mser.MUT172.cpp +++++
+++++ STDOUT +++++
[  0%] Built target opencv_highgui_plugins
[  0%] Built target opencv_dnn_plugins
[  0%] Built target opencv_videoio_plugins
[  0%] Built target ittnotify
[  4%] Built target ippiw
[  7%] Built target libopenjp2
[ 23%] Built target libwebp
[ 37%] Built target IlmImf
[ 51%] Built target opencv_core
[ 51%] Built target opencv_version
[ 64%] Built target opencv_imgproc
[ 67%] Built target opencv_imgcodecs
[ 69%] Built target opencv_videoio
Consolidate compiler generated dependencies of target opencv_features2d
[ 70%] Built target opencv_highgui
[ 70%] Building CXX object modules/features2d/CMakeFiles/opencv_features2d.dir/src/mser.cpp.o
[ 72%] Built target opencv_annotation
[ 73%] Built target opencv_visualisation
[ 74%] Built target opencv_ts
[ 74%] Built target opencv_test_highgui
[ 75%] Built target opencv_test_imgcodecs
[ 77%] Built target opencv_test_videoio
[ 91%] Built target opencv_test_core
[ 92%] Built target opencv_test_imgproc
[ 92%] Linking CXX shared library ../../lib/libopencv_features2d.so
[ 96%] Built target opencv_features2d
[ 96%] Linking CXX executable ../../bin/opencv_test_features2d
[100%] Built target opencv_test_features2d
[  0%] Built target opencv_videoio_plugins
[  0%] Built target opencv_dnn_plugins
[  0%] Built target opencv_highgui_plugins
[  3%] Built target libopenjp2
[  3%] Built target ittnotify
[  7%] Built target ippiw
[ 23%] Built target libwebp
[ 37%] Built target IlmImf
[ 51%] Built target opencv_core
[ 51%] Built target opencv_version
[ 64%] Built target opencv_imgproc
[ 67%] Built target opencv_imgcodecs
[ 69%] Built target opencv_videoio
Consolidate compiler generated dependencies of target opencv_features2d
[ 70%] Built target opencv_highgui
[ 70%] Building CXX object modules/features2d/CMakeFiles/opencv_features2d.dir/src/mser.cpp.o
[ 73%] Built target opencv_annotation
[ 73%] Built target opencv_visualisation
[ 74%] Built target opencv_ts
[ 74%] Built target opencv_test_highgui
[ 75%] Built target opencv_test_imgcodecs
[ 77%] Built target opencv_test_videoio
[ 83%] Built target opencv_test_core
[ 92%] Built target opencv_test_imgproc
[ 92%] Linking CXX shared library ../../lib/libopencv_features2d.so
[ 96%] Built target opencv_features2d
[ 96%] Linking CXX executable ../../bin/opencv_test_features2d
[100%] Built target opencv_test_features2d
Testing mutant mser.MUT172.cpp on faster26.swtv::core0
>> Building opencv_features2d_TF_top30
>> Applied patch to mser.cpp with mser.MUT172.cpp
>> Building opencv_features2d_TF_top30
Mutant mser.MUT172.cpp is not killed (all tcs pass)
>> Reverted mser.cpp to original from mser.MUT172.cpp

+++++ STDERR +++++

+++++ results for mser.MUT220.cpp +++++
+++++ STDOUT +++++
[  0%] Built target opencv_videoio_plugins
[  0%] Built target opencv_dnn_plugins
[  3%] Built target ittnotify
[  3%] Built target opencv_highgui_plugins
[  7%] Built target ippiw
[  7%] Built target libopenjp2
[ 23%] Built target libwebp
[ 37%] Built target IlmImf
[ 51%] Built target opencv_core
[ 51%] Built target opencv_version
[ 64%] Built target opencv_imgproc
[ 67%] Built target opencv_imgcodecs
[ 69%] Built target opencv_videoio
Consolidate compiler generated dependencies of target opencv_features2d
[ 70%] Built target opencv_highgui
[ 70%] Building CXX object modules/features2d/CMakeFiles/opencv_features2d.dir/src/mser.cpp.o
[ 72%] Built target opencv_ts
[ 73%] Built target opencv_annotation
[ 74%] Built target opencv_visualisation
[ 75%] Built target opencv_test_imgcodecs
[ 76%] Built target opencv_test_highgui
[ 77%] Built target opencv_test_videoio
[ 83%] Built target opencv_test_core
[ 92%] Built target opencv_test_imgproc
[ 92%] Linking CXX shared library ../../lib/libopencv_features2d.so
[ 96%] Built target opencv_features2d
[ 96%] Linking CXX executable ../../bin/opencv_test_features2d
[100%] Built target opencv_test_features2d
[  0%] Built target opencv_dnn_plugins
[  0%] Built target opencv_videoio_plugins
[  4%] Built target ippiw
[  7%] Built target libopenjp2
[  7%] Built target opencv_highgui_plugins
[  8%] Built target ittnotify
[ 23%] Built target libwebp
[ 37%] Built target IlmImf
[ 51%] Built target opencv_core
[ 51%] Built target opencv_version
[ 64%] Built target opencv_imgproc
[ 67%] Built target opencv_imgcodecs
[ 69%] Built target opencv_videoio
Consolidate compiler generated dependencies of target opencv_features2d
[ 69%] Building CXX object modules/features2d/CMakeFiles/opencv_features2d.dir/src/mser.cpp.o
[ 70%] Built target opencv_highgui
[ 72%] Built target opencv_annotation
[ 73%] Built target opencv_visualisation
[ 74%] Built target opencv_ts
[ 75%] Built target opencv_test_imgcodecs
[ 75%] Built target opencv_test_highgui
[ 77%] Built target opencv_test_videoio
[ 86%] Built target opencv_test_imgproc
[ 92%] Built target opencv_test_core
[ 92%] Linking CXX shared library ../../lib/libopencv_features2d.so
[ 96%] Built target opencv_features2d
[ 96%] Linking CXX executable ../../bin/opencv_test_features2d
[100%] Built target opencv_test_features2d
Testing mutant mser.MUT220.cpp on faster26.swtv::core0
>> Building opencv_features2d_TF_top30
>> Applied patch to mser.cpp with mser.MUT220.cpp
>> Building opencv_features2d_TF_top30
Mutant mser.MUT220.cpp is not killed (all tcs pass)
>> Reverted mser.cpp to original from mser.MUT220.cpp

+++++ STDERR +++++
/home/yangheechan/FL-dataset-generation-opencv_features2d_TF_top30/work/opencv_features2d_TF_top30/working_env/faster26.swtv/core0/opencv_features2d_TF_top30/modules/features2d/src/mser.cpp: In constructor cv::MSER_Impl::CompHistory::CompHistory():
/home/yangheechan/FL-dataset-generation-opencv_features2d_TF_top30/work/opencv_features2d_TF_top30/working_env/faster26.swtv/core0/opencv_features2d_TF_top30/modules/features2d/src/mser.cpp:203:21: warning: operation on ((cv::MSER_Impl::CompHistory*)this)->cv::MSER_Impl::CompHistory::parent_ may be undefined [-Wsequence-point]
  203 |             parent_ = parent_ = next_ = 0;
      |             ~~~~~~~~^~~~~~~~~~~~~~~~~~~~~

+++++ results for mser.MUT887.cpp +++++
+++++ STDOUT +++++
[  0%] Built target opencv_videoio_plugins
[  0%] Built target opencv_highgui_plugins
[  0%] Built target opencv_dnn_plugins
[  1%] Built target ittnotify
[  4%] Built target ippiw
[  7%] Built target libopenjp2
[ 23%] Built target libwebp
[ 37%] Built target IlmImf
[ 51%] Built target opencv_core
[ 51%] Built target opencv_version
[ 64%] Built target opencv_imgproc
[ 67%] Built target opencv_imgcodecs
[ 69%] Built target opencv_videoio
Consolidate compiler generated dependencies of target opencv_features2d
[ 70%] Built target opencv_highgui
[ 70%] Building CXX object modules/features2d/CMakeFiles/opencv_features2d.dir/src/mser.cpp.o
[ 72%] Built target opencv_visualisation
[ 73%] Built target opencv_annotation
[ 74%] Built target opencv_ts
[ 75%] Built target opencv_test_imgcodecs
[ 75%] Built target opencv_test_highgui
[ 77%] Built target opencv_test_videoio
[ 83%] Built target opencv_test_core
[ 92%] Built target opencv_test_imgproc
[ 92%] Linking CXX shared library ../../lib/libopencv_features2d.so
[ 96%] Built target opencv_features2d
[ 96%] Linking CXX executable ../../bin/opencv_test_features2d
[100%] Built target opencv_test_features2d
[  0%] Built target opencv_highgui_plugins
[  0%] Built target opencv_dnn_plugins
[  1%] Built target opencv_videoio_plugins
[  4%] Built target ippiw
[  4%] Built target ittnotify
[ 20%] Built target libwebp
[ 23%] Built target libopenjp2
[ 37%] Built target IlmImf
[ 51%] Built target opencv_core
[ 51%] Built target opencv_version
[ 64%] Built target opencv_imgproc
[ 67%] Built target opencv_imgcodecs
[ 69%] Built target opencv_videoio
Consolidate compiler generated dependencies of target opencv_features2d
[ 70%] Built target opencv_highgui
[ 70%] Building CXX object modules/features2d/CMakeFiles/opencv_features2d.dir/src/mser.cpp.o
[ 73%] Built target opencv_visualisation
[ 73%] Built target opencv_annotation
[ 74%] Built target opencv_ts
[ 75%] Built target opencv_test_imgcodecs
[ 75%] Built target opencv_test_highgui
[ 77%] Built target opencv_test_videoio
[ 83%] Built target opencv_test_core
[ 92%] Built target opencv_test_imgproc
[ 92%] Linking CXX shared library ../../lib/libopencv_features2d.so
[ 96%] Built target opencv_features2d
[ 96%] Linking CXX executable ../../bin/opencv_test_features2d
[100%] Built target opencv_test_features2d
Testing mutant mser.MUT887.cpp on faster26.swtv::core0
>> Building opencv_features2d_TF_top30
>> Applied patch to mser.cpp with mser.MUT887.cpp
>> Building opencv_features2d_TF_top30
SELECT bug_idx FROM bug_info WHERE subject = %s AND experiment_name = %s AND version = %s ['opencv_features2d_TF_top30', 'TF_top30', 'mser.MUT887.cpp']
>> Saved buggy mutant mser.MUT887.cpp
	 - Failing test cases: 1
	 - Passing test cases: 61
	 - Crashing test cases: 0
>> Reverted mser.cpp to original from mser.MUT887.cpp

+++++ STDERR +++++

+++++ results for mser.MUT1177.cpp +++++
+++++ STDOUT +++++
[  0%] Built target opencv_highgui_plugins
[  0%] Built target opencv_dnn_plugins
[  0%] Built target opencv_videoio_plugins
[  3%] Built target libopenjp2
[  3%] Built target ittnotify
[  7%] Built target ippiw
[ 23%] Built target libwebp
[ 37%] Built target IlmImf
[ 51%] Built target opencv_core
[ 51%] Built target opencv_version
[ 64%] Built target opencv_imgproc
[ 67%] Built target opencv_imgcodecs
[ 69%] Built target opencv_videoio
Consolidate compiler generated dependencies of target opencv_features2d
[ 69%] Building CXX object modules/features2d/CMakeFiles/opencv_features2d.dir/src/mser.cpp.o
[ 70%] Built target opencv_highgui
[ 72%] Built target opencv_visualisation
[ 73%] Built target opencv_annotation
[ 74%] Built target opencv_ts
[ 75%] Built target opencv_test_imgcodecs
[ 75%] Built target opencv_test_highgui
[ 77%] Built target opencv_test_videoio
[ 83%] Built target opencv_test_core
[ 92%] Built target opencv_test_imgproc
[ 92%] Linking CXX shared library ../../lib/libopencv_features2d.so
[ 96%] Built target opencv_features2d
[ 96%] Linking CXX executable ../../bin/opencv_test_features2d
[100%] Built target opencv_test_features2d
[  0%] Built target opencv_dnn_plugins
[  0%] Built target ittnotify
[  0%] Built target opencv_videoio_plugins
[  4%] Built target ippiw
[  4%] Built target opencv_highgui_plugins
[  7%] Built target libopenjp2
[ 23%] Built target libwebp
[ 37%] Built target IlmImf
[ 51%] Built target opencv_core
[ 51%] Built target opencv_version
[ 64%] Built target opencv_imgproc
[ 67%] Built target opencv_imgcodecs
[ 69%] Built target opencv_videoio
Consolidate compiler generated dependencies of target opencv_features2d
[ 70%] Built target opencv_highgui
[ 70%] Building CXX object modules/features2d/CMakeFiles/opencv_features2d.dir/src/mser.cpp.o
[ 73%] Built target opencv_visualisation
[ 73%] Built target opencv_annotation
[ 74%] Built target opencv_ts
[ 74%] Built target opencv_test_highgui
[ 75%] Built target opencv_test_imgcodecs
[ 77%] Built target opencv_test_videoio
[ 87%] Built target opencv_test_imgproc
[ 92%] Built target opencv_test_core
[ 92%] Linking CXX shared library ../../lib/libopencv_features2d.so
[ 96%] Built target opencv_features2d
[ 96%] Linking CXX executable ../../bin/opencv_test_features2d
[100%] Built target opencv_test_features2d
Testing mutant mser.MUT1177.cpp on faster26.swtv::core0
>> Building opencv_features2d_TF_top30
>> Applied patch to mser.cpp with mser.MUT1177.cpp
>> Building opencv_features2d_TF_top30
Mutant mser.MUT1177.cpp is not killed (all tcs pass)
>> Reverted mser.cpp to original from mser.MUT1177.cpp

+++++ STDERR +++++

+++++ results for mser.MUT68.cpp +++++
+++++ STDOUT +++++
[  0%] Built target opencv_highgui_plugins
[  0%] Built target opencv_dnn_plugins
[  0%] Built target opencv_videoio_plugins
[  0%] Built target ittnotify
[  4%] Built target libopenjp2
[  7%] Built target ippiw
[ 23%] Built target libwebp
[ 37%] Built target IlmImf
[ 51%] Built target opencv_core
[ 51%] Built target opencv_version
[ 64%] Built target opencv_imgproc
[ 67%] Built target opencv_imgcodecs
[ 69%] Built target opencv_videoio
Consolidate compiler generated dependencies of target opencv_features2d
[ 70%] Built target opencv_highgui
[ 70%] Building CXX object modules/features2d/CMakeFiles/opencv_features2d.dir/src/mser.cpp.o
[ 72%] Built target opencv_visualisation
[ 73%] Built target opencv_annotation
[ 74%] Built target opencv_ts
[ 75%] Built target opencv_test_imgcodecs
[ 75%] Built target opencv_test_highgui
[ 77%] Built target opencv_test_videoio
[ 90%] Built target opencv_test_core
[ 92%] Built target opencv_test_imgproc
[ 92%] Linking CXX shared library ../../lib/libopencv_features2d.so
[ 96%] Built target opencv_features2d
[ 96%] Linking CXX executable ../../bin/opencv_test_features2d
[100%] Built target opencv_test_features2d
[  0%] Built target opencv_dnn_plugins
[  0%] Built target opencv_highgui_plugins
[  0%] Built target ittnotify
[  2%] Built target opencv_videoio_plugins
[  4%] Built target ippiw
[  7%] Built target libopenjp2
[ 23%] Built target libwebp
[ 37%] Built target IlmImf
[ 51%] Built target opencv_core
[ 51%] Built target opencv_version
[ 64%] Built target opencv_imgproc
[ 67%] Built target opencv_imgcodecs
[ 69%] Built target opencv_videoio
Consolidate compiler generated dependencies of target opencv_features2d
[ 70%] Built target opencv_highgui
[ 70%] Building CXX object modules/features2d/CMakeFiles/opencv_features2d.dir/src/mser.cpp.o
[ 72%] Built target opencv_annotation
[ 74%] Built target opencv_ts
[ 74%] Built target opencv_visualisation
[ 74%] Built target opencv_test_highgui
[ 75%] Built target opencv_test_imgcodecs
[ 77%] Built target opencv_test_videoio
[ 86%] Built target opencv_test_imgproc
[ 92%] Built target opencv_test_core
[ 92%] Linking CXX shared library ../../lib/libopencv_features2d.so
[ 96%] Built target opencv_features2d
[ 96%] Linking CXX executable ../../bin/opencv_test_features2d
[100%] Built target opencv_test_features2d
Testing mutant mser.MUT68.cpp on faster26.swtv::core0
>> Building opencv_features2d_TF_top30
>> Applied patch to mser.cpp with mser.MUT68.cpp
>> Building opencv_features2d_TF_top30
Mutant mser.MUT68.cpp is not killed (all tcs pass)
>> Reverted mser.cpp to original from mser.MUT68.cpp

+++++ STDERR +++++

+++++ results for mser.MUT515.cpp +++++
+++++ STDOUT +++++
[  0%] Built target ittnotify
[  0%] Built target opencv_dnn_plugins
[  0%] Built target opencv_highgui_plugins
[  0%] Built target opencv_videoio_plugins
[  3%] Built target libopenjp2
[  7%] Built target ippiw
[ 23%] Built target libwebp
[ 37%] Built target IlmImf
[ 51%] Built target opencv_core
[ 51%] Built target opencv_version
[ 64%] Built target opencv_imgproc
[ 67%] Built target opencv_imgcodecs
[ 69%] Built target opencv_videoio
Consolidate compiler generated dependencies of target opencv_features2d
[ 69%] Building CXX object modules/features2d/CMakeFiles/opencv_features2d.dir/src/mser.cpp.o
[ 70%] Built target opencv_highgui
[ 72%] Built target opencv_visualisation
[ 73%] Built target opencv_annotation
[ 74%] Built target opencv_ts
[ 75%] Built target opencv_test_imgcodecs
[ 77%] Built target opencv_test_videoio
[ 77%] Built target opencv_test_highgui
[ 83%] Built target opencv_test_core
[ 92%] Built target opencv_test_imgproc
[ 92%] Linking CXX shared library ../../lib/libopencv_features2d.so
[ 96%] Built target opencv_features2d
[ 96%] Linking CXX executable ../../bin/opencv_test_features2d
[100%] Built target opencv_test_features2d
[  0%] Built target opencv_dnn_plugins
[  1%] Built target ittnotify
[  3%] Built target libopenjp2
[  3%] Built target opencv_highgui_plugins
[  3%] Built target opencv_videoio_plugins
[  7%] Built target ippiw
[ 23%] Built target libwebp
[ 37%] Built target IlmImf
[ 51%] Built target opencv_core
[ 51%] Built target opencv_version
[ 64%] Built target opencv_imgproc
[ 67%] Built target opencv_imgcodecs
Consolidate compiler generated dependencies of target opencv_features2d
[ 69%] Built target opencv_videoio
[ 69%] Building CXX object modules/features2d/CMakeFiles/opencv_features2d.dir/src/mser.cpp.o
[ 70%] Built target opencv_highgui
[ 72%] Built target opencv_annotation
[ 73%] Built target opencv_visualisation
[ 74%] Built target opencv_ts
[ 75%] Built target opencv_test_imgcodecs
[ 75%] Built target opencv_test_highgui
[ 77%] Built target opencv_test_videoio
[ 83%] Built target opencv_test_core
[ 92%] Built target opencv_test_imgproc
[ 92%] Linking CXX shared library ../../lib/libopencv_features2d.so
[ 96%] Built target opencv_features2d
[ 96%] Linking CXX executable ../../bin/opencv_test_features2d
[100%] Built target opencv_test_features2d
Testing mutant mser.MUT515.cpp on faster26.swtv::core0
>> Building opencv_features2d_TF_top30
>> Applied patch to mser.cpp with mser.MUT515.cpp
>> Building opencv_features2d_TF_top30
Mutant mser.MUT515.cpp is not killed (all tcs pass)
>> Reverted mser.cpp to original from mser.MUT515.cpp

+++++ STDERR +++++

+++++ results for fed.MUT121.cpp +++++
+++++ STDOUT +++++
[  0%] Built target opencv_videoio_plugins
[  0%] Built target opencv_dnn_plugins
[  0%] Built target ittnotify
[  0%] Built target opencv_highgui_plugins
[  3%] Built target libopenjp2
[  7%] Built target ippiw
[ 23%] Built target libwebp
[ 37%] Built target IlmImf
[ 51%] Built target opencv_core
[ 51%] Built target opencv_version
[ 64%] Built target opencv_imgproc
[ 67%] Built target opencv_imgcodecs
[ 69%] Built target opencv_videoio
Consolidate compiler generated dependencies of target opencv_features2d
[ 70%] Built target opencv_highgui
[ 70%] Building CXX object modules/features2d/CMakeFiles/opencv_features2d.dir/src/mser.cpp.o
[ 72%] Built target opencv_annotation
[ 73%] Built target opencv_visualisation
[ 74%] Built target opencv_ts
[ 75%] Built target opencv_test_highgui
[ 75%] Built target opencv_test_imgcodecs
[ 77%] Built target opencv_test_videoio
[ 86%] Built target opencv_test_imgproc
[ 92%] Built target opencv_test_core
[ 92%] Linking CXX shared library ../../lib/libopencv_features2d.so
[ 96%] Built target opencv_features2d
[ 96%] Linking CXX executable ../../bin/opencv_test_features2d
[100%] Built target opencv_test_features2d
[  0%] Built target opencv_dnn_plugins
[  0%] Built target opencv_videoio_plugins
[  0%] Built target opencv_highgui_plugins
[  0%] Built target ittnotify
[  4%] Built target ippiw
[  7%] Built target libopenjp2
[ 23%] Built target libwebp
[ 37%] Built target IlmImf
[ 51%] Built target opencv_core
[ 51%] Built target opencv_version
[ 64%] Built target opencv_imgproc
[ 67%] Built target opencv_imgcodecs
[ 69%] Built target opencv_videoio
Consolidate compiler generated dependencies of target opencv_features2d
[ 70%] Built target opencv_highgui
[ 70%] Building CXX object modules/features2d/CMakeFiles/opencv_features2d.dir/src/kaze/fed.cpp.o
[ 72%] Built target opencv_visualisation
[ 73%] Built target opencv_annotation
[ 74%] Built target opencv_ts
[ 75%] Built target opencv_test_highgui
[ 75%] Built target opencv_test_imgcodecs
[ 77%] Built target opencv_test_videoio
[ 83%] Built target opencv_test_core
[ 92%] Built target opencv_test_imgproc
[ 92%] Linking CXX shared library ../../lib/libopencv_features2d.so
[ 96%] Built target opencv_features2d
[ 96%] Linking CXX executable ../../bin/opencv_test_features2d
[100%] Built target opencv_test_features2d
Testing mutant fed.MUT121.cpp on faster26.swtv::core0
>> Building opencv_features2d_TF_top30
>> Applied patch to fed.cpp with fed.MUT121.cpp
>> Building opencv_features2d_TF_top30
Mutant fed.MUT121.cpp is not killed (all tcs pass)
>> Reverted fed.cpp to original from fed.MUT121.cpp

+++++ STDERR +++++

+++++ results for brisk.MUT886.cpp +++++
+++++ STDOUT +++++
[  0%] Built target opencv_highgui_plugins
[  0%] Built target opencv_videoio_plugins
[  0%] Built target opencv_dnn_plugins
[  0%] Built target ittnotify
[  4%] Built target ippiw
[  7%] Built target libopenjp2
[ 23%] Built target libwebp
[ 37%] Built target IlmImf
[ 51%] Built target opencv_core
[ 51%] Built target opencv_version
[ 64%] Built target opencv_imgproc
[ 67%] Built target opencv_imgcodecs
[ 69%] Built target opencv_videoio
Consolidate compiler generated dependencies of target opencv_features2d
[ 70%] Built target opencv_highgui
[ 70%] Building CXX object modules/features2d/CMakeFiles/opencv_features2d.dir/src/kaze/fed.cpp.o
[ 73%] Built target opencv_annotation
[ 73%] Built target opencv_visualisation
[ 74%] Built target opencv_ts
[ 75%] Built target opencv_test_imgcodecs
[ 75%] Built target opencv_test_highgui
[ 77%] Built target opencv_test_videoio
[ 83%] Built target opencv_test_core
[ 92%] Built target opencv_test_imgproc
[ 92%] Linking CXX shared library ../../lib/libopencv_features2d.so
[ 96%] Built target opencv_features2d
[ 96%] Linking CXX executable ../../bin/opencv_test_features2d
[100%] Built target opencv_test_features2d
[  0%] Built target opencv_dnn_plugins
[  0%] Built target opencv_highgui_plugins
[  1%] Built target ittnotify
[  3%] Built target libopenjp2
[  7%] Built target ippiw
[  7%] Built target opencv_videoio_plugins
[ 23%] Built target libwebp
[ 37%] Built target IlmImf
[ 51%] Built target opencv_core
[ 51%] Built target opencv_version
[ 64%] Built target opencv_imgproc
[ 67%] Built target opencv_imgcodecs
[ 69%] Built target opencv_videoio
Consolidate compiler generated dependencies of target opencv_features2d
[ 70%] Built target opencv_highgui
[ 70%] Building CXX object modules/features2d/CMakeFiles/opencv_features2d.dir/src/brisk.cpp.o
[ 72%] Built target opencv_visualisation
[ 73%] Built target opencv_annotation
[ 74%] Built target opencv_ts
[ 75%] Built target opencv_test_imgcodecs
[ 77%] Built target opencv_test_videoio
[ 77%] Built target opencv_test_highgui
[ 83%] Built target opencv_test_core
[ 92%] Built target opencv_test_imgproc
Testing mutant brisk.MUT886.cpp on faster26.swtv::core0
>> Building opencv_features2d_TF_top30
>> Applied patch to brisk.cpp with brisk.MUT886.cpp
>> Building opencv_features2d_TF_top30
Failed to build on brisk.MUT886.cpp
>> Reverted brisk.cpp to original from brisk.MUT886.cpp

+++++ STDERR +++++
/home/yangheechan/FL-dataset-generation-opencv_features2d_TF_top30/work/opencv_features2d_TF_top30/working_env/faster26.swtv/core0/opencv_features2d_TF_top30/modules/features2d/src/brisk.cpp: In member function void cv::BRISK_Impl::computeDescriptorsAndOrOrientation(cv::InputArray, cv::InputArray, std::vector<cv::KeyPoint>&, cv::OutputArray, bool, bool, bool) const:
/home/yangheechan/FL-dataset-generation-opencv_features2d_TF_top30/work/opencv_features2d_TF_top30/working_env/faster26.swtv/core0/opencv_features2d_TF_top30/modules/features2d/src/brisk.cpp:826:16: error: safetyFactor_ was not declared in this scope
  826 |           t2 = safetyFactor_;
      |                ^~~~~~~~~~~~~
make[2]: *** [modules/features2d/CMakeFiles/opencv_features2d.dir/build.make:168: modules/features2d/CMakeFiles/opencv_features2d.dir/src/brisk.cpp.o] Error 1
make[1]: *** [CMakeFiles/Makefile2:1473: modules/features2d/CMakeFiles/opencv_features2d.dir/all] Error 2
make: *** [Makefile:166: all] Error 2

+++++ results for brisk.MUT2076.cpp +++++
+++++ STDOUT +++++
[  0%] Built target opencv_highgui_plugins
[  0%] Built target opencv_dnn_plugins
[  4%] Built target ippiw
[  4%] Built target ittnotify
[  4%] Built target opencv_videoio_plugins
[  7%] Built target libopenjp2
[ 23%] Built target libwebp
[ 37%] Built target IlmImf
[ 51%] Built target opencv_core
[ 51%] Built target opencv_version
[ 64%] Built target opencv_imgproc
[ 67%] Built target opencv_imgcodecs
[ 69%] Built target opencv_videoio
Consolidate compiler generated dependencies of target opencv_features2d
[ 70%] Built target opencv_highgui
[ 72%] Built target opencv_visualisation
[ 72%] Building CXX object modules/features2d/CMakeFiles/opencv_features2d.dir/src/brisk.cpp.o
[ 73%] Built target opencv_annotation
[ 74%] Built target opencv_ts
[ 74%] Built target opencv_test_highgui
[ 75%] Built target opencv_test_imgcodecs
[ 77%] Built target opencv_test_videoio
[ 83%] Built target opencv_test_core
[ 92%] Built target opencv_test_imgproc
[ 92%] Linking CXX shared library ../../lib/libopencv_features2d.so
[ 96%] Built target opencv_features2d
[ 96%] Linking CXX executable ../../bin/opencv_test_features2d
[100%] Built target opencv_test_features2d
[  0%] Built target opencv_videoio_plugins
[  0%] Built target opencv_dnn_plugins
[  3%] Built target libopenjp2
[  7%] Built target ippiw
[  7%] Built target ittnotify
[  7%] Built target opencv_highgui_plugins
[ 23%] Built target libwebp
[ 37%] Built target IlmImf
[ 51%] Built target opencv_core
[ 51%] Built target opencv_version
[ 64%] Built target opencv_imgproc
[ 67%] Built target opencv_imgcodecs
Consolidate compiler generated dependencies of target opencv_features2d
[ 69%] Built target opencv_videoio
[ 69%] Building CXX object modules/features2d/CMakeFiles/opencv_features2d.dir/src/brisk.cpp.o
[ 70%] Built target opencv_highgui
[ 73%] Built target opencv_visualisation
[ 73%] Built target opencv_annotation
[ 74%] Built target opencv_ts
[ 75%] Built target opencv_test_imgcodecs
[ 75%] Built target opencv_test_highgui
[ 77%] Built target opencv_test_videoio
[ 83%] Built target opencv_test_core
[ 92%] Built target opencv_test_imgproc
[ 92%] Linking CXX shared library ../../lib/libopencv_features2d.so
[ 96%] Built target opencv_features2d
[ 96%] Linking CXX executable ../../bin/opencv_test_features2d
[100%] Built target opencv_test_features2d
Testing mutant brisk.MUT2076.cpp on faster26.swtv::core0
>> Building opencv_features2d_TF_top30
>> Applied patch to brisk.cpp with brisk.MUT2076.cpp
>> Building opencv_features2d_TF_top30
Mutant brisk.MUT2076.cpp is not killed (all tcs pass)
>> Reverted brisk.cpp to original from brisk.MUT2076.cpp

+++++ STDERR +++++

+++++ results for brisk.MUT41.cpp +++++
+++++ STDOUT +++++
[  0%] Built target opencv_highgui_plugins
[  0%] Built target opencv_dnn_plugins
[  0%] Built target opencv_videoio_plugins
[  0%] Built target ittnotify
[  5%] Built target libopenjp2
[  7%] Built target ippiw
[ 23%] Built target libwebp
[ 37%] Built target IlmImf
[ 51%] Built target opencv_core
[ 51%] Built target opencv_version
[ 64%] Built target opencv_imgproc
[ 67%] Built target opencv_imgcodecs
[ 69%] Built target opencv_videoio
Consolidate compiler generated dependencies of target opencv_features2d
[ 69%] Building CXX object modules/features2d/CMakeFiles/opencv_features2d.dir/src/brisk.cpp.o
[ 70%] Built target opencv_highgui
[ 73%] Built target opencv_annotation
[ 73%] Built target opencv_visualisation
[ 74%] Built target opencv_ts
[ 75%] Built target opencv_test_imgcodecs
[ 77%] Built target opencv_test_videoio
[ 77%] Built target opencv_test_highgui
[ 83%] Built target opencv_test_core
[ 92%] Built target opencv_test_imgproc
[ 92%] Linking CXX shared library ../../lib/libopencv_features2d.so
[ 96%] Built target opencv_features2d
[ 96%] Linking CXX executable ../../bin/opencv_test_features2d
[100%] Built target opencv_test_features2d
[  0%] Built target opencv_highgui_plugins
[  0%] Built target opencv_dnn_plugins
[  0%] Built target ittnotify
[  0%] Built target opencv_videoio_plugins
[  3%] Built target libopenjp2
[  7%] Built target ippiw
[ 23%] Built target libwebp
[ 37%] Built target IlmImf
[ 51%] Built target opencv_core
[ 51%] Built target opencv_version
[ 64%] Built target opencv_imgproc
[ 67%] Built target opencv_imgcodecs
[ 69%] Built target opencv_videoio
Consolidate compiler generated dependencies of target opencv_features2d
[ 70%] Built target opencv_highgui
[ 70%] Building CXX object modules/features2d/CMakeFiles/opencv_features2d.dir/src/brisk.cpp.o
[ 72%] Built target opencv_annotation
[ 73%] Built target opencv_visualisation
[ 74%] Built target opencv_ts
[ 75%] Built target opencv_test_highgui
[ 75%] Built target opencv_test_imgcodecs
[ 77%] Built target opencv_test_videoio
[ 83%] Built target opencv_test_core
[ 92%] Built target opencv_test_imgproc
[ 92%] Linking CXX shared library ../../lib/libopencv_features2d.so
[ 96%] Built target opencv_features2d
[ 96%] Linking CXX executable ../../bin/opencv_test_features2d
[100%] Built target opencv_test_features2d
Testing mutant brisk.MUT41.cpp on faster26.swtv::core0
>> Building opencv_features2d_TF_top30
>> Applied patch to brisk.cpp with brisk.MUT41.cpp
>> Building opencv_features2d_TF_top30
SELECT bug_idx FROM bug_info WHERE subject = %s AND experiment_name = %s AND version = %s ['opencv_features2d_TF_top30', 'TF_top30', 'brisk.MUT41.cpp']
>> Saved buggy mutant brisk.MUT41.cpp
	 - Failing test cases: 3
	 - Passing test cases: 59
	 - Crashing test cases: 0
>> Reverted brisk.cpp to original from brisk.MUT41.cpp

+++++ STDERR +++++

+++++ results for brisk.MUT2116.cpp +++++
+++++ STDOUT +++++
[  0%] Built target opencv_dnn_plugins
[  0%] Built target ittnotify
[  0%] Built target opencv_highgui_plugins
[  0%] Built target opencv_videoio_plugins
[  4%] Built target libopenjp2
[  7%] Built target ippiw
[ 23%] Built target libwebp
[ 37%] Built target IlmImf
[ 51%] Built target opencv_core
[ 51%] Built target opencv_version
[ 64%] Built target opencv_imgproc
[ 67%] Built target opencv_imgcodecs
[ 69%] Built target opencv_videoio
Consolidate compiler generated dependencies of target opencv_features2d
[ 70%] Built target opencv_highgui
[ 70%] Building CXX object modules/features2d/CMakeFiles/opencv_features2d.dir/src/brisk.cpp.o
[ 72%] Built target opencv_annotation
[ 73%] Built target opencv_visualisation
[ 74%] Built target opencv_ts
[ 74%] Built target opencv_test_highgui
[ 75%] Built target opencv_test_imgcodecs
[ 77%] Built target opencv_test_videoio
[ 83%] Built target opencv_test_core
[ 92%] Built target opencv_test_imgproc
[ 92%] Linking CXX shared library ../../lib/libopencv_features2d.so
[ 96%] Built target opencv_features2d
[ 96%] Linking CXX executable ../../bin/opencv_test_features2d
[100%] Built target opencv_test_features2d
[  0%] Built target opencv_dnn_plugins
[  0%] Built target opencv_videoio_plugins
[  0%] Built target opencv_highgui_plugins
[  0%] Built target ittnotify
[  4%] Built target ippiw
[  7%] Built target libopenjp2
[ 23%] Built target libwebp
[ 37%] Built target IlmImf
[ 51%] Built target opencv_core
[ 51%] Built target opencv_version
[ 64%] Built target opencv_imgproc
[ 67%] Built target opencv_imgcodecs
[ 69%] Built target opencv_videoio
Consolidate compiler generated dependencies of target opencv_features2d
[ 69%] Building CXX object modules/features2d/CMakeFiles/opencv_features2d.dir/src/brisk.cpp.o
[ 70%] Built target opencv_highgui
[ 72%] Built target opencv_visualisation
[ 73%] Built target opencv_annotation
[ 74%] Built target opencv_ts
[ 74%] Built target opencv_test_highgui
[ 75%] Built target opencv_test_imgcodecs
[ 77%] Built target opencv_test_videoio
[ 83%] Built target opencv_test_core
[ 92%] Built target opencv_test_imgproc
[ 92%] Linking CXX shared library ../../lib/libopencv_features2d.so
[ 96%] Built target opencv_features2d
[ 96%] Linking CXX executable ../../bin/opencv_test_features2d
[100%] Built target opencv_test_features2d
Testing mutant brisk.MUT2116.cpp on faster26.swtv::core0
>> Building opencv_features2d_TF_top30
>> Applied patch to brisk.cpp with brisk.MUT2116.cpp
>> Building opencv_features2d_TF_top30
Mutant brisk.MUT2116.cpp is not killed (all tcs pass)
>> Reverted brisk.cpp to original from brisk.MUT2116.cpp

+++++ STDERR +++++

+++++ results for brisk.MUT1905.cpp +++++
+++++ STDOUT +++++
[  0%] Built target opencv_highgui_plugins
[  0%] Built target opencv_videoio_plugins
[  0%] Built target opencv_dnn_plugins
[  0%] Built target ittnotify
[  4%] Built target ippiw
[  7%] Built target libopenjp2
[ 23%] Built target libwebp
[ 37%] Built target IlmImf
[ 51%] Built target opencv_core
[ 51%] Built target opencv_version
[ 64%] Built target opencv_imgproc
[ 67%] Built target opencv_imgcodecs
[ 69%] Built target opencv_videoio
Consolidate compiler generated dependencies of target opencv_features2d
[ 70%] Built target opencv_highgui
[ 70%] Building CXX object modules/features2d/CMakeFiles/opencv_features2d.dir/src/brisk.cpp.o
[ 73%] Built target opencv_visualisation
[ 73%] Built target opencv_annotation
[ 74%] Built target opencv_ts
[ 74%] Built target opencv_test_highgui
[ 75%] Built target opencv_test_imgcodecs
[ 77%] Built target opencv_test_videoio
[ 83%] Built target opencv_test_core
[ 92%] Built target opencv_test_imgproc
[ 92%] Linking CXX shared library ../../lib/libopencv_features2d.so
[ 96%] Built target opencv_features2d
[ 96%] Linking CXX executable ../../bin/opencv_test_features2d
[100%] Built target opencv_test_features2d
[  0%] Built target opencv_videoio_plugins
[  0%] Built target opencv_dnn_plugins
[  0%] Built target opencv_highgui_plugins
[  0%] Built target ittnotify
[  5%] Built target ippiw
[  7%] Built target libopenjp2
[ 23%] Built target libwebp
[ 37%] Built target IlmImf
[ 51%] Built target opencv_core
[ 51%] Built target opencv_version
[ 64%] Built target opencv_imgproc
[ 67%] Built target opencv_imgcodecs
[ 69%] Built target opencv_videoio
Consolidate compiler generated dependencies of target opencv_features2d
[ 70%] Built target opencv_highgui
[ 70%] Building CXX object modules/features2d/CMakeFiles/opencv_features2d.dir/src/brisk.cpp.o
[ 72%] Built target opencv_ts
[ 74%] Built target opencv_visualisation
[ 74%] Built target opencv_annotation
[ 74%] Built target opencv_test_highgui
[ 75%] Built target opencv_test_imgcodecs
[ 77%] Built target opencv_test_videoio
[ 83%] Built target opencv_test_core
[ 92%] Built target opencv_test_imgproc
[ 92%] Linking CXX shared library ../../lib/libopencv_features2d.so
[ 96%] Built target opencv_features2d
[ 96%] Linking CXX executable ../../bin/opencv_test_features2d
[100%] Built target opencv_test_features2d
Testing mutant brisk.MUT1905.cpp on faster26.swtv::core0
>> Building opencv_features2d_TF_top30
>> Applied patch to brisk.cpp with brisk.MUT1905.cpp
>> Building opencv_features2d_TF_top30
Mutant brisk.MUT1905.cpp is not killed (all tcs pass)
>> Reverted brisk.cpp to original from brisk.MUT1905.cpp

+++++ STDERR +++++

+++++ results for brisk.MUT2972.cpp +++++
+++++ STDOUT +++++
[  0%] Built target opencv_highgui_plugins
[  0%] Built target opencv_dnn_plugins
[  0%] Built target opencv_videoio_plugins
[  0%] Built target ittnotify
[  4%] Built target ippiw
[  7%] Built target libopenjp2
[ 23%] Built target libwebp
[ 37%] Built target IlmImf
[ 51%] Built target opencv_core
[ 51%] Built target opencv_version
[ 64%] Built target opencv_imgproc
[ 67%] Built target opencv_imgcodecs
[ 69%] Built target opencv_videoio
Consolidate compiler generated dependencies of target opencv_features2d
[ 69%] Building CXX object modules/features2d/CMakeFiles/opencv_features2d.dir/src/brisk.cpp.o
[ 70%] Built target opencv_highgui
[ 72%] Built target opencv_visualisation
[ 73%] Built target opencv_annotation
[ 74%] Built target opencv_ts
[ 74%] Built target opencv_test_highgui
[ 75%] Built target opencv_test_imgcodecs
[ 77%] Built target opencv_test_videoio
[ 83%] Built target opencv_test_core
[ 92%] Built target opencv_test_imgproc
[ 92%] Linking CXX shared library ../../lib/libopencv_features2d.so
[ 96%] Built target opencv_features2d
[ 96%] Linking CXX executable ../../bin/opencv_test_features2d
[100%] Built target opencv_test_features2d
[  0%] Built target opencv_dnn_plugins
[  0%] Built target opencv_highgui_plugins
[  0%] Built target opencv_videoio_plugins
[  0%] Built target ittnotify
[  4%] Built target libopenjp2
[  7%] Built target ippiw
[ 23%] Built target libwebp
[ 37%] Built target IlmImf
[ 51%] Built target opencv_core
[ 51%] Built target opencv_version
[ 64%] Built target opencv_imgproc
[ 67%] Built target opencv_imgcodecs
[ 69%] Built target opencv_videoio
Consolidate compiler generated dependencies of target opencv_features2d
[ 70%] Built target opencv_highgui
[ 70%] Building CXX object modules/features2d/CMakeFiles/opencv_features2d.dir/src/brisk.cpp.o
[ 72%] Built target opencv_visualisation
[ 73%] Built target opencv_ts
[ 74%] Built target opencv_annotation
[ 74%] Built target opencv_test_highgui
[ 75%] Built target opencv_test_imgcodecs
[ 77%] Built target opencv_test_videoio
[ 83%] Built target opencv_test_core
[ 92%] Built target opencv_test_imgproc
[ 92%] Linking CXX shared library ../../lib/libopencv_features2d.so
[ 96%] Built target opencv_features2d
[ 96%] Linking CXX executable ../../bin/opencv_test_features2d
[100%] Built target opencv_test_features2d
Testing mutant brisk.MUT2972.cpp on faster26.swtv::core0
>> Building opencv_features2d_TF_top30
>> Applied patch to brisk.cpp with brisk.MUT2972.cpp
>> Building opencv_features2d_TF_top30
Mutant brisk.MUT2972.cpp is not killed (all tcs pass)
>> Reverted brisk.cpp to original from brisk.MUT2972.cpp

+++++ STDERR +++++

+++++ results for brisk.MUT3308.cpp +++++
+++++ STDOUT +++++
[  4%] Built target libopenjp2
[  4%] Built target ittnotify
[  7%] Built target ippiw
[  7%] Built target opencv_videoio_plugins
[  7%] Built target opencv_dnn_plugins
[  7%] Built target opencv_highgui_plugins
[ 23%] Built target libwebp
[ 37%] Built target IlmImf
[ 51%] Built target opencv_core
[ 51%] Built target opencv_version
[ 64%] Built target opencv_imgproc
[ 67%] Built target opencv_imgcodecs
[ 69%] Built target opencv_videoio
Consolidate compiler generated dependencies of target opencv_features2d
[ 70%] Built target opencv_highgui
[ 70%] Building CXX object modules/features2d/CMakeFiles/opencv_features2d.dir/src/brisk.cpp.o
[ 72%] Built target opencv_visualisation
[ 73%] Built target opencv_annotation
[ 74%] Built target opencv_ts
[ 74%] Built target opencv_test_highgui
[ 75%] Built target opencv_test_imgcodecs
[ 77%] Built target opencv_test_videoio
[ 83%] Built target opencv_test_core
[ 92%] Built target opencv_test_imgproc
[ 92%] Linking CXX shared library ../../lib/libopencv_features2d.so
[ 96%] Built target opencv_features2d
[ 96%] Linking CXX executable ../../bin/opencv_test_features2d
[100%] Built target opencv_test_features2d
[  0%] Built target opencv_highgui_plugins
[  0%] Built target opencv_dnn_plugins
[  0%] Built target opencv_videoio_plugins
[  0%] Built target ittnotify
[  4%] Built target ippiw
[  7%] Built target libopenjp2
[ 23%] Built target libwebp
[ 37%] Built target IlmImf
[ 51%] Built target opencv_core
[ 51%] Built target opencv_version
[ 64%] Built target opencv_imgproc
[ 67%] Built target opencv_imgcodecs
[ 69%] Built target opencv_videoio
Consolidate compiler generated dependencies of target opencv_features2d
[ 70%] Built target opencv_highgui
[ 70%] Building CXX object modules/features2d/CMakeFiles/opencv_features2d.dir/src/brisk.cpp.o
[ 73%] Built target opencv_annotation
[ 73%] Built target opencv_visualisation
[ 74%] Built target opencv_ts
[ 74%] Built target opencv_test_highgui
[ 75%] Built target opencv_test_imgcodecs
[ 77%] Built target opencv_test_videoio
[ 86%] Built target opencv_test_imgproc
[ 92%] Built target opencv_test_core
[ 92%] Linking CXX shared library ../../lib/libopencv_features2d.so
[ 96%] Built target opencv_features2d
[ 96%] Linking CXX executable ../../bin/opencv_test_features2d
[100%] Built target opencv_test_features2d
Testing mutant brisk.MUT3308.cpp on faster26.swtv::core0
>> Building opencv_features2d_TF_top30
>> Applied patch to brisk.cpp with brisk.MUT3308.cpp
>> Building opencv_features2d_TF_top30
Mutant brisk.MUT3308.cpp is not killed (all tcs pass)
>> Reverted brisk.cpp to original from brisk.MUT3308.cpp

+++++ STDERR +++++

+++++ results for brisk.MUT2561.cpp +++++
+++++ STDOUT +++++
[  0%] Built target opencv_videoio_plugins
[  0%] Built target opencv_highgui_plugins
[  0%] Built target opencv_dnn_plugins
[  0%] Built target ittnotify
[  5%] Built target ippiw
[  7%] Built target libopenjp2
[ 23%] Built target libwebp
[ 37%] Built target IlmImf
[ 51%] Built target opencv_core
[ 51%] Built target opencv_version
[ 64%] Built target opencv_imgproc
[ 67%] Built target opencv_imgcodecs
[ 69%] Built target opencv_videoio
Consolidate compiler generated dependencies of target opencv_features2d
[ 70%] Built target opencv_highgui
[ 70%] Building CXX object modules/features2d/CMakeFiles/opencv_features2d.dir/src/brisk.cpp.o
[ 72%] Built target opencv_annotation
[ 73%] Built target opencv_visualisation
[ 74%] Built target opencv_ts
[ 74%] Built target opencv_test_highgui
[ 75%] Built target opencv_test_imgcodecs
[ 77%] Built target opencv_test_videoio
[ 87%] Built target opencv_test_imgproc
[ 92%] Built target opencv_test_core
[ 92%] Linking CXX shared library ../../lib/libopencv_features2d.so
[ 96%] Built target opencv_features2d
[ 96%] Linking CXX executable ../../bin/opencv_test_features2d
[100%] Built target opencv_test_features2d
[  0%] Built target opencv_highgui_plugins
[  0%] Built target opencv_dnn_plugins
[  0%] Built target ittnotify
[  0%] Built target opencv_videoio_plugins
[  3%] Built target libopenjp2
[  7%] Built target ippiw
[ 23%] Built target libwebp
[ 37%] Built target IlmImf
[ 51%] Built target opencv_core
[ 51%] Built target opencv_version
[ 64%] Built target opencv_imgproc
[ 67%] Built target opencv_imgcodecs
[ 69%] Built target opencv_videoio
Consolidate compiler generated dependencies of target opencv_features2d
[ 70%] Built target opencv_highgui
[ 73%] Built target opencv_annotation
[ 73%] Building CXX object modules/features2d/CMakeFiles/opencv_features2d.dir/src/brisk.cpp.o
[ 73%] Built target opencv_visualisation
[ 74%] Built target opencv_ts
[ 74%] Built target opencv_test_highgui
[ 75%] Built target opencv_test_imgcodecs
[ 77%] Built target opencv_test_videoio
[ 83%] Built target opencv_test_core
[ 92%] Built target opencv_test_imgproc
[ 92%] Linking CXX shared library ../../lib/libopencv_features2d.so
[ 96%] Built target opencv_features2d
[ 96%] Linking CXX executable ../../bin/opencv_test_features2d
[100%] Built target opencv_test_features2d
Testing mutant brisk.MUT2561.cpp on faster26.swtv::core0
>> Building opencv_features2d_TF_top30
>> Applied patch to brisk.cpp with brisk.MUT2561.cpp
>> Building opencv_features2d_TF_top30
Mutant brisk.MUT2561.cpp is not killed (all tcs pass)
>> Reverted brisk.cpp to original from brisk.MUT2561.cpp

+++++ STDERR +++++

+++++ results for brisk.MUT3413.cpp +++++
+++++ STDOUT +++++
[  0%] Built target opencv_highgui_plugins
[  0%] Built target opencv_videoio_plugins
[  0%] Built target opencv_dnn_plugins
[  0%] Built target ittnotify
[  3%] Built target libopenjp2
[  7%] Built target ippiw
[ 23%] Built target libwebp
[ 37%] Built target IlmImf
[ 51%] Built target opencv_core
[ 51%] Built target opencv_version
[ 64%] Built target opencv_imgproc
[ 67%] Built target opencv_imgcodecs
[ 69%] Built target opencv_videoio
Consolidate compiler generated dependencies of target opencv_features2d
[ 70%] Built target opencv_highgui
[ 70%] Building CXX object modules/features2d/CMakeFiles/opencv_features2d.dir/src/brisk.cpp.o
[ 72%] Built target opencv_visualisation
[ 73%] Built target opencv_ts
[ 74%] Built target opencv_annotation
[ 74%] Built target opencv_test_highgui
[ 75%] Built target opencv_test_imgcodecs
[ 77%] Built target opencv_test_videoio
[ 83%] Built target opencv_test_core
[ 92%] Built target opencv_test_imgproc
[ 92%] Linking CXX shared library ../../lib/libopencv_features2d.so
[ 96%] Built target opencv_features2d
[ 96%] Linking CXX executable ../../bin/opencv_test_features2d
[100%] Built target opencv_test_features2d
[  0%] Built target opencv_highgui_plugins
[  1%] Built target opencv_dnn_plugins
[  1%] Built target opencv_videoio_plugins
[  3%] Built target libopenjp2
[  3%] Built target ittnotify
[  7%] Built target ippiw
[ 23%] Built target libwebp
[ 37%] Built target IlmImf
[ 51%] Built target opencv_core
[ 51%] Built target opencv_version
[ 64%] Built target opencv_imgproc
[ 67%] Built target opencv_imgcodecs
[ 69%] Built target opencv_videoio
Consolidate compiler generated dependencies of target opencv_features2d
[ 70%] Built target opencv_highgui
[ 70%] Building CXX object modules/features2d/CMakeFiles/opencv_features2d.dir/src/brisk.cpp.o
[ 72%] Built target opencv_annotation
[ 73%] Built target opencv_visualisation
[ 74%] Built target opencv_ts
[ 75%] Built target opencv_test_imgcodecs
[ 75%] Built target opencv_test_highgui
[ 77%] Built target opencv_test_videoio
[ 86%] Built target opencv_test_imgproc
[ 92%] Built target opencv_test_core
[ 92%] Linking CXX shared library ../../lib/libopencv_features2d.so
[ 96%] Built target opencv_features2d
[ 96%] Linking CXX executable ../../bin/opencv_test_features2d
[100%] Built target opencv_test_features2d
Testing mutant brisk.MUT3413.cpp on faster26.swtv::core0
>> Building opencv_features2d_TF_top30
>> Applied patch to brisk.cpp with brisk.MUT3413.cpp
>> Building opencv_features2d_TF_top30
Mutant brisk.MUT3413.cpp is not killed (all tcs pass)
>> Reverted brisk.cpp to original from brisk.MUT3413.cpp

+++++ STDERR +++++

+++++ results for brisk.MUT2581.cpp +++++
+++++ STDOUT +++++
[  0%] Built target opencv_videoio_plugins
[  0%] Built target opencv_highgui_plugins
[  4%] Built target ippiw
[  4%] Built target ittnotify
[  7%] Built target libopenjp2
[  7%] Built target opencv_dnn_plugins
[ 23%] Built target libwebp
[ 37%] Built target IlmImf
[ 51%] Built target opencv_core
[ 51%] Built target opencv_version
[ 64%] Built target opencv_imgproc
[ 67%] Built target opencv_imgcodecs
[ 69%] Built target opencv_videoio
Consolidate compiler generated dependencies of target opencv_features2d
[ 70%] Built target opencv_highgui
[ 70%] Building CXX object modules/features2d/CMakeFiles/opencv_features2d.dir/src/brisk.cpp.o
[ 72%] Built target opencv_annotation
[ 73%] Built target opencv_visualisation
[ 74%] Built target opencv_ts
[ 74%] Built target opencv_test_highgui
[ 75%] Built target opencv_test_imgcodecs
[ 77%] Built target opencv_test_videoio
[ 83%] Built target opencv_test_core
[ 92%] Built target opencv_test_imgproc
[ 92%] Linking CXX shared library ../../lib/libopencv_features2d.so
[ 96%] Built target opencv_features2d
[ 96%] Linking CXX executable ../../bin/opencv_test_features2d
[100%] Built target opencv_test_features2d
[  0%] Built target opencv_dnn_plugins
[  0%] Built target opencv_highgui_plugins
[  0%] Built target opencv_videoio_plugins
[  0%] Built target ittnotify
[  3%] Built target libopenjp2
[  7%] Built target ippiw
[ 23%] Built target libwebp
[ 37%] Built target IlmImf
[ 51%] Built target opencv_core
[ 51%] Built target opencv_version
[ 64%] Built target opencv_imgproc
[ 67%] Built target opencv_imgcodecs
[ 69%] Built target opencv_videoio
Consolidate compiler generated dependencies of target opencv_features2d
[ 69%] Building CXX object modules/features2d/CMakeFiles/opencv_features2d.dir/src/brisk.cpp.o
[ 70%] Built target opencv_highgui
[ 73%] Built target opencv_annotation
[ 73%] Built target opencv_visualisation
[ 74%] Built target opencv_ts
[ 74%] Built target opencv_test_highgui
[ 75%] Built target opencv_test_imgcodecs
[ 77%] Built target opencv_test_videoio
[ 83%] Built target opencv_test_core
[ 92%] Built target opencv_test_imgproc
[ 92%] Linking CXX shared library ../../lib/libopencv_features2d.so
[ 96%] Built target opencv_features2d
[ 96%] Linking CXX executable ../../bin/opencv_test_features2d
[100%] Built target opencv_test_features2d
Testing mutant brisk.MUT2581.cpp on faster26.swtv::core0
>> Building opencv_features2d_TF_top30
>> Applied patch to brisk.cpp with brisk.MUT2581.cpp
>> Building opencv_features2d_TF_top30
Mutant brisk.MUT2581.cpp is not killed (all tcs pass)
>> Reverted brisk.cpp to original from brisk.MUT2581.cpp

+++++ STDERR +++++

+++++ results for brisk.MUT917.cpp +++++
+++++ STDOUT +++++
[  0%] Built target opencv_dnn_plugins
[  0%] Built target opencv_videoio_plugins
[  0%] Built target opencv_highgui_plugins
[  0%] Built target ittnotify
[  3%] Built target libopenjp2
[  7%] Built target ippiw
[ 23%] Built target libwebp
[ 37%] Built target IlmImf
[ 51%] Built target opencv_core
[ 51%] Built target opencv_version
[ 64%] Built target opencv_imgproc
[ 67%] Built target opencv_imgcodecs
Consolidate compiler generated dependencies of target opencv_features2d
[ 69%] Built target opencv_videoio
[ 69%] Building CXX object modules/features2d/CMakeFiles/opencv_features2d.dir/src/brisk.cpp.o
[ 70%] Built target opencv_highgui
[ 73%] Built target opencv_annotation
[ 73%] Built target opencv_visualisation
[ 74%] Built target opencv_ts
[ 75%] Built target opencv_test_imgcodecs
[ 75%] Built target opencv_test_highgui
[ 77%] Built target opencv_test_videoio
[ 83%] Built target opencv_test_core
[ 92%] Built target opencv_test_imgproc
[ 92%] Linking CXX shared library ../../lib/libopencv_features2d.so
[ 96%] Built target opencv_features2d
[ 96%] Linking CXX executable ../../bin/opencv_test_features2d
[100%] Built target opencv_test_features2d
[  0%] Built target opencv_highgui_plugins
[  0%] Built target opencv_videoio_plugins
[  0%] Built target opencv_dnn_plugins
[  3%] Built target libopenjp2
[  3%] Built target ittnotify
[  7%] Built target ippiw
[ 23%] Built target libwebp
[ 37%] Built target IlmImf
[ 51%] Built target opencv_core
[ 51%] Built target opencv_version
[ 64%] Built target opencv_imgproc
[ 67%] Built target opencv_imgcodecs
[ 69%] Built target opencv_videoio
Consolidate compiler generated dependencies of target opencv_features2d
[ 70%] Built target opencv_highgui
[ 70%] Building CXX object modules/features2d/CMakeFiles/opencv_features2d.dir/src/brisk.cpp.o
[ 72%] Built target opencv_visualisation
[ 73%] Built target opencv_annotation
[ 74%] Built target opencv_ts
[ 74%] Built target opencv_test_highgui
[ 75%] Built target opencv_test_imgcodecs
[ 77%] Built target opencv_test_videoio
[ 83%] Built target opencv_test_core
[ 92%] Built target opencv_test_imgproc
[ 92%] Linking CXX shared library ../../lib/libopencv_features2d.so
[ 96%] Built target opencv_features2d
[ 96%] Linking CXX executable ../../bin/opencv_test_features2d
[100%] Built target opencv_test_features2d
Testing mutant brisk.MUT917.cpp on faster26.swtv::core0
>> Building opencv_features2d_TF_top30
>> Applied patch to brisk.cpp with brisk.MUT917.cpp
>> Building opencv_features2d_TF_top30
Mutant brisk.MUT917.cpp is not killed (all tcs pass)
>> Reverted brisk.cpp to original from brisk.MUT917.cpp

+++++ STDERR +++++

+++++ results for brisk.MUT3064.cpp +++++
+++++ STDOUT +++++
[  0%] Built target opencv_videoio_plugins
[  0%] Built target ittnotify
[  0%] Built target opencv_dnn_plugins
[  0%] Built target opencv_highgui_plugins
[  4%] Built target ippiw
[  7%] Built target libopenjp2
[ 23%] Built target libwebp
[ 37%] Built target IlmImf
[ 51%] Built target opencv_core
[ 51%] Built target opencv_version
[ 64%] Built target opencv_imgproc
[ 67%] Built target opencv_imgcodecs
[ 69%] Built target opencv_videoio
Consolidate compiler generated dependencies of target opencv_features2d
[ 70%] Built target opencv_highgui
[ 70%] Building CXX object modules/features2d/CMakeFiles/opencv_features2d.dir/src/brisk.cpp.o
[ 72%] Built target opencv_visualisation
[ 73%] Built target opencv_annotation
[ 74%] Built target opencv_ts
[ 74%] Built target opencv_test_highgui
[ 75%] Built target opencv_test_imgcodecs
[ 77%] Built target opencv_test_videoio
[ 86%] Built target opencv_test_imgproc
[ 92%] Built target opencv_test_core
[ 92%] Linking CXX shared library ../../lib/libopencv_features2d.so
[ 96%] Built target opencv_features2d
[ 96%] Linking CXX executable ../../bin/opencv_test_features2d
[100%] Built target opencv_test_features2d
[  0%] Built target opencv_highgui_plugins
[  3%] Built target libopenjp2
[  3%] Built target opencv_videoio_plugins
[  3%] Built target opencv_dnn_plugins
[  3%] Built target ittnotify
[  7%] Built target ippiw
[ 23%] Built target libwebp
[ 37%] Built target IlmImf
[ 51%] Built target opencv_core
[ 51%] Built target opencv_version
[ 64%] Built target opencv_imgproc
[ 67%] Built target opencv_imgcodecs
[ 69%] Built target opencv_videoio
Consolidate compiler generated dependencies of target opencv_features2d
[ 70%] Built target opencv_highgui
[ 70%] Building CXX object modules/features2d/CMakeFiles/opencv_features2d.dir/src/brisk.cpp.o
[ 72%] Built target opencv_annotation
[ 73%] Built target opencv_visualisation
[ 74%] Built target opencv_ts
[ 74%] Built target opencv_test_highgui
[ 75%] Built target opencv_test_imgcodecs
[ 77%] Built target opencv_test_videoio
[ 83%] Built target opencv_test_core
[ 92%] Built target opencv_test_imgproc
[ 92%] Linking CXX shared library ../../lib/libopencv_features2d.so
[ 96%] Built target opencv_features2d
[ 96%] Linking CXX executable ../../bin/opencv_test_features2d
[100%] Built target opencv_test_features2d
Testing mutant brisk.MUT3064.cpp on faster26.swtv::core0
>> Building opencv_features2d_TF_top30
>> Applied patch to brisk.cpp with brisk.MUT3064.cpp
>> Building opencv_features2d_TF_top30
Mutant brisk.MUT3064.cpp is not killed (all tcs pass)
>> Reverted brisk.cpp to original from brisk.MUT3064.cpp

+++++ STDERR +++++

+++++ results for brisk.MUT2245.cpp +++++
+++++ STDOUT +++++
[  1%] Built target opencv_highgui_plugins
[  2%] Built target opencv_dnn_plugins
[  2%] Built target opencv_videoio_plugins
[  4%] Built target ippiw
[  5%] Built target ittnotify
[  7%] Built target libopenjp2
[ 23%] Built target libwebp
[ 37%] Built target IlmImf
[ 51%] Built target opencv_core
[ 51%] Built target opencv_version
[ 64%] Built target opencv_imgproc
[ 67%] Built target opencv_imgcodecs
[ 69%] Built target opencv_videoio
Consolidate compiler generated dependencies of target opencv_features2d
[ 69%] Building CXX object modules/features2d/CMakeFiles/opencv_features2d.dir/src/brisk.cpp.o
[ 70%] Built target opencv_highgui
[ 73%] Built target opencv_visualisation
[ 73%] Built target opencv_annotation
[ 74%] Built target opencv_ts
[ 74%] Built target opencv_test_highgui
[ 75%] Built target opencv_test_imgcodecs
[ 78%] Built target opencv_test_videoio
[ 83%] Built target opencv_test_core
[ 92%] Built target opencv_test_imgproc
[ 92%] Linking CXX shared library ../../lib/libopencv_features2d.so
[ 96%] Built target opencv_features2d
[ 96%] Linking CXX executable ../../bin/opencv_test_features2d
[100%] Built target opencv_test_features2d
[  0%] Built target opencv_highgui_plugins
[  0%] Built target opencv_dnn_plugins
[  0%] Built target opencv_videoio_plugins
[  0%] Built target ittnotify
[  3%] Built target libopenjp2
[  7%] Built target ippiw
[ 23%] Built target libwebp
[ 37%] Built target IlmImf
[ 51%] Built target opencv_core
[ 51%] Built target opencv_version
[ 64%] Built target opencv_imgproc
[ 67%] Built target opencv_imgcodecs
[ 69%] Built target opencv_videoio
Consolidate compiler generated dependencies of target opencv_features2d
[ 70%] Built target opencv_highgui
[ 70%] Building CXX object modules/features2d/CMakeFiles/opencv_features2d.dir/src/brisk.cpp.o
[ 72%] Built target opencv_visualisation
[ 73%] Built target opencv_annotation
[ 74%] Built target opencv_ts
[ 74%] Built target opencv_test_highgui
[ 75%] Built target opencv_test_imgcodecs
[ 77%] Built target opencv_test_videoio
[ 83%] Built target opencv_test_core
[ 92%] Built target opencv_test_imgproc
[ 92%] Linking CXX shared library ../../lib/libopencv_features2d.so
[ 96%] Built target opencv_features2d
[ 96%] Linking CXX executable ../../bin/opencv_test_features2d
[100%] Built target opencv_test_features2d
Testing mutant brisk.MUT2245.cpp on faster26.swtv::core0
>> Building opencv_features2d_TF_top30
>> Applied patch to brisk.cpp with brisk.MUT2245.cpp
>> Building opencv_features2d_TF_top30
SELECT bug_idx FROM bug_info WHERE subject = %s AND experiment_name = %s AND version = %s ['opencv_features2d_TF_top30', 'TF_top30', 'brisk.MUT2245.cpp']
>> Saved buggy mutant brisk.MUT2245.cpp
	 - Failing test cases: 1
	 - Passing test cases: 61
	 - Crashing test cases: 0
>> Reverted brisk.cpp to original from brisk.MUT2245.cpp

+++++ STDERR +++++

+++++ results for brisk.MUT2309.cpp +++++
+++++ STDOUT +++++
[  0%] Built target opencv_highgui_plugins
[  0%] Built target opencv_dnn_plugins
[  0%] Built target ittnotify
[  0%] Built target opencv_videoio_plugins
[  4%] Built target ippiw
[  7%] Built target libopenjp2
[ 23%] Built target libwebp
[ 37%] Built target IlmImf
[ 51%] Built target opencv_core
[ 51%] Built target opencv_version
[ 64%] Built target opencv_imgproc
[ 67%] Built target opencv_imgcodecs
[ 69%] Built target opencv_videoio
Consolidate compiler generated dependencies of target opencv_features2d
[ 69%] Building CXX object modules/features2d/CMakeFiles/opencv_features2d.dir/src/brisk.cpp.o
[ 70%] Built target opencv_highgui
[ 73%] Built target opencv_ts
[ 73%] Built target opencv_visualisation
[ 74%] Built target opencv_annotation
[ 75%] Built target opencv_test_imgcodecs
[ 75%] Built target opencv_test_highgui
[ 77%] Built target opencv_test_videoio
[ 83%] Built target opencv_test_core
[ 92%] Built target opencv_test_imgproc
[ 92%] Linking CXX shared library ../../lib/libopencv_features2d.so
[ 96%] Built target opencv_features2d
[ 96%] Linking CXX executable ../../bin/opencv_test_features2d
[100%] Built target opencv_test_features2d
[  0%] Built target opencv_videoio_plugins
[  0%] Built target opencv_dnn_plugins
[  0%] Built target ittnotify
[  3%] Built target libopenjp2
[  4%] Built target opencv_highgui_plugins
[  7%] Built target ippiw
[ 23%] Built target libwebp
[ 37%] Built target IlmImf
[ 51%] Built target opencv_core
[ 51%] Built target opencv_version
[ 64%] Built target opencv_imgproc
[ 67%] Built target opencv_imgcodecs
[ 69%] Built target opencv_videoio
Consolidate compiler generated dependencies of target opencv_features2d
[ 70%] Built target opencv_highgui
[ 70%] Building CXX object modules/features2d/CMakeFiles/opencv_features2d.dir/src/brisk.cpp.o
[ 73%] Built target opencv_annotation
[ 73%] Built target opencv_visualisation
[ 74%] Built target opencv_ts
[ 74%] Built target opencv_test_highgui
[ 75%] Built target opencv_test_imgcodecs
[ 77%] Built target opencv_test_videoio
[ 86%] Built target opencv_test_imgproc
[ 92%] Built target opencv_test_core
Testing mutant brisk.MUT2309.cpp on faster26.swtv::core0
>> Building opencv_features2d_TF_top30
>> Applied patch to brisk.cpp with brisk.MUT2309.cpp
>> Building opencv_features2d_TF_top30
Failed to build on brisk.MUT2309.cpp
>> Reverted brisk.cpp to original from brisk.MUT2309.cpp

+++++ STDERR +++++
/home/yangheechan/FL-dataset-generation-opencv_features2d_TF_top30/work/opencv_features2d_TF_top30/working_env/faster26.swtv/core0/opencv_features2d_TF_top30/modules/features2d/src/brisk.cpp: In member function float cv::BriskScaleSpace::getScoreMaxBelow(int, int, int, int, bool&, float&, float&) const:
/home/yangheechan/FL-dataset-generation-opencv_features2d_TF_top30/work/opencv_features2d_TF_top30/working_env/faster26.swtv/core0/opencv_features2d_TF_top30/modules/features2d/src/brisk.cpp:1721:46: error: call of overloaded getAgastScore(float&, int, int) is ambiguous
 1721 |   float max = (float)layerBelow.getAgastScore(x_1, 1, 1);
      |                      ~~~~~~~~~~~~~~~~~~~~~~~~^~~~~~~~~~~
/home/yangheechan/FL-dataset-generation-opencv_features2d_TF_top30/work/opencv_features2d_TF_top30/working_env/faster26.swtv/core0/opencv_features2d_TF_top30/modules/features2d/src/brisk.cpp:227:3: note: candidate: int cv::BriskLayer::getAgastScore(int, int, int) const
  227 |   getAgastScore(int x, int y, int threshold) const;
      |   ^~~~~~~~~~~~~
/home/yangheechan/FL-dataset-generation-opencv_features2d_TF_top30/work/opencv_features2d_TF_top30/working_env/faster26.swtv/core0/opencv_features2d_TF_top30/modules/features2d/src/brisk.cpp:231:3: note: candidate: int cv::BriskLayer::getAgastScore(float, float, int, float) const
  231 |   getAgastScore(float xf, float yf, int threshold, float scale = 1.0f) const;
      |   ^~~~~~~~~~~~~
make[2]: *** [modules/features2d/CMakeFiles/opencv_features2d.dir/build.make:168: modules/features2d/CMakeFiles/opencv_features2d.dir/src/brisk.cpp.o] Error 1
make[1]: *** [CMakeFiles/Makefile2:1473: modules/features2d/CMakeFiles/opencv_features2d.dir/all] Error 2
make: *** [Makefile:166: all] Error 2

+++++ results for brisk.MUT1359.cpp +++++
+++++ STDOUT +++++
[  0%] Built target opencv_dnn_plugins
[  0%] Built target opencv_highgui_plugins
[  0%] Built target opencv_videoio_plugins
[  4%] Built target ippiw
[  7%] Built target libopenjp2
[  7%] Built target ittnotify
[ 23%] Built target libwebp
[ 37%] Built target IlmImf
[ 51%] Built target opencv_core
[ 51%] Built target opencv_version
[ 64%] Built target opencv_imgproc
[ 67%] Built target opencv_imgcodecs
[ 69%] Built target opencv_videoio
Consolidate compiler generated dependencies of target opencv_features2d
[ 70%] Built target opencv_highgui
[ 72%] Built target opencv_annotation
[ 72%] Building CXX object modules/features2d/CMakeFiles/opencv_features2d.dir/src/brisk.cpp.o
[ 73%] Built target opencv_visualisation
[ 74%] Built target opencv_ts
[ 74%] Built target opencv_test_highgui
[ 75%] Built target opencv_test_imgcodecs
[ 77%] Built target opencv_test_videoio
[ 83%] Built target opencv_test_core
[ 92%] Built target opencv_test_imgproc
[ 92%] Linking CXX shared library ../../lib/libopencv_features2d.so
[ 96%] Built target opencv_features2d
[ 96%] Linking CXX executable ../../bin/opencv_test_features2d
[100%] Built target opencv_test_features2d
[  0%] Built target opencv_videoio_plugins
[  0%] Built target opencv_highgui_plugins
[  0%] Built target opencv_dnn_plugins
[  0%] Built target ittnotify
[  4%] Built target libopenjp2
[  7%] Built target ippiw
[ 23%] Built target libwebp
[ 37%] Built target IlmImf
[ 51%] Built target opencv_core
[ 51%] Built target opencv_version
[ 64%] Built target opencv_imgproc
[ 67%] Built target opencv_imgcodecs
[ 69%] Built target opencv_videoio
Consolidate compiler generated dependencies of target opencv_features2d
[ 70%] Built target opencv_highgui
[ 70%] Building CXX object modules/features2d/CMakeFiles/opencv_features2d.dir/src/brisk.cpp.o
[ 72%] Built target opencv_visualisation
[ 73%] Built target opencv_annotation
[ 74%] Built target opencv_ts
[ 74%] Built target opencv_test_highgui
[ 75%] Built target opencv_test_imgcodecs
[ 77%] Built target opencv_test_videoio
[ 92%] Built target opencv_test_core
[ 92%] Built target opencv_test_imgproc
[ 92%] Linking CXX shared library ../../lib/libopencv_features2d.so
[ 96%] Built target opencv_features2d
[ 96%] Linking CXX executable ../../bin/opencv_test_features2d
[100%] Built target opencv_test_features2d
Testing mutant brisk.MUT1359.cpp on faster26.swtv::core0
>> Building opencv_features2d_TF_top30
>> Applied patch to brisk.cpp with brisk.MUT1359.cpp
>> Building opencv_features2d_TF_top30
Mutant brisk.MUT1359.cpp is not killed (all tcs pass)
>> Reverted brisk.cpp to original from brisk.MUT1359.cpp

+++++ STDERR +++++

+++++ results for brisk.MUT2819.cpp +++++
+++++ STDOUT +++++
[  0%] Built target opencv_videoio_plugins
[  0%] Built target opencv_highgui_plugins
[  0%] Built target opencv_dnn_plugins
[  0%] Built target ittnotify
[  5%] Built target ippiw
[  7%] Built target libopenjp2
[ 23%] Built target libwebp
[ 37%] Built target IlmImf
[ 51%] Built target opencv_core
[ 51%] Built target opencv_version
[ 64%] Built target opencv_imgproc
[ 67%] Built target opencv_imgcodecs
[ 69%] Built target opencv_videoio
Consolidate compiler generated dependencies of target opencv_features2d
[ 70%] Built target opencv_highgui
[ 70%] Building CXX object modules/features2d/CMakeFiles/opencv_features2d.dir/src/brisk.cpp.o
[ 72%] Built target opencv_visualisation
[ 73%] Built target opencv_annotation
[ 74%] Built target opencv_ts
[ 74%] Built target opencv_test_highgui
[ 75%] Built target opencv_test_imgcodecs
[ 77%] Built target opencv_test_videoio
[ 83%] Built target opencv_test_core
[ 92%] Built target opencv_test_imgproc
[ 92%] Linking CXX shared library ../../lib/libopencv_features2d.so
[ 96%] Built target opencv_features2d
[ 96%] Linking CXX executable ../../bin/opencv_test_features2d
[100%] Built target opencv_test_features2d
[  0%] Built target opencv_highgui_plugins
[  0%] Built target ittnotify
[  0%] Built target opencv_dnn_plugins
[  0%] Built target opencv_videoio_plugins
[  4%] Built target libopenjp2
[  7%] Built target ippiw
[ 23%] Built target libwebp
[ 37%] Built target IlmImf
[ 51%] Built target opencv_core
[ 51%] Built target opencv_version
[ 64%] Built target opencv_imgproc
[ 67%] Built target opencv_imgcodecs
[ 69%] Built target opencv_videoio
Consolidate compiler generated dependencies of target opencv_features2d
[ 70%] Built target opencv_highgui
[ 70%] Building CXX object modules/features2d/CMakeFiles/opencv_features2d.dir/src/brisk.cpp.o
[ 72%] Built target opencv_annotation
[ 73%] Built target opencv_visualisation
[ 74%] Built target opencv_ts
[ 74%] Built target opencv_test_highgui
[ 75%] Built target opencv_test_imgcodecs
[ 77%] Built target opencv_test_videoio
[ 83%] Built target opencv_test_core
[ 92%] Built target opencv_test_imgproc
[ 92%] Linking CXX shared library ../../lib/libopencv_features2d.so
[ 96%] Built target opencv_features2d
[ 96%] Linking CXX executable ../../bin/opencv_test_features2d
[100%] Built target opencv_test_features2d
Testing mutant brisk.MUT2819.cpp on faster26.swtv::core0
>> Building opencv_features2d_TF_top30
>> Applied patch to brisk.cpp with brisk.MUT2819.cpp
>> Building opencv_features2d_TF_top30
SELECT bug_idx FROM bug_info WHERE subject = %s AND experiment_name = %s AND version = %s ['opencv_features2d_TF_top30', 'TF_top30', 'brisk.MUT2819.cpp']
>> Saved buggy mutant brisk.MUT2819.cpp
	 - Failing test cases: 2
	 - Passing test cases: 60
	 - Crashing test cases: 0
>> Reverted brisk.cpp to original from brisk.MUT2819.cpp

+++++ STDERR +++++

+++++ results for brisk.MUT704.cpp +++++
+++++ STDOUT +++++
[  0%] Built target opencv_dnn_plugins
[  0%] Built target opencv_highgui_plugins
[  0%] Built target opencv_videoio_plugins
[  0%] Built target ittnotify
[  6%] Built target libopenjp2
[  7%] Built target ippiw
[ 23%] Built target libwebp
[ 37%] Built target IlmImf
[ 51%] Built target opencv_core
[ 51%] Built target opencv_version
[ 64%] Built target opencv_imgproc
[ 67%] Built target opencv_imgcodecs
[ 69%] Built target opencv_videoio
Consolidate compiler generated dependencies of target opencv_features2d
[ 70%] Built target opencv_highgui
[ 70%] Building CXX object modules/features2d/CMakeFiles/opencv_features2d.dir/src/brisk.cpp.o
[ 72%] Built target opencv_visualisation
[ 73%] Built target opencv_annotation
[ 74%] Built target opencv_ts
[ 75%] Built target opencv_test_imgcodecs
[ 75%] Built target opencv_test_highgui
[ 77%] Built target opencv_test_videoio
[ 83%] Built target opencv_test_core
[ 92%] Built target opencv_test_imgproc
[ 92%] Linking CXX shared library ../../lib/libopencv_features2d.so
[ 96%] Built target opencv_features2d
[ 96%] Linking CXX executable ../../bin/opencv_test_features2d
[100%] Built target opencv_test_features2d
[  0%] Built target opencv_dnn_plugins
[  4%] Built target ippiw
[  4%] Built target opencv_videoio_plugins
[  4%] Built target opencv_highgui_plugins
[  4%] Built target ittnotify
[  7%] Built target libopenjp2
[ 32%] Built target libwebp
[ 37%] Built target IlmImf
[ 51%] Built target opencv_core
[ 51%] Built target opencv_version
[ 64%] Built target opencv_imgproc
[ 67%] Built target opencv_imgcodecs
Consolidate compiler generated dependencies of target opencv_features2d
[ 69%] Built target opencv_videoio
[ 69%] Building CXX object modules/features2d/CMakeFiles/opencv_features2d.dir/src/brisk.cpp.o
[ 70%] Built target opencv_highgui
[ 72%] Built target opencv_visualisation
[ 74%] Built target opencv_annotation
[ 74%] Built target opencv_ts
[ 74%] Built target opencv_test_highgui
[ 75%] Built target opencv_test_imgcodecs
[ 77%] Built target opencv_test_videoio
[ 83%] Built target opencv_test_core
[ 92%] Built target opencv_test_imgproc
[ 92%] Linking CXX shared library ../../lib/libopencv_features2d.so
[ 96%] Built target opencv_features2d
[ 96%] Linking CXX executable ../../bin/opencv_test_features2d
[100%] Built target opencv_test_features2d
Testing mutant brisk.MUT704.cpp on faster26.swtv::core0
>> Building opencv_features2d_TF_top30
>> Applied patch to brisk.cpp with brisk.MUT704.cpp
>> Building opencv_features2d_TF_top30
SELECT bug_idx FROM bug_info WHERE subject = %s AND experiment_name = %s AND version = %s ['opencv_features2d_TF_top30', 'TF_top30', 'brisk.MUT704.cpp']
>> Saved buggy mutant brisk.MUT704.cpp
	 - Failing test cases: 3
	 - Passing test cases: 58
	 - Crashing test cases: 1
>> Reverted brisk.cpp to original from brisk.MUT704.cpp

+++++ STDERR +++++

+++++ results for brisk.MUT1106.cpp +++++
+++++ STDOUT +++++
[  0%] Built target opencv_videoio_plugins
[  0%] Built target opencv_highgui_plugins
[  0%] Built target opencv_dnn_plugins
[  0%] Built target ittnotify
[  3%] Built target libopenjp2
[  7%] Built target ippiw
[ 23%] Built target libwebp
[ 37%] Built target IlmImf
[ 51%] Built target opencv_core
[ 51%] Built target opencv_version
[ 64%] Built target opencv_imgproc
[ 67%] Built target opencv_imgcodecs
[ 69%] Built target opencv_videoio
Consolidate compiler generated dependencies of target opencv_features2d
[ 70%] Built target opencv_highgui
[ 70%] Building CXX object modules/features2d/CMakeFiles/opencv_features2d.dir/src/brisk.cpp.o
[ 72%] Built target opencv_annotation
[ 73%] Built target opencv_visualisation
[ 74%] Built target opencv_ts
[ 74%] Built target opencv_test_highgui
[ 75%] Built target opencv_test_imgcodecs
[ 77%] Built target opencv_test_videoio
[ 83%] Built target opencv_test_core
[ 92%] Built target opencv_test_imgproc
[ 92%] Linking CXX shared library ../../lib/libopencv_features2d.so
[ 96%] Built target opencv_features2d
[ 96%] Linking CXX executable ../../bin/opencv_test_features2d
[100%] Built target opencv_test_features2d
[  0%] Built target opencv_dnn_plugins
[  0%] Built target opencv_highgui_plugins
[  0%] Built target ittnotify
[  0%] Built target opencv_videoio_plugins
[  4%] Built target ippiw
[  7%] Built target libopenjp2
[ 23%] Built target libwebp
[ 37%] Built target IlmImf
[ 51%] Built target opencv_core
[ 51%] Built target opencv_version
[ 64%] Built target opencv_imgproc
[ 67%] Built target opencv_imgcodecs
[ 69%] Built target opencv_videoio
[ 70%] Built target opencv_highgui
Consolidate compiler generated dependencies of target opencv_features2d
[ 73%] Built target opencv_visualisation
[ 73%] Built target opencv_annotation
[ 74%] Built target opencv_ts
[ 74%] Building CXX object modules/features2d/CMakeFiles/opencv_features2d.dir/src/brisk.cpp.o
[ 74%] Built target opencv_test_highgui
[ 75%] Built target opencv_test_imgcodecs
[ 77%] Built target opencv_test_videoio
[ 83%] Built target opencv_test_core
[ 92%] Built target opencv_test_imgproc
Testing mutant brisk.MUT1106.cpp on faster26.swtv::core0
>> Building opencv_features2d_TF_top30
>> Applied patch to brisk.cpp with brisk.MUT1106.cpp
>> Building opencv_features2d_TF_top30
Failed to build on brisk.MUT1106.cpp
>> Reverted brisk.cpp to original from brisk.MUT1106.cpp

+++++ STDERR +++++
/home/yangheechan/FL-dataset-generation-opencv_features2d_TF_top30/work/opencv_features2d_TF_top30/working_env/faster26.swtv/core0/opencv_features2d_TF_top30/modules/features2d/src/brisk.cpp: In member function void cv::BriskScaleSpace::getKeypoints(int, std::vector<cv::KeyPoint>&):
/home/yangheechan/FL-dataset-generation-opencv_features2d_TF_top30/work/opencv_features2d_TF_top30/working_env/faster26.swtv/core0/opencv_features2d_TF_top30/modules/features2d/src/brisk.cpp:1005:34: error: call of overloaded getAgastScore(int, float, int) is ambiguous
 1005 |       int s_2_2 = l.getAgastScore(s_1_2 + 1, point.y + 1, 1);
      |                   ~~~~~~~~~~~~~~~^~~~~~~~~~~~~~~~~~~~~~~~~~~
/home/yangheechan/FL-dataset-generation-opencv_features2d_TF_top30/work/opencv_features2d_TF_top30/working_env/faster26.swtv/core0/opencv_features2d_TF_top30/modules/features2d/src/brisk.cpp:227:3: note: candidate: int cv::BriskLayer::getAgastScore(int, int, int) const
  227 |   getAgastScore(int x, int y, int threshold) const;
      |   ^~~~~~~~~~~~~
/home/yangheechan/FL-dataset-generation-opencv_features2d_TF_top30/work/opencv_features2d_TF_top30/working_env/faster26.swtv/core0/opencv_features2d_TF_top30/modules/features2d/src/brisk.cpp:231:3: note: candidate: int cv::BriskLayer::getAgastScore(float, float, int, float) const
  231 |   getAgastScore(float xf, float yf, int threshold, float scale = 1.0f) const;
      |   ^~~~~~~~~~~~~
make[2]: *** [modules/features2d/CMakeFiles/opencv_features2d.dir/build.make:168: modules/features2d/CMakeFiles/opencv_features2d.dir/src/brisk.cpp.o] Error 1
make[1]: *** [CMakeFiles/Makefile2:1473: modules/features2d/CMakeFiles/opencv_features2d.dir/all] Error 2
make: *** [Makefile:166: all] Error 2

+++++ results for brisk.MUT2097.cpp +++++
+++++ STDOUT +++++
[  0%] Built target ittnotify
[  0%] Built target opencv_highgui_plugins
[  0%] Built target opencv_dnn_plugins
[  3%] Built target libopenjp2
[  3%] Built target opencv_videoio_plugins
[  7%] Built target ippiw
[ 23%] Built target libwebp
[ 37%] Built target IlmImf
[ 51%] Built target opencv_core
[ 51%] Built target opencv_version
[ 64%] Built target opencv_imgproc
[ 67%] Built target opencv_imgcodecs
[ 69%] Built target opencv_videoio
Consolidate compiler generated dependencies of target opencv_features2d
[ 70%] Built target opencv_highgui
[ 70%] Building CXX object modules/features2d/CMakeFiles/opencv_features2d.dir/src/brisk.cpp.o
[ 73%] Built target opencv_annotation
[ 73%] Built target opencv_visualisation
[ 74%] Built target opencv_ts
[ 74%] Built target opencv_test_highgui
[ 75%] Built target opencv_test_imgcodecs
[ 77%] Built target opencv_test_videoio
[ 83%] Built target opencv_test_core
[ 92%] Built target opencv_test_imgproc
[ 92%] Linking CXX shared library ../../lib/libopencv_features2d.so
[ 96%] Built target opencv_features2d
[ 96%] Linking CXX executable ../../bin/opencv_test_features2d
[100%] Built target opencv_test_features2d
[  0%] Built target opencv_videoio_plugins
[  0%] Built target ittnotify
[  0%] Built target opencv_highgui_plugins
[  0%] Built target opencv_dnn_plugins
[  3%] Built target libopenjp2
[  7%] Built target ippiw
[ 23%] Built target libwebp
[ 37%] Built target IlmImf
[ 51%] Built target opencv_core
[ 51%] Built target opencv_version
[ 64%] Built target opencv_imgproc
[ 67%] Built target opencv_imgcodecs
[ 69%] Built target opencv_videoio
Consolidate compiler generated dependencies of target opencv_features2d
[ 70%] Built target opencv_highgui
[ 70%] Building CXX object modules/features2d/CMakeFiles/opencv_features2d.dir/src/brisk.cpp.o
[ 72%] Built target opencv_annotation
[ 73%] Built target opencv_visualisation
[ 74%] Built target opencv_ts
[ 74%] Built target opencv_test_highgui
[ 75%] Built target opencv_test_imgcodecs
[ 77%] Built target opencv_test_videoio
[ 83%] Built target opencv_test_core
[ 92%] Built target opencv_test_imgproc
[ 92%] Linking CXX shared library ../../lib/libopencv_features2d.so
[ 96%] Built target opencv_features2d
[ 96%] Linking CXX executable ../../bin/opencv_test_features2d
[100%] Built target opencv_test_features2d
Testing mutant brisk.MUT2097.cpp on faster26.swtv::core0
>> Building opencv_features2d_TF_top30
>> Applied patch to brisk.cpp with brisk.MUT2097.cpp
>> Building opencv_features2d_TF_top30
Mutant brisk.MUT2097.cpp is not killed (all tcs pass)
>> Reverted brisk.cpp to original from brisk.MUT2097.cpp

+++++ STDERR +++++

+++++ results for brisk.MUT1195.cpp +++++
+++++ STDOUT +++++
[  0%] Built target opencv_videoio_plugins
[  0%] Built target ittnotify
[  0%] Built target opencv_dnn_plugins
[  0%] Built target opencv_highgui_plugins
[  6%] Built target ippiw
[  7%] Built target libopenjp2
[ 23%] Built target libwebp
[ 37%] Built target IlmImf
[ 51%] Built target opencv_core
[ 51%] Built target opencv_version
[ 64%] Built target opencv_imgproc
[ 67%] Built target opencv_imgcodecs
Consolidate compiler generated dependencies of target opencv_features2d
[ 69%] Built target opencv_videoio
[ 69%] Building CXX object modules/features2d/CMakeFiles/opencv_features2d.dir/src/brisk.cpp.o
[ 70%] Built target opencv_highgui
[ 73%] Built target opencv_annotation
[ 73%] Built target opencv_visualisation
[ 74%] Built target opencv_ts
[ 74%] Built target opencv_test_highgui
[ 75%] Built target opencv_test_imgcodecs
[ 77%] Built target opencv_test_videoio
[ 86%] Built target opencv_test_imgproc
[ 92%] Built target opencv_test_core
[ 92%] Linking CXX shared library ../../lib/libopencv_features2d.so
[ 96%] Built target opencv_features2d
[ 96%] Linking CXX executable ../../bin/opencv_test_features2d
[100%] Built target opencv_test_features2d
[  0%] Built target opencv_dnn_plugins
[  0%] Built target opencv_videoio_plugins
[  0%] Built target opencv_highgui_plugins
[  0%] Built target ittnotify
[  4%] Built target ippiw
[  7%] Built target libopenjp2
[ 23%] Built target libwebp
[ 37%] Built target IlmImf
[ 51%] Built target opencv_core
[ 51%] Built target opencv_version
[ 64%] Built target opencv_imgproc
[ 67%] Built target opencv_imgcodecs
[ 69%] Built target opencv_videoio
Consolidate compiler generated dependencies of target opencv_features2d
[ 70%] Built target opencv_highgui
[ 72%] Building CXX object modules/features2d/CMakeFiles/opencv_features2d.dir/src/brisk.cpp.o
[ 72%] Built target opencv_visualisation
[ 73%] Built target opencv_annotation
[ 74%] Built target opencv_ts
[ 74%] Built target opencv_test_highgui
[ 75%] Built target opencv_test_imgcodecs
[ 77%] Built target opencv_test_videoio
[ 83%] Built target opencv_test_core
[ 92%] Built target opencv_test_imgproc
Testing mutant brisk.MUT1195.cpp on faster26.swtv::core0
>> Building opencv_features2d_TF_top30
>> Applied patch to brisk.cpp with brisk.MUT1195.cpp
>> Building opencv_features2d_TF_top30
Failed to build on brisk.MUT1195.cpp
>> Reverted brisk.cpp to original from brisk.MUT1195.cpp

+++++ STDERR +++++
/home/yangheechan/FL-dataset-generation-opencv_features2d_TF_top30/work/opencv_features2d_TF_top30/working_env/faster26.swtv/core0/opencv_features2d_TF_top30/modules/features2d/src/brisk.cpp: In member function void cv::BriskScaleSpace::getKeypoints(int, std::vector<cv::KeyPoint>&):
/home/yangheechan/FL-dataset-generation-opencv_features2d_TF_top30/work/opencv_features2d_TF_top30/working_env/faster26.swtv/core0/opencv_features2d_TF_top30/modules/features2d/src/brisk.cpp:1069:75: error: cannot bind non-const lvalue reference of type bool& to a value of type int
 1069 |         score = refine3D(i, (int)point.x, (int)point.y, x, y, scale, ismax+1);
      |                                                                      ~~~~~^~
/home/yangheechan/FL-dataset-generation-opencv_features2d_TF_top30/work/opencv_features2d_TF_top30/working_env/faster26.swtv/core0/opencv_features2d_TF_top30/modules/features2d/src/brisk.cpp:311:107: note:   initializing argument 7 of float cv::BriskScaleSpace::refine3D(int, int, int, float&, float&, float&, bool&) const
  311 |   refine3D(const int layer, const int x_layer, const int y_layer, float& x, float& y, float& scale, bool& ismax) const;
      |                                                                                                     ~~~~~~^~~~~
make[2]: *** [modules/features2d/CMakeFiles/opencv_features2d.dir/build.make:168: modules/features2d/CMakeFiles/opencv_features2d.dir/src/brisk.cpp.o] Error 1
make[1]: *** [CMakeFiles/Makefile2:1473: modules/features2d/CMakeFiles/opencv_features2d.dir/all] Error 2
make: *** [Makefile:166: all] Error 2

+++++ results for brisk.MUT2440.cpp +++++
+++++ STDOUT +++++
[  0%] Built target opencv_dnn_plugins
[  0%] Built target opencv_videoio_plugins
[  0%] Built target opencv_highgui_plugins
[  3%] Built target libopenjp2
[  3%] Built target ittnotify
[  7%] Built target ippiw
[ 23%] Built target libwebp
[ 37%] Built target IlmImf
[ 51%] Built target opencv_core
[ 51%] Built target opencv_version
[ 64%] Built target opencv_imgproc
[ 67%] Built target opencv_imgcodecs
[ 69%] Built target opencv_videoio
Consolidate compiler generated dependencies of target opencv_features2d
[ 70%] Built target opencv_highgui
[ 70%] Building CXX object modules/features2d/CMakeFiles/opencv_features2d.dir/src/brisk.cpp.o
[ 73%] Built target opencv_annotation
[ 73%] Built target opencv_visualisation
[ 74%] Built target opencv_ts
[ 75%] Built target opencv_test_imgcodecs
[ 75%] Built target opencv_test_highgui
[ 77%] Built target opencv_test_videoio
[ 83%] Built target opencv_test_core
[ 92%] Built target opencv_test_imgproc
[ 92%] Linking CXX shared library ../../lib/libopencv_features2d.so
[ 96%] Built target opencv_features2d
[ 96%] Linking CXX executable ../../bin/opencv_test_features2d
[100%] Built target opencv_test_features2d
[  0%] Built target opencv_highgui_plugins
[  0%] Built target opencv_dnn_plugins
[  0%] Built target opencv_videoio_plugins
[  0%] Built target ittnotify
[  4%] Built target ippiw
[  7%] Built target libopenjp2
[ 23%] Built target libwebp
[ 37%] Built target IlmImf
[ 51%] Built target opencv_core
[ 51%] Built target opencv_version
[ 64%] Built target opencv_imgproc
[ 67%] Built target opencv_imgcodecs
Consolidate compiler generated dependencies of target opencv_features2d
[ 69%] Built target opencv_videoio
[ 69%] Building CXX object modules/features2d/CMakeFiles/opencv_features2d.dir/src/brisk.cpp.o
[ 70%] Built target opencv_highgui
[ 73%] Built target opencv_visualisation
[ 73%] Built target opencv_annotation
[ 74%] Built target opencv_ts
[ 74%] Built target opencv_test_highgui
[ 75%] Built target opencv_test_imgcodecs
[ 77%] Built target opencv_test_videoio
[ 86%] Built target opencv_test_imgproc
[ 92%] Built target opencv_test_core
[ 92%] Linking CXX shared library ../../lib/libopencv_features2d.so
[ 96%] Built target opencv_features2d
[ 96%] Linking CXX executable ../../bin/opencv_test_features2d
[100%] Built target opencv_test_features2d
Testing mutant brisk.MUT2440.cpp on faster26.swtv::core0
>> Building opencv_features2d_TF_top30
>> Applied patch to brisk.cpp with brisk.MUT2440.cpp
>> Building opencv_features2d_TF_top30
Mutant brisk.MUT2440.cpp is not killed (all tcs pass)
>> Reverted brisk.cpp to original from brisk.MUT2440.cpp

+++++ STDERR +++++

+++++ results for brisk.MUT158.cpp +++++
+++++ STDOUT +++++
[  1%] Built target opencv_videoio_plugins
[  1%] Built target opencv_highgui_plugins
[  1%] Built target ittnotify
[  1%] Built target opencv_dnn_plugins
[  6%] Built target libopenjp2
[  7%] Built target ippiw
[ 23%] Built target libwebp
[ 37%] Built target IlmImf
[ 51%] Built target opencv_core
[ 51%] Built target opencv_version
[ 64%] Built target opencv_imgproc
[ 67%] Built target opencv_imgcodecs
[ 69%] Built target opencv_videoio
Consolidate compiler generated dependencies of target opencv_features2d
[ 70%] Built target opencv_highgui
[ 70%] Building CXX object modules/features2d/CMakeFiles/opencv_features2d.dir/src/brisk.cpp.o
[ 73%] Built target opencv_visualisation
[ 73%] Built target opencv_annotation
[ 74%] Built target opencv_ts
[ 74%] Built target opencv_test_highgui
[ 75%] Built target opencv_test_imgcodecs
[ 77%] Built target opencv_test_videoio
[ 86%] Built target opencv_test_imgproc
[ 92%] Built target opencv_test_core
[ 92%] Linking CXX shared library ../../lib/libopencv_features2d.so
[ 96%] Built target opencv_features2d
[ 96%] Linking CXX executable ../../bin/opencv_test_features2d
[100%] Built target opencv_test_features2d
[  0%] Built target opencv_videoio_plugins
[  0%] Built target opencv_highgui_plugins
[  0%] Built target opencv_dnn_plugins
[  0%] Built target ittnotify
[  4%] Built target libopenjp2
[  7%] Built target ippiw
[ 23%] Built target libwebp
[ 37%] Built target IlmImf
[ 51%] Built target opencv_core
[ 51%] Built target opencv_version
[ 64%] Built target opencv_imgproc
[ 67%] Built target opencv_imgcodecs
Consolidate compiler generated dependencies of target opencv_features2d
[ 69%] Built target opencv_videoio
[ 69%] Building CXX object modules/features2d/CMakeFiles/opencv_features2d.dir/src/brisk.cpp.o
[ 70%] Built target opencv_highgui
[ 73%] Built target opencv_visualisation
[ 73%] Built target opencv_annotation
[ 74%] Built target opencv_ts
[ 74%] Built target opencv_test_highgui
[ 75%] Built target opencv_test_imgcodecs
[ 77%] Built target opencv_test_videoio
[ 83%] Built target opencv_test_core
[ 92%] Built target opencv_test_imgproc
Testing mutant brisk.MUT158.cpp on faster26.swtv::core0
>> Building opencv_features2d_TF_top30
>> Applied patch to brisk.cpp with brisk.MUT158.cpp
>> Building opencv_features2d_TF_top30
Failed to build on brisk.MUT158.cpp
>> Reverted brisk.cpp to original from brisk.MUT158.cpp

+++++ STDERR +++++
/home/yangheechan/FL-dataset-generation-opencv_features2d_TF_top30/work/opencv_features2d_TF_top30/working_env/faster26.swtv/core0/opencv_features2d_TF_top30/modules/features2d/src/brisk.cpp: In member function virtual void cv::BRISK_Impl::read(const cv::FileNode&):
/home/yangheechan/FL-dataset-generation-opencv_features2d_TF_top30/work/opencv_features2d_TF_top30/working_env/faster26.swtv/core0/opencv_features2d_TF_top30/modules/features2d/src/brisk.cpp:385:24: error: no match for operator>> (operand types are cv::FileNode and double)
  385 |     fn["patternScale"] >> 0.0;
In file included from /home/yangheechan/FL-dataset-generation-opencv_features2d_TF_top30/work/opencv_features2d_TF_top30/working_env/faster26.swtv/core0/opencv_features2d_TF_top30/modules/core/include/opencv2/core.hpp:59,
                 from /home/yangheechan/FL-dataset-generation-opencv_features2d_TF_top30/work/opencv_features2d_TF_top30/working_env/faster26.swtv/core0/opencv_features2d_TF_top30/modules/features2d/include/opencv2/features2d.hpp:47,
                 from /home/yangheechan/FL-dataset-generation-opencv_features2d_TF_top30/work/opencv_features2d_TF_top30/working_env/faster26.swtv/core0/opencv_features2d_TF_top30/modules/features2d/src/precomp.hpp:46,
                 from /home/yangheechan/FL-dataset-generation-opencv_features2d_TF_top30/work/opencv_features2d_TF_top30/working_env/faster26.swtv/core0/opencv_features2d_TF_top30/modules/features2d/src/brisk.cpp:45:
/home/yangheechan/FL-dataset-generation-opencv_features2d_TF_top30/work/opencv_features2d_TF_top30/working_env/faster26.swtv/core0/opencv_features2d_TF_top30/modules/core/include/opencv2/core/persistence.hpp:1227:19: note: candidate: template<class _Tp> cv::FileNodeIterator& cv::operator>>(cv::FileNodeIterator&, _Tp&)
 1227 | FileNodeIterator& operator >> (FileNodeIterator& it, _Tp& value)
      |                   ^~~~~~~~
/home/yangheechan/FL-dataset-generation-opencv_features2d_TF_top30/work/opencv_features2d_TF_top30/working_env/faster26.swtv/core0/opencv_features2d_TF_top30/modules/core/include/opencv2/core/persistence.hpp:1227:19: note:   template argument deduction/substitution failed:
/home/yangheechan/FL-dataset-generation-opencv_features2d_TF_top30/work/opencv_features2d_TF_top30/working_env/faster26.swtv/core0/opencv_features2d_TF_top30/modules/features2d/src/brisk.cpp:385:27: note:   cannot convert cv::FileNode::operator[](const char*) const(((const char*)"patternScale")) (type cv::FileNode) to type cv::FileNodeIterator&
  385 |     fn["patternScale"] >> 0.0;
      |                           ^~~
In file included from /home/yangheechan/FL-dataset-generation-opencv_features2d_TF_top30/work/opencv_features2d_TF_top30/working_env/faster26.swtv/core0/opencv_features2d_TF_top30/modules/core/include/opencv2/core.hpp:59,
                 from /home/yangheechan/FL-dataset-generation-opencv_features2d_TF_top30/work/opencv_features2d_TF_top30/working_env/faster26.swtv/core0/opencv_features2d_TF_top30/modules/features2d/include/opencv2/features2d.hpp:47,
                 from /home/yangheechan/FL-dataset-generation-opencv_features2d_TF_top30/work/opencv_features2d_TF_top30/working_env/faster26.swtv/core0/opencv_features2d_TF_top30/modules/features2d/src/precomp.hpp:46,
                 from /home/yangheechan/FL-dataset-generation-opencv_features2d_TF_top30/work/opencv_features2d_TF_top30/working_env/faster26.swtv/core0/opencv_features2d_TF_top30/modules/features2d/src/brisk.cpp:45:
/home/yangheechan/FL-dataset-generation-opencv_features2d_TF_top30/work/opencv_features2d_TF_top30/working_env/faster26.swtv/core0/opencv_features2d_TF_top30/modules/core/include/opencv2/core/persistence.hpp:1236:19: note: candidate: template<class _Tp> cv::FileNodeIterator& cv::operator>>(cv::FileNodeIterator&, std::vector<_Tp>&)
 1236 | FileNodeIterator& operator >> (FileNodeIterator& it, std::vector<_Tp>& vec)
      |                   ^~~~~~~~
/home/yangheechan/FL-dataset-generation-opencv_features2d_TF_top30/work/opencv_features2d_TF_top30/working_env/faster26.swtv/core0/opencv_features2d_TF_top30/modules/core/include/opencv2/core/persistence.hpp:1236:19: note:   template argument deduction/substitution failed:
/home/yangheechan/FL-dataset-generation-opencv_features2d_TF_top30/work/opencv_features2d_TF_top30/working_env/faster26.swtv/core0/opencv_features2d_TF_top30/modules/features2d/src/brisk.cpp:385:27: note:   mismatched types std::vector<_Tp> and double
  385 |     fn["patternScale"] >> 0.0;
      |                           ^~~
In file included from /home/yangheechan/FL-dataset-generation-opencv_features2d_TF_top30/work/opencv_features2d_TF_top30/working_env/faster26.swtv/core0/opencv_features2d_TF_top30/modules/core/include/opencv2/core.hpp:59,
                 from /home/yangheechan/FL-dataset-generation-opencv_features2d_TF_top30/work/opencv_features2d_TF_top30/working_env/faster26.swtv/core0/opencv_features2d_TF_top30/modules/features2d/include/opencv2/features2d.hpp:47,
                 from /home/yangheechan/FL-dataset-generation-opencv_features2d_TF_top30/work/opencv_features2d_TF_top30/working_env/faster26.swtv/core0/opencv_features2d_TF_top30/modules/features2d/src/precomp.hpp:46,
                 from /home/yangheechan/FL-dataset-generation-opencv_features2d_TF_top30/work/opencv_features2d_TF_top30/working_env/faster26.swtv/core0/opencv_features2d_TF_top30/modules/features2d/src/brisk.cpp:45:
/home/yangheechan/FL-dataset-generation-opencv_features2d_TF_top30/work/opencv_features2d_TF_top30/working_env/faster26.swtv/core0/opencv_features2d_TF_top30/modules/core/include/opencv2/core/persistence.hpp:1246:6: note: candidate: void cv::operator>>(const cv::FileNode&, _Tp&) [with _Tp = double] (near match)
 1246 | void operator >> (const FileNode& n, _Tp& value)
      |      ^~~~~~~~
/home/yangheechan/FL-dataset-generation-opencv_features2d_TF_top30/work/opencv_features2d_TF_top30/working_env/faster26.swtv/core0/opencv_features2d_TF_top30/modules/core/include/opencv2/core/persistence.hpp:1246:6: note:   conversion of argument 2 would be ill-formed:
/home/yangheechan/FL-dataset-generation-opencv_features2d_TF_top30/work/opencv_features2d_TF_top30/working_env/faster26.swtv/core0/opencv_features2d_TF_top30/modules/features2d/src/brisk.cpp:385:27: error: cannot bind non-const lvalue reference of type double& to an rvalue of type double
  385 |     fn["patternScale"] >> 0.0;
      |                           ^~~
In file included from /home/yangheechan/FL-dataset-generation-opencv_features2d_TF_top30/work/opencv_features2d_TF_top30/working_env/faster26.swtv/core0/opencv_features2d_TF_top30/modules/core/include/opencv2/core.hpp:59,
                 from /home/yangheechan/FL-dataset-generation-opencv_features2d_TF_top30/work/opencv_features2d_TF_top30/working_env/faster26.swtv/core0/opencv_features2d_TF_top30/modules/features2d/include/opencv2/features2d.hpp:47,
                 from /home/yangheechan/FL-dataset-generation-opencv_features2d_TF_top30/work/opencv_features2d_TF_top30/working_env/faster26.swtv/core0/opencv_features2d_TF_top30/modules/features2d/src/precomp.hpp:46,
                 from /home/yangheechan/FL-dataset-generation-opencv_features2d_TF_top30/work/opencv_features2d_TF_top30/working_env/faster26.swtv/core0/opencv_features2d_TF_top30/modules/features2d/src/brisk.cpp:45:
/home/yangheechan/FL-dataset-generation-opencv_features2d_TF_top30/work/opencv_features2d_TF_top30/working_env/faster26.swtv/core0/opencv_features2d_TF_top30/modules/core/include/opencv2/core/persistence.hpp:1254:6: note: candidate: template<class _Tp> void cv::operator>>(const cv::FileNode&, std::vector<_Tp>&)
 1254 | void operator >> (const FileNode& n, std::vector<_Tp>& vec)
      |      ^~~~~~~~
/home/yangheechan/FL-dataset-generation-opencv_features2d_TF_top30/work/opencv_features2d_TF_top30/working_env/faster26.swtv/core0/opencv_features2d_TF_top30/modules/core/include/opencv2/core/persistence.hpp:1254:6: note:   template argument deduction/substitution failed:
/home/yangheechan/FL-dataset-generation-opencv_features2d_TF_top30/work/opencv_features2d_TF_top30/working_env/faster26.swtv/core0/opencv_features2d_TF_top30/modules/features2d/src/brisk.cpp:385:27: note:   mismatched types std::vector<_Tp> and double
  385 |     fn["patternScale"] >> 0.0;
      |                           ^~~
In file included from /home/yangheechan/FL-dataset-generation-opencv_features2d_TF_top30/work/opencv_features2d_TF_top30/working_env/faster26.swtv/core0/opencv_features2d_TF_top30/modules/core/include/opencv2/core.hpp:59,
                 from /home/yangheechan/FL-dataset-generation-opencv_features2d_TF_top30/work/opencv_features2d_TF_top30/working_env/faster26.swtv/core0/opencv_features2d_TF_top30/modules/features2d/include/opencv2/features2d.hpp:47,
                 from /home/yangheechan/FL-dataset-generation-opencv_features2d_TF_top30/work/opencv_features2d_TF_top30/working_env/faster26.swtv/core0/opencv_features2d_TF_top30/modules/features2d/src/precomp.hpp:46,
                 from /home/yangheechan/FL-dataset-generation-opencv_features2d_TF_top30/work/opencv_features2d_TF_top30/working_env/faster26.swtv/core0/opencv_features2d_TF_top30/modules/features2d/src/brisk.cpp:45:
/home/yangheechan/FL-dataset-generation-opencv_features2d_TF_top30/work/opencv_features2d_TF_top30/working_env/faster26.swtv/core0/opencv_features2d_TF_top30/modules/core/include/opencv2/core/persistence.hpp:1264:6: note: candidate: void cv::operator>>(const cv::FileNode&, cv::KeyPoint&)
 1264 | void operator >> (const FileNode& n, KeyPoint& kpt)
      |      ^~~~~~~~
/home/yangheechan/FL-dataset-generation-opencv_features2d_TF_top30/work/opencv_features2d_TF_top30/working_env/faster26.swtv/core0/opencv_features2d_TF_top30/modules/core/include/opencv2/core/persistence.hpp:1264:48: note:   no known conversion for argument 2 from double to cv::KeyPoint&
 1264 | void operator >> (const FileNode& n, KeyPoint& kpt)
      |                                      ~~~~~~~~~~^~~
/home/yangheechan/FL-dataset-generation-opencv_features2d_TF_top30/work/opencv_features2d_TF_top30/working_env/faster26.swtv/core0/opencv_features2d_TF_top30/modules/core/include/opencv2/core/persistence.hpp:1272:6: note: candidate: void cv::operator>>(const cv::FileNode&, std::vector<cv::KeyPoint>&)
 1272 | void operator >> (const FileNode& n, std::vector<KeyPoint>& vec)
      |      ^~~~~~~~
/home/yangheechan/FL-dataset-generation-opencv_features2d_TF_top30/work/opencv_features2d_TF_top30/working_env/faster26.swtv/core0/opencv_features2d_TF_top30/modules/core/include/opencv2/core/persistence.hpp:1272:61: note:   no known conversion for argument 2 from double to std::vector<cv::KeyPoint>&
 1272 | void operator >> (const FileNode& n, std::vector<KeyPoint>& vec)
      |                                      ~~~~~~~~~~~~~~~~~~~~~~~^~~
/home/yangheechan/FL-dataset-generation-opencv_features2d_TF_top30/work/opencv_features2d_TF_top30/working_env/faster26.swtv/core0/opencv_features2d_TF_top30/modules/core/include/opencv2/core/persistence.hpp:1277:6: note: candidate: void cv::operator>>(const cv::FileNode&, std::vector<cv::DMatch>&)
 1277 | void operator >> (const FileNode& n, std::vector<DMatch>& vec)
      |      ^~~~~~~~
/home/yangheechan/FL-dataset-generation-opencv_features2d_TF_top30/work/opencv_features2d_TF_top30/working_env/faster26.swtv/core0/opencv_features2d_TF_top30/modules/core/include/opencv2/core/persistence.hpp:1277:59: note:   no known conversion for argument 2 from double to std::vector<cv::DMatch>&
 1277 | void operator >> (const FileNode& n, std::vector<DMatch>& vec)
      |                                      ~~~~~~~~~~~~~~~~~~~~~^~~
/home/yangheechan/FL-dataset-generation-opencv_features2d_TF_top30/work/opencv_features2d_TF_top30/working_env/faster26.swtv/core0/opencv_features2d_TF_top30/modules/core/include/opencv2/core/persistence.hpp:1287:6: note: candidate: void cv::operator>>(const cv::FileNode&, cv::DMatch&)
 1287 | void operator >> (const FileNode& n, DMatch& m)
      |      ^~~~~~~~
/home/yangheechan/FL-dataset-generation-opencv_features2d_TF_top30/work/opencv_features2d_TF_top30/working_env/faster26.swtv/core0/opencv_features2d_TF_top30/modules/core/include/opencv2/core/persistence.hpp:1287:46: note:   no known conversion for argument 2 from double to cv::DMatch&
 1287 | void operator >> (const FileNode& n, DMatch& m)
      |                                      ~~~~~~~~^
make[2]: *** [modules/features2d/CMakeFiles/opencv_features2d.dir/build.make:168: modules/features2d/CMakeFiles/opencv_features2d.dir/src/brisk.cpp.o] Error 1
make[1]: *** [CMakeFiles/Makefile2:1473: modules/features2d/CMakeFiles/opencv_features2d.dir/all] Error 2
make: *** [Makefile:166: all] Error 2

+++++ results for brisk.MUT1489.cpp +++++
+++++ STDOUT +++++
[  0%] Built target opencv_dnn_plugins
[  0%] Built target ittnotify
[  0%] Built target opencv_videoio_plugins
[  0%] Built target opencv_highgui_plugins
[  4%] Built target libopenjp2
[  7%] Built target ippiw
[ 23%] Built target libwebp
[ 37%] Built target IlmImf
[ 51%] Built target opencv_core
[ 51%] Built target opencv_version
[ 64%] Built target opencv_imgproc
[ 67%] Built target opencv_imgcodecs
[ 69%] Built target opencv_videoio
[ 70%] Built target opencv_highgui
Consolidate compiler generated dependencies of target opencv_features2d
[ 72%] Built target opencv_annotation
[ 73%] Built target opencv_visualisation
[ 74%] Built target opencv_ts
[ 74%] Building CXX object modules/features2d/CMakeFiles/opencv_features2d.dir/src/brisk.cpp.o
[ 74%] Built target opencv_test_highgui
[ 75%] Built target opencv_test_imgcodecs
[ 77%] Built target opencv_test_videoio
[ 86%] Built target opencv_test_imgproc
[ 92%] Built target opencv_test_core
[ 92%] Linking CXX shared library ../../lib/libopencv_features2d.so
[ 96%] Built target opencv_features2d
[ 96%] Linking CXX executable ../../bin/opencv_test_features2d
[100%] Built target opencv_test_features2d
[  0%] Built target opencv_dnn_plugins
[  0%] Built target opencv_highgui_plugins
[  0%] Built target opencv_videoio_plugins
[  0%] Built target ittnotify
[  4%] Built target libopenjp2
[  7%] Built target ippiw
[ 23%] Built target libwebp
[ 37%] Built target IlmImf
[ 51%] Built target opencv_core
[ 51%] Built target opencv_version
[ 64%] Built target opencv_imgproc
[ 67%] Built target opencv_imgcodecs
[ 69%] Built target opencv_videoio
Consolidate compiler generated dependencies of target opencv_features2d
[ 69%] Building CXX object modules/features2d/CMakeFiles/opencv_features2d.dir/src/brisk.cpp.o
[ 70%] Built target opencv_highgui
[ 72%] Built target opencv_annotation
[ 73%] Built target opencv_visualisation
[ 74%] Built target opencv_ts
[ 74%] Built target opencv_test_highgui
[ 75%] Built target opencv_test_imgcodecs
[ 77%] Built target opencv_test_videoio
[ 83%] Built target opencv_test_core
[ 92%] Built target opencv_test_imgproc
[ 92%] Linking CXX shared library ../../lib/libopencv_features2d.so
[ 96%] Built target opencv_features2d
[ 96%] Linking CXX executable ../../bin/opencv_test_features2d
[100%] Built target opencv_test_features2d
Testing mutant brisk.MUT1489.cpp on faster26.swtv::core0
>> Building opencv_features2d_TF_top30
>> Applied patch to brisk.cpp with brisk.MUT1489.cpp
>> Building opencv_features2d_TF_top30
SELECT bug_idx FROM bug_info WHERE subject = %s AND experiment_name = %s AND version = %s ['opencv_features2d_TF_top30', 'TF_top30', 'brisk.MUT1489.cpp']
>> Saved buggy mutant brisk.MUT1489.cpp
	 - Failing test cases: 1
	 - Passing test cases: 61
	 - Crashing test cases: 0
>> Reverted brisk.cpp to original from brisk.MUT1489.cpp

+++++ STDERR +++++
/home/yangheechan/FL-dataset-generation-opencv_features2d_TF_top30/work/opencv_features2d_TF_top30/working_env/faster26.swtv/core0/opencv_features2d_TF_top30/modules/features2d/src/brisk.cpp: In member function bool cv::BriskScaleSpace::isMax2D(int, int, int):
/home/yangheechan/FL-dataset-generation-opencv_features2d_TF_top30/work/opencv_features2d_TF_top30/working_env/faster26.swtv/core0/opencv_features2d_TF_top30/modules/features2d/src/brisk.cpp:1240:12: warning: self-comparison always evaluates to false [-Wtautological-compare]
 1240 |   if (s_10 < s_10)
      |       ~~~~ ^ ~~~~

+++++ results for brisk.MUT317.cpp +++++
+++++ STDOUT +++++
[  0%] Built target opencv_dnn_plugins
[  0%] Built target ittnotify
[  0%] Built target opencv_videoio_plugins
[  0%] Built target opencv_highgui_plugins
[  4%] Built target ippiw
[  7%] Built target libopenjp2
[ 23%] Built target libwebp
[ 37%] Built target IlmImf
[ 51%] Built target opencv_core
[ 51%] Built target opencv_version
[ 64%] Built target opencv_imgproc
[ 67%] Built target opencv_imgcodecs
[ 69%] Built target opencv_videoio
Consolidate compiler generated dependencies of target opencv_features2d
[ 70%] Built target opencv_highgui
[ 70%] Building CXX object modules/features2d/CMakeFiles/opencv_features2d.dir/src/brisk.cpp.o
[ 73%] Built target opencv_visualisation
[ 73%] Built target opencv_annotation
[ 74%] Built target opencv_ts
[ 74%] Built target opencv_test_highgui
[ 76%] Built target opencv_test_imgcodecs
[ 77%] Built target opencv_test_videoio
[ 83%] Built target opencv_test_core
[ 92%] Built target opencv_test_imgproc
[ 92%] Linking CXX shared library ../../lib/libopencv_features2d.so
[ 96%] Built target opencv_features2d
[ 96%] Linking CXX executable ../../bin/opencv_test_features2d
[100%] Built target opencv_test_features2d
[  0%] Built target opencv_dnn_plugins
[  0%] Built target opencv_highgui_plugins
[  0%] Built target ittnotify
[  0%] Built target opencv_videoio_plugins
[  4%] Built target ippiw
[  7%] Built target libopenjp2
[ 23%] Built target libwebp
[ 37%] Built target IlmImf
[ 51%] Built target opencv_core
[ 51%] Built target opencv_version
[ 64%] Built target opencv_imgproc
[ 67%] Built target opencv_imgcodecs
[ 69%] Built target opencv_videoio
Consolidate compiler generated dependencies of target opencv_features2d
[ 70%] Built target opencv_highgui
[ 70%] Building CXX object modules/features2d/CMakeFiles/opencv_features2d.dir/src/brisk.cpp.o
[ 73%] Built target opencv_annotation
[ 73%] Built target opencv_visualisation
[ 74%] Built target opencv_ts
[ 75%] Built target opencv_test_imgcodecs
[ 75%] Built target opencv_test_highgui
[ 77%] Built target opencv_test_videoio
[ 83%] Built target opencv_test_core
[ 92%] Built target opencv_test_imgproc
[ 92%] Linking CXX shared library ../../lib/libopencv_features2d.so
[ 96%] Built target opencv_features2d
[ 96%] Linking CXX executable ../../bin/opencv_test_features2d
[100%] Built target opencv_test_features2d
Testing mutant brisk.MUT317.cpp on faster26.swtv::core0
>> Building opencv_features2d_TF_top30
>> Applied patch to brisk.cpp with brisk.MUT317.cpp
>> Building opencv_features2d_TF_top30
SELECT bug_idx FROM bug_info WHERE subject = %s AND experiment_name = %s AND version = %s ['opencv_features2d_TF_top30', 'TF_top30', 'brisk.MUT317.cpp']
>> Saved buggy mutant brisk.MUT317.cpp
	 - Failing test cases: 3
	 - Passing test cases: 58
	 - Crashing test cases: 1
>> Reverted brisk.cpp to original from brisk.MUT317.cpp

+++++ STDERR +++++

+++++ results for brisk.MUT1012.cpp +++++
+++++ STDOUT +++++
[  0%] Built target opencv_highgui_plugins
[  0%] Built target ittnotify
[  0%] Built target opencv_videoio_plugins
[  0%] Built target opencv_dnn_plugins
[  4%] Built target libopenjp2
[  7%] Built target ippiw
[ 23%] Built target libwebp
[ 37%] Built target IlmImf
[ 51%] Built target opencv_core
[ 51%] Built target opencv_version
[ 64%] Built target opencv_imgproc
[ 67%] Built target opencv_imgcodecs
Consolidate compiler generated dependencies of target opencv_features2d
[ 69%] Built target opencv_videoio
[ 69%] Building CXX object modules/features2d/CMakeFiles/opencv_features2d.dir/src/brisk.cpp.o
[ 70%] Built target opencv_highgui
[ 73%] Built target opencv_visualisation
[ 73%] Built target opencv_annotation
[ 74%] Built target opencv_ts
[ 75%] Built target opencv_test_imgcodecs
[ 75%] Built target opencv_test_highgui
[ 77%] Built target opencv_test_videoio
[ 83%] Built target opencv_test_core
[ 92%] Built target opencv_test_imgproc
[ 92%] Linking CXX shared library ../../lib/libopencv_features2d.so
[ 96%] Built target opencv_features2d
[ 96%] Linking CXX executable ../../bin/opencv_test_features2d
[100%] Built target opencv_test_features2d
[  0%] Built target opencv_videoio_plugins
[  0%] Built target opencv_highgui_plugins
[  0%] Built target ittnotify
[  6%] Built target libopenjp2
[  7%] Built target ippiw
[  7%] Built target opencv_dnn_plugins
[ 23%] Built target libwebp
[ 37%] Built target IlmImf
[ 51%] Built target opencv_core
[ 51%] Built target opencv_version
[ 64%] Built target opencv_imgproc
[ 67%] Built target opencv_imgcodecs
Consolidate compiler generated dependencies of target opencv_features2d
[ 69%] Built target opencv_videoio
[ 69%] Building CXX object modules/features2d/CMakeFiles/opencv_features2d.dir/src/brisk.cpp.o
[ 70%] Built target opencv_highgui
[ 72%] Built target opencv_annotation
[ 73%] Built target opencv_visualisation
[ 74%] Built target opencv_ts
[ 74%] Built target opencv_test_highgui
[ 75%] Built target opencv_test_imgcodecs
[ 77%] Built target opencv_test_videoio
[ 83%] Built target opencv_test_core
[ 92%] Built target opencv_test_imgproc
[ 92%] Linking CXX shared library ../../lib/libopencv_features2d.so
[ 96%] Built target opencv_features2d
[ 96%] Linking CXX executable ../../bin/opencv_test_features2d
[100%] Built target opencv_test_features2d
Testing mutant brisk.MUT1012.cpp on faster26.swtv::core0
>> Building opencv_features2d_TF_top30
>> Applied patch to brisk.cpp with brisk.MUT1012.cpp
>> Building opencv_features2d_TF_top30
Mutant brisk.MUT1012.cpp is not killed (all tcs pass)
>> Reverted brisk.cpp to original from brisk.MUT1012.cpp

+++++ STDERR +++++

+++++ results for brisk.MUT2680.cpp +++++
+++++ STDOUT +++++
[  0%] Built target opencv_dnn_plugins
[  0%] Built target ittnotify
[  0%] Built target opencv_highgui_plugins
[  0%] Built target opencv_videoio_plugins
[  4%] Built target ippiw
[  7%] Built target libopenjp2
[ 23%] Built target libwebp
[ 37%] Built target IlmImf
[ 51%] Built target opencv_core
[ 51%] Built target opencv_version
[ 64%] Built target opencv_imgproc
[ 67%] Built target opencv_imgcodecs
Consolidate compiler generated dependencies of target opencv_features2d
[ 69%] Built target opencv_videoio
[ 69%] Building CXX object modules/features2d/CMakeFiles/opencv_features2d.dir/src/brisk.cpp.o
[ 70%] Built target opencv_highgui
[ 72%] Built target opencv_ts
[ 74%] Built target opencv_annotation
[ 74%] Built target opencv_visualisation
[ 75%] Built target opencv_test_imgcodecs
[ 75%] Built target opencv_test_highgui
[ 77%] Built target opencv_test_videoio
[ 83%] Built target opencv_test_core
[ 92%] Built target opencv_test_imgproc
[ 92%] Linking CXX shared library ../../lib/libopencv_features2d.so
[ 96%] Built target opencv_features2d
[ 96%] Linking CXX executable ../../bin/opencv_test_features2d
[100%] Built target opencv_test_features2d
[  0%] Built target opencv_highgui_plugins
[  0%] Built target opencv_videoio_plugins
[  0%] Built target opencv_dnn_plugins
[  0%] Built target ittnotify
[  4%] Built target ippiw
[  7%] Built target libopenjp2
[ 23%] Built target libwebp
[ 37%] Built target IlmImf
[ 51%] Built target opencv_core
[ 51%] Built target opencv_version
[ 64%] Built target opencv_imgproc
[ 67%] Built target opencv_imgcodecs
[ 69%] Built target opencv_videoio
Consolidate compiler generated dependencies of target opencv_features2d
[ 69%] Building CXX object modules/features2d/CMakeFiles/opencv_features2d.dir/src/brisk.cpp.o
[ 70%] Built target opencv_highgui
[ 72%] Built target opencv_visualisation
[ 73%] Built target opencv_annotation
[ 74%] Built target opencv_ts
[ 74%] Built target opencv_test_highgui
[ 75%] Built target opencv_test_imgcodecs
[ 77%] Built target opencv_test_videoio
[ 83%] Built target opencv_test_core
[ 92%] Built target opencv_test_imgproc
[ 92%] Linking CXX shared library ../../lib/libopencv_features2d.so
[ 96%] Built target opencv_features2d
[ 96%] Linking CXX executable ../../bin/opencv_test_features2d
[100%] Built target opencv_test_features2d
Testing mutant brisk.MUT2680.cpp on faster26.swtv::core0
>> Building opencv_features2d_TF_top30
>> Applied patch to brisk.cpp with brisk.MUT2680.cpp
>> Building opencv_features2d_TF_top30
SELECT bug_idx FROM bug_info WHERE subject = %s AND experiment_name = %s AND version = %s ['opencv_features2d_TF_top30', 'TF_top30', 'brisk.MUT2680.cpp']
>> Saved buggy mutant brisk.MUT2680.cpp
	 - Failing test cases: 1
	 - Passing test cases: 61
	 - Crashing test cases: 0
>> Reverted brisk.cpp to original from brisk.MUT2680.cpp

+++++ STDERR +++++

+++++ results for brisk.MUT2317.cpp +++++
+++++ STDOUT +++++
[  0%] Built target opencv_dnn_plugins
[  0%] Built target opencv_videoio_plugins
[  0%] Built target opencv_highgui_plugins
[  0%] Built target ittnotify
[  3%] Built target libopenjp2
[  7%] Built target ippiw
[ 23%] Built target libwebp
[ 37%] Built target IlmImf
[ 51%] Built target opencv_core
[ 51%] Built target opencv_version
[ 64%] Built target opencv_imgproc
[ 67%] Built target opencv_imgcodecs
[ 69%] Built target opencv_videoio
Consolidate compiler generated dependencies of target opencv_features2d
[ 70%] Built target opencv_highgui
[ 70%] Building CXX object modules/features2d/CMakeFiles/opencv_features2d.dir/src/brisk.cpp.o
[ 72%] Built target opencv_visualisation
[ 73%] Built target opencv_annotation
[ 74%] Built target opencv_ts
[ 74%] Built target opencv_test_highgui
[ 75%] Built target opencv_test_imgcodecs
[ 77%] Built target opencv_test_videoio
[ 83%] Built target opencv_test_core
[ 92%] Built target opencv_test_imgproc
[ 92%] Linking CXX shared library ../../lib/libopencv_features2d.so
[ 96%] Built target opencv_features2d
[ 96%] Linking CXX executable ../../bin/opencv_test_features2d
[100%] Built target opencv_test_features2d
[  0%] Built target opencv_dnn_plugins
[  0%] Built target opencv_videoio_plugins
[  0%] Built target opencv_highgui_plugins
[  0%] Built target ittnotify
[  4%] Built target ippiw
[  7%] Built target libopenjp2
[ 23%] Built target libwebp
[ 37%] Built target IlmImf
[ 51%] Built target opencv_core
[ 51%] Built target opencv_version
[ 64%] Built target opencv_imgproc
[ 67%] Built target opencv_imgcodecs
[ 69%] Built target opencv_videoio
Consolidate compiler generated dependencies of target opencv_features2d
[ 70%] Built target opencv_highgui
[ 70%] Building CXX object modules/features2d/CMakeFiles/opencv_features2d.dir/src/brisk.cpp.o
[ 72%] Built target opencv_visualisation
[ 73%] Built target opencv_annotation
[ 74%] Built target opencv_ts
[ 74%] Built target opencv_test_highgui
[ 75%] Built target opencv_test_imgcodecs
[ 77%] Built target opencv_test_videoio
[ 86%] Built target opencv_test_imgproc
[ 92%] Built target opencv_test_core
[ 92%] Linking CXX shared library ../../lib/libopencv_features2d.so
[ 96%] Built target opencv_features2d
[ 96%] Linking CXX executable ../../bin/opencv_test_features2d
[100%] Built target opencv_test_features2d
Testing mutant brisk.MUT2317.cpp on faster26.swtv::core0
>> Building opencv_features2d_TF_top30
>> Applied patch to brisk.cpp with brisk.MUT2317.cpp
>> Building opencv_features2d_TF_top30
SELECT bug_idx FROM bug_info WHERE subject = %s AND experiment_name = %s AND version = %s ['opencv_features2d_TF_top30', 'TF_top30', 'brisk.MUT2317.cpp']
>> Saved buggy mutant brisk.MUT2317.cpp
	 - Failing test cases: 1
	 - Passing test cases: 61
	 - Crashing test cases: 0
>> Reverted brisk.cpp to original from brisk.MUT2317.cpp
>> Cleaning build for opencv_features2d_TF_top30

+++++ STDERR +++++
