
+++++ results for fast_score.MUT170.cpp +++++
+++++ STDOUT +++++
[  1%] Built target opencv_dnn_plugins
[  1%] Built target opencv_highgui_plugins
[  1%] Built target opencv_videoio_plugins
[  1%] Building C object 3rdparty/ippiw/CMakeFiles/ippiw.dir/src/iw_core.c.o
[  1%] Building C object 3rdparty/ittnotify/CMakeFiles/ittnotify.dir/src/ittnotify/jitprofiling.c.o
[  1%] Building C object 3rdparty/ippiw/CMakeFiles/ippiw.dir/src/iw_image.c.o
[  1%] Building C object 3rdparty/libwebp/CMakeFiles/libwebp.dir/sharpyuv/sharpyuv.c.o
[  1%] Building C object 3rdparty/ittnotify/CMakeFiles/ittnotify.dir/src/ittnotify/ittnotify_static.c.o
[  1%] Building C object 3rdparty/ippiw/CMakeFiles/ippiw.dir/src/iw_image_color_convert_all.c.o
[  1%] Building C object 3rdparty/ippiw/CMakeFiles/ippiw.dir/src/iw_image_color_convert_rgbs.c.o
[  1%] Building C object 3rdparty/libwebp/CMakeFiles/libwebp.dir/sharpyuv/sharpyuv_cpu.c.o
[  1%] Building CXX object 3rdparty/openexr/CMakeFiles/IlmImf.dir/Half/half.cpp.o
[  1%] Building C object 3rdparty/libwebp/CMakeFiles/libwebp.dir/sharpyuv/sharpyuv_csp.c.o
[  1%] Building C object 3rdparty/ippiw/CMakeFiles/ippiw.dir/src/iw_image_filter_bilateral.c.o
[  1%] Building C object 3rdparty/ippiw/CMakeFiles/ippiw.dir/src/iw_image_filter_box.c.o
[  2%] Building C object 3rdparty/ippiw/CMakeFiles/ippiw.dir/src/iw_image_filter_canny.c.o
[  2%] Building C object 3rdparty/libwebp/CMakeFiles/libwebp.dir/sharpyuv/sharpyuv_dsp.c.o
[  3%] Building C object 3rdparty/libwebp/CMakeFiles/libwebp.dir/sharpyuv/sharpyuv_gamma.c.o
[  3%] Building C object 3rdparty/ippiw/CMakeFiles/ippiw.dir/src/iw_image_filter_gaussian.c.o
[  3%] Building C object 3rdparty/ippiw/CMakeFiles/ippiw.dir/src/iw_image_filter_general.c.o
[  3%] Building C object 3rdparty/ippiw/CMakeFiles/ippiw.dir/src/iw_image_filter_laplacian.c.o
[  3%] Building C object 3rdparty/libwebp/CMakeFiles/libwebp.dir/sharpyuv/sharpyuv_neon.c.o
[  3%] Building C object 3rdparty/libwebp/CMakeFiles/libwebp.dir/sharpyuv/sharpyuv_sse2.c.o
[  3%] Building C object 3rdparty/ippiw/CMakeFiles/ippiw.dir/src/iw_image_filter_morphology.c.o
[  3%] Building C object 3rdparty/libwebp/CMakeFiles/libwebp.dir/src/dec/alpha_dec.c.o
[  3%] Building C object 3rdparty/libwebp/CMakeFiles/libwebp.dir/src/dec/buffer_dec.c.o
[  3%] Building C object 3rdparty/ippiw/CMakeFiles/ippiw.dir/src/iw_image_filter_scharr.c.o
[  3%] Building C object 3rdparty/ippiw/CMakeFiles/ippiw.dir/src/iw_image_filter_sobel.c.o
[  4%] Building C object 3rdparty/ippiw/CMakeFiles/ippiw.dir/src/iw_image_op_copy_channel.c.o
[  4%] Building C object 3rdparty/ippiw/CMakeFiles/ippiw.dir/src/iw_image_op_copy.c.o
[  4%] Building C object 3rdparty/libwebp/CMakeFiles/libwebp.dir/src/dec/frame_dec.c.o
[  4%] Building C object 3rdparty/ippiw/CMakeFiles/ippiw.dir/src/iw_image_op_copy_make_border.c.o
[  4%] Building C object 3rdparty/ippiw/CMakeFiles/ippiw.dir/src/iw_image_op_copy_merge.c.o
[  4%] Building C object 3rdparty/ippiw/CMakeFiles/ippiw.dir/src/iw_image_op_copy_split.c.o
[  4%] Building C object 3rdparty/libwebp/CMakeFiles/libwebp.dir/src/dec/idec_dec.c.o
[  4%] Building C object 3rdparty/ippiw/CMakeFiles/ippiw.dir/src/iw_image_op_scale.c.o
[  4%] Building CXX object 3rdparty/openexr/CMakeFiles/IlmImf.dir/Iex/IexBaseExc.cpp.o
[  4%] Linking C static library ../lib/libittnotify.a
[  4%] Building C object 3rdparty/ippiw/CMakeFiles/ippiw.dir/src/iw_image_op_set.c.o
[  4%] Building C object 3rdparty/ippiw/CMakeFiles/ippiw.dir/src/iw_image_op_set_channel.c.o
[  5%] Building C object 3rdparty/ippiw/CMakeFiles/ippiw.dir/src/iw_image_op_swap_channels.c.o
[  5%] Building C object 3rdparty/ippiw/CMakeFiles/ippiw.dir/src/iw_image_transform_mirror.c.o
[  5%] Built target ittnotify
[  5%] Building C object 3rdparty/ippiw/CMakeFiles/ippiw.dir/src/iw_image_transform_resize.c.o
[  5%] Building C object 3rdparty/ippiw/CMakeFiles/ippiw.dir/src/iw_image_transform_rotate.c.o
[  6%] Building C object 3rdparty/libwebp/CMakeFiles/libwebp.dir/src/dec/io_dec.c.o
[  6%] Building C object 3rdparty/ippiw/CMakeFiles/ippiw.dir/src/iw_image_transform_warpaffine.c.o
[  6%] Building C object 3rdparty/libwebp/CMakeFiles/libwebp.dir/src/dec/quant_dec.c.o
[  6%] Building C object 3rdparty/ippiw/CMakeFiles/ippiw.dir/src/iw_own.c.o
[  6%] Building C object 3rdparty/libwebp/CMakeFiles/libwebp.dir/src/dec/tree_dec.c.o
[  6%] Building CXX object 3rdparty/openexr/CMakeFiles/IlmImf.dir/Iex/IexThrowErrnoExc.cpp.o
[  6%] Building C object 3rdparty/libwebp/CMakeFiles/libwebp.dir/src/dec/vp8_dec.c.o
[  6%] Building CXX object 3rdparty/openexr/CMakeFiles/IlmImf.dir/IlmImf/ImfAcesFile.cpp.o
[  6%] Building C object 3rdparty/libwebp/CMakeFiles/libwebp.dir/src/dec/webp_dec.c.o
[  6%] Building C object 3rdparty/libwebp/CMakeFiles/libwebp.dir/src/dec/vp8l_dec.c.o
[  6%] Building C object 3rdparty/libwebp/CMakeFiles/libwebp.dir/src/demux/anim_decode.c.o
[  6%] Building C object 3rdparty/libwebp/CMakeFiles/libwebp.dir/src/demux/demux.c.o
[  6%] Building CXX object 3rdparty/openexr/CMakeFiles/IlmImf.dir/IlmImf/ImfAttribute.cpp.o
[  6%] Linking C static library ../lib/libippiw.a
[  7%] Building C object 3rdparty/libwebp/CMakeFiles/libwebp.dir/src/dsp/alpha_processing.c.o
[  7%] Building CXX object 3rdparty/openexr/CMakeFiles/IlmImf.dir/IlmImf/ImfB44Compressor.cpp.o
[  7%] Built target ippiw
[  7%] Building C object 3rdparty/libwebp/CMakeFiles/libwebp.dir/src/dsp/alpha_processing_mips_dsp_r2.c.o
[  7%] Building C object 3rdparty/libwebp/CMakeFiles/libwebp.dir/src/dsp/alpha_processing_neon.c.o
[  7%] Building C object 3rdparty/libwebp/CMakeFiles/libwebp.dir/src/dsp/alpha_processing_sse2.c.o
[  7%] Building C object 3rdparty/libwebp/CMakeFiles/libwebp.dir/src/dsp/alpha_processing_sse41.c.o
[  7%] Building CXX object 3rdparty/openexr/CMakeFiles/IlmImf.dir/IlmImf/ImfBoxAttribute.cpp.o
[  7%] Building C object 3rdparty/libwebp/CMakeFiles/libwebp.dir/src/dsp/cost.c.o
[  7%] Processing OpenCL kernels (core)
[  7%] Building C object 3rdparty/libwebp/CMakeFiles/libwebp.dir/src/dsp/cost_mips32.c.o
[  8%] Building CXX object 3rdparty/openexr/CMakeFiles/IlmImf.dir/IlmImf/ImfCRgbaFile.cpp.o
[  8%] Building C object 3rdparty/libwebp/CMakeFiles/libwebp.dir/src/dsp/cost_mips_dsp_r2.c.o
[  8%] Building CXX object modules/core/CMakeFiles/opencv_core.dir/src/algorithm.cpp.o
[  8%] Building CXX object modules/core/CMakeFiles/opencv_core.dir/src/alloc.cpp.o
[  9%] Building C object 3rdparty/libwebp/CMakeFiles/libwebp.dir/src/dsp/cost_neon.c.o
[  9%] Building CXX object 3rdparty/openexr/CMakeFiles/IlmImf.dir/IlmImf/ImfChannelList.cpp.o
[  9%] Building C object 3rdparty/libwebp/CMakeFiles/libwebp.dir/src/dsp/cost_sse2.c.o
[  9%] Building C object 3rdparty/libwebp/CMakeFiles/libwebp.dir/src/dsp/cpu.c.o
[  9%] Building C object 3rdparty/libwebp/CMakeFiles/libwebp.dir/src/dsp/dec.c.o
[  9%] Building C object 3rdparty/libwebp/CMakeFiles/libwebp.dir/src/dsp/dec_clip_tables.c.o
[  9%] Building C object 3rdparty/libwebp/CMakeFiles/libwebp.dir/src/dsp/dec_mips32.c.o
[  9%] Building C object 3rdparty/libwebp/CMakeFiles/libwebp.dir/src/dsp/dec_mips_dsp_r2.c.o
[  9%] Building C object 3rdparty/libwebp/CMakeFiles/libwebp.dir/src/dsp/dec_msa.c.o
[  9%] Building CXX object 3rdparty/openexr/CMakeFiles/IlmImf.dir/IlmImf/ImfChannelListAttribute.cpp.o
[ 10%] Building C object 3rdparty/libwebp/CMakeFiles/libwebp.dir/src/dsp/dec_neon.c.o
[ 10%] Building C object 3rdparty/libwebp/CMakeFiles/libwebp.dir/src/dsp/dec_sse2.c.o
[ 10%] Building CXX object 3rdparty/openexr/CMakeFiles/IlmImf.dir/IlmImf/ImfChromaticities.cpp.o
[ 10%] Building C object 3rdparty/libwebp/CMakeFiles/libwebp.dir/src/dsp/dec_sse41.c.o
[ 10%] Building C object 3rdparty/libwebp/CMakeFiles/libwebp.dir/src/dsp/enc.c.o
[ 10%] Building CXX object 3rdparty/openexr/CMakeFiles/IlmImf.dir/IlmImf/ImfChromaticitiesAttribute.cpp.o
[ 10%] Building C object 3rdparty/libwebp/CMakeFiles/libwebp.dir/src/dsp/enc_mips32.c.o
[ 10%] Building CXX object 3rdparty/openexr/CMakeFiles/IlmImf.dir/IlmImf/ImfCompositeDeepScanLine.cpp.o
[ 10%] Building C object 3rdparty/libwebp/CMakeFiles/libwebp.dir/src/dsp/enc_mips_dsp_r2.c.o
[ 10%] Building C object 3rdparty/libwebp/CMakeFiles/libwebp.dir/src/dsp/enc_msa.c.o
[ 11%] Building CXX object modules/core/CMakeFiles/opencv_core.dir/src/arithm.cpp.o
[ 11%] Building C object 3rdparty/libwebp/CMakeFiles/libwebp.dir/src/dsp/enc_neon.c.o
[ 11%] Building CXX object 3rdparty/openexr/CMakeFiles/IlmImf.dir/IlmImf/ImfCompressionAttribute.cpp.o
[ 13%] Building C object 3rdparty/libwebp/CMakeFiles/libwebp.dir/src/dsp/enc_sse2.c.o
[ 13%] Building C object 3rdparty/libwebp/CMakeFiles/libwebp.dir/src/dsp/enc_sse41.c.o
[ 13%] Building C object 3rdparty/libwebp/CMakeFiles/libwebp.dir/src/dsp/filters.c.o
[ 13%] Building CXX object 3rdparty/openexr/CMakeFiles/IlmImf.dir/IlmImf/ImfCompressor.cpp.o
[ 13%] Building CXX object modules/core/CMakeFiles/opencv_core.dir/src/arithm.dispatch.cpp.o
[ 14%] Building CXX object 3rdparty/openexr/CMakeFiles/IlmImf.dir/IlmImf/ImfConvert.cpp.o
[ 14%] Building CXX object 3rdparty/openexr/CMakeFiles/IlmImf.dir/IlmImf/ImfDeepCompositing.cpp.o
[ 14%] Building C object 3rdparty/libwebp/CMakeFiles/libwebp.dir/src/dsp/filters_mips_dsp_r2.c.o
[ 14%] Building C object 3rdparty/libwebp/CMakeFiles/libwebp.dir/src/dsp/filters_msa.c.o
[ 14%] Building C object 3rdparty/libwebp/CMakeFiles/libwebp.dir/src/dsp/filters_neon.c.o
[ 14%] Building C object 3rdparty/libwebp/CMakeFiles/libwebp.dir/src/dsp/filters_sse2.c.o
[ 14%] Building CXX object 3rdparty/openexr/CMakeFiles/IlmImf.dir/IlmImf/ImfDeepFrameBuffer.cpp.o
[ 14%] Building C object 3rdparty/libwebp/CMakeFiles/libwebp.dir/src/dsp/lossless.c.o
[ 15%] Building C object 3rdparty/libwebp/CMakeFiles/libwebp.dir/src/dsp/lossless_enc.c.o
[ 15%] Building C object 3rdparty/libwebp/CMakeFiles/libwebp.dir/src/dsp/lossless_enc_mips32.c.o
[ 15%] Building CXX object modules/core/CMakeFiles/opencv_core.dir/src/array.cpp.o
[ 15%] Building C object 3rdparty/libwebp/CMakeFiles/libwebp.dir/src/dsp/lossless_enc_mips_dsp_r2.c.o
[ 15%] Building C object 3rdparty/libwebp/CMakeFiles/libwebp.dir/src/dsp/lossless_enc_msa.c.o
[ 15%] Building C object 3rdparty/libwebp/CMakeFiles/libwebp.dir/src/dsp/lossless_enc_neon.c.o
[ 15%] Building C object 3rdparty/libwebp/CMakeFiles/libwebp.dir/src/dsp/lossless_enc_sse2.c.o
[ 15%] Building C object 3rdparty/libwebp/CMakeFiles/libwebp.dir/src/dsp/lossless_enc_sse41.c.o
[ 15%] Building CXX object modules/core/CMakeFiles/opencv_core.dir/src/async.cpp.o
[ 15%] Building CXX object 3rdparty/openexr/CMakeFiles/IlmImf.dir/IlmImf/ImfDeepImageStateAttribute.cpp.o
[ 15%] Building C object 3rdparty/libwebp/CMakeFiles/libwebp.dir/src/dsp/lossless_mips_dsp_r2.c.o
[ 15%] Building CXX object modules/core/CMakeFiles/opencv_core.dir/src/batch_distance.cpp.o
[ 16%] Building C object 3rdparty/libwebp/CMakeFiles/libwebp.dir/src/dsp/lossless_msa.c.o
[ 16%] Building CXX object 3rdparty/openexr/CMakeFiles/IlmImf.dir/IlmImf/ImfDeepScanLineInputFile.cpp.o
[ 16%] Building CXX object 3rdparty/openexr/CMakeFiles/IlmImf.dir/IlmImf/ImfDeepScanLineInputPart.cpp.o
[ 16%] Building CXX object modules/core/CMakeFiles/opencv_core.dir/src/bindings_utils.cpp.o
[ 16%] Building C object 3rdparty/libwebp/CMakeFiles/libwebp.dir/src/dsp/lossless_neon.c.o
[ 16%] Building CXX object 3rdparty/openexr/CMakeFiles/IlmImf.dir/IlmImf/ImfDeepScanLineOutputFile.cpp.o
[ 16%] Building C object 3rdparty/libwebp/CMakeFiles/libwebp.dir/src/dsp/lossless_sse2.c.o
[ 16%] Building CXX object 3rdparty/openexr/CMakeFiles/IlmImf.dir/IlmImf/ImfDeepScanLineOutputPart.cpp.o
[ 16%] Building C object 3rdparty/libwebp/CMakeFiles/libwebp.dir/src/dsp/lossless_sse41.c.o
[ 16%] Building C object 3rdparty/libwebp/CMakeFiles/libwebp.dir/src/dsp/rescaler.c.o
[ 16%] Building C object 3rdparty/libwebp/CMakeFiles/libwebp.dir/src/dsp/rescaler_mips32.c.o
[ 16%] Building C object 3rdparty/libwebp/CMakeFiles/libwebp.dir/src/dsp/rescaler_mips_dsp_r2.c.o
[ 17%] Building C object 3rdparty/libwebp/CMakeFiles/libwebp.dir/src/dsp/rescaler_msa.c.o
[ 17%] Building C object 3rdparty/libwebp/CMakeFiles/libwebp.dir/src/dsp/rescaler_neon.c.o
[ 17%] Building C object 3rdparty/libwebp/CMakeFiles/libwebp.dir/src/dsp/rescaler_sse2.c.o
[ 17%] Building C object 3rdparty/libwebp/CMakeFiles/libwebp.dir/src/dsp/ssim.c.o
[ 17%] Building C object 3rdparty/libwebp/CMakeFiles/libwebp.dir/src/dsp/ssim_sse2.c.o
[ 17%] Building C object 3rdparty/libwebp/CMakeFiles/libwebp.dir/src/dsp/upsampling.c.o
[ 18%] Building CXX object 3rdparty/openexr/CMakeFiles/IlmImf.dir/IlmImf/ImfDeepTiledInputFile.cpp.o
[ 18%] Building C object 3rdparty/libwebp/CMakeFiles/libwebp.dir/src/dsp/upsampling_mips_dsp_r2.c.o
[ 18%] Building C object 3rdparty/libwebp/CMakeFiles/libwebp.dir/src/dsp/upsampling_msa.c.o
[ 18%] Building CXX object 3rdparty/openexr/CMakeFiles/IlmImf.dir/IlmImf/ImfDeepTiledInputPart.cpp.o
[ 18%] Building CXX object modules/core/CMakeFiles/opencv_core.dir/src/buffer_area.cpp.o
[ 18%] Building CXX object 3rdparty/openexr/CMakeFiles/IlmImf.dir/IlmImf/ImfDeepTiledOutputFile.cpp.o
[ 18%] Building CXX object modules/core/CMakeFiles/opencv_core.dir/src/channels.cpp.o
[ 19%] Building C object 3rdparty/libwebp/CMakeFiles/libwebp.dir/src/dsp/upsampling_neon.c.o
[ 19%] Building C object 3rdparty/libwebp/CMakeFiles/libwebp.dir/src/dsp/upsampling_sse2.c.o
[ 20%] Building CXX object modules/core/CMakeFiles/opencv_core.dir/src/check.cpp.o
[ 20%] Building CXX object modules/core/CMakeFiles/opencv_core.dir/src/command_line_parser.cpp.o
[ 20%] Building C object 3rdparty/libwebp/CMakeFiles/libwebp.dir/src/dsp/upsampling_sse41.c.o
[ 20%] Building C object 3rdparty/libwebp/CMakeFiles/libwebp.dir/src/dsp/yuv.c.o
[ 20%] Building C object 3rdparty/libwebp/CMakeFiles/libwebp.dir/src/dsp/yuv_mips32.c.o
[ 20%] Building C object 3rdparty/libwebp/CMakeFiles/libwebp.dir/src/dsp/yuv_mips_dsp_r2.c.o
[ 20%] Building CXX object modules/core/CMakeFiles/opencv_core.dir/src/conjugate_gradient.cpp.o
[ 20%] Building CXX object modules/core/CMakeFiles/opencv_core.dir/src/convert.dispatch.cpp.o
[ 20%] Building CXX object 3rdparty/openexr/CMakeFiles/IlmImf.dir/IlmImf/ImfDeepTiledOutputPart.cpp.o
[ 20%] Building CXX object 3rdparty/openexr/CMakeFiles/IlmImf.dir/IlmImf/ImfDoubleAttribute.cpp.o
[ 20%] Building CXX object 3rdparty/openexr/CMakeFiles/IlmImf.dir/IlmImf/ImfDwaCompressor.cpp.o
[ 20%] Building CXX object 3rdparty/openexr/CMakeFiles/IlmImf.dir/IlmImf/ImfEnvmap.cpp.o
[ 20%] Building CXX object 3rdparty/openexr/CMakeFiles/IlmImf.dir/IlmImf/ImfEnvmapAttribute.cpp.o
[ 21%] Building CXX object 3rdparty/openexr/CMakeFiles/IlmImf.dir/IlmImf/ImfFastHuf.cpp.o
[ 21%] Building C object 3rdparty/libwebp/CMakeFiles/libwebp.dir/src/dsp/yuv_neon.c.o
[ 21%] Building CXX object 3rdparty/openexr/CMakeFiles/IlmImf.dir/IlmImf/ImfFloatAttribute.cpp.o
[ 21%] Building C object 3rdparty/libwebp/CMakeFiles/libwebp.dir/src/dsp/yuv_sse2.c.o
[ 21%] Building CXX object 3rdparty/openexr/CMakeFiles/IlmImf.dir/IlmImf/ImfFloatVectorAttribute.cpp.o
[ 21%] Building CXX object 3rdparty/openexr/CMakeFiles/IlmImf.dir/IlmImf/ImfFrameBuffer.cpp.o
[ 22%] Building C object 3rdparty/libwebp/CMakeFiles/libwebp.dir/src/dsp/yuv_sse41.c.o
[ 22%] Building C object 3rdparty/libwebp/CMakeFiles/libwebp.dir/src/enc/alpha_enc.c.o
[ 22%] Building C object 3rdparty/libwebp/CMakeFiles/libwebp.dir/src/enc/analysis_enc.c.o
[ 22%] Building C object 3rdparty/libwebp/CMakeFiles/libwebp.dir/src/enc/backward_references_cost_enc.c.o
[ 22%] Building CXX object modules/core/CMakeFiles/opencv_core.dir/src/convert_c.cpp.o
[ 22%] Building C object 3rdparty/libwebp/CMakeFiles/libwebp.dir/src/enc/backward_references_enc.c.o
[ 22%] Building C object 3rdparty/libwebp/CMakeFiles/libwebp.dir/src/enc/config_enc.c.o
[ 22%] Building CXX object 3rdparty/openexr/CMakeFiles/IlmImf.dir/IlmImf/ImfFramesPerSecond.cpp.o
[ 22%] Building CXX object modules/core/CMakeFiles/opencv_core.dir/src/convert_scale.dispatch.cpp.o
[ 22%] Building CXX object 3rdparty/openexr/CMakeFiles/IlmImf.dir/IlmImf/ImfGenericInputFile.cpp.o
[ 22%] Building CXX object 3rdparty/openexr/CMakeFiles/IlmImf.dir/IlmImf/ImfGenericOutputFile.cpp.o
[ 22%] Building C object 3rdparty/libwebp/CMakeFiles/libwebp.dir/src/enc/cost_enc.c.o
[ 22%] Building C object 3rdparty/libwebp/CMakeFiles/libwebp.dir/src/enc/filter_enc.c.o
[ 23%] Building C object 3rdparty/libwebp/CMakeFiles/libwebp.dir/src/enc/frame_enc.c.o
[ 23%] Building C object 3rdparty/libwebp/CMakeFiles/libwebp.dir/src/enc/histogram_enc.c.o
[ 23%] Building CXX object 3rdparty/openexr/CMakeFiles/IlmImf.dir/IlmImf/ImfHeader.cpp.o
[ 25%] Building CXX object 3rdparty/openexr/CMakeFiles/IlmImf.dir/IlmImf/ImfHuf.cpp.o
[ 25%] Building C object 3rdparty/libwebp/CMakeFiles/libwebp.dir/src/enc/iterator_enc.c.o
[ 25%] Building C object 3rdparty/libwebp/CMakeFiles/libwebp.dir/src/enc/near_lossless_enc.c.o
[ 25%] Building C object 3rdparty/libwebp/CMakeFiles/libwebp.dir/src/enc/picture_csp_enc.c.o
[ 25%] Building CXX object modules/core/CMakeFiles/opencv_core.dir/src/copy.cpp.o
[ 25%] Building CXX object modules/core/CMakeFiles/opencv_core.dir/src/count_non_zero.dispatch.cpp.o
[ 25%] Building C object 3rdparty/libwebp/CMakeFiles/libwebp.dir/src/enc/picture_enc.c.o
[ 25%] Building C object 3rdparty/libwebp/CMakeFiles/libwebp.dir/src/enc/picture_psnr_enc.c.o
[ 25%] Building CXX object 3rdparty/openexr/CMakeFiles/IlmImf.dir/IlmImf/ImfIO.cpp.o
[ 25%] Building CXX object 3rdparty/openexr/CMakeFiles/IlmImf.dir/IlmImf/ImfInputFile.cpp.o
[ 25%] Building C object 3rdparty/libwebp/CMakeFiles/libwebp.dir/src/enc/picture_rescale_enc.c.o
[ 25%] Building CXX object 3rdparty/openexr/CMakeFiles/IlmImf.dir/IlmImf/ImfInputPart.cpp.o
[ 26%] Building C object 3rdparty/libwebp/CMakeFiles/libwebp.dir/src/enc/picture_tools_enc.c.o
[ 27%] Building CXX object modules/core/CMakeFiles/opencv_core.dir/src/cuda_gpu_mat.cpp.o
[ 27%] Building C object 3rdparty/libwebp/CMakeFiles/libwebp.dir/src/enc/predictor_enc.c.o
[ 27%] Building C object 3rdparty/libwebp/CMakeFiles/libwebp.dir/src/enc/quant_enc.c.o
[ 27%] Building C object 3rdparty/libwebp/CMakeFiles/libwebp.dir/src/enc/syntax_enc.c.o
[ 27%] Building CXX object modules/core/CMakeFiles/opencv_core.dir/src/cuda_gpu_mat_nd.cpp.o
[ 27%] Building CXX object 3rdparty/openexr/CMakeFiles/IlmImf.dir/IlmImf/ImfInputPartData.cpp.o
[ 27%] Building C object 3rdparty/libwebp/CMakeFiles/libwebp.dir/src/enc/token_enc.c.o
[ 27%] Building CXX object 3rdparty/openexr/CMakeFiles/IlmImf.dir/IlmImf/ImfIntAttribute.cpp.o
[ 27%] Building C object 3rdparty/libwebp/CMakeFiles/libwebp.dir/src/enc/tree_enc.c.o
[ 27%] Building C object 3rdparty/libwebp/CMakeFiles/libwebp.dir/src/enc/vp8l_enc.c.o
[ 27%] Building CXX object 3rdparty/openexr/CMakeFiles/IlmImf.dir/IlmImf/ImfKeyCode.cpp.o
[ 27%] Building CXX object 3rdparty/openexr/CMakeFiles/IlmImf.dir/IlmImf/ImfKeyCodeAttribute.cpp.o
[ 28%] Building CXX object 3rdparty/openexr/CMakeFiles/IlmImf.dir/IlmImf/ImfLineOrderAttribute.cpp.o
[ 28%] Building CXX object 3rdparty/openexr/CMakeFiles/IlmImf.dir/IlmImf/ImfLut.cpp.o
[ 28%] Building CXX object 3rdparty/openexr/CMakeFiles/IlmImf.dir/IlmImf/ImfMatrixAttribute.cpp.o
[ 28%] Building C object 3rdparty/libwebp/CMakeFiles/libwebp.dir/src/enc/webp_enc.c.o
[ 28%] Building CXX object modules/core/CMakeFiles/opencv_core.dir/src/cuda_host_mem.cpp.o
[ 28%] Building CXX object 3rdparty/openexr/CMakeFiles/IlmImf.dir/IlmImf/ImfMisc.cpp.o
[ 29%] Building C object 3rdparty/libwebp/CMakeFiles/libwebp.dir/src/mux/anim_encode.c.o
[ 29%] Building CXX object modules/core/CMakeFiles/opencv_core.dir/src/cuda_info.cpp.o
[ 29%] Building C object 3rdparty/libwebp/CMakeFiles/libwebp.dir/src/mux/muxedit.c.o
[ 29%] Building CXX object 3rdparty/openexr/CMakeFiles/IlmImf.dir/IlmImf/ImfMultiPartInputFile.cpp.o
[ 29%] Building CXX object 3rdparty/openexr/CMakeFiles/IlmImf.dir/IlmImf/ImfMultiPartOutputFile.cpp.o
[ 29%] Building CXX object modules/core/CMakeFiles/opencv_core.dir/src/cuda_stream.cpp.o
[ 29%] Building C object 3rdparty/libwebp/CMakeFiles/libwebp.dir/src/mux/muxinternal.c.o
[ 29%] Building CXX object modules/core/CMakeFiles/opencv_core.dir/src/datastructs.cpp.o
[ 29%] Building C object 3rdparty/libwebp/CMakeFiles/libwebp.dir/src/mux/muxread.c.o
[ 29%] Building CXX object 3rdparty/openexr/CMakeFiles/IlmImf.dir/IlmImf/ImfMultiView.cpp.o
[ 29%] Building C object 3rdparty/libwebp/CMakeFiles/libwebp.dir/src/utils/bit_reader_utils.c.o
[ 29%] Building C object 3rdparty/libwebp/CMakeFiles/libwebp.dir/src/utils/bit_writer_utils.c.o
[ 30%] Building CXX object 3rdparty/openexr/CMakeFiles/IlmImf.dir/IlmImf/ImfOpaqueAttribute.cpp.o
[ 30%] Building CXX object 3rdparty/openexr/CMakeFiles/IlmImf.dir/IlmImf/ImfOutputFile.cpp.o
[ 30%] Building C object 3rdparty/libwebp/CMakeFiles/libwebp.dir/src/utils/color_cache_utils.c.o
[ 31%] Building C object 3rdparty/libwebp/CMakeFiles/libwebp.dir/src/utils/filters_utils.c.o
[ 31%] Building C object 3rdparty/libwebp/CMakeFiles/libwebp.dir/src/utils/huffman_encode_utils.c.o
[ 31%] Building CXX object 3rdparty/openexr/CMakeFiles/IlmImf.dir/IlmImf/ImfOutputPart.cpp.o
[ 31%] Building C object 3rdparty/libwebp/CMakeFiles/libwebp.dir/src/utils/huffman_utils.c.o
[ 31%] Building CXX object 3rdparty/openexr/CMakeFiles/IlmImf.dir/IlmImf/ImfOutputPartData.cpp.o
[ 31%] Building C object 3rdparty/libwebp/CMakeFiles/libwebp.dir/src/utils/palette.c.o
[ 31%] Building CXX object 3rdparty/openexr/CMakeFiles/IlmImf.dir/IlmImf/ImfPartType.cpp.o
[ 31%] Building CXX object modules/core/CMakeFiles/opencv_core.dir/src/directx.cpp.o
[ 31%] Building C object 3rdparty/libwebp/CMakeFiles/libwebp.dir/src/utils/quant_levels_dec_utils.c.o
[ 31%] Building CXX object 3rdparty/openexr/CMakeFiles/IlmImf.dir/IlmImf/ImfPizCompressor.cpp.o
[ 31%] Building CXX object modules/core/CMakeFiles/opencv_core.dir/src/downhill_simplex.cpp.o
[ 32%] Building CXX object modules/core/CMakeFiles/opencv_core.dir/src/dxt.cpp.o
[ 32%] Building C object 3rdparty/libwebp/CMakeFiles/libwebp.dir/src/utils/quant_levels_utils.c.o
[ 32%] Building CXX object 3rdparty/openexr/CMakeFiles/IlmImf.dir/IlmImf/ImfPreviewImage.cpp.o
[ 32%] Building CXX object modules/core/CMakeFiles/opencv_core.dir/src/gl_core_3_1.cpp.o
[ 32%] Building C object 3rdparty/libwebp/CMakeFiles/libwebp.dir/src/utils/random_utils.c.o
[ 32%] Building CXX object modules/core/CMakeFiles/opencv_core.dir/src/glob.cpp.o
[ 32%] Building C object 3rdparty/libwebp/CMakeFiles/libwebp.dir/src/utils/rescaler_utils.c.o
[ 33%] Building C object 3rdparty/libwebp/CMakeFiles/libwebp.dir/src/utils/thread_utils.c.o
[ 33%] Building C object 3rdparty/libwebp/CMakeFiles/libwebp.dir/src/utils/utils.c.o
[ 33%] Building CXX object 3rdparty/openexr/CMakeFiles/IlmImf.dir/IlmImf/ImfPreviewImageAttribute.cpp.o
[ 34%] Building CXX object 3rdparty/openexr/CMakeFiles/IlmImf.dir/IlmImf/ImfPxr24Compressor.cpp.o
[ 34%] Linking C static library ../lib/liblibwebp.a
[ 34%] Building CXX object 3rdparty/openexr/CMakeFiles/IlmImf.dir/IlmImf/ImfRational.cpp.o
[ 34%] Built target libwebp
[ 34%] Building CXX object 3rdparty/openexr/CMakeFiles/IlmImf.dir/IlmImf/ImfRationalAttribute.cpp.o
[ 34%] Building CXX object 3rdparty/openexr/CMakeFiles/IlmImf.dir/IlmImf/ImfRgbaFile.cpp.o
[ 34%] Building CXX object 3rdparty/openexr/CMakeFiles/IlmImf.dir/IlmImf/ImfRgbaYca.cpp.o
[ 34%] Building CXX object 3rdparty/openexr/CMakeFiles/IlmImf.dir/IlmImf/ImfRle.cpp.o
[ 34%] Building CXX object 3rdparty/openexr/CMakeFiles/IlmImf.dir/IlmImf/ImfRleCompressor.cpp.o
[ 34%] Building CXX object 3rdparty/openexr/CMakeFiles/IlmImf.dir/IlmImf/ImfScanLineInputFile.cpp.o
[ 35%] Building CXX object 3rdparty/openexr/CMakeFiles/IlmImf.dir/IlmImf/ImfStandardAttributes.cpp.o
[ 35%] Building CXX object modules/core/CMakeFiles/opencv_core.dir/src/hal_internal.cpp.o
[ 35%] Building CXX object modules/core/CMakeFiles/opencv_core.dir/src/has_non_zero.dispatch.cpp.o
[ 35%] Building CXX object 3rdparty/openexr/CMakeFiles/IlmImf.dir/IlmImf/ImfStdIO.cpp.o
[ 35%] Building CXX object 3rdparty/openexr/CMakeFiles/IlmImf.dir/IlmImf/ImfStringAttribute.cpp.o
[ 35%] Building CXX object modules/core/CMakeFiles/opencv_core.dir/src/kmeans.cpp.o
[ 35%] Building CXX object modules/core/CMakeFiles/opencv_core.dir/src/lapack.cpp.o
[ 35%] Building CXX object 3rdparty/openexr/CMakeFiles/IlmImf.dir/IlmImf/ImfStringVectorAttribute.cpp.o
[ 35%] Building CXX object modules/core/CMakeFiles/opencv_core.dir/src/lda.cpp.o
[ 36%] Building CXX object modules/core/CMakeFiles/opencv_core.dir/src/logger.cpp.o
[ 36%] Building CXX object 3rdparty/openexr/CMakeFiles/IlmImf.dir/IlmImf/ImfSystemSpecific.cpp.o
[ 36%] Building CXX object 3rdparty/openexr/CMakeFiles/IlmImf.dir/IlmImf/ImfTestFile.cpp.o
[ 36%] Building CXX object 3rdparty/openexr/CMakeFiles/IlmImf.dir/IlmImf/ImfThreading.cpp.o
[ 36%] Building CXX object 3rdparty/openexr/CMakeFiles/IlmImf.dir/IlmImf/ImfTileDescriptionAttribute.cpp.o
[ 38%] Building CXX object 3rdparty/openexr/CMakeFiles/IlmImf.dir/IlmImf/ImfTileOffsets.cpp.o
[ 38%] Building CXX object modules/core/CMakeFiles/opencv_core.dir/src/lpsolver.cpp.o
[ 38%] Building CXX object 3rdparty/openexr/CMakeFiles/IlmImf.dir/IlmImf/ImfTiledInputFile.cpp.o
[ 38%] Building CXX object modules/core/CMakeFiles/opencv_core.dir/src/lut.cpp.o
[ 38%] Building CXX object modules/core/CMakeFiles/opencv_core.dir/src/mathfuncs.cpp.o
[ 38%] Building CXX object 3rdparty/openexr/CMakeFiles/IlmImf.dir/IlmImf/ImfTiledInputPart.cpp.o
[ 38%] Building CXX object modules/core/CMakeFiles/opencv_core.dir/src/mathfuncs_core.dispatch.cpp.o
[ 38%] Building CXX object 3rdparty/openexr/CMakeFiles/IlmImf.dir/IlmImf/ImfTiledMisc.cpp.o
[ 38%] Building CXX object 3rdparty/openexr/CMakeFiles/IlmImf.dir/IlmImf/ImfTiledOutputFile.cpp.o
[ 38%] Building CXX object modules/core/CMakeFiles/opencv_core.dir/src/matmul.dispatch.cpp.o
[ 38%] Building CXX object modules/core/CMakeFiles/opencv_core.dir/src/matrix.cpp.o
[ 38%] Building CXX object 3rdparty/openexr/CMakeFiles/IlmImf.dir/IlmImf/ImfTiledOutputPart.cpp.o
[ 38%] Building CXX object 3rdparty/openexr/CMakeFiles/IlmImf.dir/IlmImf/ImfTiledRgbaFile.cpp.o
[ 39%] Building CXX object modules/core/CMakeFiles/opencv_core.dir/src/matrix_c.cpp.o
[ 39%] Building CXX object modules/core/CMakeFiles/opencv_core.dir/src/matrix_decomp.cpp.o
[ 39%] Building CXX object modules/core/CMakeFiles/opencv_core.dir/src/matrix_expressions.cpp.o
[ 39%] Building CXX object 3rdparty/openexr/CMakeFiles/IlmImf.dir/IlmImf/ImfTimeCode.cpp.o
[ 39%] Building CXX object modules/core/CMakeFiles/opencv_core.dir/src/matrix_iterator.cpp.o
[ 40%] Building CXX object 3rdparty/openexr/CMakeFiles/IlmImf.dir/IlmImf/ImfTimeCodeAttribute.cpp.o
[ 40%] Building CXX object modules/core/CMakeFiles/opencv_core.dir/src/matrix_operations.cpp.o
[ 40%] Building CXX object 3rdparty/openexr/CMakeFiles/IlmImf.dir/IlmImf/ImfVecAttribute.cpp.o
[ 40%] Building CXX object 3rdparty/openexr/CMakeFiles/IlmImf.dir/IlmImf/ImfVersion.cpp.o
[ 40%] Building CXX object modules/core/CMakeFiles/opencv_core.dir/src/matrix_sparse.cpp.o
[ 40%] Building CXX object 3rdparty/openexr/CMakeFiles/IlmImf.dir/IlmImf/ImfWav.cpp.o
[ 40%] Building CXX object 3rdparty/openexr/CMakeFiles/IlmImf.dir/IlmImf/ImfZip.cpp.o
[ 40%] Building CXX object modules/core/CMakeFiles/opencv_core.dir/src/matrix_transform.cpp.o
[ 40%] Building CXX object modules/core/CMakeFiles/opencv_core.dir/src/matrix_wrap.cpp.o
[ 40%] Building CXX object 3rdparty/openexr/CMakeFiles/IlmImf.dir/IlmImf/ImfZipCompressor.cpp.o
[ 41%] Building CXX object modules/core/CMakeFiles/opencv_core.dir/src/mean.dispatch.cpp.o
[ 41%] Building CXX object 3rdparty/openexr/CMakeFiles/IlmImf.dir/IlmImf/dwaLookups.cpp.o
[ 41%] Building CXX object modules/core/CMakeFiles/opencv_core.dir/src/merge.dispatch.cpp.o
[ 41%] Building CXX object 3rdparty/openexr/CMakeFiles/IlmImf.dir/IlmThread/IlmThread.cpp.o
[ 42%] Building CXX object 3rdparty/openexr/CMakeFiles/IlmImf.dir/IlmThread/IlmThreadMutex.cpp.o
[ 42%] Building CXX object 3rdparty/openexr/CMakeFiles/IlmImf.dir/IlmThread/IlmThreadMutexPosix.cpp.o
[ 42%] Building CXX object 3rdparty/openexr/CMakeFiles/IlmImf.dir/IlmThread/IlmThreadPool.cpp.o
[ 42%] Building CXX object modules/core/CMakeFiles/opencv_core.dir/src/minmax.cpp.o
[ 42%] Building CXX object 3rdparty/openexr/CMakeFiles/IlmImf.dir/IlmThread/IlmThreadPosix.cpp.o
[ 42%] Building CXX object 3rdparty/openexr/CMakeFiles/IlmImf.dir/IlmThread/IlmThreadSemaphore.cpp.o
[ 42%] Building CXX object 3rdparty/openexr/CMakeFiles/IlmImf.dir/IlmThread/IlmThreadSemaphorePosix.cpp.o
[ 42%] Building CXX object 3rdparty/openexr/CMakeFiles/IlmImf.dir/IlmThread/IlmThreadSemaphorePosixCompat.cpp.o
[ 42%] Building CXX object 3rdparty/openexr/CMakeFiles/IlmImf.dir/Imath/ImathBox.cpp.o
[ 42%] Building CXX object modules/core/CMakeFiles/opencv_core.dir/src/norm.cpp.o
[ 43%] Building CXX object 3rdparty/openexr/CMakeFiles/IlmImf.dir/Imath/ImathColorAlgo.cpp.o
[ 43%] Building CXX object modules/core/CMakeFiles/opencv_core.dir/src/ocl.cpp.o
[ 43%] Building CXX object 3rdparty/openexr/CMakeFiles/IlmImf.dir/Imath/ImathFun.cpp.o
[ 43%] Building CXX object 3rdparty/openexr/CMakeFiles/IlmImf.dir/Imath/ImathMatrixAlgo.cpp.o
[ 43%] Building CXX object modules/core/CMakeFiles/opencv_core.dir/src/opencl/runtime/opencl_clblas.cpp.o
[ 43%] Building CXX object modules/core/CMakeFiles/opencv_core.dir/src/opencl/runtime/opencl_clfft.cpp.o
[ 43%] Building CXX object modules/core/CMakeFiles/opencv_core.dir/src/opencl/runtime/opencl_core.cpp.o
[ 44%] Building CXX object modules/core/CMakeFiles/opencv_core.dir/src/opengl.cpp.o
[ 44%] Building CXX object 3rdparty/openexr/CMakeFiles/IlmImf.dir/Imath/ImathRandom.cpp.o
[ 44%] Building CXX object 3rdparty/openexr/CMakeFiles/IlmImf.dir/Imath/ImathShear.cpp.o
[ 44%] Building CXX object modules/core/CMakeFiles/opencv_core.dir/src/out.cpp.o
[ 44%] Building CXX object modules/core/CMakeFiles/opencv_core.dir/src/ovx.cpp.o
[ 44%] Building CXX object 3rdparty/openexr/CMakeFiles/IlmImf.dir/Imath/ImathVec.cpp.o
[ 44%] Building CXX object modules/core/CMakeFiles/opencv_core.dir/src/parallel.cpp.o
[ 44%] Linking CXX static library ../lib/libIlmImf.a
[ 44%] Built target IlmImf
[ 44%] Building CXX object modules/core/CMakeFiles/opencv_core.dir/src/parallel/parallel.cpp.o
[ 44%] Building CXX object modules/core/CMakeFiles/opencv_core.dir/src/parallel/parallel_openmp.cpp.o
[ 44%] Building CXX object modules/core/CMakeFiles/opencv_core.dir/src/parallel/parallel_tbb.cpp.o
[ 44%] Building CXX object modules/core/CMakeFiles/opencv_core.dir/src/parallel_impl.cpp.o
[ 45%] Building CXX object modules/core/CMakeFiles/opencv_core.dir/src/pca.cpp.o
[ 45%] Building CXX object modules/core/CMakeFiles/opencv_core.dir/src/persistence.cpp.o
[ 45%] Building CXX object modules/core/CMakeFiles/opencv_core.dir/src/persistence_base64_encoding.cpp.o
[ 45%] Building CXX object modules/core/CMakeFiles/opencv_core.dir/src/persistence_json.cpp.o
[ 45%] Building CXX object modules/core/CMakeFiles/opencv_core.dir/src/persistence_types.cpp.o
[ 45%] Building CXX object modules/core/CMakeFiles/opencv_core.dir/src/persistence_xml.cpp.o
[ 45%] Building CXX object modules/core/CMakeFiles/opencv_core.dir/src/persistence_yml.cpp.o
[ 45%] Building CXX object modules/core/CMakeFiles/opencv_core.dir/src/rand.cpp.o
[ 46%] Building CXX object modules/core/CMakeFiles/opencv_core.dir/src/softfloat.cpp.o
[ 46%] Building CXX object modules/core/CMakeFiles/opencv_core.dir/src/split.dispatch.cpp.o
[ 46%] Building CXX object modules/core/CMakeFiles/opencv_core.dir/src/stat.dispatch.cpp.o
[ 46%] Building CXX object modules/core/CMakeFiles/opencv_core.dir/src/stat_c.cpp.o
[ 46%] Building CXX object modules/core/CMakeFiles/opencv_core.dir/src/stl.cpp.o
[ 46%] Building CXX object modules/core/CMakeFiles/opencv_core.dir/src/sum.dispatch.cpp.o
[ 46%] Building CXX object modules/core/CMakeFiles/opencv_core.dir/src/system.cpp.o
[ 46%] Building CXX object modules/core/CMakeFiles/opencv_core.dir/src/tables.cpp.o
[ 47%] Building CXX object modules/core/CMakeFiles/opencv_core.dir/src/trace.cpp.o
[ 47%] Building CXX object modules/core/CMakeFiles/opencv_core.dir/src/types.cpp.o
[ 47%] Building CXX object modules/core/CMakeFiles/opencv_core.dir/src/umatrix.cpp.o
[ 47%] Building CXX object modules/core/CMakeFiles/opencv_core.dir/src/utils/datafile.cpp.o
[ 47%] Building CXX object modules/core/CMakeFiles/opencv_core.dir/src/utils/filesystem.cpp.o
[ 47%] Building CXX object modules/core/CMakeFiles/opencv_core.dir/src/utils/logtagconfigparser.cpp.o
[ 47%] Building CXX object modules/core/CMakeFiles/opencv_core.dir/src/utils/logtagmanager.cpp.o
[ 47%] Building CXX object modules/core/CMakeFiles/opencv_core.dir/src/utils/samples.cpp.o
[ 48%] Building CXX object modules/core/CMakeFiles/opencv_core.dir/src/va_intel.cpp.o
[ 48%] Building CXX object modules/core/CMakeFiles/opencv_core.dir/opencl_kernels_core.cpp.o
[ 48%] Building CXX object modules/core/CMakeFiles/opencv_core.dir/arithm.sse4_1.cpp.o
[ 48%] Building CXX object modules/core/CMakeFiles/opencv_core.dir/matmul.sse4_1.cpp.o
[ 48%] Building CXX object modules/core/CMakeFiles/opencv_core.dir/stat.sse4_2.cpp.o
[ 48%] Building CXX object modules/core/CMakeFiles/opencv_core.dir/mathfuncs_core.avx.cpp.o
[ 48%] Building CXX object modules/core/CMakeFiles/opencv_core.dir/mathfuncs_core.avx2.cpp.o
[ 50%] Building CXX object modules/core/CMakeFiles/opencv_core.dir/stat.avx2.cpp.o
[ 50%] Building CXX object modules/core/CMakeFiles/opencv_core.dir/arithm.avx2.cpp.o
[ 50%] Building CXX object modules/core/CMakeFiles/opencv_core.dir/convert.avx2.cpp.o
[ 50%] Building CXX object modules/core/CMakeFiles/opencv_core.dir/convert_scale.avx2.cpp.o
[ 50%] Building CXX object modules/core/CMakeFiles/opencv_core.dir/count_non_zero.avx2.cpp.o
[ 50%] Building CXX object modules/core/CMakeFiles/opencv_core.dir/has_non_zero.avx2.cpp.o
[ 50%] Building CXX object modules/core/CMakeFiles/opencv_core.dir/matmul.avx2.cpp.o
[ 50%] Building CXX object modules/core/CMakeFiles/opencv_core.dir/mean.avx2.cpp.o
[ 51%] Building CXX object modules/core/CMakeFiles/opencv_core.dir/merge.avx2.cpp.o
[ 51%] Building CXX object modules/core/CMakeFiles/opencv_core.dir/split.avx2.cpp.o
[ 51%] Building CXX object modules/core/CMakeFiles/opencv_core.dir/sum.avx2.cpp.o
[ 51%] Building CXX object modules/core/CMakeFiles/opencv_core.dir/matmul.avx512_skx.cpp.o
[ 51%] Linking CXX shared library ../../lib/libopencv_core.so
[ 51%] Built target opencv_core
[ 51%] Processing OpenCL kernels (imgproc)
[ 51%] Building CXX object apps/version/CMakeFiles/opencv_version.dir/opencv_version.cpp.o
[ 51%] Building CXX object modules/imgproc/CMakeFiles/opencv_imgproc.dir/src/accum.cpp.o
[ 51%] Building CXX object modules/imgproc/CMakeFiles/opencv_imgproc.dir/src/approx.cpp.o
[ 51%] Building CXX object modules/imgproc/CMakeFiles/opencv_imgproc.dir/src/accum.dispatch.cpp.o
[ 51%] Building CXX object modules/imgproc/CMakeFiles/opencv_imgproc.dir/src/bilateral_filter.dispatch.cpp.o
[ 52%] Building CXX object modules/imgproc/CMakeFiles/opencv_imgproc.dir/src/blend.cpp.o
[ 52%] Building CXX object modules/imgproc/CMakeFiles/opencv_imgproc.dir/src/box_filter.dispatch.cpp.o
[ 52%] Building CXX object modules/imgproc/CMakeFiles/opencv_imgproc.dir/src/canny.cpp.o
[ 52%] Building CXX object modules/imgproc/CMakeFiles/opencv_imgproc.dir/src/color.cpp.o
[ 52%] Building CXX object modules/imgproc/CMakeFiles/opencv_imgproc.dir/src/clahe.cpp.o
[ 52%] Linking CXX executable ../../bin/opencv_version
[ 52%] Built target opencv_version
[ 52%] Building CXX object modules/imgproc/CMakeFiles/opencv_imgproc.dir/src/color_hsv.dispatch.cpp.o
[ 52%] Building CXX object modules/imgproc/CMakeFiles/opencv_imgproc.dir/src/color_lab.cpp.o
[ 52%] Building CXX object modules/imgproc/CMakeFiles/opencv_imgproc.dir/src/color_rgb.dispatch.cpp.o
[ 53%] Building CXX object modules/imgproc/CMakeFiles/opencv_imgproc.dir/src/color_yuv.dispatch.cpp.o
[ 53%] Building CXX object modules/imgproc/CMakeFiles/opencv_imgproc.dir/src/colormap.cpp.o
[ 53%] Building CXX object modules/imgproc/CMakeFiles/opencv_imgproc.dir/src/connectedcomponents.cpp.o
[ 53%] Building CXX object modules/imgproc/CMakeFiles/opencv_imgproc.dir/src/contours.cpp.o
[ 53%] Building CXX object modules/imgproc/CMakeFiles/opencv_imgproc.dir/src/contours_approx.cpp.o
[ 53%] Building CXX object modules/imgproc/CMakeFiles/opencv_imgproc.dir/src/contours_common.cpp.o
[ 53%] Building CXX object modules/imgproc/CMakeFiles/opencv_imgproc.dir/src/contours_link.cpp.o
[ 53%] Building CXX object modules/imgproc/CMakeFiles/opencv_imgproc.dir/src/contours_new.cpp.o
[ 54%] Building CXX object modules/imgproc/CMakeFiles/opencv_imgproc.dir/src/convhull.cpp.o
[ 54%] Building CXX object modules/imgproc/CMakeFiles/opencv_imgproc.dir/src/corner.cpp.o
[ 54%] Building CXX object modules/imgproc/CMakeFiles/opencv_imgproc.dir/src/cornersubpix.cpp.o
[ 54%] Building CXX object modules/imgproc/CMakeFiles/opencv_imgproc.dir/src/demosaicing.cpp.o
[ 54%] Building CXX object modules/imgproc/CMakeFiles/opencv_imgproc.dir/src/deriv.cpp.o
[ 54%] Building CXX object modules/imgproc/CMakeFiles/opencv_imgproc.dir/src/distransform.cpp.o
[ 54%] Building CXX object modules/imgproc/CMakeFiles/opencv_imgproc.dir/src/drawing.cpp.o
[ 55%] Building CXX object modules/imgproc/CMakeFiles/opencv_imgproc.dir/src/emd.cpp.o
[ 55%] Building CXX object modules/imgproc/CMakeFiles/opencv_imgproc.dir/src/emd_new.cpp.o
[ 55%] Building CXX object modules/imgproc/CMakeFiles/opencv_imgproc.dir/src/featureselect.cpp.o
[ 55%] Building CXX object modules/imgproc/CMakeFiles/opencv_imgproc.dir/src/filter.dispatch.cpp.o
[ 55%] Building CXX object modules/imgproc/CMakeFiles/opencv_imgproc.dir/src/floodfill.cpp.o
[ 55%] Building CXX object modules/imgproc/CMakeFiles/opencv_imgproc.dir/src/gabor.cpp.o
[ 55%] Building CXX object modules/imgproc/CMakeFiles/opencv_imgproc.dir/src/generalized_hough.cpp.o
[ 55%] Building CXX object modules/imgproc/CMakeFiles/opencv_imgproc.dir/src/geometry.cpp.o
[ 56%] Building CXX object modules/imgproc/CMakeFiles/opencv_imgproc.dir/src/grabcut.cpp.o
[ 56%] Building CXX object modules/imgproc/CMakeFiles/opencv_imgproc.dir/src/hershey_fonts.cpp.o
[ 56%] Building CXX object modules/imgproc/CMakeFiles/opencv_imgproc.dir/src/histogram.cpp.o
[ 56%] Building CXX object modules/imgproc/CMakeFiles/opencv_imgproc.dir/src/hough.cpp.o
[ 56%] Building CXX object modules/imgproc/CMakeFiles/opencv_imgproc.dir/src/imgwarp.cpp.o
[ 56%] Building CXX object modules/imgproc/CMakeFiles/opencv_imgproc.dir/src/intelligent_scissors.cpp.o
[ 56%] Building CXX object modules/imgproc/CMakeFiles/opencv_imgproc.dir/src/intersection.cpp.o
[ 56%] Building CXX object modules/imgproc/CMakeFiles/opencv_imgproc.dir/src/linefit.cpp.o
[ 57%] Building CXX object modules/imgproc/CMakeFiles/opencv_imgproc.dir/src/lsd.cpp.o
[ 57%] Building CXX object modules/imgproc/CMakeFiles/opencv_imgproc.dir/src/main.cpp.o
[ 57%] Building CXX object modules/imgproc/CMakeFiles/opencv_imgproc.dir/src/matchcontours.cpp.o
[ 57%] Building CXX object modules/imgproc/CMakeFiles/opencv_imgproc.dir/src/median_blur.dispatch.cpp.o
[ 57%] Building CXX object modules/imgproc/CMakeFiles/opencv_imgproc.dir/src/min_enclosing_triangle.cpp.o
[ 57%] Building CXX object modules/imgproc/CMakeFiles/opencv_imgproc.dir/src/moments.cpp.o
[ 57%] Building CXX object modules/imgproc/CMakeFiles/opencv_imgproc.dir/src/morph.dispatch.cpp.o
[ 57%] Building CXX object modules/imgproc/CMakeFiles/opencv_imgproc.dir/src/phasecorr.cpp.o
[ 58%] Building CXX object modules/imgproc/CMakeFiles/opencv_imgproc.dir/src/pyramids.cpp.o
[ 58%] Building CXX object modules/imgproc/CMakeFiles/opencv_imgproc.dir/src/resize.cpp.o
[ 58%] Building CXX object modules/imgproc/CMakeFiles/opencv_imgproc.dir/src/rotcalipers.cpp.o
[ 58%] Building CXX object modules/imgproc/CMakeFiles/opencv_imgproc.dir/src/samplers.cpp.o
[ 58%] Building CXX object modules/imgproc/CMakeFiles/opencv_imgproc.dir/src/segmentation.cpp.o
[ 58%] Building CXX object modules/imgproc/CMakeFiles/opencv_imgproc.dir/src/shapedescr.cpp.o
[ 58%] Building CXX object modules/imgproc/CMakeFiles/opencv_imgproc.dir/src/smooth.dispatch.cpp.o
[ 58%] Building CXX object modules/imgproc/CMakeFiles/opencv_imgproc.dir/src/spatialgradient.cpp.o
[ 59%] Building CXX object modules/imgproc/CMakeFiles/opencv_imgproc.dir/src/stackblur.cpp.o
[ 59%] Building CXX object modules/imgproc/CMakeFiles/opencv_imgproc.dir/src/subdivision2d.cpp.o
[ 59%] Building CXX object modules/imgproc/CMakeFiles/opencv_imgproc.dir/src/sumpixels.dispatch.cpp.o
[ 59%] Building CXX object modules/imgproc/CMakeFiles/opencv_imgproc.dir/src/tables.cpp.o
[ 59%] Building CXX object modules/imgproc/CMakeFiles/opencv_imgproc.dir/src/templmatch.cpp.o
[ 59%] Building CXX object modules/imgproc/CMakeFiles/opencv_imgproc.dir/src/thresh.cpp.o
[ 59%] Building CXX object modules/imgproc/CMakeFiles/opencv_imgproc.dir/src/utils.cpp.o
[ 59%] Building CXX object modules/imgproc/CMakeFiles/opencv_imgproc.dir/opencl_kernels_imgproc.cpp.o
[ 60%] Building CXX object modules/imgproc/CMakeFiles/opencv_imgproc.dir/src/imgwarp.sse4_1.cpp.o
[ 60%] Building CXX object modules/imgproc/CMakeFiles/opencv_imgproc.dir/src/resize.sse4_1.cpp.o
[ 60%] Building CXX object modules/imgproc/CMakeFiles/opencv_imgproc.dir/accum.sse4_1.cpp.o
[ 60%] Building CXX object modules/imgproc/CMakeFiles/opencv_imgproc.dir/box_filter.sse4_1.cpp.o
[ 60%] Building CXX object modules/imgproc/CMakeFiles/opencv_imgproc.dir/filter.sse4_1.cpp.o
[ 60%] Building CXX object modules/imgproc/CMakeFiles/opencv_imgproc.dir/color_hsv.sse4_1.cpp.o
[ 60%] Building CXX object modules/imgproc/CMakeFiles/opencv_imgproc.dir/color_rgb.sse4_1.cpp.o
[ 60%] Building CXX object modules/imgproc/CMakeFiles/opencv_imgproc.dir/color_yuv.sse4_1.cpp.o
[ 61%] Building CXX object modules/imgproc/CMakeFiles/opencv_imgproc.dir/median_blur.sse4_1.cpp.o
[ 61%] Building CXX object modules/imgproc/CMakeFiles/opencv_imgproc.dir/morph.sse4_1.cpp.o
[ 61%] Building CXX object modules/imgproc/CMakeFiles/opencv_imgproc.dir/smooth.sse4_1.cpp.o
[ 61%] Building CXX object modules/imgproc/CMakeFiles/opencv_imgproc.dir/src/corner.avx.cpp.o
[ 61%] Building CXX object modules/imgproc/CMakeFiles/opencv_imgproc.dir/accum.avx.cpp.o
[ 61%] Building CXX object modules/imgproc/CMakeFiles/opencv_imgproc.dir/src/imgwarp.avx2.cpp.o
[ 61%] Building CXX object modules/imgproc/CMakeFiles/opencv_imgproc.dir/src/resize.avx2.cpp.o
[ 63%] Building CXX object modules/imgproc/CMakeFiles/opencv_imgproc.dir/accum.avx2.cpp.o
[ 63%] Building CXX object modules/imgproc/CMakeFiles/opencv_imgproc.dir/bilateral_filter.avx2.cpp.o
[ 63%] Building CXX object modules/imgproc/CMakeFiles/opencv_imgproc.dir/box_filter.avx2.cpp.o
[ 63%] Building CXX object modules/imgproc/CMakeFiles/opencv_imgproc.dir/filter.avx2.cpp.o
[ 63%] Building CXX object modules/imgproc/CMakeFiles/opencv_imgproc.dir/color_hsv.avx2.cpp.o
[ 63%] Building CXX object modules/imgproc/CMakeFiles/opencv_imgproc.dir/color_rgb.avx2.cpp.o
[ 63%] Building CXX object modules/imgproc/CMakeFiles/opencv_imgproc.dir/color_yuv.avx2.cpp.o
[ 63%] Building CXX object modules/imgproc/CMakeFiles/opencv_imgproc.dir/median_blur.avx2.cpp.o
[ 64%] Building CXX object modules/imgproc/CMakeFiles/opencv_imgproc.dir/morph.avx2.cpp.o
[ 64%] Building CXX object modules/imgproc/CMakeFiles/opencv_imgproc.dir/smooth.avx2.cpp.o
[ 64%] Building CXX object modules/imgproc/CMakeFiles/opencv_imgproc.dir/sumpixels.avx2.cpp.o
[ 64%] Building CXX object modules/imgproc/CMakeFiles/opencv_imgproc.dir/sumpixels.avx512_skx.cpp.o
[ 64%] Linking CXX shared library ../../lib/libopencv_imgproc.so
[ 64%] Built target opencv_imgproc
[ 64%] Processing OpenCL kernels (features2d)
[ 64%] Building CXX object modules/imgcodecs/CMakeFiles/opencv_imgcodecs.dir/src/loadsave.cpp.o
[ 64%] Building CXX object modules/imgcodecs/CMakeFiles/opencv_imgcodecs.dir/src/utils.cpp.o
[ 64%] Building CXX object modules/imgcodecs/CMakeFiles/opencv_imgcodecs.dir/src/grfmt_avif.cpp.o
[ 64%] Building CXX object modules/imgcodecs/CMakeFiles/opencv_imgcodecs.dir/src/grfmt_base.cpp.o
[ 65%] Building CXX object modules/imgcodecs/CMakeFiles/opencv_imgcodecs.dir/src/grfmt_exr.cpp.o
[ 65%] Building CXX object modules/imgcodecs/CMakeFiles/opencv_imgcodecs.dir/src/grfmt_bmp.cpp.o
[ 65%] Building CXX object modules/features2d/CMakeFiles/opencv_features2d.dir/src/affine_feature.cpp.o
[ 65%] Building CXX object modules/features2d/CMakeFiles/opencv_features2d.dir/src/agast.cpp.o
[ 65%] Building CXX object modules/imgcodecs/CMakeFiles/opencv_imgcodecs.dir/src/grfmt_gdal.cpp.o
[ 66%] Building CXX object modules/features2d/CMakeFiles/opencv_features2d.dir/src/agast_score.cpp.o
[ 66%] Building CXX object modules/imgcodecs/CMakeFiles/opencv_imgcodecs.dir/src/grfmt_gdcm.cpp.o
[ 66%] Building CXX object modules/imgcodecs/CMakeFiles/opencv_imgcodecs.dir/src/grfmt_hdr.cpp.o
[ 66%] Building CXX object modules/imgcodecs/CMakeFiles/opencv_imgcodecs.dir/src/grfmt_jpeg.cpp.o
[ 66%] Building CXX object modules/imgcodecs/CMakeFiles/opencv_imgcodecs.dir/src/grfmt_jpeg2000.cpp.o
[ 66%] Building CXX object modules/imgcodecs/CMakeFiles/opencv_imgcodecs.dir/src/grfmt_jpeg2000_openjpeg.cpp.o
[ 66%] Building CXX object modules/features2d/CMakeFiles/opencv_features2d.dir/src/akaze.cpp.o
[ 66%] Building CXX object modules/imgcodecs/CMakeFiles/opencv_imgcodecs.dir/src/grfmt_pam.cpp.o
[ 67%] Building CXX object modules/imgcodecs/CMakeFiles/opencv_imgcodecs.dir/src/grfmt_pfm.cpp.o
[ 67%] Building CXX object modules/features2d/CMakeFiles/opencv_features2d.dir/src/bagofwords.cpp.o
[ 67%] Building CXX object modules/imgcodecs/CMakeFiles/opencv_imgcodecs.dir/src/grfmt_png.cpp.o
[ 67%] Building CXX object modules/imgcodecs/CMakeFiles/opencv_imgcodecs.dir/src/grfmt_pxm.cpp.o
[ 67%] Building CXX object modules/features2d/CMakeFiles/opencv_features2d.dir/src/blobdetector.cpp.o
[ 67%] Building CXX object modules/imgcodecs/CMakeFiles/opencv_imgcodecs.dir/src/grfmt_spng.cpp.o
[ 67%] Building CXX object modules/imgcodecs/CMakeFiles/opencv_imgcodecs.dir/src/grfmt_sunras.cpp.o
[ 67%] Building CXX object modules/features2d/CMakeFiles/opencv_features2d.dir/src/brisk.cpp.o
[ 67%] Building CXX object modules/imgcodecs/CMakeFiles/opencv_imgcodecs.dir/src/grfmt_tiff.cpp.o
[ 67%] Building CXX object modules/features2d/CMakeFiles/opencv_features2d.dir/src/draw.cpp.o
[ 67%] Building CXX object modules/imgcodecs/CMakeFiles/opencv_imgcodecs.dir/src/grfmt_webp.cpp.o
[ 67%] Building CXX object modules/features2d/CMakeFiles/opencv_features2d.dir/src/dynamic.cpp.o
[ 67%] Building CXX object modules/imgcodecs/CMakeFiles/opencv_imgcodecs.dir/src/bitstrm.cpp.o
[ 68%] Building CXX object modules/imgcodecs/CMakeFiles/opencv_imgcodecs.dir/src/rgbe.cpp.o
[ 68%] Building CXX object modules/imgcodecs/CMakeFiles/opencv_imgcodecs.dir/src/exif.cpp.o
[ 68%] Building CXX object modules/features2d/CMakeFiles/opencv_features2d.dir/src/evaluation.cpp.o
[ 69%] Building CXX object modules/features2d/CMakeFiles/opencv_features2d.dir/src/fast.cpp.o
[ 69%] Building CXX object modules/features2d/CMakeFiles/opencv_features2d.dir/src/fast_score.cpp.o
[ 69%] Building CXX object modules/features2d/CMakeFiles/opencv_features2d.dir/src/feature2d.cpp.o
[ 69%] Building CXX object modules/features2d/CMakeFiles/opencv_features2d.dir/src/gftt.cpp.o
[ 69%] Building CXX object modules/features2d/CMakeFiles/opencv_features2d.dir/src/kaze.cpp.o
[ 69%] Building CXX object modules/features2d/CMakeFiles/opencv_features2d.dir/src/kaze/AKAZEFeatures.cpp.o
[ 69%] Building CXX object modules/features2d/CMakeFiles/opencv_features2d.dir/src/kaze/KAZEFeatures.cpp.o
[ 69%] Building CXX object modules/features2d/CMakeFiles/opencv_features2d.dir/src/kaze/fed.cpp.o
[ 70%] Building CXX object modules/features2d/CMakeFiles/opencv_features2d.dir/src/kaze/nldiffusion_functions.cpp.o
[ 70%] Building CXX object modules/features2d/CMakeFiles/opencv_features2d.dir/src/keypoint.cpp.o
[ 70%] Building CXX object modules/features2d/CMakeFiles/opencv_features2d.dir/src/main.cpp.o
[ 70%] Building CXX object modules/features2d/CMakeFiles/opencv_features2d.dir/src/matchers.cpp.o
[ 70%] Building CXX object modules/features2d/CMakeFiles/opencv_features2d.dir/src/mser.cpp.o
[ 70%] Building CXX object modules/features2d/CMakeFiles/opencv_features2d.dir/src/orb.cpp.o
[ 70%] Linking CXX shared library ../../lib/libopencv_imgcodecs.so
[ 70%] Built target opencv_imgcodecs
[ 70%] Building CXX object modules/features2d/CMakeFiles/opencv_features2d.dir/src/sift.dispatch.cpp.o
[ 70%] Building CXX object modules/features2d/CMakeFiles/opencv_features2d.dir/opencl_kernels_features2d.cpp.o
[ 71%] Building CXX object modules/features2d/CMakeFiles/opencv_features2d.dir/sift.sse4_1.cpp.o
[ 71%] Building CXX object modules/features2d/CMakeFiles/opencv_features2d.dir/src/fast.avx2.cpp.o
[ 71%] Building CXX object modules/features2d/CMakeFiles/opencv_features2d.dir/sift.avx2.cpp.o
[ 71%] Building CXX object modules/features2d/CMakeFiles/opencv_features2d.dir/sift.avx512_skx.cpp.o
[ 71%] Building CXX object modules/videoio/CMakeFiles/opencv_videoio.dir/src/videoio_registry.cpp.o
[ 71%] Building CXX object modules/videoio/CMakeFiles/opencv_videoio.dir/src/videoio_c.cpp.o
[ 72%] Building CXX object modules/videoio/CMakeFiles/opencv_videoio.dir/src/cap.cpp.o
[ 72%] Building CXX object modules/videoio/CMakeFiles/opencv_videoio.dir/src/cap_images.cpp.o
[ 72%] Building CXX object modules/videoio/CMakeFiles/opencv_videoio.dir/src/cap_mjpeg_encoder.cpp.o
[ 72%] Building CXX object modules/videoio/CMakeFiles/opencv_videoio.dir/src/cap_mjpeg_decoder.cpp.o
[ 72%] Building CXX object modules/videoio/CMakeFiles/opencv_videoio.dir/src/backend_plugin.cpp.o
[ 72%] Building CXX object modules/videoio/CMakeFiles/opencv_videoio.dir/src/backend_static.cpp.o
[ 72%] Building CXX object modules/videoio/CMakeFiles/opencv_videoio.dir/src/container_avi.cpp.o
[ 72%] Building CXX object modules/videoio/CMakeFiles/opencv_videoio.dir/src/cap_gstreamer.cpp.o
[ 73%] Building CXX object modules/videoio/CMakeFiles/opencv_videoio.dir/src/cap_v4l.cpp.o
[ 73%] Building CXX object modules/videoio/CMakeFiles/opencv_videoio.dir/src/cap_ffmpeg.cpp.o
[ 73%] Linking CXX shared library ../../lib/libopencv_features2d.so
[ 73%] Building CXX object modules/videoio/CMakeFiles/opencv_videoio.dir/src/cap_obsensor_capture.cpp.o
[ 73%] Built target opencv_features2d
[ 73%] Building CXX object modules/videoio/CMakeFiles/opencv_videoio.dir/src/cap_obsensor/obsensor_uvc_stream_channel.cpp.o
[ 73%] Building CXX object modules/videoio/CMakeFiles/opencv_videoio.dir/src/cap_obsensor/obsensor_stream_channel_v4l2.cpp.o
[ 73%] Linking CXX shared library ../../lib/libopencv_videoio.so
[ 73%] Built target opencv_videoio
[ 73%] Building CXX object modules/highgui/CMakeFiles/opencv_highgui.dir/src/window.cpp.o
[ 73%] Building CXX object modules/highgui/CMakeFiles/opencv_highgui.dir/src/window_gtk.cpp.o
[ 73%] Building CXX object modules/highgui/CMakeFiles/opencv_highgui.dir/src/backend.cpp.o
[ 75%] Building CXX object modules/highgui/CMakeFiles/opencv_highgui.dir/src/roiSelector.cpp.o
[ 75%] Linking CXX shared library ../../lib/libopencv_highgui.so
[ 75%] Built target opencv_highgui
[ 75%] Building CXX object apps/visualisation/CMakeFiles/opencv_visualisation.dir/opencv_visualisation.cpp.o
[ 75%] Building CXX object apps/annotation/CMakeFiles/opencv_annotation.dir/opencv_annotation.cpp.o
[ 75%] Building CXX object modules/ts/CMakeFiles/opencv_ts.dir/src/cuda_perf.cpp.o
[ 75%] Building CXX object modules/ts/CMakeFiles/opencv_ts.dir/src/cuda_test.cpp.o
[ 75%] Building CXX object modules/ts/CMakeFiles/opencv_ts.dir/src/ocl_perf.cpp.o
[ 75%] Building CXX object modules/ts/CMakeFiles/opencv_ts.dir/src/ocl_test.cpp.o
[ 75%] Building CXX object modules/ts/CMakeFiles/opencv_ts.dir/src/ts.cpp.o
[ 75%] Building CXX object modules/ts/CMakeFiles/opencv_ts.dir/src/ts_arrtest.cpp.o
[ 75%] Building CXX object modules/ts/CMakeFiles/opencv_ts.dir/src/ts_func.cpp.o
[ 76%] Building CXX object modules/ts/CMakeFiles/opencv_ts.dir/src/ts_gtest.cpp.o
[ 76%] Linking CXX executable ../../bin/opencv_annotation
[ 76%] Built target opencv_annotation
[ 76%] Building CXX object modules/ts/CMakeFiles/opencv_ts.dir/src/ts_perf.cpp.o
[ 77%] Linking CXX executable ../../bin/opencv_visualisation
[ 77%] Building CXX object modules/ts/CMakeFiles/opencv_ts.dir/src/ts_tags.cpp.o
[ 77%] Built target opencv_visualisation
[ 77%] Linking CXX static library ../../lib/libopencv_ts.a
[ 77%] Built target opencv_ts
[ 77%] Building CXX object modules/core/CMakeFiles/opencv_test_core.dir/test/ocl/test_arithm.cpp.o
[ 77%] Building CXX object modules/core/CMakeFiles/opencv_test_core.dir/test/ocl/test_channels.cpp.o
[ 77%] Building CXX object modules/core/CMakeFiles/opencv_test_core.dir/test/ocl/test_dft.cpp.o
[ 77%] Building CXX object modules/imgproc/CMakeFiles/opencv_test_imgproc.dir/test/ocl/test_accumulate.cpp.o
[ 78%] Building CXX object modules/core/CMakeFiles/opencv_test_core.dir/test/ocl/test_gemm.cpp.o
[ 78%] Building CXX object modules/features2d/CMakeFiles/opencv_test_features2d.dir/test/ocl/test_brute_force_matcher.cpp.o
[ 78%] Building CXX object modules/imgproc/CMakeFiles/opencv_test_imgproc.dir/test/ocl/test_blend.cpp.o
[ 78%] Building CXX object modules/core/CMakeFiles/opencv_test_core.dir/test/ocl/test_image2d.cpp.o
[ 78%] Building CXX object modules/videoio/CMakeFiles/opencv_test_videoio.dir/test/test_audio.cpp.o
[ 78%] Building CXX object modules/imgcodecs/CMakeFiles/opencv_test_imgcodecs.dir/test/test_avif.cpp.o
[ 78%] Building CXX object modules/features2d/CMakeFiles/opencv_test_features2d.dir/test/ocl/test_feature2d.cpp.o
[ 78%] Building CXX object modules/imgcodecs/CMakeFiles/opencv_test_imgcodecs.dir/test/test_common.cpp.o
[ 78%] Building CXX object modules/features2d/CMakeFiles/opencv_test_features2d.dir/test/test_affine_feature.cpp.o
[ 78%] Building CXX object modules/imgproc/CMakeFiles/opencv_test_imgproc.dir/test/ocl/test_boxfilter.cpp.o
[ 78%] Building CXX object modules/core/CMakeFiles/opencv_test_core.dir/test/ocl/test_matrix_expr.cpp.o
[ 79%] Building CXX object modules/imgproc/CMakeFiles/opencv_test_imgproc.dir/test/ocl/test_canny.cpp.o
[ 79%] Building CXX object modules/core/CMakeFiles/opencv_test_core.dir/test/ocl/test_matrix_operation.cpp.o
[ 79%] Building CXX object modules/core/CMakeFiles/opencv_test_core.dir/test/ocl/test_opencl.cpp.o
[ 79%] Building CXX object modules/highgui/CMakeFiles/opencv_test_highgui.dir/test/test_gui.cpp.o
[ 79%] Building CXX object modules/core/CMakeFiles/opencv_test_core.dir/test/test_arithm.cpp.o
[ 79%] Building CXX object modules/imgcodecs/CMakeFiles/opencv_test_imgcodecs.dir/test/test_grfmt.cpp.o
[ 79%] Building CXX object modules/features2d/CMakeFiles/opencv_test_features2d.dir/test/test_agast.cpp.o
[ 79%] Building CXX object modules/features2d/CMakeFiles/opencv_test_features2d.dir/test/test_akaze.cpp.o
[ 79%] Building CXX object modules/features2d/CMakeFiles/opencv_test_features2d.dir/test/test_blobdetector.cpp.o
[ 80%] Building CXX object modules/highgui/CMakeFiles/opencv_test_highgui.dir/test/test_main.cpp.o
[ 80%] Building CXX object modules/core/CMakeFiles/opencv_test_core.dir/test/test_async.cpp.o
[ 80%] Building CXX object modules/imgproc/CMakeFiles/opencv_test_imgproc.dir/test/ocl/test_color.cpp.o
[ 80%] Building CXX object modules/videoio/CMakeFiles/opencv_test_videoio.dir/test/test_camera.cpp.o
[ 80%] Building CXX object modules/imgproc/CMakeFiles/opencv_test_imgproc.dir/test/ocl/test_filter2d.cpp.o
[ 80%] Linking CXX executable ../../bin/opencv_test_highgui
[ 80%] Building CXX object modules/core/CMakeFiles/opencv_test_core.dir/test/test_concatenation.cpp.o
[ 80%] Built target opencv_test_highgui
[ 81%] Building CXX object modules/core/CMakeFiles/opencv_test_core.dir/test/test_conjugate_gradient.cpp.o
[ 81%] Building CXX object modules/features2d/CMakeFiles/opencv_test_features2d.dir/test/test_brisk.cpp.o
[ 82%] Building CXX object modules/features2d/CMakeFiles/opencv_test_features2d.dir/test/test_descriptors_invariance.cpp.o
[ 82%] Building CXX object modules/core/CMakeFiles/opencv_test_core.dir/test/test_countnonzero.cpp.o
[ 82%] Building CXX object modules/imgproc/CMakeFiles/opencv_test_imgproc.dir/test/ocl/test_filters.cpp.o
[ 82%] Building CXX object modules/videoio/CMakeFiles/opencv_test_videoio.dir/test/test_container_avi.cpp.o
[ 82%] Building CXX object modules/features2d/CMakeFiles/opencv_test_features2d.dir/test/test_descriptors_regression.cpp.o
[ 82%] Building CXX object modules/imgcodecs/CMakeFiles/opencv_test_imgcodecs.dir/test/test_jpeg.cpp.o
[ 82%] Building CXX object modules/imgcodecs/CMakeFiles/opencv_test_imgcodecs.dir/test/test_main.cpp.o
[ 82%] Building CXX object modules/features2d/CMakeFiles/opencv_test_features2d.dir/test/test_detectors_invariance.cpp.o
[ 82%] Building CXX object modules/imgproc/CMakeFiles/opencv_test_imgproc.dir/test/ocl/test_gftt.cpp.o
[ 82%] Building CXX object modules/features2d/CMakeFiles/opencv_test_features2d.dir/test/test_detectors_regression.cpp.o
[ 82%] Building CXX object modules/imgcodecs/CMakeFiles/opencv_test_imgcodecs.dir/test/test_png.cpp.o
[ 82%] Building CXX object modules/videoio/CMakeFiles/opencv_test_videoio.dir/test/test_dynamic.cpp.o
[ 82%] Building CXX object modules/features2d/CMakeFiles/opencv_test_features2d.dir/test/test_drawing.cpp.o
[ 82%] Building CXX object modules/imgproc/CMakeFiles/opencv_test_imgproc.dir/test/ocl/test_histogram.cpp.o
[ 82%] Building CXX object modules/features2d/CMakeFiles/opencv_test_features2d.dir/test/test_fast.cpp.o
[ 82%] Building CXX object modules/core/CMakeFiles/opencv_test_core.dir/test/test_cuda.cpp.o
[ 82%] Building CXX object modules/features2d/CMakeFiles/opencv_test_features2d.dir/test/test_keypoints.cpp.o
[ 83%] Building CXX object modules/imgcodecs/CMakeFiles/opencv_test_imgcodecs.dir/test/test_read_write.cpp.o
[ 83%] Building CXX object modules/imgcodecs/CMakeFiles/opencv_test_imgcodecs.dir/test/test_tiff.cpp.o
[ 83%] Building CXX object modules/core/CMakeFiles/opencv_test_core.dir/test/test_downhill_simplex.cpp.o
[ 83%] Building CXX object modules/features2d/CMakeFiles/opencv_test_features2d.dir/test/test_main.cpp.o
[ 83%] Building CXX object modules/videoio/CMakeFiles/opencv_test_videoio.dir/test/test_ffmpeg.cpp.o
[ 83%] Building CXX object modules/imgcodecs/CMakeFiles/opencv_test_imgcodecs.dir/test/test_webp.cpp.o
[ 83%] Building CXX object modules/imgproc/CMakeFiles/opencv_test_imgproc.dir/test/ocl/test_houghlines.cpp.o
[ 83%] Building CXX object modules/imgproc/CMakeFiles/opencv_test_imgproc.dir/test/ocl/test_imgproc.cpp.o
[ 84%] Building CXX object modules/features2d/CMakeFiles/opencv_test_features2d.dir/test/test_matchers_algorithmic.cpp.o
[ 84%] Building CXX object modules/features2d/CMakeFiles/opencv_test_features2d.dir/test/test_mser.cpp.o
[ 84%] Building CXX object modules/features2d/CMakeFiles/opencv_test_features2d.dir/test/test_nearestneighbors.cpp.o
[ 84%] Building CXX object modules/core/CMakeFiles/opencv_test_core.dir/test/test_ds.cpp.o
[ 84%] Building CXX object modules/core/CMakeFiles/opencv_test_core.dir/test/test_dxt.cpp.o
[ 85%] Building CXX object modules/imgproc/CMakeFiles/opencv_test_imgproc.dir/test/ocl/test_match_template.cpp.o
[ 85%] Building CXX object modules/imgproc/CMakeFiles/opencv_test_imgproc.dir/test/ocl/test_medianfilter.cpp.o
[ 85%] Building CXX object modules/imgproc/CMakeFiles/opencv_test_imgproc.dir/test/ocl/test_pyramids.cpp.o
[ 85%] Building CXX object modules/features2d/CMakeFiles/opencv_test_features2d.dir/test/test_orb.cpp.o
[ 85%] Building CXX object modules/core/CMakeFiles/opencv_test_core.dir/test/test_eigen.cpp.o
[ 85%] Building CXX object modules/imgproc/CMakeFiles/opencv_test_imgproc.dir/test/ocl/test_sepfilter2d.cpp.o
[ 85%] Building CXX object modules/imgproc/CMakeFiles/opencv_test_imgproc.dir/test/ocl/test_warp.cpp.o
[ 85%] Building CXX object modules/features2d/CMakeFiles/opencv_test_features2d.dir/test/test_sift.cpp.o
[ 85%] Building CXX object modules/core/CMakeFiles/opencv_test_core.dir/test/test_hal_core.cpp.o
[ 85%] Building CXX object modules/imgproc/CMakeFiles/opencv_test_imgproc.dir/test/test_approxpoly.cpp.o
[ 85%] Building CXX object modules/features2d/CMakeFiles/opencv_test_features2d.dir/test/test_utils.cpp.o
[ 86%] Building CXX object modules/core/CMakeFiles/opencv_test_core.dir/test/test_hasnonzero.cpp.o
[ 86%] Building CXX object modules/imgproc/CMakeFiles/opencv_test_imgproc.dir/test/test_bilateral_filter.cpp.o
[ 86%] Building CXX object modules/core/CMakeFiles/opencv_test_core.dir/test/test_intrin.cpp.o
[ 86%] Linking CXX executable ../../bin/opencv_test_features2d
[ 86%] Built target opencv_test_features2d
[ 86%] Building CXX object modules/core/CMakeFiles/opencv_test_core.dir/test/test_intrin_emulator.cpp.o
[ 86%] Building CXX object modules/imgproc/CMakeFiles/opencv_test_imgproc.dir/test/test_boundingrect.cpp.o
[ 86%] Building CXX object modules/core/CMakeFiles/opencv_test_core.dir/test/test_io.cpp.o
[ 86%] Building CXX object modules/core/CMakeFiles/opencv_test_core.dir/test/test_logtagconfigparser.cpp.o
[ 88%] Building CXX object modules/imgproc/CMakeFiles/opencv_test_imgproc.dir/test/test_canny.cpp.o
[ 88%] Linking CXX executable ../../bin/opencv_test_imgcodecs
[ 88%] Built target opencv_test_imgcodecs
[ 88%] Building CXX object modules/imgproc/CMakeFiles/opencv_test_imgproc.dir/test/test_color.cpp.o
[ 88%] Building CXX object modules/core/CMakeFiles/opencv_test_core.dir/test/test_logtagmanager.cpp.o
[ 88%] Building CXX object modules/imgproc/CMakeFiles/opencv_test_imgproc.dir/test/test_connectedcomponents.cpp.o
[ 88%] Building CXX object modules/imgproc/CMakeFiles/opencv_test_imgproc.dir/test/test_contours.cpp.o
[ 88%] Building CXX object modules/videoio/CMakeFiles/opencv_test_videoio.dir/test/test_gstreamer.cpp.o
[ 88%] Building CXX object modules/core/CMakeFiles/opencv_test_core.dir/test/test_lpsolver.cpp.o
[ 88%] Building CXX object modules/core/CMakeFiles/opencv_test_core.dir/test/test_main.cpp.o
[ 89%] Building CXX object modules/videoio/CMakeFiles/opencv_test_videoio.dir/test/test_images.cpp.o
[ 89%] Building CXX object modules/imgproc/CMakeFiles/opencv_test_imgproc.dir/test/test_contours_new.cpp.o
[ 89%] Building CXX object modules/videoio/CMakeFiles/opencv_test_videoio.dir/test/test_main.cpp.o
[ 90%] Building CXX object modules/core/CMakeFiles/opencv_test_core.dir/test/test_mat.cpp.o
[ 90%] Building CXX object modules/imgproc/CMakeFiles/opencv_test_imgproc.dir/test/test_convhull.cpp.o
[ 90%] Building CXX object modules/videoio/CMakeFiles/opencv_test_videoio.dir/test/test_mfx.cpp.o
[ 90%] Building CXX object modules/core/CMakeFiles/opencv_test_core.dir/test/test_math.cpp.o
[ 90%] Building CXX object modules/videoio/CMakeFiles/opencv_test_videoio.dir/test/test_microphone.cpp.o
[ 90%] Building CXX object modules/imgproc/CMakeFiles/opencv_test_imgproc.dir/test/test_cornersubpix.cpp.o
[ 90%] Building CXX object modules/videoio/CMakeFiles/opencv_test_videoio.dir/test/test_orientation.cpp.o
[ 90%] Building CXX object modules/videoio/CMakeFiles/opencv_test_videoio.dir/test/test_plugins.cpp.o
[ 90%] Building CXX object modules/imgproc/CMakeFiles/opencv_test_imgproc.dir/test/test_cvtyuv.cpp.o
[ 91%] Building CXX object modules/imgproc/CMakeFiles/opencv_test_imgproc.dir/test/test_distancetransform.cpp.o
[ 91%] Building CXX object modules/videoio/CMakeFiles/opencv_test_videoio.dir/test/test_v4l2.cpp.o
[ 91%] Building CXX object modules/videoio/CMakeFiles/opencv_test_videoio.dir/test/test_video_io.cpp.o
[ 91%] Building CXX object modules/core/CMakeFiles/opencv_test_core.dir/test/test_misc.cpp.o
[ 91%] Building CXX object modules/imgproc/CMakeFiles/opencv_test_imgproc.dir/test/test_drawing.cpp.o
[ 91%] Building CXX object modules/imgproc/CMakeFiles/opencv_test_imgproc.dir/test/test_emd.cpp.o
[ 91%] Building CXX object modules/imgproc/CMakeFiles/opencv_test_imgproc.dir/test/test_filter.cpp.o
[ 91%] Building CXX object modules/imgproc/CMakeFiles/opencv_test_imgproc.dir/test/test_fitellipse.cpp.o
[ 91%] Building CXX object modules/imgproc/CMakeFiles/opencv_test_imgproc.dir/test/test_fitellipse_ams.cpp.o
[ 91%] Building CXX object modules/imgproc/CMakeFiles/opencv_test_imgproc.dir/test/test_fitellipse_direct.cpp.o
[ 91%] Building CXX object modules/core/CMakeFiles/opencv_test_core.dir/test/test_opencl.cpp.o
[ 91%] Building CXX object modules/imgproc/CMakeFiles/opencv_test_imgproc.dir/test/test_floodfill.cpp.o
[ 92%] Building CXX object modules/imgproc/CMakeFiles/opencv_test_imgproc.dir/test/test_goodfeaturetotrack.cpp.o
[ 93%] Linking CXX executable ../../bin/opencv_test_videoio
[ 93%] Building CXX object modules/core/CMakeFiles/opencv_test_core.dir/test/test_operations.cpp.o
[ 93%] Built target opencv_test_videoio
[ 93%] Building CXX object modules/core/CMakeFiles/opencv_test_core.dir/test/test_ptr.cpp.o
[ 93%] Building CXX object modules/imgproc/CMakeFiles/opencv_test_imgproc.dir/test/test_grabcut.cpp.o
[ 93%] Building CXX object modules/core/CMakeFiles/opencv_test_core.dir/test/test_quaternion.cpp.o
[ 93%] Building CXX object modules/imgproc/CMakeFiles/opencv_test_imgproc.dir/test/test_houghcircles.cpp.o
[ 93%] Building CXX object modules/imgproc/CMakeFiles/opencv_test_imgproc.dir/test/test_histograms.cpp.o
[ 94%] Building CXX object modules/core/CMakeFiles/opencv_test_core.dir/test/test_rand.cpp.o
[ 94%] Building CXX object modules/core/CMakeFiles/opencv_test_core.dir/test/test_rotatedrect.cpp.o
[ 94%] Building CXX object modules/imgproc/CMakeFiles/opencv_test_imgproc.dir/test/test_houghlines.cpp.o
[ 94%] Building CXX object modules/core/CMakeFiles/opencv_test_core.dir/test/test_umat.cpp.o
[ 94%] Building CXX object modules/core/CMakeFiles/opencv_test_core.dir/test/test_utils.cpp.o
[ 94%] Building CXX object modules/core/CMakeFiles/opencv_test_core.dir/test/test_intrin128.sse2.cpp.o
[ 94%] Building CXX object modules/core/CMakeFiles/opencv_test_core.dir/test/test_intrin128.sse3.cpp.o
[ 94%] Building CXX object modules/imgproc/CMakeFiles/opencv_test_imgproc.dir/test/test_imgproc_umat.cpp.o
[ 94%] Building CXX object modules/core/CMakeFiles/opencv_test_core.dir/test/test_intrin128.ssse3.cpp.o
[ 94%] Building CXX object modules/core/CMakeFiles/opencv_test_core.dir/test/test_intrin128.sse4_1.cpp.o
[ 94%] Building CXX object modules/imgproc/CMakeFiles/opencv_test_imgproc.dir/test/test_imgwarp.cpp.o
[ 94%] Building CXX object modules/imgproc/CMakeFiles/opencv_test_imgproc.dir/test/test_imgwarp_strict.cpp.o
[ 95%] Building CXX object modules/core/CMakeFiles/opencv_test_core.dir/test/test_intrin128.sse4_2.cpp.o
[ 95%] Building CXX object modules/core/CMakeFiles/opencv_test_core.dir/test/test_intrin128.fp16.cpp.o
[ 96%] Building CXX object modules/imgproc/CMakeFiles/opencv_test_imgproc.dir/test/test_intelligent_scissors.cpp.o
[ 96%] Building CXX object modules/core/CMakeFiles/opencv_test_core.dir/test/test_intrin128.avx.cpp.o
[ 96%] Building CXX object modules/imgproc/CMakeFiles/opencv_test_imgproc.dir/test/test_intersectconvexconvex.cpp.o
[ 96%] Building CXX object modules/core/CMakeFiles/opencv_test_core.dir/test/test_intrin128.avx2.cpp.o
[ 96%] Building CXX object modules/imgproc/CMakeFiles/opencv_test_imgproc.dir/test/test_intersection.cpp.o
[ 96%] Building CXX object modules/imgproc/CMakeFiles/opencv_test_imgproc.dir/test/test_lsd.cpp.o
[ 96%] Building CXX object modules/imgproc/CMakeFiles/opencv_test_imgproc.dir/test/test_main.cpp.o
[ 96%] Building CXX object modules/imgproc/CMakeFiles/opencv_test_imgproc.dir/test/test_moments.cpp.o
[ 96%] Building CXX object modules/imgproc/CMakeFiles/opencv_test_imgproc.dir/test/test_pc.cpp.o
[ 96%] Building CXX object modules/imgproc/CMakeFiles/opencv_test_imgproc.dir/test/test_pyramid.cpp.o
[ 97%] Building CXX object modules/imgproc/CMakeFiles/opencv_test_imgproc.dir/test/test_resize_bitexact.cpp.o
[ 97%] Building CXX object modules/imgproc/CMakeFiles/opencv_test_imgproc.dir/test/test_smooth_bitexact.cpp.o
[ 97%] Building CXX object modules/imgproc/CMakeFiles/opencv_test_imgproc.dir/test/test_stackblur.cpp.o
[ 97%] Building CXX object modules/imgproc/CMakeFiles/opencv_test_imgproc.dir/test/test_subdivision2d.cpp.o
[ 97%] Building CXX object modules/imgproc/CMakeFiles/opencv_test_imgproc.dir/test/test_templmatch.cpp.o
[ 97%] Building CXX object modules/imgproc/CMakeFiles/opencv_test_imgproc.dir/test/test_templmatchmask.cpp.o
[ 97%] Building CXX object modules/imgproc/CMakeFiles/opencv_test_imgproc.dir/test/test_thresh.cpp.o
[ 98%] Building CXX object modules/imgproc/CMakeFiles/opencv_test_imgproc.dir/test/test_watershed.cpp.o
[ 98%] Linking CXX executable ../../bin/opencv_test_imgproc
[ 98%] Built target opencv_test_imgproc
Consolidate compiler generated dependencies of target ittnotify
Consolidate compiler generated dependencies of target ippiw
[  0%] Built target opencv_dnn_plugins
[  0%] Built target opencv_highgui_plugins
[  0%] Built target opencv_videoio_plugins
[  1%] Built target ittnotify
[  4%] Built target ippiw
Consolidate compiler generated dependencies of target libwebp
[ 21%] Built target libwebp
Consolidate compiler generated dependencies of target IlmImf
[ 35%] Built target IlmImf
Consolidate compiler generated dependencies of target opencv_core
[ 51%] Built target opencv_core
Consolidate compiler generated dependencies of target opencv_version
[ 51%] Built target opencv_version
Consolidate compiler generated dependencies of target opencv_imgproc
[ 64%] Built target opencv_imgproc
Consolidate compiler generated dependencies of target opencv_imgcodecs
Consolidate compiler generated dependencies of target opencv_features2d
[ 67%] Built target opencv_imgcodecs
[ 67%] Building CXX object modules/features2d/CMakeFiles/opencv_features2d.dir/src/fast_score.cpp.o
Consolidate compiler generated dependencies of target opencv_videoio
[ 69%] Built target opencv_videoio
Consolidate compiler generated dependencies of target opencv_highgui
[ 70%] Built target opencv_highgui
Consolidate compiler generated dependencies of target opencv_annotation
Consolidate compiler generated dependencies of target opencv_visualisation
Consolidate compiler generated dependencies of target opencv_ts
[ 70%] Built target opencv_annotation
[ 71%] Built target opencv_visualisation
[ 72%] Built target opencv_ts
Consolidate compiler generated dependencies of target opencv_test_highgui
Consolidate compiler generated dependencies of target opencv_test_imgcodecs
[ 73%] Built target opencv_test_highgui
[ 75%] Built target opencv_test_imgcodecs
Consolidate compiler generated dependencies of target opencv_test_videoio
[ 77%] Built target opencv_test_videoio
Consolidate compiler generated dependencies of target opencv_test_core
Consolidate compiler generated dependencies of target opencv_test_imgproc
[ 77%] Building CXX object modules/core/CMakeFiles/opencv_test_core.dir/test/test_intrin128.fp16.cpp.o
[ 77%] Building CXX object modules/core/CMakeFiles/opencv_test_core.dir/test/test_intrin256.avx2.cpp.o
[ 77%] Building CXX object modules/core/CMakeFiles/opencv_test_core.dir/test/test_intrin128.avx512_skx.cpp.o
[ 77%] Building CXX object modules/core/CMakeFiles/opencv_test_core.dir/test/test_intrin256.avx512_skx.cpp.o
[ 77%] Building CXX object modules/core/CMakeFiles/opencv_test_core.dir/test/test_intrin512.avx512_skx.cpp.o
[ 85%] Built target opencv_test_imgproc
[ 86%] Linking CXX executable ../../bin/opencv_test_core
[ 93%] Built target opencv_test_core
Testing mutant fast_score.MUT170.cpp on faster25.swtv::core3
>> Configuring opencv_features2d_TF_top30 without coverage
>> Building opencv_features2d_TF_top30
>> Applied patch to fast_score.cpp with fast_score.MUT170.cpp
>> Building opencv_features2d_TF_top30
Failed to build on fast_score.MUT170.cpp
>> Reverted fast_score.cpp to original from fast_score.MUT170.cpp

+++++ STDERR +++++
c++: fatal error: Killed signal terminated program cc1plus
compilation terminated.
make[2]: *** [modules/core/CMakeFiles/opencv_test_core.dir/build.make:678: modules/core/CMakeFiles/opencv_test_core.dir/test/test_intrin128.fp16.cpp.o] Error 1
make[2]: *** Waiting for unfinished jobs....
make[1]: *** [CMakeFiles/Makefile2:1325: modules/core/CMakeFiles/opencv_test_core.dir/all] Error 2
make: *** [Makefile:166: all] Error 2
/home/yangheechan/FL-dataset-generation-opencv_features2d_TF_top30/work/opencv_features2d_TF_top30/working_env/faster25.swtv/core3/opencv_features2d_TF_top30/modules/features2d/src/fast_score.cpp: In function int cv::cornerScore(const uchar*, const int*, int) [with int patternSize = 16; uchar = unsigned char]:
/home/yangheechan/FL-dataset-generation-opencv_features2d_TF_top30/work/opencv_features2d_TF_top30/working_env/faster25.swtv/core3/opencv_features2d_TF_top30/modules/features2d/src/fast_score.cpp:180:25: error: no matching function for call to min(int&, short int)
  180 |             a = std::min(a, (short)d[k+7]);
      |                 ~~~~~~~~^~~~~~~~~~~~~~~~~~
In file included from /usr/include/c++/11/algorithm:61,
                 from /home/yangheechan/FL-dataset-generation-opencv_features2d_TF_top30/work/opencv_features2d_TF_top30/working_env/faster25.swtv/core3/opencv_features2d_TF_top30/modules/core/include/opencv2/core/base.hpp:55,
                 from /home/yangheechan/FL-dataset-generation-opencv_features2d_TF_top30/work/opencv_features2d_TF_top30/working_env/faster25.swtv/core3/opencv_features2d_TF_top30/modules/core/include/opencv2/core.hpp:53,
                 from /home/yangheechan/FL-dataset-generation-opencv_features2d_TF_top30/work/opencv_features2d_TF_top30/working_env/faster25.swtv/core3/opencv_features2d_TF_top30/modules/features2d/include/opencv2/features2d.hpp:47,
                 from /home/yangheechan/FL-dataset-generation-opencv_features2d_TF_top30/work/opencv_features2d_TF_top30/working_env/faster25.swtv/core3/opencv_features2d_TF_top30/modules/features2d/src/precomp.hpp:46,
                 from /home/yangheechan/FL-dataset-generation-opencv_features2d_TF_top30/work/opencv_features2d_TF_top30/working_env/faster25.swtv/core3/opencv_features2d_TF_top30/modules/features2d/src/fast_score.hpp:49,
                 from /home/yangheechan/FL-dataset-generation-opencv_features2d_TF_top30/work/opencv_features2d_TF_top30/working_env/faster25.swtv/core3/opencv_features2d_TF_top30/modules/features2d/src/fast_score.cpp:44:
/usr/include/c++/11/bits/stl_algobase.h:230:5: note: candidate: template<class _Tp> const _Tp& std::min(const _Tp&, const _Tp&)
  230 |     min(const _Tp& __a, const _Tp& __b)
      |     ^~~
/usr/include/c++/11/bits/stl_algobase.h:230:5: note:   template argument deduction/substitution failed:
/home/yangheechan/FL-dataset-generation-opencv_features2d_TF_top30/work/opencv_features2d_TF_top30/working_env/faster25.swtv/core3/opencv_features2d_TF_top30/modules/features2d/src/fast_score.cpp:180:25: note:   deduced conflicting types for parameter const _Tp (int and short int)
  180 |             a = std::min(a, (short)d[k+7]);
      |                 ~~~~~~~~^~~~~~~~~~~~~~~~~~
In file included from /usr/include/c++/11/algorithm:61,
                 from /home/yangheechan/FL-dataset-generation-opencv_features2d_TF_top30/work/opencv_features2d_TF_top30/working_env/faster25.swtv/core3/opencv_features2d_TF_top30/modules/core/include/opencv2/core/base.hpp:55,
                 from /home/yangheechan/FL-dataset-generation-opencv_features2d_TF_top30/work/opencv_features2d_TF_top30/working_env/faster25.swtv/core3/opencv_features2d_TF_top30/modules/core/include/opencv2/core.hpp:53,
                 from /home/yangheechan/FL-dataset-generation-opencv_features2d_TF_top30/work/opencv_features2d_TF_top30/working_env/faster25.swtv/core3/opencv_features2d_TF_top30/modules/features2d/include/opencv2/features2d.hpp:47,
                 from /home/yangheechan/FL-dataset-generation-opencv_features2d_TF_top30/work/opencv_features2d_TF_top30/working_env/faster25.swtv/core3/opencv_features2d_TF_top30/modules/features2d/src/precomp.hpp:46,
                 from /home/yangheechan/FL-dataset-generation-opencv_features2d_TF_top30/work/opencv_features2d_TF_top30/working_env/faster25.swtv/core3/opencv_features2d_TF_top30/modules/features2d/src/fast_score.hpp:49,
                 from /home/yangheechan/FL-dataset-generation-opencv_features2d_TF_top30/work/opencv_features2d_TF_top30/working_env/faster25.swtv/core3/opencv_features2d_TF_top30/modules/features2d/src/fast_score.cpp:44:
/usr/include/c++/11/bits/stl_algobase.h:278:5: note: candidate: template<class _Tp, class _Compare> const _Tp& std::min(const _Tp&, const _Tp&, _Compare)
  278 |     min(const _Tp& __a, const _Tp& __b, _Compare __comp)
      |     ^~~
/usr/include/c++/11/bits/stl_algobase.h:278:5: note:   template argument deduction/substitution failed:
/home/yangheechan/FL-dataset-generation-opencv_features2d_TF_top30/work/opencv_features2d_TF_top30/working_env/faster25.swtv/core3/opencv_features2d_TF_top30/modules/features2d/src/fast_score.cpp:180:25: note:   deduced conflicting types for parameter const _Tp (int and short int)
  180 |             a = std::min(a, (short)d[k+7]);
      |                 ~~~~~~~~^~~~~~~~~~~~~~~~~~
In file included from /usr/include/c++/11/algorithm:62,
                 from /home/yangheechan/FL-dataset-generation-opencv_features2d_TF_top30/work/opencv_features2d_TF_top30/working_env/faster25.swtv/core3/opencv_features2d_TF_top30/modules/core/include/opencv2/core/base.hpp:55,
                 from /home/yangheechan/FL-dataset-generation-opencv_features2d_TF_top30/work/opencv_features2d_TF_top30/working_env/faster25.swtv/core3/opencv_features2d_TF_top30/modules/core/include/opencv2/core.hpp:53,
                 from /home/yangheechan/FL-dataset-generation-opencv_features2d_TF_top30/work/opencv_features2d_TF_top30/working_env/faster25.swtv/core3/opencv_features2d_TF_top30/modules/features2d/include/opencv2/features2d.hpp:47,
                 from /home/yangheechan/FL-dataset-generation-opencv_features2d_TF_top30/work/opencv_features2d_TF_top30/working_env/faster25.swtv/core3/opencv_features2d_TF_top30/modules/features2d/src/precomp.hpp:46,
                 from /home/yangheechan/FL-dataset-generation-opencv_features2d_TF_top30/work/opencv_features2d_TF_top30/working_env/faster25.swtv/core3/opencv_features2d_TF_top30/modules/features2d/src/fast_score.hpp:49,
                 from /home/yangheechan/FL-dataset-generation-opencv_features2d_TF_top30/work/opencv_features2d_TF_top30/working_env/faster25.swtv/core3/opencv_features2d_TF_top30/modules/features2d/src/fast_score.cpp:44:
/usr/include/c++/11/bits/stl_algo.h:3449:5: note: candidate: template<class _Tp> _Tp std::min(std::initializer_list<_Tp>)
 3449 |     min(initializer_list<_Tp> __l)
      |     ^~~
/usr/include/c++/11/bits/stl_algo.h:3449:5: note:   template argument deduction/substitution failed:
/home/yangheechan/FL-dataset-generation-opencv_features2d_TF_top30/work/opencv_features2d_TF_top30/working_env/faster25.swtv/core3/opencv_features2d_TF_top30/modules/features2d/src/fast_score.cpp:180:25: note:   mismatched types std::initializer_list<_Tp> and int
  180 |             a = std::min(a, (short)d[k+7]);
      |                 ~~~~~~~~^~~~~~~~~~~~~~~~~~
In file included from /usr/include/c++/11/algorithm:62,
                 from /home/yangheechan/FL-dataset-generation-opencv_features2d_TF_top30/work/opencv_features2d_TF_top30/working_env/faster25.swtv/core3/opencv_features2d_TF_top30/modules/core/include/opencv2/core/base.hpp:55,
                 from /home/yangheechan/FL-dataset-generation-opencv_features2d_TF_top30/work/opencv_features2d_TF_top30/working_env/faster25.swtv/core3/opencv_features2d_TF_top30/modules/core/include/opencv2/core.hpp:53,
                 from /home/yangheechan/FL-dataset-generation-opencv_features2d_TF_top30/work/opencv_features2d_TF_top30/working_env/faster25.swtv/core3/opencv_features2d_TF_top30/modules/features2d/include/opencv2/features2d.hpp:47,
                 from /home/yangheechan/FL-dataset-generation-opencv_features2d_TF_top30/work/opencv_features2d_TF_top30/working_env/faster25.swtv/core3/opencv_features2d_TF_top30/modules/features2d/src/precomp.hpp:46,
                 from /home/yangheechan/FL-dataset-generation-opencv_features2d_TF_top30/work/opencv_features2d_TF_top30/working_env/faster25.swtv/core3/opencv_features2d_TF_top30/modules/features2d/src/fast_score.hpp:49,
                 from /home/yangheechan/FL-dataset-generation-opencv_features2d_TF_top30/work/opencv_features2d_TF_top30/working_env/faster25.swtv/core3/opencv_features2d_TF_top30/modules/features2d/src/fast_score.cpp:44:
/usr/include/c++/11/bits/stl_algo.h:3455:5: note: candidate: template<class _Tp, class _Compare> _Tp std::min(std::initializer_list<_Tp>, _Compare)
 3455 |     min(initializer_list<_Tp> __l, _Compare __comp)
      |     ^~~
/usr/include/c++/11/bits/stl_algo.h:3455:5: note:   template argument deduction/substitution failed:
/home/yangheechan/FL-dataset-generation-opencv_features2d_TF_top30/work/opencv_features2d_TF_top30/working_env/faster25.swtv/core3/opencv_features2d_TF_top30/modules/features2d/src/fast_score.cpp:180:25: note:   mismatched types std::initializer_list<_Tp> and int
  180 |             a = std::min(a, (short)d[k+7]);
      |                 ~~~~~~~~^~~~~~~~~~~~~~~~~~
make[2]: *** [modules/features2d/CMakeFiles/opencv_features2d.dir/build.make:238: modules/features2d/CMakeFiles/opencv_features2d.dir/src/fast_score.cpp.o] Error 1
make[1]: *** [CMakeFiles/Makefile2:1414: modules/features2d/CMakeFiles/opencv_features2d.dir/all] Error 2
make[1]: *** Waiting for unfinished jobs....
make: *** [Makefile:166: all] Error 2

+++++ results for fast_score.MUT309.cpp +++++
+++++ STDOUT +++++
[  0%] Built target opencv_highgui_plugins
[  0%] Built target opencv_dnn_plugins
[  0%] Built target opencv_videoio_plugins
[  3%] Built target ippiw
[  4%] Built target ittnotify
[ 21%] Built target libwebp
[ 35%] Built target IlmImf
[ 51%] Built target opencv_core
[ 51%] Built target opencv_version
[ 64%] Built target opencv_imgproc
[ 67%] Built target opencv_imgcodecs
Consolidate compiler generated dependencies of target opencv_features2d
[ 69%] Built target opencv_videoio
[ 69%] Building CXX object modules/features2d/CMakeFiles/opencv_features2d.dir/src/fast_score.cpp.o
[ 70%] Built target opencv_highgui
[ 70%] Built target opencv_annotation
[ 71%] Built target opencv_ts
[ 72%] Built target opencv_visualisation
[ 73%] Built target opencv_test_imgcodecs
[ 75%] Built target opencv_test_highgui
[ 77%] Built target opencv_test_videoio
[ 85%] Built target opencv_test_imgproc
Consolidate compiler generated dependencies of target opencv_test_core
[ 93%] Built target opencv_test_core
[ 93%] Linking CXX shared library ../../lib/libopencv_features2d.so
[ 97%] Built target opencv_features2d
Consolidate compiler generated dependencies of target opencv_test_features2d
[ 97%] Linking CXX executable ../../bin/opencv_test_features2d
[100%] Built target opencv_test_features2d
[  0%] Built target opencv_dnn_plugins
[  0%] Built target opencv_videoio_plugins
[  0%] Built target opencv_highgui_plugins
[  1%] Built target ittnotify
[ 18%] Built target libwebp
[ 21%] Built target ippiw
[ 35%] Built target IlmImf
[ 51%] Built target opencv_core
[ 51%] Built target opencv_version
[ 64%] Built target opencv_imgproc
[ 67%] Built target opencv_imgcodecs
Consolidate compiler generated dependencies of target opencv_features2d
[ 69%] Built target opencv_videoio
[ 69%] Building CXX object modules/features2d/CMakeFiles/opencv_features2d.dir/src/fast_score.cpp.o
[ 70%] Built target opencv_highgui
[ 71%] Built target opencv_visualisation
[ 71%] Built target opencv_annotation
[ 72%] Built target opencv_ts
[ 73%] Built target opencv_test_highgui
[ 75%] Built target opencv_test_imgcodecs
[ 77%] Built target opencv_test_videoio
[ 84%] Built target opencv_test_core
[ 93%] Built target opencv_test_imgproc
[ 93%] Linking CXX shared library ../../lib/libopencv_features2d.so
[ 97%] Built target opencv_features2d
[ 97%] Linking CXX executable ../../bin/opencv_test_features2d
[100%] Built target opencv_test_features2d
Testing mutant fast_score.MUT309.cpp on faster25.swtv::core3
>> Building opencv_features2d_TF_top30
>> Applied patch to fast_score.cpp with fast_score.MUT309.cpp
>> Building opencv_features2d_TF_top30
SELECT bug_idx FROM bug_info WHERE subject = %s AND experiment_name = %s AND version = %s ['opencv_features2d_TF_top30', 'TF_top30', 'fast_score.MUT309.cpp']
>> Saved buggy mutant fast_score.MUT309.cpp
	 - Failing test cases: 1
	 - Passing test cases: 61
	 - Crashing test cases: 0
>> Reverted fast_score.cpp to original from fast_score.MUT309.cpp

+++++ STDERR +++++

+++++ results for fast_score.MUT453.cpp +++++
+++++ STDOUT +++++
[  0%] Built target opencv_videoio_plugins
[  0%] Built target opencv_dnn_plugins
[  0%] Built target opencv_highgui_plugins
[  1%] Built target ittnotify
[  4%] Built target ippiw
[ 21%] Built target libwebp
[ 35%] Built target IlmImf
[ 51%] Built target opencv_core
[ 51%] Built target opencv_version
[ 64%] Built target opencv_imgproc
[ 67%] Built target opencv_imgcodecs
Consolidate compiler generated dependencies of target opencv_features2d
[ 69%] Built target opencv_videoio
[ 69%] Building CXX object modules/features2d/CMakeFiles/opencv_features2d.dir/src/fast_score.cpp.o
[ 70%] Built target opencv_highgui
[ 70%] Built target opencv_annotation
[ 71%] Built target opencv_visualisation
[ 72%] Built target opencv_ts
[ 75%] Built target opencv_test_imgcodecs
[ 75%] Built target opencv_test_highgui
[ 77%] Built target opencv_test_videoio
[ 84%] Built target opencv_test_core
[ 93%] Built target opencv_test_imgproc
[ 93%] Linking CXX shared library ../../lib/libopencv_features2d.so
[ 97%] Built target opencv_features2d
[ 97%] Linking CXX executable ../../bin/opencv_test_features2d
[100%] Built target opencv_test_features2d
[  1%] Built target ittnotify
[  1%] Built target opencv_highgui_plugins
[  4%] Built target ippiw
[  4%] Built target opencv_videoio_plugins
[  4%] Built target opencv_dnn_plugins
[ 21%] Built target libwebp
[ 35%] Built target IlmImf
[ 51%] Built target opencv_core
[ 51%] Built target opencv_version
[ 64%] Built target opencv_imgproc
[ 67%] Built target opencv_imgcodecs
[ 69%] Built target opencv_videoio
Consolidate compiler generated dependencies of target opencv_features2d
[ 69%] Building CXX object modules/features2d/CMakeFiles/opencv_features2d.dir/src/fast_score.cpp.o
[ 70%] Built target opencv_highgui
[ 70%] Built target opencv_annotation
[ 71%] Built target opencv_visualisation
[ 72%] Built target opencv_ts
[ 75%] Built target opencv_test_imgcodecs
[ 75%] Built target opencv_test_highgui
[ 77%] Built target opencv_test_videoio
[ 84%] Built target opencv_test_core
[ 93%] Built target opencv_test_imgproc
[ 93%] Linking CXX shared library ../../lib/libopencv_features2d.so
[ 97%] Built target opencv_features2d
[ 97%] Linking CXX executable ../../bin/opencv_test_features2d
[100%] Built target opencv_test_features2d
Testing mutant fast_score.MUT453.cpp on faster25.swtv::core3
>> Building opencv_features2d_TF_top30
>> Applied patch to fast_score.cpp with fast_score.MUT453.cpp
>> Building opencv_features2d_TF_top30
Mutant fast_score.MUT453.cpp is not killed (all tcs pass)
>> Reverted fast_score.cpp to original from fast_score.MUT453.cpp

+++++ STDERR +++++

+++++ results for fast_score.MUT112.cpp +++++
+++++ STDOUT +++++
[  0%] Built target opencv_dnn_plugins
[  0%] Built target opencv_highgui_plugins
[  0%] Built target opencv_videoio_plugins
[  1%] Built target ittnotify
[  4%] Built target ippiw
[ 21%] Built target libwebp
[ 35%] Built target IlmImf
[ 51%] Built target opencv_core
[ 51%] Built target opencv_version
[ 64%] Built target opencv_imgproc
[ 67%] Built target opencv_imgcodecs
Consolidate compiler generated dependencies of target opencv_features2d
[ 69%] Built target opencv_videoio
[ 69%] Building CXX object modules/features2d/CMakeFiles/opencv_features2d.dir/src/fast_score.cpp.o
[ 70%] Built target opencv_highgui
[ 71%] Built target opencv_annotation
[ 71%] Built target opencv_visualisation
[ 72%] Built target opencv_ts
[ 73%] Built target opencv_test_highgui
[ 75%] Built target opencv_test_imgcodecs
[ 77%] Built target opencv_test_videoio
[ 85%] Built target opencv_test_imgproc
[ 93%] Built target opencv_test_core
[ 93%] Linking CXX shared library ../../lib/libopencv_features2d.so
[ 97%] Built target opencv_features2d
[ 97%] Linking CXX executable ../../bin/opencv_test_features2d
[100%] Built target opencv_test_features2d
[  0%] Built target opencv_highgui_plugins
[  0%] Built target opencv_videoio_plugins
[  0%] Built target opencv_dnn_plugins
[  1%] Built target ittnotify
[  4%] Built target ippiw
[ 21%] Built target libwebp
[ 35%] Built target IlmImf
[ 51%] Built target opencv_core
[ 51%] Built target opencv_version
[ 64%] Built target opencv_imgproc
[ 67%] Built target opencv_imgcodecs
Consolidate compiler generated dependencies of target opencv_features2d
[ 69%] Built target opencv_videoio
[ 69%] Building CXX object modules/features2d/CMakeFiles/opencv_features2d.dir/src/fast_score.cpp.o
[ 70%] Built target opencv_highgui
[ 71%] Built target opencv_visualisation
[ 71%] Built target opencv_annotation
[ 72%] Built target opencv_ts
[ 73%] Built target opencv_test_highgui
[ 75%] Built target opencv_test_imgcodecs
[ 77%] Built target opencv_test_videoio
[ 84%] Built target opencv_test_core
[ 93%] Built target opencv_test_imgproc
[ 93%] Linking CXX shared library ../../lib/libopencv_features2d.so
[ 97%] Built target opencv_features2d
[ 97%] Linking CXX executable ../../bin/opencv_test_features2d
[100%] Built target opencv_test_features2d
Testing mutant fast_score.MUT112.cpp on faster25.swtv::core3
>> Building opencv_features2d_TF_top30
>> Applied patch to fast_score.cpp with fast_score.MUT112.cpp
>> Building opencv_features2d_TF_top30
SELECT bug_idx FROM bug_info WHERE subject = %s AND experiment_name = %s AND version = %s ['opencv_features2d_TF_top30', 'TF_top30', 'fast_score.MUT112.cpp']
>> Saved buggy mutant fast_score.MUT112.cpp
	 - Failing test cases: 1
	 - Passing test cases: 61
	 - Crashing test cases: 0
>> Reverted fast_score.cpp to original from fast_score.MUT112.cpp

+++++ STDERR +++++

+++++ results for fast.MUT400.cpp +++++
+++++ STDOUT +++++
[  0%] Built target opencv_videoio_plugins
[  0%] Built target opencv_highgui_plugins
[  2%] Built target opencv_dnn_plugins
[  3%] Built target ittnotify
[  4%] Built target ippiw
[ 21%] Built target libwebp
[ 35%] Built target IlmImf
[ 51%] Built target opencv_core
[ 51%] Built target opencv_version
[ 64%] Built target opencv_imgproc
[ 67%] Built target opencv_imgcodecs
[ 69%] Built target opencv_videoio
Consolidate compiler generated dependencies of target opencv_features2d
[ 70%] Built target opencv_highgui
[ 70%] Building CXX object modules/features2d/CMakeFiles/opencv_features2d.dir/src/fast_score.cpp.o
[ 71%] Built target opencv_annotation
[ 71%] Built target opencv_visualisation
[ 72%] Built target opencv_ts
[ 73%] Built target opencv_test_highgui
[ 75%] Built target opencv_test_imgcodecs
[ 77%] Built target opencv_test_videoio
[ 85%] Built target opencv_test_imgproc
[ 93%] Built target opencv_test_core
[ 93%] Linking CXX shared library ../../lib/libopencv_features2d.so
[ 97%] Built target opencv_features2d
[ 97%] Linking CXX executable ../../bin/opencv_test_features2d
[100%] Built target opencv_test_features2d
[  0%] Built target opencv_dnn_plugins
[  0%] Built target opencv_highgui_plugins
[  0%] Built target opencv_videoio_plugins
[  1%] Built target ittnotify
[  4%] Built target ippiw
[ 21%] Built target libwebp
[ 35%] Built target IlmImf
[ 51%] Built target opencv_core
[ 51%] Built target opencv_version
[ 64%] Built target opencv_imgproc
[ 67%] Built target opencv_imgcodecs
[ 69%] Built target opencv_videoio
Consolidate compiler generated dependencies of target opencv_features2d
[ 71%] Building CXX object modules/features2d/CMakeFiles/opencv_features2d.dir/src/fast.cpp.o
[ 71%] Built target opencv_highgui
[ 72%] Built target opencv_annotation
[ 72%] Built target opencv_visualisation
[ 73%] Built target opencv_ts
[ 75%] Built target opencv_test_highgui
[ 76%] Built target opencv_test_imgcodecs
[ 78%] Built target opencv_test_videoio
[ 85%] Built target opencv_test_core
[ 94%] Built target opencv_test_imgproc
[ 94%] Linking CXX shared library ../../lib/libopencv_features2d.so
[ 97%] Built target opencv_features2d
[ 97%] Linking CXX executable ../../bin/opencv_test_features2d
[100%] Built target opencv_test_features2d
Testing mutant fast.MUT400.cpp on faster25.swtv::core3
>> Building opencv_features2d_TF_top30
>> Applied patch to fast.cpp with fast.MUT400.cpp
>> Building opencv_features2d_TF_top30
Mutant fast.MUT400.cpp is not killed (all tcs pass)
>> Reverted fast.cpp to original from fast.MUT400.cpp

+++++ STDERR +++++

+++++ results for fast.MUT348.cpp +++++
+++++ STDOUT +++++
[  0%] Built target opencv_highgui_plugins
[  0%] Built target opencv_dnn_plugins
[  0%] Built target opencv_videoio_plugins
[  1%] Built target ittnotify
[  4%] Built target ippiw
[ 21%] Built target libwebp
[ 35%] Built target IlmImf
[ 51%] Built target opencv_core
[ 51%] Built target opencv_version
[ 64%] Built target opencv_imgproc
[ 67%] Built target opencv_imgcodecs
[ 69%] Built target opencv_videoio
Consolidate compiler generated dependencies of target opencv_features2d
[ 70%] Built target opencv_highgui
[ 71%] Building CXX object modules/features2d/CMakeFiles/opencv_features2d.dir/src/fast.cpp.o
[ 72%] Built target opencv_ts
[ 73%] Built target opencv_visualisation
[ 73%] Built target opencv_annotation
[ 75%] Built target opencv_test_highgui
[ 76%] Built target opencv_test_imgcodecs
[ 78%] Built target opencv_test_videoio
[ 85%] Built target opencv_test_core
[ 94%] Built target opencv_test_imgproc
[ 94%] Linking CXX shared library ../../lib/libopencv_features2d.so
[ 97%] Built target opencv_features2d
[ 97%] Linking CXX executable ../../bin/opencv_test_features2d
[100%] Built target opencv_test_features2d
[  0%] Built target opencv_dnn_plugins
[  0%] Built target opencv_videoio_plugins
[  0%] Built target opencv_highgui_plugins
[  1%] Built target ittnotify
[  4%] Built target ippiw
[ 21%] Built target libwebp
[ 35%] Built target IlmImf
[ 51%] Built target opencv_core
[ 51%] Built target opencv_version
[ 64%] Built target opencv_imgproc
[ 67%] Built target opencv_imgcodecs
[ 69%] Built target opencv_videoio
Consolidate compiler generated dependencies of target opencv_features2d
[ 70%] Built target opencv_highgui
[ 71%] Building CXX object modules/features2d/CMakeFiles/opencv_features2d.dir/src/fast.cpp.o
[ 71%] Built target opencv_annotation
[ 72%] Built target opencv_visualisation
[ 73%] Built target opencv_ts
[ 75%] Built target opencv_test_imgcodecs
[ 77%] Built target opencv_test_videoio
[ 78%] Built target opencv_test_highgui
[ 85%] Built target opencv_test_core
[ 94%] Built target opencv_test_imgproc
[ 94%] Linking CXX shared library ../../lib/libopencv_features2d.so
[ 97%] Built target opencv_features2d
[ 97%] Linking CXX executable ../../bin/opencv_test_features2d
[100%] Built target opencv_test_features2d
Testing mutant fast.MUT348.cpp on faster25.swtv::core3
>> Building opencv_features2d_TF_top30
>> Applied patch to fast.cpp with fast.MUT348.cpp
>> Building opencv_features2d_TF_top30
SELECT bug_idx FROM bug_info WHERE subject = %s AND experiment_name = %s AND version = %s ['opencv_features2d_TF_top30', 'TF_top30', 'fast.MUT348.cpp']
>> Saved buggy mutant fast.MUT348.cpp
	 - Failing test cases: 5
	 - Passing test cases: 57
	 - Crashing test cases: 0
>> Reverted fast.cpp to original from fast.MUT348.cpp

+++++ STDERR +++++
/home/yangheechan/FL-dataset-generation-opencv_features2d_TF_top30/work/opencv_features2d_TF_top30/working_env/faster25.swtv/core3/opencv_features2d_TF_top30/modules/features2d/src/fast.cpp: In function void cv::FAST_t(cv::InputArray, std::vector<cv::KeyPoint>&, int, bool) [with int patternSize = 12]:
/home/yangheechan/FL-dataset-generation-opencv_features2d_TF_top30/work/opencv_features2d_TF_top30/working_env/faster25.swtv/core3/opencv_features2d_TF_top30/modules/features2d/src/fast.cpp:281:15: warning: j may be used uninitialized in this function [-Wmaybe-uninitialized]
  281 |             j /= cornerpos[k];
      |             ~~^~~~~~~~~~~~~~~
/home/yangheechan/FL-dataset-generation-opencv_features2d_TF_top30/work/opencv_features2d_TF_top30/working_env/faster25.swtv/core3/opencv_features2d_TF_top30/modules/features2d/src/fast.cpp: In function void cv::FAST_t(cv::InputArray, std::vector<cv::KeyPoint>&, int, bool) [with int patternSize = 8]:
/home/yangheechan/FL-dataset-generation-opencv_features2d_TF_top30/work/opencv_features2d_TF_top30/working_env/faster25.swtv/core3/opencv_features2d_TF_top30/modules/features2d/src/fast.cpp:281:15: warning: j may be used uninitialized in this function [-Wmaybe-uninitialized]
  281 |             j /= cornerpos[k];
      |             ~~^~~~~~~~~~~~~~~

+++++ results for fast.MUT538.cpp +++++
+++++ STDOUT +++++
[  0%] Built target opencv_dnn_plugins
[  0%] Built target opencv_videoio_plugins
[  0%] Built target opencv_highgui_plugins
[  1%] Built target ittnotify
[  6%] Built target ippiw
[ 21%] Built target libwebp
[ 35%] Built target IlmImf
[ 51%] Built target opencv_core
[ 51%] Built target opencv_version
[ 64%] Built target opencv_imgproc
[ 67%] Built target opencv_imgcodecs
[ 69%] Built target opencv_videoio
Consolidate compiler generated dependencies of target opencv_features2d
[ 70%] Built target opencv_highgui
[ 71%] Building CXX object modules/features2d/CMakeFiles/opencv_features2d.dir/src/fast.cpp.o
[ 72%] Built target opencv_visualisation
[ 72%] Built target opencv_annotation
[ 73%] Built target opencv_ts
[ 75%] Built target opencv_test_highgui
[ 77%] Built target opencv_test_videoio
[ 78%] Built target opencv_test_imgcodecs
[ 85%] Built target opencv_test_core
[ 94%] Built target opencv_test_imgproc
[ 94%] Linking CXX shared library ../../lib/libopencv_features2d.so
[ 97%] Built target opencv_features2d
[ 97%] Linking CXX executable ../../bin/opencv_test_features2d
[100%] Built target opencv_test_features2d
[  1%] Built target ittnotify
[  4%] Built target ippiw
[  4%] Built target opencv_dnn_plugins
[  4%] Built target opencv_videoio_plugins
[  4%] Built target opencv_highgui_plugins
[ 21%] Built target libwebp
[ 35%] Built target IlmImf
[ 51%] Built target opencv_core
[ 51%] Built target opencv_version
[ 64%] Built target opencv_imgproc
[ 67%] Built target opencv_imgcodecs
[ 69%] Built target opencv_videoio
Consolidate compiler generated dependencies of target opencv_features2d
[ 70%] Built target opencv_highgui
[ 71%] Building CXX object modules/features2d/CMakeFiles/opencv_features2d.dir/src/fast.cpp.o
[ 72%] Built target opencv_visualisation
[ 72%] Built target opencv_annotation
[ 73%] Built target opencv_ts
[ 75%] Built target opencv_test_highgui
[ 76%] Built target opencv_test_imgcodecs
[ 78%] Built target opencv_test_videoio
[ 85%] Built target opencv_test_core
[ 94%] Built target opencv_test_imgproc
[ 94%] Linking CXX shared library ../../lib/libopencv_features2d.so
[ 97%] Built target opencv_features2d
[ 97%] Linking CXX executable ../../bin/opencv_test_features2d
[100%] Built target opencv_test_features2d
Testing mutant fast.MUT538.cpp on faster25.swtv::core3
>> Building opencv_features2d_TF_top30
>> Applied patch to fast.cpp with fast.MUT538.cpp
>> Building opencv_features2d_TF_top30
Mutant fast.MUT538.cpp is not killed (all tcs pass)
>> Reverted fast.cpp to original from fast.MUT538.cpp

+++++ STDERR +++++

+++++ results for fast.MUT340.cpp +++++
+++++ STDOUT +++++
[  0%] Built target opencv_dnn_plugins
[  0%] Built target opencv_highgui_plugins
[  1%] Built target ittnotify
[  1%] Built target opencv_videoio_plugins
[  4%] Built target ippiw
[ 21%] Built target libwebp
[ 35%] Built target IlmImf
[ 51%] Built target opencv_core
[ 51%] Built target opencv_version
[ 64%] Built target opencv_imgproc
[ 67%] Built target opencv_imgcodecs
[ 69%] Built target opencv_videoio
[ 70%] Built target opencv_highgui
Consolidate compiler generated dependencies of target opencv_features2d
[ 70%] Built target opencv_annotation
[ 71%] Built target opencv_visualisation
[ 72%] Building CXX object modules/features2d/CMakeFiles/opencv_features2d.dir/src/fast.cpp.o
[ 73%] Built target opencv_ts
[ 75%] Built target opencv_test_highgui
[ 76%] Built target opencv_test_imgcodecs
[ 78%] Built target opencv_test_videoio
[ 86%] Built target opencv_test_imgproc
[ 94%] Built target opencv_test_core
[ 94%] Linking CXX shared library ../../lib/libopencv_features2d.so
[ 97%] Built target opencv_features2d
[ 97%] Linking CXX executable ../../bin/opencv_test_features2d
[100%] Built target opencv_test_features2d
[  0%] Built target opencv_videoio_plugins
[  0%] Built target opencv_highgui_plugins
[  1%] Built target ittnotify
[  1%] Built target opencv_dnn_plugins
[  4%] Built target ippiw
[ 21%] Built target libwebp
[ 35%] Built target IlmImf
[ 51%] Built target opencv_core
[ 51%] Built target opencv_version
[ 64%] Built target opencv_imgproc
[ 67%] Built target opencv_imgcodecs
[ 69%] Built target opencv_videoio
Consolidate compiler generated dependencies of target opencv_features2d
[ 70%] Building CXX object modules/features2d/CMakeFiles/opencv_features2d.dir/src/fast.cpp.o
[ 71%] Built target opencv_highgui
[ 72%] Built target opencv_visualisation
[ 72%] Built target opencv_annotation
[ 73%] Built target opencv_ts
[ 75%] Built target opencv_test_highgui
[ 76%] Built target opencv_test_imgcodecs
[ 78%] Built target opencv_test_videoio
[ 85%] Built target opencv_test_core
[ 94%] Built target opencv_test_imgproc
[ 94%] Linking CXX shared library ../../lib/libopencv_features2d.so
[ 97%] Built target opencv_features2d
[ 97%] Linking CXX executable ../../bin/opencv_test_features2d
[100%] Built target opencv_test_features2d
Testing mutant fast.MUT340.cpp on faster25.swtv::core3
>> Building opencv_features2d_TF_top30
>> Applied patch to fast.cpp with fast.MUT340.cpp
>> Building opencv_features2d_TF_top30
SELECT bug_idx FROM bug_info WHERE subject = %s AND experiment_name = %s AND version = %s ['opencv_features2d_TF_top30', 'TF_top30', 'fast.MUT340.cpp']
>> Saved buggy mutant fast.MUT340.cpp
	 - Failing test cases: 3
	 - Passing test cases: 59
	 - Crashing test cases: 0
>> Reverted fast.cpp to original from fast.MUT340.cpp

+++++ STDERR +++++

+++++ results for fast.avx2.MUT169.cpp +++++
+++++ STDOUT +++++
[  0%] Built target opencv_videoio_plugins
[  0%] Built target opencv_highgui_plugins
[  0%] Built target opencv_dnn_plugins
[  1%] Built target ittnotify
[  4%] Built target ippiw
[ 21%] Built target libwebp
[ 35%] Built target IlmImf
[ 51%] Built target opencv_core
[ 51%] Built target opencv_version
[ 64%] Built target opencv_imgproc
[ 67%] Built target opencv_imgcodecs
[ 69%] Built target opencv_videoio
Consolidate compiler generated dependencies of target opencv_features2d
[ 70%] Building CXX object modules/features2d/CMakeFiles/opencv_features2d.dir/src/fast.cpp.o
[ 71%] Built target opencv_highgui
[ 71%] Built target opencv_annotation
[ 72%] Built target opencv_visualisation
[ 73%] Built target opencv_ts
[ 75%] Built target opencv_test_imgcodecs
[ 76%] Built target opencv_test_highgui
[ 78%] Built target opencv_test_videoio
[ 85%] Built target opencv_test_core
[ 94%] Built target opencv_test_imgproc
[ 94%] Linking CXX shared library ../../lib/libopencv_features2d.so
[ 97%] Built target opencv_features2d
[ 97%] Linking CXX executable ../../bin/opencv_test_features2d
[100%] Built target opencv_test_features2d
[  1%] Built target ittnotify
[  1%] Built target opencv_dnn_plugins
[  1%] Built target opencv_videoio_plugins
[  1%] Built target opencv_highgui_plugins
[  4%] Built target ippiw
[ 21%] Built target libwebp
[ 35%] Built target IlmImf
[ 51%] Built target opencv_core
[ 51%] Built target opencv_version
[ 64%] Built target opencv_imgproc
[ 67%] Built target opencv_imgcodecs
[ 69%] Built target opencv_videoio
Consolidate compiler generated dependencies of target opencv_features2d
[ 70%] Built target opencv_highgui
[ 70%] Building CXX object modules/features2d/CMakeFiles/opencv_features2d.dir/src/fast.avx2.cpp.o
[ 70%] Built target opencv_annotation
[ 71%] Built target opencv_visualisation
[ 72%] Built target opencv_ts
[ 75%] Built target opencv_test_highgui
[ 75%] Built target opencv_test_imgcodecs
[ 77%] Built target opencv_test_videoio
[ 84%] Built target opencv_test_core
[ 93%] Built target opencv_test_imgproc
[ 93%] Linking CXX shared library ../../lib/libopencv_features2d.so
[ 97%] Built target opencv_features2d
[ 97%] Linking CXX executable ../../bin/opencv_test_features2d
[100%] Built target opencv_test_features2d
Testing mutant fast.avx2.MUT169.cpp on faster25.swtv::core3
>> Building opencv_features2d_TF_top30
>> Applied patch to fast.avx2.cpp with fast.avx2.MUT169.cpp
>> Building opencv_features2d_TF_top30
SELECT bug_idx FROM bug_info WHERE subject = %s AND experiment_name = %s AND version = %s ['opencv_features2d_TF_top30', 'TF_top30', 'fast.avx2.MUT169.cpp']
>> Saved buggy mutant fast.avx2.MUT169.cpp
	 - Failing test cases: 2
	 - Passing test cases: 60
	 - Crashing test cases: 0
>> Reverted fast.avx2.cpp to original from fast.avx2.MUT169.cpp

+++++ STDERR +++++

+++++ results for fast.avx2.MUT46.cpp +++++
+++++ STDOUT +++++
[  1%] Built target opencv_videoio_plugins
[  1%] Built target opencv_highgui_plugins
[  1%] Built target opencv_dnn_plugins
[  1%] Built target ittnotify
[  4%] Built target ippiw
[ 21%] Built target libwebp
[ 35%] Built target IlmImf
[ 51%] Built target opencv_core
[ 51%] Built target opencv_version
[ 64%] Built target opencv_imgproc
[ 67%] Built target opencv_imgcodecs
[ 69%] Built target opencv_videoio
Consolidate compiler generated dependencies of target opencv_features2d
[ 70%] Built target opencv_highgui
[ 70%] Building CXX object modules/features2d/CMakeFiles/opencv_features2d.dir/src/fast.avx2.cpp.o
[ 71%] Built target opencv_visualisation
[ 71%] Built target opencv_annotation
[ 72%] Built target opencv_ts
[ 75%] Built target opencv_test_imgcodecs
[ 75%] Built target opencv_test_highgui
[ 77%] Built target opencv_test_videoio
[ 84%] Built target opencv_test_core
[ 93%] Built target opencv_test_imgproc
[ 93%] Linking CXX shared library ../../lib/libopencv_features2d.so
[ 97%] Built target opencv_features2d
[ 97%] Linking CXX executable ../../bin/opencv_test_features2d
[100%] Built target opencv_test_features2d
[  0%] Built target opencv_dnn_plugins
[  0%] Built target opencv_highgui_plugins
[  0%] Built target opencv_videoio_plugins
[  1%] Built target ittnotify
[  4%] Built target ippiw
[ 21%] Built target libwebp
[ 35%] Built target IlmImf
[ 51%] Built target opencv_core
[ 51%] Built target opencv_version
[ 64%] Built target opencv_imgproc
[ 67%] Built target opencv_imgcodecs
[ 69%] Built target opencv_videoio
[ 70%] Built target opencv_highgui
Consolidate compiler generated dependencies of target opencv_features2d
[ 71%] Built target opencv_visualisation
[ 71%] Built target opencv_annotation
[ 72%] Built target opencv_ts
[ 72%] Building CXX object modules/features2d/CMakeFiles/opencv_features2d.dir/src/fast.avx2.cpp.o
[ 73%] Built target opencv_test_highgui
[ 75%] Built target opencv_test_imgcodecs
[ 77%] Built target opencv_test_videoio
[ 84%] Built target opencv_test_core
[ 93%] Built target opencv_test_imgproc
Testing mutant fast.avx2.MUT46.cpp on faster25.swtv::core3
>> Building opencv_features2d_TF_top30
>> Applied patch to fast.avx2.cpp with fast.avx2.MUT46.cpp
>> Building opencv_features2d_TF_top30
Failed to build on fast.avx2.MUT46.cpp
>> Reverted fast.avx2.cpp to original from fast.avx2.MUT46.cpp

+++++ STDERR +++++
/home/yangheechan/FL-dataset-generation-opencv_features2d_TF_top30/work/opencv_features2d_TF_top30/working_env/faster25.swtv/core3/opencv_features2d_TF_top30/modules/features2d/src/fast.avx2.cpp: In member function virtual void cv::opt_AVX2::FAST_t_patternSize16_AVX2_Impl::process(int&, const uchar*&, uchar*, int*, int&):
/home/yangheechan/FL-dataset-generation-opencv_features2d_TF_top30/work/opencv_features2d_TF_top30/working_env/faster25.swtv/core3/opencv_features2d_TF_top30/modules/features2d/src/fast.avx2.cpp:82:62: error: cannot convert int to __m256i
   82 |             m1 = _mm256_and_si256(_mm256_cmpgt_epi8(v1, x0), 1);
      |                                                              ^
      |                                                              |
      |                                                              int
In file included from /usr/lib/gcc/x86_64-linux-gnu/11/include/immintrin.h:47,
                 from /home/yangheechan/FL-dataset-generation-opencv_features2d_TF_top30/work/opencv_features2d_TF_top30/working_env/faster25.swtv/core3/opencv_features2d_TF_top30/modules/core/include/opencv2/core/cv_cpu_dispatch.h:71,
                 from /home/yangheechan/FL-dataset-generation-opencv_features2d_TF_top30/work/opencv_features2d_TF_top30/working_env/faster25.swtv/core3/opencv_features2d_TF_top30/modules/core/include/opencv2/core/cvdef.h:369,
                 from /home/yangheechan/FL-dataset-generation-opencv_features2d_TF_top30/work/opencv_features2d_TF_top30/working_env/faster25.swtv/core3/opencv_features2d_TF_top30/modules/core/include/opencv2/core.hpp:52,
                 from /home/yangheechan/FL-dataset-generation-opencv_features2d_TF_top30/work/opencv_features2d_TF_top30/working_env/faster25.swtv/core3/opencv_features2d_TF_top30/modules/features2d/include/opencv2/features2d.hpp:47,
                 from /home/yangheechan/FL-dataset-generation-opencv_features2d_TF_top30/work/opencv_features2d_TF_top30/working_env/faster25.swtv/core3/opencv_features2d_TF_top30/modules/features2d/src/precomp.hpp:46,
                 from /home/yangheechan/FL-dataset-generation-opencv_features2d_TF_top30/work/opencv_features2d_TF_top30/working_env/faster25.swtv/core3/opencv_features2d_TF_top30/modules/features2d/src/fast.avx2.cpp:44:
/usr/lib/gcc/x86_64-linux-gnu/11/include/avx2intrin.h:179:40: note:   initializing argument 2 of __m256i _mm256_and_si256(__m256i, __m256i)
  179 | _mm256_and_si256 (__m256i __A, __m256i __B)
      |                                ~~~~~~~~^~~
make[2]: *** [modules/features2d/CMakeFiles/opencv_features2d.dir/build.make:462: modules/features2d/CMakeFiles/opencv_features2d.dir/src/fast.avx2.cpp.o] Error 1
make[1]: *** [CMakeFiles/Makefile2:1414: modules/features2d/CMakeFiles/opencv_features2d.dir/all] Error 2
make: *** [Makefile:166: all] Error 2

+++++ results for mser.MUT521.cpp +++++
+++++ STDOUT +++++
[  0%] Built target opencv_highgui_plugins
[  0%] Built target opencv_videoio_plugins
[  1%] Built target opencv_dnn_plugins
[  1%] Built target ittnotify
[  4%] Built target ippiw
[ 21%] Built target libwebp
[ 35%] Built target IlmImf
[ 51%] Built target opencv_core
[ 51%] Built target opencv_version
[ 64%] Built target opencv_imgproc
[ 67%] Built target opencv_imgcodecs
[ 69%] Built target opencv_videoio
Consolidate compiler generated dependencies of target opencv_features2d
[ 69%] Building CXX object modules/features2d/CMakeFiles/opencv_features2d.dir/src/fast.avx2.cpp.o
[ 70%] Built target opencv_highgui
[ 70%] Built target opencv_annotation
[ 71%] Built target opencv_ts
[ 72%] Built target opencv_visualisation
[ 73%] Built target opencv_test_highgui
[ 75%] Built target opencv_test_imgcodecs
[ 77%] Built target opencv_test_videoio
[ 85%] Built target opencv_test_imgproc
[ 93%] Built target opencv_test_core
[ 93%] Linking CXX shared library ../../lib/libopencv_features2d.so
[ 97%] Built target opencv_features2d
[ 97%] Linking CXX executable ../../bin/opencv_test_features2d
[100%] Built target opencv_test_features2d
[  1%] Built target ittnotify
[  1%] Built target opencv_videoio_plugins
[  1%] Built target opencv_dnn_plugins
[  1%] Built target opencv_highgui_plugins
[  4%] Built target ippiw
[ 21%] Built target libwebp
[ 35%] Built target IlmImf
[ 51%] Built target opencv_core
[ 51%] Built target opencv_version
[ 64%] Built target opencv_imgproc
[ 67%] Built target opencv_imgcodecs
[ 69%] Built target opencv_videoio
Consolidate compiler generated dependencies of target opencv_features2d
[ 70%] Built target opencv_highgui
[ 70%] Building CXX object modules/features2d/CMakeFiles/opencv_features2d.dir/src/mser.cpp.o
[ 71%] Built target opencv_visualisation
[ 71%] Built target opencv_annotation
[ 72%] Built target opencv_ts
[ 75%] Built target opencv_test_imgcodecs
[ 75%] Built target opencv_test_highgui
[ 77%] Built target opencv_test_videoio
[ 84%] Built target opencv_test_core
[ 93%] Built target opencv_test_imgproc
[ 93%] Linking CXX shared library ../../lib/libopencv_features2d.so
[ 97%] Built target opencv_features2d
[ 97%] Linking CXX executable ../../bin/opencv_test_features2d
[100%] Built target opencv_test_features2d
Testing mutant mser.MUT521.cpp on faster25.swtv::core3
>> Building opencv_features2d_TF_top30
>> Applied patch to mser.cpp with mser.MUT521.cpp
>> Building opencv_features2d_TF_top30
Mutant mser.MUT521.cpp is not killed (all tcs pass)
>> Reverted mser.cpp to original from mser.MUT521.cpp

+++++ STDERR +++++

+++++ results for mser.MUT554.cpp +++++
+++++ STDOUT +++++
[  0%] Built target opencv_highgui_plugins
[  3%] Built target ippiw
[  4%] Built target ittnotify
[  4%] Built target opencv_videoio_plugins
[  4%] Built target opencv_dnn_plugins
[ 21%] Built target libwebp
[ 35%] Built target IlmImf
[ 51%] Built target opencv_core
[ 51%] Built target opencv_version
[ 64%] Built target opencv_imgproc
[ 67%] Built target opencv_imgcodecs
[ 69%] Built target opencv_videoio
Consolidate compiler generated dependencies of target opencv_features2d
[ 70%] Built target opencv_highgui
[ 70%] Building CXX object modules/features2d/CMakeFiles/opencv_features2d.dir/src/mser.cpp.o
[ 71%] Built target opencv_annotation
[ 71%] Built target opencv_visualisation
[ 72%] Built target opencv_ts
[ 73%] Built target opencv_test_imgcodecs
[ 75%] Built target opencv_test_highgui
[ 77%] Built target opencv_test_videoio
[ 84%] Built target opencv_test_core
[ 93%] Built target opencv_test_imgproc
[ 93%] Linking CXX shared library ../../lib/libopencv_features2d.so
[ 97%] Built target opencv_features2d
[ 97%] Linking CXX executable ../../bin/opencv_test_features2d
[100%] Built target opencv_test_features2d
[  0%] Built target opencv_highgui_plugins
[  0%] Built target opencv_dnn_plugins
[  0%] Built target opencv_videoio_plugins
[  1%] Built target ittnotify
[  4%] Built target ippiw
[ 21%] Built target libwebp
[ 35%] Built target IlmImf
[ 51%] Built target opencv_core
[ 51%] Built target opencv_version
[ 64%] Built target opencv_imgproc
[ 67%] Built target opencv_imgcodecs
Consolidate compiler generated dependencies of target opencv_features2d
[ 69%] Built target opencv_videoio
[ 69%] Building CXX object modules/features2d/CMakeFiles/opencv_features2d.dir/src/mser.cpp.o
[ 70%] Built target opencv_highgui
[ 70%] Built target opencv_annotation
[ 71%] Built target opencv_visualisation
[ 72%] Built target opencv_ts
[ 73%] Built target opencv_test_highgui
[ 76%] Built target opencv_test_videoio
[ 77%] Built target opencv_test_imgcodecs
[ 84%] Built target opencv_test_core
[ 93%] Built target opencv_test_imgproc
[ 93%] Linking CXX shared library ../../lib/libopencv_features2d.so
[ 97%] Built target opencv_features2d
[ 97%] Linking CXX executable ../../bin/opencv_test_features2d
[100%] Built target opencv_test_features2d
Testing mutant mser.MUT554.cpp on faster25.swtv::core3
>> Building opencv_features2d_TF_top30
>> Applied patch to mser.cpp with mser.MUT554.cpp
>> Building opencv_features2d_TF_top30
Mutant mser.MUT554.cpp is not killed (all tcs pass)
>> Reverted mser.cpp to original from mser.MUT554.cpp

+++++ STDERR +++++

+++++ results for mser.MUT109.cpp +++++
+++++ STDOUT +++++
[  0%] Built target opencv_highgui_plugins
[  0%] Built target opencv_videoio_plugins
[  0%] Built target opencv_dnn_plugins
[  4%] Built target ippiw
[  4%] Built target ittnotify
[ 21%] Built target libwebp
[ 35%] Built target IlmImf
[ 51%] Built target opencv_core
[ 51%] Built target opencv_version
[ 64%] Built target opencv_imgproc
[ 67%] Built target opencv_imgcodecs
Consolidate compiler generated dependencies of target opencv_features2d
[ 69%] Built target opencv_videoio
[ 69%] Building CXX object modules/features2d/CMakeFiles/opencv_features2d.dir/src/mser.cpp.o
[ 70%] Built target opencv_highgui
[ 71%] Built target opencv_visualisation
[ 71%] Built target opencv_annotation
[ 72%] Built target opencv_ts
[ 73%] Built target opencv_test_highgui
[ 75%] Built target opencv_test_imgcodecs
[ 77%] Built target opencv_test_videoio
[ 85%] Built target opencv_test_imgproc
[ 93%] Built target opencv_test_core
[ 93%] Linking CXX shared library ../../lib/libopencv_features2d.so
[ 97%] Built target opencv_features2d
[ 97%] Linking CXX executable ../../bin/opencv_test_features2d
[100%] Built target opencv_test_features2d
[  0%] Built target opencv_dnn_plugins
[  0%] Built target opencv_videoio_plugins
[  1%] Built target opencv_highgui_plugins
[  1%] Built target ittnotify
[  4%] Built target ippiw
[ 21%] Built target libwebp
[ 35%] Built target IlmImf
[ 51%] Built target opencv_core
[ 51%] Built target opencv_version
[ 64%] Built target opencv_imgproc
[ 67%] Built target opencv_imgcodecs
[ 69%] Built target opencv_videoio
Consolidate compiler generated dependencies of target opencv_features2d
[ 70%] Built target opencv_highgui
[ 70%] Building CXX object modules/features2d/CMakeFiles/opencv_features2d.dir/src/mser.cpp.o
[ 71%] Built target opencv_annotation
[ 71%] Built target opencv_visualisation
[ 72%] Built target opencv_ts
[ 73%] Built target opencv_test_highgui
[ 75%] Built target opencv_test_imgcodecs
[ 77%] Built target opencv_test_videoio
[ 84%] Built target opencv_test_core
[ 93%] Built target opencv_test_imgproc
[ 93%] Linking CXX shared library ../../lib/libopencv_features2d.so
[ 97%] Built target opencv_features2d
[ 97%] Linking CXX executable ../../bin/opencv_test_features2d
[100%] Built target opencv_test_features2d
Testing mutant mser.MUT109.cpp on faster25.swtv::core3
>> Building opencv_features2d_TF_top30
>> Applied patch to mser.cpp with mser.MUT109.cpp
>> Building opencv_features2d_TF_top30
Mutant mser.MUT109.cpp is not killed (all tcs pass)
>> Reverted mser.cpp to original from mser.MUT109.cpp

+++++ STDERR +++++

+++++ results for mser.MUT474.cpp +++++
+++++ STDOUT +++++
[  1%] Built target opencv_highgui_plugins
[  1%] Built target opencv_dnn_plugins
[  1%] Built target ittnotify
[  2%] Built target opencv_videoio_plugins
[  4%] Built target ippiw
[ 21%] Built target libwebp
[ 35%] Built target IlmImf
[ 51%] Built target opencv_core
[ 51%] Built target opencv_version
[ 64%] Built target opencv_imgproc
[ 67%] Built target opencv_imgcodecs
[ 69%] Built target opencv_videoio
Consolidate compiler generated dependencies of target opencv_features2d
[ 70%] Built target opencv_highgui
[ 71%] Built target opencv_annotation
[ 71%] Building CXX object modules/features2d/CMakeFiles/opencv_features2d.dir/src/mser.cpp.o
[ 71%] Built target opencv_visualisation
[ 72%] Built target opencv_ts
[ 73%] Built target opencv_test_imgcodecs
[ 75%] Built target opencv_test_highgui
[ 77%] Built target opencv_test_videoio
[ 84%] Built target opencv_test_core
[ 93%] Built target opencv_test_imgproc
[ 93%] Linking CXX shared library ../../lib/libopencv_features2d.so
[ 97%] Built target opencv_features2d
[ 97%] Linking CXX executable ../../bin/opencv_test_features2d
[100%] Built target opencv_test_features2d
[  0%] Built target opencv_highgui_plugins
[  0%] Built target opencv_dnn_plugins
[  1%] Built target ittnotify
[  2%] Built target opencv_videoio_plugins
[  4%] Built target ippiw
[ 21%] Built target libwebp
[ 35%] Built target IlmImf
[ 51%] Built target opencv_core
[ 51%] Built target opencv_version
[ 64%] Built target opencv_imgproc
[ 67%] Built target opencv_imgcodecs
[ 69%] Built target opencv_videoio
Consolidate compiler generated dependencies of target opencv_features2d
[ 70%] Built target opencv_highgui
[ 70%] Building CXX object modules/features2d/CMakeFiles/opencv_features2d.dir/src/mser.cpp.o
[ 71%] Built target opencv_visualisation
[ 71%] Built target opencv_annotation
[ 72%] Built target opencv_ts
[ 73%] Built target opencv_test_highgui
[ 75%] Built target opencv_test_imgcodecs
[ 77%] Built target opencv_test_videoio
[ 89%] Built target opencv_test_imgproc
[ 93%] Built target opencv_test_core
[ 93%] Linking CXX shared library ../../lib/libopencv_features2d.so
[ 97%] Built target opencv_features2d
[ 97%] Linking CXX executable ../../bin/opencv_test_features2d
[100%] Built target opencv_test_features2d
Testing mutant mser.MUT474.cpp on faster25.swtv::core3
>> Building opencv_features2d_TF_top30
>> Applied patch to mser.cpp with mser.MUT474.cpp
>> Building opencv_features2d_TF_top30
Mutant mser.MUT474.cpp is not killed (all tcs pass)
>> Reverted mser.cpp to original from mser.MUT474.cpp

+++++ STDERR +++++

+++++ results for mser.MUT1006.cpp +++++
+++++ STDOUT +++++
[  0%] Built target opencv_highgui_plugins
[  0%] Built target opencv_dnn_plugins
[  0%] Built target opencv_videoio_plugins
[  1%] Built target ittnotify
[  4%] Built target ippiw
[ 21%] Built target libwebp
[ 35%] Built target IlmImf
[ 51%] Built target opencv_core
[ 51%] Built target opencv_version
[ 64%] Built target opencv_imgproc
[ 67%] Built target opencv_imgcodecs
[ 69%] Built target opencv_videoio
Consolidate compiler generated dependencies of target opencv_features2d
[ 70%] Built target opencv_highgui
[ 70%] Building CXX object modules/features2d/CMakeFiles/opencv_features2d.dir/src/mser.cpp.o
[ 70%] Built target opencv_annotation
[ 71%] Built target opencv_visualisation
[ 72%] Built target opencv_ts
[ 73%] Built target opencv_test_highgui
[ 75%] Built target opencv_test_imgcodecs
[ 77%] Built target opencv_test_videoio
[ 84%] Built target opencv_test_core
[ 93%] Built target opencv_test_imgproc
[ 93%] Linking CXX shared library ../../lib/libopencv_features2d.so
[ 97%] Built target opencv_features2d
[ 97%] Linking CXX executable ../../bin/opencv_test_features2d
[100%] Built target opencv_test_features2d
[  1%] Built target ittnotify
[  1%] Built target opencv_dnn_plugins
[  4%] Built target ippiw
[  4%] Built target opencv_highgui_plugins
[  4%] Built target opencv_videoio_plugins
[ 21%] Built target libwebp
[ 35%] Built target IlmImf
[ 51%] Built target opencv_core
[ 51%] Built target opencv_version
[ 64%] Built target opencv_imgproc
[ 67%] Built target opencv_imgcodecs
[ 69%] Built target opencv_videoio
Consolidate compiler generated dependencies of target opencv_features2d
[ 70%] Built target opencv_highgui
[ 70%] Building CXX object modules/features2d/CMakeFiles/opencv_features2d.dir/src/mser.cpp.o
[ 70%] Built target opencv_annotation
[ 71%] Built target opencv_visualisation
[ 72%] Built target opencv_ts
[ 73%] Built target opencv_test_imgcodecs
[ 75%] Built target opencv_test_highgui
[ 77%] Built target opencv_test_videoio
[ 85%] Built target opencv_test_imgproc
[ 93%] Built target opencv_test_core
[ 93%] Linking CXX shared library ../../lib/libopencv_features2d.so
[ 97%] Built target opencv_features2d
[ 97%] Linking CXX executable ../../bin/opencv_test_features2d
[100%] Built target opencv_test_features2d
Testing mutant mser.MUT1006.cpp on faster25.swtv::core3
>> Building opencv_features2d_TF_top30
>> Applied patch to mser.cpp with mser.MUT1006.cpp
>> Building opencv_features2d_TF_top30
Mutant mser.MUT1006.cpp is not killed (all tcs pass)
>> Reverted mser.cpp to original from mser.MUT1006.cpp

+++++ STDERR +++++

+++++ results for mser.MUT102.cpp +++++
+++++ STDOUT +++++
[  0%] Built target opencv_dnn_plugins
[  0%] Built target opencv_videoio_plugins
[  1%] Built target ittnotify
[  4%] Built target ippiw
[  0%] Built target opencv_highgui_plugins
[ 21%] Built target libwebp
[ 35%] Built target IlmImf
[ 51%] Built target opencv_core
[ 51%] Built target opencv_version
[ 64%] Built target opencv_imgproc
[ 67%] Built target opencv_imgcodecs
[ 69%] Built target opencv_videoio
Consolidate compiler generated dependencies of target opencv_features2d
[ 70%] Built target opencv_highgui
[ 70%] Building CXX object modules/features2d/CMakeFiles/opencv_features2d.dir/src/mser.cpp.o
[ 70%] Built target opencv_annotation
[ 71%] Built target opencv_visualisation
[ 72%] Built target opencv_ts
[ 73%] Built target opencv_test_highgui
[ 75%] Built target opencv_test_imgcodecs
[ 77%] Built target opencv_test_videoio
[ 84%] Built target opencv_test_core
[ 93%] Built target opencv_test_imgproc
[ 93%] Linking CXX shared library ../../lib/libopencv_features2d.so
[ 97%] Built target opencv_features2d
[ 97%] Linking CXX executable ../../bin/opencv_test_features2d
[100%] Built target opencv_test_features2d
[  0%] Built target opencv_highgui_plugins
[  0%] Built target opencv_dnn_plugins
[  3%] Built target ippiw
[  4%] Built target ittnotify
[  4%] Built target opencv_videoio_plugins
[ 21%] Built target libwebp
[ 35%] Built target IlmImf
[ 51%] Built target opencv_core
[ 51%] Built target opencv_version
[ 64%] Built target opencv_imgproc
[ 67%] Built target opencv_imgcodecs
[ 69%] Built target opencv_videoio
Consolidate compiler generated dependencies of target opencv_features2d
[ 70%] Built target opencv_highgui
[ 70%] Building CXX object modules/features2d/CMakeFiles/opencv_features2d.dir/src/mser.cpp.o
[ 71%] Built target opencv_visualisation
[ 71%] Built target opencv_annotation
[ 72%] Built target opencv_ts
[ 73%] Built target opencv_test_imgcodecs
[ 75%] Built target opencv_test_highgui
[ 77%] Built target opencv_test_videoio
[ 84%] Built target opencv_test_core
[ 93%] Built target opencv_test_imgproc
[ 93%] Linking CXX shared library ../../lib/libopencv_features2d.so
[ 97%] Built target opencv_features2d
[ 97%] Linking CXX executable ../../bin/opencv_test_features2d
[100%] Built target opencv_test_features2d
Testing mutant mser.MUT102.cpp on faster25.swtv::core3
>> Building opencv_features2d_TF_top30
>> Applied patch to mser.cpp with mser.MUT102.cpp
>> Building opencv_features2d_TF_top30
Mutant mser.MUT102.cpp is not killed (all tcs pass)
>> Reverted mser.cpp to original from mser.MUT102.cpp

+++++ STDERR +++++

+++++ results for mser.MUT992.cpp +++++
+++++ STDOUT +++++
[  0%] Built target opencv_highgui_plugins
[  0%] Built target opencv_dnn_plugins
[  1%] Built target ittnotify
[  1%] Built target opencv_videoio_plugins
[  4%] Built target ippiw
[ 21%] Built target libwebp
[ 35%] Built target IlmImf
[ 51%] Built target opencv_core
[ 51%] Built target opencv_version
[ 64%] Built target opencv_imgproc
[ 67%] Built target opencv_imgcodecs
[ 69%] Built target opencv_videoio
Consolidate compiler generated dependencies of target opencv_features2d
[ 69%] Building CXX object modules/features2d/CMakeFiles/opencv_features2d.dir/src/mser.cpp.o
[ 70%] Built target opencv_highgui
[ 71%] Built target opencv_annotation
[ 71%] Built target opencv_visualisation
[ 72%] Built target opencv_ts
[ 76%] Built target opencv_test_videoio
[ 76%] Built target opencv_test_highgui
[ 77%] Built target opencv_test_imgcodecs
[ 86%] Built target opencv_test_imgproc
[ 93%] Built target opencv_test_core
[ 93%] Linking CXX shared library ../../lib/libopencv_features2d.so
[ 97%] Built target opencv_features2d
[ 97%] Linking CXX executable ../../bin/opencv_test_features2d
[100%] Built target opencv_test_features2d
[  0%] Built target opencv_dnn_plugins
[  0%] Built target opencv_highgui_plugins
[  1%] Built target ittnotify
[  4%] Built target ippiw
[  4%] Built target opencv_videoio_plugins
[ 21%] Built target libwebp
[ 35%] Built target IlmImf
[ 51%] Built target opencv_core
[ 51%] Built target opencv_version
[ 64%] Built target opencv_imgproc
[ 67%] Built target opencv_imgcodecs
[ 69%] Built target opencv_videoio
Consolidate compiler generated dependencies of target opencv_features2d
[ 70%] Building CXX object modules/features2d/CMakeFiles/opencv_features2d.dir/src/mser.cpp.o
[ 70%] Built target opencv_highgui
[ 71%] Built target opencv_annotation
[ 71%] Built target opencv_visualisation
[ 72%] Built target opencv_ts
[ 73%] Built target opencv_test_highgui
[ 75%] Built target opencv_test_imgcodecs
[ 77%] Built target opencv_test_videoio
[ 84%] Built target opencv_test_core
[ 93%] Built target opencv_test_imgproc
[ 93%] Linking CXX shared library ../../lib/libopencv_features2d.so
[ 97%] Built target opencv_features2d
[ 97%] Linking CXX executable ../../bin/opencv_test_features2d
[100%] Built target opencv_test_features2d
Testing mutant mser.MUT992.cpp on faster25.swtv::core3
>> Building opencv_features2d_TF_top30
>> Applied patch to mser.cpp with mser.MUT992.cpp
>> Building opencv_features2d_TF_top30
SELECT bug_idx FROM bug_info WHERE subject = %s AND experiment_name = %s AND version = %s ['opencv_features2d_TF_top30', 'TF_top30', 'mser.MUT992.cpp']
>> Saved buggy mutant mser.MUT992.cpp
	 - Failing test cases: 1
	 - Passing test cases: 61
	 - Crashing test cases: 0
>> Reverted mser.cpp to original from mser.MUT992.cpp

+++++ STDERR +++++

+++++ results for mser.MUT919.cpp +++++
+++++ STDOUT +++++
[  0%] Built target opencv_dnn_plugins
[  1%] Built target opencv_videoio_plugins
[  3%] Built target ippiw
[  4%] Built target opencv_highgui_plugins
[  4%] Built target ittnotify
[ 21%] Built target libwebp
[ 35%] Built target IlmImf
[ 51%] Built target opencv_core
[ 51%] Built target opencv_version
[ 64%] Built target opencv_imgproc
[ 67%] Built target opencv_imgcodecs
[ 69%] Built target opencv_videoio
Consolidate compiler generated dependencies of target opencv_features2d
[ 69%] Building CXX object modules/features2d/CMakeFiles/opencv_features2d.dir/src/mser.cpp.o
[ 70%] Built target opencv_highgui
[ 71%] Built target opencv_visualisation
[ 71%] Built target opencv_annotation
[ 72%] Built target opencv_ts
[ 75%] Built target opencv_test_imgcodecs
[ 75%] Built target opencv_test_highgui
[ 77%] Built target opencv_test_videoio
[ 84%] Built target opencv_test_core
[ 93%] Built target opencv_test_imgproc
[ 93%] Linking CXX shared library ../../lib/libopencv_features2d.so
[ 97%] Built target opencv_features2d
[ 97%] Linking CXX executable ../../bin/opencv_test_features2d
[100%] Built target opencv_test_features2d
[  0%] Built target opencv_highgui_plugins
[  0%] Built target opencv_dnn_plugins
[  1%] Built target opencv_videoio_plugins
[  4%] Built target ippiw
[  4%] Built target ittnotify
[ 21%] Built target libwebp
[ 35%] Built target IlmImf
[ 51%] Built target opencv_core
[ 51%] Built target opencv_version
[ 64%] Built target opencv_imgproc
[ 67%] Built target opencv_imgcodecs
[ 69%] Built target opencv_videoio
Consolidate compiler generated dependencies of target opencv_features2d
[ 69%] Building CXX object modules/features2d/CMakeFiles/opencv_features2d.dir/src/mser.cpp.o
[ 70%] Built target opencv_highgui
[ 70%] Built target opencv_annotation
[ 71%] Built target opencv_visualisation
[ 72%] Built target opencv_ts
[ 73%] Built target opencv_test_highgui
[ 75%] Built target opencv_test_imgcodecs
[ 77%] Built target opencv_test_videoio
[ 84%] Built target opencv_test_core
[ 93%] Built target opencv_test_imgproc
[ 93%] Linking CXX shared library ../../lib/libopencv_features2d.so
[ 97%] Built target opencv_features2d
[ 97%] Linking CXX executable ../../bin/opencv_test_features2d
[100%] Built target opencv_test_features2d
Testing mutant mser.MUT919.cpp on faster25.swtv::core3
>> Building opencv_features2d_TF_top30
>> Applied patch to mser.cpp with mser.MUT919.cpp
>> Building opencv_features2d_TF_top30
Mutant mser.MUT919.cpp is not killed (all tcs pass)
>> Reverted mser.cpp to original from mser.MUT919.cpp

+++++ STDERR +++++

+++++ results for mser.MUT535.cpp +++++
+++++ STDOUT +++++
[  0%] Built target opencv_highgui_plugins
[  0%] Built target opencv_dnn_plugins
[  0%] Built target opencv_videoio_plugins
[  1%] Built target ittnotify
[  4%] Built target ippiw
[ 21%] Built target libwebp
[ 35%] Built target IlmImf
[ 51%] Built target opencv_core
[ 51%] Built target opencv_version
[ 64%] Built target opencv_imgproc
[ 67%] Built target opencv_imgcodecs
Consolidate compiler generated dependencies of target opencv_features2d
[ 69%] Built target opencv_videoio
[ 69%] Building CXX object modules/features2d/CMakeFiles/opencv_features2d.dir/src/mser.cpp.o
[ 70%] Built target opencv_highgui
[ 71%] Built target opencv_visualisation
[ 71%] Built target opencv_annotation
[ 72%] Built target opencv_ts
[ 73%] Built target opencv_test_highgui
[ 75%] Built target opencv_test_imgcodecs
[ 77%] Built target opencv_test_videoio
[ 84%] Built target opencv_test_core
[ 93%] Built target opencv_test_imgproc
[ 93%] Linking CXX shared library ../../lib/libopencv_features2d.so
[ 97%] Built target opencv_features2d
[ 97%] Linking CXX executable ../../bin/opencv_test_features2d
[100%] Built target opencv_test_features2d
[  0%] Built target opencv_highgui_plugins
[  0%] Built target opencv_dnn_plugins
[  0%] Built target opencv_videoio_plugins
[  1%] Built target ittnotify
[  4%] Built target ippiw
[ 21%] Built target libwebp
[ 35%] Built target IlmImf
[ 51%] Built target opencv_core
[ 51%] Built target opencv_version
[ 64%] Built target opencv_imgproc
[ 67%] Built target opencv_imgcodecs
[ 69%] Built target opencv_videoio
Consolidate compiler generated dependencies of target opencv_features2d
[ 70%] Built target opencv_highgui
[ 70%] Building CXX object modules/features2d/CMakeFiles/opencv_features2d.dir/src/mser.cpp.o
[ 70%] Built target opencv_annotation
[ 71%] Built target opencv_visualisation
[ 72%] Built target opencv_ts
[ 73%] Built target opencv_test_highgui
[ 75%] Built target opencv_test_imgcodecs
[ 77%] Built target opencv_test_videoio
[ 88%] Built target opencv_test_core
[ 93%] Built target opencv_test_imgproc
[ 93%] Linking CXX shared library ../../lib/libopencv_features2d.so
[ 97%] Built target opencv_features2d
[ 97%] Linking CXX executable ../../bin/opencv_test_features2d
[100%] Built target opencv_test_features2d
Testing mutant mser.MUT535.cpp on faster25.swtv::core3
>> Building opencv_features2d_TF_top30
>> Applied patch to mser.cpp with mser.MUT535.cpp
>> Building opencv_features2d_TF_top30
Mutant mser.MUT535.cpp is not killed (all tcs pass)
>> Reverted mser.cpp to original from mser.MUT535.cpp

+++++ STDERR +++++

+++++ results for mser.MUT248.cpp +++++
+++++ STDOUT +++++
[  0%] Built target opencv_highgui_plugins
[  4%] Built target ippiw
[  4%] Built target ittnotify
[  4%] Built target opencv_dnn_plugins
[  4%] Built target opencv_videoio_plugins
[ 21%] Built target libwebp
[ 35%] Built target IlmImf
[ 51%] Built target opencv_core
[ 51%] Built target opencv_version
[ 64%] Built target opencv_imgproc
[ 67%] Built target opencv_imgcodecs
[ 69%] Built target opencv_videoio
Consolidate compiler generated dependencies of target opencv_features2d
[ 69%] Building CXX object modules/features2d/CMakeFiles/opencv_features2d.dir/src/mser.cpp.o
[ 70%] Built target opencv_highgui
[ 71%] Built target opencv_annotation
[ 71%] Built target opencv_visualisation
[ 72%] Built target opencv_ts
[ 73%] Built target opencv_test_highgui
[ 75%] Built target opencv_test_imgcodecs
[ 77%] Built target opencv_test_videoio
[ 86%] Built target opencv_test_core
[ 93%] Built target opencv_test_imgproc
[ 93%] Linking CXX shared library ../../lib/libopencv_features2d.so
[ 97%] Built target opencv_features2d
[ 97%] Linking CXX executable ../../bin/opencv_test_features2d
[100%] Built target opencv_test_features2d
[  0%] Built target opencv_videoio_plugins
[  0%] Built target opencv_highgui_plugins
[  0%] Built target opencv_dnn_plugins
[  2%] Built target ittnotify
[  4%] Built target ippiw
[ 21%] Built target libwebp
[ 35%] Built target IlmImf
[ 51%] Built target opencv_core
[ 51%] Built target opencv_version
[ 64%] Built target opencv_imgproc
[ 67%] Built target opencv_imgcodecs
Consolidate compiler generated dependencies of target opencv_features2d
[ 69%] Built target opencv_videoio
[ 69%] Building CXX object modules/features2d/CMakeFiles/opencv_features2d.dir/src/mser.cpp.o
[ 70%] Built target opencv_highgui
[ 70%] Built target opencv_annotation
[ 71%] Built target opencv_visualisation
[ 72%] Built target opencv_ts
[ 73%] Built target opencv_test_highgui
[ 75%] Built target opencv_test_imgcodecs
[ 77%] Built target opencv_test_videoio
[ 85%] Built target opencv_test_imgproc
[ 93%] Built target opencv_test_core
[ 93%] Linking CXX shared library ../../lib/libopencv_features2d.so
[ 97%] Built target opencv_features2d
[ 97%] Linking CXX executable ../../bin/opencv_test_features2d
[100%] Built target opencv_test_features2d
Testing mutant mser.MUT248.cpp on faster25.swtv::core3
>> Building opencv_features2d_TF_top30
>> Applied patch to mser.cpp with mser.MUT248.cpp
>> Building opencv_features2d_TF_top30
Mutant mser.MUT248.cpp is not killed (all tcs pass)
>> Reverted mser.cpp to original from mser.MUT248.cpp

+++++ STDERR +++++

+++++ results for mser.MUT510.cpp +++++
+++++ STDOUT +++++
[  0%] Built target opencv_dnn_plugins
[  0%] Built target opencv_videoio_plugins
[  0%] Built target opencv_highgui_plugins
[  1%] Built target ittnotify
[  4%] Built target ippiw
[ 21%] Built target libwebp
[ 35%] Built target IlmImf
[ 51%] Built target opencv_core
[ 51%] Built target opencv_version
[ 64%] Built target opencv_imgproc
[ 67%] Built target opencv_imgcodecs
[ 69%] Built target opencv_videoio
Consolidate compiler generated dependencies of target opencv_features2d
[ 70%] Built target opencv_highgui
[ 70%] Building CXX object modules/features2d/CMakeFiles/opencv_features2d.dir/src/mser.cpp.o
[ 71%] Built target opencv_annotation
[ 71%] Built target opencv_visualisation
[ 72%] Built target opencv_ts
[ 73%] Built target opencv_test_highgui
[ 75%] Built target opencv_test_imgcodecs
[ 77%] Built target opencv_test_videoio
[ 84%] Built target opencv_test_core
[ 93%] Built target opencv_test_imgproc
[ 93%] Linking CXX shared library ../../lib/libopencv_features2d.so
[ 97%] Built target opencv_features2d
[ 97%] Linking CXX executable ../../bin/opencv_test_features2d
[100%] Built target opencv_test_features2d
[  0%] Built target opencv_dnn_plugins
[  0%] Built target opencv_highgui_plugins
[  0%] Built target opencv_videoio_plugins
[  1%] Built target ittnotify
[  4%] Built target ippiw
[ 21%] Built target libwebp
[ 35%] Built target IlmImf
[ 51%] Built target opencv_core
[ 51%] Built target opencv_version
[ 64%] Built target opencv_imgproc
[ 67%] Built target opencv_imgcodecs
[ 69%] Built target opencv_videoio
Consolidate compiler generated dependencies of target opencv_features2d
[ 70%] Built target opencv_highgui
[ 70%] Building CXX object modules/features2d/CMakeFiles/opencv_features2d.dir/src/mser.cpp.o
[ 71%] Built target opencv_annotation
[ 71%] Built target opencv_visualisation
[ 72%] Built target opencv_ts
[ 73%] Built target opencv_test_highgui
[ 75%] Built target opencv_test_imgcodecs
[ 77%] Built target opencv_test_videoio
[ 84%] Built target opencv_test_core
[ 93%] Built target opencv_test_imgproc
[ 93%] Linking CXX shared library ../../lib/libopencv_features2d.so
[ 97%] Built target opencv_features2d
[ 97%] Linking CXX executable ../../bin/opencv_test_features2d
[100%] Built target opencv_test_features2d
Testing mutant mser.MUT510.cpp on faster25.swtv::core3
>> Building opencv_features2d_TF_top30
>> Applied patch to mser.cpp with mser.MUT510.cpp
>> Building opencv_features2d_TF_top30
Mutant mser.MUT510.cpp is not killed (all tcs pass)
>> Reverted mser.cpp to original from mser.MUT510.cpp

+++++ STDERR +++++

+++++ results for mser.MUT901.cpp +++++
+++++ STDOUT +++++
[  0%] Built target opencv_videoio_plugins
[  0%] Built target opencv_highgui_plugins
[  0%] Built target opencv_dnn_plugins
[  1%] Built target ittnotify
[  4%] Built target ippiw
[ 21%] Built target libwebp
[ 35%] Built target IlmImf
[ 51%] Built target opencv_core
[ 51%] Built target opencv_version
[ 64%] Built target opencv_imgproc
[ 67%] Built target opencv_imgcodecs
Consolidate compiler generated dependencies of target opencv_features2d
[ 69%] Built target opencv_videoio
[ 69%] Building CXX object modules/features2d/CMakeFiles/opencv_features2d.dir/src/mser.cpp.o
[ 70%] Built target opencv_highgui
[ 71%] Built target opencv_visualisation
[ 71%] Built target opencv_annotation
[ 72%] Built target opencv_ts
[ 73%] Built target opencv_test_highgui
[ 75%] Built target opencv_test_imgcodecs
[ 77%] Built target opencv_test_videoio
[ 84%] Built target opencv_test_core
[ 93%] Built target opencv_test_imgproc
[ 93%] Linking CXX shared library ../../lib/libopencv_features2d.so
[ 97%] Built target opencv_features2d
[ 97%] Linking CXX executable ../../bin/opencv_test_features2d
[100%] Built target opencv_test_features2d
[  0%] Built target opencv_videoio_plugins
[  0%] Built target opencv_highgui_plugins
[  0%] Built target opencv_dnn_plugins
[  1%] Built target ittnotify
[  4%] Built target ippiw
[ 21%] Built target libwebp
[ 35%] Built target IlmImf
[ 51%] Built target opencv_core
[ 51%] Built target opencv_version
[ 64%] Built target opencv_imgproc
[ 67%] Built target opencv_imgcodecs
[ 69%] Built target opencv_videoio
Consolidate compiler generated dependencies of target opencv_features2d
[ 69%] Building CXX object modules/features2d/CMakeFiles/opencv_features2d.dir/src/mser.cpp.o
[ 70%] Built target opencv_highgui
[ 70%] Built target opencv_annotation
[ 71%] Built target opencv_visualisation
[ 72%] Built target opencv_ts
[ 73%] Built target opencv_test_highgui
[ 75%] Built target opencv_test_imgcodecs
[ 77%] Built target opencv_test_videoio
[ 84%] Built target opencv_test_core
[ 93%] Built target opencv_test_imgproc
[ 93%] Linking CXX shared library ../../lib/libopencv_features2d.so
[ 97%] Built target opencv_features2d
[ 97%] Linking CXX executable ../../bin/opencv_test_features2d
[100%] Built target opencv_test_features2d
Testing mutant mser.MUT901.cpp on faster25.swtv::core3
>> Building opencv_features2d_TF_top30
>> Applied patch to mser.cpp with mser.MUT901.cpp
>> Building opencv_features2d_TF_top30
Mutant mser.MUT901.cpp is not killed (all tcs pass)
>> Reverted mser.cpp to original from mser.MUT901.cpp

+++++ STDERR +++++

+++++ results for fed.MUT122.cpp +++++
+++++ STDOUT +++++
[  0%] Built target opencv_highgui_plugins
[  0%] Built target opencv_dnn_plugins
[  0%] Built target opencv_videoio_plugins
[  1%] Built target ittnotify
[  4%] Built target ippiw
[ 21%] Built target libwebp
[ 35%] Built target IlmImf
[ 51%] Built target opencv_core
[ 51%] Built target opencv_version
[ 64%] Built target opencv_imgproc
[ 67%] Built target opencv_imgcodecs
[ 69%] Built target opencv_videoio
Consolidate compiler generated dependencies of target opencv_features2d
[ 69%] Building CXX object modules/features2d/CMakeFiles/opencv_features2d.dir/src/mser.cpp.o
[ 70%] Built target opencv_highgui
[ 70%] Built target opencv_annotation
[ 71%] Built target opencv_visualisation
[ 72%] Built target opencv_ts
[ 73%] Built target opencv_test_highgui
[ 75%] Built target opencv_test_imgcodecs
[ 77%] Built target opencv_test_videoio
[ 84%] Built target opencv_test_core
[ 93%] Built target opencv_test_imgproc
[ 93%] Linking CXX shared library ../../lib/libopencv_features2d.so
[ 97%] Built target opencv_features2d
[ 97%] Linking CXX executable ../../bin/opencv_test_features2d
[100%] Built target opencv_test_features2d
[  0%] Built target opencv_videoio_plugins
[  0%] Built target opencv_highgui_plugins
[  1%] Built target ittnotify
[  4%] Built target ippiw
[  4%] Built target opencv_dnn_plugins
[ 21%] Built target libwebp
[ 35%] Built target IlmImf
[ 51%] Built target opencv_core
[ 51%] Built target opencv_version
[ 64%] Built target opencv_imgproc
[ 67%] Built target opencv_imgcodecs
[ 69%] Built target opencv_videoio
Consolidate compiler generated dependencies of target opencv_features2d
[ 70%] Built target opencv_highgui
[ 70%] Building CXX object modules/features2d/CMakeFiles/opencv_features2d.dir/src/kaze/fed.cpp.o
[ 70%] Built target opencv_annotation
[ 71%] Built target opencv_visualisation
[ 72%] Built target opencv_ts
[ 73%] Built target opencv_test_imgcodecs
[ 75%] Built target opencv_test_highgui
[ 77%] Built target opencv_test_videoio
[ 84%] Built target opencv_test_core
[ 93%] Built target opencv_test_imgproc
[ 93%] Linking CXX shared library ../../lib/libopencv_features2d.so
[ 97%] Built target opencv_features2d
[ 97%] Linking CXX executable ../../bin/opencv_test_features2d
[100%] Built target opencv_test_features2d
Testing mutant fed.MUT122.cpp on faster25.swtv::core3
>> Building opencv_features2d_TF_top30
>> Applied patch to fed.cpp with fed.MUT122.cpp
>> Building opencv_features2d_TF_top30
Mutant fed.MUT122.cpp is not killed (all tcs pass)
>> Reverted fed.cpp to original from fed.MUT122.cpp

+++++ STDERR +++++

+++++ results for brisk.MUT3054.cpp +++++
+++++ STDOUT +++++
[  0%] Built target opencv_videoio_plugins
[  1%] Built target opencv_highgui_plugins
[  1%] Built target ittnotify
[  1%] Built target opencv_dnn_plugins
[  7%] Built target ippiw
[ 21%] Built target libwebp
[ 35%] Built target IlmImf
[ 51%] Built target opencv_core
[ 51%] Built target opencv_version
[ 64%] Built target opencv_imgproc
[ 67%] Built target opencv_imgcodecs
[ 69%] Built target opencv_videoio
Consolidate compiler generated dependencies of target opencv_features2d
[ 69%] Building CXX object modules/features2d/CMakeFiles/opencv_features2d.dir/src/kaze/fed.cpp.o
[ 70%] Built target opencv_highgui
[ 71%] Built target opencv_visualisation
[ 71%] Built target opencv_annotation
[ 72%] Built target opencv_ts
[ 73%] Built target opencv_test_highgui
[ 75%] Built target opencv_test_imgcodecs
[ 77%] Built target opencv_test_videoio
[ 88%] Built target opencv_test_imgproc
[ 93%] Built target opencv_test_core
[ 93%] Linking CXX shared library ../../lib/libopencv_features2d.so
[ 97%] Built target opencv_features2d
[ 97%] Linking CXX executable ../../bin/opencv_test_features2d
[100%] Built target opencv_test_features2d
[  0%] Built target opencv_videoio_plugins
[  0%] Built target opencv_highgui_plugins
[  0%] Built target opencv_dnn_plugins
[  1%] Built target ittnotify
[ 18%] Built target ippiw
[ 21%] Built target libwebp
[ 35%] Built target IlmImf
[ 51%] Built target opencv_core
[ 51%] Built target opencv_version
[ 64%] Built target opencv_imgproc
[ 67%] Built target opencv_imgcodecs
[ 69%] Built target opencv_videoio
Consolidate compiler generated dependencies of target opencv_features2d
[ 70%] Built target opencv_highgui
[ 70%] Building CXX object modules/features2d/CMakeFiles/opencv_features2d.dir/src/brisk.cpp.o
[ 70%] Built target opencv_annotation
[ 71%] Built target opencv_visualisation
[ 72%] Built target opencv_ts
[ 73%] Built target opencv_test_imgcodecs
[ 75%] Built target opencv_test_highgui
[ 77%] Built target opencv_test_videoio
[ 85%] Built target opencv_test_imgproc
[ 93%] Built target opencv_test_core
[ 93%] Linking CXX shared library ../../lib/libopencv_features2d.so
[ 97%] Built target opencv_features2d
[ 97%] Linking CXX executable ../../bin/opencv_test_features2d
[100%] Built target opencv_test_features2d
Testing mutant brisk.MUT3054.cpp on faster25.swtv::core3
>> Building opencv_features2d_TF_top30
>> Applied patch to brisk.cpp with brisk.MUT3054.cpp
>> Building opencv_features2d_TF_top30
Mutant brisk.MUT3054.cpp is not killed (all tcs pass)
>> Reverted brisk.cpp to original from brisk.MUT3054.cpp

+++++ STDERR +++++

+++++ results for brisk.MUT360.cpp +++++
+++++ STDOUT +++++
[  1%] Built target opencv_highgui_plugins
[  1%] Built target ittnotify
[  1%] Built target opencv_dnn_plugins
[  1%] Built target opencv_videoio_plugins
[  4%] Built target ippiw
[ 21%] Built target libwebp
[ 35%] Built target IlmImf
[ 51%] Built target opencv_core
[ 51%] Built target opencv_version
[ 64%] Built target opencv_imgproc
[ 67%] Built target opencv_imgcodecs
[ 69%] Built target opencv_videoio
Consolidate compiler generated dependencies of target opencv_features2d
[ 70%] Built target opencv_highgui
[ 70%] Building CXX object modules/features2d/CMakeFiles/opencv_features2d.dir/src/brisk.cpp.o
[ 70%] Built target opencv_annotation
[ 71%] Built target opencv_visualisation
[ 72%] Built target opencv_ts
[ 73%] Built target opencv_test_highgui
[ 75%] Built target opencv_test_imgcodecs
[ 77%] Built target opencv_test_videoio
[ 84%] Built target opencv_test_core
[ 93%] Built target opencv_test_imgproc
[ 93%] Linking CXX shared library ../../lib/libopencv_features2d.so
[ 97%] Built target opencv_features2d
[ 97%] Linking CXX executable ../../bin/opencv_test_features2d
[100%] Built target opencv_test_features2d
[  0%] Built target opencv_highgui_plugins
[  1%] Built target ittnotify
[  1%] Built target opencv_dnn_plugins
[  1%] Built target opencv_videoio_plugins
[  4%] Built target ippiw
[ 21%] Built target libwebp
[ 35%] Built target IlmImf
[ 51%] Built target opencv_core
[ 51%] Built target opencv_version
[ 64%] Built target opencv_imgproc
[ 67%] Built target opencv_imgcodecs
[ 69%] Built target opencv_videoio
Consolidate compiler generated dependencies of target opencv_features2d
[ 70%] Built target opencv_highgui
[ 70%] Building CXX object modules/features2d/CMakeFiles/opencv_features2d.dir/src/brisk.cpp.o
[ 71%] Built target opencv_visualisation
[ 71%] Built target opencv_annotation
[ 72%] Built target opencv_ts
[ 75%] Built target opencv_test_highgui
[ 75%] Built target opencv_test_imgcodecs
[ 77%] Built target opencv_test_videoio
[ 84%] Built target opencv_test_core
[ 93%] Built target opencv_test_imgproc
[ 93%] Linking CXX shared library ../../lib/libopencv_features2d.so
[ 97%] Built target opencv_features2d
[ 97%] Linking CXX executable ../../bin/opencv_test_features2d
[100%] Built target opencv_test_features2d
Testing mutant brisk.MUT360.cpp on faster25.swtv::core3
>> Building opencv_features2d_TF_top30
>> Applied patch to brisk.cpp with brisk.MUT360.cpp
>> Building opencv_features2d_TF_top30
SELECT bug_idx FROM bug_info WHERE subject = %s AND experiment_name = %s AND version = %s ['opencv_features2d_TF_top30', 'TF_top30', 'brisk.MUT360.cpp']
>> Saved buggy mutant brisk.MUT360.cpp
	 - Failing test cases: 1
	 - Passing test cases: 61
	 - Crashing test cases: 0
>> Reverted brisk.cpp to original from brisk.MUT360.cpp

+++++ STDERR +++++

+++++ results for brisk.MUT2468.cpp +++++
+++++ STDOUT +++++
[  0%] Built target opencv_videoio_plugins
[  0%] Built target opencv_highgui_plugins
[  0%] Built target opencv_dnn_plugins
[  3%] Built target ittnotify
[  4%] Built target ippiw
[ 21%] Built target libwebp
[ 35%] Built target IlmImf
[ 51%] Built target opencv_core
[ 51%] Built target opencv_version
[ 64%] Built target opencv_imgproc
[ 67%] Built target opencv_imgcodecs
Consolidate compiler generated dependencies of target opencv_features2d
[ 69%] Built target opencv_videoio
[ 69%] Building CXX object modules/features2d/CMakeFiles/opencv_features2d.dir/src/brisk.cpp.o
[ 70%] Built target opencv_highgui
[ 70%] Built target opencv_annotation
[ 71%] Built target opencv_visualisation
[ 72%] Built target opencv_ts
[ 73%] Built target opencv_test_highgui
[ 75%] Built target opencv_test_imgcodecs
[ 77%] Built target opencv_test_videoio
[ 84%] Built target opencv_test_core
[ 93%] Built target opencv_test_imgproc
[ 93%] Linking CXX shared library ../../lib/libopencv_features2d.so
[ 97%] Built target opencv_features2d
[ 97%] Linking CXX executable ../../bin/opencv_test_features2d
[100%] Built target opencv_test_features2d
[  1%] Built target opencv_dnn_plugins
[  1%] Built target opencv_videoio_plugins
[  1%] Built target ittnotify
[  1%] Built target opencv_highgui_plugins
[  4%] Built target ippiw
[ 21%] Built target libwebp
[ 35%] Built target IlmImf
[ 51%] Built target opencv_core
[ 51%] Built target opencv_version
[ 64%] Built target opencv_imgproc
[ 67%] Built target opencv_imgcodecs
[ 69%] Built target opencv_videoio
Consolidate compiler generated dependencies of target opencv_features2d
[ 70%] Building CXX object modules/features2d/CMakeFiles/opencv_features2d.dir/src/brisk.cpp.o
[ 70%] Built target opencv_highgui
[ 70%] Built target opencv_annotation
[ 71%] Built target opencv_visualisation
[ 72%] Built target opencv_ts
[ 73%] Built target opencv_test_highgui
[ 75%] Built target opencv_test_imgcodecs
[ 77%] Built target opencv_test_videoio
[ 84%] Built target opencv_test_core
[ 93%] Built target opencv_test_imgproc
[ 93%] Linking CXX shared library ../../lib/libopencv_features2d.so
[ 97%] Built target opencv_features2d
[ 97%] Linking CXX executable ../../bin/opencv_test_features2d
[100%] Built target opencv_test_features2d
Testing mutant brisk.MUT2468.cpp on faster25.swtv::core3
>> Building opencv_features2d_TF_top30
>> Applied patch to brisk.cpp with brisk.MUT2468.cpp
>> Building opencv_features2d_TF_top30
Mutant brisk.MUT2468.cpp is not killed (all tcs pass)
>> Reverted brisk.cpp to original from brisk.MUT2468.cpp

+++++ STDERR +++++

+++++ results for brisk.MUT1249.cpp +++++
+++++ STDOUT +++++
[  0%] Built target opencv_dnn_plugins
[  0%] Built target opencv_highgui_plugins
[  0%] Built target opencv_videoio_plugins
[  3%] Built target ippiw
[  4%] Built target ittnotify
[ 21%] Built target libwebp
[ 35%] Built target IlmImf
[ 51%] Built target opencv_core
[ 51%] Built target opencv_version
[ 64%] Built target opencv_imgproc
[ 67%] Built target opencv_imgcodecs
[ 69%] Built target opencv_videoio
Consolidate compiler generated dependencies of target opencv_features2d
[ 70%] Built target opencv_highgui
[ 70%] Building CXX object modules/features2d/CMakeFiles/opencv_features2d.dir/src/brisk.cpp.o
[ 70%] Built target opencv_annotation
[ 71%] Built target opencv_visualisation
[ 72%] Built target opencv_ts
[ 73%] Built target opencv_test_imgcodecs
[ 75%] Built target opencv_test_highgui
[ 77%] Built target opencv_test_videoio
[ 84%] Built target opencv_test_core
[ 93%] Built target opencv_test_imgproc
[ 93%] Linking CXX shared library ../../lib/libopencv_features2d.so
[ 97%] Built target opencv_features2d
[ 97%] Linking CXX executable ../../bin/opencv_test_features2d
[100%] Built target opencv_test_features2d
[  0%] Built target opencv_highgui_plugins
[  0%] Built target opencv_videoio_plugins
[  0%] Built target opencv_dnn_plugins
[  3%] Built target ippiw
[  4%] Built target ittnotify
[ 21%] Built target libwebp
[ 35%] Built target IlmImf
[ 51%] Built target opencv_core
[ 51%] Built target opencv_version
[ 64%] Built target opencv_imgproc
[ 67%] Built target opencv_imgcodecs
Consolidate compiler generated dependencies of target opencv_features2d
[ 69%] Built target opencv_videoio
[ 69%] Building CXX object modules/features2d/CMakeFiles/opencv_features2d.dir/src/brisk.cpp.o
[ 70%] Built target opencv_highgui
[ 71%] Built target opencv_visualisation
[ 71%] Built target opencv_annotation
[ 72%] Built target opencv_ts
[ 73%] Built target opencv_test_highgui
[ 75%] Built target opencv_test_imgcodecs
[ 77%] Built target opencv_test_videoio
[ 84%] Built target opencv_test_core
[ 93%] Built target opencv_test_imgproc
[ 93%] Linking CXX shared library ../../lib/libopencv_features2d.so
[ 97%] Built target opencv_features2d
[ 97%] Linking CXX executable ../../bin/opencv_test_features2d
[100%] Built target opencv_test_features2d
Testing mutant brisk.MUT1249.cpp on faster25.swtv::core3
>> Building opencv_features2d_TF_top30
>> Applied patch to brisk.cpp with brisk.MUT1249.cpp
>> Building opencv_features2d_TF_top30
Mutant brisk.MUT1249.cpp is not killed (all tcs pass)
>> Reverted brisk.cpp to original from brisk.MUT1249.cpp

+++++ STDERR +++++

+++++ results for brisk.MUT476.cpp +++++
+++++ STDOUT +++++
[  0%] Built target opencv_dnn_plugins
[  0%] Built target opencv_videoio_plugins
[  1%] Built target ittnotify
[  1%] Built target opencv_highgui_plugins
[  4%] Built target ippiw
[ 21%] Built target libwebp
[ 35%] Built target IlmImf
[ 51%] Built target opencv_core
[ 51%] Built target opencv_version
[ 64%] Built target opencv_imgproc
[ 67%] Built target opencv_imgcodecs
[ 69%] Built target opencv_videoio
Consolidate compiler generated dependencies of target opencv_features2d
[ 70%] Built target opencv_highgui
[ 70%] Building CXX object modules/features2d/CMakeFiles/opencv_features2d.dir/src/brisk.cpp.o
[ 70%] Built target opencv_annotation
[ 71%] Built target opencv_visualisation
[ 72%] Built target opencv_ts
[ 73%] Built target opencv_test_highgui
[ 75%] Built target opencv_test_imgcodecs
[ 77%] Built target opencv_test_videoio
[ 84%] Built target opencv_test_core
[ 93%] Built target opencv_test_imgproc
[ 93%] Linking CXX shared library ../../lib/libopencv_features2d.so
[ 97%] Built target opencv_features2d
[ 97%] Linking CXX executable ../../bin/opencv_test_features2d
[100%] Built target opencv_test_features2d
[  1%] Built target opencv_dnn_plugins
[  2%] Built target ittnotify
[  4%] Built target ippiw
[  4%] Built target opencv_highgui_plugins
[  4%] Built target opencv_videoio_plugins
[ 21%] Built target libwebp
[ 35%] Built target IlmImf
[ 51%] Built target opencv_core
[ 51%] Built target opencv_version
[ 64%] Built target opencv_imgproc
[ 67%] Built target opencv_imgcodecs
[ 69%] Built target opencv_videoio
Consolidate compiler generated dependencies of target opencv_features2d
[ 70%] Built target opencv_highgui
[ 70%] Building CXX object modules/features2d/CMakeFiles/opencv_features2d.dir/src/brisk.cpp.o
[ 71%] Built target opencv_visualisation
[ 71%] Built target opencv_annotation
[ 72%] Built target opencv_ts
[ 73%] Built target opencv_test_highgui
[ 75%] Built target opencv_test_imgcodecs
[ 77%] Built target opencv_test_videoio
[ 84%] Built target opencv_test_core
[ 93%] Built target opencv_test_imgproc
[ 93%] Linking CXX shared library ../../lib/libopencv_features2d.so
[ 97%] Built target opencv_features2d
[ 97%] Linking CXX executable ../../bin/opencv_test_features2d
[100%] Built target opencv_test_features2d
Testing mutant brisk.MUT476.cpp on faster25.swtv::core3
>> Building opencv_features2d_TF_top30
>> Applied patch to brisk.cpp with brisk.MUT476.cpp
>> Building opencv_features2d_TF_top30
SELECT bug_idx FROM bug_info WHERE subject = %s AND experiment_name = %s AND version = %s ['opencv_features2d_TF_top30', 'TF_top30', 'brisk.MUT476.cpp']
>> Saved buggy mutant brisk.MUT476.cpp
	 - Failing test cases: 1
	 - Passing test cases: 61
	 - Crashing test cases: 0
>> Reverted brisk.cpp to original from brisk.MUT476.cpp

+++++ STDERR +++++

+++++ results for brisk.MUT2946.cpp +++++
+++++ STDOUT +++++
[  0%] Built target opencv_dnn_plugins
[  0%] Built target opencv_videoio_plugins
[  0%] Built target opencv_highgui_plugins
[  1%] Built target ittnotify
[  4%] Built target ippiw
[ 21%] Built target libwebp
[ 35%] Built target IlmImf
[ 51%] Built target opencv_core
[ 51%] Built target opencv_version
[ 64%] Built target opencv_imgproc
[ 67%] Built target opencv_imgcodecs
[ 69%] Built target opencv_videoio
Consolidate compiler generated dependencies of target opencv_features2d
[ 70%] Built target opencv_highgui
[ 70%] Building CXX object modules/features2d/CMakeFiles/opencv_features2d.dir/src/brisk.cpp.o
[ 70%] Built target opencv_annotation
[ 71%] Built target opencv_visualisation
[ 72%] Built target opencv_ts
[ 73%] Built target opencv_test_imgcodecs
[ 75%] Built target opencv_test_highgui
[ 77%] Built target opencv_test_videoio
[ 84%] Built target opencv_test_core
[ 93%] Built target opencv_test_imgproc
[ 93%] Linking CXX shared library ../../lib/libopencv_features2d.so
[ 97%] Built target opencv_features2d
[ 97%] Linking CXX executable ../../bin/opencv_test_features2d
[100%] Built target opencv_test_features2d
[  0%] Built target opencv_videoio_plugins
[  0%] Built target opencv_highgui_plugins
[  0%] Built target opencv_dnn_plugins
[  1%] Built target ittnotify
[  4%] Built target ippiw
[ 21%] Built target libwebp
[ 35%] Built target IlmImf
[ 51%] Built target opencv_core
[ 51%] Built target opencv_version
[ 64%] Built target opencv_imgproc
[ 67%] Built target opencv_imgcodecs
Consolidate compiler generated dependencies of target opencv_features2d
[ 69%] Built target opencv_videoio
[ 69%] Building CXX object modules/features2d/CMakeFiles/opencv_features2d.dir/src/brisk.cpp.o
[ 70%] Built target opencv_highgui
[ 71%] Built target opencv_annotation
[ 71%] Built target opencv_visualisation
[ 72%] Built target opencv_ts
[ 73%] Built target opencv_test_imgcodecs
[ 75%] Built target opencv_test_highgui
[ 77%] Built target opencv_test_videoio
[ 84%] Built target opencv_test_core
[ 93%] Built target opencv_test_imgproc
[ 93%] Linking CXX shared library ../../lib/libopencv_features2d.so
[ 97%] Built target opencv_features2d
[ 97%] Linking CXX executable ../../bin/opencv_test_features2d
[100%] Built target opencv_test_features2d
Testing mutant brisk.MUT2946.cpp on faster25.swtv::core3
>> Building opencv_features2d_TF_top30
>> Applied patch to brisk.cpp with brisk.MUT2946.cpp
>> Building opencv_features2d_TF_top30
Mutant brisk.MUT2946.cpp is not killed (all tcs pass)
>> Reverted brisk.cpp to original from brisk.MUT2946.cpp

+++++ STDERR +++++

+++++ results for brisk.MUT65.cpp +++++
+++++ STDOUT +++++
[  0%] Built target opencv_dnn_plugins
[  0%] Built target opencv_highgui_plugins
[  0%] Built target opencv_videoio_plugins
[  1%] Built target ittnotify
[  4%] Built target ippiw
[ 21%] Built target libwebp
[ 35%] Built target IlmImf
[ 51%] Built target opencv_core
[ 51%] Built target opencv_version
[ 64%] Built target opencv_imgproc
[ 67%] Built target opencv_imgcodecs
[ 69%] Built target opencv_videoio
[ 70%] Built target opencv_highgui
Consolidate compiler generated dependencies of target opencv_features2d
[ 70%] Built target opencv_annotation
[ 70%] Building CXX object modules/features2d/CMakeFiles/opencv_features2d.dir/src/brisk.cpp.o
[ 72%] Built target opencv_ts
[ 72%] Built target opencv_visualisation
[ 73%] Built target opencv_test_imgcodecs
[ 75%] Built target opencv_test_highgui
[ 77%] Built target opencv_test_videoio
[ 84%] Built target opencv_test_core
[ 93%] Built target opencv_test_imgproc
[ 93%] Linking CXX shared library ../../lib/libopencv_features2d.so
[ 97%] Built target opencv_features2d
[ 97%] Linking CXX executable ../../bin/opencv_test_features2d
[100%] Built target opencv_test_features2d
[  0%] Built target opencv_dnn_plugins
[  1%] Built target ittnotify
[  1%] Built target opencv_highgui_plugins
[  1%] Built target opencv_videoio_plugins
[  4%] Built target ippiw
[ 21%] Built target libwebp
[ 35%] Built target IlmImf
[ 51%] Built target opencv_core
[ 51%] Built target opencv_version
[ 64%] Built target opencv_imgproc
[ 67%] Built target opencv_imgcodecs
[ 69%] Built target opencv_videoio
Consolidate compiler generated dependencies of target opencv_features2d
[ 70%] Built target opencv_highgui
[ 70%] Building CXX object modules/features2d/CMakeFiles/opencv_features2d.dir/src/brisk.cpp.o
[ 70%] Built target opencv_annotation
[ 71%] Built target opencv_visualisation
[ 72%] Built target opencv_ts
[ 73%] Built target opencv_test_highgui
[ 75%] Built target opencv_test_imgcodecs
[ 77%] Built target opencv_test_videoio
[ 85%] Built target opencv_test_imgproc
[ 93%] Built target opencv_test_core
[ 93%] Linking CXX shared library ../../lib/libopencv_features2d.so
[ 97%] Built target opencv_features2d
[ 97%] Linking CXX executable ../../bin/opencv_test_features2d
[100%] Built target opencv_test_features2d
Testing mutant brisk.MUT65.cpp on faster25.swtv::core3
>> Building opencv_features2d_TF_top30
>> Applied patch to brisk.cpp with brisk.MUT65.cpp
>> Building opencv_features2d_TF_top30
SELECT bug_idx FROM bug_info WHERE subject = %s AND experiment_name = %s AND version = %s ['opencv_features2d_TF_top30', 'TF_top30', 'brisk.MUT65.cpp']
>> Saved buggy mutant brisk.MUT65.cpp
	 - Failing test cases: 4
	 - Passing test cases: 58
	 - Crashing test cases: 0
>> Reverted brisk.cpp to original from brisk.MUT65.cpp

+++++ STDERR +++++

+++++ results for brisk.MUT2861.cpp +++++
+++++ STDOUT +++++
[  0%] Built target opencv_dnn_plugins
[  0%] Built target opencv_videoio_plugins
[  0%] Built target opencv_highgui_plugins
[  1%] Built target ittnotify
[  4%] Built target ippiw
[ 21%] Built target libwebp
[ 35%] Built target IlmImf
[ 51%] Built target opencv_core
[ 51%] Built target opencv_version
[ 64%] Built target opencv_imgproc
[ 67%] Built target opencv_imgcodecs
[ 69%] Built target opencv_videoio
Consolidate compiler generated dependencies of target opencv_features2d
[ 70%] Built target opencv_highgui
[ 70%] Building CXX object modules/features2d/CMakeFiles/opencv_features2d.dir/src/brisk.cpp.o
[ 71%] Built target opencv_annotation
[ 71%] Built target opencv_visualisation
[ 72%] Built target opencv_ts
[ 73%] Built target opencv_test_highgui
[ 75%] Built target opencv_test_imgcodecs
[ 77%] Built target opencv_test_videoio
[ 84%] Built target opencv_test_core
[ 93%] Built target opencv_test_imgproc
[ 93%] Linking CXX shared library ../../lib/libopencv_features2d.so
[ 97%] Built target opencv_features2d
[ 97%] Linking CXX executable ../../bin/opencv_test_features2d
[100%] Built target opencv_test_features2d
[  0%] Built target opencv_videoio_plugins
[  0%] Built target opencv_highgui_plugins
[  1%] Built target ittnotify
[  4%] Built target ippiw
[  4%] Built target opencv_dnn_plugins
[ 21%] Built target libwebp
[ 35%] Built target IlmImf
[ 51%] Built target opencv_core
[ 51%] Built target opencv_version
[ 64%] Built target opencv_imgproc
[ 67%] Built target opencv_imgcodecs
[ 69%] Built target opencv_videoio
Consolidate compiler generated dependencies of target opencv_features2d
[ 69%] Building CXX object modules/features2d/CMakeFiles/opencv_features2d.dir/src/brisk.cpp.o
[ 70%] Built target opencv_highgui
[ 71%] Built target opencv_visualisation
[ 71%] Built target opencv_annotation
[ 72%] Built target opencv_ts
[ 73%] Built target opencv_test_highgui
[ 75%] Built target opencv_test_imgcodecs
[ 77%] Built target opencv_test_videoio
[ 84%] Built target opencv_test_core
[ 93%] Built target opencv_test_imgproc
[ 93%] Linking CXX shared library ../../lib/libopencv_features2d.so
[ 97%] Built target opencv_features2d
[ 97%] Linking CXX executable ../../bin/opencv_test_features2d
[100%] Built target opencv_test_features2d
Testing mutant brisk.MUT2861.cpp on faster25.swtv::core3
>> Building opencv_features2d_TF_top30
>> Applied patch to brisk.cpp with brisk.MUT2861.cpp
>> Building opencv_features2d_TF_top30
Mutant brisk.MUT2861.cpp is not killed (all tcs pass)
>> Reverted brisk.cpp to original from brisk.MUT2861.cpp

+++++ STDERR +++++

+++++ results for brisk.MUT3253.cpp +++++
+++++ STDOUT +++++
[  0%] Built target opencv_highgui_plugins
[  0%] Built target opencv_dnn_plugins
[  0%] Built target opencv_videoio_plugins
[  1%] Built target ittnotify
[  4%] Built target ippiw
[ 21%] Built target libwebp
[ 35%] Built target IlmImf
[ 51%] Built target opencv_core
[ 51%] Built target opencv_version
[ 64%] Built target opencv_imgproc
[ 67%] Built target opencv_imgcodecs
[ 69%] Built target opencv_videoio
Consolidate compiler generated dependencies of target opencv_features2d
[ 70%] Built target opencv_highgui
[ 70%] Building CXX object modules/features2d/CMakeFiles/opencv_features2d.dir/src/brisk.cpp.o
[ 71%] Built target opencv_visualisation
[ 71%] Built target opencv_annotation
[ 72%] Built target opencv_ts
[ 73%] Built target opencv_test_highgui
[ 75%] Built target opencv_test_imgcodecs
[ 77%] Built target opencv_test_videoio
[ 84%] Built target opencv_test_core
[ 93%] Built target opencv_test_imgproc
[ 93%] Linking CXX shared library ../../lib/libopencv_features2d.so
[ 97%] Built target opencv_features2d
[ 97%] Linking CXX executable ../../bin/opencv_test_features2d
[100%] Built target opencv_test_features2d
[  0%] Built target opencv_dnn_plugins
[  0%] Built target opencv_videoio_plugins
[  1%] Built target ittnotify
[  1%] Built target opencv_highgui_plugins
[  4%] Built target ippiw
[ 21%] Built target libwebp
[ 35%] Built target IlmImf
[ 51%] Built target opencv_core
[ 51%] Built target opencv_version
[ 64%] Built target opencv_imgproc
[ 67%] Built target opencv_imgcodecs
[ 69%] Built target opencv_videoio
Consolidate compiler generated dependencies of target opencv_features2d
[ 70%] Built target opencv_highgui
[ 69%] Building CXX object modules/features2d/CMakeFiles/opencv_features2d.dir/src/brisk.cpp.o
[ 70%] Built target opencv_annotation
[ 71%] Built target opencv_visualisation
[ 72%] Built target opencv_ts
[ 73%] Built target opencv_test_highgui
[ 75%] Built target opencv_test_imgcodecs
[ 77%] Built target opencv_test_videoio
[ 84%] Built target opencv_test_core
[ 93%] Built target opencv_test_imgproc
Testing mutant brisk.MUT3253.cpp on faster25.swtv::core3
>> Building opencv_features2d_TF_top30
>> Applied patch to brisk.cpp with brisk.MUT3253.cpp
>> Building opencv_features2d_TF_top30
Failed to build on brisk.MUT3253.cpp
>> Reverted brisk.cpp to original from brisk.MUT3253.cpp

+++++ STDERR +++++
/home/yangheechan/FL-dataset-generation-opencv_features2d_TF_top30/work/opencv_features2d_TF_top30/working_env/faster25.swtv/core3/opencv_features2d_TF_top30/modules/features2d/src/brisk.cpp: In member function int cv::BriskLayer::getAgastScore(float, float, int, float) const:
/home/yangheechan/FL-dataset-generation-opencv_features2d_TF_top30/work/opencv_features2d_TF_top30/working_env/faster25.swtv/core3/opencv_features2d_TF_top30/modules/features2d/src/brisk.cpp:2255:54: error: HALFSAMPLE was not declared in this scope
 2255 |     const float rx = 1.0f - static_cast<const float>(HALFSAMPLE);
      |                                                      ^~~~~~~~~~
make[2]: *** [modules/features2d/CMakeFiles/opencv_features2d.dir/build.make:168: modules/features2d/CMakeFiles/opencv_features2d.dir/src/brisk.cpp.o] Error 1
make[1]: *** [CMakeFiles/Makefile2:1414: modules/features2d/CMakeFiles/opencv_features2d.dir/all] Error 2
make: *** [Makefile:166: all] Error 2

+++++ results for brisk.MUT1070.cpp +++++
+++++ STDOUT +++++
[  0%] Built target opencv_videoio_plugins
[  0%] Built target opencv_dnn_plugins
[  0%] Built target opencv_highgui_plugins
[  1%] Built target ittnotify
[  4%] Built target ippiw
[ 21%] Built target libwebp
[ 35%] Built target IlmImf
[ 51%] Built target opencv_core
[ 51%] Built target opencv_version
[ 64%] Built target opencv_imgproc
[ 67%] Built target opencv_imgcodecs
[ 69%] Built target opencv_videoio
Consolidate compiler generated dependencies of target opencv_features2d
[ 70%] Built target opencv_highgui
[ 70%] Building CXX object modules/features2d/CMakeFiles/opencv_features2d.dir/src/brisk.cpp.o
[ 70%] Built target opencv_annotation
[ 71%] Built target opencv_visualisation
[ 72%] Built target opencv_ts
[ 73%] Built target opencv_test_highgui
[ 75%] Built target opencv_test_imgcodecs
[ 77%] Built target opencv_test_videoio
[ 84%] Built target opencv_test_core
[ 93%] Built target opencv_test_imgproc
[ 93%] Linking CXX shared library ../../lib/libopencv_features2d.so
[ 97%] Built target opencv_features2d
[ 97%] Linking CXX executable ../../bin/opencv_test_features2d
[100%] Built target opencv_test_features2d
[  1%] Built target opencv_dnn_plugins
[  1%] Built target opencv_videoio_plugins
[  1%] Built target ittnotify
[  1%] Built target opencv_highgui_plugins
[  4%] Built target ippiw
[ 21%] Built target libwebp
[ 35%] Built target IlmImf
[ 51%] Built target opencv_core
[ 51%] Built target opencv_version
[ 64%] Built target opencv_imgproc
[ 67%] Built target opencv_imgcodecs
Consolidate compiler generated dependencies of target opencv_features2d
[ 69%] Built target opencv_videoio
[ 69%] Building CXX object modules/features2d/CMakeFiles/opencv_features2d.dir/src/brisk.cpp.o
[ 70%] Built target opencv_highgui
[ 71%] Built target opencv_annotation
[ 71%] Built target opencv_visualisation
[ 72%] Built target opencv_ts
[ 73%] Built target opencv_test_highgui
[ 75%] Built target opencv_test_imgcodecs
[ 77%] Built target opencv_test_videoio
[ 84%] Built target opencv_test_core
[ 93%] Built target opencv_test_imgproc
[ 93%] Linking CXX shared library ../../lib/libopencv_features2d.so
[ 97%] Built target opencv_features2d
[ 97%] Linking CXX executable ../../bin/opencv_test_features2d
[100%] Built target opencv_test_features2d
Testing mutant brisk.MUT1070.cpp on faster25.swtv::core3
>> Building opencv_features2d_TF_top30
>> Applied patch to brisk.cpp with brisk.MUT1070.cpp
>> Building opencv_features2d_TF_top30
Mutant brisk.MUT1070.cpp is not killed (all tcs pass)
>> Reverted brisk.cpp to original from brisk.MUT1070.cpp

+++++ STDERR +++++
/home/yangheechan/FL-dataset-generation-opencv_features2d_TF_top30/work/opencv_features2d_TF_top30/working_env/faster25.swtv/core3/opencv_features2d_TF_top30/modules/features2d/src/brisk.cpp: In member function void cv::BriskScaleSpace::getKeypoints(int, std::vector<cv::KeyPoint>&):
/home/yangheechan/FL-dataset-generation-opencv_features2d_TF_top30/work/opencv_features2d_TF_top30/working_env/faster25.swtv/core3/opencv_features2d_TF_top30/modules/features2d/src/brisk.cpp:987:18: warning: unused variable num [-Wunused-variable]
  987 |     const size_t num = agastPoints[0].size();
      |                  ^~~

+++++ results for brisk.MUT2904.cpp +++++
+++++ STDOUT +++++
[  0%] Built target opencv_highgui_plugins
[  0%] Built target opencv_videoio_plugins
[  0%] Built target opencv_dnn_plugins
[  1%] Built target ittnotify
[  4%] Built target ippiw
[ 21%] Built target libwebp
[ 35%] Built target IlmImf
[ 51%] Built target opencv_core
[ 51%] Built target opencv_version
[ 64%] Built target opencv_imgproc
[ 67%] Built target opencv_imgcodecs
[ 69%] Built target opencv_videoio
Consolidate compiler generated dependencies of target opencv_features2d
[ 70%] Built target opencv_highgui
[ 70%] Building CXX object modules/features2d/CMakeFiles/opencv_features2d.dir/src/brisk.cpp.o
[ 70%] Built target opencv_annotation
[ 71%] Built target opencv_visualisation
[ 72%] Built target opencv_ts
[ 73%] Built target opencv_test_highgui
[ 75%] Built target opencv_test_imgcodecs
[ 77%] Built target opencv_test_videoio
[ 84%] Built target opencv_test_core
[ 93%] Built target opencv_test_imgproc
[ 93%] Linking CXX shared library ../../lib/libopencv_features2d.so
[ 97%] Built target opencv_features2d
[ 97%] Linking CXX executable ../../bin/opencv_test_features2d
[100%] Built target opencv_test_features2d
[  1%] Built target opencv_highgui_plugins
[  1%] Built target opencv_videoio_plugins
[  1%] Built target opencv_dnn_plugins
[  1%] Built target ittnotify
[  4%] Built target ippiw
[ 21%] Built target libwebp
[ 35%] Built target IlmImf
[ 51%] Built target opencv_core
[ 51%] Built target opencv_version
[ 64%] Built target opencv_imgproc
[ 67%] Built target opencv_imgcodecs
[ 69%] Built target opencv_videoio
Consolidate compiler generated dependencies of target opencv_features2d
[ 70%] Built target opencv_highgui
[ 70%] Building CXX object modules/features2d/CMakeFiles/opencv_features2d.dir/src/brisk.cpp.o
[ 70%] Built target opencv_annotation
[ 71%] Built target opencv_visualisation
[ 72%] Built target opencv_ts
[ 73%] Built target opencv_test_highgui
[ 75%] Built target opencv_test_imgcodecs
[ 77%] Built target opencv_test_videoio
[ 84%] Built target opencv_test_core
[ 93%] Built target opencv_test_imgproc
[ 93%] Linking CXX shared library ../../lib/libopencv_features2d.so
[ 97%] Built target opencv_features2d
[ 97%] Linking CXX executable ../../bin/opencv_test_features2d
[100%] Built target opencv_test_features2d
Testing mutant brisk.MUT2904.cpp on faster25.swtv::core3
>> Building opencv_features2d_TF_top30
>> Applied patch to brisk.cpp with brisk.MUT2904.cpp
>> Building opencv_features2d_TF_top30
Mutant brisk.MUT2904.cpp is not killed (all tcs pass)
>> Reverted brisk.cpp to original from brisk.MUT2904.cpp

+++++ STDERR +++++

+++++ results for brisk.MUT1852.cpp +++++
+++++ STDOUT +++++
[  1%] Built target opencv_highgui_plugins
[  1%] Built target opencv_dnn_plugins
[  1%] Built target opencv_videoio_plugins
[  1%] Built target ittnotify
[  4%] Built target ippiw
[ 21%] Built target libwebp
[ 35%] Built target IlmImf
[ 51%] Built target opencv_core
[ 51%] Built target opencv_version
[ 64%] Built target opencv_imgproc
[ 67%] Built target opencv_imgcodecs
[ 69%] Built target opencv_videoio
Consolidate compiler generated dependencies of target opencv_features2d
[ 70%] Built target opencv_highgui
[ 70%] Building CXX object modules/features2d/CMakeFiles/opencv_features2d.dir/src/brisk.cpp.o
[ 71%] Built target opencv_visualisation
[ 71%] Built target opencv_annotation
[ 72%] Built target opencv_ts
[ 73%] Built target opencv_test_highgui
[ 75%] Built target opencv_test_imgcodecs
[ 77%] Built target opencv_test_videoio
[ 84%] Built target opencv_test_core
[ 93%] Built target opencv_test_imgproc
[ 93%] Linking CXX shared library ../../lib/libopencv_features2d.so
[ 97%] Built target opencv_features2d
[ 97%] Linking CXX executable ../../bin/opencv_test_features2d
[100%] Built target opencv_test_features2d
[  0%] Built target opencv_highgui_plugins
[  0%] Built target opencv_dnn_plugins
[  0%] Built target opencv_videoio_plugins
[  1%] Built target ittnotify
[  4%] Built target ippiw
[ 21%] Built target libwebp
[ 35%] Built target IlmImf
[ 51%] Built target opencv_core
[ 51%] Built target opencv_version
[ 64%] Built target opencv_imgproc
[ 67%] Built target opencv_imgcodecs
[ 69%] Built target opencv_videoio
Consolidate compiler generated dependencies of target opencv_features2d
[ 70%] Built target opencv_highgui
[ 70%] Building CXX object modules/features2d/CMakeFiles/opencv_features2d.dir/src/brisk.cpp.o
[ 71%] Built target opencv_ts
[ 72%] Built target opencv_visualisation
[ 72%] Built target opencv_annotation
[ 73%] Built target opencv_test_imgcodecs
[ 75%] Built target opencv_test_highgui
[ 77%] Built target opencv_test_videoio
[ 88%] Built target opencv_test_imgproc
[ 93%] Built target opencv_test_core
[ 93%] Linking CXX shared library ../../lib/libopencv_features2d.so
[ 97%] Built target opencv_features2d
[ 97%] Linking CXX executable ../../bin/opencv_test_features2d
[100%] Built target opencv_test_features2d
Testing mutant brisk.MUT1852.cpp on faster25.swtv::core3
>> Building opencv_features2d_TF_top30
>> Applied patch to brisk.cpp with brisk.MUT1852.cpp
>> Building opencv_features2d_TF_top30
SELECT bug_idx FROM bug_info WHERE subject = %s AND experiment_name = %s AND version = %s ['opencv_features2d_TF_top30', 'TF_top30', 'brisk.MUT1852.cpp']
>> Saved buggy mutant brisk.MUT1852.cpp
	 - Failing test cases: 1
	 - Passing test cases: 61
	 - Crashing test cases: 0
>> Reverted brisk.cpp to original from brisk.MUT1852.cpp

+++++ STDERR +++++

+++++ results for brisk.MUT1552.cpp +++++
+++++ STDOUT +++++
[  0%] Built target opencv_highgui_plugins
[  0%] Built target opencv_dnn_plugins
[  1%] Built target ittnotify
[  1%] Built target opencv_videoio_plugins
[  4%] Built target ippiw
[ 21%] Built target libwebp
[ 35%] Built target IlmImf
[ 51%] Built target opencv_core
[ 51%] Built target opencv_version
[ 64%] Built target opencv_imgproc
[ 67%] Built target opencv_imgcodecs
[ 69%] Built target opencv_videoio
Consolidate compiler generated dependencies of target opencv_features2d
[ 70%] Built target opencv_highgui
[ 70%] Building CXX object modules/features2d/CMakeFiles/opencv_features2d.dir/src/brisk.cpp.o
[ 71%] Built target opencv_visualisation
[ 71%] Built target opencv_annotation
[ 72%] Built target opencv_ts
[ 73%] Built target opencv_test_highgui
[ 75%] Built target opencv_test_imgcodecs
[ 77%] Built target opencv_test_videoio
[ 85%] Built target opencv_test_imgproc
[ 93%] Built target opencv_test_core
[ 93%] Linking CXX shared library ../../lib/libopencv_features2d.so
[ 97%] Built target opencv_features2d
[ 97%] Linking CXX executable ../../bin/opencv_test_features2d
[100%] Built target opencv_test_features2d
[  0%] Built target opencv_videoio_plugins
[  0%] Built target opencv_highgui_plugins
[  0%] Built target opencv_dnn_plugins
[  1%] Built target ittnotify
[  4%] Built target ippiw
[ 21%] Built target libwebp
[ 35%] Built target IlmImf
[ 51%] Built target opencv_core
[ 51%] Built target opencv_version
[ 64%] Built target opencv_imgproc
[ 67%] Built target opencv_imgcodecs
[ 69%] Built target opencv_videoio
Consolidate compiler generated dependencies of target opencv_features2d
[ 70%] Built target opencv_highgui
[ 70%] Building CXX object modules/features2d/CMakeFiles/opencv_features2d.dir/src/brisk.cpp.o
[ 71%] Built target opencv_annotation
[ 71%] Built target opencv_visualisation
[ 72%] Built target opencv_ts
[ 73%] Built target opencv_test_imgcodecs
[ 75%] Built target opencv_test_highgui
[ 77%] Built target opencv_test_videoio
[ 85%] Built target opencv_test_imgproc
[ 93%] Built target opencv_test_core
[ 93%] Linking CXX shared library ../../lib/libopencv_features2d.so
[ 97%] Built target opencv_features2d
[ 97%] Linking CXX executable ../../bin/opencv_test_features2d
[100%] Built target opencv_test_features2d
Testing mutant brisk.MUT1552.cpp on faster25.swtv::core3
>> Building opencv_features2d_TF_top30
>> Applied patch to brisk.cpp with brisk.MUT1552.cpp
>> Building opencv_features2d_TF_top30
SELECT bug_idx FROM bug_info WHERE subject = %s AND experiment_name = %s AND version = %s ['opencv_features2d_TF_top30', 'TF_top30', 'brisk.MUT1552.cpp']
>> Saved buggy mutant brisk.MUT1552.cpp
	 - Failing test cases: 1
	 - Passing test cases: 61
	 - Crashing test cases: 0
>> Reverted brisk.cpp to original from brisk.MUT1552.cpp

+++++ STDERR +++++

+++++ results for brisk.MUT1612.cpp +++++
+++++ STDOUT +++++
[  0%] Built target opencv_dnn_plugins
[  0%] Built target opencv_videoio_plugins
[  1%] Built target opencv_highgui_plugins
[  1%] Built target ittnotify
[  4%] Built target ippiw
[ 21%] Built target libwebp
[ 35%] Built target IlmImf
[ 51%] Built target opencv_core
[ 51%] Built target opencv_version
[ 64%] Built target opencv_imgproc
[ 67%] Built target opencv_imgcodecs
Consolidate compiler generated dependencies of target opencv_features2d
[ 69%] Built target opencv_videoio
[ 69%] Building CXX object modules/features2d/CMakeFiles/opencv_features2d.dir/src/brisk.cpp.o
[ 70%] Built target opencv_highgui
[ 71%] Built target opencv_visualisation
[ 71%] Built target opencv_annotation
[ 72%] Built target opencv_ts
[ 73%] Built target opencv_test_highgui
[ 75%] Built target opencv_test_imgcodecs
[ 77%] Built target opencv_test_videoio
[ 84%] Built target opencv_test_core
[ 93%] Built target opencv_test_imgproc
[ 93%] Linking CXX shared library ../../lib/libopencv_features2d.so
[ 97%] Built target opencv_features2d
[ 97%] Linking CXX executable ../../bin/opencv_test_features2d
[100%] Built target opencv_test_features2d
[  0%] Built target opencv_dnn_plugins
[  0%] Built target opencv_videoio_plugins
[  1%] Built target ittnotify
[  1%] Built target opencv_highgui_plugins
[  4%] Built target ippiw
[ 21%] Built target libwebp
[ 35%] Built target IlmImf
[ 51%] Built target opencv_core
[ 51%] Built target opencv_version
[ 64%] Built target opencv_imgproc
[ 67%] Built target opencv_imgcodecs
[ 69%] Built target opencv_videoio
Consolidate compiler generated dependencies of target opencv_features2d
[ 69%] Building CXX object modules/features2d/CMakeFiles/opencv_features2d.dir/src/brisk.cpp.o
[ 70%] Built target opencv_highgui
[ 71%] Built target opencv_visualisation
[ 72%] Built target opencv_ts
[ 73%] Built target opencv_annotation
[ 73%] Built target opencv_test_imgcodecs
[ 75%] Built target opencv_test_highgui
[ 77%] Built target opencv_test_videoio
[ 84%] Built target opencv_test_core
[ 93%] Built target opencv_test_imgproc
Testing mutant brisk.MUT1612.cpp on faster25.swtv::core3
>> Building opencv_features2d_TF_top30
>> Applied patch to brisk.cpp with brisk.MUT1612.cpp
>> Building opencv_features2d_TF_top30
Failed to build on brisk.MUT1612.cpp
>> Reverted brisk.cpp to original from brisk.MUT1612.cpp

+++++ STDERR +++++
/home/yangheechan/FL-dataset-generation-opencv_features2d_TF_top30/work/opencv_features2d_TF_top30/working_env/faster25.swtv/core3/opencv_features2d_TF_top30/modules/features2d/src/brisk.cpp: In member function bool cv::BriskScaleSpace::isMax2D(int, int, int):
/home/yangheechan/FL-dataset-generation-opencv_features2d_TF_top30/work/opencv_features2d_TF_top30/working_env/faster25.swtv/core3/opencv_features2d_TF_top30/modules/features2d/src/brisk.cpp:1306:33: error: expected ) before numeric constant
 1306 |     delta.push_back((2147483647)0);
      |                    ~            ^
      |                                 )
make[2]: *** [modules/features2d/CMakeFiles/opencv_features2d.dir/build.make:168: modules/features2d/CMakeFiles/opencv_features2d.dir/src/brisk.cpp.o] Error 1
make[1]: *** [CMakeFiles/Makefile2:1414: modules/features2d/CMakeFiles/opencv_features2d.dir/all] Error 2
make: *** [Makefile:166: all] Error 2

+++++ results for brisk.MUT2297.cpp +++++
+++++ STDOUT +++++
[  0%] Built target opencv_dnn_plugins
[  1%] Built target ittnotify
[  1%] Built target opencv_videoio_plugins
[  1%] Built target opencv_highgui_plugins
[  4%] Built target ippiw
[ 21%] Built target libwebp
[ 35%] Built target IlmImf
[ 51%] Built target opencv_core
[ 51%] Built target opencv_version
[ 64%] Built target opencv_imgproc
[ 67%] Built target opencv_imgcodecs
[ 69%] Built target opencv_videoio
Consolidate compiler generated dependencies of target opencv_features2d
[ 69%] Building CXX object modules/features2d/CMakeFiles/opencv_features2d.dir/src/brisk.cpp.o
[ 70%] Built target opencv_highgui
[ 70%] Built target opencv_annotation
[ 71%] Built target opencv_visualisation
[ 72%] Built target opencv_ts
[ 75%] Built target opencv_test_highgui
[ 75%] Built target opencv_test_imgcodecs
[ 77%] Built target opencv_test_videoio
[ 84%] Built target opencv_test_core
[ 93%] Built target opencv_test_imgproc
[ 93%] Linking CXX shared library ../../lib/libopencv_features2d.so
[ 97%] Built target opencv_features2d
[ 97%] Linking CXX executable ../../bin/opencv_test_features2d
[100%] Built target opencv_test_features2d
[  0%] Built target opencv_videoio_plugins
[  0%] Built target opencv_highgui_plugins
[  0%] Built target opencv_dnn_plugins
[  1%] Built target ittnotify
[  4%] Built target ippiw
[ 21%] Built target libwebp
[ 35%] Built target IlmImf
[ 51%] Built target opencv_core
[ 51%] Built target opencv_version
[ 64%] Built target opencv_imgproc
[ 67%] Built target opencv_imgcodecs
[ 69%] Built target opencv_videoio
[ 70%] Built target opencv_highgui
Consolidate compiler generated dependencies of target opencv_features2d
[ 70%] Built target opencv_annotation
[ 71%] Built target opencv_visualisation
[ 72%] Built target opencv_ts
[ 72%] Building CXX object modules/features2d/CMakeFiles/opencv_features2d.dir/src/brisk.cpp.o
[ 73%] Built target opencv_test_highgui
[ 75%] Built target opencv_test_imgcodecs
[ 77%] Built target opencv_test_videoio
[ 84%] Built target opencv_test_core
[ 93%] Built target opencv_test_imgproc
[ 93%] Linking CXX shared library ../../lib/libopencv_features2d.so
[ 97%] Built target opencv_features2d
[ 97%] Linking CXX executable ../../bin/opencv_test_features2d
[100%] Built target opencv_test_features2d
Testing mutant brisk.MUT2297.cpp on faster25.swtv::core3
>> Building opencv_features2d_TF_top30
>> Applied patch to brisk.cpp with brisk.MUT2297.cpp
>> Building opencv_features2d_TF_top30
SELECT bug_idx FROM bug_info WHERE subject = %s AND experiment_name = %s AND version = %s ['opencv_features2d_TF_top30', 'TF_top30', 'brisk.MUT2297.cpp']
>> Saved buggy mutant brisk.MUT2297.cpp
	 - Failing test cases: 1
	 - Passing test cases: 61
	 - Crashing test cases: 0
>> Reverted brisk.cpp to original from brisk.MUT2297.cpp

+++++ STDERR +++++

+++++ results for brisk.MUT347.cpp +++++
+++++ STDOUT +++++
[  0%] Built target opencv_videoio_plugins
[  0%] Built target opencv_dnn_plugins
[  0%] Built target opencv_highgui_plugins
[  3%] Built target ippiw
[  4%] Built target ittnotify
[ 21%] Built target libwebp
[ 35%] Built target IlmImf
[ 51%] Built target opencv_core
[ 51%] Built target opencv_version
[ 64%] Built target opencv_imgproc
[ 67%] Built target opencv_imgcodecs
[ 69%] Built target opencv_videoio
Consolidate compiler generated dependencies of target opencv_features2d
[ 70%] Built target opencv_highgui
[ 70%] Building CXX object modules/features2d/CMakeFiles/opencv_features2d.dir/src/brisk.cpp.o
[ 70%] Built target opencv_annotation
[ 71%] Built target opencv_visualisation
[ 72%] Built target opencv_ts
[ 73%] Built target opencv_test_imgcodecs
[ 75%] Built target opencv_test_highgui
[ 77%] Built target opencv_test_videoio
[ 84%] Built target opencv_test_core
[ 93%] Built target opencv_test_imgproc
[ 93%] Linking CXX shared library ../../lib/libopencv_features2d.so
[ 97%] Built target opencv_features2d
[ 97%] Linking CXX executable ../../bin/opencv_test_features2d
[100%] Built target opencv_test_features2d
[  0%] Built target opencv_highgui_plugins
[  0%] Built target opencv_dnn_plugins
[  0%] Built target opencv_videoio_plugins
[  1%] Built target ittnotify
[  4%] Built target ippiw
[ 21%] Built target libwebp
[ 35%] Built target IlmImf
[ 51%] Built target opencv_core
[ 51%] Built target opencv_version
[ 64%] Built target opencv_imgproc
[ 67%] Built target opencv_imgcodecs
[ 69%] Built target opencv_videoio
Consolidate compiler generated dependencies of target opencv_features2d
[ 70%] Built target opencv_highgui
[ 70%] Building CXX object modules/features2d/CMakeFiles/opencv_features2d.dir/src/brisk.cpp.o
[ 70%] Built target opencv_annotation
[ 71%] Built target opencv_visualisation
[ 72%] Built target opencv_ts
[ 73%] Built target opencv_test_highgui
[ 75%] Built target opencv_test_imgcodecs
[ 77%] Built target opencv_test_videoio
[ 84%] Built target opencv_test_core
[ 93%] Built target opencv_test_imgproc
[ 93%] Linking CXX shared library ../../lib/libopencv_features2d.so
[ 97%] Built target opencv_features2d
[ 97%] Linking CXX executable ../../bin/opencv_test_features2d
[100%] Built target opencv_test_features2d
Testing mutant brisk.MUT347.cpp on faster25.swtv::core3
>> Building opencv_features2d_TF_top30
>> Applied patch to brisk.cpp with brisk.MUT347.cpp
>> Building opencv_features2d_TF_top30
SELECT bug_idx FROM bug_info WHERE subject = %s AND experiment_name = %s AND version = %s ['opencv_features2d_TF_top30', 'TF_top30', 'brisk.MUT347.cpp']
>> Saved buggy mutant brisk.MUT347.cpp
	 - Failing test cases: 6
	 - Passing test cases: 56
	 - Crashing test cases: 0
>> Reverted brisk.cpp to original from brisk.MUT347.cpp

+++++ STDERR +++++

+++++ results for brisk.MUT376.cpp +++++
+++++ STDOUT +++++
[  0%] Built target opencv_dnn_plugins
[  0%] Built target opencv_highgui_plugins
[  0%] Built target opencv_videoio_plugins
[  1%] Built target ittnotify
[  4%] Built target ippiw
[ 21%] Built target libwebp
[ 35%] Built target IlmImf
[ 51%] Built target opencv_core
[ 51%] Built target opencv_version
[ 64%] Built target opencv_imgproc
[ 67%] Built target opencv_imgcodecs
[ 69%] Built target opencv_videoio
Consolidate compiler generated dependencies of target opencv_features2d
[ 70%] Built target opencv_highgui
[ 70%] Building CXX object modules/features2d/CMakeFiles/opencv_features2d.dir/src/brisk.cpp.o
[ 70%] Built target opencv_annotation
[ 71%] Built target opencv_visualisation
[ 72%] Built target opencv_ts
[ 75%] Built target opencv_test_imgcodecs
[ 75%] Built target opencv_test_highgui
[ 77%] Built target opencv_test_videoio
[ 84%] Built target opencv_test_core
[ 93%] Built target opencv_test_imgproc
[ 93%] Linking CXX shared library ../../lib/libopencv_features2d.so
[ 97%] Built target opencv_features2d
[ 97%] Linking CXX executable ../../bin/opencv_test_features2d
[100%] Built target opencv_test_features2d
[  0%] Built target opencv_dnn_plugins
[  0%] Built target opencv_highgui_plugins
[  0%] Built target opencv_videoio_plugins
[  3%] Built target ippiw
[  4%] Built target ittnotify
[ 21%] Built target libwebp
[ 35%] Built target IlmImf
[ 51%] Built target opencv_core
[ 51%] Built target opencv_version
[ 64%] Built target opencv_imgproc
[ 67%] Built target opencv_imgcodecs
[ 69%] Built target opencv_videoio
Consolidate compiler generated dependencies of target opencv_features2d
[ 70%] Built target opencv_highgui
[ 70%] Building CXX object modules/features2d/CMakeFiles/opencv_features2d.dir/src/brisk.cpp.o
[ 71%] Built target opencv_annotation
[ 71%] Built target opencv_visualisation
[ 72%] Built target opencv_ts
[ 75%] Built target opencv_test_highgui
[ 75%] Built target opencv_test_imgcodecs
[ 77%] Built target opencv_test_videoio
[ 84%] Built target opencv_test_core
[ 93%] Built target opencv_test_imgproc
[ 93%] Linking CXX shared library ../../lib/libopencv_features2d.so
[ 97%] Built target opencv_features2d
[ 97%] Linking CXX executable ../../bin/opencv_test_features2d
[100%] Built target opencv_test_features2d
Testing mutant brisk.MUT376.cpp on faster25.swtv::core3
>> Building opencv_features2d_TF_top30
>> Applied patch to brisk.cpp with brisk.MUT376.cpp
>> Building opencv_features2d_TF_top30
SELECT bug_idx FROM bug_info WHERE subject = %s AND experiment_name = %s AND version = %s ['opencv_features2d_TF_top30', 'TF_top30', 'brisk.MUT376.cpp']
>> Saved buggy mutant brisk.MUT376.cpp
	 - Failing test cases: 2
	 - Passing test cases: 60
	 - Crashing test cases: 0
>> Reverted brisk.cpp to original from brisk.MUT376.cpp

+++++ STDERR +++++

+++++ results for brisk.MUT3475.cpp +++++
+++++ STDOUT +++++
[  0%] Built target opencv_highgui_plugins
[  1%] Built target opencv_dnn_plugins
[  1%] Built target ittnotify
[  1%] Built target opencv_videoio_plugins
[  4%] Built target ippiw
[ 21%] Built target libwebp
[ 35%] Built target IlmImf
[ 51%] Built target opencv_core
[ 51%] Built target opencv_version
[ 64%] Built target opencv_imgproc
[ 67%] Built target opencv_imgcodecs
[ 69%] Built target opencv_videoio
Consolidate compiler generated dependencies of target opencv_features2d
[ 69%] Building CXX object modules/features2d/CMakeFiles/opencv_features2d.dir/src/brisk.cpp.o
[ 70%] Built target opencv_highgui
[ 70%] Built target opencv_annotation
[ 71%] Built target opencv_visualisation
[ 72%] Built target opencv_ts
[ 73%] Built target opencv_test_highgui
[ 75%] Built target opencv_test_imgcodecs
[ 77%] Built target opencv_test_videoio
[ 84%] Built target opencv_test_core
[ 93%] Built target opencv_test_imgproc
[ 93%] Linking CXX shared library ../../lib/libopencv_features2d.so
[ 97%] Built target opencv_features2d
[ 97%] Linking CXX executable ../../bin/opencv_test_features2d
[100%] Built target opencv_test_features2d
[  0%] Built target opencv_highgui_plugins
[  0%] Built target opencv_dnn_plugins
[  1%] Built target opencv_videoio_plugins
[  3%] Built target ippiw
[  4%] Built target ittnotify
[ 21%] Built target libwebp
[ 35%] Built target IlmImf
[ 51%] Built target opencv_core
[ 51%] Built target opencv_version
[ 64%] Built target opencv_imgproc
[ 67%] Built target opencv_imgcodecs
[ 69%] Built target opencv_videoio
Consolidate compiler generated dependencies of target opencv_features2d
[ 70%] Built target opencv_highgui
[ 70%] Building CXX object modules/features2d/CMakeFiles/opencv_features2d.dir/src/brisk.cpp.o
[ 71%] Built target opencv_visualisation
[ 71%] Built target opencv_annotation
[ 72%] Built target opencv_ts
[ 73%] Built target opencv_test_highgui
[ 75%] Built target opencv_test_imgcodecs
[ 77%] Built target opencv_test_videoio
[ 84%] Built target opencv_test_core
[ 93%] Built target opencv_test_imgproc
[ 93%] Linking CXX shared library ../../lib/libopencv_features2d.so
[ 97%] Built target opencv_features2d
[ 97%] Linking CXX executable ../../bin/opencv_test_features2d
[100%] Built target opencv_test_features2d
Testing mutant brisk.MUT3475.cpp on faster25.swtv::core3
>> Building opencv_features2d_TF_top30
>> Applied patch to brisk.cpp with brisk.MUT3475.cpp
>> Building opencv_features2d_TF_top30
Mutant brisk.MUT3475.cpp is not killed (all tcs pass)
>> Reverted brisk.cpp to original from brisk.MUT3475.cpp

+++++ STDERR +++++

+++++ results for brisk.MUT3348.cpp +++++
+++++ STDOUT +++++
[  0%] Built target opencv_highgui_plugins
[  0%] Built target opencv_dnn_plugins
[  0%] Built target opencv_videoio_plugins
[  1%] Built target ittnotify
[  4%] Built target ippiw
[ 21%] Built target libwebp
[ 35%] Built target IlmImf
[ 51%] Built target opencv_core
[ 51%] Built target opencv_version
[ 64%] Built target opencv_imgproc
[ 67%] Built target opencv_imgcodecs
[ 69%] Built target opencv_videoio
Consolidate compiler generated dependencies of target opencv_features2d
[ 70%] Built target opencv_highgui
[ 70%] Building CXX object modules/features2d/CMakeFiles/opencv_features2d.dir/src/brisk.cpp.o
[ 70%] Built target opencv_annotation
[ 71%] Built target opencv_visualisation
[ 72%] Built target opencv_ts
[ 73%] Built target opencv_test_highgui
[ 75%] Built target opencv_test_imgcodecs
[ 77%] Built target opencv_test_videoio
[ 84%] Built target opencv_test_core
[ 93%] Built target opencv_test_imgproc
[ 93%] Linking CXX shared library ../../lib/libopencv_features2d.so
[ 97%] Built target opencv_features2d
[ 97%] Linking CXX executable ../../bin/opencv_test_features2d
[100%] Built target opencv_test_features2d
[  0%] Built target opencv_dnn_plugins
[  1%] Built target ittnotify
[  1%] Built target opencv_highgui_plugins
[  1%] Built target opencv_videoio_plugins
[  4%] Built target ippiw
[ 21%] Built target libwebp
[ 35%] Built target IlmImf
[ 51%] Built target opencv_core
[ 51%] Built target opencv_version
[ 64%] Built target opencv_imgproc
[ 67%] Built target opencv_imgcodecs
[ 69%] Built target opencv_videoio
Consolidate compiler generated dependencies of target opencv_features2d
[ 69%] Building CXX object modules/features2d/CMakeFiles/opencv_features2d.dir/src/brisk.cpp.o
[ 70%] Built target opencv_highgui
[ 70%] Built target opencv_annotation
[ 71%] Built target opencv_visualisation
[ 72%] Built target opencv_ts
[ 73%] Built target opencv_test_highgui
[ 75%] Built target opencv_test_imgcodecs
[ 77%] Built target opencv_test_videoio
[ 84%] Built target opencv_test_core
[ 93%] Built target opencv_test_imgproc
[ 93%] Linking CXX shared library ../../lib/libopencv_features2d.so
[ 97%] Built target opencv_features2d
[ 97%] Linking CXX executable ../../bin/opencv_test_features2d
[100%] Built target opencv_test_features2d
Testing mutant brisk.MUT3348.cpp on faster25.swtv::core3
>> Building opencv_features2d_TF_top30
>> Applied patch to brisk.cpp with brisk.MUT3348.cpp
>> Building opencv_features2d_TF_top30
Mutant brisk.MUT3348.cpp is not killed (all tcs pass)
>> Reverted brisk.cpp to original from brisk.MUT3348.cpp

+++++ STDERR +++++

+++++ results for brisk.MUT1632.cpp +++++
+++++ STDOUT +++++
[  0%] Built target opencv_dnn_plugins
[  1%] Built target ittnotify
[  2%] Built target opencv_highgui_plugins
[  4%] Built target ippiw
[  4%] Built target opencv_videoio_plugins
[ 21%] Built target libwebp
[ 35%] Built target IlmImf
[ 51%] Built target opencv_core
[ 51%] Built target opencv_version
[ 64%] Built target opencv_imgproc
[ 67%] Built target opencv_imgcodecs
[ 69%] Built target opencv_videoio
Consolidate compiler generated dependencies of target opencv_features2d
[ 70%] Built target opencv_highgui
[ 70%] Building CXX object modules/features2d/CMakeFiles/opencv_features2d.dir/src/brisk.cpp.o
[ 71%] Built target opencv_annotation
[ 71%] Built target opencv_visualisation
[ 72%] Built target opencv_ts
[ 73%] Built target opencv_test_imgcodecs
[ 75%] Built target opencv_test_highgui
[ 77%] Built target opencv_test_videoio
[ 84%] Built target opencv_test_core
[ 93%] Built target opencv_test_imgproc
[ 93%] Linking CXX shared library ../../lib/libopencv_features2d.so
[ 97%] Built target opencv_features2d
[ 97%] Linking CXX executable ../../bin/opencv_test_features2d
[100%] Built target opencv_test_features2d
[  1%] Built target ittnotify
[  1%] Built target opencv_highgui_plugins
[  1%] Built target opencv_videoio_plugins
[  1%] Built target opencv_dnn_plugins
[  4%] Built target ippiw
[ 21%] Built target libwebp
[ 35%] Built target IlmImf
[ 51%] Built target opencv_core
[ 51%] Built target opencv_version
[ 64%] Built target opencv_imgproc
[ 67%] Built target opencv_imgcodecs
[ 69%] Built target opencv_videoio
Consolidate compiler generated dependencies of target opencv_features2d
[ 70%] Building CXX object modules/features2d/CMakeFiles/opencv_features2d.dir/src/brisk.cpp.o
[ 70%] Built target opencv_highgui
[ 71%] Built target opencv_annotation
[ 71%] Built target opencv_visualisation
[ 72%] Built target opencv_ts
[ 73%] Built target opencv_test_highgui
[ 75%] Built target opencv_test_imgcodecs
[ 77%] Built target opencv_test_videoio
[ 84%] Built target opencv_test_core
[ 93%] Built target opencv_test_imgproc
[ 93%] Linking CXX shared library ../../lib/libopencv_features2d.so
[ 97%] Built target opencv_features2d
[ 97%] Linking CXX executable ../../bin/opencv_test_features2d
[100%] Built target opencv_test_features2d
Testing mutant brisk.MUT1632.cpp on faster25.swtv::core3
>> Building opencv_features2d_TF_top30
>> Applied patch to brisk.cpp with brisk.MUT1632.cpp
>> Building opencv_features2d_TF_top30
SELECT bug_idx FROM bug_info WHERE subject = %s AND experiment_name = %s AND version = %s ['opencv_features2d_TF_top30', 'TF_top30', 'brisk.MUT1632.cpp']
>> Saved buggy mutant brisk.MUT1632.cpp
	 - Failing test cases: 1
	 - Passing test cases: 61
	 - Crashing test cases: 0
>> Reverted brisk.cpp to original from brisk.MUT1632.cpp

+++++ STDERR +++++

+++++ results for brisk.MUT699.cpp +++++
+++++ STDOUT +++++
[  0%] Built target opencv_highgui_plugins
[  0%] Built target opencv_videoio_plugins
[  1%] Built target opencv_dnn_plugins
[  1%] Built target ittnotify
[  4%] Built target ippiw
[ 21%] Built target libwebp
[ 35%] Built target IlmImf
[ 51%] Built target opencv_core
[ 51%] Built target opencv_version
[ 64%] Built target opencv_imgproc
[ 67%] Built target opencv_imgcodecs
[ 69%] Built target opencv_videoio
Consolidate compiler generated dependencies of target opencv_features2d
[ 70%] Built target opencv_highgui
[ 70%] Building CXX object modules/features2d/CMakeFiles/opencv_features2d.dir/src/brisk.cpp.o
[ 70%] Built target opencv_annotation
[ 71%] Built target opencv_visualisation
[ 72%] Built target opencv_ts
[ 73%] Built target opencv_test_highgui
[ 75%] Built target opencv_test_imgcodecs
[ 77%] Built target opencv_test_videoio
[ 84%] Built target opencv_test_core
[ 93%] Built target opencv_test_imgproc
[ 93%] Linking CXX shared library ../../lib/libopencv_features2d.so
[ 97%] Built target opencv_features2d
[ 97%] Linking CXX executable ../../bin/opencv_test_features2d
[100%] Built target opencv_test_features2d
[  0%] Built target opencv_highgui_plugins
[  0%] Built target opencv_dnn_plugins
[  1%] Built target opencv_videoio_plugins
[  3%] Built target ippiw
[  4%] Built target ittnotify
[ 21%] Built target libwebp
[ 35%] Built target IlmImf
[ 51%] Built target opencv_core
[ 51%] Built target opencv_version
[ 64%] Built target opencv_imgproc
[ 67%] Built target opencv_imgcodecs
[ 69%] Built target opencv_videoio
Consolidate compiler generated dependencies of target opencv_features2d
[ 70%] Built target opencv_highgui
[ 70%] Building CXX object modules/features2d/CMakeFiles/opencv_features2d.dir/src/brisk.cpp.o
[ 70%] Built target opencv_annotation
[ 71%] Built target opencv_visualisation
[ 72%] Built target opencv_ts
[ 73%] Built target opencv_test_imgcodecs
[ 75%] Built target opencv_test_highgui
[ 77%] Built target opencv_test_videoio
[ 84%] Built target opencv_test_core
[ 93%] Built target opencv_test_imgproc
[ 93%] Linking CXX shared library ../../lib/libopencv_features2d.so
[ 97%] Built target opencv_features2d
[ 97%] Linking CXX executable ../../bin/opencv_test_features2d
[100%] Built target opencv_test_features2d
Testing mutant brisk.MUT699.cpp on faster25.swtv::core3
>> Building opencv_features2d_TF_top30
>> Applied patch to brisk.cpp with brisk.MUT699.cpp
>> Building opencv_features2d_TF_top30
Mutant brisk.MUT699.cpp is not killed (all tcs pass)
>> Reverted brisk.cpp to original from brisk.MUT699.cpp

+++++ STDERR +++++
/home/yangheechan/FL-dataset-generation-opencv_features2d_TF_top30/work/opencv_features2d_TF_top30/working_env/faster25.swtv/core3/opencv_features2d_TF_top30/modules/features2d/src/brisk.cpp: In member function int cv::BRISK_Impl::smoothedIntensity(const cv::Mat&, const cv::Mat&, float, float, unsigned int, unsigned int, unsigned int) const:
/home/yangheechan/FL-dataset-generation-opencv_features2d_TF_top30/work/opencv_features2d_TF_top30/working_env/faster25.swtv/core3/opencv_features2d_TF_top30/modules/features2d/src/brisk.cpp:687:30: warning: type qualifiers ignored on cast result type [-Wignored-qualifiers]
  687 |     ret_val += r_x_1_i * int(static_cast<const unsigned char>((*ptr+1)));
      |                              ^~~~~~~~~~~~~~~~~~~~~~~~~~~~~~~~~~~~~~~~~~

+++++ results for brisk.MUT1310.cpp +++++
+++++ STDOUT +++++
[  0%] Built target opencv_videoio_plugins
[  0%] Built target opencv_highgui_plugins
[  2%] Built target opencv_dnn_plugins
[  3%] Built target ippiw
[  4%] Built target ittnotify
[ 21%] Built target libwebp
[ 35%] Built target IlmImf
[ 51%] Built target opencv_core
[ 51%] Built target opencv_version
[ 64%] Built target opencv_imgproc
[ 67%] Built target opencv_imgcodecs
Consolidate compiler generated dependencies of target opencv_features2d
[ 69%] Built target opencv_videoio
[ 69%] Building CXX object modules/features2d/CMakeFiles/opencv_features2d.dir/src/brisk.cpp.o
[ 70%] Built target opencv_highgui
[ 70%] Built target opencv_annotation
[ 71%] Built target opencv_visualisation
[ 72%] Built target opencv_ts
[ 73%] Built target opencv_test_highgui
[ 75%] Built target opencv_test_imgcodecs
[ 77%] Built target opencv_test_videoio
[ 84%] Built target opencv_test_core
[ 93%] Built target opencv_test_imgproc
[ 93%] Linking CXX shared library ../../lib/libopencv_features2d.so
[ 97%] Built target opencv_features2d
[ 97%] Linking CXX executable ../../bin/opencv_test_features2d
[100%] Built target opencv_test_features2d
[  0%] Built target opencv_videoio_plugins
[  0%] Built target opencv_highgui_plugins
[  1%] Built target ittnotify
[  1%] Built target opencv_dnn_plugins
[  4%] Built target ippiw
[ 21%] Built target libwebp
[ 35%] Built target IlmImf
[ 51%] Built target opencv_core
[ 51%] Built target opencv_version
[ 64%] Built target opencv_imgproc
[ 67%] Built target opencv_imgcodecs
[ 69%] Built target opencv_videoio
Consolidate compiler generated dependencies of target opencv_features2d
[ 69%] Building CXX object modules/features2d/CMakeFiles/opencv_features2d.dir/src/brisk.cpp.o
[ 70%] Built target opencv_highgui
[ 70%] Built target opencv_annotation
[ 71%] Built target opencv_visualisation
[ 72%] Built target opencv_ts
[ 73%] Built target opencv_test_highgui
[ 75%] Built target opencv_test_imgcodecs
[ 77%] Built target opencv_test_videoio
[ 84%] Built target opencv_test_core
[ 93%] Built target opencv_test_imgproc
[ 93%] Linking CXX shared library ../../lib/libopencv_features2d.so
[ 97%] Built target opencv_features2d
[ 97%] Linking CXX executable ../../bin/opencv_test_features2d
[100%] Built target opencv_test_features2d
Testing mutant brisk.MUT1310.cpp on faster25.swtv::core3
>> Building opencv_features2d_TF_top30
>> Applied patch to brisk.cpp with brisk.MUT1310.cpp
>> Building opencv_features2d_TF_top30
Mutant brisk.MUT1310.cpp is not killed (all tcs pass)
>> Reverted brisk.cpp to original from brisk.MUT1310.cpp

+++++ STDERR +++++

+++++ results for brisk.MUT2633.cpp +++++
+++++ STDOUT +++++
[  0%] Built target opencv_dnn_plugins
[  0%] Built target opencv_highgui_plugins
[  0%] Built target opencv_videoio_plugins
[  3%] Built target ippiw
[  4%] Built target ittnotify
[ 21%] Built target libwebp
[ 35%] Built target IlmImf
[ 51%] Built target opencv_core
[ 51%] Built target opencv_version
[ 64%] Built target opencv_imgproc
[ 67%] Built target opencv_imgcodecs
[ 69%] Built target opencv_videoio
Consolidate compiler generated dependencies of target opencv_features2d
[ 70%] Built target opencv_highgui
[ 70%] Building CXX object modules/features2d/CMakeFiles/opencv_features2d.dir/src/brisk.cpp.o
[ 71%] Built target opencv_visualisation
[ 71%] Built target opencv_annotation
[ 72%] Built target opencv_ts
[ 73%] Built target opencv_test_highgui
[ 75%] Built target opencv_test_imgcodecs
[ 77%] Built target opencv_test_videoio
[ 84%] Built target opencv_test_core
[ 93%] Built target opencv_test_imgproc
[ 93%] Linking CXX shared library ../../lib/libopencv_features2d.so
[ 97%] Built target opencv_features2d
[ 97%] Linking CXX executable ../../bin/opencv_test_features2d
[100%] Built target opencv_test_features2d
[  0%] Built target opencv_videoio_plugins
[  1%] Built target opencv_highgui_plugins
[  1%] Built target opencv_dnn_plugins
[  1%] Built target ittnotify
[  4%] Built target ippiw
[ 21%] Built target libwebp
[ 35%] Built target IlmImf
[ 51%] Built target opencv_core
[ 51%] Built target opencv_version
[ 64%] Built target opencv_imgproc
[ 67%] Built target opencv_imgcodecs
[ 69%] Built target opencv_videoio
Consolidate compiler generated dependencies of target opencv_features2d
[ 69%] Building CXX object modules/features2d/CMakeFiles/opencv_features2d.dir/src/brisk.cpp.o
[ 70%] Built target opencv_highgui
[ 70%] Built target opencv_annotation
[ 71%] Built target opencv_visualisation
[ 72%] Built target opencv_ts
[ 73%] Built target opencv_test_highgui
[ 75%] Built target opencv_test_imgcodecs
[ 77%] Built target opencv_test_videoio
[ 84%] Built target opencv_test_core
[ 93%] Built target opencv_test_imgproc
[ 93%] Linking CXX shared library ../../lib/libopencv_features2d.so
[ 97%] Built target opencv_features2d
[ 97%] Linking CXX executable ../../bin/opencv_test_features2d
[100%] Built target opencv_test_features2d
Testing mutant brisk.MUT2633.cpp on faster25.swtv::core3
>> Building opencv_features2d_TF_top30
>> Applied patch to brisk.cpp with brisk.MUT2633.cpp
>> Building opencv_features2d_TF_top30
Mutant brisk.MUT2633.cpp is not killed (all tcs pass)
>> Reverted brisk.cpp to original from brisk.MUT2633.cpp

+++++ STDERR +++++

+++++ results for brisk.MUT2636.cpp +++++
+++++ STDOUT +++++
[  0%] Built target opencv_dnn_plugins
[  1%] Built target ittnotify
[  1%] Built target opencv_videoio_plugins
[  1%] Built target opencv_highgui_plugins
[  4%] Built target ippiw
[ 21%] Built target libwebp
[ 35%] Built target IlmImf
[ 51%] Built target opencv_core
[ 51%] Built target opencv_version
[ 64%] Built target opencv_imgproc
[ 67%] Built target opencv_imgcodecs
Consolidate compiler generated dependencies of target opencv_features2d
[ 69%] Built target opencv_videoio
[ 69%] Building CXX object modules/features2d/CMakeFiles/opencv_features2d.dir/src/brisk.cpp.o
[ 70%] Built target opencv_highgui
[ 71%] Built target opencv_visualisation
[ 71%] Built target opencv_annotation
[ 72%] Built target opencv_ts
[ 73%] Built target opencv_test_imgcodecs
[ 75%] Built target opencv_test_highgui
[ 77%] Built target opencv_test_videoio
[ 84%] Built target opencv_test_core
[ 93%] Built target opencv_test_imgproc
[ 93%] Linking CXX shared library ../../lib/libopencv_features2d.so
[ 97%] Built target opencv_features2d
[ 97%] Linking CXX executable ../../bin/opencv_test_features2d
[100%] Built target opencv_test_features2d
[  0%] Built target opencv_dnn_plugins
[  0%] Built target opencv_videoio_plugins
[  0%] Built target opencv_highgui_plugins
[  3%] Built target ippiw
[  4%] Built target ittnotify
[ 21%] Built target libwebp
[ 35%] Built target IlmImf
[ 51%] Built target opencv_core
[ 51%] Built target opencv_version
[ 64%] Built target opencv_imgproc
[ 67%] Built target opencv_imgcodecs
[ 69%] Built target opencv_videoio
Consolidate compiler generated dependencies of target opencv_features2d
[ 69%] Building CXX object modules/features2d/CMakeFiles/opencv_features2d.dir/src/brisk.cpp.o
[ 70%] Built target opencv_highgui
[ 71%] Built target opencv_annotation
[ 71%] Built target opencv_visualisation
[ 72%] Built target opencv_ts
[ 73%] Built target opencv_test_imgcodecs
[ 75%] Built target opencv_test_highgui
[ 77%] Built target opencv_test_videoio
[ 84%] Built target opencv_test_core
[ 93%] Built target opencv_test_imgproc
[ 93%] Linking CXX shared library ../../lib/libopencv_features2d.so
[ 97%] Built target opencv_features2d
[ 97%] Linking CXX executable ../../bin/opencv_test_features2d
[100%] Built target opencv_test_features2d
Testing mutant brisk.MUT2636.cpp on faster25.swtv::core3
>> Building opencv_features2d_TF_top30
>> Applied patch to brisk.cpp with brisk.MUT2636.cpp
>> Building opencv_features2d_TF_top30
Mutant brisk.MUT2636.cpp is not killed (all tcs pass)
>> Reverted brisk.cpp to original from brisk.MUT2636.cpp

+++++ STDERR +++++

+++++ results for brisk.MUT2136.cpp +++++
+++++ STDOUT +++++
[  0%] Built target opencv_videoio_plugins
[  0%] Built target opencv_highgui_plugins
[  1%] Built target ittnotify
[  1%] Built target opencv_dnn_plugins
[  4%] Built target ippiw
[ 21%] Built target libwebp
[ 35%] Built target IlmImf
[ 51%] Built target opencv_core
[ 51%] Built target opencv_version
[ 64%] Built target opencv_imgproc
[ 67%] Built target opencv_imgcodecs
Consolidate compiler generated dependencies of target opencv_features2d
[ 69%] Built target opencv_videoio
[ 69%] Building CXX object modules/features2d/CMakeFiles/opencv_features2d.dir/src/brisk.cpp.o
[ 70%] Built target opencv_highgui
[ 70%] Built target opencv_annotation
[ 71%] Built target opencv_visualisation
[ 72%] Built target opencv_ts
[ 73%] Built target opencv_test_highgui
[ 75%] Built target opencv_test_imgcodecs
[ 77%] Built target opencv_test_videoio
[ 84%] Built target opencv_test_core
[ 93%] Built target opencv_test_imgproc
[ 93%] Linking CXX shared library ../../lib/libopencv_features2d.so
[ 97%] Built target opencv_features2d
[ 97%] Linking CXX executable ../../bin/opencv_test_features2d
[100%] Built target opencv_test_features2d
[  0%] Built target opencv_videoio_plugins
[  0%] Built target opencv_dnn_plugins
[  1%] Built target opencv_highgui_plugins
[  1%] Built target ittnotify
[  4%] Built target ippiw
[ 21%] Built target libwebp
[ 35%] Built target IlmImf
[ 51%] Built target opencv_core
[ 51%] Built target opencv_version
[ 64%] Built target opencv_imgproc
[ 67%] Built target opencv_imgcodecs
[ 69%] Built target opencv_videoio
Consolidate compiler generated dependencies of target opencv_features2d
[ 69%] Building CXX object modules/features2d/CMakeFiles/opencv_features2d.dir/src/brisk.cpp.o
[ 70%] Built target opencv_highgui
[ 71%] Built target opencv_visualisation
[ 71%] Built target opencv_annotation
[ 72%] Built target opencv_ts
[ 73%] Built target opencv_test_imgcodecs
[ 75%] Built target opencv_test_highgui
[ 77%] Built target opencv_test_videoio
[ 84%] Built target opencv_test_core
[ 93%] Built target opencv_test_imgproc
[ 93%] Linking CXX shared library ../../lib/libopencv_features2d.so
[ 97%] Built target opencv_features2d
[ 97%] Linking CXX executable ../../bin/opencv_test_features2d
[100%] Built target opencv_test_features2d
Testing mutant brisk.MUT2136.cpp on faster25.swtv::core3
>> Building opencv_features2d_TF_top30
>> Applied patch to brisk.cpp with brisk.MUT2136.cpp
>> Building opencv_features2d_TF_top30
SELECT bug_idx FROM bug_info WHERE subject = %s AND experiment_name = %s AND version = %s ['opencv_features2d_TF_top30', 'TF_top30', 'brisk.MUT2136.cpp']
>> Saved buggy mutant brisk.MUT2136.cpp
	 - Failing test cases: 1
	 - Passing test cases: 61
	 - Crashing test cases: 0
>> Reverted brisk.cpp to original from brisk.MUT2136.cpp

+++++ STDERR +++++

+++++ results for brisk.MUT3295.cpp +++++
+++++ STDOUT +++++
[  0%] Built target opencv_highgui_plugins
[  0%] Built target opencv_videoio_plugins
[  1%] Built target ittnotify
[  1%] Built target opencv_dnn_plugins
[  4%] Built target ippiw
[ 21%] Built target libwebp
[ 35%] Built target IlmImf
[ 51%] Built target opencv_core
[ 51%] Built target opencv_version
[ 64%] Built target opencv_imgproc
[ 67%] Built target opencv_imgcodecs
[ 69%] Built target opencv_videoio
Consolidate compiler generated dependencies of target opencv_features2d
[ 70%] Built target opencv_highgui
[ 70%] Building CXX object modules/features2d/CMakeFiles/opencv_features2d.dir/src/brisk.cpp.o
[ 70%] Built target opencv_annotation
[ 71%] Built target opencv_visualisation
[ 72%] Built target opencv_ts
[ 73%] Built target opencv_test_imgcodecs
[ 75%] Built target opencv_test_highgui
[ 77%] Built target opencv_test_videoio
[ 84%] Built target opencv_test_core
[ 93%] Built target opencv_test_imgproc
[ 93%] Linking CXX shared library ../../lib/libopencv_features2d.so
[ 97%] Built target opencv_features2d
[ 97%] Linking CXX executable ../../bin/opencv_test_features2d
[100%] Built target opencv_test_features2d
[  0%] Built target opencv_dnn_plugins
[  0%] Built target opencv_highgui_plugins
[  3%] Built target ippiw
[  4%] Built target ittnotify
[  4%] Built target opencv_videoio_plugins
[ 21%] Built target libwebp
[ 35%] Built target IlmImf
[ 51%] Built target opencv_core
[ 51%] Built target opencv_version
[ 64%] Built target opencv_imgproc
[ 67%] Built target opencv_imgcodecs
[ 69%] Built target opencv_videoio
[ 70%] Built target opencv_highgui
Consolidate compiler generated dependencies of target opencv_features2d
[ 71%] Built target opencv_visualisation
[ 71%] Built target opencv_annotation
[ 72%] Built target opencv_ts
[ 72%] Building CXX object modules/features2d/CMakeFiles/opencv_features2d.dir/src/brisk.cpp.o
[ 73%] Built target opencv_test_highgui
[ 75%] Built target opencv_test_imgcodecs
[ 77%] Built target opencv_test_videoio
[ 84%] Built target opencv_test_core
[ 93%] Built target opencv_test_imgproc
[ 93%] Linking CXX shared library ../../lib/libopencv_features2d.so
[ 97%] Built target opencv_features2d
[ 97%] Linking CXX executable ../../bin/opencv_test_features2d
[100%] Built target opencv_test_features2d
Testing mutant brisk.MUT3295.cpp on faster25.swtv::core3
>> Building opencv_features2d_TF_top30
>> Applied patch to brisk.cpp with brisk.MUT3295.cpp
>> Building opencv_features2d_TF_top30
Mutant brisk.MUT3295.cpp is not killed (all tcs pass)
>> Reverted brisk.cpp to original from brisk.MUT3295.cpp

+++++ STDERR +++++
/home/yangheechan/FL-dataset-generation-opencv_features2d_TF_top30/work/opencv_features2d_TF_top30/working_env/faster25.swtv/core3/opencv_features2d_TF_top30/modules/features2d/src/brisk.cpp: In member function int cv::BriskLayer::value(const cv::Mat&, float, float, float) const:
/home/yangheechan/FL-dataset-generation-opencv_features2d_TF_top30/work/opencv_features2d_TF_top30/working_env/faster25.swtv/core3/opencv_features2d_TF_top30/modules/features2d/src/brisk.cpp:2282:65: warning: unused parameter scale_in [-Wunused-parameter]
 2282 | BriskLayer::value(const cv::Mat& mat, float xf, float yf, float scale_in) const
      |                                                           ~~~~~~^~~~~~~~

+++++ results for brisk.MUT2929.cpp +++++
+++++ STDOUT +++++
[  0%] Built target opencv_videoio_plugins
[  0%] Built target opencv_highgui_plugins
[  0%] Built target opencv_dnn_plugins
[  1%] Built target ittnotify
[  4%] Built target ippiw
[ 21%] Built target libwebp
[ 35%] Built target IlmImf
[ 51%] Built target opencv_core
[ 51%] Built target opencv_version
[ 64%] Built target opencv_imgproc
[ 67%] Built target opencv_imgcodecs
Consolidate compiler generated dependencies of target opencv_features2d
[ 69%] Built target opencv_videoio
[ 69%] Building CXX object modules/features2d/CMakeFiles/opencv_features2d.dir/src/brisk.cpp.o
[ 70%] Built target opencv_highgui
[ 71%] Built target opencv_annotation
[ 71%] Built target opencv_visualisation
[ 72%] Built target opencv_ts
[ 73%] Built target opencv_test_highgui
[ 75%] Built target opencv_test_imgcodecs
[ 77%] Built target opencv_test_videoio
[ 84%] Built target opencv_test_core
[ 93%] Built target opencv_test_imgproc
[ 93%] Linking CXX shared library ../../lib/libopencv_features2d.so
[ 97%] Built target opencv_features2d
[ 97%] Linking CXX executable ../../bin/opencv_test_features2d
[100%] Built target opencv_test_features2d
[  0%] Built target opencv_highgui_plugins
[  1%] Built target opencv_dnn_plugins
[  1%] Built target ittnotify
[  1%] Built target opencv_videoio_plugins
[  4%] Built target ippiw
[ 21%] Built target libwebp
[ 35%] Built target IlmImf
[ 51%] Built target opencv_core
[ 51%] Built target opencv_version
[ 64%] Built target opencv_imgproc
[ 67%] Built target opencv_imgcodecs
[ 69%] Built target opencv_videoio
Consolidate compiler generated dependencies of target opencv_features2d
[ 70%] Built target opencv_highgui
[ 70%] Building CXX object modules/features2d/CMakeFiles/opencv_features2d.dir/src/brisk.cpp.o
[ 71%] Built target opencv_annotation
[ 71%] Built target opencv_visualisation
[ 72%] Built target opencv_ts
[ 73%] Built target opencv_test_highgui
[ 75%] Built target opencv_test_imgcodecs
[ 77%] Built target opencv_test_videoio
[ 84%] Built target opencv_test_core
[ 93%] Built target opencv_test_imgproc
[ 93%] Linking CXX shared library ../../lib/libopencv_features2d.so
[ 97%] Built target opencv_features2d
[ 97%] Linking CXX executable ../../bin/opencv_test_features2d
[100%] Built target opencv_test_features2d
Testing mutant brisk.MUT2929.cpp on faster25.swtv::core3
>> Building opencv_features2d_TF_top30
>> Applied patch to brisk.cpp with brisk.MUT2929.cpp
>> Building opencv_features2d_TF_top30
Mutant brisk.MUT2929.cpp is not killed (all tcs pass)
>> Reverted brisk.cpp to original from brisk.MUT2929.cpp
>> Cleaning build for opencv_features2d_TF_top30

+++++ STDERR +++++
